travis_fold:start:system_info[0K[33;1mBuild system information[0m
Build language: python
Build group: stable
Build dist: trusty
Build id: ''
Job id: ''
[34m[1mBuild image provisioning date and time[0m
Tue Dec  5 20:11:19 UTC 2017
[34m[1mOperating System Details[0m
Distributor ID:	Ubuntu
Description:	Ubuntu 14.04.5 LTS
Release:	14.04
Codename:	trusty
[34m[1mCookbooks Version[0m
7c2c6a6 https://github.com/travis-ci/travis-cookbooks/tree/7c2c6a6
[34m[1mgit version[0m
git version 2.15.1
[34m[1mbash version[0m
GNU bash, version 4.3.11(1)-release (x86_64-pc-linux-gnu)
[34m[1mgcc version[0m
gcc (Ubuntu 4.8.4-2ubuntu1~14.04.3) 4.8.4
Copyright (C) 2013 Free Software Foundation, Inc.
This is free software; see the source for copying conditions.  There is NO
warranty; not even for MERCHANTABILITY or FITNESS FOR A PARTICULAR PURPOSE.

[34m[1mdocker version[0m
Client:
 Version:      17.09.0-ce
 API version:  1.32
 Go version:   go1.8.3
 Git commit:   afdb6d4
 Built:        Tue Sep 26 22:39:28 2017
 OS/Arch:      linux/amd64
[34m[1mclang version[0m
clang version 5.0.0 (tags/RELEASE_500/final)
Target: x86_64-unknown-linux-gnu
Thread model: posix
InstalledDir: /usr/local/clang-5.0.0/bin
[34m[1mjq version[0m
jq-1.5
[34m[1mbats version[0m
Bats 0.4.0
[34m[1mshellcheck version[0m
0.4.6
[34m[1mshfmt version[0m
v2.0.0
[34m[1mccache version[0m
ccache version 3.1.9

Copyright (C) 2002-2007 Andrew Tridgell
Copyright (C) 2009-2011 Joel Rosdahl

This program is free software; you can redistribute it and/or modify it under
the terms of the GNU General Public License as published by the Free Software
Foundation; either version 3 of the License, or (at your option) any later
version.
[34m[1mcmake version[0m
cmake version 3.9.2

CMake suite maintained and supported by Kitware (kitware.com/cmake).
[34m[1mheroku version[0m
heroku-cli/6.14.39-addc925 (linux-x64) node-v9.2.0
[34m[1mimagemagick version[0m
Version: ImageMagick 6.7.7-10 2017-07-31 Q16 http://www.imagemagick.org
[34m[1mmd5deep version[0m
4.2
[34m[1mmercurial version[0m
Mercurial Distributed SCM (version 4.2.2)
(see https://mercurial-scm.org for more information)

Copyright (C) 2005-2017 Matt Mackall and others
This is free software; see the source for copying conditions. There is NO
warranty; not even for MERCHANTABILITY or FITNESS FOR A PARTICULAR PURPOSE.
[34m[1mmysql version[0m
mysql  Ver 14.14 Distrib 5.6.33, for debian-linux-gnu (x86_64) using  EditLine wrapper
[34m[1mopenssl version[0m
OpenSSL 1.0.1f 6 Jan 2014
[34m[1mpacker version[0m
Packer v1.0.2

Your version of Packer is out of date! The latest version
is 1.1.2. You can update by downloading from www.packer.io
[34m[1mpostgresql client version[0m
psql (PostgreSQL) 9.6.6
[34m[1mragel version[0m
Ragel State Machine Compiler version 6.8 Feb 2013
Copyright (c) 2001-2009 by Adrian Thurston
[34m[1msubversion version[0m
svn, version 1.8.8 (r1568071)
   compiled Aug 10 2017, 17:20:39 on x86_64-pc-linux-gnu

Copyright (C) 2013 The Apache Software Foundation.
This software consists of contributions made by many people;
see the NOTICE file for more information.
Subversion is open source software, see http://subversion.apache.org/

The following repository access (RA) modules are available:

* ra_svn : Module for accessing a repository using the svn network protocol.
  - with Cyrus SASL authentication
  - handles 'svn' scheme
* ra_local : Module for accessing a repository on local disk.
  - handles 'file' scheme
* ra_serf : Module for accessing a repository via WebDAV protocol using serf.
  - using serf 1.3.3
  - handles 'http' scheme
  - handles 'https' scheme

[34m[1msudo version[0m
Sudo version 1.8.9p5
Configure options: --prefix=/usr -v --with-all-insults --with-pam --with-fqdn --with-logging=syslog --with-logfac=authpriv --with-env-editor --with-editor=/usr/bin/editor --with-timeout=15 --with-password-timeout=0 --with-passprompt=[sudo] password for %p:  --without-lecture --with-tty-tickets --disable-root-mailer --enable-admin-flag --with-sendmail=/usr/sbin/sendmail --with-timedir=/var/lib/sudo --mandir=/usr/share/man --libexecdir=/usr/lib/sudo --with-sssd --with-sssd-lib=/usr/lib/x86_64-linux-gnu --with-selinux
Sudoers policy plugin version 1.8.9p5
Sudoers file grammar version 43

Sudoers path: /etc/sudoers
Authentication methods: 'pam'
Syslog facility if syslog is being used for logging: authpriv
Syslog priority to use when user authenticates successfully: notice
Syslog priority to use when user authenticates unsuccessfully: alert
Send mail if the user is not in sudoers
Use a separate timestamp for each user/tty combo
Lecture user the first time they run sudo
Root may run sudo
Allow some information gathering to give useful error messages
Require fully-qualified hostnames in the sudoers file
Visudo will honor the EDITOR environment variable
Set the LOGNAME and USER environment variables
Length at which to wrap log file lines (0 for no wrap): 80
Authentication timestamp timeout: 15.0 minutes
Password prompt timeout: 0.0 minutes
Number of tries to enter a password: 3
Umask to use or 0777 to use user's: 022
Path to mail program: /usr/sbin/sendmail
Flags for mail program: -t
Address to send mail to: root
Subject line for mail messages: *** SECURITY information for %h ***
Incorrect password message: Sorry, try again.
Path to authentication timestamp dir: /var/lib/sudo
Default password prompt: [sudo] password for %p: 
Default user to run commands as: root
Value to override user's $PATH with: /usr/local/sbin:/usr/local/bin:/usr/sbin:/usr/bin:/sbin:/bin:/snap/bin
Path to the editor for use by visudo: /usr/bin/editor
When to require a password for 'list' pseudocommand: any
When to require a password for 'verify' pseudocommand: all
File descriptors >= 3 will be closed before executing a command
Environment variables to check for sanity:
	TZ
	TERM
	LINGUAS
	LC_*
	LANGUAGE
	LANG
	COLORTERM
Environment variables to remove:
	RUBYOPT
	RUBYLIB
	PYTHONUSERBASE
	PYTHONINSPECT
	PYTHONPATH
	PYTHONHOME
	TMPPREFIX
	ZDOTDIR
	READNULLCMD
	NULLCMD
	FPATH
	PERL5DB
	PERL5OPT
	PERL5LIB
	PERLLIB
	PERLIO_DEBUG 
	JAVA_TOOL_OPTIONS
	SHELLOPTS
	GLOBIGNORE
	PS4
	BASH_ENV
	ENV
	TERMCAP
	TERMPATH
	TERMINFO_DIRS
	TERMINFO
	_RLD*
	LD_*
	PATH_LOCALE
	NLSPATH
	HOSTALIASES
	RES_OPTIONS
	LOCALDOMAIN
	CDPATH
	IFS
Environment variables to preserve:
	JAVA_HOME
	TRAVIS
	CI
	DEBIAN_FRONTEND
	XAUTHORIZATION
	XAUTHORITY
	PS2
	PS1
	PATH
	LS_COLORS
	KRB5CCNAME
	HOSTNAME
	HOME
	DISPLAY
	COLORS
Locale to use while parsing sudoers: C
Directory in which to store input/output logs: /var/log/sudo-io
File in which to store the input/output log: %{seq}
Add an entry to the utmp/utmpx file when allocating a pty
PAM service name to use
PAM service name to use for login shells
Create a new PAM session for the command to run in
Maximum I/O log sequence number: 0

Local IP address and netmask pairs:
	172.17.0.2/255.255.0.0

Sudoers I/O plugin version 1.8.9p5
[34m[1mgzip version[0m
gzip 1.6
Copyright (C) 2007, 2010, 2011 Free Software Foundation, Inc.
Copyright (C) 1993 Jean-loup Gailly.
This is free software.  You may redistribute copies of it under the terms of
the GNU General Public License <http://www.gnu.org/licenses/gpl.html>.
There is NO WARRANTY, to the extent permitted by law.

Written by Jean-loup Gailly.
[34m[1mzip version[0m
Copyright (c) 1990-2008 Info-ZIP - Type 'zip "-L"' for software license.
This is Zip 3.0 (July 5th 2008), by Info-ZIP.
Currently maintained by E. Gordon.  Please send bug reports to
the authors using the web page at www.info-zip.org; see README for details.

Latest sources and executables are at ftp://ftp.info-zip.org/pub/infozip,
as of above date; see http://www.info-zip.org/ for other sites.

Compiled with gcc 4.8.2 for Unix (Linux ELF) on Oct 21 2013.

Zip special compilation options:
	USE_EF_UT_TIME       (store Universal Time)
	BZIP2_SUPPORT        (bzip2 library version 1.0.6, 6-Sept-2010)
	    bzip2 code and library copyright (c) Julian R Seward
	    (See the bzip2 license for terms of use)
	SYMLINK_SUPPORT      (symbolic links supported)
	LARGE_FILE_SUPPORT   (can read and write large files on file system)
	ZIP64_SUPPORT        (use Zip64 to store large files in archives)
	UNICODE_SUPPORT      (store and read UTF-8 Unicode paths)
	STORE_UNIX_UIDs_GIDs (store UID/GID sizes/values using new extra field)
	UIDGID_NOT_16BIT     (old Unix 16-bit UID/GID extra field not used)
	[encryption, version 2.91 of 05 Jan 2007] (modified for Zip 3)

Encryption notice:
	The encryption code of this program is not copyrighted and is
	put in the public domain.  It was originally written in Europe
	and, to the best of our knowledge, can be freely distributed
	in both source and object forms from any country, including
	the USA under License Exception TSU of the U.S. Export
	Administration Regulations (section 740.13(e)) of 6 June 2002.

Zip environment options:
             ZIP:  [none]
          ZIPOPT:  [none]
[34m[1mvim version[0m
VIM - Vi IMproved 7.4 (2013 Aug 10, compiled Nov 24 2016 16:43:18)
Included patches: 1-52
Extra patches: 8.0.0056
Modified by pkg-vim-maintainers@lists.alioth.debian.org
Compiled by buildd@
Huge version without GUI.  Features included (+) or not (-):
+acl             +farsi           +mouse_netterm   +syntax
+arabic          +file_in_path    +mouse_sgr       +tag_binary
+autocmd         +find_in_path    -mouse_sysmouse  +tag_old_static
-balloon_eval    +float           +mouse_urxvt     -tag_any_white
-browse          +folding         +mouse_xterm     -tcl
++builtin_terms  -footer          +multi_byte      +terminfo
+byte_offset     +fork()          +multi_lang      +termresponse
+cindent         +gettext         -mzscheme        +textobjects
-clientserver    -hangul_input    +netbeans_intg   +title
-clipboard       +iconv           +path_extra      -toolbar
+cmdline_compl   +insert_expand   -perl            +user_commands
+cmdline_hist    +jumplist        +persistent_undo +vertsplit
+cmdline_info    +keymap          +postscript      +virtualedit
+comments        +langmap         +printer         +visual
+conceal         +libcall         +profile         +visualextra
+cryptv          +linebreak       +python          +viminfo
+cscope          +lispindent      -python3         +vreplace
+cursorbind      +listcmds        +quickfix        +wildignore
+cursorshape     +localmap        +reltime         +wildmenu
+dialog_con      -lua             +rightleft       +windows
+diff            +menu            -ruby            +writebackup
+digraphs        +mksession       +scrollbind      -X11
-dnd             +modify_fname    +signs           -xfontset
-ebcdic          +mouse           +smartindent     -xim
+emacs_tags      -mouseshape      -sniff           -xsmp
+eval            +mouse_dec       +startuptime     -xterm_clipboard
+ex_extra        +mouse_gpm       +statusline      -xterm_save
+extra_search    -mouse_jsbterm   -sun_workshop    -xpm
   system vimrc file: "$VIM/vimrc"
     user vimrc file: "$HOME/.vimrc"
 2nd user vimrc file: "~/.vim/vimrc"
      user exrc file: "$HOME/.exrc"
  fall-back for $VIM: "/usr/share/vim"
Compilation: gcc -c -I. -Iproto -DHAVE_CONFIG_H     -g -O2 -fstack-protector --param=ssp-buffer-size=4 -Wformat -Werror=format-security -U_FORTIFY_SOURCE -D_FORTIFY_SOURCE=1      
Linking: gcc   -Wl,-Bsymbolic-functions -Wl,-z,relro -Wl,--as-needed -o vim        -lm -ltinfo -lnsl  -lselinux  -lacl -lattr -lgpm -ldl    -L/usr/lib/python2.7/config-x86_64-linux-gnu -lpython2.7 -lpthread -ldl -lutil -lm -Xlinker -export-dynamic -Wl,-O1 -Wl,-Bsymbolic-functions      
[34m[1miptables version[0m
iptables v1.4.21
[34m[1mcurl version[0m
curl 7.35.0 (x86_64-pc-linux-gnu) libcurl/7.35.0 OpenSSL/1.0.1f zlib/1.2.8 libidn/1.28 librtmp/2.3
[34m[1mwget version[0m
GNU Wget 1.15 built on linux-gnu.
[34m[1mrsync version[0m
rsync  version 3.1.0  protocol version 31
[34m[1mgimme version[0m
v1.2.0
[34m[1mnvm version[0m
0.33.6
[34m[1mperlbrew version[0m
/home/travis/perl5/perlbrew/bin/perlbrew  - App::perlbrew/0.80
[34m[1mphpenv version[0m
rbenv 1.1.1-25-g6aa70b6
[34m[1mrvm version[0m
rvm 1.29.3 (latest) by Michal Papis, Piotr Kuczynski, Wayne E. Seguin [https://rvm.io]
[34m[1mdefault ruby version[0m
ruby 2.4.1p111 (2017-03-22 revision 58053) [x86_64-linux]
[34m[1mCouchDB version[0m
couchdb 1.6.1
[34m[1mElasticSearch version[0m
5.5.0
[34m[1mInstalled Firefox version[0m
firefox 56.0.2
[34m[1mMongoDB version[0m
MongoDB 3.4.10
[34m[1mPhantomJS version[0m
2.1.1
[34m[1mPre-installed PostgreSQL versions[0m
9.2.24
9.3.20
9.4.15
9.5.10
9.6.6
[34m[1mRabbitMQ Version[0m
3.6.14
[34m[1mRedis version[0m
redis-server 4.0.6
[34m[1mriak version[0m
2.2.3
[34m[1mPre-installed Go versions[0m
1.7.4
[34m[1mant version[0m
Apache Ant(TM) version 1.9.3 compiled on April 8 2014
[34m[1mmvn version[0m
Apache Maven 3.5.2 (138edd61fd100ec658bfa2d307c43b76940a5d7d; 2017-10-18T07:58:13Z)
Maven home: /usr/local/maven-3.5.2
Java version: 1.8.0_151, vendor: Oracle Corporation
Java home: /usr/lib/jvm/java-8-oracle/jre
Default locale: en_US, platform encoding: UTF-8
OS name: "linux", version: "4.4.0-101-generic", arch: "amd64", family: "unix"
[34m[1mgradle version[0m

------------------------------------------------------------
Gradle 4.0.1
------------------------------------------------------------

Build time:   2017-07-07 14:02:41 UTC
Revision:     38e5dc0f772daecca1d2681885d3d85414eb6826

Groovy:       2.4.11
Ant:          Apache Ant(TM) version 1.9.6 compiled on June 29 2015
JVM:          1.8.0_151 (Oracle Corporation 25.151-b12)
OS:           Linux 4.4.0-101-generic amd64

[34m[1mlein version[0m
Leiningen 2.8.1 on Java 1.8.0_151 Java HotSpot(TM) 64-Bit Server VM
[34m[1mPre-installed Node.js versions[0m
v4.8.6
v6.12.0
v6.12.1
v8.9
v8.9.1
[34m[1mphpenv versions[0m
  system
  5.6
* 5.6.32 (set by /home/travis/.phpenv/version)
  7.0
  7.0.25
  7.1
  7.1.11
  hhvm
  hhvm-stable
[34m[1mcomposer --version[0m
Composer version 1.5.2 2017-09-11 16:59:25
[34m[1mPre-installed Ruby versions[0m
ruby-2.2.7
ruby-2.3.4
ruby-2.4.1
travis_fold:end:system_info[0K
[33;1m3.5 is not installed; attempting download[0m
[33;1mDownloading archive: https://s3.amazonaws.com/travis-python-archives/binaries/ubuntu/14.04/x86_64/python-3.5.tar.bz2[0m
$ sudo tar xjf python-3.5.tar.bz2 --directory /
$ cd failed/getslash/slash
travis_time:start:015fb5e7[0K$ source ~/virtualenv/python3.5/bin/activate

travis_time:end:015fb5e7:start=1589759775015690713,finish=1589759775032075561,duration=16384848[0K$ python --version
Python 3.5.6
$ pip --version
pip 18.0 from /home/travis/virtualenv/python3.5.6/lib/python3.5/site-packages/pip (python 3.5)
travis_fold:start:install.1[0Ktravis_time:start:1c3b414e[0K$ pip install virtualenv==15.1.0
Collecting virtualenv==15.1.0
  Downloading https://files.pythonhosted.org/packages/6f/86/3dc328ee7b1a6419ebfac7896d882fba83c48e3561d22ddddf38294d3e83/virtualenv-15.1.0-py2.py3-none-any.whl (1.8MB)
Installing collected packages: virtualenv
  Found existing installation: virtualenv 16.0.0
    Uninstalling virtualenv-16.0.0:
      Successfully uninstalled virtualenv-16.0.0
Successfully installed virtualenv-15.1.0

travis_time:end:1c3b414e:start=1589759775445770677,finish=1589759776611586713,duration=1165816036[0Ktravis_fold:end:install.1[0Ktravis_fold:start:install.2[0Ktravis_time:start:00ade338[0K$ pip install codecov==2.0.10
Collecting codecov==2.0.10
  Downloading https://files.pythonhosted.org/packages/e0/5d/3ebba3f5b994fe6af69638bef91980dfbd7b8e4d16c7c5ebee4e7c2ee138/codecov-2.0.10-py2.py3-none-any.whl
Collecting coverage (from codecov==2.0.10)
  Downloading https://files.pythonhosted.org/packages/f6/33/10fd30e91f5daf9b0712dff47031e7ba29537e104585aef2a3f4b59665ea/coverage-5.1-cp35-cp35m-manylinux1_x86_64.whl (227kB)
Collecting requests>=2.7.9 (from codecov==2.0.10)
  Downloading https://files.pythonhosted.org/packages/1a/70/1935c770cb3be6e3a8b78ced23d7e0f3b187f5cbfab4749523ed65d7c9b1/requests-2.23.0-py2.py3-none-any.whl (58kB)
Collecting urllib3!=1.25.0,!=1.25.1,<1.26,>=1.21.1 (from requests>=2.7.9->codecov==2.0.10)
  Downloading https://files.pythonhosted.org/packages/e1/e5/df302e8017440f111c11cc41a6b432838672f5a70aa29227bf58149dc72f/urllib3-1.25.9-py2.py3-none-any.whl (126kB)
Collecting chardet<4,>=3.0.2 (from requests>=2.7.9->codecov==2.0.10)
  Downloading https://files.pythonhosted.org/packages/bc/a9/01ffebfb562e4274b6487b4bb1ddec7ca55ec7510b22e4c51f14098443b8/chardet-3.0.4-py2.py3-none-any.whl (133kB)
Requirement already satisfied: certifi>=2017.4.17 in /home/travis/virtualenv/python3.5.6/lib/python3.5/site-packages (from requests>=2.7.9->codecov==2.0.10) (2018.4.16)
Collecting idna<3,>=2.5 (from requests>=2.7.9->codecov==2.0.10)
  Downloading https://files.pythonhosted.org/packages/89/e3/afebe61c546d18fb1709a61bee788254b40e736cff7271c7de5de2dc4128/idna-2.9-py2.py3-none-any.whl (58kB)
Installing collected packages: coverage, urllib3, chardet, idna, requests, codecov
Successfully installed chardet-3.0.4 codecov-2.0.10 coverage-5.1 idna-2.9 requests-2.23.0 urllib3-1.25.9

travis_time:end:00ade338:start=1589759776622765106,finish=1589759779082144984,duration=2459379878[0Ktravis_fold:end:install.2[0Ktravis_time:start:0530b8c0[0K$ make env
python -m virtualenv .env
Using real prefix '/opt/python/3.5.6'
New python executable in /home/travis/build/failed/getslash/slash/.env/bin/python
Installing setuptools, pip, wheel...done.
.env/bin/pip install -e .[testing] -r doc/pip_requirements.txt
Obtaining file:///home/travis/build/failed/getslash/slash
Obtaining file:///home/travis/build/failed/getslash/slash (from -r doc/pip_requirements.txt (line 2))
Collecting releases
  Downloading releases-1.6.3-py2.py3-none-any.whl (22 kB)
Collecting alabaster
  Downloading alabaster-0.7.12-py2.py3-none-any.whl (14 kB)
Collecting Sphinx>1.4
  Downloading Sphinx-3.0.3-py3-none-any.whl (2.8 MB)
Collecting arrow
  Downloading arrow-0.15.6-py2.py3-none-any.whl (47 kB)
Collecting colorama
  Downloading colorama-0.4.3-py2.py3-none-any.whl (15 kB)
Collecting confetti>=2.4.1
  Downloading confetti-2.5.3.tar.gz (6.5 kB)
Collecting dessert>=1.3.1
  Downloading dessert-1.4.0.tar.gz (33 kB)
Collecting emport>=1.1.3
  Downloading emport-1.3.1.tar.gz (5.3 kB)
Collecting gossip>=2.2.0
  Downloading gossip-2.4.0.tar.gz (64 kB)
Collecting Jinja2
  Downloading Jinja2-2.11.2-py2.py3-none-any.whl (125 kB)
Collecting Logbook>=1.1.0
  Downloading Logbook-1.5.3.tar.gz (85 kB)
Collecting orderedset>=2.0.0
  Downloading orderedset-2.0.3.tar.gz (101 kB)
Collecting requests>=1.1.0
  Using cached requests-2.23.0-py2.py3-none-any.whl (58 kB)
Collecting SQLAlchemy
  Downloading SQLAlchemy-1.3.17-cp35-cp35m-manylinux2010_x86_64.whl (1.2 MB)
Collecting tmuxp
  Downloading tmuxp-1.5.4.tar.gz (71 kB)
Collecting raven
  Downloading raven-6.10.0-py2.py3-none-any.whl (284 kB)
Collecting py>=1.5.0
  Downloading py-1.8.1-py2.py3-none-any.whl (83 kB)
Collecting pyparsing
  Downloading pyparsing-2.4.7-py2.py3-none-any.whl (67 kB)
Collecting vintage>=0.4.0
  Downloading vintage-0.4.1.tar.gz (3.9 kB)
Collecting IPython
  Downloading ipython-7.9.0-py3-none-any.whl (775 kB)
Collecting coverage
  Using cached coverage-5.1-cp35-cp35m-manylinux1_x86_64.whl (227 kB)
Collecting coveralls
  Downloading coveralls-2.0.0-py2.py3-none-any.whl (12 kB)
Collecting munch
  Downloading munch-2.5.0-py2.py3-none-any.whl (10 kB)
Collecting pytest
  Downloading pytest-5.4.2-py3-none-any.whl (247 kB)
Collecting pytest-catchlog
  Downloading pytest_catchlog-1.2.2-py2.py3-none-any.whl (10 kB)
Collecting pytest-cov
  Downloading pytest_cov-2.8.1-py2.py3-none-any.whl (18 kB)
Collecting pytest-timeout
  Downloading pytest_timeout-1.3.4-py2.py3-none-any.whl (10 kB)
Collecting pyforge
  Downloading pyforge-1.3.0.tar.gz (20 kB)
Collecting pylint>=1.7
  Downloading pylint-2.5.2-py3-none-any.whl (324 kB)
Collecting semantic-version<2.7
  Downloading semantic_version-2.6.0-py3-none-any.whl (14 kB)
Collecting packaging
  Downloading packaging-20.3-py2.py3-none-any.whl (37 kB)
Collecting sphinxcontrib-htmlhelp
  Downloading sphinxcontrib_htmlhelp-1.0.3-py2.py3-none-any.whl (96 kB)
Collecting sphinxcontrib-applehelp
  Downloading sphinxcontrib_applehelp-1.0.2-py2.py3-none-any.whl (121 kB)
Collecting sphinxcontrib-serializinghtml
  Downloading sphinxcontrib_serializinghtml-1.1.4-py2.py3-none-any.whl (89 kB)
Collecting docutils>=0.12
  Downloading docutils-0.16-py2.py3-none-any.whl (548 kB)
Collecting snowballstemmer>=1.1
  Downloading snowballstemmer-2.0.0-py2.py3-none-any.whl (97 kB)
Requirement already satisfied: setuptools in ./.env/lib/python3.5/site-packages (from Sphinx>1.4->-r doc/pip_requirements.txt (line 5)) (46.4.0)
Collecting sphinxcontrib-jsmath
  Downloading sphinxcontrib_jsmath-1.0.1-py2.py3-none-any.whl (5.1 kB)
Collecting Pygments>=2.0
  Downloading Pygments-2.6.1-py3-none-any.whl (914 kB)
Collecting sphinxcontrib-qthelp
  Downloading sphinxcontrib_qthelp-1.0.3-py2.py3-none-any.whl (90 kB)
Collecting babel>=1.3
  Downloading Babel-2.8.0-py2.py3-none-any.whl (8.6 MB)
Collecting imagesize
  Downloading imagesize-1.2.0-py2.py3-none-any.whl (4.8 kB)
Collecting sphinxcontrib-devhelp
  Downloading sphinxcontrib_devhelp-1.0.2-py2.py3-none-any.whl (84 kB)
Collecting python-dateutil
  Downloading python_dateutil-2.8.1-py2.py3-none-any.whl (227 kB)
Collecting sentinels>=0.0.5
  Downloading sentinels-1.0.0.tar.gz (4.1 kB)
Collecting six
  Downloading six-1.14.0-py2.py3-none-any.whl (10 kB)
Collecting atomicwrites>=1.0
  Downloading atomicwrites-1.4.0-py2.py3-none-any.whl (6.8 kB)
Collecting MarkupSafe>=0.23
  Downloading MarkupSafe-1.1.1-cp35-cp35m-manylinux1_x86_64.whl (27 kB)
Collecting idna<3,>=2.5
  Using cached idna-2.9-py2.py3-none-any.whl (58 kB)
Collecting chardet<4,>=3.0.2
  Using cached chardet-3.0.4-py2.py3-none-any.whl (133 kB)
Collecting urllib3!=1.25.0,!=1.25.1,<1.26,>=1.21.1
  Using cached urllib3-1.25.9-py2.py3-none-any.whl (126 kB)
Collecting certifi>=2017.4.17
  Downloading certifi-2020.4.5.1-py2.py3-none-any.whl (157 kB)
Collecting kaptan>=0.5.10
  Downloading kaptan-0.5.12.tar.gz (10 kB)
Collecting libtmux>=0.8<0.9
  Downloading libtmux-0.8.2.tar.gz (37 kB)
Collecting click>=7<8
  Downloading click-7.1.2-py2.py3-none-any.whl (82 kB)
Collecting pickleshare
  Downloading pickleshare-0.7.5-py2.py3-none-any.whl (6.9 kB)
Collecting decorator
  Downloading decorator-4.4.2-py2.py3-none-any.whl (9.2 kB)
Collecting jedi>=0.10
  Downloading jedi-0.17.0-py2.py3-none-any.whl (1.1 MB)
Collecting backcall
  Downloading backcall-0.1.0.tar.gz (9.7 kB)
Collecting prompt-toolkit<2.1.0,>=2.0.0
  Downloading prompt_toolkit-2.0.10-py3-none-any.whl (340 kB)
Collecting pexpect; sys_platform != "win32"
  Downloading pexpect-4.8.0-py2.py3-none-any.whl (59 kB)
Collecting traitlets>=4.2
  Downloading traitlets-4.3.3-py2.py3-none-any.whl (75 kB)
Collecting docopt>=0.6.1
  Downloading docopt-0.6.2.tar.gz (25 kB)
Collecting more-itertools>=4.0.0
  Downloading more_itertools-8.3.0-py3-none-any.whl (44 kB)
Collecting attrs>=17.4.0
  Downloading attrs-19.3.0-py2.py3-none-any.whl (39 kB)
Collecting pathlib2>=2.2.0; python_version < "3.6"
  Downloading pathlib2-2.3.5-py2.py3-none-any.whl (18 kB)
Collecting importlib-metadata>=0.12; python_version < "3.8"
  Downloading importlib_metadata-1.6.0-py2.py3-none-any.whl (30 kB)
Collecting pluggy<1.0,>=0.12
  Downloading pluggy-0.13.1-py2.py3-none-any.whl (18 kB)
Collecting wcwidth
  Downloading wcwidth-0.1.9-py2.py3-none-any.whl (19 kB)
Collecting astroid<=2.5,>=2.4.0
  Downloading astroid-2.4.1-py3-none-any.whl (214 kB)
Collecting isort<5,>=4.2.5
  Downloading isort-4.3.21-py2.py3-none-any.whl (42 kB)
Collecting mccabe<0.7,>=0.6
  Downloading mccabe-0.6.1-py2.py3-none-any.whl (8.6 kB)
Collecting toml>=0.7.1
  Downloading toml-0.10.1-py2.py3-none-any.whl (19 kB)
Collecting pytz>=2015.7
  Downloading pytz-2020.1-py2.py3-none-any.whl (510 kB)
Collecting PyYAML<6,>=3.13
  Downloading PyYAML-5.3.1.tar.gz (269 kB)
Collecting parso>=0.7.0
  Downloading parso-0.7.0-py2.py3-none-any.whl (100 kB)
Collecting ptyprocess>=0.5
  Downloading ptyprocess-0.6.0-py2.py3-none-any.whl (39 kB)
Collecting ipython-genutils
  Downloading ipython_genutils-0.2.0-py2.py3-none-any.whl (26 kB)
Collecting zipp>=0.5
  Downloading zipp-1.2.0-py2.py3-none-any.whl (4.8 kB)
Collecting lazy-object-proxy==1.4.*
  Downloading lazy_object_proxy-1.4.3-cp35-cp35m-manylinux1_x86_64.whl (55 kB)
Collecting typed-ast<1.5,>=1.4.0; implementation_name == "cpython" and python_version < "3.8"
  Downloading typed_ast-1.4.1-cp35-cp35m-manylinux1_x86_64.whl (737 kB)
Collecting wrapt~=1.11
  Downloading wrapt-1.12.1.tar.gz (27 kB)
Building wheels for collected packages: confetti, dessert, emport, gossip, Logbook, orderedset, tmuxp, vintage, pyforge, sentinels, kaptan, libtmux, backcall, docopt, PyYAML, wrapt
  Building wheel for confetti (setup.py): started
  Building wheel for confetti (setup.py): finished with status 'done'
  Created wheel for confetti: filename=confetti-2.5.3-py3-none-any.whl size=7195 sha256=83f3dbbeb3979e247a808ccfff16489ee7e51a5d64c531de8134ea5d2cb3e489
  Stored in directory: /home/travis/.cache/pip/wheels/c2/83/12/94c38beac392040cf33f8f9f85b4f4790d47cb57c38e8badf1
  Building wheel for dessert (setup.py): started
  Building wheel for dessert (setup.py): finished with status 'done'
  Created wheel for dessert: filename=dessert-1.4.0-py3-none-any.whl size=22533 sha256=d8904da4d834c052fe662ec5610c3c7940389b14d1b55cd25c65a944d12749df
  Stored in directory: /home/travis/.cache/pip/wheels/4a/e7/3c/520aaef5a6ecce64abc3c67d9f006800c80fcb487d649e5026
  Building wheel for emport (setup.py): started
  Building wheel for emport (setup.py): finished with status 'done'
  Created wheel for emport: filename=emport-1.3.1-py3-none-any.whl size=2951 sha256=341255aa2bcba70c87e57a59a031eb3786ec07f60424d5023bea005c7d5ff47d
  Stored in directory: /home/travis/.cache/pip/wheels/6b/fe/a4/1143bef605d816eefeaac66a74314e58818f64ec3d0fb8536f
  Building wheel for gossip (setup.py): started
  Building wheel for gossip (setup.py): finished with status 'done'
  Created wheel for gossip: filename=gossip-2.4.0-py3-none-any.whl size=14828 sha256=de98a88bea90732f22bf61c4fc3d6e5af84ee2f3660d7ea74381cc939960d160
  Stored in directory: /home/travis/.cache/pip/wheels/cc/e4/d6/d5092aa964cdcabfb35062591303dc4a54896617ff46f845c3
  Building wheel for Logbook (setup.py): started
  Building wheel for Logbook (setup.py): finished with status 'done'
  Created wheel for Logbook: filename=Logbook-1.5.3-cp35-cp35m-linux_x86_64.whl size=66384 sha256=2fb3386446cfebc0c7058398fb4e355fcee1d54fcba96bb8e2e0162ff9c7a355
  Stored in directory: /home/travis/.cache/pip/wheels/c1/e7/ba/2f058e795252d37a0833a55df093cc967a20fc30fd226529d4
  Building wheel for orderedset (setup.py): started
  Building wheel for orderedset (setup.py): finished with status 'done'
  Created wheel for orderedset: filename=orderedset-2.0.3-cp35-cp35m-linux_x86_64.whl size=270056 sha256=420eaa9fbeb3b3a59b6f2cd30c97d59acdfa9bffe4a759446329e6d225f8aa2e
  Stored in directory: /home/travis/.cache/pip/wheels/fe/9a/9d/7f149dd9b76e6cc911f97add03d9eaba1733f24795e606d453
  Building wheel for tmuxp (setup.py): started
  Building wheel for tmuxp (setup.py): finished with status 'done'
  Created wheel for tmuxp: filename=tmuxp-1.5.4-py3-none-any.whl size=25029 sha256=6ce71393300454ed9ff96b420a26de0afee10e23e8038bb6cb4ffd5a377f22a8
  Stored in directory: /home/travis/.cache/pip/wheels/3d/94/65/8ca83bd70ee942dd10aab77625036faffdb0406980ed3a85a3
  Building wheel for vintage (setup.py): started
  Building wheel for vintage (setup.py): finished with status 'done'
  Created wheel for vintage: filename=vintage-0.4.1-py3-none-any.whl size=2831 sha256=dad146fdd01269a5753bcdf64c45744431bebd76aa3983a439774ec080c84cff
  Stored in directory: /home/travis/.cache/pip/wheels/f9/b5/c8/da15ac7b054e05cd8204dc9b8fbe8b7f0921337a2c5ff14bb1
  Building wheel for pyforge (setup.py): started
  Building wheel for pyforge (setup.py): finished with status 'done'
  Created wheel for pyforge: filename=pyforge-1.3.0-py3-none-any.whl size=23215 sha256=685910890202d1c9d292b98b78c58714f6ad8ba684705955a7529ea322787cc7
  Stored in directory: /home/travis/.cache/pip/wheels/6b/32/b6/2348695d72f40c18ce51c5d19e22827914c23d405a8020fcf1
  Building wheel for sentinels (setup.py): started
  Building wheel for sentinels (setup.py): finished with status 'done'
  Created wheel for sentinels: filename=sentinels-1.0.0-py3-none-any.whl size=3186 sha256=9d0a9abf1b196db415c64aaa9568ec6caf4443ef028a563bb13b2590b0212670
  Stored in directory: /home/travis/.cache/pip/wheels/0b/d5/77/49fb1d1a6209f97f0bb762f0350403d5f69da8e453aa6bbd12
  Building wheel for kaptan (setup.py): started
  Building wheel for kaptan (setup.py): finished with status 'done'
  Created wheel for kaptan: filename=kaptan-0.5.12-py3-none-any.whl size=10974 sha256=954efd884bd0fad9852af2a7dfdb98ebe518479ac967f10b4337bc265b459bf7
  Stored in directory: /home/travis/.cache/pip/wheels/ac/5e/c9/9b154d2beec5fcce55aede5cc1d3b7256d153f9d8a8a41c32c
  Building wheel for libtmux (setup.py): started
  Building wheel for libtmux (setup.py): finished with status 'done'
  Created wheel for libtmux: filename=libtmux-0.8.2-py3-none-any.whl size=29352 sha256=56653915b3ace6b4ff7a36010f7b56b7e4bbd173ec013f6a2cb18870c9021778
  Stored in directory: /home/travis/.cache/pip/wheels/e0/8f/15/547ce29ef529ffa43fc16f0f8371f98e1a483d066148caa412
  Building wheel for backcall (setup.py): started
  Building wheel for backcall (setup.py): finished with status 'done'
  Created wheel for backcall: filename=backcall-0.1.0-py3-none-any.whl size=10413 sha256=0f2753f6727dd0b70178463a2de891da8fe0d573b05e631fe9a4e5a3e53e08d3
  Stored in directory: /home/travis/.cache/pip/wheels/cb/6f/5c/9b66a87adeb46fed2babb14407bae1271f5e41b6b34b642411
  Building wheel for docopt (setup.py): started
  Building wheel for docopt (setup.py): finished with status 'done'
  Created wheel for docopt: filename=docopt-0.6.2-py2.py3-none-any.whl size=13704 sha256=cb4b8dc97b3862e46d9f945a2aa28fdaedb3e54ff69a158571819e8907cc9340
  Stored in directory: /home/travis/.cache/pip/wheels/63/74/c4/1e4f0884a7ba7c26baa4a841240a507953dcfe7de606522571
  Building wheel for PyYAML (setup.py): started
  Building wheel for PyYAML (setup.py): finished with status 'done'
  Created wheel for PyYAML: filename=PyYAML-5.3.1-cp35-cp35m-linux_x86_64.whl size=418065 sha256=7d03a3b2ea0b964505745b94ce8c70fc9c48a128e6d30fd61dc781f96cdf50ef
  Stored in directory: /home/travis/.cache/pip/wheels/57/d0/2c/e2003abb5bc1a94c2e8a6fe1c03b8055d074e34c13672e7eb7
  Building wheel for wrapt (setup.py): started
  Building wheel for wrapt (setup.py): finished with status 'done'
  Created wheel for wrapt: filename=wrapt-1.12.1-cp35-cp35m-linux_x86_64.whl size=66636 sha256=0b6c42e6950e1b969511b3cf199e930a557e070c87dd83f1bf0346f75194b235
  Stored in directory: /home/travis/.cache/pip/wheels/b8/2d/88/2fb764a7404287819251978fbfe4cacf9b4d8a1d41fce5dd97
Successfully built confetti dessert emport gossip Logbook orderedset tmuxp vintage pyforge sentinels kaptan libtmux backcall docopt PyYAML wrapt
Installing collected packages: pyparsing, six, packaging, MarkupSafe, Jinja2, idna, chardet, urllib3, certifi, requests, sphinxcontrib-htmlhelp, sphinxcontrib-applehelp, sphinxcontrib-serializinghtml, docutils, snowballstemmer, sphinxcontrib-jsmath, alabaster, Pygments, sphinxcontrib-qthelp, pytz, babel, imagesize, sphinxcontrib-devhelp, Sphinx, semantic-version, releases, python-dateutil, arrow, colorama, sentinels, confetti, munch, py, atomicwrites, dessert, Logbook, emport, vintage, gossip, orderedset, SQLAlchemy, PyYAML, kaptan, libtmux, click, tmuxp, raven, pickleshare, decorator, parso, jedi, backcall, wcwidth, prompt-toolkit, ptyprocess, pexpect, ipython-genutils, traitlets, IPython, coverage, docopt, coveralls, more-itertools, attrs, pathlib2, zipp, importlib-metadata, pluggy, pytest, pytest-catchlog, pytest-cov, pytest-timeout, pyforge, lazy-object-proxy, typed-ast, wrapt, astroid, isort, mccabe, toml, pylint, slash
  Running setup.py develop for slash
Successfully installed IPython-7.9.0 Jinja2-2.11.2 Logbook-1.5.3 MarkupSafe-1.1.1 PyYAML-5.3.1 Pygments-2.6.1 SQLAlchemy-1.3.17 Sphinx-3.0.3 alabaster-0.7.12 arrow-0.15.6 astroid-2.4.1 atomicwrites-1.4.0 attrs-19.3.0 babel-2.8.0 backcall-0.1.0 certifi-2020.4.5.1 chardet-3.0.4 click-7.1.2 colorama-0.4.3 confetti-2.5.3 coverage-5.1 coveralls-2.0.0 decorator-4.4.2 dessert-1.4.0 docopt-0.6.2 docutils-0.16 emport-1.3.1 gossip-2.4.0 idna-2.9 imagesize-1.2.0 importlib-metadata-1.6.0 ipython-genutils-0.2.0 isort-4.3.21 jedi-0.17.0 kaptan-0.5.12 lazy-object-proxy-1.4.3 libtmux-0.8.2 mccabe-0.6.1 more-itertools-8.3.0 munch-2.5.0 orderedset-2.0.3 packaging-20.3 parso-0.7.0 pathlib2-2.3.5 pexpect-4.8.0 pickleshare-0.7.5 pluggy-0.13.1 prompt-toolkit-2.0.10 ptyprocess-0.6.0 py-1.8.1 pyforge-1.3.0 pylint-2.5.2 pyparsing-2.4.7 pytest-5.4.2 pytest-catchlog-1.2.2 pytest-cov-2.8.1 pytest-timeout-1.3.4 python-dateutil-2.8.1 pytz-2020.1 raven-6.10.0 releases-1.6.3 requests-2.23.0 semantic-version-2.6.0 sentinels-1.0.0 six-1.14.0 slash snowballstemmer-2.0.0 sphinxcontrib-applehelp-1.0.2 sphinxcontrib-devhelp-1.0.2 sphinxcontrib-htmlhelp-1.0.3 sphinxcontrib-jsmath-1.0.1 sphinxcontrib-qthelp-1.0.3 sphinxcontrib-serializinghtml-1.1.4 tmuxp-1.5.4 toml-0.10.1 traitlets-4.3.3 typed-ast-1.4.1 urllib3-1.25.9 vintage-0.4.1 wcwidth-0.1.9 wrapt-1.12.1 zipp-1.2.0
touch .env/.up-to-date

travis_time:end:0530b8c0:start=1589759779094012469,finish=1589759858844923974,duration=79750911505[0K
[32;1mThe command "make env" exited with 0.[0m
travis_time:start:023efe64[0K$ make test
.env/bin/py.test --cov=slash --cov-report=html tests
============================= test session starts ==============================
platform linux -- Python 3.5.6, pytest-5.4.2, py-1.8.1, pluggy-0.13.1
rootdir: /home/travis/build/failed/getslash/slash, inifile: pytest.ini
plugins: catchlog-1.2.2, cov-2.8.1, timeout-1.3.4
collected 1514 items

tests/test_add_error.py ........................                         [  1%]
tests/test_app_context.py ..                                             [  1%]
tests/test_assertions.py .....................                           [  3%]
tests/test_autouse_fixtures.py ....................                      [  4%]
tests/test_cleanup_manager.py .....                                      [  4%]
tests/test_cleanups.py ................................................. [  7%]
..................                                                       [  9%]
tests/test_cli_environment.py ..............                             [ 10%]
tests/test_cli_utils.py ......                                           [ 10%]
tests/test_color_strings.py ........                                     [ 11%]
tests/test_console_log_truncation.py ..                                  [ 11%]
tests/test_console_reporter.py ........................                  [ 12%]
tests/test_context.py ........................                           [ 14%]
tests/test_coverage_plugin.py .......                                    [ 14%]
tests/test_cyclic_fixture_detection.py ........                          [ 15%]
tests/test_debugging.py ....                                             [ 15%]
tests/test_doctests.py .........................                         [ 17%]
tests/test_error_object.py .............                                 [ 18%]
tests/test_error_object_stack_trace.py ........                          [ 18%]
tests/test_exception_attributes.py ..                                    [ 18%]
tests/test_exception_handling.py .........s......................        [ 20%]
tests/test_exception_marks.py ...                                        [ 21%]
tests/test_ext_hook.py ...                                               [ 21%]
tests/test_factory_information.py ............                           [ 22%]
tests/test_facts.py ....                                                 [ 22%]
tests/test_failures.py .................                                 [ 23%]
tests/test_fixture_annotations.py ................................       [ 25%]
tests/test_fixture_exceptions.py ................                        [ 26%]
tests/test_fixture_exclusion.py .....                                    [ 26%]
tests/test_fixture_features.py ............                              [ 27%]
tests/test_fixture_mechanism.py .....................................    [ 30%]
tests/test_fixture_namespaces.py ..                                      [ 30%]
tests/test_fixture_resolution.py ...                                     [ 30%]
tests/test_fixture_scoping.py ......                                     [ 30%]
tests/test_fixture_start_end_test.py ........                            [ 31%]
tests/test_fixture_string_representation.py ....                         [ 31%]
tests/test_fixture_test_addresses.py ....                                [ 31%]
tests/test_fixtures.py ................................................. [ 35%]
                                                                         [ 35%]
tests/test_formatter.py ..........                                       [ 35%]
tests/test_function_marker.py .........                                  [ 36%]
tests/test_generator_fixture.py ........                                 [ 36%]
tests/test_global_storage.py .                                           [ 37%]
tests/test_globals.py .....                                              [ 37%]
tests/test_hook_calling.py ............................................. [ 40%]
..                                                                       [ 40%]
tests/test_hook_errors.py .....                                          [ 40%]
tests/test_hooks.py .....                                                [ 41%]
tests/test_id_space.py .                                                 [ 41%]
tests/test_interactive.py ....                                           [ 41%]
tests/test_interruptions.py ........................                     [ 43%]
tests/test_invalid_test_detection.py ....                                [ 43%]
tests/test_iteration.py ........                                         [ 43%]
tests/test_list_config.py ..                                             [ 43%]
tests/test_list_plugins.py ..                                            [ 44%]
tests/test_loader.py .........................                           [ 45%]
tests/test_local_config.py ...                                           [ 45%]
tests/test_logging.py .................................................. [ 49%]
.....................                                                    [ 50%]
tests/test_nofixtures.py ..                                              [ 50%]
tests/test_object_marker.py ............................................ [ 53%]
......................                                                   [ 55%]
tests/test_parallel.py ..................................                [ 57%]
tests/test_parametrization_ordering.py ..                                [ 57%]
tests/test_pattern_matching.py .......                                   [ 57%]
tests/test_plugin_activation.py ...................                      [ 59%]
tests/test_plugin_commandline.py ..                                      [ 59%]
tests/test_plugin_config.py .                                            [ 59%]
tests/test_plugin_dependency.py ................                         [ 60%]
tests/test_plugin_discovery.py .                                         [ 60%]
tests/test_plugin_errors.py ...                                          [ 60%]
tests/test_plugins.py .................                                  [ 61%]
tests/test_preliminary_errors.py ...                                     [ 62%]
tests/test_project_customization.py ....................                 [ 63%]
tests/test_python_utils.py .                                             [ 63%]
tests/test_repeat.py .........F........                                  [ 64%]
tests/test_reporters.py ......                                           [ 65%]
tests/test_requirements.py ............................................. [ 68%]
................................................                         [ 71%]
tests/test_result.py ............................................        [ 74%]
tests/test_result_details.py ............                                [ 74%]
tests/test_retained_logs_handler.py ..                                   [ 75%]
tests/test_running.py .................................................. [ 78%]
.........                                                                [ 78%]
tests/test_running_ad_hoc_tests.py ..                                    [ 79%]
tests/test_scope_manager.py ..                                           [ 79%]
tests/test_scoped_cleanups.py ......                                     [ 79%]
tests/test_site_customization.py ......                                  [ 79%]
tests/test_skips.py .......                                              [ 80%]
tests/test_slash_list.py ......................                          [ 81%]
tests/test_slash_resume.py .........                                     [ 82%]
tests/test_slash_run.py .................                                [ 83%]
tests/test_suite_files.py ................................               [ 85%]
tests/test_suite_writer.py ...                                           [ 85%]
tests/test_suite_writer_factories.py .                                   [ 85%]
tests/test_suite_writer_fixtures.py ....                                 [ 86%]
tests/test_suite_writer_negative.py ..                                   [ 86%]
tests/test_suite_writer_running.py ....                                  [ 86%]
tests/test_tagging.py .............................................      [ 89%]
tests/test_terminal_writer_wrapper.py ...                                [ 89%]
tests/test_test.py ......                                                [ 90%]
tests/test_test_loading.py ....                                          [ 90%]
tests/test_test_metadata.py ................................             [ 92%]
tests/test_test_parameters.py ............                               [ 93%]
tests/test_traceback_utils.py .......                                    [ 93%]
tests/test_unified_session_log.py ............                           [ 94%]
tests/test_ut_utils.py ....                                              [ 94%]
tests/test_utils.py ..                                                   [ 95%]
tests/test_variation_info.py .........                                   [ 95%]
tests/test_warning_capture.py .....                                      [ 95%]
tests/test_warnings.py ..........                                        [ 96%]
tests/test_xunit_plugin.py ............................................. [ 99%]
                                                                         [ 99%]
tests/test_yield_fixture.py ......                                       [100%]

=================================== FAILURES ===================================
____________________________ test_repeat_all_global ____________________________

suite = <tests.utils.suite_writer.suite.Suite object at 0x152713bf28d0>
config_override = <function config_override.<locals>._override at 0x1527135feea0>

    def test_repeat_all_global(suite, config_override):
        num_repetitions = 5
        config_override('run.repeat_all', num_repetitions)
        for index, test in enumerate(suite):
            test.append_line('slash.context.result.data["index"]={}'.format(index))
    
        for test in suite:
            test.expect_repetition(num_repetitions)
    
        summary = suite.run()
    
        indices = [res.data['index'] for res in summary.session.results.iter_test_results()]
>       assert indices == [x for x in range(len(suite)) for _ in range(num_repetitions)]
E       assert [0, 1, 2, 3, 4, 5, ...] == [0, 0, 0, 0, 0, 1, ...]
E         At index 1 diff: 1 != 0
E         Use -v to get the full diff

tests/test_repeat.py:41: AssertionError
----------------------------- Captured stderr call -----------------------------
[2020-05-18 00:03:20.196917] DEBUG: slash.loader: Checking /tmp/tmp0opofhbr/test_08531.py
[2020-05-18 00:03:20.201510] TRACE: emport: Creating new package for /tmp/tmp0opofhbr/test_08531.py
[2020-05-18 00:03:20.201726] TRACE: emport: After split: /tmp/tmp0opofhbr, test_08531
[2020-05-18 00:03:20.220668] TRACE: slash.core.cleanup_manager: CleanupManager: pushing scope 'session-global'
[2020-05-18 00:03:20.226373] NOTICE: slash.runner: #1: /tmp/tmp0opofhbr/test_08531.py:Test08532.test_08533
[2020-05-18 00:03:20.226867] DEBUG: slash.runner: Started test #1: <Runnable test </tmp/tmp0opofhbr/test_08531.py:Test08532.test_08533>>
[2020-05-18 00:03:20.234895] TRACE: slash.core.scope_manager: Pushed scope session
[2020-05-18 00:03:20.235039] TRACE: slash.core.cleanup_manager: CleanupManager: pushing scope 'session'
[2020-05-18 00:03:20.235151] TRACE: slash.core.scope_manager: Pushed scope module
[2020-05-18 00:03:20.235285] TRACE: slash.core.cleanup_manager: CleanupManager: pushing scope 'module'
[2020-05-18 00:03:20.235384] TRACE: slash.core.scope_manager: Pushed scope test
[2020-05-18 00:03:20.235473] TRACE: slash.core.cleanup_manager: CleanupManager: pushing scope 'test'
[2020-05-18 00:03:20.247693] TRACE: slash.core.scope_manager: Popping scope test (expected test)
[2020-05-18 00:03:20.247882] TRACE: slash.core.cleanup_manager: CleanupManager: popping scope 'test' (failure: False, interrupt: False)
[2020-05-18 00:03:20.247992] TRACE: slash.core.cleanup_manager: Calling cleanups of scope 'test' (failure=False, interrupt=False)
[2020-05-18 00:03:20.252551] TRACE: slash.core.scope_manager: Popped scope test
[2020-05-18 00:03:20.257119] NOTICE: slash.runner: #2: /tmp/tmp0opofhbr/test_08531.py:test_08534
[2020-05-18 00:03:20.257605] DEBUG: slash.runner: Started test #2: <Runnable test </tmp/tmp0opofhbr/test_08531.py:test_08534>>
[2020-05-18 00:03:20.266909] TRACE: slash.core.scope_manager: Pushed scope test
[2020-05-18 00:03:20.267092] TRACE: slash.core.cleanup_manager: CleanupManager: pushing scope 'test'
[2020-05-18 00:03:20.272792] TRACE: slash.core.scope_manager: Popping scope test (expected test)
[2020-05-18 00:03:20.272953] TRACE: slash.core.cleanup_manager: CleanupManager: popping scope 'test' (failure: False, interrupt: False)
[2020-05-18 00:03:20.273062] TRACE: slash.core.cleanup_manager: Calling cleanups of scope 'test' (failure=False, interrupt=False)
[2020-05-18 00:03:20.277643] TRACE: slash.core.scope_manager: Popped scope test
[2020-05-18 00:03:20.282034] NOTICE: slash.runner: #3: /tmp/tmp0opofhbr/test_08531.py:Test08532.test_08535
[2020-05-18 00:03:20.282533] DEBUG: slash.runner: Started test #3: <Runnable test </tmp/tmp0opofhbr/test_08531.py:Test08532.test_08535>>
[2020-05-18 00:03:20.290477] TRACE: slash.core.scope_manager: Pushed scope test
[2020-05-18 00:03:20.290616] TRACE: slash.core.cleanup_manager: CleanupManager: pushing scope 'test'
[2020-05-18 00:03:20.302739] TRACE: slash.core.scope_manager: Popping scope test (expected test)
[2020-05-18 00:03:20.302895] TRACE: slash.core.cleanup_manager: CleanupManager: popping scope 'test' (failure: False, interrupt: False)
[2020-05-18 00:03:20.303001] TRACE: slash.core.cleanup_manager: Calling cleanups of scope 'test' (failure=False, interrupt=False)
[2020-05-18 00:03:20.307456] TRACE: slash.core.scope_manager: Popped scope test
[2020-05-18 00:03:20.311882] NOTICE: slash.runner: #4: /tmp/tmp0opofhbr/test_08531.py:test_08536
[2020-05-18 00:03:20.312356] DEBUG: slash.runner: Started test #4: <Runnable test </tmp/tmp0opofhbr/test_08531.py:test_08536>>
[2020-05-18 00:03:20.321847] TRACE: slash.core.scope_manager: Pushed scope test
[2020-05-18 00:03:20.322014] TRACE: slash.core.cleanup_manager: CleanupManager: pushing scope 'test'
[2020-05-18 00:03:20.326019] TRACE: slash.core.scope_manager: Popping scope test (expected test)
[2020-05-18 00:03:20.326165] TRACE: slash.core.cleanup_manager: CleanupManager: popping scope 'test' (failure: False, interrupt: False)
[2020-05-18 00:03:20.326270] TRACE: slash.core.cleanup_manager: Calling cleanups of scope 'test' (failure=False, interrupt=False)
[2020-05-18 00:03:20.330781] TRACE: slash.core.scope_manager: Popped scope test
[2020-05-18 00:03:20.335218] NOTICE: slash.runner: #5: /tmp/tmp0opofhbr/test_08531.py:Test08532.test_08537
[2020-05-18 00:03:20.335691] DEBUG: slash.runner: Started test #5: <Runnable test </tmp/tmp0opofhbr/test_08531.py:Test08532.test_08537>>
[2020-05-18 00:03:20.343800] TRACE: slash.core.scope_manager: Pushed scope test
[2020-05-18 00:03:20.343945] TRACE: slash.core.cleanup_manager: CleanupManager: pushing scope 'test'
[2020-05-18 00:03:20.356050] TRACE: slash.core.scope_manager: Popping scope test (expected test)
[2020-05-18 00:03:20.356211] TRACE: slash.core.cleanup_manager: CleanupManager: popping scope 'test' (failure: False, interrupt: False)
[2020-05-18 00:03:20.356316] TRACE: slash.core.cleanup_manager: Calling cleanups of scope 'test' (failure=False, interrupt=False)
[2020-05-18 00:03:20.360622] TRACE: slash.core.scope_manager: Popped scope test
[2020-05-18 00:03:20.365159] NOTICE: slash.runner: #6: /tmp/tmp0opofhbr/test_08531.py:test_08538
[2020-05-18 00:03:20.365630] DEBUG: slash.runner: Started test #6: <Runnable test </tmp/tmp0opofhbr/test_08531.py:test_08538>>
[2020-05-18 00:03:20.373491] TRACE: slash.core.scope_manager: Pushed scope test
[2020-05-18 00:03:20.373634] TRACE: slash.core.cleanup_manager: CleanupManager: pushing scope 'test'
[2020-05-18 00:03:20.377625] TRACE: slash.core.scope_manager: Popping scope test (expected test)
[2020-05-18 00:03:20.377773] TRACE: slash.core.cleanup_manager: CleanupManager: popping scope 'test' (failure: False, interrupt: False)
[2020-05-18 00:03:20.377877] TRACE: slash.core.cleanup_manager: Calling cleanups of scope 'test' (failure=False, interrupt=False)
[2020-05-18 00:03:20.382397] TRACE: slash.core.scope_manager: Popped scope test
[2020-05-18 00:03:20.386806] NOTICE: slash.runner: #7: /tmp/tmp0opofhbr/test_08531.py:Test08539.test_08540
[2020-05-18 00:03:20.387278] DEBUG: slash.runner: Started test #7: <Runnable test </tmp/tmp0opofhbr/test_08531.py:Test08539.test_08540>>
[2020-05-18 00:03:20.395303] TRACE: slash.core.scope_manager: Pushed scope test
[2020-05-18 00:03:20.395442] TRACE: slash.core.cleanup_manager: CleanupManager: pushing scope 'test'
[2020-05-18 00:03:20.407534] TRACE: slash.core.scope_manager: Popping scope test (expected test)
[2020-05-18 00:03:20.407690] TRACE: slash.core.cleanup_manager: CleanupManager: popping scope 'test' (failure: False, interrupt: False)
[2020-05-18 00:03:20.407796] TRACE: slash.core.cleanup_manager: Calling cleanups of scope 'test' (failure=False, interrupt=False)
[2020-05-18 00:03:20.412109] TRACE: slash.core.scope_manager: Popped scope test
[2020-05-18 00:03:20.416887] NOTICE: slash.runner: #8: /tmp/tmp0opofhbr/test_08531.py:test_08541
[2020-05-18 00:03:20.417361] DEBUG: slash.runner: Started test #8: <Runnable test </tmp/tmp0opofhbr/test_08531.py:test_08541>>
[2020-05-18 00:03:20.426270] TRACE: slash.core.scope_manager: Pushed scope test
[2020-05-18 00:03:20.426467] TRACE: slash.core.cleanup_manager: CleanupManager: pushing scope 'test'
[2020-05-18 00:03:20.430481] TRACE: slash.core.scope_manager: Popping scope test (expected test)
[2020-05-18 00:03:20.430629] TRACE: slash.core.cleanup_manager: CleanupManager: popping scope 'test' (failure: False, interrupt: False)
[2020-05-18 00:03:20.430733] TRACE: slash.core.cleanup_manager: Calling cleanups of scope 'test' (failure=False, interrupt=False)
[2020-05-18 00:03:20.435214] TRACE: slash.core.scope_manager: Popped scope test
[2020-05-18 00:03:20.439586] NOTICE: slash.runner: #9: /tmp/tmp0opofhbr/test_08531.py:Test08539.test_08542
[2020-05-18 00:03:20.440056] DEBUG: slash.runner: Started test #9: <Runnable test </tmp/tmp0opofhbr/test_08531.py:Test08539.test_08542>>
[2020-05-18 00:03:20.448067] TRACE: slash.core.scope_manager: Pushed scope test
[2020-05-18 00:03:20.448205] TRACE: slash.core.cleanup_manager: CleanupManager: pushing scope 'test'
[2020-05-18 00:03:20.460289] TRACE: slash.core.scope_manager: Popping scope test (expected test)
[2020-05-18 00:03:20.460443] TRACE: slash.core.cleanup_manager: CleanupManager: popping scope 'test' (failure: False, interrupt: False)
[2020-05-18 00:03:20.460560] TRACE: slash.core.cleanup_manager: Calling cleanups of scope 'test' (failure=False, interrupt=False)
[2020-05-18 00:03:20.464932] TRACE: slash.core.scope_manager: Popped scope test
[2020-05-18 00:03:20.469607] NOTICE: slash.runner: #10: /tmp/tmp0opofhbr/test_08531.py:test_08543
[2020-05-18 00:03:20.470071] DEBUG: slash.runner: Started test #10: <Runnable test </tmp/tmp0opofhbr/test_08531.py:test_08543>>
[2020-05-18 00:03:20.477951] TRACE: slash.core.scope_manager: Pushed scope test
[2020-05-18 00:03:20.478090] TRACE: slash.core.cleanup_manager: CleanupManager: pushing scope 'test'
[2020-05-18 00:03:20.482138] TRACE: slash.core.scope_manager: Popping scope test (expected test)
[2020-05-18 00:03:20.482285] TRACE: slash.core.cleanup_manager: CleanupManager: popping scope 'test' (failure: False, interrupt: False)
[2020-05-18 00:03:20.482396] TRACE: slash.core.cleanup_manager: Calling cleanups of scope 'test' (failure=False, interrupt=False)
[2020-05-18 00:03:20.486884] TRACE: slash.core.scope_manager: Popped scope test
[2020-05-18 00:03:20.491378] NOTICE: slash.runner: #11: /tmp/tmp0opofhbr/test_08531.py:Test08532.test_08533
[2020-05-18 00:03:20.491844] DEBUG: slash.runner: Started test #11: <Runnable test </tmp/tmp0opofhbr/test_08531.py:Test08532.test_08533>>
[2020-05-18 00:03:20.499515] TRACE: slash.core.scope_manager: Pushed scope test
[2020-05-18 00:03:20.499628] TRACE: slash.core.cleanup_manager: CleanupManager: pushing scope 'test'
[2020-05-18 00:03:20.508978] TRACE: slash.core.scope_manager: Popping scope test (expected test)
[2020-05-18 00:03:20.509102] TRACE: slash.core.cleanup_manager: CleanupManager: popping scope 'test' (failure: False, interrupt: False)
[2020-05-18 00:03:20.509183] TRACE: slash.core.cleanup_manager: Calling cleanups of scope 'test' (failure=False, interrupt=False)
[2020-05-18 00:03:20.512595] TRACE: slash.core.scope_manager: Popped scope test
[2020-05-18 00:03:20.517240] NOTICE: slash.runner: #12: /tmp/tmp0opofhbr/test_08531.py:test_08534
[2020-05-18 00:03:20.517721] DEBUG: slash.runner: Started test #12: <Runnable test </tmp/tmp0opofhbr/test_08531.py:test_08534>>
[2020-05-18 00:03:20.526723] TRACE: slash.core.scope_manager: Pushed scope test
[2020-05-18 00:03:20.526880] TRACE: slash.core.cleanup_manager: CleanupManager: pushing scope 'test'
[2020-05-18 00:03:20.529965] TRACE: slash.core.scope_manager: Popping scope test (expected test)
[2020-05-18 00:03:20.530084] TRACE: slash.core.cleanup_manager: CleanupManager: popping scope 'test' (failure: False, interrupt: False)
[2020-05-18 00:03:20.530164] TRACE: slash.core.cleanup_manager: Calling cleanups of scope 'test' (failure=False, interrupt=False)
[2020-05-18 00:03:20.533602] TRACE: slash.core.scope_manager: Popped scope test
[2020-05-18 00:03:20.537095] NOTICE: slash.runner: #13: /tmp/tmp0opofhbr/test_08531.py:Test08532.test_08535
[2020-05-18 00:03:20.537474] DEBUG: slash.runner: Started test #13: <Runnable test </tmp/tmp0opofhbr/test_08531.py:Test08532.test_08535>>
[2020-05-18 00:03:20.543505] TRACE: slash.core.scope_manager: Pushed scope test
[2020-05-18 00:03:20.543616] TRACE: slash.core.cleanup_manager: CleanupManager: pushing scope 'test'
[2020-05-18 00:03:20.553043] TRACE: slash.core.scope_manager: Popping scope test (expected test)
[2020-05-18 00:03:20.553167] TRACE: slash.core.cleanup_manager: CleanupManager: popping scope 'test' (failure: False, interrupt: False)
[2020-05-18 00:03:20.553249] TRACE: slash.core.cleanup_manager: Calling cleanups of scope 'test' (failure=False, interrupt=False)
[2020-05-18 00:03:20.556546] TRACE: slash.core.scope_manager: Popped scope test
[2020-05-18 00:03:20.560082] NOTICE: slash.runner: #14: /tmp/tmp0opofhbr/test_08531.py:test_08536
[2020-05-18 00:03:20.560456] DEBUG: slash.runner: Started test #14: <Runnable test </tmp/tmp0opofhbr/test_08531.py:test_08536>>
[2020-05-18 00:03:20.566491] TRACE: slash.core.scope_manager: Pushed scope test
[2020-05-18 00:03:20.566602] TRACE: slash.core.cleanup_manager: CleanupManager: pushing scope 'test'
[2020-05-18 00:03:20.569681] TRACE: slash.core.scope_manager: Popping scope test (expected test)
[2020-05-18 00:03:20.569798] TRACE: slash.core.cleanup_manager: CleanupManager: popping scope 'test' (failure: False, interrupt: False)
[2020-05-18 00:03:20.569878] TRACE: slash.core.cleanup_manager: Calling cleanups of scope 'test' (failure=False, interrupt=False)
[2020-05-18 00:03:20.573333] TRACE: slash.core.scope_manager: Popped scope test
[2020-05-18 00:03:20.576868] NOTICE: slash.runner: #15: /tmp/tmp0opofhbr/test_08531.py:Test08532.test_08537
[2020-05-18 00:03:20.577244] DEBUG: slash.runner: Started test #15: <Runnable test </tmp/tmp0opofhbr/test_08531.py:Test08532.test_08537>>
[2020-05-18 00:03:20.583573] TRACE: slash.core.scope_manager: Pushed scope test
[2020-05-18 00:03:20.583683] TRACE: slash.core.cleanup_manager: CleanupManager: pushing scope 'test'
[2020-05-18 00:03:20.593017] TRACE: slash.core.scope_manager: Popping scope test (expected test)
[2020-05-18 00:03:20.593139] TRACE: slash.core.cleanup_manager: CleanupManager: popping scope 'test' (failure: False, interrupt: False)
[2020-05-18 00:03:20.593220] TRACE: slash.core.cleanup_manager: Calling cleanups of scope 'test' (failure=False, interrupt=False)
[2020-05-18 00:03:20.597726] TRACE: slash.core.scope_manager: Popped scope test
[2020-05-18 00:03:20.601183] NOTICE: slash.runner: #16: /tmp/tmp0opofhbr/test_08531.py:test_08538
[2020-05-18 00:03:20.601555] DEBUG: slash.runner: Started test #16: <Runnable test </tmp/tmp0opofhbr/test_08531.py:test_08538>>
[2020-05-18 00:03:20.607818] TRACE: slash.core.scope_manager: Pushed scope test
[2020-05-18 00:03:20.607935] TRACE: slash.core.cleanup_manager: CleanupManager: pushing scope 'test'
[2020-05-18 00:03:20.611066] TRACE: slash.core.scope_manager: Popping scope test (expected test)
[2020-05-18 00:03:20.611189] TRACE: slash.core.cleanup_manager: CleanupManager: popping scope 'test' (failure: False, interrupt: False)
[2020-05-18 00:03:20.611275] TRACE: slash.core.cleanup_manager: Calling cleanups of scope 'test' (failure=False, interrupt=False)
[2020-05-18 00:03:20.614842] TRACE: slash.core.scope_manager: Popped scope test
[2020-05-18 00:03:20.618267] NOTICE: slash.runner: #17: /tmp/tmp0opofhbr/test_08531.py:Test08539.test_08540
[2020-05-18 00:03:20.618687] DEBUG: slash.runner: Started test #17: <Runnable test </tmp/tmp0opofhbr/test_08531.py:Test08539.test_08540>>
[2020-05-18 00:03:20.624999] TRACE: slash.core.scope_manager: Pushed scope test
[2020-05-18 00:03:20.625111] TRACE: slash.core.cleanup_manager: CleanupManager: pushing scope 'test'
[2020-05-18 00:03:20.634372] TRACE: slash.core.scope_manager: Popping scope test (expected test)
[2020-05-18 00:03:20.634499] TRACE: slash.core.cleanup_manager: CleanupManager: popping scope 'test' (failure: False, interrupt: False)
[2020-05-18 00:03:20.634582] TRACE: slash.core.cleanup_manager: Calling cleanups of scope 'test' (failure=False, interrupt=False)
[2020-05-18 00:03:20.637893] TRACE: slash.core.scope_manager: Popped scope test
[2020-05-18 00:03:20.641517] NOTICE: slash.runner: #18: /tmp/tmp0opofhbr/test_08531.py:test_08541
[2020-05-18 00:03:20.641890] DEBUG: slash.runner: Started test #18: <Runnable test </tmp/tmp0opofhbr/test_08531.py:test_08541>>
[2020-05-18 00:03:20.647960] TRACE: slash.core.scope_manager: Pushed scope test
[2020-05-18 00:03:20.648072] TRACE: slash.core.cleanup_manager: CleanupManager: pushing scope 'test'
[2020-05-18 00:03:20.651151] TRACE: slash.core.scope_manager: Popping scope test (expected test)
[2020-05-18 00:03:20.651268] TRACE: slash.core.cleanup_manager: CleanupManager: popping scope 'test' (failure: False, interrupt: False)
[2020-05-18 00:03:20.651347] TRACE: slash.core.cleanup_manager: Calling cleanups of scope 'test' (failure=False, interrupt=False)
[2020-05-18 00:03:20.654768] TRACE: slash.core.scope_manager: Popped scope test
[2020-05-18 00:03:20.658254] NOTICE: slash.runner: #19: /tmp/tmp0opofhbr/test_08531.py:Test08539.test_08542
[2020-05-18 00:03:20.658644] DEBUG: slash.runner: Started test #19: <Runnable test </tmp/tmp0opofhbr/test_08531.py:Test08539.test_08542>>
[2020-05-18 00:03:20.664954] TRACE: slash.core.scope_manager: Pushed scope test
[2020-05-18 00:03:20.665068] TRACE: slash.core.cleanup_manager: CleanupManager: pushing scope 'test'
[2020-05-18 00:03:20.675989] TRACE: slash.core.scope_manager: Popping scope test (expected test)
[2020-05-18 00:03:20.676153] TRACE: slash.core.cleanup_manager: CleanupManager: popping scope 'test' (failure: False, interrupt: False)
[2020-05-18 00:03:20.676236] TRACE: slash.core.cleanup_manager: Calling cleanups of scope 'test' (failure=False, interrupt=False)
[2020-05-18 00:03:20.679574] TRACE: slash.core.scope_manager: Popped scope test
[2020-05-18 00:03:20.683058] NOTICE: slash.runner: #20: /tmp/tmp0opofhbr/test_08531.py:test_08543
[2020-05-18 00:03:20.683463] DEBUG: slash.runner: Started test #20: <Runnable test </tmp/tmp0opofhbr/test_08531.py:test_08543>>
[2020-05-18 00:03:20.689854] TRACE: slash.core.scope_manager: Pushed scope test
[2020-05-18 00:03:20.689971] TRACE: slash.core.cleanup_manager: CleanupManager: pushing scope 'test'
[2020-05-18 00:03:20.693052] TRACE: slash.core.scope_manager: Popping scope test (expected test)
[2020-05-18 00:03:20.693170] TRACE: slash.core.cleanup_manager: CleanupManager: popping scope 'test' (failure: False, interrupt: False)
[2020-05-18 00:03:20.693250] TRACE: slash.core.cleanup_manager: Calling cleanups of scope 'test' (failure=False, interrupt=False)
[2020-05-18 00:03:20.696771] TRACE: slash.core.scope_manager: Popped scope test
[2020-05-18 00:03:20.700243] NOTICE: slash.runner: #21: /tmp/tmp0opofhbr/test_08531.py:Test08532.test_08533
[2020-05-18 00:03:20.700622] DEBUG: slash.runner: Started test #21: <Runnable test </tmp/tmp0opofhbr/test_08531.py:Test08532.test_08533>>
[2020-05-18 00:03:20.706740] TRACE: slash.core.scope_manager: Pushed scope test
[2020-05-18 00:03:20.706854] TRACE: slash.core.cleanup_manager: CleanupManager: pushing scope 'test'
[2020-05-18 00:03:20.716188] TRACE: slash.core.scope_manager: Popping scope test (expected test)
[2020-05-18 00:03:20.716317] TRACE: slash.core.cleanup_manager: CleanupManager: popping scope 'test' (failure: False, interrupt: False)
[2020-05-18 00:03:20.716398] TRACE: slash.core.cleanup_manager: Calling cleanups of scope 'test' (failure=False, interrupt=False)
[2020-05-18 00:03:20.719759] TRACE: slash.core.scope_manager: Popped scope test
[2020-05-18 00:03:20.723374] NOTICE: slash.runner: #22: /tmp/tmp0opofhbr/test_08531.py:test_08534
[2020-05-18 00:03:20.723769] DEBUG: slash.runner: Started test #22: <Runnable test </tmp/tmp0opofhbr/test_08531.py:test_08534>>
[2020-05-18 00:03:20.729819] TRACE: slash.core.scope_manager: Pushed scope test
[2020-05-18 00:03:20.729936] TRACE: slash.core.cleanup_manager: CleanupManager: pushing scope 'test'
[2020-05-18 00:03:20.733052] TRACE: slash.core.scope_manager: Popping scope test (expected test)
[2020-05-18 00:03:20.733173] TRACE: slash.core.cleanup_manager: CleanupManager: popping scope 'test' (failure: False, interrupt: False)
[2020-05-18 00:03:20.733254] TRACE: slash.core.cleanup_manager: Calling cleanups of scope 'test' (failure=False, interrupt=False)
[2020-05-18 00:03:20.736692] TRACE: slash.core.scope_manager: Popped scope test
[2020-05-18 00:03:20.740208] NOTICE: slash.runner: #23: /tmp/tmp0opofhbr/test_08531.py:Test08532.test_08535
[2020-05-18 00:03:20.740594] DEBUG: slash.runner: Started test #23: <Runnable test </tmp/tmp0opofhbr/test_08531.py:Test08532.test_08535>>
[2020-05-18 00:03:20.746633] TRACE: slash.core.scope_manager: Pushed scope test
[2020-05-18 00:03:20.746744] TRACE: slash.core.cleanup_manager: CleanupManager: pushing scope 'test'
[2020-05-18 00:03:20.757601] TRACE: slash.core.scope_manager: Popping scope test (expected test)
[2020-05-18 00:03:20.757728] TRACE: slash.core.cleanup_manager: CleanupManager: popping scope 'test' (failure: False, interrupt: False)
[2020-05-18 00:03:20.757809] TRACE: slash.core.cleanup_manager: Calling cleanups of scope 'test' (failure=False, interrupt=False)
[2020-05-18 00:03:20.761124] TRACE: slash.core.scope_manager: Popped scope test
[2020-05-18 00:03:20.765150] NOTICE: slash.runner: #24: /tmp/tmp0opofhbr/test_08531.py:test_08536
[2020-05-18 00:03:20.765670] DEBUG: slash.runner: Started test #24: <Runnable test </tmp/tmp0opofhbr/test_08531.py:test_08536>>
[2020-05-18 00:03:20.774427] TRACE: slash.core.scope_manager: Pushed scope test
[2020-05-18 00:03:20.774554] TRACE: slash.core.cleanup_manager: CleanupManager: pushing scope 'test'
[2020-05-18 00:03:20.777833] TRACE: slash.core.scope_manager: Popping scope test (expected test)
[2020-05-18 00:03:20.777956] TRACE: slash.core.cleanup_manager: CleanupManager: popping scope 'test' (failure: False, interrupt: False)
[2020-05-18 00:03:20.778041] TRACE: slash.core.cleanup_manager: Calling cleanups of scope 'test' (failure=False, interrupt=False)
[2020-05-18 00:03:20.781689] TRACE: slash.core.scope_manager: Popped scope test
[2020-05-18 00:03:20.785334] NOTICE: slash.runner: #25: /tmp/tmp0opofhbr/test_08531.py:Test08532.test_08537
[2020-05-18 00:03:20.785728] DEBUG: slash.runner: Started test #25: <Runnable test </tmp/tmp0opofhbr/test_08531.py:Test08532.test_08537>>
[2020-05-18 00:03:20.792318] TRACE: slash.core.scope_manager: Pushed scope test
[2020-05-18 00:03:20.792432] TRACE: slash.core.cleanup_manager: CleanupManager: pushing scope 'test'
[2020-05-18 00:03:20.802080] TRACE: slash.core.scope_manager: Popping scope test (expected test)
[2020-05-18 00:03:20.802213] TRACE: slash.core.cleanup_manager: CleanupManager: popping scope 'test' (failure: False, interrupt: False)
[2020-05-18 00:03:20.802299] TRACE: slash.core.cleanup_manager: Calling cleanups of scope 'test' (failure=False, interrupt=False)
[2020-05-18 00:03:20.805828] TRACE: slash.core.scope_manager: Popped scope test
[2020-05-18 00:03:20.809439] NOTICE: slash.runner: #26: /tmp/tmp0opofhbr/test_08531.py:test_08538
[2020-05-18 00:03:20.809832] DEBUG: slash.runner: Started test #26: <Runnable test </tmp/tmp0opofhbr/test_08531.py:test_08538>>
[2020-05-18 00:03:20.816436] TRACE: slash.core.scope_manager: Pushed scope test
[2020-05-18 00:03:20.816555] TRACE: slash.core.cleanup_manager: CleanupManager: pushing scope 'test'
[2020-05-18 00:03:20.819809] TRACE: slash.core.scope_manager: Popping scope test (expected test)
[2020-05-18 00:03:20.819932] TRACE: slash.core.cleanup_manager: CleanupManager: popping scope 'test' (failure: False, interrupt: False)
[2020-05-18 00:03:20.820016] TRACE: slash.core.cleanup_manager: Calling cleanups of scope 'test' (failure=False, interrupt=False)
[2020-05-18 00:03:20.823669] TRACE: slash.core.scope_manager: Popped scope test
[2020-05-18 00:03:20.827310] NOTICE: slash.runner: #27: /tmp/tmp0opofhbr/test_08531.py:Test08539.test_08540
[2020-05-18 00:03:20.827686] DEBUG: slash.runner: Started test #27: <Runnable test </tmp/tmp0opofhbr/test_08531.py:Test08539.test_08540>>
[2020-05-18 00:03:20.834066] TRACE: slash.core.scope_manager: Pushed scope test
[2020-05-18 00:03:20.834176] TRACE: slash.core.cleanup_manager: CleanupManager: pushing scope 'test'
[2020-05-18 00:03:20.844785] TRACE: slash.core.scope_manager: Popping scope test (expected test)
[2020-05-18 00:03:20.844928] TRACE: slash.core.cleanup_manager: CleanupManager: popping scope 'test' (failure: False, interrupt: False)
[2020-05-18 00:03:20.845010] TRACE: slash.core.cleanup_manager: Calling cleanups of scope 'test' (failure=False, interrupt=False)
[2020-05-18 00:03:20.848423] TRACE: slash.core.scope_manager: Popped scope test
[2020-05-18 00:03:20.851767] NOTICE: slash.runner: #28: /tmp/tmp0opofhbr/test_08531.py:test_08541
[2020-05-18 00:03:20.852111] DEBUG: slash.runner: Started test #28: <Runnable test </tmp/tmp0opofhbr/test_08531.py:test_08541>>
[2020-05-18 00:03:20.858591] TRACE: slash.core.scope_manager: Pushed scope test
[2020-05-18 00:03:20.858712] TRACE: slash.core.cleanup_manager: CleanupManager: pushing scope 'test'
[2020-05-18 00:03:20.861967] TRACE: slash.core.scope_manager: Popping scope test (expected test)
[2020-05-18 00:03:20.862090] TRACE: slash.core.cleanup_manager: CleanupManager: popping scope 'test' (failure: False, interrupt: False)
[2020-05-18 00:03:20.862184] TRACE: slash.core.cleanup_manager: Calling cleanups of scope 'test' (failure=False, interrupt=False)
[2020-05-18 00:03:20.865807] TRACE: slash.core.scope_manager: Popped scope test
[2020-05-18 00:03:20.869436] NOTICE: slash.runner: #29: /tmp/tmp0opofhbr/test_08531.py:Test08539.test_08542
[2020-05-18 00:03:20.869804] DEBUG: slash.runner: Started test #29: <Runnable test </tmp/tmp0opofhbr/test_08531.py:Test08539.test_08542>>
[2020-05-18 00:03:20.876235] TRACE: slash.core.scope_manager: Pushed scope test
[2020-05-18 00:03:20.876352] TRACE: slash.core.cleanup_manager: CleanupManager: pushing scope 'test'
[2020-05-18 00:03:20.886164] TRACE: slash.core.scope_manager: Popping scope test (expected test)
[2020-05-18 00:03:20.886294] TRACE: slash.core.cleanup_manager: CleanupManager: popping scope 'test' (failure: False, interrupt: False)
[2020-05-18 00:03:20.886386] TRACE: slash.core.cleanup_manager: Calling cleanups of scope 'test' (failure=False, interrupt=False)
[2020-05-18 00:03:20.889880] TRACE: slash.core.scope_manager: Popped scope test
[2020-05-18 00:03:20.893600] NOTICE: slash.runner: #30: /tmp/tmp0opofhbr/test_08531.py:test_08543
[2020-05-18 00:03:20.893969] DEBUG: slash.runner: Started test #30: <Runnable test </tmp/tmp0opofhbr/test_08531.py:test_08543>>
[2020-05-18 00:03:20.900210] TRACE: slash.core.scope_manager: Pushed scope test
[2020-05-18 00:03:20.900321] TRACE: slash.core.cleanup_manager: CleanupManager: pushing scope 'test'
[2020-05-18 00:03:20.903453] TRACE: slash.core.scope_manager: Popping scope test (expected test)
[2020-05-18 00:03:20.903575] TRACE: slash.core.cleanup_manager: CleanupManager: popping scope 'test' (failure: False, interrupt: False)
[2020-05-18 00:03:20.903670] TRACE: slash.core.cleanup_manager: Calling cleanups of scope 'test' (failure=False, interrupt=False)
[2020-05-18 00:03:20.907192] TRACE: slash.core.scope_manager: Popped scope test
[2020-05-18 00:03:20.910646] NOTICE: slash.runner: #31: /tmp/tmp0opofhbr/test_08531.py:Test08532.test_08533
[2020-05-18 00:03:20.911013] DEBUG: slash.runner: Started test #31: <Runnable test </tmp/tmp0opofhbr/test_08531.py:Test08532.test_08533>>
[2020-05-18 00:03:20.917157] TRACE: slash.core.scope_manager: Pushed scope test
[2020-05-18 00:03:20.917267] TRACE: slash.core.cleanup_manager: CleanupManager: pushing scope 'test'
[2020-05-18 00:03:20.927934] TRACE: slash.core.scope_manager: Popping scope test (expected test)
[2020-05-18 00:03:20.928071] TRACE: slash.core.cleanup_manager: CleanupManager: popping scope 'test' (failure: False, interrupt: False)
[2020-05-18 00:03:20.928152] TRACE: slash.core.cleanup_manager: Calling cleanups of scope 'test' (failure=False, interrupt=False)
[2020-05-18 00:03:20.931466] TRACE: slash.core.scope_manager: Popped scope test
[2020-05-18 00:03:20.934857] NOTICE: slash.runner: #32: /tmp/tmp0opofhbr/test_08531.py:test_08534
[2020-05-18 00:03:20.935219] DEBUG: slash.runner: Started test #32: <Runnable test </tmp/tmp0opofhbr/test_08531.py:test_08534>>
[2020-05-18 00:03:20.941506] TRACE: slash.core.scope_manager: Pushed scope test
[2020-05-18 00:03:20.941620] TRACE: slash.core.cleanup_manager: CleanupManager: pushing scope 'test'
[2020-05-18 00:03:20.944812] TRACE: slash.core.scope_manager: Popping scope test (expected test)
[2020-05-18 00:03:20.944937] TRACE: slash.core.cleanup_manager: CleanupManager: popping scope 'test' (failure: False, interrupt: False)
[2020-05-18 00:03:20.945023] TRACE: slash.core.cleanup_manager: Calling cleanups of scope 'test' (failure=False, interrupt=False)
[2020-05-18 00:03:20.948602] TRACE: slash.core.scope_manager: Popped scope test
[2020-05-18 00:03:20.952092] NOTICE: slash.runner: #33: /tmp/tmp0opofhbr/test_08531.py:Test08532.test_08535
[2020-05-18 00:03:20.952451] DEBUG: slash.runner: Started test #33: <Runnable test </tmp/tmp0opofhbr/test_08531.py:Test08532.test_08535>>
[2020-05-18 00:03:20.958855] TRACE: slash.core.scope_manager: Pushed scope test
[2020-05-18 00:03:20.958974] TRACE: slash.core.cleanup_manager: CleanupManager: pushing scope 'test'
[2020-05-18 00:03:20.968459] TRACE: slash.core.scope_manager: Popping scope test (expected test)
[2020-05-18 00:03:20.968581] TRACE: slash.core.cleanup_manager: CleanupManager: popping scope 'test' (failure: False, interrupt: False)
[2020-05-18 00:03:20.968661] TRACE: slash.core.cleanup_manager: Calling cleanups of scope 'test' (failure=False, interrupt=False)
[2020-05-18 00:03:20.972060] TRACE: slash.core.scope_manager: Popped scope test
[2020-05-18 00:03:20.975595] NOTICE: slash.runner: #34: /tmp/tmp0opofhbr/test_08531.py:test_08536
[2020-05-18 00:03:20.975984] DEBUG: slash.runner: Started test #34: <Runnable test </tmp/tmp0opofhbr/test_08531.py:test_08536>>
[2020-05-18 00:03:20.982477] TRACE: slash.core.scope_manager: Pushed scope test
[2020-05-18 00:03:20.982599] TRACE: slash.core.cleanup_manager: CleanupManager: pushing scope 'test'
[2020-05-18 00:03:20.985734] TRACE: slash.core.scope_manager: Popping scope test (expected test)
[2020-05-18 00:03:20.985849] TRACE: slash.core.cleanup_manager: CleanupManager: popping scope 'test' (failure: False, interrupt: False)
[2020-05-18 00:03:20.985930] TRACE: slash.core.cleanup_manager: Calling cleanups of scope 'test' (failure=False, interrupt=False)
[2020-05-18 00:03:20.989587] TRACE: slash.core.scope_manager: Popped scope test
[2020-05-18 00:03:20.993150] NOTICE: slash.runner: #35: /tmp/tmp0opofhbr/test_08531.py:Test08532.test_08537
[2020-05-18 00:03:20.993515] DEBUG: slash.runner: Started test #35: <Runnable test </tmp/tmp0opofhbr/test_08531.py:Test08532.test_08537>>
[2020-05-18 00:03:20.999854] TRACE: slash.core.scope_manager: Pushed scope test
[2020-05-18 00:03:20.999963] TRACE: slash.core.cleanup_manager: CleanupManager: pushing scope 'test'
[2020-05-18 00:03:21.010698] TRACE: slash.core.scope_manager: Popping scope test (expected test)
[2020-05-18 00:03:21.010855] TRACE: slash.core.cleanup_manager: CleanupManager: popping scope 'test' (failure: False, interrupt: False)
[2020-05-18 00:03:21.010943] TRACE: slash.core.cleanup_manager: Calling cleanups of scope 'test' (failure=False, interrupt=False)
[2020-05-18 00:03:21.014757] TRACE: slash.core.scope_manager: Popped scope test
[2020-05-18 00:03:21.019700] NOTICE: slash.runner: #36: /tmp/tmp0opofhbr/test_08531.py:test_08538
[2020-05-18 00:03:21.020206] DEBUG: slash.runner: Started test #36: <Runnable test </tmp/tmp0opofhbr/test_08531.py:test_08538>>
[2020-05-18 00:03:21.027576] TRACE: slash.core.scope_manager: Pushed scope test
[2020-05-18 00:03:21.027706] TRACE: slash.core.cleanup_manager: CleanupManager: pushing scope 'test'
[2020-05-18 00:03:21.031014] TRACE: slash.core.scope_manager: Popping scope test (expected test)
[2020-05-18 00:03:21.031138] TRACE: slash.core.cleanup_manager: CleanupManager: popping scope 'test' (failure: False, interrupt: False)
[2020-05-18 00:03:21.031224] TRACE: slash.core.cleanup_manager: Calling cleanups of scope 'test' (failure=False, interrupt=False)
[2020-05-18 00:03:21.034920] TRACE: slash.core.scope_manager: Popped scope test
[2020-05-18 00:03:21.038631] NOTICE: slash.runner: #37: /tmp/tmp0opofhbr/test_08531.py:Test08539.test_08540
[2020-05-18 00:03:21.039029] DEBUG: slash.runner: Started test #37: <Runnable test </tmp/tmp0opofhbr/test_08531.py:Test08539.test_08540>>
[2020-05-18 00:03:21.045209] TRACE: slash.core.scope_manager: Pushed scope test
[2020-05-18 00:03:21.045322] TRACE: slash.core.cleanup_manager: CleanupManager: pushing scope 'test'
[2020-05-18 00:03:21.054868] TRACE: slash.core.scope_manager: Popping scope test (expected test)
[2020-05-18 00:03:21.055002] TRACE: slash.core.cleanup_manager: CleanupManager: popping scope 'test' (failure: False, interrupt: False)
[2020-05-18 00:03:21.055092] TRACE: slash.core.cleanup_manager: Calling cleanups of scope 'test' (failure=False, interrupt=False)
[2020-05-18 00:03:21.058595] TRACE: slash.core.scope_manager: Popped scope test
[2020-05-18 00:03:21.062418] NOTICE: slash.runner: #38: /tmp/tmp0opofhbr/test_08531.py:test_08541
[2020-05-18 00:03:21.062825] DEBUG: slash.runner: Started test #38: <Runnable test </tmp/tmp0opofhbr/test_08531.py:test_08541>>
[2020-05-18 00:03:21.069174] TRACE: slash.core.scope_manager: Pushed scope test
[2020-05-18 00:03:21.069300] TRACE: slash.core.cleanup_manager: CleanupManager: pushing scope 'test'
[2020-05-18 00:03:21.072500] TRACE: slash.core.scope_manager: Popping scope test (expected test)
[2020-05-18 00:03:21.072615] TRACE: slash.core.cleanup_manager: CleanupManager: popping scope 'test' (failure: False, interrupt: False)
[2020-05-18 00:03:21.072694] TRACE: slash.core.cleanup_manager: Calling cleanups of scope 'test' (failure=False, interrupt=False)
[2020-05-18 00:03:21.076267] TRACE: slash.core.scope_manager: Popped scope test
[2020-05-18 00:03:21.079853] NOTICE: slash.runner: #39: /tmp/tmp0opofhbr/test_08531.py:Test08539.test_08542
[2020-05-18 00:03:21.080221] DEBUG: slash.runner: Started test #39: <Runnable test </tmp/tmp0opofhbr/test_08531.py:Test08539.test_08542>>
[2020-05-18 00:03:21.086337] TRACE: slash.core.scope_manager: Pushed scope test
[2020-05-18 00:03:21.086486] TRACE: slash.core.cleanup_manager: CleanupManager: pushing scope 'test'
[2020-05-18 00:03:21.097492] TRACE: slash.core.scope_manager: Popping scope test (expected test)
[2020-05-18 00:03:21.097621] TRACE: slash.core.cleanup_manager: CleanupManager: popping scope 'test' (failure: False, interrupt: False)
[2020-05-18 00:03:21.097703] TRACE: slash.core.cleanup_manager: Calling cleanups of scope 'test' (failure=False, interrupt=False)
[2020-05-18 00:03:21.101128] TRACE: slash.core.scope_manager: Popped scope test
[2020-05-18 00:03:21.104642] NOTICE: slash.runner: #40: /tmp/tmp0opofhbr/test_08531.py:test_08543
[2020-05-18 00:03:21.105006] DEBUG: slash.runner: Started test #40: <Runnable test </tmp/tmp0opofhbr/test_08531.py:test_08543>>
[2020-05-18 00:03:21.111409] TRACE: slash.core.scope_manager: Pushed scope test
[2020-05-18 00:03:21.111529] TRACE: slash.core.cleanup_manager: CleanupManager: pushing scope 'test'
[2020-05-18 00:03:21.114592] TRACE: slash.core.scope_manager: Popping scope test (expected test)
[2020-05-18 00:03:21.114708] TRACE: slash.core.cleanup_manager: CleanupManager: popping scope 'test' (failure: False, interrupt: False)
[2020-05-18 00:03:21.114787] TRACE: slash.core.cleanup_manager: Calling cleanups of scope 'test' (failure=False, interrupt=False)
[2020-05-18 00:03:21.118190] TRACE: slash.core.scope_manager: Popped scope test
[2020-05-18 00:03:21.121631] NOTICE: slash.runner: #41: /tmp/tmp0opofhbr/test_08531.py:Test08532.test_08533
[2020-05-18 00:03:21.121988] DEBUG: slash.runner: Started test #41: <Runnable test </tmp/tmp0opofhbr/test_08531.py:Test08532.test_08533>>
[2020-05-18 00:03:21.128137] TRACE: slash.core.scope_manager: Pushed scope test
[2020-05-18 00:03:21.128250] TRACE: slash.core.cleanup_manager: CleanupManager: pushing scope 'test'
[2020-05-18 00:03:21.137691] TRACE: slash.core.scope_manager: Popping scope test (expected test)
[2020-05-18 00:03:21.137815] TRACE: slash.core.cleanup_manager: CleanupManager: popping scope 'test' (failure: False, interrupt: False)
[2020-05-18 00:03:21.137895] TRACE: slash.core.cleanup_manager: Calling cleanups of scope 'test' (failure=False, interrupt=False)
[2020-05-18 00:03:21.141340] TRACE: slash.core.scope_manager: Popped scope test
[2020-05-18 00:03:21.144726] NOTICE: slash.runner: #42: /tmp/tmp0opofhbr/test_08531.py:test_08534
[2020-05-18 00:03:21.145087] DEBUG: slash.runner: Started test #42: <Runnable test </tmp/tmp0opofhbr/test_08531.py:test_08534>>
[2020-05-18 00:03:21.151396] TRACE: slash.core.scope_manager: Pushed scope test
[2020-05-18 00:03:21.151511] TRACE: slash.core.cleanup_manager: CleanupManager: pushing scope 'test'
[2020-05-18 00:03:21.154566] TRACE: slash.core.scope_manager: Popping scope test (expected test)
[2020-05-18 00:03:21.154683] TRACE: slash.core.cleanup_manager: CleanupManager: popping scope 'test' (failure: False, interrupt: False)
[2020-05-18 00:03:21.154762] TRACE: slash.core.cleanup_manager: Calling cleanups of scope 'test' (failure=False, interrupt=False)
[2020-05-18 00:03:21.158174] TRACE: slash.core.scope_manager: Popped scope test
[2020-05-18 00:03:21.161660] NOTICE: slash.runner: #43: /tmp/tmp0opofhbr/test_08531.py:Test08532.test_08535
[2020-05-18 00:03:21.162035] DEBUG: slash.runner: Started test #43: <Runnable test </tmp/tmp0opofhbr/test_08531.py:Test08532.test_08535>>
[2020-05-18 00:03:21.168103] TRACE: slash.core.scope_manager: Pushed scope test
[2020-05-18 00:03:21.168215] TRACE: slash.core.cleanup_manager: CleanupManager: pushing scope 'test'
[2020-05-18 00:03:21.179011] TRACE: slash.core.scope_manager: Popping scope test (expected test)
[2020-05-18 00:03:21.179177] TRACE: slash.core.cleanup_manager: CleanupManager: popping scope 'test' (failure: False, interrupt: False)
[2020-05-18 00:03:21.179258] TRACE: slash.core.cleanup_manager: Calling cleanups of scope 'test' (failure=False, interrupt=False)
[2020-05-18 00:03:21.182588] TRACE: slash.core.scope_manager: Popped scope test
[2020-05-18 00:03:21.185994] NOTICE: slash.runner: #44: /tmp/tmp0opofhbr/test_08531.py:test_08536
[2020-05-18 00:03:21.186382] DEBUG: slash.runner: Started test #44: <Runnable test </tmp/tmp0opofhbr/test_08531.py:test_08536>>
[2020-05-18 00:03:21.192792] TRACE: slash.core.scope_manager: Pushed scope test
[2020-05-18 00:03:21.192907] TRACE: slash.core.cleanup_manager: CleanupManager: pushing scope 'test'
[2020-05-18 00:03:21.196067] TRACE: slash.core.scope_manager: Popping scope test (expected test)
[2020-05-18 00:03:21.196192] TRACE: slash.core.cleanup_manager: CleanupManager: popping scope 'test' (failure: False, interrupt: False)
[2020-05-18 00:03:21.196278] TRACE: slash.core.cleanup_manager: Calling cleanups of scope 'test' (failure=False, interrupt=False)
[2020-05-18 00:03:21.199894] TRACE: slash.core.scope_manager: Popped scope test
[2020-05-18 00:03:21.203446] NOTICE: slash.runner: #45: /tmp/tmp0opofhbr/test_08531.py:Test08532.test_08537
[2020-05-18 00:03:21.203836] DEBUG: slash.runner: Started test #45: <Runnable test </tmp/tmp0opofhbr/test_08531.py:Test08532.test_08537>>
[2020-05-18 00:03:21.210128] TRACE: slash.core.scope_manager: Pushed scope test
[2020-05-18 00:03:21.210242] TRACE: slash.core.cleanup_manager: CleanupManager: pushing scope 'test'
[2020-05-18 00:03:21.219870] TRACE: slash.core.scope_manager: Popping scope test (expected test)
[2020-05-18 00:03:21.219997] TRACE: slash.core.cleanup_manager: CleanupManager: popping scope 'test' (failure: False, interrupt: False)
[2020-05-18 00:03:21.220079] TRACE: slash.core.cleanup_manager: Calling cleanups of scope 'test' (failure=False, interrupt=False)
[2020-05-18 00:03:21.223493] TRACE: slash.core.scope_manager: Popped scope test
[2020-05-18 00:03:21.227179] NOTICE: slash.runner: #46: /tmp/tmp0opofhbr/test_08531.py:test_08538
[2020-05-18 00:03:21.227601] DEBUG: slash.runner: Started test #46: <Runnable test </tmp/tmp0opofhbr/test_08531.py:test_08538>>
[2020-05-18 00:03:21.233774] TRACE: slash.core.scope_manager: Pushed scope test
[2020-05-18 00:03:21.233886] TRACE: slash.core.cleanup_manager: CleanupManager: pushing scope 'test'
[2020-05-18 00:03:21.237107] TRACE: slash.core.scope_manager: Popping scope test (expected test)
[2020-05-18 00:03:21.237229] TRACE: slash.core.cleanup_manager: CleanupManager: popping scope 'test' (failure: False, interrupt: False)
[2020-05-18 00:03:21.237309] TRACE: slash.core.cleanup_manager: Calling cleanups of scope 'test' (failure=False, interrupt=False)
[2020-05-18 00:03:21.240833] TRACE: slash.core.scope_manager: Popped scope test
[2020-05-18 00:03:21.244441] NOTICE: slash.runner: #47: /tmp/tmp0opofhbr/test_08531.py:Test08539.test_08540
[2020-05-18 00:03:21.244820] DEBUG: slash.runner: Started test #47: <Runnable test </tmp/tmp0opofhbr/test_08531.py:Test08539.test_08540>>
[2020-05-18 00:03:21.250925] TRACE: slash.core.scope_manager: Pushed scope test
[2020-05-18 00:03:21.251037] TRACE: slash.core.cleanup_manager: CleanupManager: pushing scope 'test'
[2020-05-18 00:03:21.261714] TRACE: slash.core.scope_manager: Popping scope test (expected test)
[2020-05-18 00:03:21.261846] TRACE: slash.core.cleanup_manager: CleanupManager: popping scope 'test' (failure: False, interrupt: False)
[2020-05-18 00:03:21.261936] TRACE: slash.core.cleanup_manager: Calling cleanups of scope 'test' (failure=False, interrupt=False)
[2020-05-18 00:03:21.266001] TRACE: slash.core.scope_manager: Popped scope test
[2020-05-18 00:03:21.270780] NOTICE: slash.runner: #48: /tmp/tmp0opofhbr/test_08531.py:test_08541
[2020-05-18 00:03:21.271312] DEBUG: slash.runner: Started test #48: <Runnable test </tmp/tmp0opofhbr/test_08531.py:test_08541>>
[2020-05-18 00:03:21.279153] TRACE: slash.core.scope_manager: Pushed scope test
[2020-05-18 00:03:21.279288] TRACE: slash.core.cleanup_manager: CleanupManager: pushing scope 'test'
[2020-05-18 00:03:21.282622] TRACE: slash.core.scope_manager: Popping scope test (expected test)
[2020-05-18 00:03:21.282750] TRACE: slash.core.cleanup_manager: CleanupManager: popping scope 'test' (failure: False, interrupt: False)
[2020-05-18 00:03:21.282837] TRACE: slash.core.cleanup_manager: Calling cleanups of scope 'test' (failure=False, interrupt=False)
[2020-05-18 00:03:21.286531] TRACE: slash.core.scope_manager: Popped scope test
[2020-05-18 00:03:21.290239] NOTICE: slash.runner: #49: /tmp/tmp0opofhbr/test_08531.py:Test08539.test_08542
[2020-05-18 00:03:21.290670] DEBUG: slash.runner: Started test #49: <Runnable test </tmp/tmp0opofhbr/test_08531.py:Test08539.test_08542>>
[2020-05-18 00:03:21.297421] TRACE: slash.core.scope_manager: Pushed scope test
[2020-05-18 00:03:21.297551] TRACE: slash.core.cleanup_manager: CleanupManager: pushing scope 'test'
[2020-05-18 00:03:21.307675] TRACE: slash.core.scope_manager: Popping scope test (expected test)
[2020-05-18 00:03:21.307833] TRACE: slash.core.cleanup_manager: CleanupManager: popping scope 'test' (failure: False, interrupt: False)
[2020-05-18 00:03:21.307924] TRACE: slash.core.cleanup_manager: Calling cleanups of scope 'test' (failure=False, interrupt=False)
[2020-05-18 00:03:21.311383] TRACE: slash.core.scope_manager: Popped scope test
[2020-05-18 00:03:21.315010] NOTICE: slash.runner: #50: /tmp/tmp0opofhbr/test_08531.py:test_08543
[2020-05-18 00:03:21.315434] DEBUG: slash.runner: Started test #50: <Runnable test </tmp/tmp0opofhbr/test_08531.py:test_08543>>
[2020-05-18 00:03:21.322164] TRACE: slash.core.scope_manager: Pushed scope test
[2020-05-18 00:03:21.322295] TRACE: slash.core.cleanup_manager: CleanupManager: pushing scope 'test'
[2020-05-18 00:03:21.325642] TRACE: slash.core.scope_manager: Popping scope test (expected test)
[2020-05-18 00:03:21.325772] TRACE: slash.core.cleanup_manager: CleanupManager: popping scope 'test' (failure: False, interrupt: False)
[2020-05-18 00:03:21.325858] TRACE: slash.core.cleanup_manager: Calling cleanups of scope 'test' (failure=False, interrupt=False)
[2020-05-18 00:03:21.329600] TRACE: slash.core.scope_manager: Popped scope test
[2020-05-18 00:03:21.336103] TRACE: slash.core.scope_manager: Popping scope module (expected module)
[2020-05-18 00:03:21.336229] TRACE: slash.core.cleanup_manager: CleanupManager: popping scope 'module' (failure: False, interrupt: False)
[2020-05-18 00:03:21.336311] TRACE: slash.core.cleanup_manager: Calling cleanups of scope 'module' (failure=False, interrupt=False)
[2020-05-18 00:03:21.336401] TRACE: slash.core.scope_manager: Popped scope module
[2020-05-18 00:03:21.336469] TRACE: slash.core.scope_manager: Popping scope session (expected session)
[2020-05-18 00:03:21.336543] TRACE: slash.core.cleanup_manager: CleanupManager: popping scope 'session' (failure: False, interrupt: False)
[2020-05-18 00:03:21.336610] TRACE: slash.core.cleanup_manager: Calling cleanups of scope 'session' (failure=False, interrupt=False)
[2020-05-18 00:03:21.336688] TRACE: slash.core.scope_manager: Popped scope session
[2020-05-18 00:03:21.337433] TRACE: slash.runner: Session finished. is_success=True has_skips=False
[2020-05-18 00:03:21.340683] TRACE: slash.core.cleanup_manager: CleanupManager: popping scope 'session-global' (failure: False, interrupt: False)
[2020-05-18 00:03:21.340800] TRACE: slash.core.cleanup_manager: Calling cleanups of scope 'session-global' (failure=False, interrupt=False)
[2020-05-18 00:03:21.349248] DEBUG: slash.resuming: Saved resume state to DB

----------- coverage: platform linux, python 3.5.6-final-0 -----------
Coverage HTML written to dir htmlcov

=========================== short test summary info ============================
FAILED tests/test_repeat.py::test_repeat_all_global - assert [0, 1, 2, 3, 4, ...
===== 1 failed, 1512 passed, 1 skipped, 164 warnings in 507.44s (0:08:27) ======

travis_time:end:023efe64:start=1589759858855658928,finish=1589760370854586470,duration=511998927542[0K
[31;1mThe command "make test" exited with 2.[0m
travis_time:start:00592c00[0K$ if [[ $TRAVIS_PYTHON_VERSION == '3.6' ]]; then make pylint; fi

travis_time:end:00592c00:start=1589760370867131912,finish=1589760370878084008,duration=10952096[0K
[32;1mThe command "if [[ $TRAVIS_PYTHON_VERSION == '3.6' ]]; then make pylint; fi" exited with 0.[0m
travis_fold:start:after_failure[0Ktravis_time:start:09b3aedc[0K$ .env/bin/pip freeze
alabaster==0.7.12
arrow==0.15.6
astroid==2.4.1
atomicwrites==1.4.0
attrs==19.3.0
Babel==2.8.0
backcall==0.1.0
certifi==2020.4.5.1
chardet==3.0.4
click==7.1.2
colorama==0.4.3
confetti==2.5.3
coverage==5.1
coveralls==2.0.0
decorator==4.4.2
dessert==1.4.0
docopt==0.6.2
docutils==0.16
emport==1.3.1
gossip==2.4.0
idna==2.9
imagesize==1.2.0
importlib-metadata==1.6.0
ipython==7.9.0
ipython-genutils==0.2.0
isort==4.3.21
jedi==0.17.0
Jinja2==2.11.2
kaptan==0.5.12
lazy-object-proxy==1.4.3
libtmux==0.8.2
Logbook==1.5.3
MarkupSafe==1.1.1
mccabe==0.6.1
more-itertools==8.3.0
munch==2.5.0
orderedset==2.0.3
packaging==20.3
parso==0.7.0
pathlib2==2.3.5
pexpect==4.8.0
pickleshare==0.7.5
pluggy==0.13.1
prompt-toolkit==2.0.10
ptyprocess==0.6.0
py==1.8.1
pyforge==1.3.0
Pygments==2.6.1
pylint==2.5.2
pyparsing==2.4.7
pytest==5.4.2
pytest-catchlog==1.2.2
pytest-cov==2.8.1
pytest-timeout==1.3.4
python-dateutil==2.8.1
pytz==2020.1
PyYAML==5.3.1
raven==6.10.0
releases==1.6.3
requests==2.23.0
semantic-version==2.6.0
sentinels==1.0.0
six==1.14.0
-e git+https://github.com/getslash/slash.git@62f0d7e80e37be06f33c1a9f12cceaaa204880c7#egg=slash
snowballstemmer==2.0.0
Sphinx==3.0.3
sphinxcontrib-applehelp==1.0.2
sphinxcontrib-devhelp==1.0.2
sphinxcontrib-htmlhelp==1.0.3
sphinxcontrib-jsmath==1.0.1
sphinxcontrib-qthelp==1.0.3
sphinxcontrib-serializinghtml==1.1.4
SQLAlchemy==1.3.17
tmuxp==1.5.4
toml==0.10.1
traitlets==4.3.3
typed-ast==1.4.1
urllib3==1.25.9
vintage==0.4.1
wcwidth==0.1.9
wrapt==1.12.1
zipp==1.2.0

travis_time:end:09b3aedc:start=1589760370890503727,finish=1589760371397533345,duration=507029618[0Ktravis_fold:end:after_failure[0K
Done. Your build exited with 1.
