travis_fold:start:system_info[0K[33;1mBuild system information[0m
Build language: java
Build group: stable
Build dist: precise
Build id: ''
Job id: ''
[34m[1mBuild image provisioning date and time[0m
Thu Feb  5 15:09:33 UTC 2015
[34m[1mOperating System Details[0m
Distributor ID:	Ubuntu
Description:	Ubuntu 12.04.5 LTS
Release:	12.04
Codename:	precise
[34m[1mLinux Version[0m
3.13.0-29-generic
[34m[1mCookbooks Version[0m
a68419e https://github.com/travis-ci/travis-cookbooks/tree/a68419e
[34m[1mGCC version[0m
gcc (Ubuntu/Linaro 4.6.3-1ubuntu5) 4.6.3
Copyright (C) 2011 Free Software Foundation, Inc.
This is free software; see the source for copying conditions.  There is NO
warranty; not even for MERCHANTABILITY or FITNESS FOR A PARTICULAR PURPOSE.

[34m[1mLLVM version[0m
clang version 3.4 (tags/RELEASE_34/final)
Target: x86_64-unknown-linux-gnu
Thread model: posix
[34m[1mPre-installed Ruby versions[0m
ruby-1.9.3-p551
[34m[1mPre-installed Node.js versions[0m
v0.10.36
[34m[1mPre-installed Go versions[0m
1.4.1
[34m[1mRedis version[0m
redis-server 2.8.19
[34m[1mriak version[0m
2.0.2
[34m[1mMongoDB version[0m
MongoDB 2.4.12
[34m[1mCouchDB version[0m
couchdb 1.6.1
[34m[1mNeo4j version[0m
1.9.4
[34m[1mRabbitMQ Version[0m
3.4.3
[34m[1mElasticSearch version[0m
1.4.0
[34m[1mInstalled Sphinx versions[0m
2.0.10
2.1.9
2.2.6
[34m[1mDefault Sphinx version[0m
2.2.6
[34m[1mInstalled Firefox version[0m
firefox 31.0esr
[34m[1mPhantomJS version[0m
1.9.8
[34m[1mant -version[0m
Apache Ant(TM) version 1.8.2 compiled on December 3 2011
[34m[1mmvn -version[0m
Apache Maven 3.2.5 (12a6b3acb947671f09b81f49094c53f426d8cea1; 2014-12-14T17:29:23+00:00)
Maven home: /usr/local/maven
Java version: 1.7.0_76, vendor: Oracle Corporation
Java home: /usr/lib/jvm/java-7-oracle/jre
Default locale: en_US, platform encoding: ANSI_X3.4-1968
OS name: "linux", version: "3.13.0-29-generic", arch: "amd64", family: "unix"
travis_fold:end:system_info[0K
W: GPG error: http://apt.postgresql.org precise-pgdg Release: The following signatures were invalid: KEYEXPIRED 1562078959
W: Failed to fetch http://ppa.launchpad.net/travis-ci/zero-mq/ubuntu/dists/precise/main/binary-amd64/Packages  403  Forbidden

W: Failed to fetch http://ppa.launchpad.net/travis-ci/zero-mq/ubuntu/dists/precise/main/binary-i386/Packages  403  Forbidden

W: Failed to fetch http://downloads-distro.mongodb.org/repo/debian-sysvinit/dists/dist/10gen/binary-amd64/Packages  Undetermined Error [IP: 52.21.89.200 80]

W: Failed to fetch http://downloads-distro.mongodb.org/repo/debian-sysvinit/dists/dist/10gen/binary-i386/Packages  Undetermined Error [IP: 52.21.89.200 80]

E: Some index files failed to download. They have been ignored, or old ones used instead.
sed: cannot rename /etc/hosts: Device or resource busy
sed: cannot rename /etc/hosts: Device or resource busy
$ jdk_switcher use oraclejdk8
Switching to Oracle JDK8 (java-8-oracle), JAVA_HOME will be set to /usr/lib/jvm/java-8-oracle
$ cd failed/galenframework/galen
travis_fold:start:install_firefox[0K$ export FIREFOX_SOURCE_URL='https://download.mozilla.org/?product=firefox-45.4.0esr&lang=en-US&os=linux64'
[33;1mInstalling Firefox 45.4.0esr[0m
travis_time:start:1e949070[0K$ wget -O /tmp/firefox-45.4.0esr.tar.bz2 $FIREFOX_SOURCE_URL
--2021-02-04 11:17:14--  https://download.mozilla.org/?product=firefox-45.4.0esr&lang=en-US&os=linux64
Resolving download.mozilla.org (download.mozilla.org)... 34.218.113.0, 35.161.138.191, 52.37.207.46
Connecting to download.mozilla.org (download.mozilla.org)|34.218.113.0|:443... connected.
HTTP request sent, awaiting response... 302 Found
Location: https://download-installer.cdn.mozilla.net/pub/firefox/releases/45.4.0esr/linux-x86_64/en-US/firefox-45.4.0esr.tar.bz2 [following]
--2021-02-04 11:17:14--  https://download-installer.cdn.mozilla.net/pub/firefox/releases/45.4.0esr/linux-x86_64/en-US/firefox-45.4.0esr.tar.bz2
Resolving download-installer.cdn.mozilla.net (download-installer.cdn.mozilla.net)... 13.224.26.58, 2600:9000:2164:fc00:e:19d6:1546:5981, 2600:9000:2164:3000:e:19d6:1546:5981, ...
Connecting to download-installer.cdn.mozilla.net (download-installer.cdn.mozilla.net)|13.224.26.58|:443... connected.
HTTP request sent, awaiting response... 200 OK
Length: 51666458 (49M) [application/x-tar]
Saving to: `/tmp/firefox-45.4.0esr.tar.bz2'

     0K .......... .......... .......... .......... ..........  0% 2.27M 22s
    50K .......... .......... .......... .......... ..........  0% 2.01M 23s
   100K .......... .......... .......... .......... ..........  0% 2.48M 22s
   150K .......... .......... .......... .......... ..........  0% 5.79M 19s
   200K .......... .......... .......... .......... ..........  0% 3.17M 18s
   250K .......... .......... .......... .......... ..........  0% 1.74M 20s
   300K .......... .......... .......... .......... ..........  0%  119M 17s
   350K .......... .......... .......... .......... ..........  0%  162M 15s
   400K .......... .......... .......... .......... ..........  0%  135M 13s
   450K .......... .......... .......... .......... ..........  0%  131M 12s
   500K .......... .......... .......... .......... ..........  1%  161M 11s
   550K .......... .......... .......... .......... ..........  1%  174M 10s
   600K .......... .......... .......... .......... ..........  1% 2.53M 11s
   650K .......... .......... .......... .......... ..........  1% 26.1M 10s
   700K .......... .......... .......... .......... ..........  1% 47.8M 9s
   750K .......... .......... .......... .......... ..........  1% 25.2M 9s
   800K .......... .......... .......... .......... ..........  1% 29.1M 8s
   850K .......... .......... .......... .......... ..........  1% 41.0M 8s
   900K .......... .......... .......... .......... ..........  1% 3.93M 8s
   950K .......... .......... .......... .......... ..........  1% 23.3M 8s
  1000K .......... .......... .......... .......... ..........  2% 29.4M 8s
  1050K .......... .......... .......... .......... ..........  2% 23.1M 7s
  1100K .......... .......... .......... .......... ..........  2% 32.1M 7s
  1150K .......... .......... .......... .......... ..........  2% 19.0M 7s
  1200K .......... .......... .......... .......... ..........  2% 77.9M 7s
  1250K .......... .......... .......... .......... ..........  2% 71.5M 6s
  1300K .......... .......... .......... .......... ..........  2% 46.0M 6s
  1350K .......... .......... .......... .......... ..........  2% 45.1M 6s
  1400K .......... .......... .......... .......... ..........  2% 27.1M 6s
  1450K .......... .......... .......... .......... ..........  2% 42.2M 6s
  1500K .......... .......... .......... .......... ..........  3% 28.7M 6s
  1550K .......... .......... .......... .......... ..........  3% 20.8M 5s
  1600K .......... .......... .......... .......... ..........  3% 45.7M 5s
  1650K .......... .......... .......... .......... ..........  3% 39.7M 5s
  1700K .......... .......... .......... .......... ..........  3% 69.8M 5s
  1750K .......... .......... .......... .......... ..........  3% 38.4M 5s
  1800K .......... .......... .......... .......... ..........  3% 41.8M 5s
  1850K .......... .......... .......... .......... ..........  3% 64.1M 5s
  1900K .......... .......... .......... .......... ..........  3% 39.1M 5s
  1950K .......... .......... .......... .......... ..........  3% 59.6M 5s
  2000K .......... .......... .......... .......... ..........  4% 63.5M 4s
  2050K .......... .......... .......... .......... ..........  4% 40.3M 4s
  2100K .......... .......... .......... .......... ..........  4% 48.3M 4s
  2150K .......... .......... .......... .......... ..........  4% 43.1M 4s
  2200K .......... .......... .......... .......... ..........  4% 51.9M 4s
  2250K .......... .......... .......... .......... ..........  4% 75.7M 4s
  2300K .......... .......... .......... .......... ..........  4% 38.9M 4s
  2350K .......... .......... .......... .......... ..........  4% 48.7M 4s
  2400K .......... .......... .......... .......... ..........  4% 51.1M 4s
  2450K .......... .......... .......... .......... ..........  4%  106M 4s
  2500K .......... .......... .......... .......... ..........  5% 42.5M 4s
  2550K .......... .......... .......... .......... ..........  5% 51.3M 4s
  2600K .......... .......... .......... .......... ..........  5% 61.9M 4s
  2650K .......... .......... .......... .......... ..........  5% 56.1M 4s
  2700K .......... .......... .......... .......... ..........  5% 79.5M 3s
  2750K .......... .......... .......... .......... ..........  5% 53.2M 3s
  2800K .......... .......... .......... .......... ..........  5% 94.9M 3s
  2850K .......... .......... .......... .......... ..........  5%  112M 3s
  2900K .......... .......... .......... .......... ..........  5% 89.5M 3s
  2950K .......... .......... .......... .......... ..........  5% 86.3M 3s
  3000K .......... .......... .......... .......... ..........  6%  108M 3s
  3050K .......... .......... .......... .......... ..........  6% 89.6M 3s
  3100K .......... .......... .......... .......... ..........  6% 89.6M 3s
  3150K .......... .......... .......... .......... ..........  6% 78.6M 3s
  3200K .......... .......... .......... .......... ..........  6% 65.0M 3s
  3250K .......... .......... .......... .......... ..........  6%  101M 3s
  3300K .......... .......... .......... .......... ..........  6%  102M 3s
  3350K .......... .......... .......... .......... ..........  6% 81.8M 3s
  3400K .......... .......... .......... .......... ..........  6% 94.7M 3s
  3450K .......... .......... .......... .......... ..........  6% 76.1M 3s
  3500K .......... .......... .......... .......... ..........  7% 85.3M 3s
  3550K .......... .......... .......... .......... ..........  7% 70.0M 3s
  3600K .......... .......... .......... .......... ..........  7% 83.3M 3s
  3650K .......... .......... .......... .......... ..........  7% 69.7M 3s
  3700K .......... .......... .......... .......... ..........  7% 82.6M 3s
  3750K .......... .......... .......... .......... ..........  7% 72.0M 3s
  3800K .......... .......... .......... .......... ..........  7% 82.3M 3s
  3850K .......... .......... .......... .......... ..........  7% 83.9M 3s
  3900K .......... .......... .......... .......... ..........  7%  112M 3s
  3950K .......... .......... .......... .......... ..........  7% 95.3M 3s
  4000K .......... .......... .......... .......... ..........  8%  118M 2s
  4050K .......... .......... .......... .......... ..........  8% 92.0M 2s
  4100K .......... .......... .......... .......... ..........  8%  109M 2s
  4150K .......... .......... .......... .......... ..........  8% 89.2M 2s
  4200K .......... .......... .......... .......... ..........  8%  134M 2s
  4250K .......... .......... .......... .......... ..........  8%  170M 2s
  4300K .......... .......... .......... .......... ..........  8%  124M 2s
  4350K .......... .......... .......... .......... ..........  8%  150M 2s
  4400K .......... .......... .......... .......... ..........  8%  173M 2s
  4450K .......... .......... .......... .......... ..........  8%  142M 2s
  4500K .......... .......... .......... .......... ..........  9%  169M 2s
  4550K .......... .......... .......... .......... ..........  9%  172M 2s
  4600K .......... .......... .......... .......... ..........  9%  164M 2s
  4650K .......... .......... .......... .......... ..........  9%  180M 2s
  4700K .......... .......... .......... .......... ..........  9%  196M 2s
  4750K .......... .......... .......... .......... ..........  9%  195M 2s
  4800K .......... .......... .......... .......... ..........  9%  125M 2s
  4850K .......... .......... .......... .......... ..........  9%  138M 2s
  4900K .......... .......... .......... .......... ..........  9%  129M 2s
  4950K .......... .......... .......... .......... ..........  9% 86.2M 2s
  5000K .......... .......... .......... .......... .......... 10% 87.2M 2s
  5050K .......... .......... .......... .......... .......... 10%  104M 2s
  5100K .......... .......... .......... .......... .......... 10%  103M 2s
  5150K .......... .......... .......... .......... .......... 10%  113M 2s
  5200K .......... .......... .......... .......... .......... 10%  159M 2s
  5250K .......... .......... .......... .......... .......... 10%  135M 2s
  5300K .......... .......... .......... .......... .......... 10% 98.2M 2s
  5350K .......... .......... .......... .......... .......... 10%  117M 2s
  5400K .......... .......... .......... .......... .......... 10%  119M 2s
  5450K .......... .......... .......... .......... .......... 10% 98.5M 2s
  5500K .......... .......... .......... .......... .......... 10%  114M 2s
  5550K .......... .......... .......... .......... .......... 11%  125M 2s
  5600K .......... .......... .......... .......... .......... 11%  122M 2s
  5650K .......... .......... .......... .......... .......... 11% 75.0M 2s
  5700K .......... .......... .......... .......... .......... 11%  111M 2s
  5750K .......... .......... .......... .......... .......... 11%  122M 2s
  5800K .......... .......... .......... .......... .......... 11%  115M 2s
  5850K .......... .......... .......... .......... .......... 11%  110M 2s
  5900K .......... .......... .......... .......... .......... 11%  115M 2s
  5950K .......... .......... .......... .......... .......... 11%  104M 2s
  6000K .......... .......... .......... .......... .......... 11%  116M 2s
  6050K .......... .......... .......... .......... .......... 12%  114M 2s
  6100K .......... .......... .......... .......... .......... 12%  118M 2s
  6150K .......... .......... .......... .......... .......... 12%  103M 2s
  6200K .......... .......... .......... .......... .......... 12%  115M 2s
  6250K .......... .......... .......... .......... .......... 12% 93.1M 2s
  6300K .......... .......... .......... .......... .......... 12%  126M 2s
  6350K .......... .......... .......... .......... .......... 12%  108M 2s
  6400K .......... .......... .......... .......... .......... 12%  105M 2s
  6450K .......... .......... .......... .......... .......... 12%  110M 2s
  6500K .......... .......... .......... .......... .......... 12%  116M 2s
  6550K .......... .......... .......... .......... .......... 13%  118M 2s
  6600K .......... .......... .......... .......... .......... 13%  118M 2s
  6650K .......... .......... .......... .......... .......... 13% 85.4M 2s
  6700K .......... .......... .......... .......... .......... 13%  129M 2s
  6750K .......... .......... .......... .......... .......... 13%  111M 2s
  6800K .......... .......... .......... .......... .......... 13%  117M 2s
  6850K .......... .......... .......... .......... .......... 13%  108M 2s
  6900K .......... .......... .......... .......... .......... 13%  112M 2s
  6950K .......... .......... .......... .......... .......... 13%  108M 1s
  7000K .......... .......... .......... .......... .......... 13%  127M 1s
  7050K .......... .......... .......... .......... .......... 14% 87.3M 1s
  7100K .......... .......... .......... .......... .......... 14%  132M 1s
  7150K .......... .......... .......... .......... .......... 14% 91.4M 1s
  7200K .......... .......... .......... .......... .......... 14%  118M 1s
  7250K .......... .......... .......... .......... .......... 14%  106M 1s
  7300K .......... .......... .......... .......... .......... 14%  127M 1s
  7350K .......... .......... .......... .......... .......... 14%  112M 1s
  7400K .......... .......... .......... .......... .......... 14%  105M 1s
  7450K .......... .......... .......... .......... .......... 14% 96.4M 1s
  7500K .......... .......... .......... .......... .......... 14%  109M 1s
  7550K .......... .......... .......... .......... .......... 15%  129M 1s
  7600K .......... .......... .......... .......... .......... 15%  107M 1s
  7650K .......... .......... .......... .......... .......... 15%  113M 1s
  7700K .......... .......... .......... .......... .......... 15% 96.0M 1s
  7750K .......... .......... .......... .......... .......... 15%  119M 1s
  7800K .......... .......... .......... .......... .......... 15% 90.4M 1s
  7850K .......... .......... .......... .......... .......... 15%  116M 1s
  7900K .......... .......... .......... .......... .......... 15% 46.8M 1s
  7950K .......... .......... .......... .......... .......... 15% 32.0M 1s
  8000K .......... .......... .......... .......... .......... 15% 1.30M 2s
  8050K .......... .......... .......... .......... .......... 16%  125M 2s
  8100K .......... .......... .......... .......... .......... 16%  143M 2s
  8150K .......... .......... .......... .......... .......... 16%  151M 1s
  8200K .......... .......... .......... .......... .......... 16%  130M 1s
  8250K .......... .......... .......... .......... .......... 16%  147M 1s
  8300K .......... .......... .......... .......... .......... 16%  164M 1s
  8350K .......... .......... .......... .......... .......... 16%  154M 1s
  8400K .......... .......... .......... .......... .......... 16%  168M 1s
  8450K .......... .......... .......... .......... .......... 16%  139M 1s
  8500K .......... .......... .......... .......... .......... 16%  153M 1s
  8550K .......... .......... .......... .......... .......... 17%  155M 1s
  8600K .......... .......... .......... .......... .......... 17%  126M 1s
  8650K .......... .......... .......... .......... .......... 17%  124M 1s
  8700K .......... .......... .......... .......... .......... 17%  194M 1s
  8750K .......... .......... .......... .......... .......... 17%  200M 1s
  8800K .......... .......... .......... .......... .......... 17%  213M 1s
  8850K .......... .......... .......... .......... .......... 17%  190M 1s
  8900K .......... .......... .......... .......... .......... 17%  212M 1s
  8950K .......... .......... .......... .......... .......... 17%  210M 1s
  9000K .......... .......... .......... .......... .......... 17%  208M 1s
  9050K .......... .......... .......... .......... .......... 18%  182M 1s
  9100K .......... .......... .......... .......... .......... 18%  204M 1s
  9150K .......... .......... .......... .......... .......... 18%  220M 1s
  9200K .......... .......... .......... .......... .......... 18%  187M 1s
  9250K .......... .......... .......... .......... .......... 18%  196M 1s
  9300K .......... .......... .......... .......... .......... 18%  212M 1s
  9350K .......... .......... .......... .......... .......... 18%  209M 1s
  9400K .......... .......... .......... .......... .......... 18%  227M 1s
  9450K .......... .......... .......... .......... .......... 18%  153M 1s
  9500K .......... .......... .......... .......... .......... 18%  194M 1s
  9550K .......... .......... .......... .......... .......... 19%  201M 1s
  9600K .......... .......... .......... .......... .......... 19%  204M 1s
  9650K .......... .......... .......... .......... .......... 19%  190M 1s
  9700K .......... .......... .......... .......... .......... 19%  195M 1s
  9750K .......... .......... .......... .......... .......... 19%  214M 1s
  9800K .......... .......... .......... .......... .......... 19%  185M 1s
  9850K .......... .......... .......... .......... .......... 19%  180M 1s
  9900K .......... .......... .......... .......... .......... 19%  200M 1s
  9950K .......... .......... .......... .......... .......... 19%  200M 1s
 10000K .......... .......... .......... .......... .......... 19%  208M 1s
 10050K .......... .......... .......... .......... .......... 20%  191M 1s
 10100K .......... .......... .......... .......... .......... 20%  203M 1s
 10150K .......... .......... .......... .......... .......... 20%  209M 1s
 10200K .......... .......... .......... .......... .......... 20%  174M 1s
 10250K .......... .......... .......... .......... .......... 20%  165M 1s
 10300K .......... .......... .......... .......... .......... 20%  198M 1s
 10350K .......... .......... .......... .......... .......... 20%  214M 1s
 10400K .......... .......... .......... .......... .......... 20%  191M 1s
 10450K .......... .......... .......... .......... .......... 20%  187M 1s
 10500K .......... .......... .......... .......... .......... 20%  202M 1s
 10550K .......... .......... .......... .......... .......... 21%  193M 1s
 10600K .......... .......... .......... .......... .......... 21%  167M 1s
 10650K .......... .......... .......... .......... .......... 21%  194M 1s
 10700K .......... .......... .......... .......... .......... 21%  201M 1s
 10750K .......... .......... .......... .......... .......... 21%  198M 1s
 10800K .......... .......... .......... .......... .......... 21%  192M 1s
 10850K .......... .......... .......... .......... .......... 21%  202M 1s
 10900K .......... .......... .......... .......... .......... 21%  199M 1s
 10950K .......... .......... .......... .......... .......... 21%  195M 1s
 11000K .......... .......... .......... .......... .......... 21%  204M 1s
 11050K .......... .......... .......... .......... .......... 21% 8.79M 1s
 11100K .......... .......... .......... .......... .......... 22% 95.6M 1s
 11150K .......... .......... .......... .......... .......... 22% 54.0M 1s
 11200K .......... .......... .......... .......... .......... 22%  119M 1s
 11250K .......... .......... .......... .......... .......... 22% 79.2M 1s
 11300K .......... .......... .......... .......... .......... 22% 65.7M 1s
 11350K .......... .......... .......... .......... .......... 22% 90.5M 1s
 11400K .......... .......... .......... .......... .......... 22%  112M 1s
 11450K .......... .......... .......... .......... .......... 22% 98.4M 1s
 11500K .......... .......... .......... .......... .......... 22%  101M 1s
 11550K .......... .......... .......... .......... .......... 22%  113M 1s
 11600K .......... .......... .......... .......... .......... 23% 99.6M 1s
 11650K .......... .......... .......... .......... .......... 23%  126M 1s
 11700K .......... .......... .......... .......... .......... 23%  128M 1s
 11750K .......... .......... .......... .......... .......... 23% 97.2M 1s
 11800K .......... .......... .......... .......... .......... 23% 83.3M 1s
 11850K .......... .......... .......... .......... .......... 23%  114M 1s
 11900K .......... .......... .......... .......... .......... 23%  137M 1s
 11950K .......... .......... .......... .......... .......... 23%  137M 1s
 12000K .......... .......... .......... .......... .......... 23% 49.4M 1s
 12050K .......... .......... .......... .......... .......... 23% 49.0M 1s
 12100K .......... .......... .......... .......... .......... 24%  127M 1s
 12150K .......... .......... .......... .......... .......... 24%  114M 1s
 12200K .......... .......... .......... .......... .......... 24% 75.8M 1s
 12250K .......... .......... .......... .......... .......... 24% 52.6M 1s
 12300K .......... .......... .......... .......... .......... 24%  103M 1s
 12350K .......... .......... .......... .......... .......... 24%  109M 1s
 12400K .......... .......... .......... .......... .......... 24% 58.1M 1s
 12450K .......... .......... .......... .......... .......... 24% 95.9M 1s
 12500K .......... .......... .......... .......... .......... 24%  104M 1s
 12550K .......... .......... .......... .......... .......... 24% 56.3M 1s
 12600K .......... .......... .......... .......... .......... 25% 98.8M 1s
 12650K .......... .......... .......... .......... .......... 25%  111M 1s
 12700K .......... .......... .......... .......... .......... 25%  124M 1s
 12750K .......... .......... .......... .......... .......... 25% 94.4M 1s
 12800K .......... .......... .......... .......... .......... 25% 12.7M 1s
 12850K .......... .......... .......... .......... .......... 25%  112M 1s
 12900K .......... .......... .......... .......... .......... 25%  106M 1s
 12950K .......... .......... .......... .......... .......... 25%  107M 1s
 13000K .......... .......... .......... .......... .......... 25% 50.0M 1s
 13050K .......... .......... .......... .......... .......... 25%  100M 1s
 13100K .......... .......... .......... .......... .......... 26%  110M 1s
 13150K .......... .......... .......... .......... .......... 26%  119M 1s
 13200K .......... .......... .......... .......... .......... 26% 48.1M 1s
 13250K .......... .......... .......... .......... .......... 26%  114M 1s
 13300K .......... .......... .......... .......... .......... 26%  107M 1s
 13350K .......... .......... .......... .......... .......... 26%  113M 1s
 13400K .......... .......... .......... .......... .......... 26% 31.0M 1s
 13450K .......... .......... .......... .......... .......... 26% 86.9M 1s
 13500K .......... .......... .......... .......... .......... 26%  129M 1s
 13550K .......... .......... .......... .......... .......... 26% 98.2M 1s
 13600K .......... .......... .......... .......... .......... 27%  108M 1s
 13650K .......... .......... .......... .......... .......... 27%  119M 1s
 13700K .......... .......... .......... .......... .......... 27%  143M 1s
 13750K .......... .......... .......... .......... .......... 27%  118M 1s
 13800K .......... .......... .......... .......... .......... 27% 99.1M 1s
 13850K .......... .......... .......... .......... .......... 27%  100M 1s
 13900K .......... .......... .......... .......... .......... 27%  105M 1s
 13950K .......... .......... .......... .......... .......... 27%  114M 1s
 14000K .......... .......... .......... .......... .......... 27%  102M 1s
 14050K .......... .......... .......... .......... .......... 27%  112M 1s
 14100K .......... .......... .......... .......... .......... 28%  121M 1s
 14150K .......... .......... .......... .......... .......... 28%  107M 1s
 14200K .......... .......... .......... .......... .......... 28%  108M 1s
 14250K .......... .......... .......... .......... .......... 28% 30.6M 1s
 14300K .......... .......... .......... .......... .......... 28% 49.9M 1s
 14350K .......... .......... .......... .......... .......... 28%  116M 1s
 14400K .......... .......... .......... .......... .......... 28% 50.1M 1s
 14450K .......... .......... .......... .......... .......... 28% 48.7M 1s
 14500K .......... .......... .......... .......... .......... 28% 95.1M 1s
 14550K .......... .......... .......... .......... .......... 28%  113M 1s
 14600K .......... .......... .......... .......... .......... 29% 99.9M 1s
 14650K .......... .......... .......... .......... .......... 29% 81.5M 1s
 14700K .......... .......... .......... .......... .......... 29% 74.8M 1s
 14750K .......... .......... .......... .......... .......... 29% 91.7M 1s
 14800K .......... .......... .......... .......... .......... 29%  112M 1s
 14850K .......... .......... .......... .......... .......... 29% 84.9M 1s
 14900K .......... .......... .......... .......... .......... 29% 52.6M 1s
 14950K .......... .......... .......... .......... .......... 29% 49.5M 1s
 15000K .......... .......... .......... .......... .......... 29% 55.6M 1s
 15050K .......... .......... .......... .......... .......... 29% 66.0M 1s
 15100K .......... .......... .......... .......... .......... 30% 80.5M 1s
 15150K .......... .......... .......... .......... .......... 30%  105M 1s
 15200K .......... .......... .......... .......... .......... 30%  112M 1s
 15250K .......... .......... .......... .......... .......... 30%  104M 1s
 15300K .......... .......... .......... .......... .......... 30%  123M 1s
 15350K .......... .......... .......... .......... .......... 30%  114M 1s
 15400K .......... .......... .......... .......... .......... 30%  118M 1s
 15450K .......... .......... .......... .......... .......... 30% 96.7M 1s
 15500K .......... .......... .......... .......... .......... 30%  118M 1s
 15550K .......... .......... .......... .......... .......... 30%  108M 1s
 15600K .......... .......... .......... .......... .......... 31%  119M 1s
 15650K .......... .......... .......... .......... .......... 31%  117M 1s
 15700K .......... .......... .......... .......... .......... 31%  116M 1s
 15750K .......... .......... .......... .......... .......... 31%  111M 1s
 15800K .......... .......... .......... .......... .......... 31%  118M 1s
 15850K .......... .......... .......... .......... .......... 31%  112M 1s
 15900K .......... .......... .......... .......... .......... 31%  102M 1s
 15950K .......... .......... .......... .......... .......... 31%  150M 1s
 16000K .......... .......... .......... .......... .......... 31%  120M 1s
 16050K .......... .......... .......... .......... .......... 31%  137M 1s
 16100K .......... .......... .......... .......... .......... 32%  150M 1s
 16150K .......... .......... .......... .......... .......... 32%  150M 1s
 16200K .......... .......... .......... .......... .......... 32%  102M 1s
 16250K .......... .......... .......... .......... .......... 32%  121M 1s
 16300K .......... .......... .......... .......... .......... 32% 99.0M 1s
 16350K .......... .......... .......... .......... .......... 32% 86.6M 1s
 16400K .......... .......... .......... .......... .......... 32% 91.2M 1s
 16450K .......... .......... .......... .......... .......... 32%  116M 1s
 16500K .......... .......... .......... .......... .......... 32%  139M 1s
 16550K .......... .......... .......... .......... .......... 32%  137M 1s
 16600K .......... .......... .......... .......... .......... 32%  114M 1s
 16650K .......... .......... .......... .......... .......... 33%  137M 1s
 16700K .......... .......... .......... .......... .......... 33%  118M 1s
 16750K .......... .......... .......... .......... .......... 33%  127M 1s
 16800K .......... .......... .......... .......... .......... 33%  100M 1s
 16850K .......... .......... .......... .......... .......... 33%  103M 1s
 16900K .......... .......... .......... .......... .......... 33%  122M 1s
 16950K .......... .......... .......... .......... .......... 33% 94.6M 1s
 17000K .......... .......... .......... .......... .......... 33%  117M 1s
 17050K .......... .......... .......... .......... .......... 33% 62.9M 1s
 17100K .......... .......... .......... .......... .......... 33% 37.4M 1s
 17150K .......... .......... .......... .......... .......... 34%  111M 1s
 17200K .......... .......... .......... .......... .......... 34%  120M 1s
 17250K .......... .......... .......... .......... .......... 34%  100M 1s
 17300K .......... .......... .......... .......... .......... 34% 98.5M 1s
 17350K .......... .......... .......... .......... .......... 34% 37.1M 1s
 17400K .......... .......... .......... .......... .......... 34% 43.3M 1s
 17450K .......... .......... .......... .......... .......... 34% 51.6M 1s
 17500K .......... .......... .......... .......... .......... 34% 87.2M 1s
 17550K .......... .......... .......... .......... .......... 34%  139M 1s
 17600K .......... .......... .......... .......... .......... 34%  124M 1s
 17650K .......... .......... .......... .......... .......... 35%  100M 1s
 17700K .......... .......... .......... .......... .......... 35%  108M 1s
 17750K .......... .......... .......... .......... .......... 35%  119M 1s
 17800K .......... .......... .......... .......... .......... 35% 29.9M 1s
 17850K .......... .......... .......... .......... .......... 35%  101M 1s
 17900K .......... .......... .......... .......... .......... 35% 51.4M 1s
 17950K .......... .......... .......... .......... .......... 35% 91.3M 1s
 18000K .......... .......... .......... .......... .......... 35% 33.7M 1s
 18050K .......... .......... .......... .......... .......... 35% 75.2M 1s
 18100K .......... .......... .......... .......... .......... 35%  111M 1s
 18150K .......... .......... .......... .......... .......... 36% 38.4M 1s
 18200K .......... .......... .......... .......... .......... 36%  109M 1s
 18250K .......... .......... .......... .......... .......... 36% 82.2M 1s
 18300K .......... .......... .......... .......... .......... 36%  114M 1s
 18350K .......... .......... .......... .......... .......... 36% 52.1M 1s
 18400K .......... .......... .......... .......... .......... 36%  110M 1s
 18450K .......... .......... .......... .......... .......... 36%  112M 1s
 18500K .......... .......... .......... .......... .......... 36%  131M 1s
 18550K .......... .......... .......... .......... .......... 36% 49.7M 1s
 18600K .......... .......... .......... .......... .......... 36%  103M 1s
 18650K .......... .......... .......... .......... .......... 37% 61.6M 1s
 18700K .......... .......... .......... .......... .......... 37% 79.0M 1s
 18750K .......... .......... .......... .......... .......... 37% 86.1M 1s
 18800K .......... .......... .......... .......... .......... 37%  122M 1s
 18850K .......... .......... .......... .......... .......... 37%  130M 1s
 18900K .......... .......... .......... .......... .......... 37%  123M 1s
 18950K .......... .......... .......... .......... .......... 37%  102M 1s
 19000K .......... .......... .......... .......... .......... 37% 97.4M 1s
 19050K .......... .......... .......... .......... .......... 37% 90.9M 1s
 19100K .......... .......... .......... .......... .......... 37%  136M 1s
 19150K .......... .......... .......... .......... .......... 38%  117M 1s
 19200K .......... .......... .......... .......... .......... 38%  109M 1s
 19250K .......... .......... .......... .......... .......... 38%  109M 1s
 19300K .......... .......... .......... .......... .......... 38% 69.9M 1s
 19350K .......... .......... .......... .......... .......... 38% 46.5M 1s
 19400K .......... .......... .......... .......... .......... 38% 57.0M 1s
 19450K .......... .......... .......... .......... .......... 38% 92.5M 1s
 19500K .......... .......... .......... .......... .......... 38% 48.8M 1s
 19550K .......... .......... .......... .......... .......... 38%  113M 1s
 19600K .......... .......... .......... .......... .......... 38% 52.6M 1s
 19650K .......... .......... .......... .......... .......... 39% 89.0M 1s
 19700K .......... .......... .......... .......... .......... 39% 85.4M 1s
 19750K .......... .......... .......... .......... .......... 39%  113M 1s
 19800K .......... .......... .......... .......... .......... 39% 62.6M 1s
 19850K .......... .......... .......... .......... .......... 39% 77.4M 1s
 19900K .......... .......... .......... .......... .......... 39%  131M 1s
 19950K .......... .......... .......... .......... .......... 39% 50.9M 1s
 20000K .......... .......... .......... .......... .......... 39% 68.0M 1s
 20050K .......... .......... .......... .......... .......... 39%  110M 1s
 20100K .......... .......... .......... .......... .......... 39% 85.9M 1s
 20150K .......... .......... .......... .......... .......... 40% 59.4M 1s
 20200K .......... .......... .......... .......... .......... 40% 71.5M 1s
 20250K .......... .......... .......... .......... .......... 40% 75.2M 1s
 20300K .......... .......... .......... .......... .......... 40% 64.2M 1s
 20350K .......... .......... .......... .......... .......... 40% 49.4M 1s
 20400K .......... .......... .......... .......... .......... 40%  112M 1s
 20450K .......... .......... .......... .......... .......... 40% 46.9M 1s
 20500K .......... .......... .......... .......... .......... 40% 40.0M 1s
 20550K .......... .......... .......... .......... .......... 40% 50.0M 1s
 20600K .......... .......... .......... .......... .......... 40% 81.4M 1s
 20650K .......... .......... .......... .......... .......... 41% 98.4M 1s
 20700K .......... .......... .......... .......... .......... 41%  110M 1s
 20750K .......... .......... .......... .......... .......... 41%  108M 1s
 20800K .......... .......... .......... .......... .......... 41% 77.5M 1s
 20850K .......... .......... .......... .......... .......... 41% 48.6M 1s
 20900K .......... .......... .......... .......... .......... 41%  101M 1s
 20950K .......... .......... .......... .......... .......... 41% 53.0M 1s
 21000K .......... .......... .......... .......... .......... 41% 51.4M 1s
 21050K .......... .......... .......... .......... .......... 41% 77.4M 1s
 21100K .......... .......... .......... .......... .......... 41% 93.2M 1s
 21150K .......... .......... .......... .......... .......... 42% 57.9M 1s
 21200K .......... .......... .......... .......... .......... 42%  104M 1s
 21250K .......... .......... .......... .......... .......... 42%  124M 1s
 21300K .......... .......... .......... .......... .......... 42%  127M 1s
 21350K .......... .......... .......... .......... .......... 42%  117M 1s
 21400K .......... .......... .......... .......... .......... 42% 94.5M 1s
 21450K .......... .......... .......... .......... .......... 42%  126M 1s
 21500K .......... .......... .......... .......... .......... 42%  124M 1s
 21550K .......... .......... .......... .......... .......... 42%  103M 1s
 21600K .......... .......... .......... .......... .......... 42% 98.5M 1s
 21650K .......... .......... .......... .......... .......... 43% 78.9M 1s
 21700K .......... .......... .......... .......... .......... 43% 26.3M 1s
 21750K .......... .......... .......... .......... .......... 43% 49.3M 1s
 21800K .......... .......... .......... .......... .......... 43% 88.1M 1s
 21850K .......... .......... .......... .......... .......... 43% 36.1M 1s
 21900K .......... .......... .......... .......... .......... 43% 75.5M 1s
 21950K .......... .......... .......... .......... .......... 43% 51.3M 1s
 22000K .......... .......... .......... .......... .......... 43% 81.1M 1s
 22050K .......... .......... .......... .......... .......... 43%  106M 1s
 22100K .......... .......... .......... .......... .......... 43% 59.9M 1s
 22150K .......... .......... .......... .......... .......... 43%  128M 1s
 22200K .......... .......... .......... .......... .......... 44%  119M 1s
 22250K .......... .......... .......... .......... .......... 44% 89.9M 1s
 22300K .......... .......... .......... .......... .......... 44%  122M 1s
 22350K .......... .......... .......... .......... .......... 44%  106M 1s
 22400K .......... .......... .......... .......... .......... 44%  111M 1s
 22450K .......... .......... .......... .......... .......... 44%  108M 1s
 22500K .......... .......... .......... .......... .......... 44% 48.5M 1s
 22550K .......... .......... .......... .......... .......... 44%  123M 1s
 22600K .......... .......... .......... .......... .......... 44% 30.8M 1s
 22650K .......... .......... .......... .......... .......... 44% 45.8M 1s
 22700K .......... .......... .......... .......... .......... 45%  108M 1s
 22750K .......... .......... .......... .......... .......... 45%  108M 1s
 22800K .......... .......... .......... .......... .......... 45%  140M 1s
 22850K .......... .......... .......... .......... .......... 45%  116M 1s
 22900K .......... .......... .......... .......... .......... 45%  105M 1s
 22950K .......... .......... .......... .......... .......... 45%  120M 1s
 23000K .......... .......... .......... .......... .......... 45% 93.4M 1s
 23050K .......... .......... .......... .......... .......... 45%  115M 1s
 23100K .......... .......... .......... .......... .......... 45%  117M 1s
 23150K .......... .......... .......... .......... .......... 45%  115M 1s
 23200K .......... .......... .......... .......... .......... 46%  124M 1s
 23250K .......... .......... .......... .......... .......... 46% 97.4M 1s
 23300K .......... .......... .......... .......... .......... 46%  120M 1s
 23350K .......... .......... .......... .......... .......... 46%  129M 1s
 23400K .......... .......... .......... .......... .......... 46% 87.7M 1s
 23450K .......... .......... .......... .......... .......... 46%  112M 1s
 23500K .......... .......... .......... .......... .......... 46%  116M 1s
 23550K .......... .......... .......... .......... .......... 46%  112M 1s
 23600K .......... .......... .......... .......... .......... 46%  122M 1s
 23650K .......... .......... .......... .......... .......... 46%  109M 1s
 23700K .......... .......... .......... .......... .......... 47% 98.0M 1s
 23750K .......... .......... .......... .......... .......... 47%  108M 1s
 23800K .......... .......... .......... .......... .......... 47%  103M 1s
 23850K .......... .......... .......... .......... .......... 47%  101M 1s
 23900K .......... .......... .......... .......... .......... 47%  115M 1s
 23950K .......... .......... .......... .......... .......... 47%  105M 1s
 24000K .......... .......... .......... .......... .......... 47%  120M 1s
 24050K .......... .......... .......... .......... .......... 47%  106M 1s
 24100K .......... .......... .......... .......... .......... 47%  130M 1s
 24150K .......... .......... .......... .......... .......... 47%  117M 1s
 24200K .......... .......... .......... .......... .......... 48% 29.4M 1s
 24250K .......... .......... .......... .......... .......... 48% 98.2M 1s
 24300K .......... .......... .......... .......... .......... 48% 50.3M 1s
 24350K .......... .......... .......... .......... .......... 48% 56.6M 1s
 24400K .......... .......... .......... .......... .......... 48% 44.2M 1s
 24450K .......... .......... .......... .......... .......... 48% 86.7M 1s
 24500K .......... .......... .......... .......... .......... 48%  127M 0s
 24550K .......... .......... .......... .......... .......... 48%  126M 0s
 24600K .......... .......... .......... .......... .......... 48% 97.1M 0s
 24650K .......... .......... .......... .......... .......... 48% 33.1M 0s
 24700K .......... .......... .......... .......... .......... 49%  116M 0s
 24750K .......... .......... .......... .......... .......... 49%  123M 0s
 24800K .......... .......... .......... .......... .......... 49% 82.2M 0s
 24850K .......... .......... .......... .......... .......... 49% 34.9M 0s
 24900K .......... .......... .......... .......... .......... 49%  102M 0s
 24950K .......... .......... .......... .......... .......... 49%  148M 0s
 25000K .......... .......... .......... .......... .......... 49% 40.4M 0s
 25050K .......... .......... .......... .......... .......... 49% 97.4M 0s
 25100K .......... .......... .......... .......... .......... 49% 52.7M 0s
 25150K .......... .......... .......... .......... .......... 49%  114M 0s
 25200K .......... .......... .......... .......... .......... 50%  129M 0s
 25250K .......... .......... .......... .......... .......... 50% 95.1M 0s
 25300K .......... .......... .......... .......... .......... 50% 54.9M 0s
 25350K .......... .......... .......... .......... .......... 50% 94.9M 0s
 25400K .......... .......... .......... .......... .......... 50%  104M 0s
 25450K .......... .......... .......... .......... .......... 50%  129M 0s
 25500K .......... .......... .......... .......... .......... 50%  125M 0s
 25550K .......... .......... .......... .......... .......... 50% 50.4M 0s
 25600K .......... .......... .......... .......... .......... 50% 46.4M 0s
 25650K .......... .......... .......... .......... .......... 50% 50.8M 0s
 25700K .......... .......... .......... .......... .......... 51% 99.6M 0s
 25750K .......... .......... .......... .......... .......... 51% 55.6M 0s
 25800K .......... .......... .......... .......... .......... 51%  107M 0s
 25850K .......... .......... .......... .......... .......... 51% 71.5M 0s
 25900K .......... .......... .......... .......... .......... 51%  123M 0s
 25950K .......... .......... .......... .......... .......... 51%  121M 0s
 26000K .......... .......... .......... .......... .......... 51%  128M 0s
 26050K .......... .......... .......... .......... .......... 51%  123M 0s
 26100K .......... .......... .......... .......... .......... 51%  135M 0s
 26150K .......... .......... .......... .......... .......... 51% 74.9M 0s
 26200K .......... .......... .......... .......... .......... 52%  109M 0s
 26250K .......... .......... .......... .......... .......... 52% 99.6M 0s
 26300K .......... .......... .......... .......... .......... 52% 68.4M 0s
 26350K .......... .......... .......... .......... .......... 52% 52.8M 0s
 26400K .......... .......... .......... .......... .......... 52% 98.2M 0s
 26450K .......... .......... .......... .......... .......... 52% 43.8M 0s
 26500K .......... .......... .......... .......... .......... 52%  116M 0s
 26550K .......... .......... .......... .......... .......... 52%  108M 0s
 26600K .......... .......... .......... .......... .......... 52%  110M 0s
 26650K .......... .......... .......... .......... .......... 52% 92.0M 0s
 26700K .......... .......... .......... .......... .......... 53%  120M 0s
 26750K .......... .......... .......... .......... .......... 53%  102M 0s
 26800K .......... .......... .......... .......... .......... 53% 98.4M 0s
 26850K .......... .......... .......... .......... .......... 53%  146M 0s
 26900K .......... .......... .......... .......... .......... 53%  118M 0s
 26950K .......... .......... .......... .......... .......... 53%  107M 0s
 27000K .......... .......... .......... .......... .......... 53% 91.8M 0s
 27050K .......... .......... .......... .......... .......... 53%  137M 0s
 27100K .......... .......... .......... .......... .......... 53%  112M 0s
 27150K .......... .......... .......... .......... .......... 53%  107M 0s
 27200K .......... .......... .......... .......... .......... 54%  126M 0s
 27250K .......... .......... .......... .......... .......... 54%  107M 0s
 27300K .......... .......... .......... .......... .......... 54%  117M 0s
 27350K .......... .......... .......... .......... .......... 54%  116M 0s
 27400K .......... .......... .......... .......... .......... 54%  124M 0s
 27450K .......... .......... .......... .......... .......... 54% 22.2M 0s
 27500K .......... .......... .......... .......... .......... 54% 40.5M 0s
 27550K .......... .......... .......... .......... .......... 54% 62.5M 0s
 27600K .......... .......... .......... .......... .......... 54%  102M 0s
 27650K .......... .......... .......... .......... .......... 54% 48.1M 0s
 27700K .......... .......... .......... .......... .......... 54% 34.4M 0s
 27750K .......... .......... .......... .......... .......... 55% 50.0M 0s
 27800K .......... .......... .......... .......... .......... 55% 44.8M 0s
 27850K .......... .......... .......... .......... .......... 55%  106M 0s
 27900K .......... .......... .......... .......... .......... 55% 89.7M 0s
 27950K .......... .......... .......... .......... .......... 55% 66.4M 0s
 28000K .......... .......... .......... .......... .......... 55% 88.7M 0s
 28050K .......... .......... .......... .......... .......... 55% 79.6M 0s
 28100K .......... .......... .......... .......... .......... 55%  103M 0s
 28150K .......... .......... .......... .......... .......... 55%  113M 0s
 28200K .......... .......... .......... .......... .......... 55% 33.8M 0s
 28250K .......... .......... .......... .......... .......... 56% 84.0M 0s
 28300K .......... .......... .......... .......... .......... 56% 53.4M 0s
 28350K .......... .......... .......... .......... .......... 56% 98.6M 0s
 28400K .......... .......... .......... .......... .......... 56% 95.3M 0s
 28450K .......... .......... .......... .......... .......... 56%  110M 0s
 28500K .......... .......... .......... .......... .......... 56% 56.0M 0s
 28550K .......... .......... .......... .......... .......... 56% 87.0M 0s
 28600K .......... .......... .......... .......... .......... 56% 92.4M 0s
 28650K .......... .......... .......... .......... .......... 56% 80.5M 0s
 28700K .......... .......... .......... .......... .......... 56%  144M 0s
 28750K .......... .......... .......... .......... .......... 57%  136M 0s
 28800K .......... .......... .......... .......... .......... 57% 34.3M 0s
 28850K .......... .......... .......... .......... .......... 57% 94.3M 0s
 28900K .......... .......... .......... .......... .......... 57%  114M 0s
 28950K .......... .......... .......... .......... .......... 57% 52.1M 0s
 29000K .......... .......... .......... .......... .......... 57% 84.6M 0s
 29050K .......... .......... .......... .......... .......... 57%  123M 0s
 29100K .......... .......... .......... .......... .......... 57%  125M 0s
 29150K .......... .......... .......... .......... .......... 57% 31.4M 0s
 29200K .......... .......... .......... .......... .......... 57%  107M 0s
 29250K .......... .......... .......... .......... .......... 58% 49.3M 0s
 29300K .......... .......... .......... .......... .......... 58%  114M 0s
 29350K .......... .......... .......... .......... .......... 58%  123M 0s
 29400K .......... .......... .......... .......... .......... 58% 44.3M 0s
 29450K .......... .......... .......... .......... .......... 58% 42.9M 0s
 29500K .......... .......... .......... .......... .......... 58%  113M 0s
 29550K .......... .......... .......... .......... .......... 58%  114M 0s
 29600K .......... .......... .......... .......... .......... 58%  115M 0s
 29650K .......... .......... .......... .......... .......... 58%  124M 0s
 29700K .......... .......... .......... .......... .......... 58%  108M 0s
 29750K .......... .......... .......... .......... .......... 59%  111M 0s
 29800K .......... .......... .......... .......... .......... 59%  121M 0s
 29850K .......... .......... .......... .......... .......... 59% 80.8M 0s
 29900K .......... .......... .......... .......... .......... 59% 81.0M 0s
 29950K .......... .......... .......... .......... .......... 59%  109M 0s
 30000K .......... .......... .......... .......... .......... 59%  132M 0s
 30050K .......... .......... .......... .......... .......... 59%  116M 0s
 30100K .......... .......... .......... .......... .......... 59%  132M 0s
 30150K .......... .......... .......... .......... .......... 59%  137M 0s
 30200K .......... .......... .......... .......... .......... 59%  128M 0s
 30250K .......... .......... .......... .......... .......... 60%  109M 0s
 30300K .......... .......... .......... .......... .......... 60%  101M 0s
 30350K .......... .......... .......... .......... .......... 60% 96.6M 0s
 30400K .......... .......... .......... .......... .......... 60%  143M 0s
 30450K .......... .......... .......... .......... .......... 60% 51.1M 0s
 30500K .......... .......... .......... .......... .......... 60% 51.4M 0s
 30550K .......... .......... .......... .......... .......... 60% 31.1M 0s
 30600K .......... .......... .......... .......... .......... 60% 84.2M 0s
 30650K .......... .......... .......... .......... .......... 60%  109M 0s
 30700K .......... .......... .......... .......... .......... 60%  139M 0s
 30750K .......... .......... .......... .......... .......... 61%  101M 0s
 30800K .......... .......... .......... .......... .......... 61%  156M 0s
 30850K .......... .......... .......... .......... .......... 61% 90.8M 0s
 30900K .......... .......... .......... .......... .......... 61% 83.2M 0s
 30950K .......... .......... .......... .......... .......... 61%  114M 0s
 31000K .......... .......... .......... .......... .......... 61%  107M 0s
 31050K .......... .......... .......... .......... .......... 61%  108M 0s
 31100K .......... .......... .......... .......... .......... 61%  125M 0s
 31150K .......... .......... .......... .......... .......... 61%  133M 0s
 31200K .......... .......... .......... .......... .......... 61% 22.5M 0s
 31250K .......... .......... .......... .......... .......... 62%  103M 0s
 31300K .......... .......... .......... .......... .......... 62%  140M 0s
 31350K .......... .......... .......... .......... .......... 62% 48.3M 0s
 31400K .......... .......... .......... .......... .......... 62% 88.2M 0s
 31450K .......... .......... .......... .......... .......... 62%  129M 0s
 31500K .......... .......... .......... .......... .......... 62%  119M 0s
 31550K .......... .......... .......... .......... .......... 62%  117M 0s
 31600K .......... .......... .......... .......... .......... 62%  106M 0s
 31650K .......... .......... .......... .......... .......... 62% 51.3M 0s
 31700K .......... .......... .......... .......... .......... 62%  112M 0s
 31750K .......... .......... .......... .......... .......... 63%  108M 0s
 31800K .......... .......... .......... .......... .......... 63% 91.5M 0s
 31850K .......... .......... .......... .......... .......... 63% 57.3M 0s
 31900K .......... .......... .......... .......... .......... 63% 96.9M 0s
 31950K .......... .......... .......... .......... .......... 63%  104M 0s
 32000K .......... .......... .......... .......... .......... 63% 93.8M 0s
 32050K .......... .......... .......... .......... .......... 63% 55.9M 0s
 32100K .......... .......... .......... .......... .......... 63% 51.5M 0s
 32150K .......... .......... .......... .......... .......... 63%  104M 0s
 32200K .......... .......... .......... .......... .......... 63% 30.0M 0s
 32250K .......... .......... .......... .......... .......... 64% 79.8M 0s
 32300K .......... .......... .......... .......... .......... 64%  107M 0s
 32350K .......... .......... .......... .......... .......... 64% 76.2M 0s
 32400K .......... .......... .......... .......... .......... 64% 93.1M 0s
 32450K .......... .......... .......... .......... .......... 64%  107M 0s
 32500K .......... .......... .......... .......... .......... 64%  122M 0s
 32550K .......... .......... .......... .......... .......... 64% 49.3M 0s
 32600K .......... .......... .......... .......... .......... 64% 46.0M 0s
 32650K .......... .......... .......... .......... .......... 64%  110M 0s
 32700K .......... .......... .......... .......... .......... 64%  100M 0s
 32750K .......... .......... .......... .......... .......... 65%  103M 0s
 32800K .......... .......... .......... .......... .......... 65% 56.5M 0s
 32850K .......... .......... .......... .......... .......... 65%  102M 0s
 32900K .......... .......... .......... .......... .......... 65%  112M 0s
 32950K .......... .......... .......... .......... .......... 65% 54.3M 0s
 33000K .......... .......... .......... .......... .......... 65% 94.1M 0s
 33050K .......... .......... .......... .......... .......... 65%  108M 0s
 33100K .......... .......... .......... .......... .......... 65% 52.1M 0s
 33150K .......... .......... .......... .......... .......... 65%  109M 0s
 33200K .......... .......... .......... .......... .......... 65% 82.9M 0s
 33250K .......... .......... .......... .......... .......... 65% 95.7M 0s
 33300K .......... .......... .......... .......... .......... 66% 97.5M 0s
 33350K .......... .......... .......... .......... .......... 66%  140M 0s
 33400K .......... .......... .......... .......... .......... 66%  103M 0s
 33450K .......... .......... .......... .......... .......... 66%  130M 0s
 33500K .......... .......... .......... .......... .......... 66% 34.9M 0s
 33550K .......... .......... .......... .......... .......... 66% 95.7M 0s
 33600K .......... .......... .......... .......... .......... 66%  121M 0s
 33650K .......... .......... .......... .......... .......... 66%  116M 0s
 33700K .......... .......... .......... .......... .......... 66%  122M 0s
 33750K .......... .......... .......... .......... .......... 66%  121M 0s
 33800K .......... .......... .......... .......... .......... 67%  102M 0s
 33850K .......... .......... .......... .......... .......... 67%  108M 0s
 33900K .......... .......... .......... .......... .......... 67%  112M 0s
 33950K .......... .......... .......... .......... .......... 67%  127M 0s
 34000K .......... .......... .......... .......... .......... 67%  102M 0s
 34050K .......... .......... .......... .......... .......... 67%  114M 0s
 34100K .......... .......... .......... .......... .......... 67%  121M 0s
 34150K .......... .......... .......... .......... .......... 67%  115M 0s
 34200K .......... .......... .......... .......... .......... 67% 96.6M 0s
 34250K .......... .......... .......... .......... .......... 67% 99.9M 0s
 34300K .......... .......... .......... .......... .......... 68%  121M 0s
 34350K .......... .......... .......... .......... .......... 68%  136M 0s
 34400K .......... .......... .......... .......... .......... 68% 92.3M 0s
 34450K .......... .......... .......... .......... .......... 68%  106M 0s
 34500K .......... .......... .......... .......... .......... 68%  108M 0s
 34550K .......... .......... .......... .......... .......... 68%  164M 0s
 34600K .......... .......... .......... .......... .......... 68% 30.1M 0s
 34650K .......... .......... .......... .......... .......... 68% 90.2M 0s
 34700K .......... .......... .......... .......... .......... 68% 33.5M 0s
 34750K .......... .......... .......... .......... .......... 68% 54.4M 0s
 34800K .......... .......... .......... .......... .......... 69% 48.2M 0s
 34850K .......... .......... .......... .......... .......... 69%  103M 0s
 34900K .......... .......... .......... .......... .......... 69%  120M 0s
 34950K .......... .......... .......... .......... .......... 69%  118M 0s
 35000K .......... .......... .......... .......... .......... 69% 30.0M 0s
 35050K .......... .......... .......... .......... .......... 69%  105M 0s
 35100K .......... .......... .......... .......... .......... 69%  116M 0s
 35150K .......... .......... .......... .......... .......... 69% 51.6M 0s
 35200K .......... .......... .......... .......... .......... 69% 95.7M 0s
 35250K .......... .......... .......... .......... .......... 69% 44.2M 0s
 35300K .......... .......... .......... .......... .......... 70%  112M 0s
 35350K .......... .......... .......... .......... .......... 70%  124M 0s
 35400K .......... .......... .......... .......... .......... 70%  120M 0s
 35450K .......... .......... .......... .......... .......... 70% 55.2M 0s
 35500K .......... .......... .......... .......... .......... 70%  113M 0s
 35550K .......... .......... .......... .......... .......... 70%  115M 0s
 35600K .......... .......... .......... .......... .......... 70%  106M 0s
 35650K .......... .......... .......... .......... .......... 70% 49.6M 0s
 35700K .......... .......... .......... .......... .......... 70% 51.5M 0s
 35750K .......... .......... .......... .......... .......... 70%  101M 0s
 35800K .......... .......... .......... .......... .......... 71% 49.3M 0s
 35850K .......... .......... .......... .......... .......... 71%  102M 0s
 35900K .......... .......... .......... .......... .......... 71%  110M 0s
 35950K .......... .......... .......... .......... .......... 71% 52.3M 0s
 36000K .......... .......... .......... .......... .......... 71% 84.3M 0s
 36050K .......... .......... .......... .......... .......... 71% 57.6M 0s
 36100K .......... .......... .......... .......... .......... 71% 97.0M 0s
 36150K .......... .......... .......... .......... .......... 71%  110M 0s
 36200K .......... .......... .......... .......... .......... 71% 51.6M 0s
 36250K .......... .......... .......... .......... .......... 71% 48.6M 0s
 36300K .......... .......... .......... .......... .......... 72%  116M 0s
 36350K .......... .......... .......... .......... .......... 72%  104M 0s
 36400K .......... .......... .......... .......... .......... 72% 80.5M 0s
 36450K .......... .......... .......... .......... .......... 72% 61.7M 0s
 36500K .......... .......... .......... .......... .......... 72% 50.3M 0s
 36550K .......... .......... .......... .......... .......... 72% 91.1M 0s
 36600K .......... .......... .......... .......... .......... 72% 52.0M 0s
 36650K .......... .......... .......... .......... .......... 72% 94.4M 0s
 36700K .......... .......... .......... .......... .......... 72%  111M 0s
 36750K .......... .......... .......... .......... .......... 72% 55.7M 0s
 36800K .......... .......... .......... .......... .......... 73%  103M 0s
 36850K .......... .......... .......... .......... .......... 73%  111M 0s
 36900K .......... .......... .......... .......... .......... 73%  108M 0s
 36950K .......... .......... .......... .......... .......... 73%  117M 0s
 37000K .......... .......... .......... .......... .......... 73% 98.9M 0s
 37050K .......... .......... .......... .......... .......... 73% 88.8M 0s
 37100K .......... .......... .......... .......... .......... 73% 97.3M 0s
 37150K .......... .......... .......... .......... .......... 73%  104M 0s
 37200K .......... .......... .......... .......... .......... 73%  138M 0s
 37250K .......... .......... .......... .......... .......... 73%  107M 0s
 37300K .......... .......... .......... .......... .......... 74%  137M 0s
 37350K .......... .......... .......... .......... .......... 74%  120M 0s
 37400K .......... .......... .......... .......... .......... 74%  112M 0s
 37450K .......... .......... .......... .......... .......... 74%  119M 0s
 37500K .......... .......... .......... .......... .......... 74%  111M 0s
 37550K .......... .......... .......... .......... .......... 74%  107M 0s
 37600K .......... .......... .......... .......... .......... 74%  161M 0s
 37650K .......... .......... .......... .......... .......... 74% 99.6M 0s
 37700K .......... .......... .......... .......... .......... 74%  119M 0s
 37750K .......... .......... .......... .......... .......... 74%  102M 0s
 37800K .......... .......... .......... .......... .......... 75%  122M 0s
 37850K .......... .......... .......... .......... .......... 75% 30.4M 0s
 37900K .......... .......... .......... .......... .......... 75% 49.3M 0s
 37950K .......... .......... .......... .......... .......... 75% 53.0M 0s
 38000K .......... .......... .......... .......... .......... 75%  101M 0s
 38050K .......... .......... .......... .......... .......... 75% 23.2M 0s
 38100K .......... .......... .......... .......... .......... 75%  102M 0s
 38150K .......... .......... .......... .......... .......... 75%  103M 0s
 38200K .......... .......... .......... .......... .......... 75%  121M 0s
 38250K .......... .......... .......... .......... .......... 75%  111M 0s
 38300K .......... .......... .......... .......... .......... 76%  121M 0s
 38350K .......... .......... .......... .......... .......... 76% 95.5M 0s
 38400K .......... .......... .......... .......... .......... 76% 50.9M 0s
 38450K .......... .......... .......... .......... .......... 76%  105M 0s
 38500K .......... .......... .......... .......... .......... 76% 53.6M 0s
 38550K .......... .......... .......... .......... .......... 76%  123M 0s
 38600K .......... .......... .......... .......... .......... 76% 96.8M 0s
 38650K .......... .......... .......... .......... .......... 76% 49.4M 0s
 38700K .......... .......... .......... .......... .......... 76%  105M 0s
 38750K .......... .......... .......... .......... .......... 76%  109M 0s
 38800K .......... .......... .......... .......... .......... 76%  136M 0s
 38850K .......... .......... .......... .......... .......... 77% 49.2M 0s
 38900K .......... .......... .......... .......... .......... 77%  121M 0s
 38950K .......... .......... .......... .......... .......... 77%  112M 0s
 39000K .......... .......... .......... .......... .......... 77% 45.2M 0s
 39050K .......... .......... .......... .......... .......... 77%  115M 0s
 39100K .......... .......... .......... .......... .......... 77%  100M 0s
 39150K .......... .......... .......... .......... .......... 77%  122M 0s
 39200K .......... .......... .......... .......... .......... 77% 62.0M 0s
 39250K .......... .......... .......... .......... .......... 77% 48.2M 0s
 39300K .......... .......... .......... .......... .......... 77% 88.5M 0s
 39350K .......... .......... .......... .......... .......... 78%  112M 0s
 39400K .......... .......... .......... .......... .......... 78%  109M 0s
 39450K .......... .......... .......... .......... .......... 78% 60.4M 0s
 39500K .......... .......... .......... .......... .......... 78% 71.4M 0s
 39550K .......... .......... .......... .......... .......... 78% 31.6M 0s
 39600K .......... .......... .......... .......... .......... 78% 91.0M 0s
 39650K .......... .......... .......... .......... .......... 78%  151M 0s
 39700K .......... .......... .......... .......... .......... 78%  103M 0s
 39750K .......... .......... .......... .......... .......... 78% 52.6M 0s
 39800K .......... .......... .......... .......... .......... 78% 49.7M 0s
 39850K .......... .......... .......... .......... .......... 79% 93.2M 0s
 39900K .......... .......... .......... .......... .......... 79%  101M 0s
 39950K .......... .......... .......... .......... .......... 79%  109M 0s
 40000K .......... .......... .......... .......... .......... 79%  146M 0s
 40050K .......... .......... .......... .......... .......... 79%  107M 0s
 40100K .......... .......... .......... .......... .......... 79% 49.5M 0s
 40150K .......... .......... .......... .......... .......... 79%  112M 0s
 40200K .......... .......... .......... .......... .......... 79%  104M 0s
 40250K .......... .......... .......... .......... .......... 79% 48.8M 0s
 40300K .......... .......... .......... .......... .......... 79%  121M 0s
 40350K .......... .......... .......... .......... .......... 80% 50.6M 0s
 40400K .......... .......... .......... .......... .......... 80%  104M 0s
 40450K .......... .......... .......... .......... .......... 80%  122M 0s
 40500K .......... .......... .......... .......... .......... 80% 48.1M 0s
 40550K .......... .......... .......... .......... .......... 80%  115M 0s
 40600K .......... .......... .......... .......... .......... 80% 95.9M 0s
 40650K .......... .......... .......... .......... .......... 80%  117M 0s
 40700K .......... .......... .......... .......... .......... 80%  116M 0s
 40750K .......... .......... .......... .......... .......... 80% 51.3M 0s
 40800K .......... .......... .......... .......... .......... 80%  101M 0s
 40850K .......... .......... .......... .......... .......... 81%  116M 0s
 40900K .......... .......... .......... .......... .......... 81%  122M 0s
 40950K .......... .......... .......... .......... .......... 81%  110M 0s
 41000K .......... .......... .......... .......... .......... 81%  113M 0s
 41050K .......... .......... .......... .......... .......... 81% 85.3M 0s
 41100K .......... .......... .......... .......... .......... 81%  120M 0s
 41150K .......... .......... .......... .......... .......... 81%  145M 0s
 41200K .......... .......... .......... .......... .......... 81% 96.4M 0s
 41250K .......... .......... .......... .......... .......... 81%  111M 0s
 41300K .......... .......... .......... .......... .......... 81%  122M 0s
 41350K .......... .......... .......... .......... .......... 82%  110M 0s
 41400K .......... .......... .......... .......... .......... 82%  118M 0s
 41450K .......... .......... .......... .......... .......... 82% 89.6M 0s
 41500K .......... .......... .......... .......... .......... 82%  115M 0s
 41550K .......... .......... .......... .......... .......... 82%  101M 0s
 41600K .......... .......... .......... .......... .......... 82%  122M 0s
 41650K .......... .......... .......... .......... .......... 82% 99.6M 0s
 41700K .......... .......... .......... .......... .......... 82%  119M 0s
 41750K .......... .......... .......... .......... .......... 82%  101M 0s
 41800K .......... .......... .......... .......... .......... 82%  103M 0s
 41850K .......... .......... .......... .......... .......... 83% 84.0M 0s
 41900K .......... .......... .......... .......... .......... 83% 61.2M 0s
 41950K .......... .......... .......... .......... .......... 83% 51.2M 0s
 42000K .......... .......... .......... .......... .......... 83% 31.7M 0s
 42050K .......... .......... .......... .......... .......... 83% 48.7M 0s
 42100K .......... .......... .......... .......... .......... 83%  113M 0s
 42150K .......... .......... .......... .......... .......... 83% 95.7M 0s
 42200K .......... .......... .......... .......... .......... 83% 54.4M 0s
 42250K .......... .......... .......... .......... .......... 83% 44.6M 0s
 42300K .......... .......... .......... .......... .......... 83%  117M 0s
 42350K .......... .......... .......... .......... .......... 84%  126M 0s
 42400K .......... .......... .......... .......... .......... 84% 48.2M 0s
 42450K .......... .......... .......... .......... .......... 84%  108M 0s
 42500K .......... .......... .......... .......... .......... 84%  130M 0s
 42550K .......... .......... .......... .......... .......... 84%  111M 0s
 42600K .......... .......... .......... .......... .......... 84% 43.9M 0s
 42650K .......... .......... .......... .......... .......... 84% 51.0M 0s
 42700K .......... .......... .......... .......... .......... 84%  107M 0s
 42750K .......... .......... .......... .......... .......... 84% 57.6M 0s
 42800K .......... .......... .......... .......... .......... 84% 74.8M 0s
 42850K .......... .......... .......... .......... .......... 85%  106M 0s
 42900K .......... .......... .......... .......... .......... 85% 54.3M 0s
 42950K .......... .......... .......... .......... .......... 85%  122M 0s
 43000K .......... .......... .......... .......... .......... 85%  109M 0s
 43050K .......... .......... .......... .......... .......... 85% 28.3M 0s
 43100K .......... .......... .......... .......... .......... 85% 88.3M 0s
 43150K .......... .......... .......... .......... .......... 85% 17.7M 0s
 43200K .......... .......... .......... .......... .......... 85% 58.9M 0s
 43250K .......... .......... .......... .......... .......... 85% 50.9M 0s
 43300K .......... .......... .......... .......... .......... 85%  107M 0s
 43350K .......... .......... .......... .......... .......... 86%  103M 0s
 43400K .......... .......... .......... .......... .......... 86% 47.5M 0s
 43450K .......... .......... .......... .......... .......... 86%  122M 0s
 43500K .......... .......... .......... .......... .......... 86% 51.2M 0s
 43550K .......... .......... .......... .......... .......... 86%  116M 0s
 43600K .......... .......... .......... .......... .......... 86%  101M 0s
 43650K .......... .......... .......... .......... .......... 86% 51.2M 0s
 43700K .......... .......... .......... .......... .......... 86%  107M 0s
 43750K .......... .......... .......... .......... .......... 86%  117M 0s
 43800K .......... .......... .......... .......... .......... 86% 49.1M 0s
 43850K .......... .......... .......... .......... .......... 87% 89.8M 0s
 43900K .......... .......... .......... .......... .......... 87% 52.1M 0s
 43950K .......... .......... .......... .......... .......... 87%  115M 0s
 44000K .......... .......... .......... .......... .......... 87%  114M 0s
 44050K .......... .......... .......... .......... .......... 87%  106M 0s
 44100K .......... .......... .......... .......... .......... 87% 52.5M 0s
 44150K .......... .......... .......... .......... .......... 87% 66.7M 0s
 44200K .......... .......... .......... .......... .......... 87% 96.3M 0s
 44250K .......... .......... .......... .......... .......... 87%  112M 0s
 44300K .......... .......... .......... .......... .......... 87%  124M 0s
 44350K .......... .......... .......... .......... .......... 87%  111M 0s
 44400K .......... .......... .......... .......... .......... 88% 99.2M 0s
 44450K .......... .......... .......... .......... .......... 88%  133M 0s
 44500K .......... .......... .......... .......... .......... 88%  110M 0s
 44550K .......... .......... .......... .......... .......... 88%  121M 0s
 44600K .......... .......... .......... .......... .......... 88%  103M 0s
 44650K .......... .......... .......... .......... .......... 88%  103M 0s
 44700K .......... .......... .......... .......... .......... 88%  124M 0s
 44750K .......... .......... .......... .......... .......... 88%  104M 0s
 44800K .......... .......... .......... .......... .......... 88%  121M 0s
 44850K .......... .......... .......... .......... .......... 88% 97.5M 0s
 44900K .......... .......... .......... .......... .......... 89%  121M 0s
 44950K .......... .......... .......... .......... .......... 89%  104M 0s
 45000K .......... .......... .......... .......... .......... 89%  119M 0s
 45050K .......... .......... .......... .......... .......... 89%  117M 0s
 45100K .......... .......... .......... .......... .......... 89%  109M 0s
 45150K .......... .......... .......... .......... .......... 89%  114M 0s
 45200K .......... .......... .......... .......... .......... 89%  125M 0s
 45250K .......... .......... .......... .......... .......... 89% 92.5M 0s
 45300K .......... .......... .......... .......... .......... 89%  116M 0s
 45350K .......... .......... .......... .......... .......... 89%  107M 0s
 45400K .......... .......... .......... .......... .......... 90%  119M 0s
 45450K .......... .......... .......... .......... .......... 90%  125M 0s
 45500K .......... .......... .......... .......... .......... 90%  106M 0s
 45550K .......... .......... .......... .......... .......... 90%  121M 0s
 45600K .......... .......... .......... .......... .......... 90%  106M 0s
 45650K .......... .......... .......... .......... .......... 90% 98.7M 0s
 45700K .......... .......... .......... .......... .......... 90%  120M 0s
 45750K .......... .......... .......... .......... .......... 90%  103M 0s
 45800K .......... .......... .......... .......... .......... 90% 94.5M 0s
 45850K .......... .......... .......... .......... .......... 90% 92.3M 0s
 45900K .......... .......... .......... .......... .......... 91%  105M 0s
 45950K .......... .......... .......... .......... .......... 91%  134M 0s
 46000K .......... .......... .......... .......... .......... 91%  143M 0s
 46050K .......... .......... .......... .......... .......... 91%  117M 0s
 46100K .......... .......... .......... .......... .......... 91% 23.5M 0s
 46150K .......... .......... .......... .......... .......... 91% 15.4M 0s
 46200K .......... .......... .......... .......... .......... 91% 49.0M 0s
 46250K .......... .......... .......... .......... .......... 91% 31.4M 0s
 46300K .......... .......... .......... .......... .......... 91% 32.5M 0s
 46350K .......... .......... .......... .......... .......... 91% 50.3M 0s
 46400K .......... .......... .......... .......... .......... 92%  113M 0s
 46450K .......... .......... .......... .......... .......... 92% 49.2M 0s
 46500K .......... .......... .......... .......... .......... 92% 98.8M 0s
 46550K .......... .......... .......... .......... .......... 92%  127M 0s
 46600K .......... .......... .......... .......... .......... 92%  102M 0s
 46650K .......... .......... .......... .......... .......... 92% 79.7M 0s
 46700K .......... .......... .......... .......... .......... 92%  105M 0s
 46750K .......... .......... .......... .......... .......... 92%  136M 0s
 46800K .......... .......... .......... .......... .......... 92%  128M 0s
 46850K .......... .......... .......... .......... .......... 92%  134M 0s
 46900K .......... .......... .......... .......... .......... 93%  115M 0s
 46950K .......... .......... .......... .......... .......... 93% 99.0M 0s
 47000K .......... .......... .......... .......... .......... 93%  106M 0s
 47050K .......... .......... .......... .......... .......... 93%  133M 0s
 47100K .......... .......... .......... .......... .......... 93%  112M 0s
 47150K .......... .......... .......... .......... .......... 93%  112M 0s
 47200K .......... .......... .......... .......... .......... 93%  128M 0s
 47250K .......... .......... .......... .......... .......... 93% 89.7M 0s
 47300K .......... .......... .......... .......... .......... 93% 82.8M 0s
 47350K .......... .......... .......... .......... .......... 93%  112M 0s
 47400K .......... .......... .......... .......... .......... 94%  102M 0s
 47450K .......... .......... .......... .......... .......... 94%  137M 0s
 47500K .......... .......... .......... .......... .......... 94%  120M 0s
 47550K .......... .......... .......... .......... .......... 94%  122M 0s
 47600K .......... .......... .......... .......... .......... 94%  118M 0s
 47650K .......... .......... .......... .......... .......... 94%  133M 0s
 47700K .......... .......... .......... .......... .......... 94%  138M 0s
 47750K .......... .......... .......... .......... .......... 94% 83.0M 0s
 47800K .......... .......... .......... .......... .......... 94% 87.3M 0s
 47850K .......... .......... .......... .......... .......... 94%  103M 0s
 47900K .......... .......... .......... .......... .......... 95%  143M 0s
 47950K .......... .......... .......... .......... .......... 95%  139M 0s
 48000K .......... .......... .......... .......... .......... 95%  127M 0s
 48050K .......... .......... .......... .......... .......... 95%  124M 0s
 48100K .......... .......... .......... .......... .......... 95%  108M 0s
 48150K .......... .......... .......... .......... .......... 95%  112M 0s
 48200K .......... .......... .......... .......... .......... 95%  100M 0s
 48250K .......... .......... .......... .......... .......... 95%  117M 0s
 48300K .......... .......... .......... .......... .......... 95%  118M 0s
 48350K .......... .......... .......... .......... .......... 95%  110M 0s
 48400K .......... .......... .......... .......... .......... 96%  123M 0s
 48450K .......... .......... .......... .......... .......... 96%  113M 0s
 48500K .......... .......... .......... .......... .......... 96%  110M 0s
 48550K .......... .......... .......... .......... .......... 96%  110M 0s
 48600K .......... .......... .......... .......... .......... 96% 85.9M 0s
 48650K .......... .......... .......... .......... .......... 96% 96.7M 0s
 48700K .......... .......... .......... .......... .......... 96%  123M 0s
 48750K .......... .......... .......... .......... .......... 96%  124M 0s
 48800K .......... .......... .......... .......... .......... 96%  110M 0s
 48850K .......... .......... .......... .......... .......... 96%  114M 0s
 48900K .......... .......... .......... .......... .......... 97%  120M 0s
 48950K .......... .......... .......... .......... .......... 97% 97.9M 0s
 49000K .......... .......... .......... .......... .......... 97%  107M 0s
 49050K .......... .......... .......... .......... .......... 97% 97.6M 0s
 49100K .......... .......... .......... .......... .......... 97% 99.1M 0s
 49150K .......... .......... .......... .......... .......... 97%  113M 0s
 49200K .......... .......... .......... .......... .......... 97%  127M 0s
 49250K .......... .......... .......... .......... .......... 97%  103M 0s
 49300K .......... .......... .......... .......... .......... 97%  116M 0s
 49350K .......... .......... .......... .......... .......... 97%  123M 0s
 49400K .......... .......... .......... .......... .......... 98% 95.4M 0s
 49450K .......... .......... .......... .......... .......... 98%  116M 0s
 49500K .......... .......... .......... .......... .......... 98%  130M 0s
 49550K .......... .......... .......... .......... .......... 98%  129M 0s
 49600K .......... .......... .......... .......... .......... 98%  122M 0s
 49650K .......... .......... .......... .......... .......... 98%  102M 0s
 49700K .......... .......... .......... .......... .......... 98%  106M 0s
 49750K .......... .......... .......... .......... .......... 98%  124M 0s
 49800K .......... .......... .......... .......... .......... 98% 99.6M 0s
 49850K .......... .......... .......... .......... .......... 98% 95.6M 0s
 49900K .......... .......... .......... .......... .......... 98%  100M 0s
 49950K .......... .......... .......... .......... .......... 99%  130M 0s
 50000K .......... .......... .......... .......... .......... 99%  138M 0s
 50050K .......... .......... .......... .......... .......... 99% 94.8M 0s
 50100K .......... .......... .......... .......... .......... 99% 89.2M 0s
 50150K .......... .......... .......... .......... .......... 99%  118M 0s
 50200K .......... .......... .......... .......... .......... 99%  134M 0s
 50250K .......... .......... .......... .......... .......... 99%  112M 0s
 50300K .......... .......... .......... .......... .......... 99%  110M 0s
 50350K .......... .......... .......... .......... .......... 99%  134M 0s
 50400K .......... .......... .......... .......... .......... 99%  120M 0s
 50450K .....                                                 100% 10539G=0.8s

2021-02-04 11:17:15 (63.0 MB/s) - `/tmp/firefox-45.4.0esr.tar.bz2' saved [51666458/51666458]


travis_time:end:1e949070:start=1612437434231607325,finish=1612437435920664734,duration=1689057409[0K$ export PATH=$HOME/firefox-45.4.0esr/firefox:$PATH
travis_fold:end:install_firefox[0K
[33;1mSetting environment variables from .travis.yml[0m
$ export DISPLAY=:99

$ java -Xmx32m -version
java version "1.8.0_31"
Java(TM) SE Runtime Environment (build 1.8.0_31-b13)
Java HotSpot(TM) 64-Bit Server VM (build 25.31-b07, mixed mode)
$ javac -J-Xmx32m -version
javac 1.8.0_31
travis_fold:start:before_install.1[0Ktravis_time:start:2331a5ec[0K$ wget https://github.com/mozilla/geckodriver/releases/download/v0.11.1/geckodriver-v0.11.1-linux64.tar.gz
--2021-02-04 11:17:23--  https://github.com/mozilla/geckodriver/releases/download/v0.11.1/geckodriver-v0.11.1-linux64.tar.gz
Resolving github.com (github.com)... 192.30.255.112
Connecting to github.com (github.com)|192.30.255.112|:443... connected.
HTTP request sent, awaiting response... 302 Found
Location: https://github-releases.githubusercontent.com/25354393/41cecaf2-8ee8-11e6-82f4-6b74b02d025d?X-Amz-Algorithm=AWS4-HMAC-SHA256&X-Amz-Credential=AKIAIWNJYAX4CSVEH53A%2F20210204%2Fus-east-1%2Fs3%2Faws4_request&X-Amz-Date=20210204T111723Z&X-Amz-Expires=300&X-Amz-Signature=c585b2cd59da335e6f52f1124da9031829af9a84ce01e3d404a7b47c379fc6c6&X-Amz-SignedHeaders=host&actor_id=0&key_id=0&repo_id=25354393&response-content-disposition=attachment%3B%20filename%3Dgeckodriver-v0.11.1-linux64.tar.gz&response-content-type=application%2Foctet-stream [following]
--2021-02-04 11:17:23--  https://github-releases.githubusercontent.com/25354393/41cecaf2-8ee8-11e6-82f4-6b74b02d025d?X-Amz-Algorithm=AWS4-HMAC-SHA256&X-Amz-Credential=AKIAIWNJYAX4CSVEH53A%2F20210204%2Fus-east-1%2Fs3%2Faws4_request&X-Amz-Date=20210204T111723Z&X-Amz-Expires=300&X-Amz-Signature=c585b2cd59da335e6f52f1124da9031829af9a84ce01e3d404a7b47c379fc6c6&X-Amz-SignedHeaders=host&actor_id=0&key_id=0&repo_id=25354393&response-content-disposition=attachment%3B%20filename%3Dgeckodriver-v0.11.1-linux64.tar.gz&response-content-type=application%2Foctet-stream
Resolving github-releases.githubusercontent.com (github-releases.githubusercontent.com)... 185.199.108.154, 185.199.109.154, 185.199.110.154, ...
Connecting to github-releases.githubusercontent.com (github-releases.githubusercontent.com)|185.199.108.154|:443... connected.
ERROR: no certificate subject alternative name matches
	requested host name `github-releases.githubusercontent.com'.
To connect to github-releases.githubusercontent.com insecurely, use `--no-check-certificate'.

travis_time:end:2331a5ec:start=1612437443167463409,finish=1612437443491433162,duration=323969753[0K
[31;1mThe command "wget https://github.com/mozilla/geckodriver/releases/download/v0.11.1/geckodriver-v0.11.1-linux64.tar.gz" failed and exited with 5 during .[0m

Your build has been stopped.
