travis_fold:start:system_info[0K[33;1mBuild system information[0m
Build language: java
Build group: stable
Build dist: precise
Build id: ''
Job id: ''
[34m[1mBuild image provisioning date and time[0m
Thu Feb  5 15:09:33 UTC 2015
[34m[1mOperating System Details[0m
Distributor ID:	Ubuntu
Description:	Ubuntu 12.04.5 LTS
Release:	12.04
Codename:	precise
[34m[1mLinux Version[0m
3.13.0-29-generic
[34m[1mCookbooks Version[0m
a68419e https://github.com/travis-ci/travis-cookbooks/tree/a68419e
[34m[1mGCC version[0m
gcc (Ubuntu/Linaro 4.6.3-1ubuntu5) 4.6.3
Copyright (C) 2011 Free Software Foundation, Inc.
This is free software; see the source for copying conditions.  There is NO
warranty; not even for MERCHANTABILITY or FITNESS FOR A PARTICULAR PURPOSE.

[34m[1mLLVM version[0m
clang version 3.4 (tags/RELEASE_34/final)
Target: x86_64-unknown-linux-gnu
Thread model: posix
[34m[1mPre-installed Ruby versions[0m
ruby-1.9.3-p551
[34m[1mPre-installed Node.js versions[0m
v0.10.36
[34m[1mPre-installed Go versions[0m
1.4.1
[34m[1mRedis version[0m
redis-server 2.8.19
[34m[1mriak version[0m
2.0.2
[34m[1mMongoDB version[0m
MongoDB 2.4.12
[34m[1mCouchDB version[0m
couchdb 1.6.1
[34m[1mNeo4j version[0m
1.9.4
[34m[1mRabbitMQ Version[0m
3.4.3
[34m[1mElasticSearch version[0m
1.4.0
[34m[1mInstalled Sphinx versions[0m
2.0.10
2.1.9
2.2.6
[34m[1mDefault Sphinx version[0m
2.2.6
[34m[1mInstalled Firefox version[0m
firefox 31.0esr
[34m[1mPhantomJS version[0m
1.9.8
[34m[1mant -version[0m
Apache Ant(TM) version 1.8.2 compiled on December 3 2011
[34m[1mmvn -version[0m
Apache Maven 3.2.5 (12a6b3acb947671f09b81f49094c53f426d8cea1; 2014-12-14T17:29:23+00:00)
Maven home: /usr/local/maven
Java version: 1.7.0_76, vendor: Oracle Corporation
Java home: /usr/lib/jvm/java-7-oracle/jre
Default locale: en_US, platform encoding: ANSI_X3.4-1968
OS name: "linux", version: "3.13.0-29-generic", arch: "amd64", family: "unix"
travis_fold:end:system_info[0K
W: GPG error: http://apt.postgresql.org precise-pgdg Release: The following signatures were invalid: KEYEXPIRED 1562078959
W: Failed to fetch http://ppa.launchpad.net/travis-ci/zero-mq/ubuntu/dists/precise/main/binary-amd64/Packages  403  Forbidden

W: Failed to fetch http://ppa.launchpad.net/travis-ci/zero-mq/ubuntu/dists/precise/main/binary-i386/Packages  403  Forbidden

W: Failed to fetch http://downloads-distro.mongodb.org/repo/debian-sysvinit/dists/dist/10gen/binary-amd64/Packages  Undetermined Error [IP: 52.206.222.245 80]

W: Failed to fetch http://downloads-distro.mongodb.org/repo/debian-sysvinit/dists/dist/10gen/binary-i386/Packages  Undetermined Error [IP: 52.206.222.245 80]

E: Some index files failed to download. They have been ignored, or old ones used instead.
sed: cannot rename /etc/hosts: Device or resource busy
sed: cannot rename /etc/hosts: Device or resource busy
$ jdk_switcher use oraclejdk8
Switching to Oracle JDK8 (java-8-oracle), JAVA_HOME will be set to /usr/lib/jvm/java-8-oracle
$ cd passed/galenframework/galen
travis_fold:start:install_firefox[0K$ export FIREFOX_SOURCE_URL='https://download.mozilla.org/?product=firefox-45.4.0esr&lang=en-US&os=linux64'
[33;1mInstalling Firefox 45.4.0esr[0m
travis_time:start:07e704dc[0K$ wget -O /tmp/firefox-45.4.0esr.tar.bz2 $FIREFOX_SOURCE_URL
--2021-02-04 11:18:49--  https://download.mozilla.org/?product=firefox-45.4.0esr&lang=en-US&os=linux64
Resolving download.mozilla.org (download.mozilla.org)... 52.37.207.46, 34.218.113.0, 35.161.138.191
Connecting to download.mozilla.org (download.mozilla.org)|52.37.207.46|:443... connected.
HTTP request sent, awaiting response... 302 Found
Location: https://download-installer.cdn.mozilla.net/pub/firefox/releases/45.4.0esr/linux-x86_64/en-US/firefox-45.4.0esr.tar.bz2 [following]
--2021-02-04 11:18:49--  https://download-installer.cdn.mozilla.net/pub/firefox/releases/45.4.0esr/linux-x86_64/en-US/firefox-45.4.0esr.tar.bz2
Resolving download-installer.cdn.mozilla.net (download-installer.cdn.mozilla.net)... 13.224.26.58, 2600:9000:2164:7000:e:19d6:1546:5981, 2600:9000:2164:1800:e:19d6:1546:5981, ...
Connecting to download-installer.cdn.mozilla.net (download-installer.cdn.mozilla.net)|13.224.26.58|:443... connected.
HTTP request sent, awaiting response... 200 OK
Length: 51666458 (49M) [application/x-tar]
Saving to: `/tmp/firefox-45.4.0esr.tar.bz2'

     0K .......... .......... .......... .......... ..........  0% 1.87M 26s
    50K .......... .......... .......... .......... ..........  0% 2.25M 24s
   100K .......... .......... .......... .......... ..........  0% 5.60M 19s
   150K .......... .......... .......... .......... ..........  0% 3.91M 17s
   200K .......... .......... .......... .......... ..........  0% 7.41M 15s
   250K .......... .......... .......... .......... ..........  0% 8.38M 14s
   300K .......... .......... .......... .......... ..........  0% 9.46M 12s
   350K .......... .......... .......... .......... ..........  0% 14.6M 11s
   400K .......... .......... .......... .......... ..........  0% 10.8M 10s
   450K .......... .......... .......... .......... ..........  0% 14.2M 10s
   500K .......... .......... .......... .......... ..........  1% 16.2M 9s
   550K .......... .......... .......... .......... ..........  1% 16.1M 9s
   600K .......... .......... .......... .......... ..........  1% 17.6M 8s
   650K .......... .......... .......... .......... ..........  1% 19.2M 8s
   700K .......... .......... .......... .......... ..........  1% 19.3M 7s
   750K .......... .......... .......... .......... ..........  1% 34.8M 7s
   800K .......... .......... .......... .......... ..........  1% 21.9M 7s
   850K .......... .......... .......... .......... ..........  1% 25.0M 6s
   900K .......... .......... .......... .......... ..........  1% 42.9M 6s
   950K .......... .......... .......... .......... ..........  1% 27.3M 6s
  1000K .......... .......... .......... .......... ..........  2% 41.9M 6s
  1050K .......... .......... .......... .......... ..........  2% 26.7M 6s
  1100K .......... .......... .......... .......... ..........  2% 49.6M 5s
  1150K .......... .......... .......... .......... ..........  2% 31.0M 5s
  1200K .......... .......... .......... .......... ..........  2% 29.8M 5s
  1250K .......... .......... .......... .......... ..........  2% 58.7M 5s
  1300K .......... .......... .......... .......... ..........  2% 34.5M 5s
  1350K .......... .......... .......... .......... ..........  2% 46.9M 5s
  1400K .......... .......... .......... .......... ..........  2% 35.9M 4s
  1450K .......... .......... .......... .......... ..........  2% 68.9M 4s
  1500K .......... .......... .......... .......... ..........  3% 39.7M 4s
  1550K .......... .......... .......... .......... ..........  3% 40.7M 4s
  1600K .......... .......... .......... .......... ..........  3% 39.4M 4s
  1650K .......... .......... .......... .......... ..........  3% 54.1M 4s
  1700K .......... .......... .......... .......... ..........  3% 81.0M 4s
  1750K .......... .......... .......... .......... ..........  3% 51.2M 4s
  1800K .......... .......... .......... .......... ..........  3% 47.4M 4s
  1850K .......... .......... .......... .......... ..........  3%  123M 4s
  1900K .......... .......... .......... .......... ..........  3% 51.7M 4s
  1950K .......... .......... .......... .......... ..........  3% 53.5M 3s
  2000K .......... .......... .......... .......... ..........  4% 51.1M 3s
  2050K .......... .......... .......... .......... ..........  4% 61.5M 3s
  2100K .......... .......... .......... .......... ..........  4%  121M 3s
  2150K .......... .......... .......... .......... ..........  4% 58.0M 3s
  2200K .......... .......... .......... .......... ..........  4% 65.2M 3s
  2250K .......... .......... .......... .......... ..........  4% 66.4M 3s
  2300K .......... .......... .......... .......... ..........  4%  110M 3s
  2350K .......... .......... .......... .......... ..........  4% 69.1M 3s
  2400K .......... .......... .......... .......... ..........  4% 65.2M 3s
  2450K .......... .......... .......... .......... ..........  4% 71.8M 3s
  2500K .......... .......... .......... .......... ..........  5% 78.7M 3s
  2550K .......... .......... .......... .......... ..........  5% 66.9M 3s
  2600K .......... .......... .......... .......... ..........  5% 96.5M 3s
  2650K .......... .......... .......... .......... ..........  5%  113M 3s
  2700K .......... .......... .......... .......... ..........  5% 97.5M 3s
  2750K .......... .......... .......... .......... ..........  5% 85.4M 3s
  2800K .......... .......... .......... .......... ..........  5% 80.6M 3s
  2850K .......... .......... .......... .......... ..........  5% 99.9M 3s
  2900K .......... .......... .......... .......... ..........  5%  100M 2s
  2950K .......... .......... .......... .......... ..........  5% 98.5M 2s
  3000K .......... .......... .......... .......... ..........  6% 95.8M 2s
  3050K .......... .......... .......... .......... ..........  6%  113M 2s
  3100K .......... .......... .......... .......... ..........  6% 99.0M 2s
  3150K .......... .......... .......... .......... ..........  6%  114M 2s
  3200K .......... .......... .......... .......... ..........  6% 84.7M 2s
  3250K .......... .......... .......... .......... ..........  6% 99.6M 2s
  3300K .......... .......... .......... .......... ..........  6%  113M 2s
  3350K .......... .......... .......... .......... ..........  6%  127M 2s
  3400K .......... .......... .......... .......... ..........  6% 86.9M 2s
  3450K .......... .......... .......... .......... ..........  6%  105M 2s
  3500K .......... .......... .......... .......... ..........  7%  111M 2s
  3550K .......... .......... .......... .......... ..........  7%  132M 2s
  3600K .......... .......... .......... .......... ..........  7% 78.5M 2s
  3650K .......... .......... .......... .......... ..........  7% 91.4M 2s
  3700K .......... .......... .......... .......... ..........  7%  113M 2s
  3750K .......... .......... .......... .......... ..........  7%  113M 2s
  3800K .......... .......... .......... .......... ..........  7%  107M 2s
  3850K .......... .......... .......... .......... ..........  7%  124M 2s
  3900K .......... .......... .......... .......... ..........  7%  113M 2s
  3950K .......... .......... .......... .......... ..........  7%  113M 2s
  4000K .......... .......... .......... .......... ..........  8% 85.5M 2s
  4050K .......... .......... .......... .......... ..........  8%  123M 2s
  4100K .......... .......... .......... .......... ..........  8%  108M 2s
  4150K .......... .......... .......... .......... ..........  8%  121M 2s
  4200K .......... .......... .......... .......... ..........  8%  117M 2s
  4250K .......... .......... .......... .......... ..........  8%  104M 2s
  4300K .......... .......... .......... .......... ..........  8% 97.1M 2s
  4350K .......... .......... .......... .......... ..........  8%  122M 2s
  4400K .......... .......... .......... .......... ..........  8% 94.2M 2s
  4450K .......... .......... .......... .......... ..........  8%  120M 2s
  4500K .......... .......... .......... .......... ..........  9%  118M 2s
  4550K .......... .......... .......... .......... ..........  9%  113M 2s
  4600K .......... .......... .......... .......... ..........  9%  105M 2s
  4650K .......... .......... .......... .......... ..........  9%  116M 2s
  4700K .......... .......... .......... .......... ..........  9%  108M 2s
  4750K .......... .......... .......... .......... ..........  9%  113M 2s
  4800K .......... .......... .......... .......... ..........  9% 97.0M 2s
  4850K .......... .......... .......... .......... ..........  9%  113M 2s
  4900K .......... .......... .......... .......... ..........  9%  113M 2s
  4950K .......... .......... .......... .......... ..........  9%  112M 2s
  5000K .......... .......... .......... .......... .......... 10%  122M 2s
  5050K .......... .......... .......... .......... .......... 10%  113M 2s
  5100K .......... .......... .......... .......... .......... 10%  112M 2s
  5150K .......... .......... .......... .......... .......... 10%  126M 2s
  5200K .......... .......... .......... .......... .......... 10% 84.8M 2s
  5250K .......... .......... .......... .......... .......... 10%  100M 1s
  5300K .......... .......... .......... .......... .......... 10%  128M 1s
  5350K .......... .......... .......... .......... .......... 10%  112M 1s
  5400K .......... .......... .......... .......... .......... 10%  109M 1s
  5450K .......... .......... .......... .......... .......... 10%  112M 1s
  5500K .......... .......... .......... .......... .......... 10%  113M 1s
  5550K .......... .......... .......... .......... .......... 11%  129M 1s
  5600K .......... .......... .......... .......... .......... 11% 84.7M 1s
  5650K .......... .......... .......... .......... .......... 11%  128M 1s
  5700K .......... .......... .......... .......... .......... 11%  113M 1s
  5750K .......... .......... .......... .......... .......... 11%  104M 1s
  5800K .......... .......... .......... .......... .......... 11%  113M 1s
  5850K .......... .......... .......... .......... .......... 11%  122M 1s
  5900K .......... .......... .......... .......... .......... 11%  108M 1s
  5950K .......... .......... .......... .......... .......... 11%  126M 1s
  6000K .......... .......... .......... .......... .......... 11% 91.3M 1s
  6050K .......... .......... .......... .......... .......... 12%  107M 1s
  6100K .......... .......... .......... .......... .......... 12%  122M 1s
  6150K .......... .......... .......... .......... .......... 12%  108M 1s
  6200K .......... .......... .......... .......... .......... 12%  101M 1s
  6250K .......... .......... .......... .......... .......... 12%  127M 1s
  6300K .......... .......... .......... .......... .......... 12%  116M 1s
  6350K .......... .......... .......... .......... .......... 12%  112M 1s
  6400K .......... .......... .......... .......... .......... 12% 85.2M 1s
  6450K .......... .......... .......... .......... .......... 12%  127M 1s
  6500K .......... .......... .......... .......... .......... 12%  113M 1s
  6550K .......... .......... .......... .......... .......... 13%  114M 1s
  6600K .......... .......... .......... .......... .......... 13%  107M 1s
  6650K .......... .......... .......... .......... .......... 13%  109M 1s
  6700K .......... .......... .......... .......... .......... 13%  130M 1s
  6750K .......... .......... .......... .......... .......... 13%  115M 1s
  6800K .......... .......... .......... .......... .......... 13% 93.7M 1s
  6850K .......... .......... .......... .......... .......... 13%  113M 1s
  6900K .......... .......... .......... .......... .......... 13%  107M 1s
  6950K .......... .......... .......... .......... .......... 13%  130M 1s
  7000K .......... .......... .......... .......... .......... 13%  104M 1s
  7050K .......... .......... .......... .......... .......... 14%  103M 1s
  7100K .......... .......... .......... .......... .......... 14%  113M 1s
  7150K .......... .......... .......... .......... .......... 14%  123M 1s
  7200K .......... .......... .......... .......... .......... 14% 88.0M 1s
  7250K .......... .......... .......... .......... .......... 14%  112M 1s
  7300K .......... .......... .......... .......... .......... 14%  127M 1s
  7350K .......... .......... .......... .......... .......... 14%  113M 1s
  7400K .......... .......... .......... .......... .......... 14%  107M 1s
  7450K .......... .......... .......... .......... .......... 14%  108M 1s
  7500K .......... .......... .......... .......... .......... 14%  136M 1s
  7550K .......... .......... .......... .......... .......... 15%  111M 1s
  7600K .......... .......... .......... .......... .......... 15% 93.5M 1s
  7650K .......... .......... .......... .......... .......... 15%  109M 1s
  7700K .......... .......... .......... .......... .......... 15%  121M 1s
  7750K .......... .......... .......... .......... .......... 15%  119M 1s
  7800K .......... .......... .......... .......... .......... 15%  106M 1s
  7850K .......... .......... .......... .......... .......... 15%  117M 1s
  7900K .......... .......... .......... .......... .......... 15%  109M 1s
  7950K .......... .......... .......... .......... .......... 15%  120M 1s
  8000K .......... .......... .......... .......... .......... 15% 68.1M 1s
  8050K .......... .......... .......... .......... .......... 16%  123M 1s
  8100K .......... .......... .......... .......... .......... 16%  114M 1s
  8150K .......... .......... .......... .......... .......... 16%  113M 1s
  8200K .......... .......... .......... .......... .......... 16%  108M 1s
  8250K .......... .......... .......... .......... .......... 16%  129M 1s
  8300K .......... .......... .......... .......... .......... 16%  112M 1s
  8350K .......... .......... .......... .......... .......... 16%  109M 1s
  8400K .......... .......... .......... .......... .......... 16% 95.7M 1s
  8450K .......... .......... .......... .......... .......... 16%  113M 1s
  8500K .......... .......... .......... .......... .......... 16%  113M 1s
  8550K .......... .......... .......... .......... .......... 17%  127M 1s
  8600K .......... .......... .......... .......... .......... 17%  108M 1s
  8650K .......... .......... .......... .......... .......... 17%  113M 1s
  8700K .......... .......... .......... .......... .......... 17%  110M 1s
  8750K .......... .......... .......... .......... .......... 17%  129M 1s
  8800K .......... .......... .......... .......... .......... 17% 93.4M 1s
  8850K .......... .......... .......... .......... .......... 17%  113M 1s
  8900K .......... .......... .......... .......... .......... 17%  112M 1s
  8950K .......... .......... .......... .......... .......... 17%  113M 1s
  9000K .......... .......... .......... .......... .......... 17%  118M 1s
  9050K .......... .......... .......... .......... .......... 18%  116M 1s
  9100K .......... .......... .......... .......... .......... 18%  113M 1s
  9150K .......... .......... .......... .......... .......... 18%  113M 1s
  9200K .......... .......... .......... .......... .......... 18% 93.2M 1s
  9250K .......... .......... .......... .......... .......... 18%  111M 1s
  9300K .......... .......... .......... .......... .......... 18%  114M 1s
  9350K .......... .......... .......... .......... .......... 18%  117M 1s
  9400K .......... .......... .......... .......... .......... 18%  116M 1s
  9450K .......... .......... .......... .......... .......... 18%  117M 1s
  9500K .......... .......... .......... .......... .......... 18%  122M 1s
  9550K .......... .......... .......... .......... .......... 19%  112M 1s
  9600K .......... .......... .......... .......... .......... 19% 91.3M 1s
  9650K .......... .......... .......... .......... .......... 19%  121M 1s
  9700K .......... .......... .......... .......... .......... 19%  109M 1s
  9750K .......... .......... .......... .......... .......... 19%  122M 1s
  9800K .......... .......... .......... .......... .......... 19%  104M 1s
  9850K .......... .......... .......... .......... .......... 19%  118M 1s
  9900K .......... .......... .......... .......... .......... 19%  123M 1s
  9950K .......... .......... .......... .......... .......... 19%  112M 1s
 10000K .......... .......... .......... .......... .......... 19% 85.1M 1s
 10050K .......... .......... .......... .......... .......... 20%  128M 1s
 10100K .......... .......... .......... .......... .......... 20%  101M 1s
 10150K .......... .......... .......... .......... .......... 20%  129M 1s
 10200K .......... .......... .......... .......... .......... 20%  109M 1s
 10250K .......... .......... .......... .......... .......... 20%  111M 1s
 10300K .......... .......... .......... .......... .......... 20%  113M 1s
 10350K .......... .......... .......... .......... .......... 20%  129M 1s
 10400K .......... .......... .......... .......... .......... 20% 84.8M 1s
 10450K .......... .......... .......... .......... .......... 20%  113M 1s
 10500K .......... .......... .......... .......... .......... 20%  128M 1s
 10550K .......... .......... .......... .......... .......... 21%  110M 1s
 10600K .......... .......... .......... .......... .......... 21%  109M 1s
 10650K .......... .......... .......... .......... .......... 21%  129M 1s
 10700K .......... .......... .......... .......... .......... 21%  109M 1s
 10750K .......... .......... .......... .......... .......... 21%  116M 1s
 10800K .......... .......... .......... .......... .......... 21% 93.1M 1s
 10850K .......... .......... .......... .......... .......... 21%  113M 1s
 10900K .......... .......... .......... .......... .......... 21%  112M 1s
 10950K .......... .......... .......... .......... .......... 21%  113M 1s
 11000K .......... .......... .......... .......... .......... 21%  117M 1s
 11050K .......... .......... .......... .......... .......... 21%  113M 1s
 11100K .......... .......... .......... .......... .......... 22%  116M 1s
 11150K .......... .......... .......... .......... .......... 22%  114M 1s
 11200K .......... .......... .......... .......... .......... 22% 91.7M 1s
 11250K .......... .......... .......... .......... .......... 22%  120M 1s
 11300K .......... .......... .......... .......... .......... 22%  109M 1s
 11350K .......... .......... .......... .......... .......... 22%  121M 1s
 11400K .......... .......... .......... .......... .......... 22%  114M 1s
 11450K .......... .......... .......... .......... .......... 22%  111M 1s
 11500K .......... .......... .......... .......... .......... 22%  118M 1s
 11550K .......... .......... .......... .......... .......... 22%  119M 1s
 11600K .......... .......... .......... .......... .......... 23% 86.9M 1s
 11650K .......... .......... .......... .......... .......... 23%  121M 1s
 11700K .......... .......... .......... .......... .......... 23%  119M 1s
 11750K .......... .......... .......... .......... .......... 23%  112M 1s
 11800K .......... .......... .......... .......... .......... 23%  109M 1s
 11850K .......... .......... .......... .......... .......... 23%  112M 1s
 11900K .......... .......... .......... .......... .......... 23%  129M 1s
 11950K .......... .......... .......... .......... .......... 23%  113M 1s
 12000K .......... .......... .......... .......... .......... 23% 93.2M 1s
 12050K .......... .......... .......... .......... .......... 23%  113M 1s
 12100K .......... .......... .......... .......... .......... 24%  113M 1s
 12150K .......... .......... .......... .......... .......... 24%  112M 1s
 12200K .......... .......... .......... .......... .......... 24%  122M 1s
 12250K .......... .......... .......... .......... .......... 24%  113M 1s
 12300K .......... .......... .......... .......... .......... 24%  112M 1s
 12350K .......... .......... .......... .......... .......... 24%  111M 1s
 12400K .......... .......... .......... .......... .......... 24% 93.1M 1s
 12450K .......... .......... .......... .......... .......... 24%  114M 1s
 12500K .......... .......... .......... .......... .......... 24%  128M 1s
 12550K .......... .......... .......... .......... .......... 24%  113M 1s
 12600K .......... .......... .......... .......... .......... 25%  108M 1s
 12650K .......... .......... .......... .......... .......... 25%  107M 1s
 12700K .......... .......... .......... .......... .......... 25%  118M 1s
 12750K .......... .......... .......... .......... .......... 25%  113M 1s
 12800K .......... .......... .......... .......... .......... 25% 93.3M 1s
 12850K .......... .......... .......... .......... .......... 25%  113M 1s
 12900K .......... .......... .......... .......... .......... 25%  112M 1s
 12950K .......... .......... .......... .......... .......... 25%  128M 1s
 13000K .......... .......... .......... .......... .......... 25%  102M 1s
 13050K .......... .......... .......... .......... .......... 25%  122M 1s
 13100K .......... .......... .......... .......... .......... 26%  121M 1s
 13150K .......... .......... .......... .......... .......... 26%  111M 1s
 13200K .......... .......... .......... .......... .......... 26% 91.8M 1s
 13250K .......... .......... .......... .......... .......... 26%  108M 1s
 13300K .......... .......... .......... .......... .......... 26%  122M 1s
 13350K .......... .......... .......... .......... .......... 26%  107M 1s
 13400K .......... .......... .......... .......... .......... 26%  111M 1s
 13450K .......... .......... .......... .......... .......... 26%  110M 1s
 13500K .......... .......... .......... .......... .......... 26% 95.0M 1s
 13550K .......... .......... .......... .......... .......... 26%  116M 1s
 13600K .......... .......... .......... .......... .......... 27% 93.9M 1s
 13650K .......... .......... .......... .......... .......... 27%  113M 1s
 13700K .......... .......... .......... .......... .......... 27%  128M 1s
 13750K .......... .......... .......... .......... .......... 27%  112M 1s
 13800K .......... .......... .......... .......... .......... 27% 97.3M 1s
 13850K .......... .......... .......... .......... .......... 27%  122M 1s
 13900K .......... .......... .......... .......... .......... 27%  135M 1s
 13950K .......... .......... .......... .......... .......... 27%  109M 1s
 14000K .......... .......... .......... .......... .......... 27% 96.3M 1s
 14050K .......... .......... .......... .......... .......... 27%  113M 1s
 14100K .......... .......... .......... .......... .......... 28%  113M 1s
 14150K .......... .......... .......... .......... .......... 28%  125M 1s
 14200K .......... .......... .......... .......... .......... 28%  108M 1s
 14250K .......... .......... .......... .......... .......... 28%  112M 1s
 14300K .......... .......... .......... .......... .......... 28%  109M 1s
 14350K .......... .......... .......... .......... .......... 28%  128M 1s
 14400K .......... .......... .......... .......... .......... 28% 87.4M 1s
 14450K .......... .......... .......... .......... .......... 28%  113M 1s
 14500K .......... .......... .......... .......... .......... 28%  113M 1s
 14550K .......... .......... .......... .......... .......... 28%  113M 1s
 14600K .......... .......... .......... .......... .......... 29%  122M 1s
 14650K .......... .......... .......... .......... .......... 29%  110M 1s
 14700K .......... .......... .......... .......... .......... 29%  112M 1s
 14750K .......... .......... .......... .......... .......... 29%  113M 1s
 14800K .......... .......... .......... .......... .......... 29% 94.5M 1s
 14850K .......... .......... .......... .......... .......... 29%  121M 1s
 14900K .......... .......... .......... .......... .......... 29%  121M 1s
 14950K .......... .......... .......... .......... .......... 29%  109M 1s
 15000K .......... .......... .......... .......... .......... 29%  113M 1s
 15050K .......... .......... .......... .......... .......... 29%  108M 1s
 15100K .......... .......... .......... .......... .......... 30%  121M 1s
 15150K .......... .......... .......... .......... .......... 30%  120M 1s
 15200K .......... .......... .......... .......... .......... 30% 93.9M 1s
 15250K .......... .......... .......... .......... .......... 30%  108M 1s
 15300K .......... .......... .......... .......... .......... 30%  108M 1s
 15350K .......... .......... .......... .......... .......... 30%  111M 1s
 15400K .......... .......... .......... .......... .......... 30%  107M 1s
 15450K .......... .......... .......... .......... .......... 30%  113M 1s
 15500K .......... .......... .......... .......... .......... 30%  123M 1s
 15550K .......... .......... .......... .......... .......... 30%  117M 1s
 15600K .......... .......... .......... .......... .......... 31% 94.1M 1s
 15650K .......... .......... .......... .......... .......... 31%  112M 1s
 15700K .......... .......... .......... .......... .......... 31%  112M 1s
 15750K .......... .......... .......... .......... .......... 31%  112M 1s
 15800K .......... .......... .......... .......... .......... 31%  103M 1s
 15850K .......... .......... .......... .......... .......... 31%  136M 1s
 15900K .......... .......... .......... .......... .......... 31%  114M 1s
 15950K .......... .......... .......... .......... .......... 31%  109M 1s
 16000K .......... .......... .......... .......... .......... 31% 93.4M 1s
 16050K .......... .......... .......... .......... .......... 31%  112M 1s
 16100K .......... .......... .......... .......... .......... 32%  130M 1s
 16150K .......... .......... .......... .......... .......... 32%  113M 1s
 16200K .......... .......... .......... .......... .......... 32%  107M 1s
 16250K .......... .......... .......... .......... .......... 32%  113M 1s
 16300K .......... .......... .......... .......... .......... 32%  113M 1s
 16350K .......... .......... .......... .......... .......... 32%  112M 1s
 16400K .......... .......... .......... .......... .......... 32% 93.6M 1s
 16450K .......... .......... .......... .......... .......... 32%  113M 1s
 16500K .......... .......... .......... .......... .......... 32%  128M 1s
 16550K .......... .......... .......... .......... .......... 32%  111M 1s
 16600K .......... .......... .......... .......... .......... 32%  102M 1s
 16650K .......... .......... .......... .......... .......... 33%  125M 1s
 16700K .......... .......... .......... .......... .......... 33%  114M 1s
 16750K .......... .......... .......... .......... .......... 33%  110M 1s
 16800K .......... .......... .......... .......... .......... 33% 92.6M 1s
 16850K .......... .......... .......... .......... .......... 33%  124M 1s
 16900K .......... .......... .......... .......... .......... 33%  108M 1s
 16950K .......... .......... .......... .......... .......... 33%  121M 1s
 17000K .......... .......... .......... .......... .......... 33%  114M 1s
 17050K .......... .......... .......... .......... .......... 33%  106M 1s
 17100K .......... .......... .......... .......... .......... 33%  124M 1s
 17150K .......... .......... .......... .......... .......... 34% 89.4M 1s
 17200K .......... .......... .......... .......... .......... 34% 84.5M 1s
 17250K .......... .......... .......... .......... .......... 34%  129M 1s
 17300K .......... .......... .......... .......... .......... 34%  113M 1s
 17350K .......... .......... .......... .......... .......... 34%  112M 1s
 17400K .......... .......... .......... .......... .......... 34%  105M 1s
 17450K .......... .......... .......... .......... .......... 34%  113M 1s
 17500K .......... .......... .......... .......... .......... 34%  127M 1s
 17550K .......... .......... .......... .......... .......... 34%  112M 1s
 17600K .......... .......... .......... .......... .......... 34% 96.7M 1s
 17650K .......... .......... .......... .......... .......... 35%  112M 1s
 17700K .......... .......... .......... .......... .......... 35%  113M 1s
 17750K .......... .......... .......... .......... .......... 35%  109M 1s
 17800K .......... .......... .......... .......... .......... 35%  123M 1s
 17850K .......... .......... .......... .......... .......... 35%  107M 1s
 17900K .......... .......... .......... .......... .......... 35%  119M 1s
 17950K .......... .......... .......... .......... .......... 35%  113M 1s
 18000K .......... .......... .......... .......... .......... 35% 83.9M 1s
 18050K .......... .......... .......... .......... .......... 35%  130M 1s
 18100K .......... .......... .......... .......... .......... 35%  113M 1s
 18150K .......... .......... .......... .......... .......... 36%  113M 1s
 18200K .......... .......... .......... .......... .......... 36%  108M 1s
 18250K .......... .......... .......... .......... .......... 36%  100M 1s
 18300K .......... .......... .......... .......... .......... 36%  127M 1s
 18350K .......... .......... .......... .......... .......... 36%  111M 1s
 18400K .......... .......... .......... .......... .......... 36% 93.2M 1s
 18450K .......... .......... .......... .......... .......... 36%  113M 1s
 18500K .......... .......... .......... .......... .......... 36%  112M 1s
 18550K .......... .......... .......... .......... .......... 36%  129M 1s
 18600K .......... .......... .......... .......... .......... 36%  108M 1s
 18650K .......... .......... .......... .......... .......... 37%  112M 0s
 18700K .......... .......... .......... .......... .......... 37%  113M 0s
 18750K .......... .......... .......... .......... .......... 37%  113M 0s
 18800K .......... .......... .......... .......... .......... 37% 84.5M 0s
 18850K .......... .......... .......... .......... .......... 37%  112M 0s
 18900K .......... .......... .......... .......... .......... 37%  112M 0s
 18950K .......... .......... .......... .......... .......... 37%  113M 0s
 19000K .......... .......... .......... .......... .......... 37%  114M 0s
 19050K .......... .......... .......... .......... .......... 37% 87.8M 0s
 19100K .......... .......... .......... .......... .......... 37%  107M 0s
 19150K .......... .......... .......... .......... .......... 38%  121M 0s
 19200K .......... .......... .......... .......... .......... 38% 94.0M 0s
 19250K .......... .......... .......... .......... .......... 38%  122M 0s
 19300K .......... .......... .......... .......... .......... 38%  107M 0s
 19350K .......... .......... .......... .......... .......... 38%  110M 0s
 19400K .......... .......... .......... .......... .......... 38%  100M 0s
 19450K .......... .......... .......... .......... .......... 38%  122M 0s
 19500K .......... .......... .......... .......... .......... 38%  117M 0s
 19550K .......... .......... .......... .......... .......... 38%  100M 0s
 19600K .......... .......... .......... .......... .......... 38% 87.1M 0s
 19650K .......... .......... .......... .......... .......... 39% 99.9M 0s
 19700K .......... .......... .......... .......... .......... 39%  129M 0s
 19750K .......... .......... .......... .......... .......... 39%  113M 0s
 19800K .......... .......... .......... .......... .......... 39% 95.7M 0s
 19850K .......... .......... .......... .......... .......... 39%  123M 0s
 19900K .......... .......... .......... .......... .......... 39%  113M 0s
 19950K .......... .......... .......... .......... .......... 39%  113M 0s
 20000K .......... .......... .......... .......... .......... 39% 87.6M 0s
 20050K .......... .......... .......... .......... .......... 39% 99.9M 0s
 20100K .......... .......... .......... .......... .......... 39%  110M 0s
 20150K .......... .......... .......... .......... .......... 40% 89.4M 0s
 20200K .......... .......... .......... .......... .......... 40%  109M 0s
 20250K .......... .......... .......... .......... .......... 40%  109M 0s
 20300K .......... .......... .......... .......... .......... 40%  116M 0s
 20350K .......... .......... .......... .......... .......... 40% 81.8M 0s
 20400K .......... .......... .......... .......... .......... 40% 93.5M 0s
 20450K .......... .......... .......... .......... .......... 40%  112M 0s
 20500K .......... .......... .......... .......... .......... 40%  112M 0s
 20550K .......... .......... .......... .......... .......... 40%  113M 0s
 20600K .......... .......... .......... .......... .......... 40%  108M 0s
 20650K .......... .......... .......... .......... .......... 41%  113M 0s
 20700K .......... .......... .......... .......... .......... 41%  113M 0s
 20750K .......... .......... .......... .......... .......... 41%  122M 0s
 20800K .......... .......... .......... .......... .......... 41% 93.8M 0s
 20850K .......... .......... .......... .......... .......... 41%  120M 0s
 20900K .......... .......... .......... .......... .......... 41%  109M 0s
 20950K .......... .......... .......... .......... .......... 41% 97.3M 0s
 21000K .......... .......... .......... .......... .......... 41%  116M 0s
 21050K .......... .......... .......... .......... .......... 41%  118M 0s
 21100K .......... .......... .......... .......... .......... 41%  107M 0s
 21150K .......... .......... .......... .......... .......... 42%  123M 0s
 21200K .......... .......... .......... .......... .......... 42% 93.1M 0s
 21250K .......... .......... .......... .......... .......... 42%  114M 0s
 21300K .......... .......... .......... .......... .......... 42%  111M 0s
 21350K .......... .......... .......... .......... .......... 42%  114M 0s
 21400K .......... .......... .......... .......... .......... 42%  122M 0s
 21450K .......... .......... .......... .......... .......... 42%  113M 0s
 21500K .......... .......... .......... .......... .......... 42% 99.8M 0s
 21550K .......... .......... .......... .......... .......... 42%  129M 0s
 21600K .......... .......... .......... .......... .......... 42% 93.0M 0s
 21650K .......... .......... .......... .......... .......... 43%  113M 0s
 21700K .......... .......... .......... .......... .......... 43%  113M 0s
 21750K .......... .......... .......... .......... .......... 43%  113M 0s
 21800K .......... .......... .......... .......... .......... 43%  122M 0s
 21850K .......... .......... .......... .......... .......... 43%  110M 0s
 21900K .......... .......... .......... .......... .......... 43%  114M 0s
 21950K .......... .......... .......... .......... .......... 43%  112M 0s
 22000K .......... .......... .......... .......... .......... 43% 93.4M 0s
 22050K .......... .......... .......... .......... .......... 43%  113M 0s
 22100K .......... .......... .......... .......... .......... 43%  128M 0s
 22150K .......... .......... .......... .......... .......... 43% 90.1M 0s
 22200K .......... .......... .......... .......... .......... 44%  122M 0s
 22250K .......... .......... .......... .......... .......... 44%  114M 0s
 22300K .......... .......... .......... .......... .......... 44%  112M 0s
 22350K .......... .......... .......... .......... .......... 44%  113M 0s
 22400K .......... .......... .......... .......... .......... 44% 94.0M 0s
 22450K .......... .......... .......... .......... .......... 44%  125M 0s
 22500K .......... .......... .......... .......... .......... 44%  108M 0s
 22550K .......... .......... .......... .......... .......... 44%  122M 0s
 22600K .......... .......... .......... .......... .......... 44%  103M 0s
 22650K .......... .......... .......... .......... .......... 44%  118M 0s
 22700K .......... .......... .......... .......... .......... 45%  126M 0s
 22750K .......... .......... .......... .......... .......... 45%  105M 0s
 22800K .......... .......... .......... .......... .......... 45% 93.9M 0s
 22850K .......... .......... .......... .......... .......... 45%  121M 0s
 22900K .......... .......... .......... .......... .......... 45%  108M 0s
 22950K .......... .......... .......... .......... .......... 45%  122M 0s
 23000K .......... .......... .......... .......... .......... 45%  101M 0s
 23050K .......... .......... .......... .......... .......... 45%  118M 0s
 23100K .......... .......... .......... .......... .......... 45%  112M 0s
 23150K .......... .......... .......... .......... .......... 45%  129M 0s
 23200K .......... .......... .......... .......... .......... 46% 84.4M 0s
 23250K .......... .......... .......... .......... .......... 46%  129M 0s
 23300K .......... .......... .......... .......... .......... 46%  114M 0s
 23350K .......... .......... .......... .......... .......... 46%  112M 0s
 23400K .......... .......... .......... .......... .......... 46%  108M 0s
 23450K .......... .......... .......... .......... .......... 46%  128M 0s
 23500K .......... .......... .......... .......... .......... 46%  107M 0s
 23550K .......... .......... .......... .......... .......... 46%  118M 0s
 23600K .......... .......... .......... .......... .......... 46% 93.8M 0s
 23650K .......... .......... .......... .......... .......... 46%  111M 0s
 23700K .......... .......... .......... .......... .......... 47%  111M 0s
 23750K .......... .......... .......... .......... .......... 47%  129M 0s
 23800K .......... .......... .......... .......... .......... 47%  108M 0s
 23850K .......... .......... .......... .......... .......... 47%  113M 0s
 23900K .......... .......... .......... .......... .......... 47%  112M 0s
 23950K .......... .......... .......... .......... .......... 47%  100M 0s
 24000K .......... .......... .......... .......... .......... 47% 93.4M 0s
 24050K .......... .......... .......... .......... .......... 47%  113M 0s
 24100K .......... .......... .......... .......... .......... 47%  128M 0s
 24150K .......... .......... .......... .......... .......... 47%  113M 0s
 24200K .......... .......... .......... .......... .......... 48%  108M 0s
 24250K .......... .......... .......... .......... .......... 48%  109M 0s
 24300K .......... .......... .......... .......... .......... 48%  108M 0s
 24350K .......... .......... .......... .......... .......... 48%  119M 0s
 24400K .......... .......... .......... .......... .......... 48% 93.2M 0s
 24450K .......... .......... .......... .......... .......... 48%  121M 0s
 24500K .......... .......... .......... .......... .......... 48%  108M 0s
 24550K .......... .......... .......... .......... .......... 48%  123M 0s
 24600K .......... .......... .......... .......... .......... 48%  104M 0s
 24650K .......... .......... .......... .......... .......... 48%  108M 0s
 24700K .......... .......... .......... .......... .......... 49%  119M 0s
 24750K .......... .......... .......... .......... .......... 49%  125M 0s
 24800K .......... .......... .......... .......... .......... 49% 90.9M 0s
 24850K .......... .......... .......... .......... .......... 49%  102M 0s
 24900K .......... .......... .......... .......... .......... 49%  112M 0s
 24950K .......... .......... .......... .......... .......... 49%  112M 0s
 25000K .......... .......... .......... .......... .......... 49%  122M 0s
 25050K .......... .......... .......... .......... .......... 49% 98.9M 0s
 25100K .......... .......... .......... .......... .......... 49%  124M 0s
 25150K .......... .......... .......... .......... .......... 49%  135M 0s
 25200K .......... .......... .......... .......... .......... 50% 85.1M 0s
 25250K .......... .......... .......... .......... .......... 50%  111M 0s
 25300K .......... .......... .......... .......... .......... 50%  129M 0s
 25350K .......... .......... .......... .......... .......... 50%  113M 0s
 25400K .......... .......... .......... .......... .......... 50%  107M 0s
 25450K .......... .......... .......... .......... .......... 50%  124M 0s
 25500K .......... .......... .......... .......... .......... 50%  114M 0s
 25550K .......... .......... .......... .......... .......... 50%  112M 0s
 25600K .......... .......... .......... .......... .......... 50% 93.3M 0s
 25650K .......... .......... .......... .......... .......... 50%  113M 0s
 25700K .......... .......... .......... .......... .......... 51%  100M 0s
 25750K .......... .......... .......... .......... .......... 51%  112M 0s
 25800K .......... .......... .......... .......... .......... 51%  123M 0s
 25850K .......... .......... .......... .......... .......... 51%  110M 0s
 25900K .......... .......... .......... .......... .......... 51%  116M 0s
 25950K .......... .......... .......... .......... .......... 51%  112M 0s
 26000K .......... .......... .......... .......... .......... 51% 93.8M 0s
 26050K .......... .......... .......... .......... .......... 51%  109M 0s
 26100K .......... .......... .......... .......... .......... 51%  125M 0s
 26150K .......... .......... .......... .......... .......... 51%  121M 0s
 26200K .......... .......... .......... .......... .......... 52%  101M 0s
 26250K .......... .......... .......... .......... .......... 52%  122M 0s
 26300K .......... .......... .......... .......... .......... 52%  107M 0s
 26350K .......... .......... .......... .......... .......... 52%  123M 0s
 26400K .......... .......... .......... .......... .......... 52% 93.4M 0s
 26450K .......... .......... .......... .......... .......... 52%  121M 0s
 26500K .......... .......... .......... .......... .......... 52%  108M 0s
 26550K .......... .......... .......... .......... .......... 52%  121M 0s
 26600K .......... .......... .......... .......... .......... 52%  101M 0s
 26650K .......... .......... .......... .......... .......... 52%  118M 0s
 26700K .......... .......... .......... .......... .......... 53% 96.1M 0s
 26750K .......... .......... .......... .......... .......... 53%  112M 0s
 26800K .......... .......... .......... .......... .......... 53% 85.2M 0s
 26850K .......... .......... .......... .......... .......... 53%  128M 0s
 26900K .......... .......... .......... .......... .......... 53%  112M 0s
 26950K .......... .......... .......... .......... .......... 53%  114M 0s
 27000K .......... .......... .......... .......... .......... 53%  108M 0s
 27050K .......... .......... .......... .......... .......... 53%  127M 0s
 27100K .......... .......... .......... .......... .......... 53%  113M 0s
 27150K .......... .......... .......... .......... .......... 53%  113M 0s
 27200K .......... .......... .......... .......... .......... 54% 93.0M 0s
 27250K .......... .......... .......... .......... .......... 54%  110M 0s
 27300K .......... .......... .......... .......... .......... 54%  113M 0s
 27350K .......... .......... .......... .......... .......... 54%  127M 0s
 27400K .......... .......... .......... .......... .......... 54%  104M 0s
 27450K .......... .......... .......... .......... .......... 54%  119M 0s
 27500K .......... .......... .......... .......... .......... 54%  112M 0s
 27550K .......... .......... .......... .......... .......... 54%  129M 0s
 27600K .......... .......... .......... .......... .......... 54% 85.4M 0s
 27650K .......... .......... .......... .......... .......... 54%  128M 0s
 27700K .......... .......... .......... .......... .......... 54%  112M 0s
 27750K .......... .......... .......... .......... .......... 55%  113M 0s
 27800K .......... .......... .......... .......... .......... 55%  109M 0s
 27850K .......... .......... .......... .......... .......... 55%  121M 0s
 27900K .......... .......... .......... .......... .......... 55%  119M 0s
 27950K .......... .......... .......... .......... .......... 55%  110M 0s
 28000K .......... .......... .......... .......... .......... 55% 93.3M 0s
 28050K .......... .......... .......... .......... .......... 55%  123M 0s
 28100K .......... .......... .......... .......... .......... 55%  118M 0s
 28150K .......... .......... .......... .......... .......... 55%  111M 0s
 28200K .......... .......... .......... .......... .......... 55%  112M 0s
 28250K .......... .......... .......... .......... .......... 56%  109M 0s
 28300K .......... .......... .......... .......... .......... 56%  125M 0s
 28350K .......... .......... .......... .......... .......... 56%  104M 0s
 28400K .......... .......... .......... .......... .......... 56%  104M 0s
 28450K .......... .......... .......... .......... .......... 56%  102M 0s
 28500K .......... .......... .......... .......... .......... 56%  111M 0s
 28550K .......... .......... .......... .......... .......... 56%  113M 0s
 28600K .......... .......... .......... .......... .......... 56%  123M 0s
 28650K .......... .......... .......... .......... .......... 56%  111M 0s
 28700K .......... .......... .......... .......... .......... 56%  114M 0s
 28750K .......... .......... .......... .......... .......... 57%  113M 0s
 28800K .......... .......... .......... .......... .......... 57% 92.8M 0s
 28850K .......... .......... .......... .......... .......... 57%  112M 0s
 28900K .......... .......... .......... .......... .......... 57%  130M 0s
 28950K .......... .......... .......... .......... .......... 57%  113M 0s
 29000K .......... .......... .......... .......... .......... 57%  108M 0s
 29050K .......... .......... .......... .......... .......... 57%  109M 0s
 29100K .......... .......... .......... .......... .......... 57%  125M 0s
 29150K .......... .......... .......... .......... .......... 57%  116M 0s
 29200K .......... .......... .......... .......... .......... 57% 93.0M 0s
 29250K .......... .......... .......... .......... .......... 58%  113M 0s
 29300K .......... .......... .......... .......... .......... 58%  112M 0s
 29350K .......... .......... .......... .......... .......... 58%  114M 0s
 29400K .......... .......... .......... .......... .......... 58%  122M 0s
 29450K .......... .......... .......... .......... .......... 58%  110M 0s
 29500K .......... .......... .......... .......... .......... 58%  115M 0s
 29550K .......... .......... .......... .......... .......... 58%  113M 0s
 29600K .......... .......... .......... .......... .......... 58% 93.8M 0s
 29650K .......... .......... .......... .......... .......... 58%  112M 0s
 29700K .......... .......... .......... .......... .......... 58%  118M 0s
 29750K .......... .......... .......... .......... .......... 59%  121M 0s
 29800K .......... .......... .......... .......... .......... 59%  112M 0s
 29850K .......... .......... .......... .......... .......... 59%  110M 0s
 29900K .......... .......... .......... .......... .......... 59%  122M 0s
 29950K .......... .......... .......... .......... .......... 59%  121M 0s
 30000K .......... .......... .......... .......... .......... 59% 85.4M 0s
 30050K .......... .......... .......... .......... .......... 59%  119M 0s
 30100K .......... .......... .......... .......... .......... 59%  124M 0s
 30150K .......... .......... .......... .......... .......... 59%  109M 0s
 30200K .......... .......... .......... .......... .......... 59%  113M 0s
 30250K .......... .......... .......... .......... .......... 60%  117M 0s
 30300K .......... .......... .......... .......... .......... 60%  116M 0s
 30350K .......... .......... .......... .......... .......... 60%  113M 0s
 30400K .......... .......... .......... .......... .......... 60% 93.0M 0s
 30450K .......... .......... .......... .......... .......... 60%  114M 0s
 30500K .......... .......... .......... .......... .......... 60%  113M 0s
 30550K .......... .......... .......... .......... .......... 60%  127M 0s
 30600K .......... .......... .......... .......... .......... 60%  108M 0s
 30650K .......... .......... .......... .......... .......... 60%  113M 0s
 30700K .......... .......... .......... .......... .......... 60%  113M 0s
 30750K .......... .......... .......... .......... .......... 61%  128M 0s
 30800K .......... .......... .......... .......... .......... 61% 93.6M 0s
 30850K .......... .......... .......... .......... .......... 61%  112M 0s
 30900K .......... .......... .......... .......... .......... 61%  110M 0s
 30950K .......... .......... .......... .......... .......... 61%  113M 0s
 31000K .......... .......... .......... .......... .......... 61%  117M 0s
 31050K .......... .......... .......... .......... .......... 61%  117M 0s
 31100K .......... .......... .......... .......... .......... 61%  113M 0s
 31150K .......... .......... .......... .......... .......... 61%  109M 0s
 31200K .......... .......... .......... .......... .......... 61% 86.3M 0s
 31250K .......... .......... .......... .......... .......... 62%  126M 0s
 31300K .......... .......... .......... .......... .......... 62%  114M 0s
 31350K .......... .......... .......... .......... .......... 62%  113M 0s
 31400K .......... .......... .......... .......... .......... 62%  107M 0s
 31450K .......... .......... .......... .......... .......... 62%  113M 0s
 31500K .......... .......... .......... .......... .......... 62%  125M 0s
 31550K .......... .......... .......... .......... .......... 62%  112M 0s
 31600K .......... .......... .......... .......... .......... 62% 91.6M 0s
 31650K .......... .......... .......... .......... .......... 62%  121M 0s
 31700K .......... .......... .......... .......... .......... 62%  109M 0s
 31750K .......... .......... .......... .......... .......... 63%  121M 0s
 31800K .......... .......... .......... .......... .......... 63%  112M 0s
 31850K .......... .......... .......... .......... .......... 63%  108M 0s
 31900K .......... .......... .......... .......... .......... 63%  123M 0s
 31950K .......... .......... .......... .......... .......... 63%  121M 0s
 32000K .......... .......... .......... .......... .......... 63% 94.2M 0s
 32050K .......... .......... .......... .......... .......... 63%  105M 0s
 32100K .......... .......... .......... .......... .......... 63%  112M 0s
 32150K .......... .......... .......... .......... .......... 63%  129M 0s
 32200K .......... .......... .......... .......... .......... 63%  108M 0s
 32250K .......... .......... .......... .......... .......... 64% 89.8M 0s
 32300K .......... .......... .......... .......... .......... 64%  109M 0s
 32350K .......... .......... .......... .......... .......... 64%  130M 0s
 32400K .......... .......... .......... .......... .......... 64% 86.6M 0s
 32450K .......... .......... .......... .......... .......... 64%  127M 0s
 32500K .......... .......... .......... .......... .......... 64%  114M 0s
 32550K .......... .......... .......... .......... .......... 64%  112M 0s
 32600K .......... .......... .......... .......... .......... 64%  108M 0s
 32650K .......... .......... .......... .......... .......... 64%  128M 0s
 32700K .......... .......... .......... .......... .......... 64%  107M 0s
 32750K .......... .......... .......... .......... .......... 65%  116M 0s
 32800K .......... .......... .......... .......... .......... 65% 93.3M 0s
 32850K .......... .......... .......... .......... .......... 65%  114M 0s
 32900K .......... .......... .......... .......... .......... 65%  127M 0s
 32950K .......... .......... .......... .......... .......... 65%  113M 0s
 33000K .......... .......... .......... .......... .......... 65%  108M 0s
 33050K .......... .......... .......... .......... .......... 65%  112M 0s
 33100K .......... .......... .......... .......... .......... 65%  108M 0s
 33150K .......... .......... .......... .......... .......... 65%  105M 0s
 33200K .......... .......... .......... .......... .......... 65%  101M 0s
 33250K .......... .......... .......... .......... .......... 65%  115M 0s
 33300K .......... .......... .......... .......... .......... 66%  115M 0s
 33350K .......... .......... .......... .......... .......... 66%  121M 0s
 33400K .......... .......... .......... .......... .......... 66%  112M 0s
 33450K .......... .......... .......... .......... .......... 66%  108M 0s
 33500K .......... .......... .......... .......... .......... 66%  123M 0s
 33550K .......... .......... .......... .......... .......... 66%  121M 0s
 33600K .......... .......... .......... .......... .......... 66% 79.1M 0s
 33650K .......... .......... .......... .......... .......... 66%  105M 0s
 33700K .......... .......... .......... .......... .......... 66%  125M 0s
 33750K .......... .......... .......... .......... .......... 66%  121M 0s
 33800K .......... .......... .......... .......... .......... 67%  101M 0s
 33850K .......... .......... .......... .......... .......... 67%  116M 0s
 33900K .......... .......... .......... .......... .......... 67%  132M 0s
 33950K .......... .......... .......... .......... .......... 67%  113M 0s
 34000K .......... .......... .......... .......... .......... 67% 78.0M 0s
 34050K .......... .......... .......... .......... .......... 67%  112M 0s
 34100K .......... .......... .......... .......... .......... 67%  129M 0s
 34150K .......... .......... .......... .......... .......... 67%  113M 0s
 34200K .......... .......... .......... .......... .......... 67%  108M 0s
 34250K .......... .......... .......... .......... .......... 67%  112M 0s
 34300K .......... .......... .......... .......... .......... 68%  129M 0s
 34350K .......... .......... .......... .......... .......... 68%  109M 0s
 34400K .......... .......... .......... .......... .......... 68% 87.0M 0s
 34450K .......... .......... .......... .......... .......... 68%  126M 0s
 34500K .......... .......... .......... .......... .......... 68%  113M 0s
 34550K .......... .......... .......... .......... .......... 68%  127M 0s
 34600K .......... .......... .......... .......... .......... 68%  104M 0s
 34650K .......... .......... .......... .......... .......... 68%  118M 0s
 34700K .......... .......... .......... .......... .......... 68%  109M 0s
 34750K .......... .......... .......... .......... .......... 68%  132M 0s
 34800K .......... .......... .......... .......... .......... 69% 85.4M 0s
 34850K .......... .......... .......... .......... .......... 69%  112M 0s
 34900K .......... .......... .......... .......... .......... 69%  128M 0s
 34950K .......... .......... .......... .......... .......... 69%  101M 0s
 35000K .......... .......... .......... .......... .......... 69%  108M 0s
 35050K .......... .......... .......... .......... .......... 69%  128M 0s
 35100K .......... .......... .......... .......... .......... 69%  110M 0s
 35150K .......... .......... .......... .......... .......... 69%  109M 0s
 35200K .......... .......... .......... .......... .......... 69% 94.4M 0s
 35250K .......... .......... .......... .......... .......... 69%  120M 0s
 35300K .......... .......... .......... .......... .......... 70%  122M 0s
 35350K .......... .......... .......... .......... .......... 70%  107M 0s
 35400K .......... .......... .......... .......... .......... 70%  114M 0s
 35450K .......... .......... .......... .......... .......... 70%  122M 0s
 35500K .......... .......... .......... .......... .......... 70%  107M 0s
 35550K .......... .......... .......... .......... .......... 70%  121M 0s
 35600K .......... .......... .......... .......... .......... 70% 85.6M 0s
 35650K .......... .......... .......... .......... .......... 70%  117M 0s
 35700K .......... .......... .......... .......... .......... 70%  129M 0s
 35750K .......... .......... .......... .......... .......... 70%  113M 0s
 35800K .......... .......... .......... .......... .......... 71% 96.0M 0s
 35850K .......... .......... .......... .......... .......... 71%  113M 0s
 35900K .......... .......... .......... .......... .......... 71%  109M 0s
 35950K .......... .......... .......... .......... .......... 71%  132M 0s
 36000K .......... .......... .......... .......... .......... 71% 85.0M 0s
 36050K .......... .......... .......... .......... .......... 71%  129M 0s
 36100K .......... .......... .......... .......... .......... 71%  112M 0s
 36150K .......... .......... .......... .......... .......... 71%  113M 0s
 36200K .......... .......... .......... .......... .......... 71%  108M 0s
 36250K .......... .......... .......... .......... .......... 71%  127M 0s
 36300K .......... .......... .......... .......... .......... 72%  110M 0s
 36350K .......... .......... .......... .......... .......... 72%  110M 0s
 36400K .......... .......... .......... .......... .......... 72% 95.6M 0s
 36450K .......... .......... .......... .......... .......... 72%  113M 0s
 36500K .......... .......... .......... .......... .......... 72%  112M 0s
 36550K .......... .......... .......... .......... .......... 72%  129M 0s
 36600K .......... .......... .......... .......... .......... 72%  107M 0s
 36650K .......... .......... .......... .......... .......... 72%  113M 0s
 36700K .......... .......... .......... .......... .......... 72%  113M 0s
 36750K .......... .......... .......... .......... .......... 72%  109M 0s
 36800K .......... .......... .......... .......... .......... 73% 94.1M 0s
 36850K .......... .......... .......... .......... .......... 73%  116M 0s
 36900K .......... .......... .......... .......... .......... 73%  115M 0s
 36950K .......... .......... .......... .......... .......... 73%  122M 0s
 37000K .......... .......... .......... .......... .......... 73%  101M 0s
 37050K .......... .......... .......... .......... .......... 73%  125M 0s
 37100K .......... .......... .......... .......... .......... 73%  118M 0s
 37150K .......... .......... .......... .......... .......... 73%  111M 0s
 37200K .......... .......... .......... .......... .......... 73% 91.9M 0s
 37250K .......... .......... .......... .......... .......... 73%  121M 0s
 37300K .......... .......... .......... .......... .......... 74%  109M 0s
 37350K .......... .......... .......... .......... .......... 74%  121M 0s
 37400K .......... .......... .......... .......... .......... 74%  113M 0s
 37450K .......... .......... .......... .......... .......... 74%  105M 0s
 37500K .......... .......... .......... .......... .......... 74%  113M 0s
 37550K .......... .......... .......... .......... .......... 74%  103M 0s
 37600K .......... .......... .......... .......... .......... 74% 84.5M 0s
 37650K .......... .......... .......... .......... .......... 74%  101M 0s
 37700K .......... .......... .......... .......... .......... 74%  128M 0s
 37750K .......... .......... .......... .......... .......... 74%  110M 0s
 37800K .......... .......... .......... .......... .......... 75%  111M 0s
 37850K .......... .......... .......... .......... .......... 75%  112M 0s
 37900K .......... .......... .......... .......... .......... 75%  125M 0s
 37950K .......... .......... .......... .......... .......... 75%  110M 0s
 38000K .......... .......... .......... .......... .......... 75% 87.8M 0s
 38050K .......... .......... .......... .......... .......... 75%  126M 0s
 38100K .......... .......... .......... .......... .......... 75%  113M 0s
 38150K .......... .......... .......... .......... .......... 75%  112M 0s
 38200K .......... .......... .......... .......... .......... 75%  123M 0s
 38250K .......... .......... .......... .......... .......... 75%  113M 0s
 38300K .......... .......... .......... .......... .......... 76%  113M 0s
 38350K .......... .......... .......... .......... .......... 76%  124M 0s
 38400K .......... .......... .......... .......... .......... 76% 86.4M 0s
 38450K .......... .......... .......... .......... .......... 76%  129M 0s
 38500K .......... .......... .......... .......... .......... 76%  101M 0s
 38550K .......... .......... .......... .......... .......... 76% 87.1M 0s
 38600K .......... .......... .......... .......... .......... 76%  122M 0s
 38650K .......... .......... .......... .......... .......... 76%  109M 0s
 38700K .......... .......... .......... .......... .......... 76%  117M 0s
 38750K .......... .......... .......... .......... .......... 76%  122M 0s
 38800K .......... .......... .......... .......... .......... 76% 93.2M 0s
 38850K .......... .......... .......... .......... .......... 77%  109M 0s
 38900K .......... .......... .......... .......... .......... 77%  121M 0s
 38950K .......... .......... .......... .......... .......... 77%  108M 0s
 39000K .......... .......... .......... .......... .......... 77%  117M 0s
 39050K .......... .......... .......... .......... .......... 77%  108M 0s
 39100K .......... .......... .......... .......... .......... 77%  121M 0s
 39150K .......... .......... .......... .......... .......... 77%  119M 0s
 39200K .......... .......... .......... .......... .......... 77% 85.3M 0s
 39250K .......... .......... .......... .......... .......... 77%  113M 0s
 39300K .......... .......... .......... .......... .......... 77%  113M 0s
 39350K .......... .......... .......... .......... .......... 78%  128M 0s
 39400K .......... .......... .......... .......... .......... 78%  104M 0s
 39450K .......... .......... .......... .......... .......... 78%  117M 0s
 39500K .......... .......... .......... .......... .......... 78%  113M 0s
 39550K .......... .......... .......... .......... .......... 78%  127M 0s
 39600K .......... .......... .......... .......... .......... 78% 85.1M 0s
 39650K .......... .......... .......... .......... .......... 78%  128M 0s
 39700K .......... .......... .......... .......... .......... 78%  113M 0s
 39750K .......... .......... .......... .......... .......... 78%  113M 0s
 39800K .......... .......... .......... .......... .......... 78%  104M 0s
 39850K .......... .......... .......... .......... .......... 79%  127M 0s
 39900K .......... .......... .......... .......... .......... 79%  111M 0s
 39950K .......... .......... .......... .......... .......... 79%  118M 0s
 40000K .......... .......... .......... .......... .......... 79% 93.2M 0s
 40050K .......... .......... .......... .......... .......... 79%  110M 0s
 40100K .......... .......... .......... .......... .......... 79%  102M 0s
 40150K .......... .......... .......... .......... .......... 79%  112M 0s
 40200K .......... .......... .......... .......... .......... 79%  122M 0s
 40250K .......... .......... .......... .......... .......... 79%  113M 0s
 40300K .......... .......... .......... .......... .......... 79%  109M 0s
 40350K .......... .......... .......... .......... .......... 80%  116M 0s
 40400K .......... .......... .......... .......... .......... 80% 93.8M 0s
 40450K .......... .......... .......... .......... .......... 80%  111M 0s
 40500K .......... .......... .......... .......... .......... 80%  121M 0s
 40550K .......... .......... .......... .......... .......... 80%  121M 0s
 40600K .......... .......... .......... .......... .......... 80%  101M 0s
 40650K .......... .......... .......... .......... .......... 80%  126M 0s
 40700K .......... .......... .......... .......... .......... 80%  118M 0s
 40750K .......... .......... .......... .......... .......... 80%  111M 0s
 40800K .......... .......... .......... .......... .......... 80% 91.6M 0s
 40850K .......... .......... .......... .......... .......... 81%  121M 0s
 40900K .......... .......... .......... .......... .......... 81%  107M 0s
 40950K .......... .......... .......... .......... .......... 81%  123M 0s
 41000K .......... .......... .......... .......... .......... 81%  113M 0s
 41050K .......... .......... .......... .......... .......... 81%  104M 0s
 41100K .......... .......... .......... .......... .......... 81%  113M 0s
 41150K .......... .......... .......... .......... .......... 81%  113M 0s
 41200K .......... .......... .......... .......... .......... 81% 93.1M 0s
 41250K .......... .......... .......... .......... .......... 81%  113M 0s
 41300K .......... .......... .......... .......... .......... 81%  129M 0s
 41350K .......... .......... .......... .......... .......... 82%  112M 0s
 41400K .......... .......... .......... .......... .......... 82%  108M 0s
 41450K .......... .......... .......... .......... .......... 82%  113M 0s
 41500K .......... .......... .......... .......... .......... 82%  127M 0s
 41550K .......... .......... .......... .......... .......... 82%  114M 0s
 41600K .......... .......... .......... .......... .......... 82% 93.2M 0s
 41650K .......... .......... .......... .......... .......... 82%  111M 0s
 41700K .......... .......... .......... .......... .......... 82%  113M 0s
 41750K .......... .......... .......... .......... .......... 82%  129M 0s
 41800K .......... .......... .......... .......... .......... 82%  108M 0s
 41850K .......... .......... .......... .......... .......... 83%  112M 0s
 41900K .......... .......... .......... .......... .......... 83%  113M 0s
 41950K .......... .......... .......... .......... .......... 83%  100M 0s
 42000K .......... .......... .......... .......... .......... 83% 93.0M 0s
 42050K .......... .......... .......... .......... .......... 83%  101M 0s
 42100K .......... .......... .......... .......... .......... 83%  111M 0s
 42150K .......... .......... .......... .......... .......... 83%  114M 0s
 42200K .......... .......... .......... .......... .......... 83%  108M 0s
 42250K .......... .......... .......... .......... .......... 83%  108M 0s
 42300K .......... .......... .......... .......... .......... 83%  122M 0s
 42350K .......... .......... .......... .......... .......... 84%  126M 0s
 42400K .......... .......... .......... .......... .......... 84% 91.4M 0s
 42450K .......... .......... .......... .......... .......... 84%  108M 0s
 42500K .......... .......... .......... .......... .......... 84%  123M 0s
 42550K .......... .......... .......... .......... .......... 84%  120M 0s
 42600K .......... .......... .......... .......... .......... 84%  105M 0s
 42650K .......... .......... .......... .......... .......... 84%  117M 0s
 42700K .......... .......... .......... .......... .......... 84%  104M 0s
 42750K .......... .......... .......... .......... .......... 84%  128M 0s
 42800K .......... .......... .......... .......... .......... 84% 85.2M 0s
 42850K .......... .......... .......... .......... .......... 85%  111M 0s
 42900K .......... .......... .......... .......... .......... 85%  129M 0s
 42950K .......... .......... .......... .......... .......... 85%  113M 0s
 43000K .......... .......... .......... .......... .......... 85%  108M 0s
 43050K .......... .......... .......... .......... .......... 85%  121M 0s
 43100K .......... .......... .......... .......... .......... 85%  113M 0s
 43150K .......... .......... .......... .......... .......... 85%  117M 0s
 43200K .......... .......... .......... .......... .......... 85% 93.7M 0s
 43250K .......... .......... .......... .......... .......... 85%  113M 0s
 43300K .......... .......... .......... .......... .......... 85%  113M 0s
 43350K .......... .......... .......... .......... .......... 86%  113M 0s
 43400K .......... .......... .......... .......... .......... 86%  118M 0s
 43450K .......... .......... .......... .......... .......... 86%  113M 0s
 43500K .......... .......... .......... .......... .......... 86%  113M 0s
 43550K .......... .......... .......... .......... .......... 86%  109M 0s
 43600K .......... .......... .......... .......... .......... 86% 96.2M 0s
 43650K .......... .......... .......... .......... .......... 86%  100M 0s
 43700K .......... .......... .......... .......... .......... 86%  112M 0s
 43750K .......... .......... .......... .......... .......... 86%  114M 0s
 43800K .......... .......... .......... .......... .......... 86%  107M 0s
 43850K .......... .......... .......... .......... .......... 87%  112M 0s
 43900K .......... .......... .......... .......... .......... 87%  124M 0s
 43950K .......... .......... .......... .......... .......... 87%  117M 0s
 44000K .......... .......... .......... .......... .......... 87% 93.4M 0s
 44050K .......... .......... .......... .......... .......... 87%  109M 0s
 44100K .......... .......... .......... .......... .......... 87%  113M 0s
 44150K .......... .......... .......... .......... .......... 87%  129M 0s
 44200K .......... .......... .......... .......... .......... 87%  109M 0s
 44250K .......... .......... .......... .......... .......... 87%  108M 0s
 44300K .......... .......... .......... .......... .......... 87%  117M 0s
 44350K .......... .......... .......... .......... .......... 87%  129M 0s
 44400K .......... .......... .......... .......... .......... 88% 84.9M 0s
 44450K .......... .......... .......... .......... .......... 88%  128M 0s
 44500K .......... .......... .......... .......... .......... 88%  100M 0s
 44550K .......... .......... .......... .......... .......... 88%  113M 0s
 44600K .......... .......... .......... .......... .......... 88%  122M 0s
 44650K .......... .......... .......... .......... .......... 88%  113M 0s
 44700K .......... .......... .......... .......... .......... 88%  116M 0s
 44750K .......... .......... .......... .......... .......... 88%  105M 0s
 44800K .......... .......... .......... .......... .......... 88% 94.1M 0s
 44850K .......... .......... .......... .......... .......... 88%  122M 0s
 44900K .......... .......... .......... .......... .......... 89%  120M 0s
 44950K .......... .......... .......... .......... .......... 89%  109M 0s
 45000K .......... .......... .......... .......... .......... 89%  111M 0s
 45050K .......... .......... .......... .......... .......... 89%  113M 0s
 45100K .......... .......... .......... .......... .......... 89% 75.2M 0s
 45150K .......... .......... .......... .......... .......... 89% 73.7M 0s
 45200K .......... .......... .......... .......... .......... 89% 72.7M 0s
 45250K .......... .......... .......... .......... .......... 89%  101M 0s
 45300K .......... .......... .......... .......... .......... 89%  129M 0s
 45350K .......... .......... .......... .......... .......... 89%  132M 0s
 45400K .......... .......... .......... .......... .......... 90%  112M 0s
 45450K .......... .......... .......... .......... .......... 90%  132M 0s
 45500K .......... .......... .......... .......... .......... 90%  128M 0s
 45550K .......... .......... .......... .......... .......... 90%  126M 0s
 45600K .......... .......... .......... .......... .......... 90%  109M 0s
 45650K .......... .......... .......... .......... .......... 90%  129M 0s
 45700K .......... .......... .......... .......... .......... 90%  134M 0s
 45750K .......... .......... .......... .......... .......... 90%  129M 0s
 45800K .......... .......... .......... .......... .......... 90%  122M 0s
 45850K .......... .......... .......... .......... .......... 90%  130M 0s
 45900K .......... .......... .......... .......... .......... 91%  122M 0s
 45950K .......... .......... .......... .......... .......... 91%  115M 0s
 46000K .......... .......... .......... .......... .......... 91% 96.1M 0s
 46050K .......... .......... .......... .......... .......... 91%  102M 0s
 46100K .......... .......... .......... .......... .......... 91% 99.0M 0s
 46150K .......... .......... .......... .......... .......... 91%  113M 0s
 46200K .......... .......... .......... .......... .......... 91%  120M 0s
 46250K .......... .......... .......... .......... .......... 91%  116M 0s
 46300K .......... .......... .......... .......... .......... 91%  149M 0s
 46350K .......... .......... .......... .......... .......... 91%  109M 0s
 46400K .......... .......... .......... .......... .......... 92% 56.0M 0s
 46450K .......... .......... .......... .......... .......... 92% 88.8M 0s
 46500K .......... .......... .......... .......... .......... 92%  114M 0s
 46550K .......... .......... .......... .......... .......... 92%  136M 0s
 46600K .......... .......... .......... .......... .......... 92%  137M 0s
 46650K .......... .......... .......... .......... .......... 92%  127M 0s
 46700K .......... .......... .......... .......... .......... 92%  133M 0s
 46750K .......... .......... .......... .......... .......... 92%  128M 0s
 46800K .......... .......... .......... .......... .......... 92%  101M 0s
 46850K .......... .......... .......... .......... .......... 92%  134M 0s
 46900K .......... .......... .......... .......... .......... 93%  111M 0s
 46950K .......... .......... .......... .......... .......... 93%  131M 0s
 47000K .......... .......... .......... .......... .......... 93%  109M 0s
 47050K .......... .......... .......... .......... .......... 93%  112M 0s
 47100K .......... .......... .......... .......... .......... 93%  108M 0s
 47150K .......... .......... .......... .......... .......... 93% 79.2M 0s
 47200K .......... .......... .......... .......... .......... 93% 90.6M 0s
 47250K .......... .......... .......... .......... .......... 93%  135M 0s
 47300K .......... .......... .......... .......... .......... 93%  124M 0s
 47350K .......... .......... .......... .......... .......... 93%  134M 0s
 47400K .......... .......... .......... .......... .......... 94%  115M 0s
 47450K .......... .......... .......... .......... .......... 94%  113M 0s
 47500K .......... .......... .......... .......... .......... 94%  119M 0s
 47550K .......... .......... .......... .......... .......... 94%  117M 0s
 47600K .......... .......... .......... .......... .......... 94% 94.2M 0s
 47650K .......... .......... .......... .......... .......... 94%  113M 0s
 47700K .......... .......... .......... .......... .......... 94%  112M 0s
 47750K .......... .......... .......... .......... .......... 94%  135M 0s
 47800K .......... .......... .......... .......... .......... 94%  102M 0s
 47850K .......... .......... .......... .......... .......... 94% 93.4M 0s
 47900K .......... .......... .......... .......... .......... 95%  136M 0s
 47950K .......... .......... .......... .......... .......... 95%  111M 0s
 48000K .......... .......... .......... .......... .......... 95% 98.7M 0s
 48050K .......... .......... .......... .......... .......... 95%  121M 0s
 48100K .......... .......... .......... .......... .......... 95%  106M 0s
 48150K .......... .......... .......... .......... .......... 95%  118M 0s
 48200K .......... .......... .......... .......... .......... 95%  101M 0s
 48250K .......... .......... .......... .......... .......... 95%  128M 0s
 48300K .......... .......... .......... .......... .......... 95%  113M 0s
 48350K .......... .......... .......... .......... .......... 95%  120M 0s
 48400K .......... .......... .......... .......... .......... 96% 92.9M 0s
 48450K .......... .......... .......... .......... .......... 96%  110M 0s
 48500K .......... .......... .......... .......... .......... 96%  121M 0s
 48550K .......... .......... .......... .......... .......... 96%  118M 0s
 48600K .......... .......... .......... .......... .......... 96%  103M 0s
 48650K .......... .......... .......... .......... .......... 96%  122M 0s
 48700K .......... .......... .......... .......... .......... 96% 90.4M 0s
 48750K .......... .......... .......... .......... .......... 96%  109M 0s
 48800K .......... .......... .......... .......... .......... 96% 90.4M 0s
 48850K .......... .......... .......... .......... .......... 96%  130M 0s
 48900K .......... .......... .......... .......... .......... 97%  135M 0s
 48950K .......... .......... .......... .......... .......... 97%  109M 0s
 49000K .......... .......... .......... .......... .......... 97%  106M 0s
 49050K .......... .......... .......... .......... .......... 97% 99.2M 0s
 49100K .......... .......... .......... .......... .......... 97%  106M 0s
 49150K .......... .......... .......... .......... .......... 97%  122M 0s
 49200K .......... .......... .......... .......... .......... 97%  111M 0s
 49250K .......... .......... .......... .......... .......... 97%  113M 0s
 49300K .......... .......... .......... .......... .......... 97%  117M 0s
 49350K .......... .......... .......... .......... .......... 97%  122M 0s
 49400K .......... .......... .......... .......... .......... 98%  106M 0s
 49450K .......... .......... .......... .......... .......... 98%  129M 0s
 49500K .......... .......... .......... .......... .......... 98%  101M 0s
 49550K .......... .......... .......... .......... .......... 98%  125M 0s
 49600K .......... .......... .......... .......... .......... 98% 86.4M 0s
 49650K .......... .......... .......... .......... .......... 98%  107M 0s
 49700K .......... .......... .......... .......... .......... 98% 97.2M 0s
 49750K .......... .......... .......... .......... .......... 98%  112M 0s
 49800K .......... .......... .......... .......... .......... 98%  132M 0s
 49850K .......... .......... .......... .......... .......... 98%  116M 0s
 49900K .......... .......... .......... .......... .......... 98%  124M 0s
 49950K .......... .......... .......... .......... .......... 99%  108M 0s
 50000K .......... .......... .......... .......... .......... 99%  105M 0s
 50050K .......... .......... .......... .......... .......... 99%  121M 0s
 50100K .......... .......... .......... .......... .......... 99%  116M 0s
 50150K .......... .......... .......... .......... .......... 99%  118M 0s
 50200K .......... .......... .......... .......... .......... 99%  104M 0s
 50250K .......... .......... .......... .......... .......... 99% 87.8M 0s
 50300K .......... .......... .......... .......... .......... 99%  115M 0s
 50350K .......... .......... .......... .......... .......... 99%  118M 0s
 50400K .......... .......... .......... .......... .......... 99%  107M 0s
 50450K .....                                                 100% 10539G=0.6s

2021-02-04 11:18:50 (85.7 MB/s) - `/tmp/firefox-45.4.0esr.tar.bz2' saved [51666458/51666458]


travis_time:end:07e704dc:start=1612437529784308049,finish=1612437530708791356,duration=924483307[0K$ export PATH=$HOME/firefox-45.4.0esr/firefox:$PATH
travis_fold:end:install_firefox[0K
[33;1mSetting environment variables from .travis.yml[0m
$ export DISPLAY=:99

$ java -Xmx32m -version
java version "1.8.0_31"
Java(TM) SE Runtime Environment (build 1.8.0_31-b13)
Java HotSpot(TM) 64-Bit Server VM (build 25.31-b07, mixed mode)
$ javac -J-Xmx32m -version
javac 1.8.0_31
travis_fold:start:before_install.1[0Ktravis_time:start:05e37535[0K$ wget https://github.com/mozilla/geckodriver/releases/download/v0.11.1/geckodriver-v0.11.1-linux64.tar.gz
--2021-02-04 11:18:59--  https://github.com/mozilla/geckodriver/releases/download/v0.11.1/geckodriver-v0.11.1-linux64.tar.gz
Resolving github.com (github.com)... 192.30.255.113
Connecting to github.com (github.com)|192.30.255.113|:443... connected.
HTTP request sent, awaiting response... 302 Found
Location: https://github-releases.githubusercontent.com/25354393/41cecaf2-8ee8-11e6-82f4-6b74b02d025d?X-Amz-Algorithm=AWS4-HMAC-SHA256&X-Amz-Credential=AKIAIWNJYAX4CSVEH53A%2F20210204%2Fus-east-1%2Fs3%2Faws4_request&X-Amz-Date=20210204T111723Z&X-Amz-Expires=300&X-Amz-Signature=c585b2cd59da335e6f52f1124da9031829af9a84ce01e3d404a7b47c379fc6c6&X-Amz-SignedHeaders=host&actor_id=0&key_id=0&repo_id=25354393&response-content-disposition=attachment%3B%20filename%3Dgeckodriver-v0.11.1-linux64.tar.gz&response-content-type=application%2Foctet-stream [following]
--2021-02-04 11:18:59--  https://github-releases.githubusercontent.com/25354393/41cecaf2-8ee8-11e6-82f4-6b74b02d025d?X-Amz-Algorithm=AWS4-HMAC-SHA256&X-Amz-Credential=AKIAIWNJYAX4CSVEH53A%2F20210204%2Fus-east-1%2Fs3%2Faws4_request&X-Amz-Date=20210204T111723Z&X-Amz-Expires=300&X-Amz-Signature=c585b2cd59da335e6f52f1124da9031829af9a84ce01e3d404a7b47c379fc6c6&X-Amz-SignedHeaders=host&actor_id=0&key_id=0&repo_id=25354393&response-content-disposition=attachment%3B%20filename%3Dgeckodriver-v0.11.1-linux64.tar.gz&response-content-type=application%2Foctet-stream
Resolving github-releases.githubusercontent.com (github-releases.githubusercontent.com)... 185.199.108.154, 185.199.109.154, 185.199.110.154, ...
Connecting to github-releases.githubusercontent.com (github-releases.githubusercontent.com)|185.199.108.154|:443... connected.
ERROR: no certificate subject alternative name matches
	requested host name `github-releases.githubusercontent.com'.
To connect to github-releases.githubusercontent.com insecurely, use `--no-check-certificate'.

travis_time:end:05e37535:start=1612437539647516990,finish=1612437539835370513,duration=187853523[0K
[31;1mThe command "wget https://github.com/mozilla/geckodriver/releases/download/v0.11.1/geckodriver-v0.11.1-linux64.tar.gz" failed and exited with 5 during .[0m

Your build has been stopped.
