travis_fold:start:system_info[0K[33;1mBuild system information[0m
Build language: python
Build group: stable
Build dist: precise
Build id: ''
Job id: ''
[34m[1mBuild image provisioning date and time[0m
Thu Feb  5 15:09:33 UTC 2015
[34m[1mOperating System Details[0m
Distributor ID:	Ubuntu
Description:	Ubuntu 12.04.5 LTS
Release:	12.04
Codename:	precise
[34m[1mLinux Version[0m
3.13.0-29-generic
[34m[1mCookbooks Version[0m
a68419e https://github.com/travis-ci/travis-cookbooks/tree/a68419e
[34m[1mGCC version[0m
gcc (Ubuntu/Linaro 4.6.3-1ubuntu5) 4.6.3
Copyright (C) 2011 Free Software Foundation, Inc.
This is free software; see the source for copying conditions.  There is NO
warranty; not even for MERCHANTABILITY or FITNESS FOR A PARTICULAR PURPOSE.

[34m[1mLLVM version[0m
clang version 3.4 (tags/RELEASE_34/final)
Target: x86_64-unknown-linux-gnu
Thread model: posix
[34m[1mPre-installed Ruby versions[0m
ruby-1.9.3-p551
[34m[1mPre-installed Node.js versions[0m
v0.10.36
[34m[1mPre-installed Go versions[0m
1.4.1
[34m[1mRedis version[0m
redis-server 2.8.19
[34m[1mriak version[0m
2.0.2
[34m[1mMongoDB version[0m
MongoDB 2.4.12
[34m[1mCouchDB version[0m
couchdb 1.6.1
[34m[1mNeo4j version[0m
1.9.4
[34m[1mRabbitMQ Version[0m
3.4.3
[34m[1mElasticSearch version[0m
1.4.0
[34m[1mInstalled Sphinx versions[0m
2.0.10
2.1.9
2.2.6
[34m[1mDefault Sphinx version[0m
2.2.6
[34m[1mInstalled Firefox version[0m
firefox 31.0esr
[34m[1mPhantomJS version[0m
1.9.8
[34m[1mant -version[0m
Apache Ant(TM) version 1.8.2 compiled on December 3 2011
[34m[1mmvn -version[0m
Apache Maven 3.2.5 (12a6b3acb947671f09b81f49094c53f426d8cea1; 2014-12-14T17:29:23+00:00)
Maven home: /usr/local/maven
Java version: 1.7.0_76, vendor: Oracle Corporation
Java home: /usr/lib/jvm/java-7-oracle/jre
Default locale: en_US, platform encoding: ANSI_X3.4-1968
OS name: "linux", version: "3.13.0-29-generic", arch: "amd64", family: "unix"
travis_fold:end:system_info[0K
W: GPG error: http://apt.postgresql.org precise-pgdg Release: The following signatures were invalid: KEYEXPIRED 1562078959
W: Failed to fetch http://ppa.launchpad.net/travis-ci/zero-mq/ubuntu/dists/precise/main/binary-amd64/Packages  403  Forbidden

W: Failed to fetch http://ppa.launchpad.net/travis-ci/zero-mq/ubuntu/dists/precise/main/binary-i386/Packages  403  Forbidden

W: Failed to fetch http://downloads-distro.mongodb.org/repo/debian-sysvinit/dists/dist/10gen/binary-amd64/Packages  Undetermined Error [IP: 52.206.222.245 80]

W: Failed to fetch http://downloads-distro.mongodb.org/repo/debian-sysvinit/dists/dist/10gen/binary-i386/Packages  Undetermined Error [IP: 52.206.222.245 80]

E: Some index files failed to download. They have been ignored, or old ones used instead.
sed: cannot rename /etc/hosts: Device or resource busy
sed: cannot rename /etc/hosts: Device or resource busy
[33;1m3.6-dev is not installed; attempting download[0m
[33;1mDownloading archive: https://s3.amazonaws.com/travis-python-archives/binaries/ubuntu/12.04/x86_64/python-3.6-dev.tar.bz2[0m
$ sudo tar xjf python-3.6-dev.tar.bz2 --directory /
$ cd passed/getslash/slash
travis_time:start:03c47b60[0K$ source ~/virtualenv/python3.6-dev/bin/activate

travis_time:end:03c47b60:start=1612439752363289140,finish=1612439752373605219,duration=10316079[0K$ python --version
Python 3.6.5+
$ pip --version
pip 10.0.1 from /home/travis/virtualenv/python3.6-dev/lib/python3.6/site-packages/pip (python 3.6)
travis_fold:start:install[0Ktravis_time:start:1689a812[0K$ pip install virtualenv
Collecting virtualenv
  Downloading https://files.pythonhosted.org/packages/9f/fb/7423637e48cffbb2e567ca113d2b05068f8b457dde998ab487adf7386c86/virtualenv-20.4.2-py2.py3-none-any.whl (7.2MB)
Collecting importlib-metadata>=0.12; python_version < "3.8" (from virtualenv)
  Downloading https://files.pythonhosted.org/packages/f3/ed/da40116a204abb5c4dd1d929346d33e0d29cedb2cedd18ea98f0385dcd92/importlib_metadata-3.4.0-py3-none-any.whl
Collecting distlib<1,>=0.3.1 (from virtualenv)
  Downloading https://files.pythonhosted.org/packages/f5/0a/490fa011d699bb5a5f3a0cf57de82237f52a6db9d40f33c53b2736c9a1f9/distlib-0.3.1-py2.py3-none-any.whl (335kB)
Collecting filelock<4,>=3.0.0 (from virtualenv)
  Downloading https://files.pythonhosted.org/packages/93/83/71a2ee6158bb9f39a90c0dea1637f81d5eef866e188e1971a1b1ab01a35a/filelock-3.0.12-py3-none-any.whl
Requirement already satisfied: six<2,>=1.9.0 in /home/travis/virtualenv/python3.6-dev/lib/python3.6/site-packages (from virtualenv) (1.11.0)
Collecting importlib-resources>=1.0; python_version < "3.7" (from virtualenv)
  Downloading https://files.pythonhosted.org/packages/82/70/7bf5f275a738629a7252c30c8461502d3658a75363db9f4f88ddbeb9eeac/importlib_resources-5.1.0-py3-none-any.whl
Collecting appdirs<2,>=1.4.3 (from virtualenv)
  Downloading https://files.pythonhosted.org/packages/3b/00/2344469e2084fb287c2e0b57b72910309874c3245463acd6cf5e3db69324/appdirs-1.4.4-py2.py3-none-any.whl
Collecting zipp>=0.5 (from importlib-metadata>=0.12; python_version < "3.8"->virtualenv)
  Downloading https://files.pythonhosted.org/packages/41/ad/6a4f1a124b325618a7fb758b885b68ff7b058eec47d9220a12ab38d90b1f/zipp-3.4.0-py3-none-any.whl
Collecting typing-extensions>=3.6.4; python_version < "3.8" (from importlib-metadata>=0.12; python_version < "3.8"->virtualenv)
  Downloading https://files.pythonhosted.org/packages/60/7a/e881b5abb54db0e6e671ab088d079c57ce54e8a01a3ca443f561ccadb37e/typing_extensions-3.7.4.3-py3-none-any.whl
Installing collected packages: zipp, typing-extensions, importlib-metadata, distlib, filelock, importlib-resources, appdirs, virtualenv
Successfully installed appdirs-1.4.4 distlib-0.3.1 filelock-3.0.12 importlib-metadata-3.4.0 importlib-resources-5.1.0 typing-extensions-3.7.4.3 virtualenv-20.4.2 zipp-3.4.0

travis_time:end:1689a812:start=1612439752863814089,finish=1612439755486751669,duration=2622937580[0Ktravis_fold:end:install[0Ktravis_time:start:2094e30d[0K$ make env
python -m virtualenv .env
created virtual environment CPython3.6.5.final.0-64 in 582ms
  creator CPython3Posix(dest=/home/travis/build/passed/getslash/slash/.env, clear=False, no_vcs_ignore=False, global=False)
  seeder FromAppData(download=False, pip=bundle, setuptools=bundle, wheel=bundle, via=copy, app_data_dir=/home/travis/.local/share/virtualenv)
    added seed packages: pip==21.0.1, setuptools==52.0.0, wheel==0.36.2
  activators BashActivator,CShellActivator,FishActivator,PowerShellActivator,PythonActivator,XonshActivator
.env/bin/python scripts/install_test_deps.py
Collecting coverage
  Downloading coverage-5.4-cp36-cp36m-manylinux2010_x86_64.whl (240 kB)
Collecting coveralls
  Downloading coveralls-3.0.0-py2.py3-none-any.whl (13 kB)
Collecting munch
  Downloading munch-2.5.0-py2.py3-none-any.whl (10 kB)
Collecting pytest
  Downloading pytest-6.2.2-py3-none-any.whl (280 kB)
Collecting pytest-xdist
  Downloading pytest_xdist-2.2.0-py3-none-any.whl (36 kB)
ERROR: Could not find a version that satisfies the requirement pytest-capturelog
ERROR: No matching distribution found for pytest-capturelog
Traceback (most recent call last):
  File "scripts/install_test_deps.py", line 35, in <module>
    " ".join(repr(dep) for dep in deps)), shell=True)
  File "/opt/python/3.6-dev/lib/python3.6/subprocess.py", line 291, in check_call
    raise CalledProcessError(retcode, cmd)
subprocess.CalledProcessError: Command '/home/travis/build/passed/getslash/slash/.env/bin/pip install 'coverage' 'coveralls' 'munch' 'pytest' 'pytest-xdist' 'pytest-capturelog' 'pytest-cov' 'pytest-timeout' 'pyforge' 'lxml<3.6.3' 'pylint>=1.0.0'' returned non-zero exit status 1.
make: *** [.env/.up-to-date] Error 1

travis_time:end:2094e30d:start=1612439755495332461,finish=1612439760077872546,duration=4582540085[0K
[31;1mThe command "make env" exited with 2.[0m
travis_time:start:02b9d56e[0K$ .env/bin/pip install lxml
Collecting lxml
  Downloading lxml-4.6.2-cp36-cp36m-manylinux1_x86_64.whl (5.5 MB)
Installing collected packages: lxml
Successfully installed lxml-4.6.2

travis_time:end:02b9d56e:start=1612439760089497058,finish=1612439762199419472,duration=2109922414[0K
[32;1mThe command ".env/bin/pip install lxml" exited with 0.[0m
travis_time:start:26e998ac[0K$ .env/bin/py.test tests -k 'xunit and session and errors'
/usr/local/bin/run_passed.sh: line 62: .env/bin/py.test: No such file or directory

travis_time:end:26e998ac:start=1612439762208451264,finish=1612439762217664705,duration=9213441[0K
[31;1mThe command ".env/bin/py.test tests -k 'xunit and session and errors'" exited with 127.[0m
travis_fold:start:after_failure[0Ktravis_time:start:185a20ac[0K$ .env/bin/pip freeze
lxml==4.6.2

travis_time:end:185a20ac:start=1612439762227341798,finish=1612439762636621526,duration=409279728[0Ktravis_fold:end:after_failure[0K
Done. Your build exited with 1.
