travis_fold:start:system_info[0K[33;1mBuild system information[0m
Build language: python
Build group: stable
Build dist: trusty
Build id: ''
Job id: ''
[34m[1mBuild image provisioning date and time[0m
Tue Dec  5 20:11:19 UTC 2017
[34m[1mOperating System Details[0m
Distributor ID:	Ubuntu
Description:	Ubuntu 14.04.5 LTS
Release:	14.04
Codename:	trusty
[34m[1mCookbooks Version[0m
7c2c6a6 https://github.com/travis-ci/travis-cookbooks/tree/7c2c6a6
[34m[1mgit version[0m
git version 2.15.1
[34m[1mbash version[0m
GNU bash, version 4.3.11(1)-release (x86_64-pc-linux-gnu)
[34m[1mgcc version[0m
gcc (Ubuntu 4.8.4-2ubuntu1~14.04.3) 4.8.4
Copyright (C) 2013 Free Software Foundation, Inc.
This is free software; see the source for copying conditions.  There is NO
warranty; not even for MERCHANTABILITY or FITNESS FOR A PARTICULAR PURPOSE.

[34m[1mdocker version[0m
Client:
 Version:      17.09.0-ce
 API version:  1.32
 Go version:   go1.8.3
 Git commit:   afdb6d4
 Built:        Tue Sep 26 22:39:28 2017
 OS/Arch:      linux/amd64
[34m[1mclang version[0m
clang version 5.0.0 (tags/RELEASE_500/final)
Target: x86_64-unknown-linux-gnu
Thread model: posix
InstalledDir: /usr/local/clang-5.0.0/bin
[34m[1mjq version[0m
jq-1.5
[34m[1mbats version[0m
Bats 0.4.0
[34m[1mshellcheck version[0m
0.4.6
[34m[1mshfmt version[0m
v2.0.0
[34m[1mccache version[0m
ccache version 3.1.9

Copyright (C) 2002-2007 Andrew Tridgell
Copyright (C) 2009-2011 Joel Rosdahl

This program is free software; you can redistribute it and/or modify it under
the terms of the GNU General Public License as published by the Free Software
Foundation; either version 3 of the License, or (at your option) any later
version.
[34m[1mcmake version[0m
cmake version 3.9.2

CMake suite maintained and supported by Kitware (kitware.com/cmake).
[34m[1mheroku version[0m
heroku-cli/6.14.39-addc925 (linux-x64) node-v9.2.0
[34m[1mimagemagick version[0m
Version: ImageMagick 6.7.7-10 2017-07-31 Q16 http://www.imagemagick.org
[34m[1mmd5deep version[0m
4.2
[34m[1mmercurial version[0m
Mercurial Distributed SCM (version 4.2.2)
(see https://mercurial-scm.org for more information)

Copyright (C) 2005-2017 Matt Mackall and others
This is free software; see the source for copying conditions. There is NO
warranty; not even for MERCHANTABILITY or FITNESS FOR A PARTICULAR PURPOSE.
[34m[1mmysql version[0m
mysql  Ver 14.14 Distrib 5.6.33, for debian-linux-gnu (x86_64) using  EditLine wrapper
[34m[1mopenssl version[0m
OpenSSL 1.0.1f 6 Jan 2014
[34m[1mpacker version[0m
Packer v1.0.2

Your version of Packer is out of date! The latest version
is 1.1.2. You can update by downloading from www.packer.io
[34m[1mpostgresql client version[0m
psql (PostgreSQL) 9.6.6
[34m[1mragel version[0m
Ragel State Machine Compiler version 6.8 Feb 2013
Copyright (c) 2001-2009 by Adrian Thurston
[34m[1msubversion version[0m
svn, version 1.8.8 (r1568071)
   compiled Aug 10 2017, 17:20:39 on x86_64-pc-linux-gnu

Copyright (C) 2013 The Apache Software Foundation.
This software consists of contributions made by many people;
see the NOTICE file for more information.
Subversion is open source software, see http://subversion.apache.org/

The following repository access (RA) modules are available:

* ra_svn : Module for accessing a repository using the svn network protocol.
  - with Cyrus SASL authentication
  - handles 'svn' scheme
* ra_local : Module for accessing a repository on local disk.
  - handles 'file' scheme
* ra_serf : Module for accessing a repository via WebDAV protocol using serf.
  - using serf 1.3.3
  - handles 'http' scheme
  - handles 'https' scheme

[34m[1msudo version[0m
Sudo version 1.8.9p5
Configure options: --prefix=/usr -v --with-all-insults --with-pam --with-fqdn --with-logging=syslog --with-logfac=authpriv --with-env-editor --with-editor=/usr/bin/editor --with-timeout=15 --with-password-timeout=0 --with-passprompt=[sudo] password for %p:  --without-lecture --with-tty-tickets --disable-root-mailer --enable-admin-flag --with-sendmail=/usr/sbin/sendmail --with-timedir=/var/lib/sudo --mandir=/usr/share/man --libexecdir=/usr/lib/sudo --with-sssd --with-sssd-lib=/usr/lib/x86_64-linux-gnu --with-selinux
Sudoers policy plugin version 1.8.9p5
Sudoers file grammar version 43

Sudoers path: /etc/sudoers
Authentication methods: 'pam'
Syslog facility if syslog is being used for logging: authpriv
Syslog priority to use when user authenticates successfully: notice
Syslog priority to use when user authenticates unsuccessfully: alert
Send mail if the user is not in sudoers
Use a separate timestamp for each user/tty combo
Lecture user the first time they run sudo
Root may run sudo
Allow some information gathering to give useful error messages
Require fully-qualified hostnames in the sudoers file
Visudo will honor the EDITOR environment variable
Set the LOGNAME and USER environment variables
Length at which to wrap log file lines (0 for no wrap): 80
Authentication timestamp timeout: 15.0 minutes
Password prompt timeout: 0.0 minutes
Number of tries to enter a password: 3
Umask to use or 0777 to use user's: 022
Path to mail program: /usr/sbin/sendmail
Flags for mail program: -t
Address to send mail to: root
Subject line for mail messages: *** SECURITY information for %h ***
Incorrect password message: Sorry, try again.
Path to authentication timestamp dir: /var/lib/sudo
Default password prompt: [sudo] password for %p: 
Default user to run commands as: root
Value to override user's $PATH with: /usr/local/sbin:/usr/local/bin:/usr/sbin:/usr/bin:/sbin:/bin:/snap/bin
Path to the editor for use by visudo: /usr/bin/editor
When to require a password for 'list' pseudocommand: any
When to require a password for 'verify' pseudocommand: all
File descriptors >= 3 will be closed before executing a command
Environment variables to check for sanity:
	TZ
	TERM
	LINGUAS
	LC_*
	LANGUAGE
	LANG
	COLORTERM
Environment variables to remove:
	RUBYOPT
	RUBYLIB
	PYTHONUSERBASE
	PYTHONINSPECT
	PYTHONPATH
	PYTHONHOME
	TMPPREFIX
	ZDOTDIR
	READNULLCMD
	NULLCMD
	FPATH
	PERL5DB
	PERL5OPT
	PERL5LIB
	PERLLIB
	PERLIO_DEBUG 
	JAVA_TOOL_OPTIONS
	SHELLOPTS
	GLOBIGNORE
	PS4
	BASH_ENV
	ENV
	TERMCAP
	TERMPATH
	TERMINFO_DIRS
	TERMINFO
	_RLD*
	LD_*
	PATH_LOCALE
	NLSPATH
	HOSTALIASES
	RES_OPTIONS
	LOCALDOMAIN
	CDPATH
	IFS
Environment variables to preserve:
	JAVA_HOME
	TRAVIS
	CI
	DEBIAN_FRONTEND
	XAUTHORIZATION
	XAUTHORITY
	PS2
	PS1
	PATH
	LS_COLORS
	KRB5CCNAME
	HOSTNAME
	HOME
	DISPLAY
	COLORS
Locale to use while parsing sudoers: C
Directory in which to store input/output logs: /var/log/sudo-io
File in which to store the input/output log: %{seq}
Add an entry to the utmp/utmpx file when allocating a pty
PAM service name to use
PAM service name to use for login shells
Create a new PAM session for the command to run in
Maximum I/O log sequence number: 0

Local IP address and netmask pairs:
	172.17.0.2/255.255.0.0

Sudoers I/O plugin version 1.8.9p5
[34m[1mgzip version[0m
gzip 1.6
Copyright (C) 2007, 2010, 2011 Free Software Foundation, Inc.
Copyright (C) 1993 Jean-loup Gailly.
This is free software.  You may redistribute copies of it under the terms of
the GNU General Public License <http://www.gnu.org/licenses/gpl.html>.
There is NO WARRANTY, to the extent permitted by law.

Written by Jean-loup Gailly.
[34m[1mzip version[0m
Copyright (c) 1990-2008 Info-ZIP - Type 'zip "-L"' for software license.
This is Zip 3.0 (July 5th 2008), by Info-ZIP.
Currently maintained by E. Gordon.  Please send bug reports to
the authors using the web page at www.info-zip.org; see README for details.

Latest sources and executables are at ftp://ftp.info-zip.org/pub/infozip,
as of above date; see http://www.info-zip.org/ for other sites.

Compiled with gcc 4.8.2 for Unix (Linux ELF) on Oct 21 2013.

Zip special compilation options:
	USE_EF_UT_TIME       (store Universal Time)
	BZIP2_SUPPORT        (bzip2 library version 1.0.6, 6-Sept-2010)
	    bzip2 code and library copyright (c) Julian R Seward
	    (See the bzip2 license for terms of use)
	SYMLINK_SUPPORT      (symbolic links supported)
	LARGE_FILE_SUPPORT   (can read and write large files on file system)
	ZIP64_SUPPORT        (use Zip64 to store large files in archives)
	UNICODE_SUPPORT      (store and read UTF-8 Unicode paths)
	STORE_UNIX_UIDs_GIDs (store UID/GID sizes/values using new extra field)
	UIDGID_NOT_16BIT     (old Unix 16-bit UID/GID extra field not used)
	[encryption, version 2.91 of 05 Jan 2007] (modified for Zip 3)

Encryption notice:
	The encryption code of this program is not copyrighted and is
	put in the public domain.  It was originally written in Europe
	and, to the best of our knowledge, can be freely distributed
	in both source and object forms from any country, including
	the USA under License Exception TSU of the U.S. Export
	Administration Regulations (section 740.13(e)) of 6 June 2002.

Zip environment options:
             ZIP:  [none]
          ZIPOPT:  [none]
[34m[1mvim version[0m
VIM - Vi IMproved 7.4 (2013 Aug 10, compiled Nov 24 2016 16:43:18)
Included patches: 1-52
Extra patches: 8.0.0056
Modified by pkg-vim-maintainers@lists.alioth.debian.org
Compiled by buildd@
Huge version without GUI.  Features included (+) or not (-):
+acl             +farsi           +mouse_netterm   +syntax
+arabic          +file_in_path    +mouse_sgr       +tag_binary
+autocmd         +find_in_path    -mouse_sysmouse  +tag_old_static
-balloon_eval    +float           +mouse_urxvt     -tag_any_white
-browse          +folding         +mouse_xterm     -tcl
++builtin_terms  -footer          +multi_byte      +terminfo
+byte_offset     +fork()          +multi_lang      +termresponse
+cindent         +gettext         -mzscheme        +textobjects
-clientserver    -hangul_input    +netbeans_intg   +title
-clipboard       +iconv           +path_extra      -toolbar
+cmdline_compl   +insert_expand   -perl            +user_commands
+cmdline_hist    +jumplist        +persistent_undo +vertsplit
+cmdline_info    +keymap          +postscript      +virtualedit
+comments        +langmap         +printer         +visual
+conceal         +libcall         +profile         +visualextra
+cryptv          +linebreak       +python          +viminfo
+cscope          +lispindent      -python3         +vreplace
+cursorbind      +listcmds        +quickfix        +wildignore
+cursorshape     +localmap        +reltime         +wildmenu
+dialog_con      -lua             +rightleft       +windows
+diff            +menu            -ruby            +writebackup
+digraphs        +mksession       +scrollbind      -X11
-dnd             +modify_fname    +signs           -xfontset
-ebcdic          +mouse           +smartindent     -xim
+emacs_tags      -mouseshape      -sniff           -xsmp
+eval            +mouse_dec       +startuptime     -xterm_clipboard
+ex_extra        +mouse_gpm       +statusline      -xterm_save
+extra_search    -mouse_jsbterm   -sun_workshop    -xpm
   system vimrc file: "$VIM/vimrc"
     user vimrc file: "$HOME/.vimrc"
 2nd user vimrc file: "~/.vim/vimrc"
      user exrc file: "$HOME/.exrc"
  fall-back for $VIM: "/usr/share/vim"
Compilation: gcc -c -I. -Iproto -DHAVE_CONFIG_H     -g -O2 -fstack-protector --param=ssp-buffer-size=4 -Wformat -Werror=format-security -U_FORTIFY_SOURCE -D_FORTIFY_SOURCE=1      
Linking: gcc   -Wl,-Bsymbolic-functions -Wl,-z,relro -Wl,--as-needed -o vim        -lm -ltinfo -lnsl  -lselinux  -lacl -lattr -lgpm -ldl    -L/usr/lib/python2.7/config-x86_64-linux-gnu -lpython2.7 -lpthread -ldl -lutil -lm -Xlinker -export-dynamic -Wl,-O1 -Wl,-Bsymbolic-functions      
[34m[1miptables version[0m
iptables v1.4.21
[34m[1mcurl version[0m
curl 7.35.0 (x86_64-pc-linux-gnu) libcurl/7.35.0 OpenSSL/1.0.1f zlib/1.2.8 libidn/1.28 librtmp/2.3
[34m[1mwget version[0m
GNU Wget 1.15 built on linux-gnu.
[34m[1mrsync version[0m
rsync  version 3.1.0  protocol version 31
[34m[1mgimme version[0m
v1.2.0
[34m[1mnvm version[0m
0.33.6
[34m[1mperlbrew version[0m
/home/travis/perl5/perlbrew/bin/perlbrew  - App::perlbrew/0.80
[34m[1mphpenv version[0m
rbenv 1.1.1-25-g6aa70b6
[34m[1mrvm version[0m
rvm 1.29.3 (latest) by Michal Papis, Piotr Kuczynski, Wayne E. Seguin [https://rvm.io]
[34m[1mdefault ruby version[0m
ruby 2.4.1p111 (2017-03-22 revision 58053) [x86_64-linux]
[34m[1mCouchDB version[0m
couchdb 1.6.1
[34m[1mElasticSearch version[0m
5.5.0
[34m[1mInstalled Firefox version[0m
firefox 56.0.2
[34m[1mMongoDB version[0m
MongoDB 3.4.10
[34m[1mPhantomJS version[0m
2.1.1
[34m[1mPre-installed PostgreSQL versions[0m
9.2.24
9.3.20
9.4.15
9.5.10
9.6.6
[34m[1mRabbitMQ Version[0m
3.6.14
[34m[1mRedis version[0m
redis-server 4.0.6
[34m[1mriak version[0m
2.2.3
[34m[1mPre-installed Go versions[0m
1.7.4
[34m[1mant version[0m
Apache Ant(TM) version 1.9.3 compiled on April 8 2014
[34m[1mmvn version[0m
Apache Maven 3.5.2 (138edd61fd100ec658bfa2d307c43b76940a5d7d; 2017-10-18T07:58:13Z)
Maven home: /usr/local/maven-3.5.2
Java version: 1.8.0_151, vendor: Oracle Corporation
Java home: /usr/lib/jvm/java-8-oracle/jre
Default locale: en_US, platform encoding: UTF-8
OS name: "linux", version: "4.4.0-101-generic", arch: "amd64", family: "unix"
[34m[1mgradle version[0m

------------------------------------------------------------
Gradle 4.0.1
------------------------------------------------------------

Build time:   2017-07-07 14:02:41 UTC
Revision:     38e5dc0f772daecca1d2681885d3d85414eb6826

Groovy:       2.4.11
Ant:          Apache Ant(TM) version 1.9.6 compiled on June 29 2015
JVM:          1.8.0_151 (Oracle Corporation 25.151-b12)
OS:           Linux 4.4.0-101-generic amd64

[34m[1mlein version[0m
Leiningen 2.8.1 on Java 1.8.0_151 Java HotSpot(TM) 64-Bit Server VM
[34m[1mPre-installed Node.js versions[0m
v4.8.6
v6.12.0
v6.12.1
v8.9
v8.9.1
[34m[1mphpenv versions[0m
  system
  5.6
* 5.6.32 (set by /home/travis/.phpenv/version)
  7.0
  7.0.25
  7.1
  7.1.11
  hhvm
  hhvm-stable
[34m[1mcomposer --version[0m
Composer version 1.5.2 2017-09-11 16:59:25
[34m[1mPre-installed Ruby versions[0m
ruby-2.2.7
ruby-2.3.4
ruby-2.4.1
travis_fold:end:system_info[0K
grep: /etc/apt/sources.list.d/*: No such file or directory
sed: cannot rename /etc/hosts: Device or resource busy
sed: cannot rename /etc/hosts: Device or resource busy
$ cd failed/Theano/Theano
travis_fold:start:apt[0K[33;1mInstalling APT Packages (BETA)[0m
$ export DEBIAN_FRONTEND=noninteractive
travis_time:start:0046128c[0K$ sudo -E apt-get -yq update &>> ~/apt-get-update.log

travis_time:end:0046128c:start=1612368840901543754,finish=1612368845284740605,duration=4383196851[0Ktravis_time:start:21546a20[0K$ sudo -E apt-get -yq --no-install-suggests --no-install-recommends --force-yes install texlive-latex-recommended texlive-latex-extra texlive-fonts-recommended dvipng
Reading package lists...
Building dependency tree...
Reading state information...
The following additional packages will be installed:
  ghostscript libcups2 libcupsfilters1 libcupsimage2 libgs9 libgs9-common
  libijs-0.35 libjbig2dec0 libkpathsea6 libpaper-utils libpaper1 libpoppler44
  libptexenc1 luatex poppler-data preview-latex-style tex-common texlive-base
  texlive-binaries texlive-latex-base texlive-pictures
Suggested packages:
  ghostscript-x hpijs cups-common fonts-droid poppler-utils
  fonts-japanese-mincho | fonts-ipafont-mincho fonts-japanese-gothic
  | fonts-ipafont-gothic fonts-arphic-ukai fonts-arphic-uming
  fonts-unfonts-core debhelper xpdf-reader | pdf-viewer perl-tk
  libfile-which-perl python-pygments dot2tex libtcltk-ruby
Recommended packages:
  texlive-luatex lmodern tex-gyre texlive-fonts-recommended-doc tipa
  texlive-latex-base-doc texlive-latex-extra-doc texlive-latex-recommended-doc
  latex-xcolor latex-beamer prosper texlive-pictures-doc pgf
The following NEW packages will be installed:
  dvipng ghostscript libcupsfilters1 libcupsimage2 libgs9 libgs9-common
  libijs-0.35 libjbig2dec0 libkpathsea6 libpaper-utils libpaper1 libpoppler44
  libptexenc1 luatex poppler-data preview-latex-style tex-common texlive-base
  texlive-binaries texlive-fonts-recommended texlive-latex-base
  texlive-latex-extra texlive-latex-recommended texlive-pictures
The following packages will be upgraded:
  libcups2
1 upgraded, 24 newly installed, 0 to remove and 260 not upgraded.
Need to get 57.6 MB of archives.
After this operation, 204 MB of additional disk space will be used.
Err:1 http://security.ubuntu.com/ubuntu trusty-security/main amd64 libcups2 amd64 1.7.2-0ubuntu1.11
  Could not connect to archive.ubuntu.com:80 (91.189.88.142). - connect (101: Network is unreachable) [IP: 91.189.88.142 80]
Ign:2 http://security.ubuntu.com/ubuntu trusty-security/main amd64 libcupsfilters1 amd64 1.0.52-0ubuntu1.8
Ign:3 http://security.ubuntu.com/ubuntu trusty-security/main amd64 libcupsimage2 amd64 1.7.2-0ubuntu1.11
Ign:4 http://archive.ubuntu.com/ubuntu trusty/main amd64 libpaper1 amd64 1.1.24+nmu2ubuntu3
Ign:5 http://security.ubuntu.com/ubuntu trusty-security/main amd64 libpoppler44 amd64 0.24.5-2ubuntu4.17
Ign:6 http://archive.ubuntu.com/ubuntu trusty/main i386 poppler-data all 0.4.6-4
Ign:7 http://security.ubuntu.com/ubuntu trusty-security/main amd64 libkpathsea6 amd64 2013.20130729.30972-2ubuntu0.1
Ign:8 http://archive.ubuntu.com/ubuntu trusty/main amd64 libijs-0.35 amd64 0.35-8build1
Ign:9 http://security.ubuntu.com/ubuntu trusty-security/main amd64 libjbig2dec0 amd64 0.11+20120125-1ubuntu1.1
Ign:10 http://archive.ubuntu.com/ubuntu trusty-updates/main i386 libgs9-common all 9.26~dfsg+0-0ubuntu0.14.04.8
Ign:11 http://security.ubuntu.com/ubuntu trusty-security/main amd64 libgs9 amd64 9.26~dfsg+0-0ubuntu0.14.04.8
Ign:12 http://security.ubuntu.com/ubuntu trusty-security/main amd64 libptexenc1 amd64 2013.20130729.30972-2ubuntu0.1
Ign:13 http://archive.ubuntu.com/ubuntu trusty/main i386 tex-common all 4.04
Ign:14 http://security.ubuntu.com/ubuntu trusty-security/main amd64 texlive-binaries amd64 2013.20130729.30972-2ubuntu0.1
Ign:15 http://security.ubuntu.com/ubuntu trusty-security/main amd64 ghostscript amd64 9.26~dfsg+0-0ubuntu0.14.04.8
Ign:16 http://archive.ubuntu.com/ubuntu trusty/main amd64 dvipng amd64 1.14-2
Ign:17 http://archive.ubuntu.com/ubuntu trusty/main amd64 libpaper-utils amd64 1.1.24+nmu2ubuntu3
Ign:18 http://archive.ubuntu.com/ubuntu trusty/main amd64 luatex amd64 0.76.0-3ubuntu1
Ign:19 http://archive.ubuntu.com/ubuntu trusty/main i386 preview-latex-style all 11.87-1ubuntu2
Ign:20 http://archive.ubuntu.com/ubuntu trusty-updates/main i386 texlive-base all 2013.20140215-1ubuntu0.1
Ign:21 http://archive.ubuntu.com/ubuntu trusty-updates/main i386 texlive-fonts-recommended all 2013.20140215-1ubuntu0.1
Ign:22 http://archive.ubuntu.com/ubuntu trusty-updates/main i386 texlive-latex-base all 2013.20140215-1ubuntu0.1
Ign:23 http://archive.ubuntu.com/ubuntu trusty-updates/main i386 texlive-latex-recommended all 2013.20140215-1ubuntu0.1
Ign:24 http://archive.ubuntu.com/ubuntu trusty-updates/main i386 texlive-pictures all 2013.20140215-1ubuntu0.1
Ign:25 http://archive.ubuntu.com/ubuntu trusty/main i386 texlive-latex-extra all 2013.20140215-2
Ign:4 http://archive.ubuntu.com/ubuntu trusty/main amd64 libpaper1 amd64 1.1.24+nmu2ubuntu3
Ign:6 http://archive.ubuntu.com/ubuntu trusty/main amd64 poppler-data all 0.4.6-4
Ign:8 http://archive.ubuntu.com/ubuntu trusty/main amd64 libijs-0.35 amd64 0.35-8build1
Ign:10 http://security.ubuntu.com/ubuntu trusty-security/main amd64 libgs9-common all 9.26~dfsg+0-0ubuntu0.14.04.8
Ign:13 http://archive.ubuntu.com/ubuntu trusty/main amd64 tex-common all 4.04
Ign:16 http://archive.ubuntu.com/ubuntu trusty/main amd64 dvipng amd64 1.14-2
Ign:17 http://archive.ubuntu.com/ubuntu trusty/main amd64 libpaper-utils amd64 1.1.24+nmu2ubuntu3
Ign:18 http://archive.ubuntu.com/ubuntu trusty/main amd64 luatex amd64 0.76.0-3ubuntu1
Ign:19 http://archive.ubuntu.com/ubuntu trusty/main amd64 preview-latex-style all 11.87-1ubuntu2
Ign:20 http://security.ubuntu.com/ubuntu trusty-security/main amd64 texlive-base all 2013.20140215-1ubuntu0.1
Ign:21 http://security.ubuntu.com/ubuntu trusty-security/main amd64 texlive-fonts-recommended all 2013.20140215-1ubuntu0.1
Ign:22 http://security.ubuntu.com/ubuntu trusty-security/main amd64 texlive-latex-base all 2013.20140215-1ubuntu0.1
Ign:23 http://security.ubuntu.com/ubuntu trusty-security/main amd64 texlive-latex-recommended all 2013.20140215-1ubuntu0.1
Ign:24 http://security.ubuntu.com/ubuntu trusty-security/main amd64 texlive-pictures all 2013.20140215-1ubuntu0.1
Ign:25 http://archive.ubuntu.com/ubuntu trusty/main amd64 texlive-latex-extra all 2013.20140215-2
Err:4 http://archive.ubuntu.com/ubuntu trusty/main amd64 libpaper1 amd64 1.1.24+nmu2ubuntu3
  Unable to connect to archive.ubuntu.com:http: [IP: 91.189.88.142 80]
Ign:6 http://archive.ubuntu.com/ubuntu trusty/main i386 poppler-data all 0.4.6-4
Err:8 http://archive.ubuntu.com/ubuntu trusty/main amd64 libijs-0.35 amd64 0.35-8build1
  Unable to connect to archive.ubuntu.com:http: [IP: 91.189.88.142 80]
Ign:13 http://archive.ubuntu.com/ubuntu trusty/main i386 tex-common all 4.04
Err:16 http://archive.ubuntu.com/ubuntu trusty/main amd64 dvipng amd64 1.14-2
  Unable to connect to archive.ubuntu.com:http: [IP: 91.189.88.142 80]
Err:17 http://archive.ubuntu.com/ubuntu trusty/main amd64 libpaper-utils amd64 1.1.24+nmu2ubuntu3
  Unable to connect to archive.ubuntu.com:http: [IP: 91.189.88.142 80]
Err:18 http://archive.ubuntu.com/ubuntu trusty/main amd64 luatex amd64 0.76.0-3ubuntu1
  Unable to connect to archive.ubuntu.com:http: [IP: 91.189.88.142 80]
Ign:19 http://archive.ubuntu.com/ubuntu trusty/main i386 preview-latex-style all 11.87-1ubuntu2
Ign:25 http://archive.ubuntu.com/ubuntu trusty/main i386 texlive-latex-extra all 2013.20140215-2
Ign:6 http://archive.ubuntu.com/ubuntu trusty/main amd64 poppler-data all 0.4.6-4
Ign:13 http://archive.ubuntu.com/ubuntu trusty/main amd64 tex-common all 4.04
Ign:19 http://archive.ubuntu.com/ubuntu trusty/main amd64 preview-latex-style all 11.87-1ubuntu2
Ign:25 http://archive.ubuntu.com/ubuntu trusty/main amd64 texlive-latex-extra all 2013.20140215-2
Ign:6 http://archive.ubuntu.com/ubuntu trusty/main i386 poppler-data all 0.4.6-4
Ign:13 http://archive.ubuntu.com/ubuntu trusty/main i386 tex-common all 4.04
Ign:19 http://archive.ubuntu.com/ubuntu trusty/main i386 preview-latex-style all 11.87-1ubuntu2
Ign:25 http://archive.ubuntu.com/ubuntu trusty/main i386 texlive-latex-extra all 2013.20140215-2
Err:6 http://archive.ubuntu.com/ubuntu trusty/main i386 poppler-data all 0.4.6-4
  Unable to connect to archive.ubuntu.com:http: [IP: 91.189.88.142 80]
Err:13 http://archive.ubuntu.com/ubuntu trusty/main i386 tex-common all 4.04
  Unable to connect to archive.ubuntu.com:http: [IP: 91.189.88.142 80]
Err:19 http://archive.ubuntu.com/ubuntu trusty/main i386 preview-latex-style all 11.87-1ubuntu2
  Unable to connect to archive.ubuntu.com:http: [IP: 91.189.88.142 80]
Err:25 http://archive.ubuntu.com/ubuntu trusty/main i386 texlive-latex-extra all 2013.20140215-2
  Unable to connect to archive.ubuntu.com:http: [IP: 91.189.88.142 80]
Get:1 http://security.ubuntu.com/ubuntu trusty-security/main amd64 libcups2 amd64 1.7.2-0ubuntu1.11 [178 kB]
Get:2 http://security.ubuntu.com/ubuntu trusty-security/main amd64 libcupsfilters1 amd64 1.0.52-0ubuntu1.8 [73.7 kB]
Get:3 http://security.ubuntu.com/ubuntu trusty-security/main amd64 libcupsimage2 amd64 1.7.2-0ubuntu1.11 [15.4 kB]
Get:5 http://security.ubuntu.com/ubuntu trusty-security/main amd64 libpoppler44 amd64 0.24.5-2ubuntu4.17 [703 kB]
Get:7 http://security.ubuntu.com/ubuntu trusty-security/main amd64 libkpathsea6 amd64 2013.20130729.30972-2ubuntu0.1 [63.5 kB]
Get:9 http://security.ubuntu.com/ubuntu trusty-security/main amd64 libjbig2dec0 amd64 0.11+20120125-1ubuntu1.1 [43.0 kB]
Get:11 http://security.ubuntu.com/ubuntu trusty-security/main amd64 libgs9 amd64 9.26~dfsg+0-0ubuntu0.14.04.8 [2,355 kB]
Get:12 http://security.ubuntu.com/ubuntu trusty-security/main amd64 libptexenc1 amd64 2013.20130729.30972-2ubuntu0.1 [33.8 kB]
Get:14 http://security.ubuntu.com/ubuntu trusty-security/main amd64 texlive-binaries amd64 2013.20130729.30972-2ubuntu0.1 [4,056 kB]
Get:15 http://security.ubuntu.com/ubuntu trusty-security/main amd64 ghostscript amd64 9.26~dfsg+0-0ubuntu0.14.04.8 [47.1 kB]
Get:10 http://security.ubuntu.com/ubuntu trusty-security/main amd64 libgs9-common all 9.26~dfsg+0-0ubuntu0.14.04.8 [5,098 kB]
Get:20 http://security.ubuntu.com/ubuntu trusty-security/main amd64 texlive-base all 2013.20140215-1ubuntu0.1 [16.2 MB]
Get:21 http://security.ubuntu.com/ubuntu trusty-security/main amd64 texlive-fonts-recommended all 2013.20140215-1ubuntu0.1 [5,718 kB]
Get:22 http://security.ubuntu.com/ubuntu trusty-security/main amd64 texlive-latex-base all 2013.20140215-1ubuntu0.1 [829 kB]
Get:23 http://security.ubuntu.com/ubuntu trusty-security/main amd64 texlive-latex-recommended all 2013.20140215-1ubuntu0.1 [7,293 kB]
Get:24 http://security.ubuntu.com/ubuntu trusty-security/main amd64 texlive-pictures all 2013.20140215-1ubuntu0.1 [2,413 kB]
Fetched 45.2 MB in 19s (2,344 kB/s)
W: --force-yes is deprecated, use one of the options starting with --allow instead.
E: Failed to fetch http://archive.ubuntu.com/ubuntu/pool/main/libp/libpaper/libpaper1_1.1.24+nmu2ubuntu3_amd64.deb  Unable to connect to archive.ubuntu.com:http: [IP: 91.189.88.142 80]

E: Failed to fetch http://archive.ubuntu.com/ubuntu/pool/main/p/poppler-data/poppler-data_0.4.6-4_all.deb  Unable to connect to archive.ubuntu.com:http: [IP: 91.189.88.142 80]

E: Failed to fetch http://archive.ubuntu.com/ubuntu/pool/main/i/ijs/libijs-0.35_0.35-8build1_amd64.deb  Unable to connect to archive.ubuntu.com:http: [IP: 91.189.88.142 80]

E: Failed to fetch http://archive.ubuntu.com/ubuntu/pool/main/t/tex-common/tex-common_4.04_all.deb  Unable to connect to archive.ubuntu.com:http: [IP: 91.189.88.142 80]

E: Failed to fetch http://archive.ubuntu.com/ubuntu/pool/main/d/dvipng/dvipng_1.14-2_amd64.deb  Unable to connect to archive.ubuntu.com:http: [IP: 91.189.88.142 80]

E: Failed to fetch http://archive.ubuntu.com/ubuntu/pool/main/libp/libpaper/libpaper-utils_1.1.24+nmu2ubuntu3_amd64.deb  Unable to connect to archive.ubuntu.com:http: [IP: 91.189.88.142 80]

E: Failed to fetch http://archive.ubuntu.com/ubuntu/pool/main/l/luatex/luatex_0.76.0-3ubuntu1_amd64.deb  Unable to connect to archive.ubuntu.com:http: [IP: 91.189.88.142 80]

E: Failed to fetch http://archive.ubuntu.com/ubuntu/pool/main/a/auctex/preview-latex-style_11.87-1ubuntu2_all.deb  Unable to connect to archive.ubuntu.com:http: [IP: 91.189.88.142 80]

E: Failed to fetch http://archive.ubuntu.com/ubuntu/pool/main/t/texlive-extra/texlive-latex-extra_2013.20140215-2_all.deb  Unable to connect to archive.ubuntu.com:http: [IP: 91.189.88.142 80]

E: Unable to fetch some archives, maybe run apt-get update or try with --fix-missing?

travis_time:end:21546a20:start=1612368845298444620,finish=1612368868765413096,duration=23466968476[0Ktravis_fold:start:apt-get.diagnostics[0K[31;1mapt-get install failed[0m
$ cat ~/apt-get-update.log
Hit:1 http://security.ubuntu.com/ubuntu trusty-security InRelease
Ign:2 http://archive.ubuntu.com/ubuntu trusty InRelease
Hit:3 http://archive.ubuntu.com/ubuntu trusty-updates InRelease
Hit:4 http://archive.ubuntu.com/ubuntu trusty-backports InRelease
Hit:5 http://archive.ubuntu.com/ubuntu trusty Release
Reading package lists...
travis_fold:end:apt-get.diagnostics[0K
[31;1mThe command "sudo -E apt-get -yq --no-install-suggests --no-install-recommends --force-yes install texlive-latex-recommended texlive-latex-extra texlive-fonts-recommended dvipng" failed and exited with 100 during .[0m

Your build has been stopped.
