travis_fold:start:system_info[0K[33;1mBuild system information[0m
Build language: java
Build group: stable
Build dist: precise
Build id: ''
Job id: ''
[34m[1mBuild image provisioning date and time[0m
Thu Feb  5 15:09:33 UTC 2015
[34m[1mOperating System Details[0m
Distributor ID:	Ubuntu
Description:	Ubuntu 12.04.5 LTS
Release:	12.04
Codename:	precise
[34m[1mLinux Version[0m
3.13.0-29-generic
[34m[1mCookbooks Version[0m
a68419e https://github.com/travis-ci/travis-cookbooks/tree/a68419e
[34m[1mGCC version[0m
gcc (Ubuntu/Linaro 4.6.3-1ubuntu5) 4.6.3
Copyright (C) 2011 Free Software Foundation, Inc.
This is free software; see the source for copying conditions.  There is NO
warranty; not even for MERCHANTABILITY or FITNESS FOR A PARTICULAR PURPOSE.

[34m[1mLLVM version[0m
clang version 3.4 (tags/RELEASE_34/final)
Target: x86_64-unknown-linux-gnu
Thread model: posix
[34m[1mPre-installed Ruby versions[0m
ruby-1.9.3-p551
[34m[1mPre-installed Node.js versions[0m
v0.10.36
[34m[1mPre-installed Go versions[0m
1.4.1
[34m[1mRedis version[0m
redis-server 2.8.19
[34m[1mriak version[0m
2.0.2
[34m[1mMongoDB version[0m
MongoDB 2.4.12
[34m[1mCouchDB version[0m
couchdb 1.6.1
[34m[1mNeo4j version[0m
1.9.4
[34m[1mRabbitMQ Version[0m
3.4.3
[34m[1mElasticSearch version[0m
1.4.0
[34m[1mInstalled Sphinx versions[0m
2.0.10
2.1.9
2.2.6
[34m[1mDefault Sphinx version[0m
2.2.6
[34m[1mInstalled Firefox version[0m
firefox 31.0esr
[34m[1mPhantomJS version[0m
1.9.8
[34m[1mant -version[0m
Apache Ant(TM) version 1.8.2 compiled on December 3 2011
[34m[1mmvn -version[0m
Apache Maven 3.2.5 (12a6b3acb947671f09b81f49094c53f426d8cea1; 2014-12-14T17:29:23+00:00)
Maven home: /usr/local/maven
Java version: 1.7.0_76, vendor: Oracle Corporation
Java home: /usr/lib/jvm/java-7-oracle/jre
Default locale: en_US, platform encoding: ANSI_X3.4-1968
OS name: "linux", version: "3.13.0-29-generic", arch: "amd64", family: "unix"
travis_fold:end:system_info[0K
$ jdk_switcher use oraclejdk8
Switching to Oracle JDK8 (java-8-oracle), JAVA_HOME will be set to /usr/lib/jvm/java-8-oracle
$ cd passed/Bammerbom/UltimateCore
$ export TERM=dumb
$ java -Xmx32m -version
$ javac -J-Xmx32m -version
travis_fold:start:install[0Ktravis_time:start:02ac3a9a[0K$ gradle build
Download https://plugins.gradle.org/m2/com/github/jengelman/gradle/plugins/shadow/1.2.3/shadow-1.2.3.pom
Download https://plugins.gradle.org/m2/org/jdom/jdom2/2.0.5/jdom2-2.0.5.pom
Download https://plugins.gradle.org/m2/org/ow2/asm/asm/5.0.3/asm-5.0.3.pom
Download https://plugins.gradle.org/m2/org/ow2/asm/asm-parent/5.0.3/asm-parent-5.0.3.pom
Download https://plugins.gradle.org/m2/org/ow2/ow2/1.3/ow2-1.3.pom
Download https://plugins.gradle.org/m2/org/ow2/asm/asm-commons/5.0.3/asm-commons-5.0.3.pom
Download https://plugins.gradle.org/m2/commons-io/commons-io/2.4/commons-io-2.4.pom
Download https://plugins.gradle.org/m2/org/apache/commons/commons-parent/25/commons-parent-25.pom
Download https://plugins.gradle.org/m2/org/apache/apache/9/apache-9.pom
Download https://plugins.gradle.org/m2/org/apache/ant/ant/1.9.4/ant-1.9.4.pom
Download https://plugins.gradle.org/m2/org/apache/ant/ant-parent/1.9.4/ant-parent-1.9.4.pom
Download https://plugins.gradle.org/m2/org/codehaus/plexus/plexus-utils/2.0.6/plexus-utils-2.0.6.pom
Download https://plugins.gradle.org/m2/org/codehaus/plexus/plexus/2.0.7/plexus-2.0.7.pom
Download https://plugins.gradle.org/m2/org/codehaus/groovy/groovy-backports-compat23/2.4.4/groovy-backports-compat23-2.4.4.pom
Download https://plugins.gradle.org/m2/org/ow2/asm/asm-tree/5.0.3/asm-tree-5.0.3.pom
Download https://plugins.gradle.org/m2/org/apache/ant/ant-launcher/1.9.4/ant-launcher-1.9.4.pom
Download https://plugins.gradle.org/m2/com/github/jengelman/gradle/plugins/shadow/1.2.3/shadow-1.2.3.jar
Download https://plugins.gradle.org/m2/org/jdom/jdom2/2.0.5/jdom2-2.0.5.jar
Download https://plugins.gradle.org/m2/org/ow2/asm/asm/5.0.3/asm-5.0.3.jar
Download https://plugins.gradle.org/m2/org/ow2/asm/asm-commons/5.0.3/asm-commons-5.0.3.jar
Download https://plugins.gradle.org/m2/commons-io/commons-io/2.4/commons-io-2.4.jar
Download https://plugins.gradle.org/m2/org/apache/ant/ant/1.9.4/ant-1.9.4.jar
Download https://plugins.gradle.org/m2/org/codehaus/plexus/plexus-utils/2.0.6/plexus-utils-2.0.6.jar
Download https://plugins.gradle.org/m2/org/codehaus/groovy/groovy-backports-compat23/2.4.4/groovy-backports-compat23-2.4.4.jar
Download https://plugins.gradle.org/m2/org/ow2/asm/asm-tree/5.0.3/asm-tree-5.0.3.jar
Download https://plugins.gradle.org/m2/org/apache/ant/ant-launcher/1.9.4/ant-launcher-1.9.4.jar
Download http://repo.spongepowered.org/maven/org/spongepowered/spongeapi/5.0.0-SNAPSHOT/spongeapi-5.0.0-20161003.175748-144.pom
Download http://repo.spongepowered.org/maven/org/spongepowered/plugin-meta/0.2.1-SNAPSHOT/plugin-meta-0.2.1-20160915.141152-5.pom
Download http://repo.spongepowered.org/maven/com/flowpowered/flow-noise/1.0.1-SNAPSHOT/flow-noise-1.0.1-20150609.030116-1.pom
Download http://repo.spongepowered.org/maven/org/spongepowered/event-gen-core/2.1.0-SNAPSHOT/event-gen-core-2.1.0-20160905.160159-1.pom

BUILD FAILED

Total time: 15 mins 36.838 secs

travis_time:end:02ac3a9a:start=1598904394278956573,finish=1598905331601268663,duration=937322312090[0K
[31;1mThe command "gradle build" failed and exited with 1 during .[0m

Your build has been stopped.
