travis_fold:start:system_info[0K[33;1mBuild system information[0m
Build language: python
Build group: stable
Build dist: precise
Build id: ''
Job id: ''
[34m[1mBuild image provisioning date and time[0m
Thu Feb  5 15:09:33 UTC 2015
[34m[1mOperating System Details[0m
Distributor ID:	Ubuntu
Description:	Ubuntu 12.04.5 LTS
Release:	12.04
Codename:	precise
[34m[1mLinux Version[0m
3.13.0-29-generic
[34m[1mCookbooks Version[0m
a68419e https://github.com/travis-ci/travis-cookbooks/tree/a68419e
[34m[1mGCC version[0m
gcc (Ubuntu/Linaro 4.6.3-1ubuntu5) 4.6.3
Copyright (C) 2011 Free Software Foundation, Inc.
This is free software; see the source for copying conditions.  There is NO
warranty; not even for MERCHANTABILITY or FITNESS FOR A PARTICULAR PURPOSE.

[34m[1mLLVM version[0m
clang version 3.4 (tags/RELEASE_34/final)
Target: x86_64-unknown-linux-gnu
Thread model: posix
[34m[1mPre-installed Ruby versions[0m
ruby-1.9.3-p551
[34m[1mPre-installed Node.js versions[0m
v0.10.36
[34m[1mPre-installed Go versions[0m
1.4.1
[34m[1mRedis version[0m
redis-server 2.8.19
[34m[1mriak version[0m
2.0.2
[34m[1mMongoDB version[0m
MongoDB 2.4.12
[34m[1mCouchDB version[0m
couchdb 1.6.1
[34m[1mNeo4j version[0m
1.9.4
[34m[1mRabbitMQ Version[0m
3.4.3
[34m[1mElasticSearch version[0m
1.4.0
[34m[1mInstalled Sphinx versions[0m
2.0.10
2.1.9
2.2.6
[34m[1mDefault Sphinx version[0m
2.2.6
[34m[1mInstalled Firefox version[0m
firefox 31.0esr
[34m[1mPhantomJS version[0m
1.9.8
[34m[1mant -version[0m
Apache Ant(TM) version 1.8.2 compiled on December 3 2011
[34m[1mmvn -version[0m
Apache Maven 3.2.5 (12a6b3acb947671f09b81f49094c53f426d8cea1; 2014-12-14T17:29:23+00:00)
Maven home: /usr/local/maven
Java version: 1.7.0_76, vendor: Oracle Corporation
Java home: /usr/lib/jvm/java-7-oracle/jre
Default locale: en_US, platform encoding: ANSI_X3.4-1968
OS name: "linux", version: "3.13.0-29-generic", arch: "amd64", family: "unix"
travis_fold:end:system_info[0K
[33;1mpypy-5.4.1 is not installed; attempting download[0m
[33;1mDownloading archive: https://s3.amazonaws.com/travis-python-archives/binaries/ubuntu/12.04/x86_64/pypy-5.4.1.tar.bz2[0m
$ sudo tar xjf pypy-5.4.1.tar.bz2 --directory /
$ cd passed/paramiko/paramiko
travis_time:start:0ef877f0[0K$ source ~/virtualenv/pypy-5.4.1/bin/activate

travis_time:end:0ef877f0:start=1599110408068037679,finish=1599110408078758865,duration=10721186[0Ktravis_fold:start:cache.1[0KSetting up build cache
$ export CASHER_DIR=$HOME/.casher
travis_time:start:121d5b50[0K$ Installing caching utilities

travis_time:end:121d5b50:start=1599110408471459611,finish=1599110408538573468,duration=67113857[0Ktravis_time:start:07e01a3a[0K
travis_time:end:07e01a3a:start=1599110408552014415,finish=1599110408560689744,duration=8675329[0Ktravis_time:start:0e74f5f8[0K[32;1mattempting to download cache archive[0m

travis_time:end:0e74f5f8:start=1599110408571110796,finish=1599110409412916884,duration=841806088[0Ktravis_time:start:02a23ebe[0K
travis_time:end:02a23ebe:start=1599110409422736775,finish=1599110409432293685,duration=9556910[0Ktravis_time:start:0f363300[0K[32;1madding /home/travis/.cache/pip to cache[0m

travis_time:end:0f363300:start=1599110409443255232,finish=1599110410262634652,duration=819379420[0Ktravis_fold:end:cache.1[0K$ python --version
$ pip --version
pip 9.0.1 from /home/travis/virtualenv/pypy-5.4.1/site-packages (python 2.7)
travis_fold:start:install.1[0Ktravis_time:start:15d07d93[0K$ pip install -e .
Obtaining file:///home/travis/build/passed/paramiko/paramiko
Collecting bcrypt>=3.0.0 (from paramiko==2.1.2)
  Downloading https://files.pythonhosted.org/packages/fa/aa/025a3ab62469b5167bc397837c9ffc486c42a97ef12ceaa6699d8f5a5416/bcrypt-3.1.7.tar.gz (42kB)
Collecting cryptography>=1.1 (from paramiko==2.1.2)
  Downloading https://files.pythonhosted.org/packages/12/be/c9cc7d7ab71dbcc9e4e517ead0cdd48e8c9a48d7b8bdddb738e90d08279a/cryptography-3.1.tar.gz (534kB)
Collecting pynacl>=1.0.1 (from paramiko==2.1.2)
  Downloading https://files.pythonhosted.org/packages/cf/5a/25aeb636baeceab15c8e57e66b8aa930c011ec1c035f284170cacb05025e/PyNaCl-1.4.0.tar.gz (3.4MB)
Collecting pyasn1>=0.1.7 (from paramiko==2.1.2)
  Downloading https://files.pythonhosted.org/packages/62/1e/a94a8d635fa3ce4cfc7f506003548d0a2447ae76fd5ca53932970fe3053f/pyasn1-0.4.8-py2.py3-none-any.whl (77kB)
Requirement already satisfied: cffi>=1.1 in /opt/python/pypy-5.4.1/lib_pypy (from bcrypt>=3.0.0->paramiko==2.1.2)
Requirement already satisfied: six>=1.4.1 in /home/travis/virtualenv/pypy-5.4.1/site-packages (from bcrypt>=3.0.0->paramiko==2.1.2)
Collecting enum34 (from cryptography>=1.1->paramiko==2.1.2)
  Downloading https://files.pythonhosted.org/packages/6f/2c/a9386903ece2ea85e9807e0e062174dc26fdce8b05f216d00491be29fad5/enum34-1.1.10-py2-none-any.whl
Collecting ipaddress (from cryptography>=1.1->paramiko==2.1.2)
  Downloading https://files.pythonhosted.org/packages/c2/f8/49697181b1651d8347d24c095ce46c7346c37335ddc7d255833e7cde674d/ipaddress-1.0.23-py2.py3-none-any.whl
Building wheels for collected packages: bcrypt, cryptography, pynacl
  Running setup.py bdist_wheel for bcrypt: started
  Running setup.py bdist_wheel for bcrypt: finished with status 'done'
  Stored in directory: /home/travis/.cache/pip/wheels/ae/b1/2c/dc178774d435228aff4679c4837de4d5ee1dd5568a370fc79c
  Running setup.py bdist_wheel for cryptography: started
  Running setup.py bdist_wheel for cryptography: finished with status 'error'
  Complete output from command /home/travis/virtualenv/pypy-5.4.1/bin/python -u -c "import setuptools, tokenize;__file__='/tmp/pip-build-f8J_Ev/cryptography/setup.py';f=getattr(tokenize, 'open', open)(__file__);code=f.read().replace('\r\n', '\n');f.close();exec(compile(code, __file__, 'exec'))" bdist_wheel -d /tmp/tmpq7ihtNpip-wheel- --python-tag pp254:
  /opt/python/pypy-5.4.1/lib-python/2.7/distutils/dist.py:267: UserWarning: Unknown distribution option: 'long_description_content_type'
    warnings.warn(msg)
  running bdist_wheel
  running build
  running build_py
  creating build
  creating build/lib.linux-x86_64-2.7
  creating build/lib.linux-x86_64-2.7/cryptography
  copying src/cryptography/__about__.py -> build/lib.linux-x86_64-2.7/cryptography
  copying src/cryptography/__init__.py -> build/lib.linux-x86_64-2.7/cryptography
  copying src/cryptography/exceptions.py -> build/lib.linux-x86_64-2.7/cryptography
  copying src/cryptography/fernet.py -> build/lib.linux-x86_64-2.7/cryptography
  copying src/cryptography/utils.py -> build/lib.linux-x86_64-2.7/cryptography
  creating build/lib.linux-x86_64-2.7/cryptography/hazmat
  copying src/cryptography/hazmat/__init__.py -> build/lib.linux-x86_64-2.7/cryptography/hazmat
  copying src/cryptography/hazmat/_der.py -> build/lib.linux-x86_64-2.7/cryptography/hazmat
  copying src/cryptography/hazmat/_oid.py -> build/lib.linux-x86_64-2.7/cryptography/hazmat
  creating build/lib.linux-x86_64-2.7/cryptography/x509
  copying src/cryptography/x509/__init__.py -> build/lib.linux-x86_64-2.7/cryptography/x509
  copying src/cryptography/x509/base.py -> build/lib.linux-x86_64-2.7/cryptography/x509
  copying src/cryptography/x509/certificate_transparency.py -> build/lib.linux-x86_64-2.7/cryptography/x509
  copying src/cryptography/x509/extensions.py -> build/lib.linux-x86_64-2.7/cryptography/x509
  copying src/cryptography/x509/general_name.py -> build/lib.linux-x86_64-2.7/cryptography/x509
  copying src/cryptography/x509/name.py -> build/lib.linux-x86_64-2.7/cryptography/x509
  copying src/cryptography/x509/ocsp.py -> build/lib.linux-x86_64-2.7/cryptography/x509
  copying src/cryptography/x509/oid.py -> build/lib.linux-x86_64-2.7/cryptography/x509
  creating build/lib.linux-x86_64-2.7/cryptography/hazmat/backends
  copying src/cryptography/hazmat/backends/__init__.py -> build/lib.linux-x86_64-2.7/cryptography/hazmat/backends
  copying src/cryptography/hazmat/backends/interfaces.py -> build/lib.linux-x86_64-2.7/cryptography/hazmat/backends
  creating build/lib.linux-x86_64-2.7/cryptography/hazmat/bindings
  copying src/cryptography/hazmat/bindings/__init__.py -> build/lib.linux-x86_64-2.7/cryptography/hazmat/bindings
  creating build/lib.linux-x86_64-2.7/cryptography/hazmat/primitives
  copying src/cryptography/hazmat/primitives/__init__.py -> build/lib.linux-x86_64-2.7/cryptography/hazmat/primitives
  copying src/cryptography/hazmat/primitives/cmac.py -> build/lib.linux-x86_64-2.7/cryptography/hazmat/primitives
  copying src/cryptography/hazmat/primitives/constant_time.py -> build/lib.linux-x86_64-2.7/cryptography/hazmat/primitives
  copying src/cryptography/hazmat/primitives/hashes.py -> build/lib.linux-x86_64-2.7/cryptography/hazmat/primitives
  copying src/cryptography/hazmat/primitives/hmac.py -> build/lib.linux-x86_64-2.7/cryptography/hazmat/primitives
  copying src/cryptography/hazmat/primitives/keywrap.py -> build/lib.linux-x86_64-2.7/cryptography/hazmat/primitives
  copying src/cryptography/hazmat/primitives/padding.py -> build/lib.linux-x86_64-2.7/cryptography/hazmat/primitives
  copying src/cryptography/hazmat/primitives/poly1305.py -> build/lib.linux-x86_64-2.7/cryptography/hazmat/primitives
  creating build/lib.linux-x86_64-2.7/cryptography/hazmat/backends/openssl
  copying src/cryptography/hazmat/backends/openssl/__init__.py -> build/lib.linux-x86_64-2.7/cryptography/hazmat/backends/openssl
  copying src/cryptography/hazmat/backends/openssl/aead.py -> build/lib.linux-x86_64-2.7/cryptography/hazmat/backends/openssl
  copying src/cryptography/hazmat/backends/openssl/backend.py -> build/lib.linux-x86_64-2.7/cryptography/hazmat/backends/openssl
  copying src/cryptography/hazmat/backends/openssl/ciphers.py -> build/lib.linux-x86_64-2.7/cryptography/hazmat/backends/openssl
  copying src/cryptography/hazmat/backends/openssl/cmac.py -> build/lib.linux-x86_64-2.7/cryptography/hazmat/backends/openssl
  copying src/cryptography/hazmat/backends/openssl/decode_asn1.py -> build/lib.linux-x86_64-2.7/cryptography/hazmat/backends/openssl
  copying src/cryptography/hazmat/backends/openssl/dh.py -> build/lib.linux-x86_64-2.7/cryptography/hazmat/backends/openssl
  copying src/cryptography/hazmat/backends/openssl/dsa.py -> build/lib.linux-x86_64-2.7/cryptography/hazmat/backends/openssl
  copying src/cryptography/hazmat/backends/openssl/ec.py -> build/lib.linux-x86_64-2.7/cryptography/hazmat/backends/openssl
  copying src/cryptography/hazmat/backends/openssl/ed25519.py -> build/lib.linux-x86_64-2.7/cryptography/hazmat/backends/openssl
  copying src/cryptography/hazmat/backends/openssl/ed448.py -> build/lib.linux-x86_64-2.7/cryptography/hazmat/backends/openssl
  copying src/cryptography/hazmat/backends/openssl/encode_asn1.py -> build/lib.linux-x86_64-2.7/cryptography/hazmat/backends/openssl
  copying src/cryptography/hazmat/backends/openssl/hashes.py -> build/lib.linux-x86_64-2.7/cryptography/hazmat/backends/openssl
  copying src/cryptography/hazmat/backends/openssl/hmac.py -> build/lib.linux-x86_64-2.7/cryptography/hazmat/backends/openssl
  copying src/cryptography/hazmat/backends/openssl/ocsp.py -> build/lib.linux-x86_64-2.7/cryptography/hazmat/backends/openssl
  copying src/cryptography/hazmat/backends/openssl/poly1305.py -> build/lib.linux-x86_64-2.7/cryptography/hazmat/backends/openssl
  copying src/cryptography/hazmat/backends/openssl/rsa.py -> build/lib.linux-x86_64-2.7/cryptography/hazmat/backends/openssl
  copying src/cryptography/hazmat/backends/openssl/utils.py -> build/lib.linux-x86_64-2.7/cryptography/hazmat/backends/openssl
  copying src/cryptography/hazmat/backends/openssl/x25519.py -> build/lib.linux-x86_64-2.7/cryptography/hazmat/backends/openssl
  copying src/cryptography/hazmat/backends/openssl/x448.py -> build/lib.linux-x86_64-2.7/cryptography/hazmat/backends/openssl
  copying src/cryptography/hazmat/backends/openssl/x509.py -> build/lib.linux-x86_64-2.7/cryptography/hazmat/backends/openssl
  creating build/lib.linux-x86_64-2.7/cryptography/hazmat/bindings/openssl
  copying src/cryptography/hazmat/bindings/openssl/__init__.py -> build/lib.linux-x86_64-2.7/cryptography/hazmat/bindings/openssl
  copying src/cryptography/hazmat/bindings/openssl/_conditional.py -> build/lib.linux-x86_64-2.7/cryptography/hazmat/bindings/openssl
  copying src/cryptography/hazmat/bindings/openssl/binding.py -> build/lib.linux-x86_64-2.7/cryptography/hazmat/bindings/openssl
  creating build/lib.linux-x86_64-2.7/cryptography/hazmat/primitives/asymmetric
  copying src/cryptography/hazmat/primitives/asymmetric/__init__.py -> build/lib.linux-x86_64-2.7/cryptography/hazmat/primitives/asymmetric
  copying src/cryptography/hazmat/primitives/asymmetric/dh.py -> build/lib.linux-x86_64-2.7/cryptography/hazmat/primitives/asymmetric
  copying src/cryptography/hazmat/primitives/asymmetric/dsa.py -> build/lib.linux-x86_64-2.7/cryptography/hazmat/primitives/asymmetric
  copying src/cryptography/hazmat/primitives/asymmetric/ec.py -> build/lib.linux-x86_64-2.7/cryptography/hazmat/primitives/asymmetric
  copying src/cryptography/hazmat/primitives/asymmetric/ed25519.py -> build/lib.linux-x86_64-2.7/cryptography/hazmat/primitives/asymmetric
  copying src/cryptography/hazmat/primitives/asymmetric/ed448.py -> build/lib.linux-x86_64-2.7/cryptography/hazmat/primitives/asymmetric
  copying src/cryptography/hazmat/primitives/asymmetric/padding.py -> build/lib.linux-x86_64-2.7/cryptography/hazmat/primitives/asymmetric
  copying src/cryptography/hazmat/primitives/asymmetric/rsa.py -> build/lib.linux-x86_64-2.7/cryptography/hazmat/primitives/asymmetric
  copying src/cryptography/hazmat/primitives/asymmetric/utils.py -> build/lib.linux-x86_64-2.7/cryptography/hazmat/primitives/asymmetric
  copying src/cryptography/hazmat/primitives/asymmetric/x25519.py -> build/lib.linux-x86_64-2.7/cryptography/hazmat/primitives/asymmetric
  copying src/cryptography/hazmat/primitives/asymmetric/x448.py -> build/lib.linux-x86_64-2.7/cryptography/hazmat/primitives/asymmetric
  creating build/lib.linux-x86_64-2.7/cryptography/hazmat/primitives/ciphers
  copying src/cryptography/hazmat/primitives/ciphers/__init__.py -> build/lib.linux-x86_64-2.7/cryptography/hazmat/primitives/ciphers
  copying src/cryptography/hazmat/primitives/ciphers/aead.py -> build/lib.linux-x86_64-2.7/cryptography/hazmat/primitives/ciphers
  copying src/cryptography/hazmat/primitives/ciphers/algorithms.py -> build/lib.linux-x86_64-2.7/cryptography/hazmat/primitives/ciphers
  copying src/cryptography/hazmat/primitives/ciphers/base.py -> build/lib.linux-x86_64-2.7/cryptography/hazmat/primitives/ciphers
  copying src/cryptography/hazmat/primitives/ciphers/modes.py -> build/lib.linux-x86_64-2.7/cryptography/hazmat/primitives/ciphers
  creating build/lib.linux-x86_64-2.7/cryptography/hazmat/primitives/kdf
  copying src/cryptography/hazmat/primitives/kdf/__init__.py -> build/lib.linux-x86_64-2.7/cryptography/hazmat/primitives/kdf
  copying src/cryptography/hazmat/primitives/kdf/concatkdf.py -> build/lib.linux-x86_64-2.7/cryptography/hazmat/primitives/kdf
  copying src/cryptography/hazmat/primitives/kdf/hkdf.py -> build/lib.linux-x86_64-2.7/cryptography/hazmat/primitives/kdf
  copying src/cryptography/hazmat/primitives/kdf/kbkdf.py -> build/lib.linux-x86_64-2.7/cryptography/hazmat/primitives/kdf
  copying src/cryptography/hazmat/primitives/kdf/pbkdf2.py -> build/lib.linux-x86_64-2.7/cryptography/hazmat/primitives/kdf
  copying src/cryptography/hazmat/primitives/kdf/scrypt.py -> build/lib.linux-x86_64-2.7/cryptography/hazmat/primitives/kdf
  copying src/cryptography/hazmat/primitives/kdf/x963kdf.py -> build/lib.linux-x86_64-2.7/cryptography/hazmat/primitives/kdf
  creating build/lib.linux-x86_64-2.7/cryptography/hazmat/primitives/serialization
  copying src/cryptography/hazmat/primitives/serialization/__init__.py -> build/lib.linux-x86_64-2.7/cryptography/hazmat/primitives/serialization
  copying src/cryptography/hazmat/primitives/serialization/base.py -> build/lib.linux-x86_64-2.7/cryptography/hazmat/primitives/serialization
  copying src/cryptography/hazmat/primitives/serialization/pkcs12.py -> build/lib.linux-x86_64-2.7/cryptography/hazmat/primitives/serialization
  copying src/cryptography/hazmat/primitives/serialization/pkcs7.py -> build/lib.linux-x86_64-2.7/cryptography/hazmat/primitives/serialization
  copying src/cryptography/hazmat/primitives/serialization/ssh.py -> build/lib.linux-x86_64-2.7/cryptography/hazmat/primitives/serialization
  creating build/lib.linux-x86_64-2.7/cryptography/hazmat/primitives/twofactor
  copying src/cryptography/hazmat/primitives/twofactor/__init__.py -> build/lib.linux-x86_64-2.7/cryptography/hazmat/primitives/twofactor
  copying src/cryptography/hazmat/primitives/twofactor/hotp.py -> build/lib.linux-x86_64-2.7/cryptography/hazmat/primitives/twofactor
  copying src/cryptography/hazmat/primitives/twofactor/totp.py -> build/lib.linux-x86_64-2.7/cryptography/hazmat/primitives/twofactor
  copying src/cryptography/hazmat/primitives/twofactor/utils.py -> build/lib.linux-x86_64-2.7/cryptography/hazmat/primitives/twofactor
  running egg_info
  writing src/cryptography.egg-info/PKG-INFO
  writing dependency_links to src/cryptography.egg-info/dependency_links.txt
  writing requirements to src/cryptography.egg-info/requires.txt
  writing top-level names to src/cryptography.egg-info/top_level.txt
  warning: manifest_maker: standard file '-c' not found
  
  reading manifest file 'src/cryptography.egg-info/SOURCES.txt'
  reading manifest template 'MANIFEST.in'
  no previously-included directories found matching 'docs/_build'
  warning: no previously-included files found matching 'vectors'
  warning: no previously-included files matching '*' found under directory 'vectors'
  warning: no previously-included files found matching '.travis.yml'
  warning: no previously-included files found matching '.travis'
  warning: no previously-included files matching '*' found under directory '.travis'
  warning: no previously-included files matching '*' found under directory '.github'
  warning: no previously-included files found matching 'release.py'
  warning: no previously-included files found matching '.coveragerc'
  warning: no previously-included files found matching 'codecov.yml'
  warning: no previously-included files found matching 'dev-requirements.txt'
  warning: no previously-included files found matching 'rtd-requirements.txt'
  warning: no previously-included files found matching 'tox.ini'
  warning: no previously-included files matching '*' found under directory '.zuul.d'
  warning: no previously-included files matching '*' found under directory '.zuul.playbooks'
  writing manifest file 'src/cryptography.egg-info/SOURCES.txt'
  running build_ext
  generating cffi module 'build/temp.linux-x86_64-2.7/_padding.c'
  creating build/temp.linux-x86_64-2.7
  generating cffi module 'build/temp.linux-x86_64-2.7/_openssl.c'
  building '_openssl' extension
  creating build/temp.linux-x86_64-2.7/build
  creating build/temp.linux-x86_64-2.7/build/temp.linux-x86_64-2.7
  cc -O2 -fPIC -Wimplicit -O2 -fPIC -Wimplicit -I/home/travis/virtualenv/pypy-5.4.1/include -c build/temp.linux-x86_64-2.7/_openssl.c -o build/temp.linux-x86_64-2.7/build/temp.linux-x86_64-2.7/_openssl.o -Wconversion -Wno-error=sign-conversion
  build/temp.linux-x86_64-2.7/_openssl.c: In function ‘SSL_SESSION_get_master_key’:
  build/temp.linux-x86_64-2.7/_openssl.c:2332:23: warning: conversion to ‘size_t’ from ‘int’ may change the sign of the result [-Wsign-conversion]
  build/temp.linux-x86_64-2.7/_openssl.c:2334:25: warning: conversion to ‘size_t’ from ‘int’ may change the sign of the result [-Wsign-conversion]
  build/temp.linux-x86_64-2.7/_openssl.c: In function ‘SSL_SESSION_get_ticket_lifetime_hint’:
  build/temp.linux-x86_64-2.7/_openssl.c:2346:13: warning: conversion to ‘long unsigned int’ from ‘long int’ may change the sign of the result [-Wsign-conversion]
  build/temp.linux-x86_64-2.7/_openssl.c: In function ‘Cryptography_X509_REVOKED_dup’:
  build/temp.linux-x86_64-2.7/_openssl.c:2548:5: warning: implicit declaration of function ‘X509_REVOKED_dup’ [-Wimplicit-function-declaration]
  build/temp.linux-x86_64-2.7/_openssl.c:2548:5: warning: return makes pointer from integer without a cast [enabled by default]
  build/temp.linux-x86_64-2.7/_openssl.c: In function ‘Cryptography_setup_ssl_threads’:
  build/temp.linux-x86_64-2.7/_openssl.c:2767:9: warning: conversion to ‘size_t’ from ‘int’ may change the sign of the result [-Wsign-conversion]
  build/temp.linux-x86_64-2.7/_openssl.c: In function ‘Cryptography_pem_password_cb’:
  build/temp.linux-x86_64-2.7/_openssl.c:2802:37: warning: conversion to ‘size_t’ from ‘int’ may change the sign of the result [-Wsign-conversion]
  build/temp.linux-x86_64-2.7/_openssl.c: In function ‘_cffi_const_SSL_OP_NO_DTLSv1’:
  build/temp.linux-x86_64-2.7/_openssl.c:7572:12: error: ‘SSL_OP_NO_DTLSv1’ undeclared (first use in this function)
  build/temp.linux-x86_64-2.7/_openssl.c:7572:12: note: each undeclared identifier is reported only once for each function it appears in
  build/temp.linux-x86_64-2.7/_openssl.c: In function ‘_cffi_const_SSL_OP_NO_DTLSv1_2’:
  build/temp.linux-x86_64-2.7/_openssl.c:7579:12: error: ‘SSL_OP_NO_DTLSv1_2’ undeclared (first use in this function)
  build/temp.linux-x86_64-2.7/_openssl.c: In function ‘_cffi_const_X509_CHECK_FLAG_ALWAYS_CHECK_SUBJECT’:
  build/temp.linux-x86_64-2.7/_openssl.c:7915:12: error: ‘X509_CHECK_FLAG_ALWAYS_CHECK_SUBJECT’ undeclared (first use in this function)
  build/temp.linux-x86_64-2.7/_openssl.c: In function ‘_cffi_const_X509_CHECK_FLAG_MULTI_LABEL_WILDCARDS’:
  build/temp.linux-x86_64-2.7/_openssl.c:7922:12: error: ‘X509_CHECK_FLAG_MULTI_LABEL_WILDCARDS’ undeclared (first use in this function)
  build/temp.linux-x86_64-2.7/_openssl.c: In function ‘_cffi_const_X509_CHECK_FLAG_NO_PARTIAL_WILDCARDS’:
  build/temp.linux-x86_64-2.7/_openssl.c:7936:12: error: ‘X509_CHECK_FLAG_NO_PARTIAL_WILDCARDS’ undeclared (first use in this function)
  build/temp.linux-x86_64-2.7/_openssl.c: In function ‘_cffi_const_X509_CHECK_FLAG_NO_WILDCARDS’:
  build/temp.linux-x86_64-2.7/_openssl.c:7943:12: error: ‘X509_CHECK_FLAG_NO_WILDCARDS’ undeclared (first use in this function)
  build/temp.linux-x86_64-2.7/_openssl.c: In function ‘_cffi_const_X509_CHECK_FLAG_SINGLE_LABEL_SUBDOMAINS’:
  build/temp.linux-x86_64-2.7/_openssl.c:7950:12: error: ‘X509_CHECK_FLAG_SINGLE_LABEL_SUBDOMAINS’ undeclared (first use in this function)
  build/temp.linux-x86_64-2.7/_openssl.c: In function ‘_cffi_const_X509_V_ERR_EMAIL_MISMATCH’:
  build/temp.linux-x86_64-2.7/_openssl.c:8090:12: error: ‘X509_V_ERR_EMAIL_MISMATCH’ undeclared (first use in this function)
  build/temp.linux-x86_64-2.7/_openssl.c: In function ‘_cffi_const_X509_V_ERR_HOSTNAME_MISMATCH’:
  build/temp.linux-x86_64-2.7/_openssl.c:8132:12: error: ‘X509_V_ERR_HOSTNAME_MISMATCH’ undeclared (first use in this function)
  build/temp.linux-x86_64-2.7/_openssl.c: In function ‘_cffi_const_X509_V_ERR_IP_ADDRESS_MISMATCH’:
  build/temp.linux-x86_64-2.7/_openssl.c:8174:12: error: ‘X509_V_ERR_IP_ADDRESS_MISMATCH’ undeclared (first use in this function)
  build/temp.linux-x86_64-2.7/_openssl.c: In function ‘_cffi_const_X509_V_ERR_SUITE_B_CANNOT_SIGN_P_384_WITH_P_256’:
  build/temp.linux-x86_64-2.7/_openssl.c:8265:12: error: ‘X509_V_ERR_SUITE_B_CANNOT_SIGN_P_384_WITH_P_256’ undeclared (first use in this function)
  build/temp.linux-x86_64-2.7/_openssl.c: In function ‘_cffi_const_X509_V_ERR_SUITE_B_INVALID_ALGORITHM’:
  build/temp.linux-x86_64-2.7/_openssl.c:8272:12: error: ‘X509_V_ERR_SUITE_B_INVALID_ALGORITHM’ undeclared (first use in this function)
  build/temp.linux-x86_64-2.7/_openssl.c: In function ‘_cffi_const_X509_V_ERR_SUITE_B_INVALID_CURVE’:
  build/temp.linux-x86_64-2.7/_openssl.c:8279:12: error: ‘X509_V_ERR_SUITE_B_INVALID_CURVE’ undeclared (first use in this function)
  build/temp.linux-x86_64-2.7/_openssl.c: In function ‘_cffi_const_X509_V_ERR_SUITE_B_INVALID_SIGNATURE_ALGORITHM’:
  build/temp.linux-x86_64-2.7/_openssl.c:8286:12: error: ‘X509_V_ERR_SUITE_B_INVALID_SIGNATURE_ALGORITHM’ undeclared (first use in this function)
  build/temp.linux-x86_64-2.7/_openssl.c: In function ‘_cffi_const_X509_V_ERR_SUITE_B_INVALID_VERSION’:
  build/temp.linux-x86_64-2.7/_openssl.c:8293:12: error: ‘X509_V_ERR_SUITE_B_INVALID_VERSION’ undeclared (first use in this function)
  build/temp.linux-x86_64-2.7/_openssl.c: In function ‘_cffi_const_X509_V_ERR_SUITE_B_LOS_NOT_ALLOWED’:
  build/temp.linux-x86_64-2.7/_openssl.c:8300:12: error: ‘X509_V_ERR_SUITE_B_LOS_NOT_ALLOWED’ undeclared (first use in this function)
  build/temp.linux-x86_64-2.7/_openssl.c: In function ‘_cffi_const_X509_V_FLAG_PARTIAL_CHAIN’:
  build/temp.linux-x86_64-2.7/_openssl.c:8489:12: error: ‘X509_V_FLAG_PARTIAL_CHAIN’ undeclared (first use in this function)
  build/temp.linux-x86_64-2.7/_openssl.c: In function ‘_cffi_const_X509_V_FLAG_SUITEB_128_LOS’:
  build/temp.linux-x86_64-2.7/_openssl.c:8503:12: error: ‘X509_V_FLAG_SUITEB_128_LOS’ undeclared (first use in this function)
  build/temp.linux-x86_64-2.7/_openssl.c: In function ‘_cffi_const_X509_V_FLAG_SUITEB_128_LOS_ONLY’:
  build/temp.linux-x86_64-2.7/_openssl.c:8510:12: error: ‘X509_V_FLAG_SUITEB_128_LOS_ONLY’ undeclared (first use in this function)
  build/temp.linux-x86_64-2.7/_openssl.c: In function ‘_cffi_const_X509_V_FLAG_SUITEB_192_LOS’:
  build/temp.linux-x86_64-2.7/_openssl.c:8517:12: error: ‘X509_V_FLAG_SUITEB_192_LOS’ undeclared (first use in this function)
  build/temp.linux-x86_64-2.7/_openssl.c: In function ‘_cffi_const_X509_V_FLAG_TRUSTED_FIRST’:
  build/temp.linux-x86_64-2.7/_openssl.c:8524:12: error: ‘X509_V_FLAG_TRUSTED_FIRST’ undeclared (first use in this function)
  build/temp.linux-x86_64-2.7/_openssl.c: In function ‘_cffi_d_BIO_new_mem_buf’:
  build/temp.linux-x86_64-2.7/_openssl.c:10494:3: warning: passing argument 1 of ‘BIO_new_mem_buf’ discards ‘const’ qualifier from pointer target type [enabled by default]
  /usr/include/openssl/bio.h:668:6: note: expected ‘void *’ but argument is of type ‘const void *’
  build/temp.linux-x86_64-2.7/_openssl.c: In function ‘_cffi_d_DTLS_client_method’:
  build/temp.linux-x86_64-2.7/_openssl.c:15803:3: warning: implicit declaration of function ‘DTLS_client_method’ [-Wimplicit-function-declaration]
  build/temp.linux-x86_64-2.7/_openssl.c:15803:3: warning: return makes pointer from integer without a cast [enabled by default]
  build/temp.linux-x86_64-2.7/_openssl.c: In function ‘_cffi_d_DTLS_get_link_min_mtu’:
  build/temp.linux-x86_64-2.7/_openssl.c:15827:3: warning: implicit declaration of function ‘DTLS_get_link_min_mtu’ [-Wimplicit-function-declaration]
  build/temp.linux-x86_64-2.7/_openssl.c: In function ‘_cffi_d_DTLS_method’:
  build/temp.linux-x86_64-2.7/_openssl.c:15863:3: warning: implicit declaration of function ‘DTLS_method’ [-Wimplicit-function-declaration]
  build/temp.linux-x86_64-2.7/_openssl.c:15863:3: warning: return makes pointer from integer without a cast [enabled by default]
  build/temp.linux-x86_64-2.7/_openssl.c: In function ‘_cffi_d_DTLS_server_method’:
  build/temp.linux-x86_64-2.7/_openssl.c:15887:3: warning: implicit declaration of function ‘DTLS_server_method’ [-Wimplicit-function-declaration]
  build/temp.linux-x86_64-2.7/_openssl.c:15887:3: warning: return makes pointer from integer without a cast [enabled by default]
  build/temp.linux-x86_64-2.7/_openssl.c: In function ‘_cffi_d_DTLS_set_link_mtu’:
  build/temp.linux-x86_64-2.7/_openssl.c:15911:3: warning: implicit declaration of function ‘DTLS_set_link_mtu’ [-Wimplicit-function-declaration]
  build/temp.linux-x86_64-2.7/_openssl.c: In function ‘_cffi_d_EC_curve_nid2nist’:
  build/temp.linux-x86_64-2.7/_openssl.c:18617:3: warning: implicit declaration of function ‘EC_curve_nid2nist’ [-Wimplicit-function-declaration]
  build/temp.linux-x86_64-2.7/_openssl.c:18617:3: warning: return makes pointer from integer without a cast [enabled by default]
  build/temp.linux-x86_64-2.7/_openssl.c: In function ‘_cffi_d_OCSP_cert_to_id’:
  build/temp.linux-x86_64-2.7/_openssl.c:25743:3: warning: passing argument 2 of ‘OCSP_cert_to_id’ discards ‘const’ qualifier from pointer target type [enabled by default]
  /usr/include/openssl/ocsp.h:413:14: note: expected ‘struct X509 *’ but argument is of type ‘const struct X509 *’
  build/temp.linux-x86_64-2.7/_openssl.c:25743:3: warning: passing argument 3 of ‘OCSP_cert_to_id’ discards ‘const’ qualifier from pointer target type [enabled by default]
  /usr/include/openssl/ocsp.h:413:14: note: expected ‘struct X509 *’ but argument is of type ‘const struct X509 *’
  build/temp.linux-x86_64-2.7/_openssl.c: In function ‘_cffi_d_OCSP_resp_get0_certs’:
  build/temp.linux-x86_64-2.7/_openssl.c:26154:3: warning: return discards ‘const’ qualifier from pointer target type [enabled by default]
  build/temp.linux-x86_64-2.7/_openssl.c: In function ‘_cffi_d_SSL_CTX_add_client_custom_ext’:
  build/temp.linux-x86_64-2.7/_openssl.c:30957:3: warning: implicit declaration of function ‘SSL_CTX_add_client_custom_ext’ [-Wimplicit-function-declaration]
  build/temp.linux-x86_64-2.7/_openssl.c: In function ‘_cffi_d_SSL_CTX_add_extra_chain_cert’:
  build/temp.linux-x86_64-2.7/_openssl.c:31047:10: warning: conversion to ‘long unsigned int’ from ‘long int’ may change the sign of the result [-Wsign-conversion]
  build/temp.linux-x86_64-2.7/_openssl.c: In function ‘_cffi_d_SSL_CTX_add_server_custom_ext’:
  build/temp.linux-x86_64-2.7/_openssl.c:31100:3: warning: implicit declaration of function ‘SSL_CTX_add_server_custom_ext’ [-Wimplicit-function-declaration]
  build/temp.linux-x86_64-2.7/_openssl.c: In function ‘_cffi_d_SSL_CTX_clear_mode’:
  build/temp.linux-x86_64-2.7/_openssl.c:31226:3: warning: conversion to ‘long int’ from ‘long unsigned int’ may change the sign of the result [-Wsign-conversion]
  build/temp.linux-x86_64-2.7/_openssl.c:31226:10: warning: conversion to ‘long unsigned int’ from ‘long int’ may change the sign of the result [-Wsign-conversion]
  build/temp.linux-x86_64-2.7/_openssl.c: In function ‘_cffi_d_SSL_CTX_clear_options’:
  build/temp.linux-x86_64-2.7/_openssl.c:31272:3: warning: conversion to ‘long int’ from ‘long unsigned int’ may change the sign of the result [-Wsign-conversion]
  build/temp.linux-x86_64-2.7/_openssl.c:31272:10: warning: conversion to ‘long unsigned int’ from ‘long int’ may change the sign of the result [-Wsign-conversion]
  build/temp.linux-x86_64-2.7/_openssl.c: In function ‘_cffi_d_SSL_CTX_get0_param’:
  build/temp.linux-x86_64-2.7/_openssl.c:31354:3: warning: implicit declaration of function ‘SSL_CTX_get0_param’ [-Wimplicit-function-declaration]
  build/temp.linux-x86_64-2.7/_openssl.c:31354:3: warning: return makes pointer from integer without a cast [enabled by default]
  build/temp.linux-x86_64-2.7/_openssl.c: In function ‘_cffi_d_SSL_CTX_get_mode’:
  build/temp.linux-x86_64-2.7/_openssl.c:31629:10: warning: conversion to ‘long unsigned int’ from ‘long int’ may change the sign of the result [-Wsign-conversion]
  build/temp.linux-x86_64-2.7/_openssl.c: In function ‘_cffi_d_SSL_CTX_get_options’:
  build/temp.linux-x86_64-2.7/_openssl.c:31665:10: warning: conversion to ‘long unsigned int’ from ‘long int’ may change the sign of the result [-Wsign-conversion]
  build/temp.linux-x86_64-2.7/_openssl.c: In function ‘_cffi_d_SSL_CTX_get_session_cache_mode’:
  build/temp.linux-x86_64-2.7/_openssl.c:31737:10: warning: conversion to ‘long unsigned int’ from ‘long int’ may change the sign of the result [-Wsign-conversion]
  build/temp.linux-x86_64-2.7/_openssl.c: In function ‘_cffi_d_SSL_CTX_set1_sigalgs_list’:
  build/temp.linux-x86_64-2.7/_openssl.c:32415:3: warning: implicit declaration of function ‘SSL_CTX_set1_sigalgs_list’ [-Wimplicit-function-declaration]
  build/temp.linux-x86_64-2.7/_openssl.c: In function ‘_cffi_d_SSL_CTX_set_alpn_protos’:
  build/temp.linux-x86_64-2.7/_openssl.c:32468:3: warning: implicit declaration of function ‘SSL_CTX_set_alpn_protos’ [-Wimplicit-function-declaration]
  build/temp.linux-x86_64-2.7/_openssl.c: In function ‘_cffi_d_SSL_CTX_set_alpn_select_cb’:
  build/temp.linux-x86_64-2.7/_openssl.c:32527:3: warning: implicit declaration of function ‘SSL_CTX_set_alpn_select_cb’ [-Wimplicit-function-declaration]
  build/temp.linux-x86_64-2.7/_openssl.c: In function ‘_cffi_d_SSL_CTX_set_cert_cb’:
  build/temp.linux-x86_64-2.7/_openssl.c:32586:3: warning: implicit declaration of function ‘SSL_CTX_set_cert_cb’ [-Wimplicit-function-declaration]
  build/temp.linux-x86_64-2.7/_openssl.c: In function ‘_cffi_d_SSL_CTX_set_ecdh_auto’:
  build/temp.linux-x86_64-2.7/_openssl.c:33097:3: warning: implicit declaration of function ‘SSL_CTX_set_ecdh_auto’ [-Wimplicit-function-declaration]
  build/temp.linux-x86_64-2.7/_openssl.c: In function ‘_cffi_d_SSL_CTX_set_mode’:
  build/temp.linux-x86_64-2.7/_openssl.c:33340:3: warning: conversion to ‘long int’ from ‘long unsigned int’ may change the sign of the result [-Wsign-conversion]
  build/temp.linux-x86_64-2.7/_openssl.c:33340:10: warning: conversion to ‘long unsigned int’ from ‘long int’ may change the sign of the result [-Wsign-conversion]
  build/temp.linux-x86_64-2.7/_openssl.c: In function ‘_cffi_d_SSL_CTX_set_options’:
  build/temp.linux-x86_64-2.7/_openssl.c:33386:3: warning: conversion to ‘long int’ from ‘long unsigned int’ may change the sign of the result [-Wsign-conversion]
  build/temp.linux-x86_64-2.7/_openssl.c:33386:10: warning: conversion to ‘long unsigned int’ from ‘long int’ may change the sign of the result [-Wsign-conversion]
  build/temp.linux-x86_64-2.7/_openssl.c: In function ‘_cffi_d_SSL_CTX_set_session_cache_mode’:
  build/temp.linux-x86_64-2.7/_openssl.c:33616:3: warning: conversion to ‘long int’ from ‘long unsigned int’ may change the sign of the result [-Wsign-conversion]
  build/temp.linux-x86_64-2.7/_openssl.c:33616:10: warning: conversion to ‘long unsigned int’ from ‘long int’ may change the sign of the result [-Wsign-conversion]
  build/temp.linux-x86_64-2.7/_openssl.c: In function ‘_cffi_d_SSL_CTX_set_tmp_dh’:
  build/temp.linux-x86_64-2.7/_openssl.c:34018:10: warning: conversion to ‘long unsigned int’ from ‘long int’ may change the sign of the result [-Wsign-conversion]
  build/temp.linux-x86_64-2.7/_openssl.c: In function ‘_cffi_d_SSL_CTX_set_tmp_ecdh’:
  build/temp.linux-x86_64-2.7/_openssl.c:34071:10: warning: conversion to ‘long unsigned int’ from ‘long int’ may change the sign of the result [-Wsign-conversion]
  build/temp.linux-x86_64-2.7/_openssl.c: In function ‘_cffi_d_SSL_SESSION_get_ticket_lifetime_hint’:
  build/temp.linux-x86_64-2.7/_openssl.c:34736:46: warning: conversion to ‘long int’ from ‘long unsigned int’ may change the sign of the result [-Wsign-conversion]
  build/temp.linux-x86_64-2.7/_openssl.c: In function ‘_cffi_d_SSL_clear_mode’:
  build/temp.linux-x86_64-2.7/_openssl.c:34939:3: warning: conversion to ‘long int’ from ‘long unsigned int’ may change the sign of the result [-Wsign-conversion]
  build/temp.linux-x86_64-2.7/_openssl.c:34939:10: warning: conversion to ‘long unsigned int’ from ‘long int’ may change the sign of the result [-Wsign-conversion]
  build/temp.linux-x86_64-2.7/_openssl.c: In function ‘_cffi_d_SSL_extension_supported’:
  build/temp.linux-x86_64-2.7/_openssl.c:35124:3: warning: implicit declaration of function ‘SSL_extension_supported’ [-Wimplicit-function-declaration]
  build/temp.linux-x86_64-2.7/_openssl.c: In function ‘_cffi_d_SSL_get0_alpn_selected’:
  build/temp.linux-x86_64-2.7/_openssl.c:35188:3: warning: implicit declaration of function ‘SSL_get0_alpn_selected’ [-Wimplicit-function-declaration]
  build/temp.linux-x86_64-2.7/_openssl.c: In function ‘_cffi_d_SSL_get0_param’:
  build/temp.linux-x86_64-2.7/_openssl.c:35254:3: warning: implicit declaration of function ‘SSL_get0_param’ [-Wimplicit-function-declaration]
  build/temp.linux-x86_64-2.7/_openssl.c:35254:3: warning: return makes pointer from integer without a cast [enabled by default]
  build/temp.linux-x86_64-2.7/_openssl.c: In function ‘_cffi_d_SSL_get_mode’:
  build/temp.linux-x86_64-2.7/_openssl.c:35835:10: warning: conversion to ‘long unsigned int’ from ‘long int’ may change the sign of the result [-Wsign-conversion]
  build/temp.linux-x86_64-2.7/_openssl.c: In function ‘_cffi_d_SSL_get_options’:
  build/temp.linux-x86_64-2.7/_openssl.c:35871:10: warning: conversion to ‘long unsigned int’ from ‘long int’ may change the sign of the result [-Wsign-conversion]
  build/temp.linux-x86_64-2.7/_openssl.c: In function ‘_cffi_d_SSL_get_server_tmp_key’:
  build/temp.linux-x86_64-2.7/_openssl.c:36169:3: warning: implicit declaration of function ‘SSL_get_server_tmp_key’ [-Wimplicit-function-declaration]
  build/temp.linux-x86_64-2.7/_openssl.c: In function ‘_cffi_d_SSL_get_sigalgs’:
  build/temp.linux-x86_64-2.7/_openssl.c:36340:3: warning: implicit declaration of function ‘SSL_get_sigalgs’ [-Wimplicit-function-declaration]
  build/temp.linux-x86_64-2.7/_openssl.c: In function ‘_cffi_d_SSL_set_alpn_protos’:
  build/temp.linux-x86_64-2.7/_openssl.c:37210:3: warning: implicit declaration of function ‘SSL_set_alpn_protos’ [-Wimplicit-function-declaration]
  build/temp.linux-x86_64-2.7/_openssl.c: In function ‘_cffi_d_SSL_set_cert_cb’:
  build/temp.linux-x86_64-2.7/_openssl.c:37335:3: warning: implicit declaration of function ‘SSL_set_cert_cb’ [-Wimplicit-function-declaration]
  build/temp.linux-x86_64-2.7/_openssl.c: In function ‘_cffi_d_SSL_set_mode’:
  build/temp.linux-x86_64-2.7/_openssl.c:37535:3: warning: conversion to ‘long int’ from ‘long unsigned int’ may change the sign of the result [-Wsign-conversion]
  build/temp.linux-x86_64-2.7/_openssl.c:37535:10: warning: conversion to ‘long unsigned int’ from ‘long int’ may change the sign of the result [-Wsign-conversion]
  build/temp.linux-x86_64-2.7/_openssl.c: In function ‘_cffi_d_SSL_set_options’:
  build/temp.linux-x86_64-2.7/_openssl.c:37581:3: warning: conversion to ‘long int’ from ‘long unsigned int’ may change the sign of the result [-Wsign-conversion]
  build/temp.linux-x86_64-2.7/_openssl.c:37581:10: warning: conversion to ‘long unsigned int’ from ‘long int’ may change the sign of the result [-Wsign-conversion]
  build/temp.linux-x86_64-2.7/_openssl.c: In function ‘_cffi_d_X509_ATTRIBUTE_count’:
  build/temp.linux-x86_64-2.7/_openssl.c:39314:3: warning: passing argument 1 of ‘X509_ATTRIBUTE_count’ discards ‘const’ qualifier from pointer target type [enabled by default]
  /usr/include/openssl/x509.h:1129:5: note: expected ‘struct X509_ATTRIBUTE *’ but argument is of type ‘const struct X509_ATTRIBUTE *’
  build/temp.linux-x86_64-2.7/_openssl.c: In function ‘_cffi_d_X509_REQ_get_attr_by_OBJ’:
  build/temp.linux-x86_64-2.7/_openssl.c:42135:3: warning: passing argument 2 of ‘X509_REQ_get_attr_by_OBJ’ discards ‘const’ qualifier from pointer target type [enabled by default]
  /usr/include/openssl/x509.h:938:5: note: expected ‘struct ASN1_OBJECT *’ but argument is of type ‘const struct ASN1_OBJECT *’
  build/temp.linux-x86_64-2.7/_openssl.c: In function ‘_cffi_d_X509_REVOKED_dup’:
  build/temp.linux-x86_64-2.7/_openssl.c:42874:3: warning: return makes pointer from integer without a cast [enabled by default]
  build/temp.linux-x86_64-2.7/_openssl.c: In function ‘_cffi_d_X509_VERIFY_PARAM_set1_email’:
  build/temp.linux-x86_64-2.7/_openssl.c:45075:3: warning: implicit declaration of function ‘X509_VERIFY_PARAM_set1_email’ [-Wimplicit-function-declaration]
  build/temp.linux-x86_64-2.7/_openssl.c: In function ‘_cffi_d_X509_VERIFY_PARAM_set1_host’:
  build/temp.linux-x86_64-2.7/_openssl.c:45134:3: warning: implicit declaration of function ‘X509_VERIFY_PARAM_set1_host’ [-Wimplicit-function-declaration]
  build/temp.linux-x86_64-2.7/_openssl.c: In function ‘_cffi_d_X509_VERIFY_PARAM_set1_ip’:
  build/temp.linux-x86_64-2.7/_openssl.c:45193:3: warning: implicit declaration of function ‘X509_VERIFY_PARAM_set1_ip’ [-Wimplicit-function-declaration]
  build/temp.linux-x86_64-2.7/_openssl.c: In function ‘_cffi_d_X509_VERIFY_PARAM_set1_ip_asc’:
  build/temp.linux-x86_64-2.7/_openssl.c:45252:3: warning: implicit declaration of function ‘X509_VERIFY_PARAM_set1_ip_asc’ [-Wimplicit-function-declaration]
  build/temp.linux-x86_64-2.7/_openssl.c: In function ‘_cffi_d_X509_VERIFY_PARAM_set_hostflags’:
  build/temp.linux-x86_64-2.7/_openssl.c:45450:3: warning: implicit declaration of function ‘X509_VERIFY_PARAM_set_hostflags’ [-Wimplicit-function-declaration]
  build/temp.linux-x86_64-2.7/_openssl.c: In function ‘_cffi_d_X509_get0_signature’:
  build/temp.linux-x86_64-2.7/_openssl.c:45986:3: warning: implicit declaration of function ‘X509_get0_signature’ [-Wimplicit-function-declaration]
  build/temp.linux-x86_64-2.7/_openssl.c: In function ‘_cffi_d_X509_get_signature_nid’:
  build/temp.linux-x86_64-2.7/_openssl.c:46518:3: warning: implicit declaration of function ‘X509_get_signature_nid’ [-Wimplicit-function-declaration]
  build/temp.linux-x86_64-2.7/_openssl.c: In function ‘_cffi_d_i2d_re_X509_tbs’:
  build/temp.linux-x86_64-2.7/_openssl.c:49654:3: warning: implicit declaration of function ‘i2d_re_X509_tbs’ [-Wimplicit-function-declaration]
  error: command 'cc' failed with exit status 1
  
  ----------------------------------------
  Running setup.py clean for cryptography
  Running setup.py bdist_wheel for pynacl: started
  Running setup.py bdist_wheel for pynacl: still running...
  Running setup.py bdist_wheel for pynacl: still running...
  Running setup.py bdist_wheel for pynacl: finished with status 'done'
  Stored in directory: /home/travis/.cache/pip/wheels/c2/d9/ca/81e002fb0cee770c198715dace9edab919daba3ae49bd287a0
Successfully built bcrypt pynacl
Failed to build cryptography
Installing collected packages: bcrypt, enum34, ipaddress, cryptography, pynacl, pyasn1, paramiko
  Running setup.py install for cryptography: started
    Running setup.py install for cryptography: finished with status 'error'
    Complete output from command /home/travis/virtualenv/pypy-5.4.1/bin/python -u -c "import setuptools, tokenize;__file__='/tmp/pip-build-f8J_Ev/cryptography/setup.py';f=getattr(tokenize, 'open', open)(__file__);code=f.read().replace('\r\n', '\n');f.close();exec(compile(code, __file__, 'exec'))" install --record /tmp/pip-pbxfZT-record/install-record.txt --single-version-externally-managed --compile --install-headers /home/travis/virtualenv/pypy-5.4.1/include/site/python2.7/cryptography:
    /opt/python/pypy-5.4.1/lib-python/2.7/distutils/dist.py:267: UserWarning: Unknown distribution option: 'long_description_content_type'
      warnings.warn(msg)
    running install
    running build
    running build_py
    creating build
    creating build/lib.linux-x86_64-2.7
    creating build/lib.linux-x86_64-2.7/cryptography
    copying src/cryptography/__about__.py -> build/lib.linux-x86_64-2.7/cryptography
    copying src/cryptography/__init__.py -> build/lib.linux-x86_64-2.7/cryptography
    copying src/cryptography/exceptions.py -> build/lib.linux-x86_64-2.7/cryptography
    copying src/cryptography/fernet.py -> build/lib.linux-x86_64-2.7/cryptography
    copying src/cryptography/utils.py -> build/lib.linux-x86_64-2.7/cryptography
    creating build/lib.linux-x86_64-2.7/cryptography/hazmat
    copying src/cryptography/hazmat/__init__.py -> build/lib.linux-x86_64-2.7/cryptography/hazmat
    copying src/cryptography/hazmat/_der.py -> build/lib.linux-x86_64-2.7/cryptography/hazmat
    copying src/cryptography/hazmat/_oid.py -> build/lib.linux-x86_64-2.7/cryptography/hazmat
    creating build/lib.linux-x86_64-2.7/cryptography/x509
    copying src/cryptography/x509/__init__.py -> build/lib.linux-x86_64-2.7/cryptography/x509
    copying src/cryptography/x509/base.py -> build/lib.linux-x86_64-2.7/cryptography/x509
    copying src/cryptography/x509/certificate_transparency.py -> build/lib.linux-x86_64-2.7/cryptography/x509
    copying src/cryptography/x509/extensions.py -> build/lib.linux-x86_64-2.7/cryptography/x509
    copying src/cryptography/x509/general_name.py -> build/lib.linux-x86_64-2.7/cryptography/x509
    copying src/cryptography/x509/name.py -> build/lib.linux-x86_64-2.7/cryptography/x509
    copying src/cryptography/x509/ocsp.py -> build/lib.linux-x86_64-2.7/cryptography/x509
    copying src/cryptography/x509/oid.py -> build/lib.linux-x86_64-2.7/cryptography/x509
    creating build/lib.linux-x86_64-2.7/cryptography/hazmat/backends
    copying src/cryptography/hazmat/backends/__init__.py -> build/lib.linux-x86_64-2.7/cryptography/hazmat/backends
    copying src/cryptography/hazmat/backends/interfaces.py -> build/lib.linux-x86_64-2.7/cryptography/hazmat/backends
    creating build/lib.linux-x86_64-2.7/cryptography/hazmat/bindings
    copying src/cryptography/hazmat/bindings/__init__.py -> build/lib.linux-x86_64-2.7/cryptography/hazmat/bindings
    creating build/lib.linux-x86_64-2.7/cryptography/hazmat/primitives
    copying src/cryptography/hazmat/primitives/__init__.py -> build/lib.linux-x86_64-2.7/cryptography/hazmat/primitives
    copying src/cryptography/hazmat/primitives/cmac.py -> build/lib.linux-x86_64-2.7/cryptography/hazmat/primitives
    copying src/cryptography/hazmat/primitives/constant_time.py -> build/lib.linux-x86_64-2.7/cryptography/hazmat/primitives
    copying src/cryptography/hazmat/primitives/hashes.py -> build/lib.linux-x86_64-2.7/cryptography/hazmat/primitives
    copying src/cryptography/hazmat/primitives/hmac.py -> build/lib.linux-x86_64-2.7/cryptography/hazmat/primitives
    copying src/cryptography/hazmat/primitives/keywrap.py -> build/lib.linux-x86_64-2.7/cryptography/hazmat/primitives
    copying src/cryptography/hazmat/primitives/padding.py -> build/lib.linux-x86_64-2.7/cryptography/hazmat/primitives
    copying src/cryptography/hazmat/primitives/poly1305.py -> build/lib.linux-x86_64-2.7/cryptography/hazmat/primitives
    creating build/lib.linux-x86_64-2.7/cryptography/hazmat/backends/openssl
    copying src/cryptography/hazmat/backends/openssl/__init__.py -> build/lib.linux-x86_64-2.7/cryptography/hazmat/backends/openssl
    copying src/cryptography/hazmat/backends/openssl/aead.py -> build/lib.linux-x86_64-2.7/cryptography/hazmat/backends/openssl
    copying src/cryptography/hazmat/backends/openssl/backend.py -> build/lib.linux-x86_64-2.7/cryptography/hazmat/backends/openssl
    copying src/cryptography/hazmat/backends/openssl/ciphers.py -> build/lib.linux-x86_64-2.7/cryptography/hazmat/backends/openssl
    copying src/cryptography/hazmat/backends/openssl/cmac.py -> build/lib.linux-x86_64-2.7/cryptography/hazmat/backends/openssl
    copying src/cryptography/hazmat/backends/openssl/decode_asn1.py -> build/lib.linux-x86_64-2.7/cryptography/hazmat/backends/openssl
    copying src/cryptography/hazmat/backends/openssl/dh.py -> build/lib.linux-x86_64-2.7/cryptography/hazmat/backends/openssl
    copying src/cryptography/hazmat/backends/openssl/dsa.py -> build/lib.linux-x86_64-2.7/cryptography/hazmat/backends/openssl
    copying src/cryptography/hazmat/backends/openssl/ec.py -> build/lib.linux-x86_64-2.7/cryptography/hazmat/backends/openssl
    copying src/cryptography/hazmat/backends/openssl/ed25519.py -> build/lib.linux-x86_64-2.7/cryptography/hazmat/backends/openssl
    copying src/cryptography/hazmat/backends/openssl/ed448.py -> build/lib.linux-x86_64-2.7/cryptography/hazmat/backends/openssl
    copying src/cryptography/hazmat/backends/openssl/encode_asn1.py -> build/lib.linux-x86_64-2.7/cryptography/hazmat/backends/openssl
    copying src/cryptography/hazmat/backends/openssl/hashes.py -> build/lib.linux-x86_64-2.7/cryptography/hazmat/backends/openssl
    copying src/cryptography/hazmat/backends/openssl/hmac.py -> build/lib.linux-x86_64-2.7/cryptography/hazmat/backends/openssl
    copying src/cryptography/hazmat/backends/openssl/ocsp.py -> build/lib.linux-x86_64-2.7/cryptography/hazmat/backends/openssl
    copying src/cryptography/hazmat/backends/openssl/poly1305.py -> build/lib.linux-x86_64-2.7/cryptography/hazmat/backends/openssl
    copying src/cryptography/hazmat/backends/openssl/rsa.py -> build/lib.linux-x86_64-2.7/cryptography/hazmat/backends/openssl
    copying src/cryptography/hazmat/backends/openssl/utils.py -> build/lib.linux-x86_64-2.7/cryptography/hazmat/backends/openssl
    copying src/cryptography/hazmat/backends/openssl/x25519.py -> build/lib.linux-x86_64-2.7/cryptography/hazmat/backends/openssl
    copying src/cryptography/hazmat/backends/openssl/x448.py -> build/lib.linux-x86_64-2.7/cryptography/hazmat/backends/openssl
    copying src/cryptography/hazmat/backends/openssl/x509.py -> build/lib.linux-x86_64-2.7/cryptography/hazmat/backends/openssl
    creating build/lib.linux-x86_64-2.7/cryptography/hazmat/bindings/openssl
    copying src/cryptography/hazmat/bindings/openssl/__init__.py -> build/lib.linux-x86_64-2.7/cryptography/hazmat/bindings/openssl
    copying src/cryptography/hazmat/bindings/openssl/_conditional.py -> build/lib.linux-x86_64-2.7/cryptography/hazmat/bindings/openssl
    copying src/cryptography/hazmat/bindings/openssl/binding.py -> build/lib.linux-x86_64-2.7/cryptography/hazmat/bindings/openssl
    creating build/lib.linux-x86_64-2.7/cryptography/hazmat/primitives/asymmetric
    copying src/cryptography/hazmat/primitives/asymmetric/__init__.py -> build/lib.linux-x86_64-2.7/cryptography/hazmat/primitives/asymmetric
    copying src/cryptography/hazmat/primitives/asymmetric/dh.py -> build/lib.linux-x86_64-2.7/cryptography/hazmat/primitives/asymmetric
    copying src/cryptography/hazmat/primitives/asymmetric/dsa.py -> build/lib.linux-x86_64-2.7/cryptography/hazmat/primitives/asymmetric
    copying src/cryptography/hazmat/primitives/asymmetric/ec.py -> build/lib.linux-x86_64-2.7/cryptography/hazmat/primitives/asymmetric
    copying src/cryptography/hazmat/primitives/asymmetric/ed25519.py -> build/lib.linux-x86_64-2.7/cryptography/hazmat/primitives/asymmetric
    copying src/cryptography/hazmat/primitives/asymmetric/ed448.py -> build/lib.linux-x86_64-2.7/cryptography/hazmat/primitives/asymmetric
    copying src/cryptography/hazmat/primitives/asymmetric/padding.py -> build/lib.linux-x86_64-2.7/cryptography/hazmat/primitives/asymmetric
    copying src/cryptography/hazmat/primitives/asymmetric/rsa.py -> build/lib.linux-x86_64-2.7/cryptography/hazmat/primitives/asymmetric
    copying src/cryptography/hazmat/primitives/asymmetric/utils.py -> build/lib.linux-x86_64-2.7/cryptography/hazmat/primitives/asymmetric
    copying src/cryptography/hazmat/primitives/asymmetric/x25519.py -> build/lib.linux-x86_64-2.7/cryptography/hazmat/primitives/asymmetric
    copying src/cryptography/hazmat/primitives/asymmetric/x448.py -> build/lib.linux-x86_64-2.7/cryptography/hazmat/primitives/asymmetric
    creating build/lib.linux-x86_64-2.7/cryptography/hazmat/primitives/ciphers
    copying src/cryptography/hazmat/primitives/ciphers/__init__.py -> build/lib.linux-x86_64-2.7/cryptography/hazmat/primitives/ciphers
    copying src/cryptography/hazmat/primitives/ciphers/aead.py -> build/lib.linux-x86_64-2.7/cryptography/hazmat/primitives/ciphers
    copying src/cryptography/hazmat/primitives/ciphers/algorithms.py -> build/lib.linux-x86_64-2.7/cryptography/hazmat/primitives/ciphers
    copying src/cryptography/hazmat/primitives/ciphers/base.py -> build/lib.linux-x86_64-2.7/cryptography/hazmat/primitives/ciphers
    copying src/cryptography/hazmat/primitives/ciphers/modes.py -> build/lib.linux-x86_64-2.7/cryptography/hazmat/primitives/ciphers
    creating build/lib.linux-x86_64-2.7/cryptography/hazmat/primitives/kdf
    copying src/cryptography/hazmat/primitives/kdf/__init__.py -> build/lib.linux-x86_64-2.7/cryptography/hazmat/primitives/kdf
    copying src/cryptography/hazmat/primitives/kdf/concatkdf.py -> build/lib.linux-x86_64-2.7/cryptography/hazmat/primitives/kdf
    copying src/cryptography/hazmat/primitives/kdf/hkdf.py -> build/lib.linux-x86_64-2.7/cryptography/hazmat/primitives/kdf
    copying src/cryptography/hazmat/primitives/kdf/kbkdf.py -> build/lib.linux-x86_64-2.7/cryptography/hazmat/primitives/kdf
    copying src/cryptography/hazmat/primitives/kdf/pbkdf2.py -> build/lib.linux-x86_64-2.7/cryptography/hazmat/primitives/kdf
    copying src/cryptography/hazmat/primitives/kdf/scrypt.py -> build/lib.linux-x86_64-2.7/cryptography/hazmat/primitives/kdf
    copying src/cryptography/hazmat/primitives/kdf/x963kdf.py -> build/lib.linux-x86_64-2.7/cryptography/hazmat/primitives/kdf
    creating build/lib.linux-x86_64-2.7/cryptography/hazmat/primitives/serialization
    copying src/cryptography/hazmat/primitives/serialization/__init__.py -> build/lib.linux-x86_64-2.7/cryptography/hazmat/primitives/serialization
    copying src/cryptography/hazmat/primitives/serialization/base.py -> build/lib.linux-x86_64-2.7/cryptography/hazmat/primitives/serialization
    copying src/cryptography/hazmat/primitives/serialization/pkcs12.py -> build/lib.linux-x86_64-2.7/cryptography/hazmat/primitives/serialization
    copying src/cryptography/hazmat/primitives/serialization/pkcs7.py -> build/lib.linux-x86_64-2.7/cryptography/hazmat/primitives/serialization
    copying src/cryptography/hazmat/primitives/serialization/ssh.py -> build/lib.linux-x86_64-2.7/cryptography/hazmat/primitives/serialization
    creating build/lib.linux-x86_64-2.7/cryptography/hazmat/primitives/twofactor
    copying src/cryptography/hazmat/primitives/twofactor/__init__.py -> build/lib.linux-x86_64-2.7/cryptography/hazmat/primitives/twofactor
    copying src/cryptography/hazmat/primitives/twofactor/hotp.py -> build/lib.linux-x86_64-2.7/cryptography/hazmat/primitives/twofactor
    copying src/cryptography/hazmat/primitives/twofactor/totp.py -> build/lib.linux-x86_64-2.7/cryptography/hazmat/primitives/twofactor
    copying src/cryptography/hazmat/primitives/twofactor/utils.py -> build/lib.linux-x86_64-2.7/cryptography/hazmat/primitives/twofactor
    running egg_info
    writing src/cryptography.egg-info/PKG-INFO
    writing dependency_links to src/cryptography.egg-info/dependency_links.txt
    writing requirements to src/cryptography.egg-info/requires.txt
    writing top-level names to src/cryptography.egg-info/top_level.txt
    warning: manifest_maker: standard file '-c' not found
    
    reading manifest file 'src/cryptography.egg-info/SOURCES.txt'
    reading manifest template 'MANIFEST.in'
    no previously-included directories found matching 'docs/_build'
    warning: no previously-included files found matching 'vectors'
    warning: no previously-included files matching '*' found under directory 'vectors'
    warning: no previously-included files found matching '.travis.yml'
    warning: no previously-included files found matching '.travis'
    warning: no previously-included files matching '*' found under directory '.travis'
    warning: no previously-included files matching '*' found under directory '.github'
    warning: no previously-included files found matching 'release.py'
    warning: no previously-included files found matching '.coveragerc'
    warning: no previously-included files found matching 'codecov.yml'
    warning: no previously-included files found matching 'dev-requirements.txt'
    warning: no previously-included files found matching 'rtd-requirements.txt'
    warning: no previously-included files found matching 'tox.ini'
    warning: no previously-included files matching '*' found under directory '.zuul.d'
    warning: no previously-included files matching '*' found under directory '.zuul.playbooks'
    writing manifest file 'src/cryptography.egg-info/SOURCES.txt'
    running build_ext
    generating cffi module 'build/temp.linux-x86_64-2.7/_padding.c'
    creating build/temp.linux-x86_64-2.7
    generating cffi module 'build/temp.linux-x86_64-2.7/_openssl.c'
    building '_openssl' extension
    creating build/temp.linux-x86_64-2.7/build
    creating build/temp.linux-x86_64-2.7/build/temp.linux-x86_64-2.7
    cc -O2 -fPIC -Wimplicit -O2 -fPIC -Wimplicit -I/home/travis/virtualenv/pypy-5.4.1/include -c build/temp.linux-x86_64-2.7/_openssl.c -o build/temp.linux-x86_64-2.7/build/temp.linux-x86_64-2.7/_openssl.o -Wconversion -Wno-error=sign-conversion
    build/temp.linux-x86_64-2.7/_openssl.c: In function ‘SSL_SESSION_get_master_key’:
    build/temp.linux-x86_64-2.7/_openssl.c:2332:23: warning: conversion to ‘size_t’ from ‘int’ may change the sign of the result [-Wsign-conversion]
    build/temp.linux-x86_64-2.7/_openssl.c:2334:25: warning: conversion to ‘size_t’ from ‘int’ may change the sign of the result [-Wsign-conversion]
    build/temp.linux-x86_64-2.7/_openssl.c: In function ‘SSL_SESSION_get_ticket_lifetime_hint’:
    build/temp.linux-x86_64-2.7/_openssl.c:2346:13: warning: conversion to ‘long unsigned int’ from ‘long int’ may change the sign of the result [-Wsign-conversion]
    build/temp.linux-x86_64-2.7/_openssl.c: In function ‘Cryptography_X509_REVOKED_dup’:
    build/temp.linux-x86_64-2.7/_openssl.c:2548:5: warning: implicit declaration of function ‘X509_REVOKED_dup’ [-Wimplicit-function-declaration]
    build/temp.linux-x86_64-2.7/_openssl.c:2548:5: warning: return makes pointer from integer without a cast [enabled by default]
    build/temp.linux-x86_64-2.7/_openssl.c: In function ‘Cryptography_setup_ssl_threads’:
    build/temp.linux-x86_64-2.7/_openssl.c:2767:9: warning: conversion to ‘size_t’ from ‘int’ may change the sign of the result [-Wsign-conversion]
    build/temp.linux-x86_64-2.7/_openssl.c: In function ‘Cryptography_pem_password_cb’:
    build/temp.linux-x86_64-2.7/_openssl.c:2802:37: warning: conversion to ‘size_t’ from ‘int’ may change the sign of the result [-Wsign-conversion]
    build/temp.linux-x86_64-2.7/_openssl.c: In function ‘_cffi_const_SSL_OP_NO_DTLSv1’:
    build/temp.linux-x86_64-2.7/_openssl.c:7572:12: error: ‘SSL_OP_NO_DTLSv1’ undeclared (first use in this function)
    build/temp.linux-x86_64-2.7/_openssl.c:7572:12: note: each undeclared identifier is reported only once for each function it appears in
    build/temp.linux-x86_64-2.7/_openssl.c: In function ‘_cffi_const_SSL_OP_NO_DTLSv1_2’:
    build/temp.linux-x86_64-2.7/_openssl.c:7579:12: error: ‘SSL_OP_NO_DTLSv1_2’ undeclared (first use in this function)
    build/temp.linux-x86_64-2.7/_openssl.c: In function ‘_cffi_const_X509_CHECK_FLAG_ALWAYS_CHECK_SUBJECT’:
    build/temp.linux-x86_64-2.7/_openssl.c:7915:12: error: ‘X509_CHECK_FLAG_ALWAYS_CHECK_SUBJECT’ undeclared (first use in this function)
    build/temp.linux-x86_64-2.7/_openssl.c: In function ‘_cffi_const_X509_CHECK_FLAG_MULTI_LABEL_WILDCARDS’:
    build/temp.linux-x86_64-2.7/_openssl.c:7922:12: error: ‘X509_CHECK_FLAG_MULTI_LABEL_WILDCARDS’ undeclared (first use in this function)
    build/temp.linux-x86_64-2.7/_openssl.c: In function ‘_cffi_const_X509_CHECK_FLAG_NO_PARTIAL_WILDCARDS’:
    build/temp.linux-x86_64-2.7/_openssl.c:7936:12: error: ‘X509_CHECK_FLAG_NO_PARTIAL_WILDCARDS’ undeclared (first use in this function)
    build/temp.linux-x86_64-2.7/_openssl.c: In function ‘_cffi_const_X509_CHECK_FLAG_NO_WILDCARDS’:
    build/temp.linux-x86_64-2.7/_openssl.c:7943:12: error: ‘X509_CHECK_FLAG_NO_WILDCARDS’ undeclared (first use in this function)
    build/temp.linux-x86_64-2.7/_openssl.c: In function ‘_cffi_const_X509_CHECK_FLAG_SINGLE_LABEL_SUBDOMAINS’:
    build/temp.linux-x86_64-2.7/_openssl.c:7950:12: error: ‘X509_CHECK_FLAG_SINGLE_LABEL_SUBDOMAINS’ undeclared (first use in this function)
    build/temp.linux-x86_64-2.7/_openssl.c: In function ‘_cffi_const_X509_V_ERR_EMAIL_MISMATCH’:
    build/temp.linux-x86_64-2.7/_openssl.c:8090:12: error: ‘X509_V_ERR_EMAIL_MISMATCH’ undeclared (first use in this function)
    build/temp.linux-x86_64-2.7/_openssl.c: In function ‘_cffi_const_X509_V_ERR_HOSTNAME_MISMATCH’:
    build/temp.linux-x86_64-2.7/_openssl.c:8132:12: error: ‘X509_V_ERR_HOSTNAME_MISMATCH’ undeclared (first use in this function)
    build/temp.linux-x86_64-2.7/_openssl.c: In function ‘_cffi_const_X509_V_ERR_IP_ADDRESS_MISMATCH’:
    build/temp.linux-x86_64-2.7/_openssl.c:8174:12: error: ‘X509_V_ERR_IP_ADDRESS_MISMATCH’ undeclared (first use in this function)
    build/temp.linux-x86_64-2.7/_openssl.c: In function ‘_cffi_const_X509_V_ERR_SUITE_B_CANNOT_SIGN_P_384_WITH_P_256’:
    build/temp.linux-x86_64-2.7/_openssl.c:8265:12: error: ‘X509_V_ERR_SUITE_B_CANNOT_SIGN_P_384_WITH_P_256’ undeclared (first use in this function)
    build/temp.linux-x86_64-2.7/_openssl.c: In function ‘_cffi_const_X509_V_ERR_SUITE_B_INVALID_ALGORITHM’:
    build/temp.linux-x86_64-2.7/_openssl.c:8272:12: error: ‘X509_V_ERR_SUITE_B_INVALID_ALGORITHM’ undeclared (first use in this function)
    build/temp.linux-x86_64-2.7/_openssl.c: In function ‘_cffi_const_X509_V_ERR_SUITE_B_INVALID_CURVE’:
    build/temp.linux-x86_64-2.7/_openssl.c:8279:12: error: ‘X509_V_ERR_SUITE_B_INVALID_CURVE’ undeclared (first use in this function)
    build/temp.linux-x86_64-2.7/_openssl.c: In function ‘_cffi_const_X509_V_ERR_SUITE_B_INVALID_SIGNATURE_ALGORITHM’:
    build/temp.linux-x86_64-2.7/_openssl.c:8286:12: error: ‘X509_V_ERR_SUITE_B_INVALID_SIGNATURE_ALGORITHM’ undeclared (first use in this function)
    build/temp.linux-x86_64-2.7/_openssl.c: In function ‘_cffi_const_X509_V_ERR_SUITE_B_INVALID_VERSION’:
    build/temp.linux-x86_64-2.7/_openssl.c:8293:12: error: ‘X509_V_ERR_SUITE_B_INVALID_VERSION’ undeclared (first use in this function)
    build/temp.linux-x86_64-2.7/_openssl.c: In function ‘_cffi_const_X509_V_ERR_SUITE_B_LOS_NOT_ALLOWED’:
    build/temp.linux-x86_64-2.7/_openssl.c:8300:12: error: ‘X509_V_ERR_SUITE_B_LOS_NOT_ALLOWED’ undeclared (first use in this function)
    build/temp.linux-x86_64-2.7/_openssl.c: In function ‘_cffi_const_X509_V_FLAG_PARTIAL_CHAIN’:
    build/temp.linux-x86_64-2.7/_openssl.c:8489:12: error: ‘X509_V_FLAG_PARTIAL_CHAIN’ undeclared (first use in this function)
    build/temp.linux-x86_64-2.7/_openssl.c: In function ‘_cffi_const_X509_V_FLAG_SUITEB_128_LOS’:
    build/temp.linux-x86_64-2.7/_openssl.c:8503:12: error: ‘X509_V_FLAG_SUITEB_128_LOS’ undeclared (first use in this function)
    build/temp.linux-x86_64-2.7/_openssl.c: In function ‘_cffi_const_X509_V_FLAG_SUITEB_128_LOS_ONLY’:
    build/temp.linux-x86_64-2.7/_openssl.c:8510:12: error: ‘X509_V_FLAG_SUITEB_128_LOS_ONLY’ undeclared (first use in this function)
    build/temp.linux-x86_64-2.7/_openssl.c: In function ‘_cffi_const_X509_V_FLAG_SUITEB_192_LOS’:
    build/temp.linux-x86_64-2.7/_openssl.c:8517:12: error: ‘X509_V_FLAG_SUITEB_192_LOS’ undeclared (first use in this function)
    build/temp.linux-x86_64-2.7/_openssl.c: In function ‘_cffi_const_X509_V_FLAG_TRUSTED_FIRST’:
    build/temp.linux-x86_64-2.7/_openssl.c:8524:12: error: ‘X509_V_FLAG_TRUSTED_FIRST’ undeclared (first use in this function)
    build/temp.linux-x86_64-2.7/_openssl.c: In function ‘_cffi_d_BIO_new_mem_buf’:
    build/temp.linux-x86_64-2.7/_openssl.c:10494:3: warning: passing argument 1 of ‘BIO_new_mem_buf’ discards ‘const’ qualifier from pointer target type [enabled by default]
    /usr/include/openssl/bio.h:668:6: note: expected ‘void *’ but argument is of type ‘const void *’
    build/temp.linux-x86_64-2.7/_openssl.c: In function ‘_cffi_d_DTLS_client_method’:
    build/temp.linux-x86_64-2.7/_openssl.c:15803:3: warning: implicit declaration of function ‘DTLS_client_method’ [-Wimplicit-function-declaration]
    build/temp.linux-x86_64-2.7/_openssl.c:15803:3: warning: return makes pointer from integer without a cast [enabled by default]
    build/temp.linux-x86_64-2.7/_openssl.c: In function ‘_cffi_d_DTLS_get_link_min_mtu’:
    build/temp.linux-x86_64-2.7/_openssl.c:15827:3: warning: implicit declaration of function ‘DTLS_get_link_min_mtu’ [-Wimplicit-function-declaration]
    build/temp.linux-x86_64-2.7/_openssl.c: In function ‘_cffi_d_DTLS_method’:
    build/temp.linux-x86_64-2.7/_openssl.c:15863:3: warning: implicit declaration of function ‘DTLS_method’ [-Wimplicit-function-declaration]
    build/temp.linux-x86_64-2.7/_openssl.c:15863:3: warning: return makes pointer from integer without a cast [enabled by default]
    build/temp.linux-x86_64-2.7/_openssl.c: In function ‘_cffi_d_DTLS_server_method’:
    build/temp.linux-x86_64-2.7/_openssl.c:15887:3: warning: implicit declaration of function ‘DTLS_server_method’ [-Wimplicit-function-declaration]
    build/temp.linux-x86_64-2.7/_openssl.c:15887:3: warning: return makes pointer from integer without a cast [enabled by default]
    build/temp.linux-x86_64-2.7/_openssl.c: In function ‘_cffi_d_DTLS_set_link_mtu’:
    build/temp.linux-x86_64-2.7/_openssl.c:15911:3: warning: implicit declaration of function ‘DTLS_set_link_mtu’ [-Wimplicit-function-declaration]
    build/temp.linux-x86_64-2.7/_openssl.c: In function ‘_cffi_d_EC_curve_nid2nist’:
    build/temp.linux-x86_64-2.7/_openssl.c:18617:3: warning: implicit declaration of function ‘EC_curve_nid2nist’ [-Wimplicit-function-declaration]
    build/temp.linux-x86_64-2.7/_openssl.c:18617:3: warning: return makes pointer from integer without a cast [enabled by default]
    build/temp.linux-x86_64-2.7/_openssl.c: In function ‘_cffi_d_OCSP_cert_to_id’:
    build/temp.linux-x86_64-2.7/_openssl.c:25743:3: warning: passing argument 2 of ‘OCSP_cert_to_id’ discards ‘const’ qualifier from pointer target type [enabled by default]
    /usr/include/openssl/ocsp.h:413:14: note: expected ‘struct X509 *’ but argument is of type ‘const struct X509 *’
    build/temp.linux-x86_64-2.7/_openssl.c:25743:3: warning: passing argument 3 of ‘OCSP_cert_to_id’ discards ‘const’ qualifier from pointer target type [enabled by default]
    /usr/include/openssl/ocsp.h:413:14: note: expected ‘struct X509 *’ but argument is of type ‘const struct X509 *’
    build/temp.linux-x86_64-2.7/_openssl.c: In function ‘_cffi_d_OCSP_resp_get0_certs’:
    build/temp.linux-x86_64-2.7/_openssl.c:26154:3: warning: return discards ‘const’ qualifier from pointer target type [enabled by default]
    build/temp.linux-x86_64-2.7/_openssl.c: In function ‘_cffi_d_SSL_CTX_add_client_custom_ext’:
    build/temp.linux-x86_64-2.7/_openssl.c:30957:3: warning: implicit declaration of function ‘SSL_CTX_add_client_custom_ext’ [-Wimplicit-function-declaration]
    build/temp.linux-x86_64-2.7/_openssl.c: In function ‘_cffi_d_SSL_CTX_add_extra_chain_cert’:
    build/temp.linux-x86_64-2.7/_openssl.c:31047:10: warning: conversion to ‘long unsigned int’ from ‘long int’ may change the sign of the result [-Wsign-conversion]
    build/temp.linux-x86_64-2.7/_openssl.c: In function ‘_cffi_d_SSL_CTX_add_server_custom_ext’:
    build/temp.linux-x86_64-2.7/_openssl.c:31100:3: warning: implicit declaration of function ‘SSL_CTX_add_server_custom_ext’ [-Wimplicit-function-declaration]
    build/temp.linux-x86_64-2.7/_openssl.c: In function ‘_cffi_d_SSL_CTX_clear_mode’:
    build/temp.linux-x86_64-2.7/_openssl.c:31226:3: warning: conversion to ‘long int’ from ‘long unsigned int’ may change the sign of the result [-Wsign-conversion]
    build/temp.linux-x86_64-2.7/_openssl.c:31226:10: warning: conversion to ‘long unsigned int’ from ‘long int’ may change the sign of the result [-Wsign-conversion]
    build/temp.linux-x86_64-2.7/_openssl.c: In function ‘_cffi_d_SSL_CTX_clear_options’:
    build/temp.linux-x86_64-2.7/_openssl.c:31272:3: warning: conversion to ‘long int’ from ‘long unsigned int’ may change the sign of the result [-Wsign-conversion]
    build/temp.linux-x86_64-2.7/_openssl.c:31272:10: warning: conversion to ‘long unsigned int’ from ‘long int’ may change the sign of the result [-Wsign-conversion]
    build/temp.linux-x86_64-2.7/_openssl.c: In function ‘_cffi_d_SSL_CTX_get0_param’:
    build/temp.linux-x86_64-2.7/_openssl.c:31354:3: warning: implicit declaration of function ‘SSL_CTX_get0_param’ [-Wimplicit-function-declaration]
    build/temp.linux-x86_64-2.7/_openssl.c:31354:3: warning: return makes pointer from integer without a cast [enabled by default]
    build/temp.linux-x86_64-2.7/_openssl.c: In function ‘_cffi_d_SSL_CTX_get_mode’:
    build/temp.linux-x86_64-2.7/_openssl.c:31629:10: warning: conversion to ‘long unsigned int’ from ‘long int’ may change the sign of the result [-Wsign-conversion]
    build/temp.linux-x86_64-2.7/_openssl.c: In function ‘_cffi_d_SSL_CTX_get_options’:
    build/temp.linux-x86_64-2.7/_openssl.c:31665:10: warning: conversion to ‘long unsigned int’ from ‘long int’ may change the sign of the result [-Wsign-conversion]
    build/temp.linux-x86_64-2.7/_openssl.c: In function ‘_cffi_d_SSL_CTX_get_session_cache_mode’:
    build/temp.linux-x86_64-2.7/_openssl.c:31737:10: warning: conversion to ‘long unsigned int’ from ‘long int’ may change the sign of the result [-Wsign-conversion]
    build/temp.linux-x86_64-2.7/_openssl.c: In function ‘_cffi_d_SSL_CTX_set1_sigalgs_list’:
    build/temp.linux-x86_64-2.7/_openssl.c:32415:3: warning: implicit declaration of function ‘SSL_CTX_set1_sigalgs_list’ [-Wimplicit-function-declaration]
    build/temp.linux-x86_64-2.7/_openssl.c: In function ‘_cffi_d_SSL_CTX_set_alpn_protos’:
    build/temp.linux-x86_64-2.7/_openssl.c:32468:3: warning: implicit declaration of function ‘SSL_CTX_set_alpn_protos’ [-Wimplicit-function-declaration]
    build/temp.linux-x86_64-2.7/_openssl.c: In function ‘_cffi_d_SSL_CTX_set_alpn_select_cb’:
    build/temp.linux-x86_64-2.7/_openssl.c:32527:3: warning: implicit declaration of function ‘SSL_CTX_set_alpn_select_cb’ [-Wimplicit-function-declaration]
    build/temp.linux-x86_64-2.7/_openssl.c: In function ‘_cffi_d_SSL_CTX_set_cert_cb’:
    build/temp.linux-x86_64-2.7/_openssl.c:32586:3: warning: implicit declaration of function ‘SSL_CTX_set_cert_cb’ [-Wimplicit-function-declaration]
    build/temp.linux-x86_64-2.7/_openssl.c: In function ‘_cffi_d_SSL_CTX_set_ecdh_auto’:
    build/temp.linux-x86_64-2.7/_openssl.c:33097:3: warning: implicit declaration of function ‘SSL_CTX_set_ecdh_auto’ [-Wimplicit-function-declaration]
    build/temp.linux-x86_64-2.7/_openssl.c: In function ‘_cffi_d_SSL_CTX_set_mode’:
    build/temp.linux-x86_64-2.7/_openssl.c:33340:3: warning: conversion to ‘long int’ from ‘long unsigned int’ may change the sign of the result [-Wsign-conversion]
    build/temp.linux-x86_64-2.7/_openssl.c:33340:10: warning: conversion to ‘long unsigned int’ from ‘long int’ may change the sign of the result [-Wsign-conversion]
    build/temp.linux-x86_64-2.7/_openssl.c: In function ‘_cffi_d_SSL_CTX_set_options’:
    build/temp.linux-x86_64-2.7/_openssl.c:33386:3: warning: conversion to ‘long int’ from ‘long unsigned int’ may change the sign of the result [-Wsign-conversion]
    build/temp.linux-x86_64-2.7/_openssl.c:33386:10: warning: conversion to ‘long unsigned int’ from ‘long int’ may change the sign of the result [-Wsign-conversion]
    build/temp.linux-x86_64-2.7/_openssl.c: In function ‘_cffi_d_SSL_CTX_set_session_cache_mode’:
    build/temp.linux-x86_64-2.7/_openssl.c:33616:3: warning: conversion to ‘long int’ from ‘long unsigned int’ may change the sign of the result [-Wsign-conversion]
    build/temp.linux-x86_64-2.7/_openssl.c:33616:10: warning: conversion to ‘long unsigned int’ from ‘long int’ may change the sign of the result [-Wsign-conversion]
    build/temp.linux-x86_64-2.7/_openssl.c: In function ‘_cffi_d_SSL_CTX_set_tmp_dh’:
    build/temp.linux-x86_64-2.7/_openssl.c:34018:10: warning: conversion to ‘long unsigned int’ from ‘long int’ may change the sign of the result [-Wsign-conversion]
    build/temp.linux-x86_64-2.7/_openssl.c: In function ‘_cffi_d_SSL_CTX_set_tmp_ecdh’:
    build/temp.linux-x86_64-2.7/_openssl.c:34071:10: warning: conversion to ‘long unsigned int’ from ‘long int’ may change the sign of the result [-Wsign-conversion]
    build/temp.linux-x86_64-2.7/_openssl.c: In function ‘_cffi_d_SSL_SESSION_get_ticket_lifetime_hint’:
    build/temp.linux-x86_64-2.7/_openssl.c:34736:46: warning: conversion to ‘long int’ from ‘long unsigned int’ may change the sign of the result [-Wsign-conversion]
    build/temp.linux-x86_64-2.7/_openssl.c: In function ‘_cffi_d_SSL_clear_mode’:
    build/temp.linux-x86_64-2.7/_openssl.c:34939:3: warning: conversion to ‘long int’ from ‘long unsigned int’ may change the sign of the result [-Wsign-conversion]
    build/temp.linux-x86_64-2.7/_openssl.c:34939:10: warning: conversion to ‘long unsigned int’ from ‘long int’ may change the sign of the result [-Wsign-conversion]
    build/temp.linux-x86_64-2.7/_openssl.c: In function ‘_cffi_d_SSL_extension_supported’:
    build/temp.linux-x86_64-2.7/_openssl.c:35124:3: warning: implicit declaration of function ‘SSL_extension_supported’ [-Wimplicit-function-declaration]
    build/temp.linux-x86_64-2.7/_openssl.c: In function ‘_cffi_d_SSL_get0_alpn_selected’:
    build/temp.linux-x86_64-2.7/_openssl.c:35188:3: warning: implicit declaration of function ‘SSL_get0_alpn_selected’ [-Wimplicit-function-declaration]
    build/temp.linux-x86_64-2.7/_openssl.c: In function ‘_cffi_d_SSL_get0_param’:
    build/temp.linux-x86_64-2.7/_openssl.c:35254:3: warning: implicit declaration of function ‘SSL_get0_param’ [-Wimplicit-function-declaration]
    build/temp.linux-x86_64-2.7/_openssl.c:35254:3: warning: return makes pointer from integer without a cast [enabled by default]
    build/temp.linux-x86_64-2.7/_openssl.c: In function ‘_cffi_d_SSL_get_mode’:
    build/temp.linux-x86_64-2.7/_openssl.c:35835:10: warning: conversion to ‘long unsigned int’ from ‘long int’ may change the sign of the result [-Wsign-conversion]
    build/temp.linux-x86_64-2.7/_openssl.c: In function ‘_cffi_d_SSL_get_options’:
    build/temp.linux-x86_64-2.7/_openssl.c:35871:10: warning: conversion to ‘long unsigned int’ from ‘long int’ may change the sign of the result [-Wsign-conversion]
    build/temp.linux-x86_64-2.7/_openssl.c: In function ‘_cffi_d_SSL_get_server_tmp_key’:
    build/temp.linux-x86_64-2.7/_openssl.c:36169:3: warning: implicit declaration of function ‘SSL_get_server_tmp_key’ [-Wimplicit-function-declaration]
    build/temp.linux-x86_64-2.7/_openssl.c: In function ‘_cffi_d_SSL_get_sigalgs’:
    build/temp.linux-x86_64-2.7/_openssl.c:36340:3: warning: implicit declaration of function ‘SSL_get_sigalgs’ [-Wimplicit-function-declaration]
    build/temp.linux-x86_64-2.7/_openssl.c: In function ‘_cffi_d_SSL_set_alpn_protos’:
    build/temp.linux-x86_64-2.7/_openssl.c:37210:3: warning: implicit declaration of function ‘SSL_set_alpn_protos’ [-Wimplicit-function-declaration]
    build/temp.linux-x86_64-2.7/_openssl.c: In function ‘_cffi_d_SSL_set_cert_cb’:
    build/temp.linux-x86_64-2.7/_openssl.c:37335:3: warning: implicit declaration of function ‘SSL_set_cert_cb’ [-Wimplicit-function-declaration]
    build/temp.linux-x86_64-2.7/_openssl.c: In function ‘_cffi_d_SSL_set_mode’:
    build/temp.linux-x86_64-2.7/_openssl.c:37535:3: warning: conversion to ‘long int’ from ‘long unsigned int’ may change the sign of the result [-Wsign-conversion]
    build/temp.linux-x86_64-2.7/_openssl.c:37535:10: warning: conversion to ‘long unsigned int’ from ‘long int’ may change the sign of the result [-Wsign-conversion]
    build/temp.linux-x86_64-2.7/_openssl.c: In function ‘_cffi_d_SSL_set_options’:
    build/temp.linux-x86_64-2.7/_openssl.c:37581:3: warning: conversion to ‘long int’ from ‘long unsigned int’ may change the sign of the result [-Wsign-conversion]
    build/temp.linux-x86_64-2.7/_openssl.c:37581:10: warning: conversion to ‘long unsigned int’ from ‘long int’ may change the sign of the result [-Wsign-conversion]
    build/temp.linux-x86_64-2.7/_openssl.c: In function ‘_cffi_d_X509_ATTRIBUTE_count’:
    build/temp.linux-x86_64-2.7/_openssl.c:39314:3: warning: passing argument 1 of ‘X509_ATTRIBUTE_count’ discards ‘const’ qualifier from pointer target type [enabled by default]
    /usr/include/openssl/x509.h:1129:5: note: expected ‘struct X509_ATTRIBUTE *’ but argument is of type ‘const struct X509_ATTRIBUTE *’
    build/temp.linux-x86_64-2.7/_openssl.c: In function ‘_cffi_d_X509_REQ_get_attr_by_OBJ’:
    build/temp.linux-x86_64-2.7/_openssl.c:42135:3: warning: passing argument 2 of ‘X509_REQ_get_attr_by_OBJ’ discards ‘const’ qualifier from pointer target type [enabled by default]
    /usr/include/openssl/x509.h:938:5: note: expected ‘struct ASN1_OBJECT *’ but argument is of type ‘const struct ASN1_OBJECT *’
    build/temp.linux-x86_64-2.7/_openssl.c: In function ‘_cffi_d_X509_REVOKED_dup’:
    build/temp.linux-x86_64-2.7/_openssl.c:42874:3: warning: return makes pointer from integer without a cast [enabled by default]
    build/temp.linux-x86_64-2.7/_openssl.c: In function ‘_cffi_d_X509_VERIFY_PARAM_set1_email’:
    build/temp.linux-x86_64-2.7/_openssl.c:45075:3: warning: implicit declaration of function ‘X509_VERIFY_PARAM_set1_email’ [-Wimplicit-function-declaration]
    build/temp.linux-x86_64-2.7/_openssl.c: In function ‘_cffi_d_X509_VERIFY_PARAM_set1_host’:
    build/temp.linux-x86_64-2.7/_openssl.c:45134:3: warning: implicit declaration of function ‘X509_VERIFY_PARAM_set1_host’ [-Wimplicit-function-declaration]
    build/temp.linux-x86_64-2.7/_openssl.c: In function ‘_cffi_d_X509_VERIFY_PARAM_set1_ip’:
    build/temp.linux-x86_64-2.7/_openssl.c:45193:3: warning: implicit declaration of function ‘X509_VERIFY_PARAM_set1_ip’ [-Wimplicit-function-declaration]
    build/temp.linux-x86_64-2.7/_openssl.c: In function ‘_cffi_d_X509_VERIFY_PARAM_set1_ip_asc’:
    build/temp.linux-x86_64-2.7/_openssl.c:45252:3: warning: implicit declaration of function ‘X509_VERIFY_PARAM_set1_ip_asc’ [-Wimplicit-function-declaration]
    build/temp.linux-x86_64-2.7/_openssl.c: In function ‘_cffi_d_X509_VERIFY_PARAM_set_hostflags’:
    build/temp.linux-x86_64-2.7/_openssl.c:45450:3: warning: implicit declaration of function ‘X509_VERIFY_PARAM_set_hostflags’ [-Wimplicit-function-declaration]
    build/temp.linux-x86_64-2.7/_openssl.c: In function ‘_cffi_d_X509_get0_signature’:
    build/temp.linux-x86_64-2.7/_openssl.c:45986:3: warning: implicit declaration of function ‘X509_get0_signature’ [-Wimplicit-function-declaration]
    build/temp.linux-x86_64-2.7/_openssl.c: In function ‘_cffi_d_X509_get_signature_nid’:
    build/temp.linux-x86_64-2.7/_openssl.c:46518:3: warning: implicit declaration of function ‘X509_get_signature_nid’ [-Wimplicit-function-declaration]
    build/temp.linux-x86_64-2.7/_openssl.c: In function ‘_cffi_d_i2d_re_X509_tbs’:
    build/temp.linux-x86_64-2.7/_openssl.c:49654:3: warning: implicit declaration of function ‘i2d_re_X509_tbs’ [-Wimplicit-function-declaration]
    error: command 'cc' failed with exit status 1
    
    ----------------------------------------

travis_time:end:15d07d93:start=1599110410883094914,finish=1599110577734926068,duration=166851831154[0K
[31;1mThe command "pip install -e ." failed and exited with 1 during .[0m

Your build has been stopped.
