travis_fold:start:system_info[0K[33;1mBuild system information[0m
Build language: python
Build group: stable
Build dist: trusty
Build id: ''
Job id: ''
[34m[1mBuild image provisioning date and time[0m
Tue Dec  5 20:11:19 UTC 2017
[34m[1mOperating System Details[0m
Distributor ID:	Ubuntu
Description:	Ubuntu 14.04.5 LTS
Release:	14.04
Codename:	trusty
[34m[1mCookbooks Version[0m
7c2c6a6 https://github.com/travis-ci/travis-cookbooks/tree/7c2c6a6
[34m[1mgit version[0m
git version 2.15.1
[34m[1mbash version[0m
GNU bash, version 4.3.11(1)-release (x86_64-pc-linux-gnu)
[34m[1mgcc version[0m
gcc (Ubuntu 4.8.4-2ubuntu1~14.04.3) 4.8.4
Copyright (C) 2013 Free Software Foundation, Inc.
This is free software; see the source for copying conditions.  There is NO
warranty; not even for MERCHANTABILITY or FITNESS FOR A PARTICULAR PURPOSE.

[34m[1mdocker version[0m
Client:
 Version:      17.09.0-ce
 API version:  1.32
 Go version:   go1.8.3
 Git commit:   afdb6d4
 Built:        Tue Sep 26 22:39:28 2017
 OS/Arch:      linux/amd64
[34m[1mclang version[0m
clang version 5.0.0 (tags/RELEASE_500/final)
Target: x86_64-unknown-linux-gnu
Thread model: posix
InstalledDir: /usr/local/clang-5.0.0/bin
[34m[1mjq version[0m
jq-1.5
[34m[1mbats version[0m
Bats 0.4.0
[34m[1mshellcheck version[0m
0.4.6
[34m[1mshfmt version[0m
v2.0.0
[34m[1mccache version[0m
ccache version 3.1.9

Copyright (C) 2002-2007 Andrew Tridgell
Copyright (C) 2009-2011 Joel Rosdahl

This program is free software; you can redistribute it and/or modify it under
the terms of the GNU General Public License as published by the Free Software
Foundation; either version 3 of the License, or (at your option) any later
version.
[34m[1mcmake version[0m
cmake version 3.9.2

CMake suite maintained and supported by Kitware (kitware.com/cmake).
[34m[1mheroku version[0m
heroku-cli/6.14.39-addc925 (linux-x64) node-v9.2.0
[34m[1mimagemagick version[0m
Version: ImageMagick 6.7.7-10 2017-07-31 Q16 http://www.imagemagick.org
[34m[1mmd5deep version[0m
4.2
[34m[1mmercurial version[0m
Mercurial Distributed SCM (version 4.2.2)
(see https://mercurial-scm.org for more information)

Copyright (C) 2005-2017 Matt Mackall and others
This is free software; see the source for copying conditions. There is NO
warranty; not even for MERCHANTABILITY or FITNESS FOR A PARTICULAR PURPOSE.
[34m[1mmysql version[0m
mysql  Ver 14.14 Distrib 5.6.33, for debian-linux-gnu (x86_64) using  EditLine wrapper
[34m[1mopenssl version[0m
OpenSSL 1.0.1f 6 Jan 2014
[34m[1mpacker version[0m
Packer v1.0.2

Your version of Packer is out of date! The latest version
is 1.1.2. You can update by downloading from www.packer.io
[34m[1mpostgresql client version[0m
psql (PostgreSQL) 9.6.6
[34m[1mragel version[0m
Ragel State Machine Compiler version 6.8 Feb 2013
Copyright (c) 2001-2009 by Adrian Thurston
[34m[1msubversion version[0m
svn, version 1.8.8 (r1568071)
   compiled Aug 10 2017, 17:20:39 on x86_64-pc-linux-gnu

Copyright (C) 2013 The Apache Software Foundation.
This software consists of contributions made by many people;
see the NOTICE file for more information.
Subversion is open source software, see http://subversion.apache.org/

The following repository access (RA) modules are available:

* ra_svn : Module for accessing a repository using the svn network protocol.
  - with Cyrus SASL authentication
  - handles 'svn' scheme
* ra_local : Module for accessing a repository on local disk.
  - handles 'file' scheme
* ra_serf : Module for accessing a repository via WebDAV protocol using serf.
  - using serf 1.3.3
  - handles 'http' scheme
  - handles 'https' scheme

[34m[1msudo version[0m
Sudo version 1.8.9p5
Configure options: --prefix=/usr -v --with-all-insults --with-pam --with-fqdn --with-logging=syslog --with-logfac=authpriv --with-env-editor --with-editor=/usr/bin/editor --with-timeout=15 --with-password-timeout=0 --with-passprompt=[sudo] password for %p:  --without-lecture --with-tty-tickets --disable-root-mailer --enable-admin-flag --with-sendmail=/usr/sbin/sendmail --with-timedir=/var/lib/sudo --mandir=/usr/share/man --libexecdir=/usr/lib/sudo --with-sssd --with-sssd-lib=/usr/lib/x86_64-linux-gnu --with-selinux
Sudoers policy plugin version 1.8.9p5
Sudoers file grammar version 43

Sudoers path: /etc/sudoers
Authentication methods: 'pam'
Syslog facility if syslog is being used for logging: authpriv
Syslog priority to use when user authenticates successfully: notice
Syslog priority to use when user authenticates unsuccessfully: alert
Send mail if the user is not in sudoers
Use a separate timestamp for each user/tty combo
Lecture user the first time they run sudo
Root may run sudo
Allow some information gathering to give useful error messages
Require fully-qualified hostnames in the sudoers file
Visudo will honor the EDITOR environment variable
Set the LOGNAME and USER environment variables
Length at which to wrap log file lines (0 for no wrap): 80
Authentication timestamp timeout: 15.0 minutes
Password prompt timeout: 0.0 minutes
Number of tries to enter a password: 3
Umask to use or 0777 to use user's: 022
Path to mail program: /usr/sbin/sendmail
Flags for mail program: -t
Address to send mail to: root
Subject line for mail messages: *** SECURITY information for %h ***
Incorrect password message: Sorry, try again.
Path to authentication timestamp dir: /var/lib/sudo
Default password prompt: [sudo] password for %p: 
Default user to run commands as: root
Value to override user's $PATH with: /usr/local/sbin:/usr/local/bin:/usr/sbin:/usr/bin:/sbin:/bin:/snap/bin
Path to the editor for use by visudo: /usr/bin/editor
When to require a password for 'list' pseudocommand: any
When to require a password for 'verify' pseudocommand: all
File descriptors >= 3 will be closed before executing a command
Environment variables to check for sanity:
	TZ
	TERM
	LINGUAS
	LC_*
	LANGUAGE
	LANG
	COLORTERM
Environment variables to remove:
	RUBYOPT
	RUBYLIB
	PYTHONUSERBASE
	PYTHONINSPECT
	PYTHONPATH
	PYTHONHOME
	TMPPREFIX
	ZDOTDIR
	READNULLCMD
	NULLCMD
	FPATH
	PERL5DB
	PERL5OPT
	PERL5LIB
	PERLLIB
	PERLIO_DEBUG 
	JAVA_TOOL_OPTIONS
	SHELLOPTS
	GLOBIGNORE
	PS4
	BASH_ENV
	ENV
	TERMCAP
	TERMPATH
	TERMINFO_DIRS
	TERMINFO
	_RLD*
	LD_*
	PATH_LOCALE
	NLSPATH
	HOSTALIASES
	RES_OPTIONS
	LOCALDOMAIN
	CDPATH
	IFS
Environment variables to preserve:
	JAVA_HOME
	TRAVIS
	CI
	DEBIAN_FRONTEND
	XAUTHORIZATION
	XAUTHORITY
	PS2
	PS1
	PATH
	LS_COLORS
	KRB5CCNAME
	HOSTNAME
	HOME
	DISPLAY
	COLORS
Locale to use while parsing sudoers: C
Directory in which to store input/output logs: /var/log/sudo-io
File in which to store the input/output log: %{seq}
Add an entry to the utmp/utmpx file when allocating a pty
PAM service name to use
PAM service name to use for login shells
Create a new PAM session for the command to run in
Maximum I/O log sequence number: 0

Local IP address and netmask pairs:
	172.17.0.2/255.255.0.0

Sudoers I/O plugin version 1.8.9p5
[34m[1mgzip version[0m
gzip 1.6
Copyright (C) 2007, 2010, 2011 Free Software Foundation, Inc.
Copyright (C) 1993 Jean-loup Gailly.
This is free software.  You may redistribute copies of it under the terms of
the GNU General Public License <http://www.gnu.org/licenses/gpl.html>.
There is NO WARRANTY, to the extent permitted by law.

Written by Jean-loup Gailly.
[34m[1mzip version[0m
Copyright (c) 1990-2008 Info-ZIP - Type 'zip "-L"' for software license.
This is Zip 3.0 (July 5th 2008), by Info-ZIP.
Currently maintained by E. Gordon.  Please send bug reports to
the authors using the web page at www.info-zip.org; see README for details.

Latest sources and executables are at ftp://ftp.info-zip.org/pub/infozip,
as of above date; see http://www.info-zip.org/ for other sites.

Compiled with gcc 4.8.2 for Unix (Linux ELF) on Oct 21 2013.

Zip special compilation options:
	USE_EF_UT_TIME       (store Universal Time)
	BZIP2_SUPPORT        (bzip2 library version 1.0.6, 6-Sept-2010)
	    bzip2 code and library copyright (c) Julian R Seward
	    (See the bzip2 license for terms of use)
	SYMLINK_SUPPORT      (symbolic links supported)
	LARGE_FILE_SUPPORT   (can read and write large files on file system)
	ZIP64_SUPPORT        (use Zip64 to store large files in archives)
	UNICODE_SUPPORT      (store and read UTF-8 Unicode paths)
	STORE_UNIX_UIDs_GIDs (store UID/GID sizes/values using new extra field)
	UIDGID_NOT_16BIT     (old Unix 16-bit UID/GID extra field not used)
	[encryption, version 2.91 of 05 Jan 2007] (modified for Zip 3)

Encryption notice:
	The encryption code of this program is not copyrighted and is
	put in the public domain.  It was originally written in Europe
	and, to the best of our knowledge, can be freely distributed
	in both source and object forms from any country, including
	the USA under License Exception TSU of the U.S. Export
	Administration Regulations (section 740.13(e)) of 6 June 2002.

Zip environment options:
             ZIP:  [none]
          ZIPOPT:  [none]
[34m[1mvim version[0m
VIM - Vi IMproved 7.4 (2013 Aug 10, compiled Nov 24 2016 16:43:18)
Included patches: 1-52
Extra patches: 8.0.0056
Modified by pkg-vim-maintainers@lists.alioth.debian.org
Compiled by buildd@
Huge version without GUI.  Features included (+) or not (-):
+acl             +farsi           +mouse_netterm   +syntax
+arabic          +file_in_path    +mouse_sgr       +tag_binary
+autocmd         +find_in_path    -mouse_sysmouse  +tag_old_static
-balloon_eval    +float           +mouse_urxvt     -tag_any_white
-browse          +folding         +mouse_xterm     -tcl
++builtin_terms  -footer          +multi_byte      +terminfo
+byte_offset     +fork()          +multi_lang      +termresponse
+cindent         +gettext         -mzscheme        +textobjects
-clientserver    -hangul_input    +netbeans_intg   +title
-clipboard       +iconv           +path_extra      -toolbar
+cmdline_compl   +insert_expand   -perl            +user_commands
+cmdline_hist    +jumplist        +persistent_undo +vertsplit
+cmdline_info    +keymap          +postscript      +virtualedit
+comments        +langmap         +printer         +visual
+conceal         +libcall         +profile         +visualextra
+cryptv          +linebreak       +python          +viminfo
+cscope          +lispindent      -python3         +vreplace
+cursorbind      +listcmds        +quickfix        +wildignore
+cursorshape     +localmap        +reltime         +wildmenu
+dialog_con      -lua             +rightleft       +windows
+diff            +menu            -ruby            +writebackup
+digraphs        +mksession       +scrollbind      -X11
-dnd             +modify_fname    +signs           -xfontset
-ebcdic          +mouse           +smartindent     -xim
+emacs_tags      -mouseshape      -sniff           -xsmp
+eval            +mouse_dec       +startuptime     -xterm_clipboard
+ex_extra        +mouse_gpm       +statusline      -xterm_save
+extra_search    -mouse_jsbterm   -sun_workshop    -xpm
   system vimrc file: "$VIM/vimrc"
     user vimrc file: "$HOME/.vimrc"
 2nd user vimrc file: "~/.vim/vimrc"
      user exrc file: "$HOME/.exrc"
  fall-back for $VIM: "/usr/share/vim"
Compilation: gcc -c -I. -Iproto -DHAVE_CONFIG_H     -g -O2 -fstack-protector --param=ssp-buffer-size=4 -Wformat -Werror=format-security -U_FORTIFY_SOURCE -D_FORTIFY_SOURCE=1      
Linking: gcc   -Wl,-Bsymbolic-functions -Wl,-z,relro -Wl,--as-needed -o vim        -lm -ltinfo -lnsl  -lselinux  -lacl -lattr -lgpm -ldl    -L/usr/lib/python2.7/config-x86_64-linux-gnu -lpython2.7 -lpthread -ldl -lutil -lm -Xlinker -export-dynamic -Wl,-O1 -Wl,-Bsymbolic-functions      
[34m[1miptables version[0m
iptables v1.4.21
[34m[1mcurl version[0m
curl 7.35.0 (x86_64-pc-linux-gnu) libcurl/7.35.0 OpenSSL/1.0.1f zlib/1.2.8 libidn/1.28 librtmp/2.3
[34m[1mwget version[0m
GNU Wget 1.15 built on linux-gnu.
[34m[1mrsync version[0m
rsync  version 3.1.0  protocol version 31
[34m[1mgimme version[0m
v1.2.0
[34m[1mnvm version[0m
0.33.6
[34m[1mperlbrew version[0m
/home/travis/perl5/perlbrew/bin/perlbrew  - App::perlbrew/0.80
[34m[1mphpenv version[0m
rbenv 1.1.1-25-g6aa70b6
[34m[1mrvm version[0m
rvm 1.29.3 (latest) by Michal Papis, Piotr Kuczynski, Wayne E. Seguin [https://rvm.io]
[34m[1mdefault ruby version[0m
ruby 2.4.1p111 (2017-03-22 revision 58053) [x86_64-linux]
[34m[1mCouchDB version[0m
couchdb 1.6.1
[34m[1mElasticSearch version[0m
5.5.0
[34m[1mInstalled Firefox version[0m
firefox 56.0.2
[34m[1mMongoDB version[0m
MongoDB 3.4.10
[34m[1mPhantomJS version[0m
2.1.1
[34m[1mPre-installed PostgreSQL versions[0m
9.2.24
9.3.20
9.4.15
9.5.10
9.6.6
[34m[1mRabbitMQ Version[0m
3.6.14
[34m[1mRedis version[0m
redis-server 4.0.6
[34m[1mriak version[0m
2.2.3
[34m[1mPre-installed Go versions[0m
1.7.4
[34m[1mant version[0m
Apache Ant(TM) version 1.9.3 compiled on April 8 2014
[34m[1mmvn version[0m
Apache Maven 3.5.2 (138edd61fd100ec658bfa2d307c43b76940a5d7d; 2017-10-18T07:58:13Z)
Maven home: /usr/local/maven-3.5.2
Java version: 1.8.0_151, vendor: Oracle Corporation
Java home: /usr/lib/jvm/java-8-oracle/jre
Default locale: en_US, platform encoding: UTF-8
OS name: "linux", version: "4.4.0-101-generic", arch: "amd64", family: "unix"
[34m[1mgradle version[0m

------------------------------------------------------------
Gradle 4.0.1
------------------------------------------------------------

Build time:   2017-07-07 14:02:41 UTC
Revision:     38e5dc0f772daecca1d2681885d3d85414eb6826

Groovy:       2.4.11
Ant:          Apache Ant(TM) version 1.9.6 compiled on June 29 2015
JVM:          1.8.0_151 (Oracle Corporation 25.151-b12)
OS:           Linux 4.4.0-101-generic amd64

[34m[1mlein version[0m
Leiningen 2.8.1 on Java 1.8.0_151 Java HotSpot(TM) 64-Bit Server VM
[34m[1mPre-installed Node.js versions[0m
v4.8.6
v6.12.0
v6.12.1
v8.9
v8.9.1
[34m[1mphpenv versions[0m
  system
  5.6
* 5.6.32 (set by /home/travis/.phpenv/version)
  7.0
  7.0.25
  7.1
  7.1.11
  hhvm
  hhvm-stable
[34m[1mcomposer --version[0m
Composer version 1.5.2 2017-09-11 16:59:25
[34m[1mPre-installed Ruby versions[0m
ruby-2.2.7
ruby-2.3.4
ruby-2.4.1
travis_fold:end:system_info[0K
[33;1m3.5 is not installed; attempting download[0m
[33;1mDownloading archive: https://s3.amazonaws.com/travis-python-archives/binaries/ubuntu/14.04/x86_64/python-3.5.tar.bz2[0m
$ sudo tar xjf python-3.5.tar.bz2 --directory /
$ cd failed/getslash/slash
travis_time:start:01cdd25e[0K$ source ~/virtualenv/python3.5/bin/activate

travis_time:end:01cdd25e:start=1603655419870640442,finish=1603655419884704966,duration=14064524[0K$ python --version
Python 3.5.6
$ pip --version
pip 18.0 from /home/travis/virtualenv/python3.5.6/lib/python3.5/site-packages/pip (python 3.5)
travis_fold:start:install.1[0Ktravis_time:start:10285aa0[0K$ pip install virtualenv==15.1.0
Collecting virtualenv==15.1.0
  Downloading https://files.pythonhosted.org/packages/6f/86/3dc328ee7b1a6419ebfac7896d882fba83c48e3561d22ddddf38294d3e83/virtualenv-15.1.0-py2.py3-none-any.whl (1.8MB)
Installing collected packages: virtualenv
  Found existing installation: virtualenv 16.0.0
    Uninstalling virtualenv-16.0.0:
      Successfully uninstalled virtualenv-16.0.0
Successfully installed virtualenv-15.1.0

travis_time:end:10285aa0:start=1603655420285771989,finish=1603655422632855461,duration=2347083472[0Ktravis_fold:end:install.1[0Ktravis_fold:start:install.2[0Ktravis_time:start:01118007[0K$ pip install codecov==2.0.10
Collecting codecov==2.0.10
  Downloading https://files.pythonhosted.org/packages/e0/5d/3ebba3f5b994fe6af69638bef91980dfbd7b8e4d16c7c5ebee4e7c2ee138/codecov-2.0.10-py2.py3-none-any.whl
Collecting coverage (from codecov==2.0.10)
  Downloading https://files.pythonhosted.org/packages/35/58/e38636e8233b49982efca6a69c9974f2575439f637dc3b0e8ac0e77c550c/coverage-5.3-cp35-cp35m-manylinux1_x86_64.whl (229kB)
Collecting requests>=2.7.9 (from codecov==2.0.10)
  Downloading https://files.pythonhosted.org/packages/45/1e/0c169c6a5381e241ba7404532c16a21d86ab872c9bed8bdcd4c423954103/requests-2.24.0-py2.py3-none-any.whl (61kB)
Collecting urllib3!=1.25.0,!=1.25.1,<1.26,>=1.21.1 (from requests>=2.7.9->codecov==2.0.10)
  Downloading https://files.pythonhosted.org/packages/56/aa/4ef5aa67a9a62505db124a5cb5262332d1d4153462eb8fd89c9fa41e5d92/urllib3-1.25.11-py2.py3-none-any.whl (127kB)
Requirement already satisfied: certifi>=2017.4.17 in /home/travis/virtualenv/python3.5.6/lib/python3.5/site-packages (from requests>=2.7.9->codecov==2.0.10) (2018.4.16)
Collecting idna<3,>=2.5 (from requests>=2.7.9->codecov==2.0.10)
  Downloading https://files.pythonhosted.org/packages/a2/38/928ddce2273eaa564f6f50de919327bf3a00f091b5baba8dfa9460f3a8a8/idna-2.10-py2.py3-none-any.whl (58kB)
Collecting chardet<4,>=3.0.2 (from requests>=2.7.9->codecov==2.0.10)
  Downloading https://files.pythonhosted.org/packages/bc/a9/01ffebfb562e4274b6487b4bb1ddec7ca55ec7510b22e4c51f14098443b8/chardet-3.0.4-py2.py3-none-any.whl (133kB)
Installing collected packages: coverage, urllib3, idna, chardet, requests, codecov
Successfully installed chardet-3.0.4 codecov-2.0.10 coverage-5.3 idna-2.10 requests-2.24.0 urllib3-1.25.11

travis_time:end:01118007:start=1603655422645608612,finish=1603655426638284283,duration=3992675671[0Ktravis_fold:end:install.2[0Ktravis_time:start:01244572[0K$ make env
python -m virtualenv .env
Using real prefix '/opt/python/3.5.6'
New python executable in /home/travis/build/failed/getslash/slash/.env/bin/python
Installing setuptools, pip, wheel...done.
.env/bin/pip install -e .[testing] -r doc/pip_requirements.txt
Obtaining file:///home/travis/build/failed/getslash/slash
Obtaining file:///home/travis/build/failed/getslash/slash (from -r doc/pip_requirements.txt (line 2))
Collecting releases
  Downloading releases-1.6.3-py2.py3-none-any.whl (22 kB)
Collecting alabaster
  Downloading alabaster-0.7.12-py2.py3-none-any.whl (14 kB)
Collecting Sphinx>1.4
  Downloading Sphinx-3.2.1-py3-none-any.whl (2.9 MB)
Collecting arrow
  Downloading arrow-0.17.0-py2.py3-none-any.whl (50 kB)
Collecting colorama
  Downloading colorama-0.4.4-py2.py3-none-any.whl (16 kB)
Collecting confetti>=2.4.1
  Downloading confetti-2.5.3.tar.gz (6.5 kB)
Collecting dessert>=1.3.1
  Downloading dessert-1.4.1.tar.gz (33 kB)
Collecting emport>=1.1.3
  Downloading emport-1.3.1.tar.gz (5.3 kB)
Collecting gossip>=2.2.0
  Downloading gossip-2.4.0.tar.gz (64 kB)
Collecting Jinja2
  Downloading Jinja2-2.11.2-py2.py3-none-any.whl (125 kB)
Collecting Logbook>=1.1.0
  Downloading Logbook-1.5.3.tar.gz (85 kB)
Collecting orderedset>=2.0.0
  Downloading orderedset-2.0.3.tar.gz (101 kB)
Collecting requests>=1.1.0
  Using cached requests-2.24.0-py2.py3-none-any.whl (61 kB)
Collecting SQLAlchemy
  Downloading SQLAlchemy-1.3.20-cp35-cp35m-manylinux2010_x86_64.whl (1.3 MB)
Collecting tmuxp
  Downloading tmuxp-1.5.6-py3-none-any.whl (25 kB)
Collecting raven
  Downloading raven-6.10.0-py2.py3-none-any.whl (284 kB)
Collecting py>=1.5.0
  Downloading py-1.9.0-py2.py3-none-any.whl (99 kB)
Collecting pyparsing
  Downloading pyparsing-2.4.7-py2.py3-none-any.whl (67 kB)
Collecting vintage>=0.4.0
  Downloading vintage-0.4.1.tar.gz (3.9 kB)
Collecting IPython
  Downloading ipython-7.9.0-py3-none-any.whl (775 kB)
Collecting coverage
  Using cached coverage-5.3-cp35-cp35m-manylinux1_x86_64.whl (229 kB)
Collecting coveralls
  Downloading coveralls-2.1.2-py2.py3-none-any.whl (13 kB)
Collecting munch
  Downloading munch-2.5.0-py2.py3-none-any.whl (10 kB)
Collecting pytest
  Downloading pytest-6.1.1-py3-none-any.whl (272 kB)
Collecting pytest-catchlog
  Downloading pytest_catchlog-1.2.2-py2.py3-none-any.whl (10 kB)
Collecting pytest-cov
  Downloading pytest_cov-2.10.1-py2.py3-none-any.whl (19 kB)
Collecting pytest-timeout
  Downloading pytest_timeout-1.4.2-py2.py3-none-any.whl (10 kB)
Collecting pyforge
  Downloading pyforge-1.3.0.tar.gz (20 kB)
Collecting pylint>=1.7
  Downloading pylint-2.6.0-py3-none-any.whl (325 kB)
Collecting semantic-version<2.7
  Downloading semantic_version-2.6.0-py3-none-any.whl (14 kB)
Collecting sphinxcontrib-jsmath
  Downloading sphinxcontrib_jsmath-1.0.1-py2.py3-none-any.whl (5.1 kB)
Collecting imagesize
  Downloading imagesize-1.2.0-py2.py3-none-any.whl (4.8 kB)
Collecting sphinxcontrib-qthelp
  Downloading sphinxcontrib_qthelp-1.0.3-py2.py3-none-any.whl (90 kB)
Collecting sphinxcontrib-serializinghtml
  Downloading sphinxcontrib_serializinghtml-1.1.4-py2.py3-none-any.whl (89 kB)
Collecting sphinxcontrib-htmlhelp
  Downloading sphinxcontrib_htmlhelp-1.0.3-py2.py3-none-any.whl (96 kB)
Collecting sphinxcontrib-applehelp
  Downloading sphinxcontrib_applehelp-1.0.2-py2.py3-none-any.whl (121 kB)
Collecting packaging
  Downloading packaging-20.4-py2.py3-none-any.whl (37 kB)
Collecting Pygments>=2.0
  Downloading Pygments-2.7.2-py3-none-any.whl (948 kB)
Collecting snowballstemmer>=1.1
  Downloading snowballstemmer-2.0.0-py2.py3-none-any.whl (97 kB)
Requirement already satisfied: setuptools in ./.env/lib/python3.5/site-packages (from Sphinx>1.4->-r doc/pip_requirements.txt (line 5)) (50.3.2)
Collecting babel>=1.3
  Downloading Babel-2.8.0-py2.py3-none-any.whl (8.6 MB)
Collecting docutils>=0.12
  Downloading docutils-0.16-py2.py3-none-any.whl (548 kB)
Collecting sphinxcontrib-devhelp
  Downloading sphinxcontrib_devhelp-1.0.2-py2.py3-none-any.whl (84 kB)
Collecting python-dateutil>=2.7.0
  Downloading python_dateutil-2.8.1-py2.py3-none-any.whl (227 kB)
Collecting sentinels>=0.0.5
  Downloading sentinels-1.0.0.tar.gz (4.1 kB)
Collecting six
  Downloading six-1.15.0-py2.py3-none-any.whl (10 kB)
Collecting atomicwrites>=1.0
  Downloading atomicwrites-1.4.0-py2.py3-none-any.whl (6.8 kB)
Collecting attrs
  Downloading attrs-20.2.0-py2.py3-none-any.whl (48 kB)
Collecting MarkupSafe>=0.23
  Downloading MarkupSafe-1.1.1-cp35-cp35m-manylinux1_x86_64.whl (27 kB)
Collecting idna<3,>=2.5
  Using cached idna-2.10-py2.py3-none-any.whl (58 kB)
Collecting urllib3!=1.25.0,!=1.25.1,<1.26,>=1.21.1
  Using cached urllib3-1.25.11-py2.py3-none-any.whl (127 kB)
Collecting chardet<4,>=3.0.2
  Using cached chardet-3.0.4-py2.py3-none-any.whl (133 kB)
Collecting certifi>=2017.4.17
  Downloading certifi-2020.6.20-py2.py3-none-any.whl (156 kB)
Collecting click>=7<8
  Downloading click-7.1.2-py2.py3-none-any.whl (82 kB)
Collecting kaptan>=0.5.10
  Downloading kaptan-0.5.12.tar.gz (10 kB)
Collecting libtmux>=0.8<0.9
  Downloading libtmux-0.8.5-py3-none-any.whl (29 kB)
Collecting traitlets>=4.2
  Downloading traitlets-4.3.3-py2.py3-none-any.whl (75 kB)
Collecting jedi>=0.10
  Downloading jedi-0.17.2-py2.py3-none-any.whl (1.4 MB)
Collecting prompt-toolkit<2.1.0,>=2.0.0
  Downloading prompt_toolkit-2.0.10-py3-none-any.whl (340 kB)
Collecting pexpect; sys_platform != "win32"
  Downloading pexpect-4.8.0-py2.py3-none-any.whl (59 kB)
Collecting backcall
  Downloading backcall-0.2.0-py2.py3-none-any.whl (11 kB)
Collecting pickleshare
  Downloading pickleshare-0.7.5-py2.py3-none-any.whl (6.9 kB)
Collecting decorator
  Downloading decorator-4.4.2-py2.py3-none-any.whl (9.2 kB)
Collecting docopt>=0.6.1
  Downloading docopt-0.6.2.tar.gz (25 kB)
Collecting toml
  Downloading toml-0.10.1-py2.py3-none-any.whl (19 kB)
Collecting pathlib2>=2.2.0; python_version < "3.6"
  Downloading pathlib2-2.3.5-py2.py3-none-any.whl (18 kB)
Collecting iniconfig
  Downloading iniconfig-1.1.1-py2.py3-none-any.whl (5.0 kB)
Collecting importlib-metadata>=0.12; python_version < "3.8"
  Downloading importlib_metadata-2.0.0-py2.py3-none-any.whl (31 kB)
Collecting pluggy<1.0,>=0.12
  Downloading pluggy-0.13.1-py2.py3-none-any.whl (18 kB)
Collecting isort<6,>=4.2.5
  Downloading isort-4.3.21-py2.py3-none-any.whl (42 kB)
Collecting astroid<=2.5,>=2.4.0
  Downloading astroid-2.4.2-py3-none-any.whl (213 kB)
Collecting mccabe<0.7,>=0.6
  Downloading mccabe-0.6.1-py2.py3-none-any.whl (8.6 kB)
Collecting pytz>=2015.7
  Downloading pytz-2020.1-py2.py3-none-any.whl (510 kB)
Collecting PyYAML<6,>=3.13
  Downloading PyYAML-5.3.1.tar.gz (269 kB)
Collecting ipython-genutils
  Downloading ipython_genutils-0.2.0-py2.py3-none-any.whl (26 kB)
Collecting parso<0.8.0,>=0.7.0
  Downloading parso-0.7.1-py2.py3-none-any.whl (109 kB)
Collecting wcwidth
  Downloading wcwidth-0.2.5-py2.py3-none-any.whl (30 kB)
Collecting ptyprocess>=0.5
  Downloading ptyprocess-0.6.0-py2.py3-none-any.whl (39 kB)
Collecting zipp>=0.5
  Downloading zipp-1.2.0-py2.py3-none-any.whl (4.8 kB)
Collecting lazy-object-proxy==1.4.*
  Downloading lazy_object_proxy-1.4.3-cp35-cp35m-manylinux1_x86_64.whl (55 kB)
Collecting typed-ast<1.5,>=1.4.0; implementation_name == "cpython" and python_version < "3.8"
  Downloading typed_ast-1.4.1-cp35-cp35m-manylinux1_x86_64.whl (737 kB)
Collecting wrapt~=1.11
  Downloading wrapt-1.12.1.tar.gz (27 kB)
Building wheels for collected packages: confetti, dessert, emport, gossip, Logbook, orderedset, vintage, pyforge, sentinels, kaptan, docopt, PyYAML, wrapt
  Building wheel for confetti (setup.py): started
  Building wheel for confetti (setup.py): finished with status 'done'
  Created wheel for confetti: filename=confetti-2.5.3-py3-none-any.whl size=7196 sha256=82ab9a181a3e4dbd811451d45de3b54bc8575acd6c7dc05416c738fd493cd3f5
  Stored in directory: /home/travis/.cache/pip/wheels/c2/83/12/94c38beac392040cf33f8f9f85b4f4790d47cb57c38e8badf1
  Building wheel for dessert (setup.py): started
  Building wheel for dessert (setup.py): finished with status 'done'
  Created wheel for dessert: filename=dessert-1.4.1-py3-none-any.whl size=22795 sha256=75a71e4a1a6eff7526c69916f83e5f8fc9d220e2a31c2b768659d67ad15945bc
  Stored in directory: /home/travis/.cache/pip/wheels/bb/58/73/a34b41f1ca18597fe587f0eef13066dc41f076f031ec9f0c7d
  Building wheel for emport (setup.py): started
  Building wheel for emport (setup.py): finished with status 'done'
  Created wheel for emport: filename=emport-1.3.1-py3-none-any.whl size=2951 sha256=60bc5b3a74989bdc3a94496d2e529350a435a7da022be5169b1118a445e371eb
  Stored in directory: /home/travis/.cache/pip/wheels/6b/fe/a4/1143bef605d816eefeaac66a74314e58818f64ec3d0fb8536f
  Building wheel for gossip (setup.py): started
  Building wheel for gossip (setup.py): finished with status 'done'
  Created wheel for gossip: filename=gossip-2.4.0-py3-none-any.whl size=14828 sha256=a996c15fbfff4c874a48b5a277c71f9e2b16db65c5091c4d459730d5065e089c
  Stored in directory: /home/travis/.cache/pip/wheels/cc/e4/d6/d5092aa964cdcabfb35062591303dc4a54896617ff46f845c3
  Building wheel for Logbook (setup.py): started
  Building wheel for Logbook (setup.py): finished with status 'done'
  Created wheel for Logbook: filename=Logbook-1.5.3-cp35-cp35m-linux_x86_64.whl size=66383 sha256=cbbf56204eff5b6183645b9cbf0981bcfd0f63f279c67d2776c3b8bde91748d1
  Stored in directory: /home/travis/.cache/pip/wheels/c1/e7/ba/2f058e795252d37a0833a55df093cc967a20fc30fd226529d4
  Building wheel for orderedset (setup.py): started
  Building wheel for orderedset (setup.py): finished with status 'done'
  Created wheel for orderedset: filename=orderedset-2.0.3-cp35-cp35m-linux_x86_64.whl size=270050 sha256=fc8a86b1566bb2514140646368512d92de12a719678666784a125bba73f6f0ac
  Stored in directory: /home/travis/.cache/pip/wheels/fe/9a/9d/7f149dd9b76e6cc911f97add03d9eaba1733f24795e606d453
  Building wheel for vintage (setup.py): started
  Building wheel for vintage (setup.py): finished with status 'done'
  Created wheel for vintage: filename=vintage-0.4.1-py3-none-any.whl size=2830 sha256=269ba686848028430e5665e1e9711c5f58080277e5c7766236390f7fdec050d6
  Stored in directory: /home/travis/.cache/pip/wheels/f9/b5/c8/da15ac7b054e05cd8204dc9b8fbe8b7f0921337a2c5ff14bb1
  Building wheel for pyforge (setup.py): started
  Building wheel for pyforge (setup.py): finished with status 'done'
  Created wheel for pyforge: filename=pyforge-1.3.0-py3-none-any.whl size=23216 sha256=308b8f56ad114597392d5d5c91dcd3ec3858c5fb5da1727c33d176e5986b52ac
  Stored in directory: /home/travis/.cache/pip/wheels/6b/32/b6/2348695d72f40c18ce51c5d19e22827914c23d405a8020fcf1
  Building wheel for sentinels (setup.py): started
  Building wheel for sentinels (setup.py): finished with status 'done'
  Created wheel for sentinels: filename=sentinels-1.0.0-py3-none-any.whl size=3187 sha256=bac6a97d738db0523d951139f3f77b5d17f74f9ab37626b91d284a04a6535e05
  Stored in directory: /home/travis/.cache/pip/wheels/0b/d5/77/49fb1d1a6209f97f0bb762f0350403d5f69da8e453aa6bbd12
  Building wheel for kaptan (setup.py): started
  Building wheel for kaptan (setup.py): finished with status 'done'
  Created wheel for kaptan: filename=kaptan-0.5.12-py3-none-any.whl size=10975 sha256=c5a8ff98b70726cb07c16a8ca018ae275fceb0e3880d34cc889aa4419c08ade9
  Stored in directory: /home/travis/.cache/pip/wheels/ac/5e/c9/9b154d2beec5fcce55aede5cc1d3b7256d153f9d8a8a41c32c
  Building wheel for docopt (setup.py): started
  Building wheel for docopt (setup.py): finished with status 'done'
  Created wheel for docopt: filename=docopt-0.6.2-py2.py3-none-any.whl size=13704 sha256=3146307a3aa6606e27aff3bf4324651406b0d1b8ad0988f274760a801752407a
  Stored in directory: /home/travis/.cache/pip/wheels/63/74/c4/1e4f0884a7ba7c26baa4a841240a507953dcfe7de606522571
  Building wheel for PyYAML (setup.py): started
  Building wheel for PyYAML (setup.py): finished with status 'done'
  Created wheel for PyYAML: filename=PyYAML-5.3.1-cp35-cp35m-linux_x86_64.whl size=418069 sha256=19bf0277a8a69ed10d363899d640f8a82eabd4c72456db2d63a040417cf0628b
  Stored in directory: /home/travis/.cache/pip/wheels/57/d0/2c/e2003abb5bc1a94c2e8a6fe1c03b8055d074e34c13672e7eb7
  Building wheel for wrapt (setup.py): started
  Building wheel for wrapt (setup.py): finished with status 'done'
  Created wheel for wrapt: filename=wrapt-1.12.1-cp35-cp35m-linux_x86_64.whl size=66640 sha256=006107a42aff8ad7a3ef54a256f461dbc4c574ec55e53e33d39995318a3f0684
  Stored in directory: /home/travis/.cache/pip/wheels/b8/2d/88/2fb764a7404287819251978fbfe4cacf9b4d8a1d41fce5dd97
Successfully built confetti dessert emport gossip Logbook orderedset vintage pyforge sentinels kaptan docopt PyYAML wrapt
Installing collected packages: semantic-version, sphinxcontrib-jsmath, imagesize, sphinxcontrib-qthelp, sphinxcontrib-serializinghtml, sphinxcontrib-htmlhelp, sphinxcontrib-applehelp, idna, urllib3, chardet, certifi, requests, pyparsing, six, packaging, Pygments, MarkupSafe, Jinja2, snowballstemmer, alabaster, pytz, babel, docutils, sphinxcontrib-devhelp, Sphinx, releases, python-dateutil, arrow, colorama, sentinels, confetti, munch, py, atomicwrites, attrs, dessert, Logbook, emport, vintage, gossip, orderedset, SQLAlchemy, click, PyYAML, kaptan, libtmux, tmuxp, raven, decorator, ipython-genutils, traitlets, parso, jedi, wcwidth, prompt-toolkit, ptyprocess, pexpect, backcall, pickleshare, IPython, coverage, docopt, coveralls, toml, pathlib2, iniconfig, zipp, importlib-metadata, pluggy, pytest, pytest-catchlog, pytest-cov, pytest-timeout, pyforge, isort, lazy-object-proxy, typed-ast, wrapt, astroid, mccabe, pylint, slash
  Running setup.py develop for slash
Successfully installed IPython-7.9.0 Jinja2-2.11.2 Logbook-1.5.3 MarkupSafe-1.1.1 PyYAML-5.3.1 Pygments-2.7.2 SQLAlchemy-1.3.20 Sphinx-3.2.1 alabaster-0.7.12 arrow-0.17.0 astroid-2.4.2 atomicwrites-1.4.0 attrs-20.2.0 babel-2.8.0 backcall-0.2.0 certifi-2020.6.20 chardet-3.0.4 click-7.1.2 colorama-0.4.4 confetti-2.5.3 coverage-5.3 coveralls-2.1.2 decorator-4.4.2 dessert-1.4.1 docopt-0.6.2 docutils-0.16 emport-1.3.1 gossip-2.4.0 idna-2.10 imagesize-1.2.0 importlib-metadata-2.0.0 iniconfig-1.1.1 ipython-genutils-0.2.0 isort-4.3.21 jedi-0.17.2 kaptan-0.5.12 lazy-object-proxy-1.4.3 libtmux-0.8.5 mccabe-0.6.1 munch-2.5.0 orderedset-2.0.3 packaging-20.4 parso-0.7.1 pathlib2-2.3.5 pexpect-4.8.0 pickleshare-0.7.5 pluggy-0.13.1 prompt-toolkit-2.0.10 ptyprocess-0.6.0 py-1.9.0 pyforge-1.3.0 pylint-2.6.0 pyparsing-2.4.7 pytest-6.1.1 pytest-catchlog-1.2.2 pytest-cov-2.10.1 pytest-timeout-1.4.2 python-dateutil-2.8.1 pytz-2020.1 raven-6.10.0 releases-1.6.3 requests-2.24.0 semantic-version-2.6.0 sentinels-1.0.0 six-1.15.0 slash snowballstemmer-2.0.0 sphinxcontrib-applehelp-1.0.2 sphinxcontrib-devhelp-1.0.2 sphinxcontrib-htmlhelp-1.0.3 sphinxcontrib-jsmath-1.0.1 sphinxcontrib-qthelp-1.0.3 sphinxcontrib-serializinghtml-1.1.4 tmuxp-1.5.6 toml-0.10.1 traitlets-4.3.3 typed-ast-1.4.1 urllib3-1.25.11 vintage-0.4.1 wcwidth-0.2.5 wrapt-1.12.1 zipp-1.2.0
touch .env/.up-to-date

travis_time:end:01244572:start=1603655426649995513,finish=1603655532543893207,duration=105893897694[0K
[32;1mThe command "make env" exited with 0.[0m
travis_time:start:1bba2cf8[0K$ make test
.env/bin/py.test --cov=slash --cov-report=html tests
============================= test session starts ==============================
platform linux -- Python 3.5.6, pytest-6.1.1, py-1.9.0, pluggy-0.13.1
rootdir: /home/travis/build/failed/getslash/slash, configfile: pytest.ini
plugins: catchlog-1.2.2, cov-2.10.1, timeout-1.4.2
collected 1514 items

tests/test_add_error.py ........................                         [  1%]
tests/test_app_context.py ..                                             [  1%]
tests/test_assertions.py .....................                           [  3%]
tests/test_autouse_fixtures.py ....................                      [  4%]
tests/test_cleanup_manager.py .....                                      [  4%]
tests/test_cleanups.py ................................................. [  7%]
..................                                                       [  9%]
tests/test_cli_environment.py ..............                             [ 10%]
tests/test_cli_utils.py ......                                           [ 10%]
tests/test_color_strings.py ........                                     [ 11%]
tests/test_console_log_truncation.py ..                                  [ 11%]
tests/test_console_reporter.py ........................                  [ 12%]
tests/test_context.py ........................                           [ 14%]
tests/test_coverage_plugin.py .......                                    [ 14%]
tests/test_cyclic_fixture_detection.py ........                          [ 15%]
tests/test_debugging.py ....                                             [ 15%]
tests/test_doctests.py .........................                         [ 17%]
tests/test_error_object.py .............                                 [ 18%]
tests/test_error_object_stack_trace.py ........                          [ 18%]
tests/test_exception_attributes.py ..                                    [ 18%]
tests/test_exception_handling.py .........s......................        [ 20%]
tests/test_exception_marks.py ...                                        [ 21%]
tests/test_ext_hook.py ...                                               [ 21%]
tests/test_factory_information.py ............                           [ 22%]
tests/test_facts.py ....                                                 [ 22%]
tests/test_failures.py .................                                 [ 23%]
tests/test_fixture_annotations.py ................................       [ 25%]
tests/test_fixture_exceptions.py ................                        [ 26%]
tests/test_fixture_exclusion.py .....                                    [ 26%]
tests/test_fixture_features.py ............                              [ 27%]
tests/test_fixture_mechanism.py .....................................    [ 30%]
tests/test_fixture_namespaces.py ..                                      [ 30%]
tests/test_fixture_resolution.py ...                                     [ 30%]
tests/test_fixture_scoping.py ......                                     [ 30%]
tests/test_fixture_start_end_test.py ........                            [ 31%]
tests/test_fixture_string_representation.py ....                         [ 31%]
tests/test_fixture_test_addresses.py ....                                [ 31%]
tests/test_fixtures.py ................................................. [ 35%]
                                                                         [ 35%]
tests/test_formatter.py ..........                                       [ 35%]
tests/test_function_marker.py .........                                  [ 36%]
tests/test_generator_fixture.py ........                                 [ 36%]
tests/test_global_storage.py .                                           [ 37%]
tests/test_globals.py .....                                              [ 37%]
tests/test_hook_calling.py ............................................. [ 40%]
..                                                                       [ 40%]
tests/test_hook_errors.py .....                                          [ 40%]
tests/test_hooks.py .....                                                [ 41%]
tests/test_id_space.py .                                                 [ 41%]
tests/test_interactive.py ....                                           [ 41%]
tests/test_interruptions.py ........................                     [ 43%]
tests/test_invalid_test_detection.py ....                                [ 43%]
tests/test_iteration.py ........                                         [ 43%]
tests/test_list_config.py ..                                             [ 43%]
tests/test_list_plugins.py ..                                            [ 44%]
tests/test_loader.py .........................                           [ 45%]
tests/test_local_config.py ...                                           [ 45%]
tests/test_logging.py .................................................. [ 49%]
.....................                                                    [ 50%]
tests/test_nofixtures.py ..                                              [ 50%]
tests/test_object_marker.py ............................................ [ 53%]
......................                                                   [ 55%]
tests/test_parallel.py ..................................                [ 57%]
tests/test_parametrization_ordering.py ..                                [ 57%]
tests/test_pattern_matching.py .......                                   [ 57%]
tests/test_plugin_activation.py ...................                      [ 59%]
tests/test_plugin_commandline.py ..                                      [ 59%]
tests/test_plugin_config.py .                                            [ 59%]
tests/test_plugin_dependency.py ................                         [ 60%]
tests/test_plugin_discovery.py .                                         [ 60%]
tests/test_plugin_errors.py ...                                          [ 60%]
tests/test_plugins.py .................                                  [ 61%]
tests/test_preliminary_errors.py ...                                     [ 62%]
tests/test_project_customization.py ....................                 [ 63%]
tests/test_python_utils.py .                                             [ 63%]
tests/test_repeat.py .........F........                                  [ 64%]
tests/test_reporters.py ......                                           [ 65%]
tests/test_requirements.py ............................................. [ 68%]
................................................                         [ 71%]
tests/test_result.py ............................................        [ 74%]
tests/test_result_details.py ............                                [ 74%]
tests/test_retained_logs_handler.py ..                                   [ 75%]
tests/test_running.py .................................................. [ 78%]
.........                                                                [ 78%]
tests/test_running_ad_hoc_tests.py ..                                    [ 79%]
tests/test_scope_manager.py ..                                           [ 79%]
tests/test_scoped_cleanups.py ......                                     [ 79%]
tests/test_site_customization.py ......                                  [ 79%]
tests/test_skips.py .......                                              [ 80%]
tests/test_slash_list.py ......................                          [ 81%]
tests/test_slash_resume.py .........                                     [ 82%]
tests/test_slash_run.py .................                                [ 83%]
tests/test_suite_files.py ................................               [ 85%]
tests/test_suite_writer.py ...                                           [ 85%]
tests/test_suite_writer_factories.py .                                   [ 85%]
tests/test_suite_writer_fixtures.py ....                                 [ 86%]
tests/test_suite_writer_negative.py ..                                   [ 86%]
tests/test_suite_writer_running.py ....                                  [ 86%]
tests/test_tagging.py .............................................      [ 89%]
tests/test_terminal_writer_wrapper.py ...                                [ 89%]
tests/test_test.py ......                                                [ 90%]
tests/test_test_loading.py ....                                          [ 90%]
tests/test_test_metadata.py ................................             [ 92%]
tests/test_test_parameters.py ............                               [ 93%]
tests/test_traceback_utils.py .......                                    [ 93%]
tests/test_unified_session_log.py ............                           [ 94%]
tests/test_ut_utils.py ....                                              [ 94%]
tests/test_utils.py ..                                                   [ 95%]
tests/test_variation_info.py .........                                   [ 95%]
tests/test_warning_capture.py .....                                      [ 95%]
tests/test_warnings.py ..........                                        [ 96%]
tests/test_xunit_plugin.py ............................................. [ 99%]
                                                                         [ 99%]
tests/test_yield_fixture.py ......                                       [100%]

=================================== FAILURES ===================================
____________________________ test_repeat_all_global ____________________________

suite = <tests.utils.suite_writer.suite.Suite object at 0x1532cac6d780>
config_override = <function config_override.<locals>._override at 0x1532cb20a6a8>

    def test_repeat_all_global(suite, config_override):
        num_repetitions = 5
        config_override('run.repeat_all', num_repetitions)
        for index, test in enumerate(suite):
            test.append_line('slash.context.result.data["index"]={}'.format(index))
    
        for test in suite:
            test.expect_repetition(num_repetitions)
    
        summary = suite.run()
    
        indices = [res.data['index'] for res in summary.session.results.iter_test_results()]
>       assert indices == [x for x in range(len(suite)) for _ in range(num_repetitions)]
E       assert [0, 1, 2, 3, 4, 5, ...] == [0, 0, 0, 0, 0, 1, ...]
E         At index 1 diff: 1 != 0
E         Use -v to get the full diff

tests/test_repeat.py:41: AssertionError
----------------------------- Captured stderr call -----------------------------
[2020-10-25 20:00:55.627614] DEBUG: slash.loader: Checking /tmp/tmp8lmsx1a1/test_08531.py
[2020-10-25 20:00:55.632207] TRACE: emport: Creating new package for /tmp/tmp8lmsx1a1/test_08531.py
[2020-10-25 20:00:55.632417] TRACE: emport: After split: /tmp/tmp8lmsx1a1, test_08531
[2020-10-25 20:00:55.649399] TRACE: slash.core.cleanup_manager: CleanupManager: pushing scope 'session-global'
[2020-10-25 20:00:55.654997] NOTICE: slash.runner: #1: /tmp/tmp8lmsx1a1/test_08531.py:Test08532.test_08533
[2020-10-25 20:00:55.655493] DEBUG: slash.runner: Started test #1: <Runnable test </tmp/tmp8lmsx1a1/test_08531.py:Test08532.test_08533>>
[2020-10-25 20:00:55.663819] TRACE: slash.core.scope_manager: Pushed scope session
[2020-10-25 20:00:55.663964] TRACE: slash.core.cleanup_manager: CleanupManager: pushing scope 'session'
[2020-10-25 20:00:55.664075] TRACE: slash.core.scope_manager: Pushed scope module
[2020-10-25 20:00:55.664168] TRACE: slash.core.cleanup_manager: CleanupManager: pushing scope 'module'
[2020-10-25 20:00:55.664262] TRACE: slash.core.scope_manager: Pushed scope test
[2020-10-25 20:00:55.664349] TRACE: slash.core.cleanup_manager: CleanupManager: pushing scope 'test'
[2020-10-25 20:00:55.677032] TRACE: slash.core.scope_manager: Popping scope test (expected test)
[2020-10-25 20:00:55.677193] TRACE: slash.core.cleanup_manager: CleanupManager: popping scope 'test' (failure: False, interrupt: False)
[2020-10-25 20:00:55.677303] TRACE: slash.core.cleanup_manager: Calling cleanups of scope 'test' (failure=False, interrupt=False)
[2020-10-25 20:00:55.681867] TRACE: slash.core.scope_manager: Popped scope test
[2020-10-25 20:00:55.686753] NOTICE: slash.runner: #2: /tmp/tmp8lmsx1a1/test_08531.py:test_08534
[2020-10-25 20:00:55.687219] DEBUG: slash.runner: Started test #2: <Runnable test </tmp/tmp8lmsx1a1/test_08531.py:test_08534>>
[2020-10-25 20:00:55.697404] TRACE: slash.core.scope_manager: Pushed scope test
[2020-10-25 20:00:55.697582] TRACE: slash.core.cleanup_manager: CleanupManager: pushing scope 'test'
[2020-10-25 20:00:55.701816] TRACE: slash.core.scope_manager: Popping scope test (expected test)
[2020-10-25 20:00:55.701979] TRACE: slash.core.cleanup_manager: CleanupManager: popping scope 'test' (failure: False, interrupt: False)
[2020-10-25 20:00:55.702082] TRACE: slash.core.cleanup_manager: Calling cleanups of scope 'test' (failure=False, interrupt=False)
[2020-10-25 20:00:55.706769] TRACE: slash.core.scope_manager: Popped scope test
[2020-10-25 20:00:55.711462] NOTICE: slash.runner: #3: /tmp/tmp8lmsx1a1/test_08531.py:Test08532.test_08535
[2020-10-25 20:00:55.711938] DEBUG: slash.runner: Started test #3: <Runnable test </tmp/tmp8lmsx1a1/test_08531.py:Test08532.test_08535>>
[2020-10-25 20:00:55.720309] TRACE: slash.core.scope_manager: Pushed scope test
[2020-10-25 20:00:55.720460] TRACE: slash.core.cleanup_manager: CleanupManager: pushing scope 'test'
[2020-10-25 20:00:55.733362] TRACE: slash.core.scope_manager: Popping scope test (expected test)
[2020-10-25 20:00:55.733540] TRACE: slash.core.cleanup_manager: CleanupManager: popping scope 'test' (failure: False, interrupt: False)
[2020-10-25 20:00:55.733648] TRACE: slash.core.cleanup_manager: Calling cleanups of scope 'test' (failure=False, interrupt=False)
[2020-10-25 20:00:55.738231] TRACE: slash.core.scope_manager: Popped scope test
[2020-10-25 20:00:55.743070] NOTICE: slash.runner: #4: /tmp/tmp8lmsx1a1/test_08531.py:test_08536
[2020-10-25 20:00:55.743568] DEBUG: slash.runner: Started test #4: <Runnable test </tmp/tmp8lmsx1a1/test_08531.py:test_08536>>
[2020-10-25 20:00:55.751904] TRACE: slash.core.scope_manager: Pushed scope test
[2020-10-25 20:00:55.752049] TRACE: slash.core.cleanup_manager: CleanupManager: pushing scope 'test'
[2020-10-25 20:00:55.756299] TRACE: slash.core.scope_manager: Popping scope test (expected test)
[2020-10-25 20:00:55.756451] TRACE: slash.core.cleanup_manager: CleanupManager: popping scope 'test' (failure: False, interrupt: False)
[2020-10-25 20:00:55.756556] TRACE: slash.core.cleanup_manager: Calling cleanups of scope 'test' (failure=False, interrupt=False)
[2020-10-25 20:00:55.761322] TRACE: slash.core.scope_manager: Popped scope test
[2020-10-25 20:00:55.766086] NOTICE: slash.runner: #5: /tmp/tmp8lmsx1a1/test_08531.py:Test08532.test_08537
[2020-10-25 20:00:55.766577] DEBUG: slash.runner: Started test #5: <Runnable test </tmp/tmp8lmsx1a1/test_08531.py:Test08532.test_08537>>
[2020-10-25 20:00:55.774959] TRACE: slash.core.scope_manager: Pushed scope test
[2020-10-25 20:00:55.775108] TRACE: slash.core.cleanup_manager: CleanupManager: pushing scope 'test'
[2020-10-25 20:00:55.789760] TRACE: slash.core.scope_manager: Popping scope test (expected test)
[2020-10-25 20:00:55.789974] TRACE: slash.core.cleanup_manager: CleanupManager: popping scope 'test' (failure: False, interrupt: False)
[2020-10-25 20:00:55.790083] TRACE: slash.core.cleanup_manager: Calling cleanups of scope 'test' (failure=False, interrupt=False)
[2020-10-25 20:00:55.794631] TRACE: slash.core.scope_manager: Popped scope test
[2020-10-25 20:00:55.799256] NOTICE: slash.runner: #6: /tmp/tmp8lmsx1a1/test_08531.py:test_08538
[2020-10-25 20:00:55.799741] DEBUG: slash.runner: Started test #6: <Runnable test </tmp/tmp8lmsx1a1/test_08531.py:test_08538>>
[2020-10-25 20:00:55.808283] TRACE: slash.core.scope_manager: Pushed scope test
[2020-10-25 20:00:55.808433] TRACE: slash.core.cleanup_manager: CleanupManager: pushing scope 'test'
[2020-10-25 20:00:55.812659] TRACE: slash.core.scope_manager: Popping scope test (expected test)
[2020-10-25 20:00:55.812810] TRACE: slash.core.cleanup_manager: CleanupManager: popping scope 'test' (failure: False, interrupt: False)
[2020-10-25 20:00:55.812914] TRACE: slash.core.cleanup_manager: Calling cleanups of scope 'test' (failure=False, interrupt=False)
[2020-10-25 20:00:55.817605] TRACE: slash.core.scope_manager: Popped scope test
[2020-10-25 20:00:55.822299] NOTICE: slash.runner: #7: /tmp/tmp8lmsx1a1/test_08531.py:Test08539.test_08540
[2020-10-25 20:00:55.822779] DEBUG: slash.runner: Started test #7: <Runnable test </tmp/tmp8lmsx1a1/test_08531.py:Test08539.test_08540>>
[2020-10-25 20:00:55.831038] TRACE: slash.core.scope_manager: Pushed scope test
[2020-10-25 20:00:55.831182] TRACE: slash.core.cleanup_manager: CleanupManager: pushing scope 'test'
[2020-10-25 20:00:55.843815] TRACE: slash.core.scope_manager: Popping scope test (expected test)
[2020-10-25 20:00:55.843975] TRACE: slash.core.cleanup_manager: CleanupManager: popping scope 'test' (failure: False, interrupt: False)
[2020-10-25 20:00:55.844080] TRACE: slash.core.cleanup_manager: Calling cleanups of scope 'test' (failure=False, interrupt=False)
[2020-10-25 20:00:55.848589] TRACE: slash.core.scope_manager: Popped scope test
[2020-10-25 20:00:55.853407] NOTICE: slash.runner: #8: /tmp/tmp8lmsx1a1/test_08531.py:test_08541
[2020-10-25 20:00:55.853892] DEBUG: slash.runner: Started test #8: <Runnable test </tmp/tmp8lmsx1a1/test_08531.py:test_08541>>
[2020-10-25 20:00:55.862130] TRACE: slash.core.scope_manager: Pushed scope test
[2020-10-25 20:00:55.862277] TRACE: slash.core.cleanup_manager: CleanupManager: pushing scope 'test'
[2020-10-25 20:00:55.866519] TRACE: slash.core.scope_manager: Popping scope test (expected test)
[2020-10-25 20:00:55.866671] TRACE: slash.core.cleanup_manager: CleanupManager: popping scope 'test' (failure: False, interrupt: False)
[2020-10-25 20:00:55.866774] TRACE: slash.core.cleanup_manager: Calling cleanups of scope 'test' (failure=False, interrupt=False)
[2020-10-25 20:00:55.871470] TRACE: slash.core.scope_manager: Popped scope test
[2020-10-25 20:00:55.876119] NOTICE: slash.runner: #9: /tmp/tmp8lmsx1a1/test_08531.py:Test08539.test_08542
[2020-10-25 20:00:55.876587] DEBUG: slash.runner: Started test #9: <Runnable test </tmp/tmp8lmsx1a1/test_08531.py:Test08539.test_08542>>
[2020-10-25 20:00:55.884908] TRACE: slash.core.scope_manager: Pushed scope test
[2020-10-25 20:00:55.885052] TRACE: slash.core.cleanup_manager: CleanupManager: pushing scope 'test'
[2020-10-25 20:00:55.899293] TRACE: slash.core.scope_manager: Popping scope test (expected test)
[2020-10-25 20:00:55.899456] TRACE: slash.core.cleanup_manager: CleanupManager: popping scope 'test' (failure: False, interrupt: False)
[2020-10-25 20:00:55.899570] TRACE: slash.core.cleanup_manager: Calling cleanups of scope 'test' (failure=False, interrupt=False)
[2020-10-25 20:00:55.904072] TRACE: slash.core.scope_manager: Popped scope test
[2020-10-25 20:00:55.908673] NOTICE: slash.runner: #10: /tmp/tmp8lmsx1a1/test_08531.py:test_08543
[2020-10-25 20:00:55.909141] DEBUG: slash.runner: Started test #10: <Runnable test </tmp/tmp8lmsx1a1/test_08531.py:test_08543>>
[2020-10-25 20:00:55.917374] TRACE: slash.core.scope_manager: Pushed scope test
[2020-10-25 20:00:55.917493] TRACE: slash.core.cleanup_manager: CleanupManager: pushing scope 'test'
[2020-10-25 20:00:55.920715] TRACE: slash.core.scope_manager: Popping scope test (expected test)
[2020-10-25 20:00:55.920833] TRACE: slash.core.cleanup_manager: CleanupManager: popping scope 'test' (failure: False, interrupt: False)
[2020-10-25 20:00:55.920913] TRACE: slash.core.cleanup_manager: Calling cleanups of scope 'test' (failure=False, interrupt=False)
[2020-10-25 20:00:55.924562] TRACE: slash.core.scope_manager: Popped scope test
[2020-10-25 20:00:55.928159] NOTICE: slash.runner: #11: /tmp/tmp8lmsx1a1/test_08531.py:Test08532.test_08533
[2020-10-25 20:00:55.928528] DEBUG: slash.runner: Started test #11: <Runnable test </tmp/tmp8lmsx1a1/test_08531.py:Test08532.test_08533>>
[2020-10-25 20:00:55.934859] TRACE: slash.core.scope_manager: Pushed scope test
[2020-10-25 20:00:55.934972] TRACE: slash.core.cleanup_manager: CleanupManager: pushing scope 'test'
[2020-10-25 20:00:55.944641] TRACE: slash.core.scope_manager: Popping scope test (expected test)
[2020-10-25 20:00:55.944767] TRACE: slash.core.cleanup_manager: CleanupManager: popping scope 'test' (failure: False, interrupt: False)
[2020-10-25 20:00:55.944848] TRACE: slash.core.cleanup_manager: Calling cleanups of scope 'test' (failure=False, interrupt=False)
[2020-10-25 20:00:55.948294] TRACE: slash.core.scope_manager: Popped scope test
[2020-10-25 20:00:55.952023] NOTICE: slash.runner: #12: /tmp/tmp8lmsx1a1/test_08531.py:test_08534
[2020-10-25 20:00:55.952389] DEBUG: slash.runner: Started test #12: <Runnable test </tmp/tmp8lmsx1a1/test_08531.py:test_08534>>
[2020-10-25 20:00:55.958697] TRACE: slash.core.scope_manager: Pushed scope test
[2020-10-25 20:00:55.958811] TRACE: slash.core.cleanup_manager: CleanupManager: pushing scope 'test'
[2020-10-25 20:00:55.962211] TRACE: slash.core.scope_manager: Popping scope test (expected test)
[2020-10-25 20:00:55.962337] TRACE: slash.core.cleanup_manager: CleanupManager: popping scope 'test' (failure: False, interrupt: False)
[2020-10-25 20:00:55.962421] TRACE: slash.core.cleanup_manager: Calling cleanups of scope 'test' (failure=False, interrupt=False)
[2020-10-25 20:00:55.966244] TRACE: slash.core.scope_manager: Popped scope test
[2020-10-25 20:00:55.970046] NOTICE: slash.runner: #13: /tmp/tmp8lmsx1a1/test_08531.py:Test08532.test_08535
[2020-10-25 20:00:55.970432] DEBUG: slash.runner: Started test #13: <Runnable test </tmp/tmp8lmsx1a1/test_08531.py:Test08532.test_08535>>
[2020-10-25 20:00:55.978632] TRACE: slash.core.scope_manager: Pushed scope test
[2020-10-25 20:00:55.978788] TRACE: slash.core.cleanup_manager: CleanupManager: pushing scope 'test'
[2020-10-25 20:00:55.989138] TRACE: slash.core.scope_manager: Popping scope test (expected test)
[2020-10-25 20:00:55.989275] TRACE: slash.core.cleanup_manager: CleanupManager: popping scope 'test' (failure: False, interrupt: False)
[2020-10-25 20:00:55.989363] TRACE: slash.core.cleanup_manager: Calling cleanups of scope 'test' (failure=False, interrupt=False)
[2020-10-25 20:00:55.993059] TRACE: slash.core.scope_manager: Popped scope test
[2020-10-25 20:00:55.996915] NOTICE: slash.runner: #14: /tmp/tmp8lmsx1a1/test_08531.py:test_08536
[2020-10-25 20:00:55.997307] DEBUG: slash.runner: Started test #14: <Runnable test </tmp/tmp8lmsx1a1/test_08531.py:test_08536>>
[2020-10-25 20:00:56.004057] TRACE: slash.core.scope_manager: Pushed scope test
[2020-10-25 20:00:56.004180] TRACE: slash.core.cleanup_manager: CleanupManager: pushing scope 'test'
[2020-10-25 20:00:56.007688] TRACE: slash.core.scope_manager: Popping scope test (expected test)
[2020-10-25 20:00:56.007815] TRACE: slash.core.cleanup_manager: CleanupManager: popping scope 'test' (failure: False, interrupt: False)
[2020-10-25 20:00:56.007900] TRACE: slash.core.cleanup_manager: Calling cleanups of scope 'test' (failure=False, interrupt=False)
[2020-10-25 20:00:56.011755] TRACE: slash.core.scope_manager: Popped scope test
[2020-10-25 20:00:56.015631] NOTICE: slash.runner: #15: /tmp/tmp8lmsx1a1/test_08531.py:Test08532.test_08537
[2020-10-25 20:00:56.016029] DEBUG: slash.runner: Started test #15: <Runnable test </tmp/tmp8lmsx1a1/test_08531.py:Test08532.test_08537>>
[2020-10-25 20:00:56.022856] TRACE: slash.core.scope_manager: Pushed scope test
[2020-10-25 20:00:56.022979] TRACE: slash.core.cleanup_manager: CleanupManager: pushing scope 'test'
[2020-10-25 20:00:56.033411] TRACE: slash.core.scope_manager: Popping scope test (expected test)
[2020-10-25 20:00:56.033545] TRACE: slash.core.cleanup_manager: CleanupManager: popping scope 'test' (failure: False, interrupt: False)
[2020-10-25 20:00:56.033634] TRACE: slash.core.cleanup_manager: Calling cleanups of scope 'test' (failure=False, interrupt=False)
[2020-10-25 20:00:56.037354] TRACE: slash.core.scope_manager: Popped scope test
[2020-10-25 20:00:56.041293] NOTICE: slash.runner: #16: /tmp/tmp8lmsx1a1/test_08531.py:test_08538
[2020-10-25 20:00:56.041667] DEBUG: slash.runner: Started test #16: <Runnable test </tmp/tmp8lmsx1a1/test_08531.py:test_08538>>
[2020-10-25 20:00:56.048234] TRACE: slash.core.scope_manager: Pushed scope test
[2020-10-25 20:00:56.048356] TRACE: slash.core.cleanup_manager: CleanupManager: pushing scope 'test'
[2020-10-25 20:00:56.051702] TRACE: slash.core.scope_manager: Popping scope test (expected test)
[2020-10-25 20:00:56.051823] TRACE: slash.core.cleanup_manager: CleanupManager: popping scope 'test' (failure: False, interrupt: False)
[2020-10-25 20:00:56.051903] TRACE: slash.core.cleanup_manager: Calling cleanups of scope 'test' (failure=False, interrupt=False)
[2020-10-25 20:00:56.056798] TRACE: slash.core.scope_manager: Popped scope test
[2020-10-25 20:00:56.060343] NOTICE: slash.runner: #17: /tmp/tmp8lmsx1a1/test_08531.py:Test08539.test_08540
[2020-10-25 20:00:56.060712] DEBUG: slash.runner: Started test #17: <Runnable test </tmp/tmp8lmsx1a1/test_08531.py:Test08539.test_08540>>
[2020-10-25 20:00:56.067287] TRACE: slash.core.scope_manager: Pushed scope test
[2020-10-25 20:00:56.067403] TRACE: slash.core.cleanup_manager: CleanupManager: pushing scope 'test'
[2020-10-25 20:00:56.077411] TRACE: slash.core.scope_manager: Popping scope test (expected test)
[2020-10-25 20:00:56.077539] TRACE: slash.core.cleanup_manager: CleanupManager: popping scope 'test' (failure: False, interrupt: False)
[2020-10-25 20:00:56.077619] TRACE: slash.core.cleanup_manager: Calling cleanups of scope 'test' (failure=False, interrupt=False)
[2020-10-25 20:00:56.081167] TRACE: slash.core.scope_manager: Popped scope test
[2020-10-25 20:00:56.084918] NOTICE: slash.runner: #18: /tmp/tmp8lmsx1a1/test_08531.py:test_08541
[2020-10-25 20:00:56.085285] DEBUG: slash.runner: Started test #18: <Runnable test </tmp/tmp8lmsx1a1/test_08531.py:test_08541>>
[2020-10-25 20:00:56.091737] TRACE: slash.core.scope_manager: Pushed scope test
[2020-10-25 20:00:56.091853] TRACE: slash.core.cleanup_manager: CleanupManager: pushing scope 'test'
[2020-10-25 20:00:56.095087] TRACE: slash.core.scope_manager: Popping scope test (expected test)
[2020-10-25 20:00:56.095205] TRACE: slash.core.cleanup_manager: CleanupManager: popping scope 'test' (failure: False, interrupt: False)
[2020-10-25 20:00:56.095286] TRACE: slash.core.cleanup_manager: Calling cleanups of scope 'test' (failure=False, interrupt=False)
[2020-10-25 20:00:56.098920] TRACE: slash.core.scope_manager: Popped scope test
[2020-10-25 20:00:56.102635] NOTICE: slash.runner: #19: /tmp/tmp8lmsx1a1/test_08531.py:Test08539.test_08542
[2020-10-25 20:00:56.103027] DEBUG: slash.runner: Started test #19: <Runnable test </tmp/tmp8lmsx1a1/test_08531.py:Test08539.test_08542>>
[2020-10-25 20:00:56.109647] TRACE: slash.core.scope_manager: Pushed scope test
[2020-10-25 20:00:56.109763] TRACE: slash.core.cleanup_manager: CleanupManager: pushing scope 'test'
[2020-10-25 20:00:56.119842] TRACE: slash.core.scope_manager: Popping scope test (expected test)
[2020-10-25 20:00:56.119976] TRACE: slash.core.cleanup_manager: CleanupManager: popping scope 'test' (failure: False, interrupt: False)
[2020-10-25 20:00:56.120062] TRACE: slash.core.cleanup_manager: Calling cleanups of scope 'test' (failure=False, interrupt=False)
[2020-10-25 20:00:56.123649] TRACE: slash.core.scope_manager: Popped scope test
[2020-10-25 20:00:56.127213] NOTICE: slash.runner: #20: /tmp/tmp8lmsx1a1/test_08531.py:test_08543
[2020-10-25 20:00:56.127586] DEBUG: slash.runner: Started test #20: <Runnable test </tmp/tmp8lmsx1a1/test_08531.py:test_08543>>
[2020-10-25 20:00:56.134125] TRACE: slash.core.scope_manager: Pushed scope test
[2020-10-25 20:00:56.134289] TRACE: slash.core.cleanup_manager: CleanupManager: pushing scope 'test'
[2020-10-25 20:00:56.139012] TRACE: slash.core.scope_manager: Popping scope test (expected test)
[2020-10-25 20:00:56.139173] TRACE: slash.core.cleanup_manager: CleanupManager: popping scope 'test' (failure: False, interrupt: False)
[2020-10-25 20:00:56.139255] TRACE: slash.core.cleanup_manager: Calling cleanups of scope 'test' (failure=False, interrupt=False)
[2020-10-25 20:00:56.142712] TRACE: slash.core.scope_manager: Popped scope test
[2020-10-25 20:00:56.146186] NOTICE: slash.runner: #21: /tmp/tmp8lmsx1a1/test_08531.py:Test08532.test_08533
[2020-10-25 20:00:56.146591] DEBUG: slash.runner: Started test #21: <Runnable test </tmp/tmp8lmsx1a1/test_08531.py:Test08532.test_08533>>
[2020-10-25 20:00:56.153028] TRACE: slash.core.scope_manager: Pushed scope test
[2020-10-25 20:00:56.153145] TRACE: slash.core.cleanup_manager: CleanupManager: pushing scope 'test'
[2020-10-25 20:00:56.162788] TRACE: slash.core.scope_manager: Popping scope test (expected test)
[2020-10-25 20:00:56.162916] TRACE: slash.core.cleanup_manager: CleanupManager: popping scope 'test' (failure: False, interrupt: False)
[2020-10-25 20:00:56.162996] TRACE: slash.core.cleanup_manager: Calling cleanups of scope 'test' (failure=False, interrupt=False)
[2020-10-25 20:00:56.166434] TRACE: slash.core.scope_manager: Popped scope test
[2020-10-25 20:00:56.170001] NOTICE: slash.runner: #22: /tmp/tmp8lmsx1a1/test_08531.py:test_08534
[2020-10-25 20:00:56.170380] DEBUG: slash.runner: Started test #22: <Runnable test </tmp/tmp8lmsx1a1/test_08531.py:test_08534>>
[2020-10-25 20:00:56.176600] TRACE: slash.core.scope_manager: Pushed scope test
[2020-10-25 20:00:56.176714] TRACE: slash.core.cleanup_manager: CleanupManager: pushing scope 'test'
[2020-10-25 20:00:56.179916] TRACE: slash.core.scope_manager: Popping scope test (expected test)
[2020-10-25 20:00:56.180034] TRACE: slash.core.cleanup_manager: CleanupManager: popping scope 'test' (failure: False, interrupt: False)
[2020-10-25 20:00:56.180112] TRACE: slash.core.cleanup_manager: Calling cleanups of scope 'test' (failure=False, interrupt=False)
[2020-10-25 20:00:56.183598] TRACE: slash.core.scope_manager: Popped scope test
[2020-10-25 20:00:56.187181] NOTICE: slash.runner: #23: /tmp/tmp8lmsx1a1/test_08531.py:Test08532.test_08535
[2020-10-25 20:00:56.187550] DEBUG: slash.runner: Started test #23: <Runnable test </tmp/tmp8lmsx1a1/test_08531.py:Test08532.test_08535>>
[2020-10-25 20:00:56.193906] TRACE: slash.core.scope_manager: Pushed scope test
[2020-10-25 20:00:56.194024] TRACE: slash.core.cleanup_manager: CleanupManager: pushing scope 'test'
[2020-10-25 20:00:56.203986] TRACE: slash.core.scope_manager: Popping scope test (expected test)
[2020-10-25 20:00:56.204115] TRACE: slash.core.cleanup_manager: CleanupManager: popping scope 'test' (failure: False, interrupt: False)
[2020-10-25 20:00:56.204197] TRACE: slash.core.cleanup_manager: Calling cleanups of scope 'test' (failure=False, interrupt=False)
[2020-10-25 20:00:56.207652] TRACE: slash.core.scope_manager: Popped scope test
[2020-10-25 20:00:56.211308] NOTICE: slash.runner: #24: /tmp/tmp8lmsx1a1/test_08531.py:test_08536
[2020-10-25 20:00:56.211713] DEBUG: slash.runner: Started test #24: <Runnable test </tmp/tmp8lmsx1a1/test_08531.py:test_08536>>
[2020-10-25 20:00:56.219623] TRACE: slash.core.scope_manager: Pushed scope test
[2020-10-25 20:00:56.219774] TRACE: slash.core.cleanup_manager: CleanupManager: pushing scope 'test'
[2020-10-25 20:00:56.223276] TRACE: slash.core.scope_manager: Popping scope test (expected test)
[2020-10-25 20:00:56.223403] TRACE: slash.core.cleanup_manager: CleanupManager: popping scope 'test' (failure: False, interrupt: False)
[2020-10-25 20:00:56.223489] TRACE: slash.core.cleanup_manager: Calling cleanups of scope 'test' (failure=False, interrupt=False)
[2020-10-25 20:00:56.227380] TRACE: slash.core.scope_manager: Popped scope test
[2020-10-25 20:00:56.231234] NOTICE: slash.runner: #25: /tmp/tmp8lmsx1a1/test_08531.py:Test08532.test_08537
[2020-10-25 20:00:56.231629] DEBUG: slash.runner: Started test #25: <Runnable test </tmp/tmp8lmsx1a1/test_08531.py:Test08532.test_08537>>
[2020-10-25 20:00:56.238081] TRACE: slash.core.scope_manager: Pushed scope test
[2020-10-25 20:00:56.238198] TRACE: slash.core.cleanup_manager: CleanupManager: pushing scope 'test'
[2020-10-25 20:00:56.247912] TRACE: slash.core.scope_manager: Popping scope test (expected test)
[2020-10-25 20:00:56.248040] TRACE: slash.core.cleanup_manager: CleanupManager: popping scope 'test' (failure: False, interrupt: False)
[2020-10-25 20:00:56.248121] TRACE: slash.core.cleanup_manager: Calling cleanups of scope 'test' (failure=False, interrupt=False)
[2020-10-25 20:00:56.251594] TRACE: slash.core.scope_manager: Popped scope test
[2020-10-25 20:00:56.255300] NOTICE: slash.runner: #26: /tmp/tmp8lmsx1a1/test_08531.py:test_08538
[2020-10-25 20:00:56.255670] DEBUG: slash.runner: Started test #26: <Runnable test </tmp/tmp8lmsx1a1/test_08531.py:test_08538>>
[2020-10-25 20:00:56.261997] TRACE: slash.core.scope_manager: Pushed scope test
[2020-10-25 20:00:56.262112] TRACE: slash.core.cleanup_manager: CleanupManager: pushing scope 'test'
[2020-10-25 20:00:56.265418] TRACE: slash.core.scope_manager: Popping scope test (expected test)
[2020-10-25 20:00:56.265544] TRACE: slash.core.cleanup_manager: CleanupManager: popping scope 'test' (failure: False, interrupt: False)
[2020-10-25 20:00:56.265630] TRACE: slash.core.cleanup_manager: Calling cleanups of scope 'test' (failure=False, interrupt=False)
[2020-10-25 20:00:56.269321] TRACE: slash.core.scope_manager: Popped scope test
[2020-10-25 20:00:56.273134] NOTICE: slash.runner: #27: /tmp/tmp8lmsx1a1/test_08531.py:Test08539.test_08540
[2020-10-25 20:00:56.273521] DEBUG: slash.runner: Started test #27: <Runnable test </tmp/tmp8lmsx1a1/test_08531.py:Test08539.test_08540>>
[2020-10-25 20:00:56.280176] TRACE: slash.core.scope_manager: Pushed scope test
[2020-10-25 20:00:56.280289] TRACE: slash.core.cleanup_manager: CleanupManager: pushing scope 'test'
[2020-10-25 20:00:56.291509] TRACE: slash.core.scope_manager: Popping scope test (expected test)
[2020-10-25 20:00:56.291665] TRACE: slash.core.cleanup_manager: CleanupManager: popping scope 'test' (failure: False, interrupt: False)
[2020-10-25 20:00:56.291748] TRACE: slash.core.cleanup_manager: Calling cleanups of scope 'test' (failure=False, interrupt=False)
[2020-10-25 20:00:56.295212] TRACE: slash.core.scope_manager: Popped scope test
[2020-10-25 20:00:56.298734] NOTICE: slash.runner: #28: /tmp/tmp8lmsx1a1/test_08531.py:test_08541
[2020-10-25 20:00:56.299099] DEBUG: slash.runner: Started test #28: <Runnable test </tmp/tmp8lmsx1a1/test_08531.py:test_08541>>
[2020-10-25 20:00:56.305645] TRACE: slash.core.scope_manager: Pushed scope test
[2020-10-25 20:00:56.305761] TRACE: slash.core.cleanup_manager: CleanupManager: pushing scope 'test'
[2020-10-25 20:00:56.308944] TRACE: slash.core.scope_manager: Popping scope test (expected test)
[2020-10-25 20:00:56.309059] TRACE: slash.core.cleanup_manager: CleanupManager: popping scope 'test' (failure: False, interrupt: False)
[2020-10-25 20:00:56.309143] TRACE: slash.core.cleanup_manager: Calling cleanups of scope 'test' (failure=False, interrupt=False)
[2020-10-25 20:00:56.312732] TRACE: slash.core.scope_manager: Popped scope test
[2020-10-25 20:00:56.316352] NOTICE: slash.runner: #29: /tmp/tmp8lmsx1a1/test_08531.py:Test08539.test_08542
[2020-10-25 20:00:56.316716] DEBUG: slash.runner: Started test #29: <Runnable test </tmp/tmp8lmsx1a1/test_08531.py:Test08539.test_08542>>
[2020-10-25 20:00:56.323408] TRACE: slash.core.scope_manager: Pushed scope test
[2020-10-25 20:00:56.323527] TRACE: slash.core.cleanup_manager: CleanupManager: pushing scope 'test'
[2020-10-25 20:00:56.333180] TRACE: slash.core.scope_manager: Popping scope test (expected test)
[2020-10-25 20:00:56.333308] TRACE: slash.core.cleanup_manager: CleanupManager: popping scope 'test' (failure: False, interrupt: False)
[2020-10-25 20:00:56.333390] TRACE: slash.core.cleanup_manager: Calling cleanups of scope 'test' (failure=False, interrupt=False)
[2020-10-25 20:00:56.336855] TRACE: slash.core.scope_manager: Popped scope test
[2020-10-25 20:00:56.340521] NOTICE: slash.runner: #30: /tmp/tmp8lmsx1a1/test_08531.py:test_08543
[2020-10-25 20:00:56.340884] DEBUG: slash.runner: Started test #30: <Runnable test </tmp/tmp8lmsx1a1/test_08531.py:test_08543>>
[2020-10-25 20:00:56.347312] TRACE: slash.core.scope_manager: Pushed scope test
[2020-10-25 20:00:56.347427] TRACE: slash.core.cleanup_manager: CleanupManager: pushing scope 'test'
[2020-10-25 20:00:56.350740] TRACE: slash.core.scope_manager: Popping scope test (expected test)
[2020-10-25 20:00:56.350860] TRACE: slash.core.cleanup_manager: CleanupManager: popping scope 'test' (failure: False, interrupt: False)
[2020-10-25 20:00:56.350941] TRACE: slash.core.cleanup_manager: Calling cleanups of scope 'test' (failure=False, interrupt=False)
[2020-10-25 20:00:56.354593] TRACE: slash.core.scope_manager: Popped scope test
[2020-10-25 20:00:56.358262] NOTICE: slash.runner: #31: /tmp/tmp8lmsx1a1/test_08531.py:Test08532.test_08533
[2020-10-25 20:00:56.358644] DEBUG: slash.runner: Started test #31: <Runnable test </tmp/tmp8lmsx1a1/test_08531.py:Test08532.test_08533>>
[2020-10-25 20:00:56.365005] TRACE: slash.core.scope_manager: Pushed scope test
[2020-10-25 20:00:56.365122] TRACE: slash.core.cleanup_manager: CleanupManager: pushing scope 'test'
[2020-10-25 20:00:56.375605] TRACE: slash.core.scope_manager: Popping scope test (expected test)
[2020-10-25 20:00:56.375747] TRACE: slash.core.cleanup_manager: CleanupManager: popping scope 'test' (failure: False, interrupt: False)
[2020-10-25 20:00:56.375828] TRACE: slash.core.cleanup_manager: Calling cleanups of scope 'test' (failure=False, interrupt=False)
[2020-10-25 20:00:56.379279] TRACE: slash.core.scope_manager: Popped scope test
[2020-10-25 20:00:56.382852] NOTICE: slash.runner: #32: /tmp/tmp8lmsx1a1/test_08531.py:test_08534
[2020-10-25 20:00:56.383231] DEBUG: slash.runner: Started test #32: <Runnable test </tmp/tmp8lmsx1a1/test_08531.py:test_08534>>
[2020-10-25 20:00:56.389723] TRACE: slash.core.scope_manager: Pushed scope test
[2020-10-25 20:00:56.389850] TRACE: slash.core.cleanup_manager: CleanupManager: pushing scope 'test'
[2020-10-25 20:00:56.393048] TRACE: slash.core.scope_manager: Popping scope test (expected test)
[2020-10-25 20:00:56.393164] TRACE: slash.core.cleanup_manager: CleanupManager: popping scope 'test' (failure: False, interrupt: False)
[2020-10-25 20:00:56.393244] TRACE: slash.core.cleanup_manager: Calling cleanups of scope 'test' (failure=False, interrupt=False)
[2020-10-25 20:00:56.396838] TRACE: slash.core.scope_manager: Popped scope test
[2020-10-25 20:00:56.400389] NOTICE: slash.runner: #33: /tmp/tmp8lmsx1a1/test_08531.py:Test08532.test_08535
[2020-10-25 20:00:56.400749] DEBUG: slash.runner: Started test #33: <Runnable test </tmp/tmp8lmsx1a1/test_08531.py:Test08532.test_08535>>
[2020-10-25 20:00:56.407165] TRACE: slash.core.scope_manager: Pushed scope test
[2020-10-25 20:00:56.407282] TRACE: slash.core.cleanup_manager: CleanupManager: pushing scope 'test'
[2020-10-25 20:00:56.417001] TRACE: slash.core.scope_manager: Popping scope test (expected test)
[2020-10-25 20:00:56.417151] TRACE: slash.core.cleanup_manager: CleanupManager: popping scope 'test' (failure: False, interrupt: False)
[2020-10-25 20:00:56.417234] TRACE: slash.core.cleanup_manager: Calling cleanups of scope 'test' (failure=False, interrupt=False)
[2020-10-25 20:00:56.420885] TRACE: slash.core.scope_manager: Popped scope test
[2020-10-25 20:00:56.424773] NOTICE: slash.runner: #34: /tmp/tmp8lmsx1a1/test_08531.py:test_08536
[2020-10-25 20:00:56.425173] DEBUG: slash.runner: Started test #34: <Runnable test </tmp/tmp8lmsx1a1/test_08531.py:test_08536>>
[2020-10-25 20:00:56.431668] TRACE: slash.core.scope_manager: Pushed scope test
[2020-10-25 20:00:56.431787] TRACE: slash.core.cleanup_manager: CleanupManager: pushing scope 'test'
[2020-10-25 20:00:56.435081] TRACE: slash.core.scope_manager: Popping scope test (expected test)
[2020-10-25 20:00:56.435201] TRACE: slash.core.cleanup_manager: CleanupManager: popping scope 'test' (failure: False, interrupt: False)
[2020-10-25 20:00:56.435282] TRACE: slash.core.cleanup_manager: Calling cleanups of scope 'test' (failure=False, interrupt=False)
[2020-10-25 20:00:56.438876] TRACE: slash.core.scope_manager: Popped scope test
[2020-10-25 20:00:56.442542] NOTICE: slash.runner: #35: /tmp/tmp8lmsx1a1/test_08531.py:Test08532.test_08537
[2020-10-25 20:00:56.442951] DEBUG: slash.runner: Started test #35: <Runnable test </tmp/tmp8lmsx1a1/test_08531.py:Test08532.test_08537>>
[2020-10-25 20:00:56.449397] TRACE: slash.core.scope_manager: Pushed scope test
[2020-10-25 20:00:56.449513] TRACE: slash.core.cleanup_manager: CleanupManager: pushing scope 'test'
[2020-10-25 20:00:56.460477] TRACE: slash.core.scope_manager: Popping scope test (expected test)
[2020-10-25 20:00:56.460605] TRACE: slash.core.cleanup_manager: CleanupManager: popping scope 'test' (failure: False, interrupt: False)
[2020-10-25 20:00:56.460688] TRACE: slash.core.cleanup_manager: Calling cleanups of scope 'test' (failure=False, interrupt=False)
[2020-10-25 20:00:56.464357] TRACE: slash.core.scope_manager: Popped scope test
[2020-10-25 20:00:56.468177] NOTICE: slash.runner: #36: /tmp/tmp8lmsx1a1/test_08531.py:test_08538
[2020-10-25 20:00:56.468580] DEBUG: slash.runner: Started test #36: <Runnable test </tmp/tmp8lmsx1a1/test_08531.py:test_08538>>
[2020-10-25 20:00:56.475577] TRACE: slash.core.scope_manager: Pushed scope test
[2020-10-25 20:00:56.475706] TRACE: slash.core.cleanup_manager: CleanupManager: pushing scope 'test'
[2020-10-25 20:00:56.479173] TRACE: slash.core.scope_manager: Popping scope test (expected test)
[2020-10-25 20:00:56.479300] TRACE: slash.core.cleanup_manager: CleanupManager: popping scope 'test' (failure: False, interrupt: False)
[2020-10-25 20:00:56.479387] TRACE: slash.core.cleanup_manager: Calling cleanups of scope 'test' (failure=False, interrupt=False)
[2020-10-25 20:00:56.483240] TRACE: slash.core.scope_manager: Popped scope test
[2020-10-25 20:00:56.487018] NOTICE: slash.runner: #37: /tmp/tmp8lmsx1a1/test_08531.py:Test08539.test_08540
[2020-10-25 20:00:56.487421] DEBUG: slash.runner: Started test #37: <Runnable test </tmp/tmp8lmsx1a1/test_08531.py:Test08539.test_08540>>
[2020-10-25 20:00:56.494398] TRACE: slash.core.scope_manager: Pushed scope test
[2020-10-25 20:00:56.494525] TRACE: slash.core.cleanup_manager: CleanupManager: pushing scope 'test'
[2020-10-25 20:00:56.504777] TRACE: slash.core.scope_manager: Popping scope test (expected test)
[2020-10-25 20:00:56.504905] TRACE: slash.core.cleanup_manager: CleanupManager: popping scope 'test' (failure: False, interrupt: False)
[2020-10-25 20:00:56.504986] TRACE: slash.core.cleanup_manager: Calling cleanups of scope 'test' (failure=False, interrupt=False)
[2020-10-25 20:00:56.508633] TRACE: slash.core.scope_manager: Popped scope test
[2020-10-25 20:00:56.512437] NOTICE: slash.runner: #38: /tmp/tmp8lmsx1a1/test_08531.py:test_08541
[2020-10-25 20:00:56.512810] DEBUG: slash.runner: Started test #38: <Runnable test </tmp/tmp8lmsx1a1/test_08531.py:test_08541>>
[2020-10-25 20:00:56.519341] TRACE: slash.core.scope_manager: Pushed scope test
[2020-10-25 20:00:56.519457] TRACE: slash.core.cleanup_manager: CleanupManager: pushing scope 'test'
[2020-10-25 20:00:56.522757] TRACE: slash.core.scope_manager: Popping scope test (expected test)
[2020-10-25 20:00:56.522883] TRACE: slash.core.cleanup_manager: CleanupManager: popping scope 'test' (failure: False, interrupt: False)
[2020-10-25 20:00:56.522969] TRACE: slash.core.cleanup_manager: Calling cleanups of scope 'test' (failure=False, interrupt=False)
[2020-10-25 20:00:56.526622] TRACE: slash.core.scope_manager: Popped scope test
[2020-10-25 20:00:56.530268] NOTICE: slash.runner: #39: /tmp/tmp8lmsx1a1/test_08531.py:Test08539.test_08542
[2020-10-25 20:00:56.530650] DEBUG: slash.runner: Started test #39: <Runnable test </tmp/tmp8lmsx1a1/test_08531.py:Test08539.test_08542>>
[2020-10-25 20:00:56.537204] TRACE: slash.core.scope_manager: Pushed scope test
[2020-10-25 20:00:56.537320] TRACE: slash.core.cleanup_manager: CleanupManager: pushing scope 'test'
[2020-10-25 20:00:56.548053] TRACE: slash.core.scope_manager: Popping scope test (expected test)
[2020-10-25 20:00:56.548477] TRACE: slash.core.cleanup_manager: CleanupManager: popping scope 'test' (failure: False, interrupt: False)
[2020-10-25 20:00:56.548844] TRACE: slash.core.cleanup_manager: Calling cleanups of scope 'test' (failure=False, interrupt=False)
[2020-10-25 20:00:56.556501] TRACE: slash.core.scope_manager: Popped scope test
[2020-10-25 20:00:56.562485] NOTICE: slash.runner: #40: /tmp/tmp8lmsx1a1/test_08531.py:test_08543
[2020-10-25 20:00:56.563168] DEBUG: slash.runner: Started test #40: <Runnable test </tmp/tmp8lmsx1a1/test_08531.py:test_08543>>
[2020-10-25 20:00:56.573080] TRACE: slash.core.scope_manager: Pushed scope test
[2020-10-25 20:00:56.573232] TRACE: slash.core.cleanup_manager: CleanupManager: pushing scope 'test'
[2020-10-25 20:00:56.577346] TRACE: slash.core.scope_manager: Popping scope test (expected test)
[2020-10-25 20:00:56.577492] TRACE: slash.core.cleanup_manager: CleanupManager: popping scope 'test' (failure: False, interrupt: False)
[2020-10-25 20:00:56.577594] TRACE: slash.core.cleanup_manager: Calling cleanups of scope 'test' (failure=False, interrupt=False)
[2020-10-25 20:00:56.582181] TRACE: slash.core.scope_manager: Popped scope test
[2020-10-25 20:00:56.586743] NOTICE: slash.runner: #41: /tmp/tmp8lmsx1a1/test_08531.py:Test08532.test_08533
[2020-10-25 20:00:56.587492] DEBUG: slash.runner: Started test #41: <Runnable test </tmp/tmp8lmsx1a1/test_08531.py:Test08532.test_08533>>
[2020-10-25 20:00:56.596336] TRACE: slash.core.scope_manager: Pushed scope test
[2020-10-25 20:00:56.596480] TRACE: slash.core.cleanup_manager: CleanupManager: pushing scope 'test'
[2020-10-25 20:00:56.610392] TRACE: slash.core.scope_manager: Popping scope test (expected test)
[2020-10-25 20:00:56.610573] TRACE: slash.core.cleanup_manager: CleanupManager: popping scope 'test' (failure: False, interrupt: False)
[2020-10-25 20:00:56.610681] TRACE: slash.core.cleanup_manager: Calling cleanups of scope 'test' (failure=False, interrupt=False)
[2020-10-25 20:00:56.615878] TRACE: slash.core.scope_manager: Popped scope test
[2020-10-25 20:00:56.620590] NOTICE: slash.runner: #42: /tmp/tmp8lmsx1a1/test_08531.py:test_08534
[2020-10-25 20:00:56.621072] DEBUG: slash.runner: Started test #42: <Runnable test </tmp/tmp8lmsx1a1/test_08531.py:test_08534>>
[2020-10-25 20:00:56.630818] TRACE: slash.core.scope_manager: Pushed scope test
[2020-10-25 20:00:56.630965] TRACE: slash.core.cleanup_manager: CleanupManager: pushing scope 'test'
[2020-10-25 20:00:56.635741] TRACE: slash.core.scope_manager: Popping scope test (expected test)
[2020-10-25 20:00:56.635964] TRACE: slash.core.cleanup_manager: CleanupManager: popping scope 'test' (failure: False, interrupt: False)
[2020-10-25 20:00:56.636104] TRACE: slash.core.cleanup_manager: Calling cleanups of scope 'test' (failure=False, interrupt=False)
[2020-10-25 20:00:56.640662] TRACE: slash.core.scope_manager: Popped scope test
[2020-10-25 20:00:56.645248] NOTICE: slash.runner: #43: /tmp/tmp8lmsx1a1/test_08531.py:Test08532.test_08535
[2020-10-25 20:00:56.645809] DEBUG: slash.runner: Started test #43: <Runnable test </tmp/tmp8lmsx1a1/test_08531.py:Test08532.test_08535>>
[2020-10-25 20:00:56.656974] TRACE: slash.core.scope_manager: Pushed scope test
[2020-10-25 20:00:56.657166] TRACE: slash.core.cleanup_manager: CleanupManager: pushing scope 'test'
[2020-10-25 20:00:56.669537] TRACE: slash.core.scope_manager: Popping scope test (expected test)
[2020-10-25 20:00:56.669715] TRACE: slash.core.cleanup_manager: CleanupManager: popping scope 'test' (failure: False, interrupt: False)
[2020-10-25 20:00:56.669818] TRACE: slash.core.cleanup_manager: Calling cleanups of scope 'test' (failure=False, interrupt=False)
[2020-10-25 20:00:56.674614] TRACE: slash.core.scope_manager: Popped scope test
[2020-10-25 20:00:56.679908] NOTICE: slash.runner: #44: /tmp/tmp8lmsx1a1/test_08531.py:test_08536
[2020-10-25 20:00:56.680412] DEBUG: slash.runner: Started test #44: <Runnable test </tmp/tmp8lmsx1a1/test_08531.py:test_08536>>
[2020-10-25 20:00:56.688509] TRACE: slash.core.scope_manager: Pushed scope test
[2020-10-25 20:00:56.688651] TRACE: slash.core.cleanup_manager: CleanupManager: pushing scope 'test'
[2020-10-25 20:00:56.694102] TRACE: slash.core.scope_manager: Popping scope test (expected test)
[2020-10-25 20:00:56.694323] TRACE: slash.core.cleanup_manager: CleanupManager: popping scope 'test' (failure: False, interrupt: False)
[2020-10-25 20:00:56.694525] TRACE: slash.core.cleanup_manager: Calling cleanups of scope 'test' (failure=False, interrupt=False)
[2020-10-25 20:00:56.699896] TRACE: slash.core.scope_manager: Popped scope test
[2020-10-25 20:00:56.704471] NOTICE: slash.runner: #45: /tmp/tmp8lmsx1a1/test_08531.py:Test08532.test_08537
[2020-10-25 20:00:56.704949] DEBUG: slash.runner: Started test #45: <Runnable test </tmp/tmp8lmsx1a1/test_08531.py:Test08532.test_08537>>
[2020-10-25 20:00:56.714817] TRACE: slash.core.scope_manager: Pushed scope test
[2020-10-25 20:00:56.714979] TRACE: slash.core.cleanup_manager: CleanupManager: pushing scope 'test'
[2020-10-25 20:00:56.728142] TRACE: slash.core.scope_manager: Popping scope test (expected test)
[2020-10-25 20:00:56.728328] TRACE: slash.core.cleanup_manager: CleanupManager: popping scope 'test' (failure: False, interrupt: False)
[2020-10-25 20:00:56.728434] TRACE: slash.core.cleanup_manager: Calling cleanups of scope 'test' (failure=False, interrupt=False)
[2020-10-25 20:00:56.732975] TRACE: slash.core.scope_manager: Popped scope test
[2020-10-25 20:00:56.737975] NOTICE: slash.runner: #46: /tmp/tmp8lmsx1a1/test_08531.py:test_08538
[2020-10-25 20:00:56.738460] DEBUG: slash.runner: Started test #46: <Runnable test </tmp/tmp8lmsx1a1/test_08531.py:test_08538>>
[2020-10-25 20:00:56.746522] TRACE: slash.core.scope_manager: Pushed scope test
[2020-10-25 20:00:56.746666] TRACE: slash.core.cleanup_manager: CleanupManager: pushing scope 'test'
[2020-10-25 20:00:56.750754] TRACE: slash.core.scope_manager: Popping scope test (expected test)
[2020-10-25 20:00:56.750902] TRACE: slash.core.cleanup_manager: CleanupManager: popping scope 'test' (failure: False, interrupt: False)
[2020-10-25 20:00:56.751002] TRACE: slash.core.cleanup_manager: Calling cleanups of scope 'test' (failure=False, interrupt=False)
[2020-10-25 20:00:56.757766] TRACE: slash.core.scope_manager: Popped scope test
[2020-10-25 20:00:56.763113] NOTICE: slash.runner: #47: /tmp/tmp8lmsx1a1/test_08531.py:Test08539.test_08540
[2020-10-25 20:00:56.763626] DEBUG: slash.runner: Started test #47: <Runnable test </tmp/tmp8lmsx1a1/test_08531.py:Test08539.test_08540>>
[2020-10-25 20:00:56.771824] TRACE: slash.core.scope_manager: Pushed scope test
[2020-10-25 20:00:56.771966] TRACE: slash.core.cleanup_manager: CleanupManager: pushing scope 'test'
[2020-10-25 20:00:56.786815] TRACE: slash.core.scope_manager: Popping scope test (expected test)
[2020-10-25 20:00:56.786976] TRACE: slash.core.cleanup_manager: CleanupManager: popping scope 'test' (failure: False, interrupt: False)
[2020-10-25 20:00:56.787086] TRACE: slash.core.cleanup_manager: Calling cleanups of scope 'test' (failure=False, interrupt=False)
[2020-10-25 20:00:56.792104] TRACE: slash.core.scope_manager: Popped scope test
[2020-10-25 20:00:56.797363] NOTICE: slash.runner: #48: /tmp/tmp8lmsx1a1/test_08531.py:test_08541
[2020-10-25 20:00:56.797910] DEBUG: slash.runner: Started test #48: <Runnable test </tmp/tmp8lmsx1a1/test_08531.py:test_08541>>
[2020-10-25 20:00:56.806726] TRACE: slash.core.scope_manager: Pushed scope test
[2020-10-25 20:00:56.806870] TRACE: slash.core.cleanup_manager: CleanupManager: pushing scope 'test'
[2020-10-25 20:00:56.810966] TRACE: slash.core.scope_manager: Popping scope test (expected test)
[2020-10-25 20:00:56.811112] TRACE: slash.core.cleanup_manager: CleanupManager: popping scope 'test' (failure: False, interrupt: False)
[2020-10-25 20:00:56.811213] TRACE: slash.core.cleanup_manager: Calling cleanups of scope 'test' (failure=False, interrupt=False)
[2020-10-25 20:00:56.816903] TRACE: slash.core.scope_manager: Popped scope test
[2020-10-25 20:00:56.821750] NOTICE: slash.runner: #49: /tmp/tmp8lmsx1a1/test_08531.py:Test08539.test_08542
[2020-10-25 20:00:56.822235] DEBUG: slash.runner: Started test #49: <Runnable test </tmp/tmp8lmsx1a1/test_08531.py:Test08539.test_08542>>
[2020-10-25 20:00:56.830255] TRACE: slash.core.scope_manager: Pushed scope test
[2020-10-25 20:00:56.830393] TRACE: slash.core.cleanup_manager: CleanupManager: pushing scope 'test'
[2020-10-25 20:00:56.842838] TRACE: slash.core.scope_manager: Popping scope test (expected test)
[2020-10-25 20:00:56.842996] TRACE: slash.core.cleanup_manager: CleanupManager: popping scope 'test' (failure: False, interrupt: False)
[2020-10-25 20:00:56.843101] TRACE: slash.core.cleanup_manager: Calling cleanups of scope 'test' (failure=False, interrupt=False)
[2020-10-25 20:00:56.848897] TRACE: slash.core.scope_manager: Popped scope test
[2020-10-25 20:00:56.853381] NOTICE: slash.runner: #50: /tmp/tmp8lmsx1a1/test_08531.py:test_08543
[2020-10-25 20:00:56.853866] DEBUG: slash.runner: Started test #50: <Runnable test </tmp/tmp8lmsx1a1/test_08531.py:test_08543>>
[2020-10-25 20:00:56.864128] TRACE: slash.core.scope_manager: Pushed scope test
[2020-10-25 20:00:56.864280] TRACE: slash.core.cleanup_manager: CleanupManager: pushing scope 'test'
[2020-10-25 20:00:56.870523] TRACE: slash.core.scope_manager: Popping scope test (expected test)
[2020-10-25 20:00:56.870724] TRACE: slash.core.cleanup_manager: CleanupManager: popping scope 'test' (failure: False, interrupt: False)
[2020-10-25 20:00:56.870828] TRACE: slash.core.cleanup_manager: Calling cleanups of scope 'test' (failure=False, interrupt=False)
[2020-10-25 20:00:56.875559] TRACE: slash.core.scope_manager: Popped scope test
[2020-10-25 20:00:56.885743] TRACE: slash.core.scope_manager: Popping scope module (expected module)
[2020-10-25 20:00:56.885922] TRACE: slash.core.cleanup_manager: CleanupManager: popping scope 'module' (failure: False, interrupt: False)
[2020-10-25 20:00:56.886028] TRACE: slash.core.cleanup_manager: Calling cleanups of scope 'module' (failure=False, interrupt=False)
[2020-10-25 20:00:56.886142] TRACE: slash.core.scope_manager: Popped scope module
[2020-10-25 20:00:56.886231] TRACE: slash.core.scope_manager: Popping scope session (expected session)
[2020-10-25 20:00:56.886375] TRACE: slash.core.cleanup_manager: CleanupManager: popping scope 'session' (failure: False, interrupt: False)
[2020-10-25 20:00:56.886512] TRACE: slash.core.cleanup_manager: Calling cleanups of scope 'session' (failure=False, interrupt=False)
[2020-10-25 20:00:56.886622] TRACE: slash.core.scope_manager: Popped scope session
[2020-10-25 20:00:56.887459] TRACE: slash.runner: Session finished. is_success=True has_skips=False
[2020-10-25 20:00:56.891484] TRACE: slash.core.cleanup_manager: CleanupManager: popping scope 'session-global' (failure: False, interrupt: False)
[2020-10-25 20:00:56.891616] TRACE: slash.core.cleanup_manager: Calling cleanups of scope 'session-global' (failure=False, interrupt=False)
[2020-10-25 20:00:56.901600] DEBUG: slash.resuming: Saved resume state to DB

----------- coverage: platform linux, python 3.5.6-final-0 -----------
Coverage HTML written to dir htmlcov

=========================== short test summary info ============================
FAILED tests/test_repeat.py::test_repeat_all_global - assert [0, 1, 2, 3, 4, ...
===== 1 failed, 1512 passed, 1 skipped, 165 warnings in 799.42s (0:13:19) ======

travis_time:end:1bba2cf8:start=1603655532555349379,finish=1603656338195853780,duration=805640504401[0K
[31;1mThe command "make test" exited with 2.[0m
travis_time:start:0e62044f[0K$ if [[ $TRAVIS_PYTHON_VERSION == '3.6' ]]; then make pylint; fi

travis_time:end:0e62044f:start=1603656338208579910,finish=1603656338218050310,duration=9470400[0K
[32;1mThe command "if [[ $TRAVIS_PYTHON_VERSION == '3.6' ]]; then make pylint; fi" exited with 0.[0m
travis_fold:start:after_failure[0Ktravis_time:start:08ba6d80[0K$ .env/bin/pip freeze
alabaster==0.7.12
arrow==0.17.0
astroid==2.4.2
atomicwrites==1.4.0
attrs==20.2.0
Babel==2.8.0
backcall==0.2.0
certifi==2020.6.20
chardet==3.0.4
click==7.1.2
colorama==0.4.4
confetti==2.5.3
coverage==5.3
coveralls==2.1.2
decorator==4.4.2
dessert==1.4.1
docopt==0.6.2
docutils==0.16
emport==1.3.1
gossip==2.4.0
idna==2.10
imagesize==1.2.0
importlib-metadata==2.0.0
iniconfig==1.1.1
ipython==7.9.0
ipython-genutils==0.2.0
isort==4.3.21
jedi==0.17.2
Jinja2==2.11.2
kaptan==0.5.12
lazy-object-proxy==1.4.3
libtmux==0.8.5
Logbook==1.5.3
MarkupSafe==1.1.1
mccabe==0.6.1
munch==2.5.0
orderedset==2.0.3
packaging==20.4
parso==0.7.1
pathlib2==2.3.5
pexpect==4.8.0
pickleshare==0.7.5
pluggy==0.13.1
prompt-toolkit==2.0.10
ptyprocess==0.6.0
py==1.9.0
pyforge==1.3.0
Pygments==2.7.2
pylint==2.6.0
pyparsing==2.4.7
pytest==6.1.1
pytest-catchlog==1.2.2
pytest-cov==2.10.1
pytest-timeout==1.4.2
python-dateutil==2.8.1
pytz==2020.1
PyYAML==5.3.1
raven==6.10.0
releases==1.6.3
requests==2.24.0
semantic-version==2.6.0
sentinels==1.0.0
six==1.15.0
-e git+https://github.com/getslash/slash.git@62f0d7e80e37be06f33c1a9f12cceaaa204880c7#egg=slash
snowballstemmer==2.0.0
Sphinx==3.2.1
sphinxcontrib-applehelp==1.0.2
sphinxcontrib-devhelp==1.0.2
sphinxcontrib-htmlhelp==1.0.3
sphinxcontrib-jsmath==1.0.1
sphinxcontrib-qthelp==1.0.3
sphinxcontrib-serializinghtml==1.1.4
SQLAlchemy==1.3.20
tmuxp==1.5.6
toml==0.10.1
traitlets==4.3.3
typed-ast==1.4.1
urllib3==1.25.11
vintage==0.4.1
wcwidth==0.2.5
wrapt==1.12.1
zipp==1.2.0

travis_time:end:08ba6d80:start=1603656338231947823,finish=1603656339801225223,duration=1569277400[0Ktravis_fold:end:after_failure[0K
Done. Your build exited with 1.
