travis_fold:start:system_info[0K[33;1mBuild system information[0m
Build language: python
Build id: ''
Job id: ''
[34m[1mBuild image provisioning date and time[0m
Thu Feb  5 15:09:33 UTC 2015
[34m[1mOperating System Details[0m
Distributor ID:	Ubuntu
Description:	Ubuntu 12.04.5 LTS
Release:	12.04
Codename:	precise
[34m[1mLinux Version[0m
3.13.0-29-generic
[34m[1mCookbooks Version[0m
a68419e https://github.com/travis-ci/travis-cookbooks/tree/a68419e
[34m[1mGCC version[0m
gcc (Ubuntu/Linaro 4.6.3-1ubuntu5) 4.6.3
Copyright (C) 2011 Free Software Foundation, Inc.
This is free software; see the source for copying conditions.  There is NO
warranty; not even for MERCHANTABILITY or FITNESS FOR A PARTICULAR PURPOSE.

[34m[1mLLVM version[0m
clang version 3.4 (tags/RELEASE_34/final)
Target: x86_64-unknown-linux-gnu
Thread model: posix
[34m[1mPre-installed Ruby versions[0m
ruby-1.9.3-p551
[34m[1mPre-installed Node.js versions[0m
v0.10.36
[34m[1mPre-installed Go versions[0m
1.4.1
[34m[1mRedis version[0m
redis-server 2.8.19
[34m[1mriak version[0m
2.0.2
[34m[1mMongoDB version[0m
MongoDB 2.4.12
[34m[1mCouchDB version[0m
couchdb 1.6.1
[34m[1mNeo4j version[0m
1.9.4
[34m[1mRabbitMQ Version[0m
3.4.3
[34m[1mElasticSearch version[0m
1.4.0
[34m[1mInstalled Sphinx versions[0m
2.0.10
2.1.9
2.2.6
[34m[1mDefault Sphinx version[0m
2.2.6
[34m[1mInstalled Firefox version[0m
firefox 31.0esr
[34m[1mPhantomJS version[0m
1.9.8
[34m[1mant -version[0m
Apache Ant(TM) version 1.8.2 compiled on December 3 2011
[34m[1mmvn -version[0m
Apache Maven 3.2.5 (12a6b3acb947671f09b81f49094c53f426d8cea1; 2014-12-14T17:29:23+00:00)
Maven home: /usr/local/maven
Java version: 1.7.0_76, vendor: Oracle Corporation
Java home: /usr/lib/jvm/java-7-oracle/jre
Default locale: en_US, platform encoding: ANSI_X3.4-1968
OS name: "linux", version: "3.13.0-29-generic", arch: "amd64", family: "unix"
travis_fold:end:system_info[0K
grep: /etc/apt/sources.list.d/*: No such file or directory
sed: cannot rename /etc/hosts: Device or resource busy
sed: cannot rename /etc/hosts: Device or resource busy
$ cd passed/ccnmtl/dmt
travis_fold:start:install_firefox[0K$ export FIREFOX_SOURCE_URL='https://download.mozilla.org/?product=firefox-28.0&lang=en-US&os=linux64'
[33;1mInstalling Firefox 28.0[0m
travis_time:start:0b20c9b0[0K$ wget -O /tmp/firefox-28.0.tar.bz2 $FIREFOX_SOURCE_URL
--2020-12-29 19:48:33--  https://download.mozilla.org/?product=firefox-28.0&lang=en-US&os=linux64
Resolving download.mozilla.org (download.mozilla.org)... 34.216.40.175, 44.233.40.128, 52.35.90.144
Connecting to download.mozilla.org (download.mozilla.org)|34.216.40.175|:443... connected.
HTTP request sent, awaiting response... 302 Found
Location: https://download-installer.cdn.mozilla.net/pub/firefox/releases/28.0/linux-x86_64/en-US/firefox-28.0.tar.bz2 [following]
--2020-12-29 19:48:33--  https://download-installer.cdn.mozilla.net/pub/firefox/releases/28.0/linux-x86_64/en-US/firefox-28.0.tar.bz2
Resolving download-installer.cdn.mozilla.net (download-installer.cdn.mozilla.net)... 13.224.26.58, 2600:9000:2164:ce00:e:19d6:1546:5981, 2600:9000:2164:1a00:e:19d6:1546:5981, ...
Connecting to download-installer.cdn.mozilla.net (download-installer.cdn.mozilla.net)|13.224.26.58|:443... connected.
HTTP request sent, awaiting response... 200 OK
Length: 30503247 (29M) [application/x-tar]
Saving to: `/tmp/firefox-28.0.tar.bz2'

     0K .......... .......... .......... .......... ..........  0% 2.29M 13s
    50K .......... .......... .......... .......... ..........  0% 2.66M 12s
   100K .......... .......... .......... .......... ..........  0% 5.07M 10s
   150K .......... .......... .......... .......... ..........  0% 5.93M 9s
   200K .......... .......... .......... .......... ..........  0% 7.34M 8s
   250K .......... .......... .......... .......... ..........  1% 9.71M 7s
   300K .......... .......... .......... .......... ..........  1% 8.49M 6s
   350K .......... .......... .......... .......... ..........  1% 11.5M 6s
   400K .......... .......... .......... .......... ..........  1% 11.0M 5s
   450K .......... .......... .......... .......... ..........  1% 15.7M 5s
   500K .......... .......... .......... .......... ..........  1% 20.3M 5s
   550K .......... .......... .......... .......... ..........  2% 19.7M 4s
   600K .......... .......... .......... .......... ..........  2% 22.9M 4s
   650K .......... .......... .......... .......... ..........  2% 18.9M 4s
   700K .......... .......... .......... .......... ..........  2% 21.1M 4s
   750K .......... .......... .......... .......... ..........  2% 31.3M 4s
   800K .......... .......... .......... .......... ..........  2% 23.8M 3s
   850K .......... .......... .......... .......... ..........  3% 38.4M 3s
   900K .......... .......... .......... .......... ..........  3% 23.0M 3s
   950K .......... .......... .......... .......... ..........  3% 40.5M 3s
  1000K .......... .......... .......... .......... ..........  3% 24.2M 3s
  1050K .......... .......... .......... .......... ..........  3% 29.5M 3s
  1100K .......... .......... .......... .......... ..........  3% 44.1M 3s
  1150K .......... .......... .......... .......... ..........  4% 28.5M 3s
  1200K .......... .......... .......... .......... ..........  4% 54.2M 3s
  1250K .......... .......... .......... .......... ..........  4% 33.2M 3s
  1300K .......... .......... .......... .......... ..........  4% 38.4M 2s
  1350K .......... .......... .......... .......... ..........  4% 46.3M 2s
  1400K .......... .......... .......... .......... ..........  4% 73.6M 2s
  1450K .......... .......... .......... .......... ..........  5% 39.0M 2s
  1500K .......... .......... .......... .......... ..........  5% 44.0M 2s
  1550K .......... .......... .......... .......... ..........  5% 46.8M 2s
  1600K .......... .......... .......... .......... ..........  5%  111M 2s
  1650K .......... .......... .......... .......... ..........  5% 46.3M 2s
  1700K .......... .......... .......... .......... ..........  5% 51.1M 2s
  1750K .......... .......... .......... .......... ..........  6% 56.2M 2s
  1800K .......... .......... .......... .......... ..........  6% 51.5M 2s
  1850K .......... .......... .......... .......... ..........  6% 99.2M 2s
  1900K .......... .......... .......... .......... ..........  6% 60.6M 2s
  1950K .......... .......... .......... .......... ..........  6% 58.3M 2s
  2000K .......... .......... .......... .......... ..........  6% 61.0M 2s
  2050K .......... .......... .......... .......... ..........  7%  111M 2s
  2100K .......... .......... .......... .......... ..........  7% 64.5M 2s
  2150K .......... .......... .......... .......... ..........  7% 63.8M 2s
  2200K .......... .......... .......... .......... ..........  7% 71.4M 2s
  2250K .......... .......... .......... .......... ..........  7% 67.5M 2s
  2300K .......... .......... .......... .......... ..........  7%  108M 2s
  2350K .......... .......... .......... .......... ..........  8% 70.5M 2s
  2400K .......... .......... .......... .......... ..........  8% 73.2M 2s
  2450K .......... .......... .......... .......... ..........  8% 76.0M 1s
  2500K .......... .......... .......... .......... ..........  8% 27.7M 1s
  2550K .......... .......... .......... .......... ..........  8%  109M 1s
  2600K .......... .......... .......... .......... ..........  8%  121M 1s
  2650K .......... .......... .......... .......... ..........  9%  100M 1s
  2700K .......... .......... .......... .......... ..........  9% 69.1M 1s
  2750K .......... .......... .......... .......... ..........  9%  103M 1s
  2800K .......... .......... .......... .......... ..........  9% 82.3M 1s
  2850K .......... .......... .......... .......... ..........  9% 68.2M 1s
  2900K .......... .......... .......... .......... ..........  9% 67.6M 1s
  2950K .......... .......... .......... .......... .......... 10% 40.8M 1s
  3000K .......... .......... .......... .......... .......... 10% 49.4M 1s
  3050K .......... .......... .......... .......... .......... 10% 47.5M 1s
  3100K .......... .......... .......... .......... .......... 10% 49.3M 1s
  3150K .......... .......... .......... .......... .......... 10% 41.8M 1s
  3200K .......... .......... .......... .......... .......... 10% 37.2M 1s
  3250K .......... .......... .......... .......... .......... 11% 63.6M 1s
  3300K .......... .......... .......... .......... .......... 11% 32.7M 1s
  3350K .......... .......... .......... .......... .......... 11% 23.4M 1s
  3400K .......... .......... .......... .......... .......... 11% 39.5M 1s
  3450K .......... .......... .......... .......... .......... 11% 60.3M 1s
  3500K .......... .......... .......... .......... .......... 11% 45.6M 1s
  3550K .......... .......... .......... .......... .......... 12% 40.9M 1s
  3600K .......... .......... .......... .......... .......... 12% 28.2M 1s
  3650K .......... .......... .......... .......... .......... 12% 36.6M 1s
  3700K .......... .......... .......... .......... .......... 12% 45.0M 1s
  3750K .......... .......... .......... .......... .......... 12% 43.6M 1s
  3800K .......... .......... .......... .......... .......... 12% 37.0M 1s
  3850K .......... .......... .......... .......... .......... 13% 41.4M 1s
  3900K .......... .......... .......... .......... .......... 13% 45.6M 1s
  3950K .......... .......... .......... .......... .......... 13% 43.2M 1s
  4000K .......... .......... .......... .......... .......... 13% 41.6M 1s
  4050K .......... .......... .......... .......... .......... 13% 33.4M 1s
  4100K .......... .......... .......... .......... .......... 13% 38.7M 1s
  4150K .......... .......... .......... .......... .......... 14% 18.8M 1s
  4200K .......... .......... .......... .......... .......... 14% 38.1M 1s
  4250K .......... .......... .......... .......... .......... 14% 22.5M 1s
  4300K .......... .......... .......... .......... .......... 14% 22.5M 1s
  4350K .......... .......... .......... .......... .......... 14% 30.4M 1s
  4400K .......... .......... .......... .......... .......... 14% 40.5M 1s
  4450K .......... .......... .......... .......... .......... 15% 53.6M 1s
  4500K .......... .......... .......... .......... .......... 15% 11.3M 1s
  4550K .......... .......... .......... .......... .......... 15% 57.2M 1s
  4600K .......... .......... .......... .......... .......... 15% 43.1M 1s
  4650K .......... .......... .......... .......... .......... 15% 11.4M 1s
  4700K .......... .......... .......... .......... .......... 15% 16.0M 1s
  4750K .......... .......... .......... .......... .......... 16% 19.4M 1s
  4800K .......... .......... .......... .......... .......... 16% 31.2M 1s
  4850K .......... .......... .......... .......... .......... 16%  100M 1s
  4900K .......... .......... .......... .......... .......... 16%  124M 1s
  4950K .......... .......... .......... .......... .......... 16%  107M 1s
  5000K .......... .......... .......... .......... .......... 16%  121M 1s
  5050K .......... .......... .......... .......... .......... 17% 92.9M 1s
  5100K .......... .......... .......... .......... .......... 17%  121M 1s
  5150K .......... .......... .......... .......... .......... 17%  110M 1s
  5200K .......... .......... .......... .......... .......... 17%  123M 1s
  5250K .......... .......... .......... .......... .......... 17%  108M 1s
  5300K .......... .......... .......... .......... .......... 17%  119M 1s
  5350K .......... .......... .......... .......... .......... 18%  120M 1s
  5400K .......... .......... .......... .......... .......... 18% 85.0M 1s
  5450K .......... .......... .......... .......... .......... 18%  117M 1s
  5500K .......... .......... .......... .......... .......... 18%  119M 1s
  5550K .......... .......... .......... .......... .......... 18%  144M 1s
  5600K .......... .......... .......... .......... .......... 18% 87.2M 1s
  5650K .......... .......... .......... .......... .......... 19%  122M 1s
  5700K .......... .......... .......... .......... .......... 19%  117M 1s
  5750K .......... .......... .......... .......... .......... 19%  122M 1s
  5800K .......... .......... .......... .......... .......... 19%  106M 1s
  5850K .......... .......... .......... .......... .......... 19%  112M 1s
  5900K .......... .......... .......... .......... .......... 19%  113M 1s
  5950K .......... .......... .......... .......... .......... 20%  114M 1s
  6000K .......... .......... .......... .......... .......... 20% 89.5M 1s
  6050K .......... .......... .......... .......... .......... 20%  128M 1s
  6100K .......... .......... .......... .......... .......... 20%  115M 1s
  6150K .......... .......... .......... .......... .......... 20%  112M 1s
  6200K .......... .......... .......... .......... .......... 20%  109M 1s
  6250K .......... .......... .......... .......... .......... 21%  117M 1s
  6300K .......... .......... .......... .......... .......... 21%  116M 1s
  6350K .......... .......... .......... .......... .......... 21%  113M 1s
  6400K .......... .......... .......... .......... .......... 21% 95.4M 1s
  6450K .......... .......... .......... .......... .......... 21%  115M 1s
  6500K .......... .......... .......... .......... .......... 21%  122M 1s
  6550K .......... .......... .......... .......... .......... 22%  121M 1s
  6600K .......... .......... .......... .......... .......... 22% 99.0M 1s
  6650K .......... .......... .......... .......... .......... 22%  121M 1s
  6700K .......... .......... .......... .......... .......... 22%  123M 1s
  6750K .......... .......... .......... .......... .......... 22%  101M 1s
  6800K .......... .......... .......... .......... .......... 22% 95.6M 1s
  6850K .......... .......... .......... .......... .......... 23%  110M 1s
  6900K .......... .......... .......... .......... .......... 23%  113M 1s
  6950K .......... .......... .......... .......... .......... 23%  132M 1s
  7000K .......... .......... .......... .......... .......... 23%  109M 1s
  7050K .......... .......... .......... .......... .......... 23%  111M 1s
  7100K .......... .......... .......... .......... .......... 24%  113M 1s
  7150K .......... .......... .......... .......... .......... 24%  122M 1s
  7200K .......... .......... .......... .......... .......... 24% 87.2M 1s
  7250K .......... .......... .......... .......... .......... 24%  131M 1s
  7300K .......... .......... .......... .......... .......... 24%  113M 1s
  7350K .......... .......... .......... .......... .......... 24%  118M 1s
  7400K .......... .......... .......... .......... .......... 25%  103M 1s
  7450K .......... .......... .......... .......... .......... 25%  118M 1s
  7500K .......... .......... .......... .......... .......... 25%  121M 1s
  7550K .......... .......... .......... .......... .......... 25% 91.6M 1s
  7600K .......... .......... .......... .......... .......... 25%  109M 1s
  7650K .......... .......... .......... .......... .......... 25%  112M 1s
  7700K .......... .......... .......... .......... .......... 26%  114M 1s
  7750K .......... .......... .......... .......... .......... 26%  111M 1s
  7800K .......... .......... .......... .......... .......... 26%  106M 1s
  7850K .......... .......... .......... .......... .......... 26%  125M 1s
  7900K .......... .......... .......... .......... .......... 26%  112M 1s
  7950K .......... .......... .......... .......... .......... 26%  113M 1s
  8000K .......... .......... .......... .......... .......... 27% 91.8M 1s
  8050K .......... .......... .......... .......... .......... 27%  117M 1s
  8100K .......... .......... .......... .......... .......... 27%  121M 1s
  8150K .......... .......... .......... .......... .......... 27%  108M 1s
  8200K .......... .......... .......... .......... .......... 27%  110M 1s
  8250K .......... .......... .......... .......... .......... 27%  118M 1s
  8300K .......... .......... .......... .......... .......... 28%  110M 1s
  8350K .......... .......... .......... .......... .......... 28%  114M 1s
  8400K .......... .......... .......... .......... .......... 28% 92.5M 1s
  8450K .......... .......... .......... .......... .......... 28%  123M 1s
  8500K .......... .......... .......... .......... .......... 28%  106M 1s
  8550K .......... .......... .......... .......... .......... 28%  125M 1s
  8600K .......... .......... .......... .......... .......... 29%  115M 1s
  8650K .......... .......... .......... .......... .......... 29%  107M 1s
  8700K .......... .......... .......... .......... .......... 29%  125M 1s
  8750K .......... .......... .......... .......... .......... 29%  107M 1s
  8800K .......... .......... .......... .......... .......... 29% 93.5M 1s
  8850K .......... .......... .......... .......... .......... 29%  111M 1s
  8900K .......... .......... .......... .......... .......... 30%  121M 1s
  8950K .......... .......... .......... .......... .......... 30%  109M 1s
  9000K .......... .......... .......... .......... .......... 30%  107M 1s
  9050K .......... .......... .......... .......... .......... 30%  122M 1s
  9100K .......... .......... .......... .......... .......... 30%  108M 1s
  9150K .......... .......... .......... .......... .......... 30%  115M 1s
  9200K .......... .......... .......... .......... .......... 31% 94.4M 1s
  9250K .......... .......... .......... .......... .......... 31%  113M 1s
  9300K .......... .......... .......... .......... .......... 31%  126M 1s
  9350K .......... .......... .......... .......... .......... 31%  102M 1s
  9400K .......... .......... .......... .......... .......... 31%  121M 1s
  9450K .......... .......... .......... .......... .......... 31%  112M 1s
  9500K .......... .......... .......... .......... .......... 32%  113M 1s
  9550K .......... .......... .......... .......... .......... 32%  124M 1s
  9600K .......... .......... .......... .......... .......... 32% 84.9M 1s
  9650K .......... .......... .......... .......... .......... 32%  130M 1s
  9700K .......... .......... .......... .......... .......... 32%  104M 1s
  9750K .......... .......... .......... .......... .......... 32%  116M 0s
  9800K .......... .......... .......... .......... .......... 33%  115M 0s
  9850K .......... .......... .......... .......... .......... 33%  112M 0s
  9900K .......... .......... .......... .......... .......... 33%  115M 0s
  9950K .......... .......... .......... .......... .......... 33%  125M 0s
 10000K .......... .......... .......... .......... .......... 33% 84.0M 0s
 10050K .......... .......... .......... .......... .......... 33%  116M 0s
 10100K .......... .......... .......... .......... .......... 34%  114M 0s
 10150K .......... .......... .......... .......... .......... 34%  128M 0s
 10200K .......... .......... .......... .......... .......... 34%  106M 0s
 10250K .......... .......... .......... .......... .......... 34%  121M 0s
 10300K .......... .......... .......... .......... .......... 34%  109M 0s
 10350K .......... .......... .......... .......... .......... 34%  121M 0s
 10400K .......... .......... .......... .......... .......... 35% 92.6M 0s
 10450K .......... .......... .......... .......... .......... 35%  107M 0s
 10500K .......... .......... .......... .......... .......... 35%  114M 0s
 10550K .......... .......... .......... .......... .......... 35%  122M 0s
 10600K .......... .......... .......... .......... .......... 35%  109M 0s
 10650K .......... .......... .......... .......... .......... 35%  123M 0s
 10700K .......... .......... .......... .......... .......... 36%  114M 0s
 10750K .......... .......... .......... .......... .......... 36%  121M 0s
 10800K .......... .......... .......... .......... .......... 36% 84.3M 0s
 10850K .......... .......... .......... .......... .......... 36%  120M 0s
 10900K .......... .......... .......... .......... .......... 36%  106M 0s
 10950K .......... .......... .......... .......... .......... 36%  126M 0s
 11000K .......... .......... .......... .......... .......... 37%  109M 0s
 11050K .......... .......... .......... .......... .......... 37%  110M 0s
 11100K .......... .......... .......... .......... .......... 37%  115M 0s
 11150K .......... .......... .......... .......... .......... 37%  128M 0s
 11200K .......... .......... .......... .......... .......... 37% 84.4M 0s
 11250K .......... .......... .......... .......... .......... 37%  130M 0s
 11300K .......... .......... .......... .......... .......... 38%  113M 0s
 11350K .......... .......... .......... .......... .......... 38%  111M 0s
 11400K .......... .......... .......... .......... .......... 38%  115M 0s
 11450K .......... .......... .......... .......... .......... 38%  112M 0s
 11500K .......... .......... .......... .......... .......... 38%  113M 0s
 11550K .......... .......... .......... .......... .......... 38%  119M 0s
 11600K .......... .......... .......... .......... .......... 39% 92.6M 0s
 11650K .......... .......... .......... .......... .......... 39%  112M 0s
 11700K .......... .......... .......... .......... .......... 39%  121M 0s
 11750K .......... .......... .......... .......... .......... 39%  121M 0s
 11800K .......... .......... .......... .......... .......... 39%  114M 0s
 11850K .......... .......... .......... .......... .......... 39%  105M 0s
 11900K .......... .......... .......... .......... .......... 40%  110M 0s
 11950K .......... .......... .......... .......... .......... 40%  122M 0s
 12000K .......... .......... .......... .......... .......... 40% 92.6M 0s
 12050K .......... .......... .......... .......... .......... 40%  117M 0s
 12100K .......... .......... .......... .......... .......... 40%  110M 0s
 12150K .......... .......... .......... .......... .......... 40%  124M 0s
 12200K .......... .......... .......... .......... .......... 41%  109M 0s
 12250K .......... .......... .......... .......... .......... 41%  112M 0s
 12300K .......... .......... .......... .......... .......... 41%  106M 0s
 12350K .......... .......... .......... .......... .......... 41%  123M 0s
 12400K .......... .......... .......... .......... .......... 41% 92.2M 0s
 12450K .......... .......... .......... .......... .......... 41%  115M 0s
 12500K .......... .......... .......... .......... .......... 42%  108M 0s
 12550K .......... .......... .......... .......... .......... 42%  107M 0s
 12600K .......... .......... .......... .......... .......... 42%  118M 0s
 12650K .......... .......... .......... .......... .......... 42%  106M 0s
 12700K .......... .......... .......... .......... .......... 42%  114M 0s
 12750K .......... .......... .......... .......... .......... 42%  113M 0s
 12800K .......... .......... .......... .......... .......... 43% 95.0M 0s
 12850K .......... .......... .......... .......... .......... 43%  111M 0s
 12900K .......... .......... .......... .......... .......... 43%  132M 0s
 12950K .......... .......... .......... .......... .......... 43%  113M 0s
 13000K .......... .......... .......... .......... .......... 43%  120M 0s
 13050K .......... .......... .......... .......... .......... 43%  106M 0s
 13100K .......... .......... .......... .......... .......... 44%  118M 0s
 13150K .......... .......... .......... .......... .......... 44%  113M 0s
 13200K .......... .......... .......... .......... .......... 44% 91.6M 0s
 13250K .......... .......... .......... .......... .......... 44%  120M 0s
 13300K .......... .......... .......... .......... .......... 44%  113M 0s
 13350K .......... .......... .......... .......... .......... 44%  111M 0s
 13400K .......... .......... .......... .......... .......... 45%  117M 0s
 13450K .......... .......... .......... .......... .......... 45%  108M 0s
 13500K .......... .......... .......... .......... .......... 45%  127M 0s
 13550K .......... .......... .......... .......... .......... 45%  114M 0s
 13600K .......... .......... .......... .......... .......... 45% 88.8M 0s
 13650K .......... .......... .......... .......... .......... 45%  124M 0s
 13700K .......... .......... .......... .......... .......... 46%  114M 0s
 13750K .......... .......... .......... .......... .......... 46%  108M 0s
 13800K .......... .......... .......... .......... .......... 46%  124M 0s
 13850K .......... .......... .......... .......... .......... 46%  110M 0s
 13900K .......... .......... .......... .......... .......... 46%  122M 0s
 13950K .......... .......... .......... .......... .......... 46%  114M 0s
 14000K .......... .......... .......... .......... .......... 47% 88.8M 0s
 14050K .......... .......... .......... .......... .......... 47%  122M 0s
 14100K .......... .......... .......... .......... .......... 47%  110M 0s
 14150K .......... .......... .......... .......... .......... 47%  125M 0s
 14200K .......... .......... .......... .......... .......... 47%  111M 0s
 14250K .......... .......... .......... .......... .......... 48%  109M 0s
 14300K .......... .......... .......... .......... .......... 48%  121M 0s
 14350K .......... .......... .......... .......... .......... 48%  111M 0s
 14400K .......... .......... .......... .......... .......... 48% 89.9M 0s
 14450K .......... .......... .......... .......... .......... 48%  122M 0s
 14500K .......... .......... .......... .......... .......... 48%  122M 0s
 14550K .......... .......... .......... .......... .......... 49%  108M 0s
 14600K .......... .......... .......... .......... .......... 49%  121M 0s
 14650K .......... .......... .......... .......... .......... 49%  108M 0s
 14700K .......... .......... .......... .......... .......... 49%  107M 0s
 14750K .......... .......... .......... .......... .......... 49%  123M 0s
 14800K .......... .......... .......... .......... .......... 49% 92.1M 0s
 14850K .......... .......... .......... .......... .......... 50%  121M 0s
 14900K .......... .......... .......... .......... .......... 50%  109M 0s
 14950K .......... .......... .......... .......... .......... 50%  115M 0s
 15000K .......... .......... .......... .......... .......... 50%  118M 0s
 15050K .......... .......... .......... .......... .......... 50%  107M 0s
 15100K .......... .......... .......... .......... .......... 50%  126M 0s
 15150K .......... .......... .......... .......... .......... 51%  104M 0s
 15200K .......... .......... .......... .......... .......... 51%  103M 0s
 15250K .......... .......... .......... .......... .......... 51%  108M 0s
 15300K .......... .......... .......... .......... .......... 51%  122M 0s
 15350K .......... .......... .......... .......... .......... 51%  114M 0s
 15400K .......... .......... .......... .......... .......... 51%  109M 0s
 15450K .......... .......... .......... .......... .......... 52%  114M 0s
 15500K .......... .......... .......... .......... .......... 52%  127M 0s
 15550K .......... .......... .......... .......... .......... 52%  113M 0s
 15600K .......... .......... .......... .......... .......... 52% 84.4M 0s
 15650K .......... .......... .......... .......... .......... 52%  128M 0s
 15700K .......... .......... .......... .......... .......... 52%  113M 0s
 15750K .......... .......... .......... .......... .......... 53%  113M 0s
 15800K .......... .......... .......... .......... .......... 53%  109M 0s
 15850K .......... .......... .......... .......... .......... 53%  128M 0s
 15900K .......... .......... .......... .......... .......... 53%  112M 0s
 15950K .......... .......... .......... .......... .......... 53%  123M 0s
 16000K .......... .......... .......... .......... .......... 53% 90.5M 0s
 16050K .......... .......... .......... .......... .......... 54%  109M 0s
 16100K .......... .......... .......... .......... .......... 54%  108M 0s
 16150K .......... .......... .......... .......... .......... 54%  122M 0s
 16200K .......... .......... .......... .......... .......... 54%  104M 0s
 16250K .......... .......... .......... .......... .......... 54%  122M 0s
 16300K .......... .......... .......... .......... .......... 54%  122M 0s
 16350K .......... .......... .......... .......... .......... 55%  108M 0s
 16400K .......... .......... .......... .......... .......... 55% 91.3M 0s
 16450K .......... .......... .......... .......... .......... 55%  121M 0s
 16500K .......... .......... .......... .......... .......... 55%  108M 0s
 16550K .......... .......... .......... .......... .......... 55%  123M 0s
 16600K .......... .......... .......... .......... .......... 55%  104M 0s
 16650K .......... .......... .......... .......... .......... 56%  115M 0s
 16700K .......... .......... .......... .......... .......... 56%  112M 0s
 16750K .......... .......... .......... .......... .......... 56%  127M 0s
 16800K .......... .......... .......... .......... .......... 56% 88.3M 0s
 16850K .......... .......... .......... .......... .......... 56%  127M 0s
 16900K .......... .......... .......... .......... .......... 56%  111M 0s
 16950K .......... .......... .......... .......... .......... 57%  115M 0s
 17000K .......... .......... .......... .......... .......... 57%  103M 0s
 17050K .......... .......... .......... .......... .......... 57%  131M 0s
 17100K .......... .......... .......... .......... .......... 57%  111M 0s
 17150K .......... .......... .......... .......... .......... 57%  111M 0s
 17200K .......... .......... .......... .......... .......... 57% 86.9M 0s
 17250K .......... .......... .......... .......... .......... 58%  127M 0s
 17300K .......... .......... .......... .......... .......... 58%  113M 0s
 17350K .......... .......... .......... .......... .......... 58%  113M 0s
 17400K .......... .......... .......... .......... .......... 58%  105M 0s
 17450K .......... .......... .......... .......... .......... 58%  127M 0s
 17500K .......... .......... .......... .......... .......... 58%  115M 0s
 17550K .......... .......... .......... .......... .......... 59%  111M 0s
 17600K .......... .......... .......... .......... .......... 59% 96.6M 0s
 17650K .......... .......... .......... .......... .......... 59%  114M 0s
 17700K .......... .......... .......... .......... .......... 59%  123M 0s
 17750K .......... .......... .......... .......... .......... 59%  118M 0s
 17800K .......... .......... .......... .......... .......... 59%  108M 0s
 17850K .......... .......... .......... .......... .......... 60%  113M 0s
 17900K .......... .......... .......... .......... .......... 60%  121M 0s
 17950K .......... .......... .......... .......... .......... 60%  118M 0s
 18000K .......... .......... .......... .......... .......... 60% 86.3M 0s
 18050K .......... .......... .......... .......... .......... 60%  120M 0s
 18100K .......... .......... .......... .......... .......... 60%  120M 0s
 18150K .......... .......... .......... .......... .......... 61%  110M 0s
 18200K .......... .......... .......... .......... .......... 61%  116M 0s
 18250K .......... .......... .......... .......... .......... 61%  117M 0s
 18300K .......... .......... .......... .......... .......... 61%  111M 0s
 18350K .......... .......... .......... .......... .......... 61%  116M 0s
 18400K .......... .......... .......... .......... .......... 61% 92.6M 0s
 18450K .......... .......... .......... .......... .......... 62%  114M 0s
 18500K .......... .......... .......... .......... .......... 62%  113M 0s
 18550K .......... .......... .......... .......... .......... 62%  112M 0s
 18600K .......... .......... .......... .......... .......... 62%  121M 0s
 18650K .......... .......... .......... .......... .......... 62%  110M 0s
 18700K .......... .......... .......... .......... .......... 62%  117M 0s
 18750K .......... .......... .......... .......... .......... 63%  121M 0s
 18800K .......... .......... .......... .......... .......... 63% 88.1M 0s
 18850K .......... .......... .......... .......... .......... 63%  113M 0s
 18900K .......... .......... .......... .......... .......... 63%  125M 0s
 18950K .......... .......... .......... .......... .......... 63%  115M 0s
 19000K .......... .......... .......... .......... .......... 63%  103M 0s
 19050K .......... .......... .......... .......... .......... 64%  116M 0s
 19100K .......... .......... .......... .......... .......... 64%  122M 0s
 19150K .......... .......... .......... .......... .......... 64%  114M 0s
 19200K .......... .......... .......... .......... .......... 64% 87.3M 0s
 19250K .......... .......... .......... .......... .......... 64%  126M 0s
 19300K .......... .......... .......... .......... .......... 64%  115M 0s
 19350K .......... .......... .......... .......... .......... 65%  114M 0s
 19400K .......... .......... .......... .......... .......... 65%  107M 0s
 19450K .......... .......... .......... .......... .......... 65%  124M 0s
 19500K .......... .......... .......... .......... .......... 65%  117M 0s
 19550K .......... .......... .......... .......... .......... 65%  113M 0s
 19600K .......... .......... .......... .......... .......... 65% 91.8M 0s
 19650K .......... .......... .......... .......... .......... 66%  128M 0s
 19700K .......... .......... .......... .......... .......... 66%  113M 0s
 19750K .......... .......... .......... .......... .......... 66%  113M 0s
 19800K .......... .......... .......... .......... .......... 66%  108M 0s
 19850K .......... .......... .......... .......... .......... 66%  109M 0s
 19900K .......... .......... .......... .......... .......... 66%  133M 0s
 19950K .......... .......... .......... .......... .......... 67%  113M 0s
 20000K .......... .......... .......... .......... .......... 67% 93.3M 0s
 20050K .......... .......... .......... .......... .......... 67%  113M 0s
 20100K .......... .......... .......... .......... .......... 67%  114M 0s
 20150K .......... .......... .......... .......... .......... 67%  113M 0s
 20200K .......... .......... .......... .......... .......... 67%  113M 0s
 20250K .......... .......... .......... .......... .......... 68%  109M 0s
 20300K .......... .......... .......... .......... .......... 68%  125M 0s
 20350K .......... .......... .......... .......... .......... 68%  106M 0s
 20400K .......... .......... .......... .......... .......... 68% 93.1M 0s
 20450K .......... .......... .......... .......... .......... 68%  122M 0s
 20500K .......... .......... .......... .......... .......... 68%  108M 0s
 20550K .......... .......... .......... .......... .......... 69%  122M 0s
 20600K .......... .......... .......... .......... .......... 69%  101M 0s
 20650K .......... .......... .......... .......... .......... 69%  125M 0s
 20700K .......... .......... .......... .......... .......... 69%  108M 0s
 20750K .......... .......... .......... .......... .......... 69%  122M 0s
 20800K .......... .......... .......... .......... .......... 69% 93.7M 0s
 20850K .......... .......... .......... .......... .......... 70%  113M 0s
 20900K .......... .......... .......... .......... .......... 70%  113M 0s
 20950K .......... .......... .......... .......... .......... 70%  112M 0s
 21000K .......... .......... .......... .......... .......... 70%  117M 0s
 21050K .......... .......... .......... .......... .......... 70%  110M 0s
 21100K .......... .......... .......... .......... .......... 71%  120M 0s
 21150K .......... .......... .......... .......... .......... 71%  109M 0s
 21200K .......... .......... .......... .......... .......... 71% 95.3M 0s
 21250K .......... .......... .......... .......... .......... 71%  113M 0s
 21300K .......... .......... .......... .......... .......... 71%  113M 0s
 21350K .......... .......... .......... .......... .......... 71%  113M 0s
 21400K .......... .......... .......... .......... .......... 72%  113M 0s
 21450K .......... .......... .......... .......... .......... 72%  120M 0s
 21500K .......... .......... .......... .......... .......... 72%  112M 0s
 21550K .......... .......... .......... .......... .......... 72%  125M 0s
 21600K .......... .......... .......... .......... .......... 72% 87.1M 0s
 21650K .......... .......... .......... .......... .......... 72%  125M 0s
 21700K .......... .......... .......... .......... .......... 73%  113M 0s
 21750K .......... .......... .......... .......... .......... 73%  114M 0s
 21800K .......... .......... .......... .......... .......... 73%  107M 0s
 21850K .......... .......... .......... .......... .......... 73%  123M 0s
 21900K .......... .......... .......... .......... .......... 73%  113M 0s
 21950K .......... .......... .......... .......... .......... 73%  112M 0s
 22000K .......... .......... .......... .......... .......... 74% 86.3M 0s
 22050K .......... .......... .......... .......... .......... 74%  120M 0s
 22100K .......... .......... .......... .......... .......... 74%  124M 0s
 22150K .......... .......... .......... .......... .......... 74%  108M 0s
 22200K .......... .......... .......... .......... .......... 74%  116M 0s
 22250K .......... .......... .......... .......... .......... 74%  116M 0s
 22300K .......... .......... .......... .......... .......... 75%  113M 0s
 22350K .......... .......... .......... .......... .......... 75%  116M 0s
 22400K .......... .......... .......... .......... .......... 75% 94.9M 0s
 22450K .......... .......... .......... .......... .......... 75%  121M 0s
 22500K .......... .......... .......... .......... .......... 75%  109M 0s
 22550K .......... .......... .......... .......... .......... 75%  120M 0s
 22600K .......... .......... .......... .......... .......... 76%  106M 0s
 22650K .......... .......... .......... .......... .......... 76%  104M 0s
 22700K .......... .......... .......... .......... .......... 76%  123M 0s
 22750K .......... .......... .......... .......... .......... 76%  118M 0s
 22800K .......... .......... .......... .......... .......... 76% 84.3M 0s
 22850K .......... .......... .......... .......... .......... 76%  128M 0s
 22900K .......... .......... .......... .......... .......... 77%  114M 0s
 22950K .......... .......... .......... .......... .......... 77%  113M 0s
 23000K .......... .......... .......... .......... .......... 77%  104M 0s
 23050K .......... .......... .......... .......... .......... 77%  127M 0s
 23100K .......... .......... .......... .......... .......... 77%  117M 0s
 23150K .......... .......... .......... .......... .......... 77%  113M 0s
 23200K .......... .......... .......... .......... .......... 78% 90.7M 0s
 23250K .......... .......... .......... .......... .......... 78%  126M 0s
 23300K .......... .......... .......... .......... .......... 78%  113M 0s
 23350K .......... .......... .......... .......... .......... 78%  113M 0s
 23400K .......... .......... .......... .......... .......... 78%  110M 0s
 23450K .......... .......... .......... .......... .......... 78%  112M 0s
 23500K .......... .......... .......... .......... .......... 79%  128M 0s
 23550K .......... .......... .......... .......... .......... 79%  109M 0s
 23600K .......... .......... .......... .......... .......... 79% 95.0M 0s
 23650K .......... .......... .......... .......... .......... 79%  111M 0s
 23700K .......... .......... .......... .......... .......... 79%  116M 0s
 23750K .......... .......... .......... .......... .......... 79%  113M 0s
 23800K .......... .......... .......... .......... .......... 80%  108M 0s
 23850K .......... .......... .......... .......... .......... 80%  127M 0s
 23900K .......... .......... .......... .......... .......... 80%  109M 0s
 23950K .......... .......... .......... .......... .......... 80%  120M 0s
 24000K .......... .......... .......... .......... .......... 80% 83.2M 0s
 24050K .......... .......... .......... .......... .......... 80%  125M 0s
 24100K .......... .......... .......... .......... .......... 81%  124M 0s
 24150K .......... .......... .......... .......... .......... 81%  109M 0s
 24200K .......... .......... .......... .......... .......... 81%  112M 0s
 24250K .......... .......... .......... .......... .......... 81%  123M 0s
 24300K .......... .......... .......... .......... .......... 81%  111M 0s
 24350K .......... .......... .......... .......... .......... 81%  118M 0s
 24400K .......... .......... .......... .......... .......... 82% 89.3M 0s
 24450K .......... .......... .......... .......... .......... 82%  112M 0s
 24500K .......... .......... .......... .......... .......... 82%  128M 0s
 24550K .......... .......... .......... .......... .......... 82%  113M 0s
 24600K .......... .......... .......... .......... .......... 82%  105M 0s
 24650K .......... .......... .......... .......... .......... 82%  116M 0s
 24700K .......... .......... .......... .......... .......... 83%  122M 0s
 24750K .......... .......... .......... .......... .......... 83%  113M 0s
 24800K .......... .......... .......... .......... .......... 83% 87.4M 0s
 24850K .......... .......... .......... .......... .......... 83%  112M 0s
 24900K .......... .......... .......... .......... .......... 83%  127M 0s
 24950K .......... .......... .......... .......... .......... 83%  114M 0s
 25000K .......... .......... .......... .......... .......... 84%  108M 0s
 25050K .......... .......... .......... .......... .......... 84%  117M 0s
 25100K .......... .......... .......... .......... .......... 84%  115M 0s
 25150K .......... .......... .......... .......... .......... 84%  110M 0s
 25200K .......... .......... .......... .......... .......... 84% 88.7M 0s
 25250K .......... .......... .......... .......... .......... 84%  112M 0s
 25300K .......... .......... .......... .......... .......... 85%  113M 0s
 25350K .......... .......... .......... .......... .......... 85%  127M 0s
 25400K .......... .......... .......... .......... .......... 85% 94.4M 0s
 25450K .......... .......... .......... .......... .......... 85%  117M 0s
 25500K .......... .......... .......... .......... .......... 85%  121M 0s
 25550K .......... .......... .......... .......... .......... 85%  116M 0s
 25600K .......... .......... .......... .......... .......... 86% 94.4M 0s
 25650K .......... .......... .......... .......... .......... 86%  116M 0s
 25700K .......... .......... .......... .......... .......... 86%  110M 0s
 25750K .......... .......... .......... .......... .......... 86%  119M 0s
 25800K .......... .......... .......... .......... .......... 86%  115M 0s
 25850K .......... .......... .......... .......... .......... 86%  109M 0s
 25900K .......... .......... .......... .......... .......... 87%  106M 0s
 25950K .......... .......... .......... .......... .......... 87%  108M 0s
 26000K .......... .......... .......... .......... .......... 87% 95.3M 0s
 26050K .......... .......... .......... .......... .......... 87%  122M 0s
 26100K .......... .......... .......... .......... .......... 87%  108M 0s
 26150K .......... .......... .......... .......... .......... 87%  122M 0s
 26200K .......... .......... .......... .......... .......... 88%  107M 0s
 26250K .......... .......... .......... .......... .......... 88%  115M 0s
 26300K .......... .......... .......... .......... .......... 88%  113M 0s
 26350K .......... .......... .......... .......... .......... 88%  113M 0s
 26400K .......... .......... .......... .......... .......... 88% 83.6M 0s
 26450K .......... .......... .......... .......... .......... 88%  113M 0s
 26500K .......... .......... .......... .......... .......... 89% 85.5M 0s
 26550K .......... .......... .......... .......... .......... 89% 99.0M 0s
 26600K .......... .......... .......... .......... .......... 89%  102M 0s
 26650K .......... .......... .......... .......... .......... 89%  154M 0s
 26700K .......... .......... .......... .......... .......... 89%  147M 0s
 26750K .......... .......... .......... .......... .......... 89%  151M 0s
 26800K .......... .......... .......... .......... .......... 90% 91.9M 0s
 26850K .......... .......... .......... .......... .......... 90% 82.9M 0s
 26900K .......... .......... .......... .......... .......... 90%  114M 0s
 26950K .......... .......... .......... .......... .......... 90%  152M 0s
 27000K .......... .......... .......... .......... .......... 90%  138M 0s
 27050K .......... .......... .......... .......... .......... 90%  116M 0s
 27100K .......... .......... .......... .......... .......... 91%  121M 0s
 27150K .......... .......... .......... .......... .......... 91% 71.7M 0s
 27200K .......... .......... .......... .......... .......... 91% 80.8M 0s
 27250K .......... .......... .......... .......... .......... 91%  106M 0s
 27300K .......... .......... .......... .......... .......... 91%  115M 0s
 27350K .......... .......... .......... .......... .......... 91%  142M 0s
 27400K .......... .......... .......... .......... .......... 92%  130M 0s
 27450K .......... .......... .......... .......... .......... 92%  146M 0s
 27500K .......... .......... .......... .......... .......... 92%  142M 0s
 27550K .......... .......... .......... .......... .......... 92% 77.0M 0s
 27600K .......... .......... .......... .......... .......... 92% 70.2M 0s
 27650K .......... .......... .......... .......... .......... 92%  115M 0s
 27700K .......... .......... .......... .......... .......... 93%  129M 0s
 27750K .......... .......... .......... .......... .......... 93%  115M 0s
 27800K .......... .......... .......... .......... .......... 93%  120M 0s
 27850K .......... .......... .......... .......... .......... 93%  126M 0s
 27900K .......... .......... .......... .......... .......... 93%  133M 0s
 27950K .......... .......... .......... .......... .......... 93%  128M 0s
 28000K .......... .......... .......... .......... .......... 94%  109M 0s
 28050K .......... .......... .......... .......... .......... 94%  131M 0s
 28100K .......... .......... .......... .......... .......... 94%  129M 0s
 28150K .......... .......... .......... .......... .......... 94% 87.1M 0s
 28200K .......... .......... .......... .......... .......... 94% 88.1M 0s
 28250K .......... .......... .......... .......... .......... 95% 99.0M 0s
 28300K .......... .......... .......... .......... .......... 95%  111M 0s
 28350K .......... .......... .......... .......... .......... 95%  106M 0s
 28400K .......... .......... .......... .......... .......... 95% 86.5M 0s
 28450K .......... .......... .......... .......... .......... 95%  104M 0s
 28500K .......... .......... .......... .......... .......... 95%  105M 0s
 28550K .......... .......... .......... .......... .......... 96%  108M 0s
 28600K .......... .......... .......... .......... .......... 96% 87.1M 0s
 28650K .......... .......... .......... .......... .......... 96%  110M 0s
 28700K .......... .......... .......... .......... .......... 96%  109M 0s
 28750K .......... .......... .......... .......... .......... 96%  110M 0s
 28800K .......... .......... .......... .......... .......... 96%  102M 0s
 28850K .......... .......... .......... .......... .......... 97%  116M 0s
 28900K .......... .......... .......... .......... .......... 97%  127M 0s
 28950K .......... .......... .......... .......... .......... 97%  115M 0s
 29000K .......... .......... .......... .......... .......... 97% 93.4M 0s
 29050K .......... .......... .......... .......... .......... 97% 99.5M 0s
 29100K .......... .......... .......... .......... .......... 97%  106M 0s
 29150K .......... .......... .......... .......... .......... 98%  105M 0s
 29200K .......... .......... .......... .......... .......... 98% 91.1M 0s
 29250K .......... .......... .......... .......... .......... 98%  111M 0s
 29300K .......... .......... .......... .......... .......... 98% 84.0M 0s
 29350K .......... .......... .......... .......... .......... 98%  107M 0s
 29400K .......... .......... .......... .......... .......... 98%  105M 0s
 29450K .......... .......... .......... .......... .......... 99%  110M 0s
 29500K .......... .......... .......... .......... .......... 99% 89.6M 0s
 29550K .......... .......... .......... .......... .......... 99%  215M 0s
 29600K .......... .......... .......... .......... .......... 99%  221M 0s
 29650K .......... .......... .......... .......... .......... 99%  198M 0s
 29700K .......... .......... .......... .......... .......... 99%  277M 0s
 29750K .......... .......... .......... ........             100%  307M=0.4s

2020-12-29 19:48:34 (69.3 MB/s) - `/tmp/firefox-28.0.tar.bz2' saved [30503247/30503247]


travis_time:end:0b20c9b0:start=1609271313299410249,finish=1609271314017577448,duration=718167199[0K$ export PATH=$HOME/firefox-28.0/firefox:$PATH
travis_fold:end:install_firefox[0Ktravis_fold:start:postgresql[0K[33;1mStarting PostgreSQL v9.3[0m
travis_time:start:02db7bc4[0K$ sudo service postgresql stop
 * Stopping PostgreSQL 9.1 database server
   ...done.
 * Stopping PostgreSQL 9.2 database server
   ...done.
 * Stopping PostgreSQL 9.3 database server
   ...done.
 * Stopping PostgreSQL 9.4 database server
   ...done.

travis_time:end:02db7bc4:start=1609271318093713070,finish=1609271318772604630,duration=678891560[0Ktravis_time:start:183387ca[0K$ sudo service postgresql start 9.3
 * Starting PostgreSQL 9.3 database server
   ...done.

travis_time:end:183387ca:start=1609271318784026967,finish=1609271321048216707,duration=2264189740[0Ktravis_time:start:032b0b04[0K$ sudo -u postgres createuser -s -p 5432 travis &>/dev/null

travis_time:end:032b0b04:start=1609271321057596780,finish=1609271321118244253,duration=60647473[0Ktravis_time:start:32cce7ca[0K$ sudo -u postgres createdb -O travis -p 5432 travis &>/dev/null

travis_time:end:32cce7ca:start=1609271321128460328,finish=1609271321410645499,duration=282185171[0Ktravis_time:start:106aa5d0[0K$ sudo -u postgres createuser -s -p 5433 travis &>/dev/null

travis_time:end:106aa5d0:start=1609271321421167180,finish=1609271321476738173,duration=55570993[0Ktravis_time:start:14759aa8[0K$ sudo -u postgres createdb -O travis -p 5433 travis &>/dev/null

travis_time:end:14759aa8:start=1609271321487777371,finish=1609271321544076554,duration=56299183[0Ktravis_fold:end:postgresql[0Ktravis_time:start:06ceb480[0K$ source ~/virtualenv/python2.7/bin/activate

travis_time:end:06ceb480:start=1609271321836331535,finish=1609271321847062441,duration=10730906[0K$ python --version
Python 2.7.9
$ pip --version
pip 6.0.7 from /home/travis/virtualenv/python2.7.9/lib/python2.7/site-packages (python 2.7)
travis_fold:start:before_install.1[0Ktravis_time:start:16e7fd81[0K$ export DISPLAY=:99.0

travis_time:end:16e7fd81:start=1609271322139597207,finish=1609271322149243417,duration=9646210[0Ktravis_fold:end:before_install.1[0Ktravis_fold:start:before_install.2[0Ktravis_time:start:1b4c6727[0K$ sh -e /etc/init.d/xvfb start
Starting virtual X frame buffer: Xvfb.

travis_time:end:1b4c6727:start=1609271322161633872,finish=1609271322173921724,duration=12287852[0Ktravis_fold:end:before_install.2[0Ktravis_fold:start:install[0Ktravis_time:start:1b01e34e[0K$ ./bootstrap.py
Using real prefix '/opt/python/2.7.9'
New python executable in /home/travis/build/passed/ccnmtl/dmt/ve/bin/python
Installing setuptools, pip...done.
Collecting wheel==0.24.0
  Retrying (Retry(total=4, connect=None, read=None, redirect=None)) after connection broken by 'ProtocolError('Connection aborted.', gaierror(-2, 'Name or service not known'))': /wheel/
  Retrying (Retry(total=3, connect=None, read=None, redirect=None)) after connection broken by 'ProtocolError('Connection aborted.', gaierror(-2, 'Name or service not known'))': /wheel/
  Retrying (Retry(total=2, connect=None, read=None, redirect=None)) after connection broken by 'ProtocolError('Connection aborted.', gaierror(-2, 'Name or service not known'))': /wheel/
  Retrying (Retry(total=1, connect=None, read=None, redirect=None)) after connection broken by 'ProtocolError('Connection aborted.', gaierror(-2, 'Name or service not known'))': /wheel/
  Retrying (Retry(total=0, connect=None, read=None, redirect=None)) after connection broken by 'ProtocolError('Connection aborted.', gaierror(-2, 'Name or service not known'))': /wheel/
  DEPRECATION: Failed to find 'wheel' at https://pypi.ccnmtl.columbia.edu/wheel/. It is suggested to upgrade your index to support normalized names as the name in /simple/{name}.
  Retrying (Retry(total=4, connect=None, read=None, redirect=None)) after connection broken by 'ProtocolError('Connection aborted.', gaierror(-2, 'Name or service not known'))': /
  Retrying (Retry(total=3, connect=None, read=None, redirect=None)) after connection broken by 'ProtocolError('Connection aborted.', gaierror(-2, 'Name or service not known'))': /
  Retrying (Retry(total=2, connect=None, read=None, redirect=None)) after connection broken by 'ProtocolError('Connection aborted.', gaierror(-2, 'Name or service not known'))': /
  Retrying (Retry(total=1, connect=None, read=None, redirect=None)) after connection broken by 'ProtocolError('Connection aborted.', gaierror(-2, 'Name or service not known'))': /
  Retrying (Retry(total=0, connect=None, read=None, redirect=None)) after connection broken by 'ProtocolError('Connection aborted.', gaierror(-2, 'Name or service not known'))': /
  Cannot fetch index base URL https://pypi.ccnmtl.columbia.edu/
  Retrying (Retry(total=4, connect=None, read=None, redirect=None)) after connection broken by 'ProtocolError('Connection aborted.', gaierror(-2, 'Name or service not known'))': /wheel/
  Retrying (Retry(total=3, connect=None, read=None, redirect=None)) after connection broken by 'ProtocolError('Connection aborted.', gaierror(-2, 'Name or service not known'))': /wheel/
  Retrying (Retry(total=2, connect=None, read=None, redirect=None)) after connection broken by 'ProtocolError('Connection aborted.', gaierror(-2, 'Name or service not known'))': /wheel/
  Retrying (Retry(total=1, connect=None, read=None, redirect=None)) after connection broken by 'ProtocolError('Connection aborted.', gaierror(-2, 'Name or service not known'))': /wheel/
  Retrying (Retry(total=0, connect=None, read=None, redirect=None)) after connection broken by 'ProtocolError('Connection aborted.', gaierror(-2, 'Name or service not known'))': /wheel/
  Could not find a version that satisfies the requirement wheel==0.24.0 (from versions: )
No matching distribution found for wheel==0.24.0

travis_time:end:1b01e34e:start=1609271322183847303,finish=1609271347998314221,duration=25814466918[0K
[31;1mThe command "./bootstrap.py" failed and exited with 1 during .[0m

Your build has been stopped.
