travis_fold:start:system_info[0K[33;1mBuild system information[0m
Build language: python
Build id: ''
Job id: ''
[34m[1mBuild image provisioning date and time[0m
Thu Feb  5 15:09:33 UTC 2015
[34m[1mOperating System Details[0m
Distributor ID:	Ubuntu
Description:	Ubuntu 12.04.5 LTS
Release:	12.04
Codename:	precise
[34m[1mLinux Version[0m
3.13.0-29-generic
[34m[1mCookbooks Version[0m
a68419e https://github.com/travis-ci/travis-cookbooks/tree/a68419e
[34m[1mGCC version[0m
gcc (Ubuntu/Linaro 4.6.3-1ubuntu5) 4.6.3
Copyright (C) 2011 Free Software Foundation, Inc.
This is free software; see the source for copying conditions.  There is NO
warranty; not even for MERCHANTABILITY or FITNESS FOR A PARTICULAR PURPOSE.

[34m[1mLLVM version[0m
clang version 3.4 (tags/RELEASE_34/final)
Target: x86_64-unknown-linux-gnu
Thread model: posix
[34m[1mPre-installed Ruby versions[0m
ruby-1.9.3-p551
[34m[1mPre-installed Node.js versions[0m
v0.10.36
[34m[1mPre-installed Go versions[0m
1.4.1
[34m[1mRedis version[0m
redis-server 2.8.19
[34m[1mriak version[0m
2.0.2
[34m[1mMongoDB version[0m
MongoDB 2.4.12
[34m[1mCouchDB version[0m
couchdb 1.6.1
[34m[1mNeo4j version[0m
1.9.4
[34m[1mRabbitMQ Version[0m
3.4.3
[34m[1mElasticSearch version[0m
1.4.0
[34m[1mInstalled Sphinx versions[0m
2.0.10
2.1.9
2.2.6
[34m[1mDefault Sphinx version[0m
2.2.6
[34m[1mInstalled Firefox version[0m
firefox 31.0esr
[34m[1mPhantomJS version[0m
1.9.8
[34m[1mant -version[0m
Apache Ant(TM) version 1.8.2 compiled on December 3 2011
[34m[1mmvn -version[0m
Apache Maven 3.2.5 (12a6b3acb947671f09b81f49094c53f426d8cea1; 2014-12-14T17:29:23+00:00)
Maven home: /usr/local/maven
Java version: 1.7.0_76, vendor: Oracle Corporation
Java home: /usr/lib/jvm/java-7-oracle/jre
Default locale: en_US, platform encoding: ANSI_X3.4-1968
OS name: "linux", version: "3.13.0-29-generic", arch: "amd64", family: "unix"
travis_fold:end:system_info[0K
grep: /etc/apt/sources.list.d/*: No such file or directory
sed: cannot rename /etc/hosts: Device or resource busy
sed: cannot rename /etc/hosts: Device or resource busy
$ cd failed/ccnmtl/dmt
travis_fold:start:install_firefox[0K$ export FIREFOX_SOURCE_URL='https://download.mozilla.org/?product=firefox-28.0&lang=en-US&os=linux64'
[33;1mInstalling Firefox 28.0[0m
travis_time:start:0e5c3328[0K$ wget -O /tmp/firefox-28.0.tar.bz2 $FIREFOX_SOURCE_URL
--2020-12-29 19:47:46--  https://download.mozilla.org/?product=firefox-28.0&lang=en-US&os=linux64
Resolving download.mozilla.org (download.mozilla.org)... 52.35.90.144, 34.216.40.175, 44.233.40.128
Connecting to download.mozilla.org (download.mozilla.org)|52.35.90.144|:443... connected.
HTTP request sent, awaiting response... 302 Found
Location: https://download-installer.cdn.mozilla.net/pub/firefox/releases/28.0/linux-x86_64/en-US/firefox-28.0.tar.bz2 [following]
--2020-12-29 19:47:46--  https://download-installer.cdn.mozilla.net/pub/firefox/releases/28.0/linux-x86_64/en-US/firefox-28.0.tar.bz2
Resolving download-installer.cdn.mozilla.net (download-installer.cdn.mozilla.net)... 13.224.26.58, 2600:9000:2164:5000:e:19d6:1546:5981, 2600:9000:2164:3000:e:19d6:1546:5981, ...
Connecting to download-installer.cdn.mozilla.net (download-installer.cdn.mozilla.net)|13.224.26.58|:443... connected.
HTTP request sent, awaiting response... 200 OK
Length: 30503247 (29M) [application/x-tar]
Saving to: `/tmp/firefox-28.0.tar.bz2'

     0K .......... .......... .......... .......... ..........  0% 2.18M 13s
    50K .......... .......... .......... .......... ..........  0% 1.23M 18s
   100K .......... .......... .......... .......... ..........  0% 2.68M 16s
   150K .......... .......... .......... .......... ..........  0% 4.90M 13s
   200K .......... .......... .......... .......... ..........  0% 1.50M 15s
   250K .......... .......... .......... .......... ..........  1% 7.38M 13s
   300K .......... .......... .......... .......... ..........  1% 11.6M 11s
   350K .......... .......... .......... .......... ..........  1% 11.7M 10s
   400K .......... .......... .......... .......... ..........  1% 10.2M 9s
   450K .......... .......... .......... .......... ..........  1% 9.44M 9s
   500K .......... .......... .......... .......... ..........  1% 1.34M 10s
   550K .......... .......... .......... .......... ..........  2% 19.6M 9s
   600K .......... .......... .......... .......... ..........  2% 25.7M 8s
   650K .......... .......... .......... .......... ..........  2% 25.5M 8s
   700K .......... .......... .......... .......... ..........  2% 43.3M 7s
   750K .......... .......... .......... .......... ..........  2% 28.4M 7s
   800K .......... .......... .......... .......... ..........  2% 38.2M 7s
   850K .......... .......... .......... .......... ..........  3% 24.6M 6s
   900K .......... .......... .......... .......... ..........  3% 45.0M 6s
   950K .......... .......... .......... .......... ..........  3% 6.77M 6s
  1000K .......... .......... .......... .......... ..........  3% 31.9M 6s
  1050K .......... .......... .......... .......... ..........  3% 40.8M 5s
  1100K .......... .......... .......... .......... ..........  3% 1.23M 6s
  1150K .......... .......... .......... .......... ..........  4% 35.8M 6s
  1200K .......... .......... .......... .......... ..........  4% 51.5M 6s
  1250K .......... .......... .......... .......... ..........  4% 82.4M 5s
  1300K .......... .......... .......... .......... ..........  4% 64.2M 5s
  1350K .......... .......... .......... .......... ..........  4% 58.4M 5s
  1400K .......... .......... .......... .......... ..........  4%  104M 5s
  1450K .......... .......... .......... .......... ..........  5% 65.4M 5s
  1500K .......... .......... .......... .......... ..........  5% 57.8M 5s
  1550K .......... .......... .......... .......... ..........  5% 78.7M 4s
  1600K .......... .......... .......... .......... ..........  5% 69.5M 4s
  1650K .......... .......... .......... .......... ..........  5% 42.1M 4s
  1700K .......... .......... .......... .......... ..........  5% 12.9M 4s
  1750K .......... .......... .......... .......... ..........  6% 54.4M 4s
  1800K .......... .......... .......... .......... ..........  6% 13.9M 4s
  1850K .......... .......... .......... .......... ..........  6% 80.8M 4s
  1900K .......... .......... .......... .......... ..........  6% 68.3M 4s
  1950K .......... .......... .......... .......... ..........  6% 67.8M 4s
  2000K .......... .......... .......... .......... ..........  6% 73.2M 4s
  2050K .......... .......... .......... .......... ..........  7% 60.4M 4s
  2100K .......... .......... .......... .......... ..........  7% 69.9M 3s
  2150K .......... .......... .......... .......... ..........  7% 75.1M 3s
  2200K .......... .......... .......... .......... ..........  7% 64.6M 3s
  2250K .......... .......... .......... .......... ..........  7%  107M 3s
  2300K .......... .......... .......... .......... ..........  7% 64.5M 3s
  2350K .......... .......... .......... .......... ..........  8% 1.19M 4s
  2400K .......... .......... .......... .......... ..........  8% 69.8M 3s
  2450K .......... .......... .......... .......... ..........  8% 71.0M 3s
  2500K .......... .......... .......... .......... ..........  8% 90.3M 3s
  2550K .......... .......... .......... .......... ..........  8%  158M 3s
  2600K .......... .......... .......... .......... ..........  8% 43.2M 3s
  2650K .......... .......... .......... .......... ..........  9% 74.8M 3s
  2700K .......... .......... .......... .......... ..........  9% 62.3M 3s
  2750K .......... .......... .......... .......... ..........  9%  133M 3s
  2800K .......... .......... .......... .......... ..........  9% 79.7M 3s
  2850K .......... .......... .......... .......... ..........  9% 88.1M 3s
  2900K .......... .......... .......... .......... ..........  9% 78.0M 3s
  2950K .......... .......... .......... .......... .......... 10%  141M 3s
  3000K .......... .......... .......... .......... .......... 10%  146M 3s
  3050K .......... .......... .......... .......... .......... 10%  149M 3s
  3100K .......... .......... .......... .......... .......... 10% 52.8M 3s
  3150K .......... .......... .......... .......... .......... 10%  134M 3s
  3200K .......... .......... .......... .......... .......... 10% 32.4M 3s
  3250K .......... .......... .......... .......... .......... 11%  121M 3s
  3300K .......... .......... .......... .......... .......... 11%  113M 3s
  3350K .......... .......... .......... .......... .......... 11%  127M 3s
  3400K .......... .......... .......... .......... .......... 11% 93.2M 2s
  3450K .......... .......... .......... .......... .......... 11%  113M 2s
  3500K .......... .......... .......... .......... .......... 11%  118M 2s
  3550K .......... .......... .......... .......... .......... 12% 61.9M 2s
  3600K .......... .......... .......... .......... .......... 12% 70.2M 2s
  3650K .......... .......... .......... .......... .......... 12% 61.3M 2s
  3700K .......... .......... .......... .......... .......... 12%  108M 2s
  3750K .......... .......... .......... .......... .......... 12%  118M 2s
  3800K .......... .......... .......... .......... .......... 12% 1.50M 2s
  3850K .......... .......... .......... .......... .......... 13%  124M 2s
  3900K .......... .......... .......... .......... .......... 13%  103M 2s
  3950K .......... .......... .......... .......... .......... 13% 77.6M 2s
  4000K .......... .......... .......... .......... .......... 13% 95.2M 2s
  4050K .......... .......... .......... .......... .......... 13%  118M 2s
  4100K .......... .......... .......... .......... .......... 13% 91.4M 2s
  4150K .......... .......... .......... .......... .......... 14%  109M 2s
  4200K .......... .......... .......... .......... .......... 14% 20.8M 2s
  4250K .......... .......... .......... .......... .......... 14% 28.4M 2s
  4300K .......... .......... .......... .......... .......... 14% 73.9M 2s
  4350K .......... .......... .......... .......... .......... 14% 54.2M 2s
  4400K .......... .......... .......... .......... .......... 14% 46.4M 2s
  4450K .......... .......... .......... .......... .......... 15%  125M 2s
  4500K .......... .......... .......... .......... .......... 15% 20.6M 2s
  4550K .......... .......... .......... .......... .......... 15%  122M 2s
  4600K .......... .......... .......... .......... .......... 15% 86.4M 2s
  4650K .......... .......... .......... .......... .......... 15%  125M 2s
  4700K .......... .......... .......... .......... .......... 15%  124M 2s
  4750K .......... .......... .......... .......... .......... 16%  108M 2s
  4800K .......... .......... .......... .......... .......... 16% 96.0M 2s
  4850K .......... .......... .......... .......... .......... 16% 59.2M 2s
  4900K .......... .......... .......... .......... .......... 16%  121M 2s
  4950K .......... .......... .......... .......... .......... 16% 29.1M 2s
  5000K .......... .......... .......... .......... .......... 16%  104M 2s
  5050K .......... .......... .......... .......... .......... 17%  108M 2s
  5100K .......... .......... .......... .......... .......... 17%  123M 2s
  5150K .......... .......... .......... .......... .......... 17%  108M 2s
  5200K .......... .......... .......... .......... .......... 17% 94.0M 2s
  5250K .......... .......... .......... .......... .......... 17%  123M 2s
  5300K .......... .......... .......... .......... .......... 17% 6.67M 2s
  5350K .......... .......... .......... .......... .......... 18%  121M 2s
  5400K .......... .......... .......... .......... .......... 18%  108M 2s
  5450K .......... .......... .......... .......... .......... 18% 84.2M 2s
  5500K .......... .......... .......... .......... .......... 18%  121M 2s
  5550K .......... .......... .......... .......... .......... 18%  131M 2s
  5600K .......... .......... .......... .......... .......... 18%  127M 2s
  5650K .......... .......... .......... .......... .......... 19% 63.8M 2s
  5700K .......... .......... .......... .......... .......... 19%  109M 2s
  5750K .......... .......... .......... .......... .......... 19% 9.90M 2s
  5800K .......... .......... .......... .......... .......... 19% 80.6M 2s
  5850K .......... .......... .......... .......... .......... 19% 99.3M 2s
  5900K .......... .......... .......... .......... .......... 19%  137M 2s
  5950K .......... .......... .......... .......... .......... 20%  136M 2s
  6000K .......... .......... .......... .......... .......... 20%  136M 2s
  6050K .......... .......... .......... .......... .......... 20% 90.1M 2s
  6100K .......... .......... .......... .......... .......... 20% 7.78M 2s
  6150K .......... .......... .......... .......... .......... 20% 89.4M 2s
  6200K .......... .......... .......... .......... .......... 20%  136M 2s
  6250K .......... .......... .......... .......... .......... 21% 92.6M 2s
  6300K .......... .......... .......... .......... .......... 21% 96.6M 2s
  6350K .......... .......... .......... .......... .......... 21%  106M 1s
  6400K .......... .......... .......... .......... .......... 21%  145M 1s
  6450K .......... .......... .......... .......... .......... 21%  148M 1s
  6500K .......... .......... .......... .......... .......... 21% 94.5M 1s
  6550K .......... .......... .......... .......... .......... 22% 6.50M 1s
  6600K .......... .......... .......... .......... .......... 22%  122M 1s
  6650K .......... .......... .......... .......... .......... 22%  124M 1s
  6700K .......... .......... .......... .......... .......... 22% 98.0M 1s
  6750K .......... .......... .......... .......... .......... 22%  125M 1s
  6800K .......... .......... .......... .......... .......... 22%  112M 1s
  6850K .......... .......... .......... .......... .......... 23%  107M 1s
  6900K .......... .......... .......... .......... .......... 23% 92.5M 1s
  6950K .......... .......... .......... .......... .......... 23% 13.9M 1s
  7000K .......... .......... .......... .......... .......... 23%  115M 1s
  7050K .......... .......... .......... .......... .......... 23%  121M 1s
  7100K .......... .......... .......... .......... .......... 24%  122M 1s
  7150K .......... .......... .......... .......... .......... 24%  101M 1s
  7200K .......... .......... .......... .......... .......... 24%  123M 1s
  7250K .......... .......... .......... .......... .......... 24%  112M 1s
  7300K .......... .......... .......... .......... .......... 24% 83.2M 1s
  7350K .......... .......... .......... .......... .......... 24% 20.6M 1s
  7400K .......... .......... .......... .......... .......... 25% 3.39M 1s
  7450K .......... .......... .......... .......... .......... 25%  105M 1s
  7500K .......... .......... .......... .......... .......... 25%  111M 1s
  7550K .......... .......... .......... .......... .......... 25% 91.5M 1s
  7600K .......... .......... .......... .......... .......... 25%  116M 1s
  7650K .......... .......... .......... .......... .......... 25%  137M 1s
  7700K .......... .......... .......... .......... .......... 26% 20.2M 1s
  7750K .......... .......... .......... .......... .......... 26%  123M 1s
  7800K .......... .......... .......... .......... .......... 26% 44.5M 1s
  7850K .......... .......... .......... .......... .......... 26%  119M 1s
  7900K .......... .......... .......... .......... .......... 26% 26.0M 1s
  7950K .......... .......... .......... .......... .......... 26%  122M 1s
  8000K .......... .......... .......... .......... .......... 27%  111M 1s
  8050K .......... .......... .......... .......... .......... 27%  121M 1s
  8100K .......... .......... .......... .......... .......... 27% 94.5M 1s
  8150K .......... .......... .......... .......... .......... 27%  126M 1s
  8200K .......... .......... .......... .......... .......... 27%  107M 1s
  8250K .......... .......... .......... .......... .......... 27%  122M 1s
  8300K .......... .......... .......... .......... .......... 28%  106M 1s
  8350K .......... .......... .......... .......... .......... 28%  103M 1s
  8400K .......... .......... .......... .......... .......... 28%  118M 1s
  8450K .......... .......... .......... .......... .......... 28%  124M 1s
  8500K .......... .......... .......... .......... .......... 28%  121M 1s
  8550K .......... .......... .......... .......... .......... 28% 86.7M 1s
  8600K .......... .......... .......... .......... .......... 29%  109M 1s
  8650K .......... .......... .......... .......... .......... 29%  115M 1s
  8700K .......... .......... .......... .......... .......... 29%  130M 1s
  8750K .......... .......... .......... .......... .......... 29% 98.4M 1s
  8800K .......... .......... .......... .......... .......... 29%  114M 1s
  8850K .......... .......... .......... .......... .......... 29%  112M 1s
  8900K .......... .......... .......... .......... .......... 30%  111M 1s
  8950K .......... .......... .......... .......... .......... 30%  118M 1s
  9000K .......... .......... .......... .......... .......... 30%  113M 1s
  9050K .......... .......... .......... .......... .......... 30%  114M 1s
  9100K .......... .......... .......... .......... .......... 30%  101M 1s
  9150K .......... .......... .......... .......... .......... 30%  115M 1s
  9200K .......... .......... .......... .......... .......... 31%  122M 1s
  9250K .......... .......... .......... .......... .......... 31%  108M 1s
  9300K .......... .......... .......... .......... .......... 31% 94.8M 1s
  9350K .......... .......... .......... .......... .......... 31%  122M 1s
  9400K .......... .......... .......... .......... .......... 31%  109M 1s
  9450K .......... .......... .......... .......... .......... 31%  121M 1s
  9500K .......... .......... .......... .......... .......... 32%  102M 1s
  9550K .......... .......... .......... .......... .......... 32%  125M 1s
  9600K .......... .......... .......... .......... .......... 32%  121M 1s
  9650K .......... .......... .......... .......... .......... 32% 90.9M 1s
  9700K .......... .......... .......... .......... .......... 32%  128M 1s
  9750K .......... .......... .......... .......... .......... 32%  108M 1s
  9800K .......... .......... .......... .......... .......... 33% 96.1M 1s
  9850K .......... .......... .......... .......... .......... 33%  131M 1s
  9900K .......... .......... .......... .......... .......... 33%  116M 1s
  9950K .......... .......... .......... .......... .......... 33% 1.27M 1s
 10000K .......... .......... .......... .......... .......... 33%  113M 1s
 10050K .......... .......... .......... .......... .......... 33%  108M 1s
 10100K .......... .......... .......... .......... .......... 34%  119M 1s
 10150K .......... .......... .......... .......... .......... 34%  104M 1s
 10200K .......... .......... .......... .......... .......... 34%  126M 1s
 10250K .......... .......... .......... .......... .......... 34%  113M 1s
 10300K .......... .......... .......... .......... .......... 34%  113M 1s
 10350K .......... .......... .......... .......... .......... 34% 94.8M 1s
 10400K .......... .......... .......... .......... .......... 35%  116M 1s
 10450K .......... .......... .......... .......... .......... 35%  113M 1s
 10500K .......... .......... .......... .......... .......... 35%  117M 1s
 10550K .......... .......... .......... .......... .......... 35%  117M 1s
 10600K .......... .......... .......... .......... .......... 35% 53.6M 1s
 10650K .......... .......... .......... .......... .......... 35%  122M 1s
 10700K .......... .......... .......... .......... .......... 36%  119M 1s
 10750K .......... .......... .......... .......... .......... 36% 90.2M 1s
 10800K .......... .......... .......... .......... .......... 36%  117M 1s
 10850K .......... .......... .......... .......... .......... 36%  116M 1s
 10900K .......... .......... .......... .......... .......... 36% 82.5M 1s
 10950K .......... .......... .......... .......... .......... 36%  119M 1s
 11000K .......... .......... .......... .......... .......... 37% 19.1M 1s
 11050K .......... .......... .......... .......... .......... 37%  104M 1s
 11100K .......... .......... .......... .......... .......... 37%  117M 1s
 11150K .......... .......... .......... .......... .......... 37%  125M 1s
 11200K .......... .......... .......... .......... .......... 37% 11.9M 1s
 11250K .......... .......... .......... .......... .......... 37%  112M 1s
 11300K .......... .......... .......... .......... .......... 38%  116M 1s
 11350K .......... .......... .......... .......... .......... 38%  118M 1s
 11400K .......... .......... .......... .......... .......... 38%  113M 1s
 11450K .......... .......... .......... .......... .......... 38%  117M 1s
 11500K .......... .......... .......... .......... .......... 38%  121M 1s
 11550K .......... .......... .......... .......... .......... 38% 34.2M 1s
 11600K .......... .......... .......... .......... .......... 39% 1.20M 1s
 11650K .......... .......... .......... .......... .......... 39% 26.5M 1s
 11700K .......... .......... .......... .......... .......... 39%  120M 1s
 11750K .......... .......... .......... .......... .......... 39%  108M 1s
 11800K .......... .......... .......... .......... .......... 39%  124M 1s
 11850K .......... .......... .......... .......... .......... 39% 92.6M 1s
 11900K .......... .......... .......... .......... .......... 40%  109M 1s
 11950K .......... .......... .......... .......... .......... 40%  119M 1s
 12000K .......... .......... .......... .......... .......... 40%  116M 1s
 12050K .......... .......... .......... .......... .......... 40%  103M 1s
 12100K .......... .......... .......... .......... .......... 40%  126M 1s
 12150K .......... .......... .......... .......... .......... 40%  115M 1s
 12200K .......... .......... .......... .......... .......... 41% 98.7M 1s
 12250K .......... .......... .......... .......... .......... 41%  122M 1s
 12300K .......... .......... .......... .......... .......... 41%  124M 1s
 12350K .......... .......... .......... .......... .......... 41% 35.5M 1s
 12400K .......... .......... .......... .......... .......... 41% 93.2M 1s
 12450K .......... .......... .......... .......... .......... 41%  124M 1s
 12500K .......... .......... .......... .......... .......... 42%  106M 1s
 12550K .......... .......... .......... .......... .......... 42%  126M 1s
 12600K .......... .......... .......... .......... .......... 42%  106M 1s
 12650K .......... .......... .......... .......... .......... 42%  113M 1s
 12700K .......... .......... .......... .......... .......... 42%  112M 1s
 12750K .......... .......... .......... .......... .......... 42%  126M 1s
 12800K .......... .......... .......... .......... .......... 43% 89.0M 1s
 12850K .......... .......... .......... .......... .......... 43%  127M 1s
 12900K .......... .......... .......... .......... .......... 43%  112M 1s
 12950K .......... .......... .......... .......... .......... 43%  112M 1s
 13000K .......... .......... .......... .......... .......... 43%  109M 1s
 13050K .......... .......... .......... .......... .......... 43%  124M 1s
 13100K .......... .......... .......... .......... .......... 44%  112M 1s
 13150K .......... .......... .......... .......... .......... 44% 93.8M 1s
 13200K .......... .......... .......... .......... .......... 44% 97.1M 1s
 13250K .......... .......... .......... .......... .......... 44%  126M 1s
 13300K .......... .......... .......... .......... .......... 44%  117M 1s
 13350K .......... .......... .......... .......... .......... 44% 86.5M 1s
 13400K .......... .......... .......... .......... .......... 45% 67.1M 1s
 13450K .......... .......... .......... .......... .......... 45% 86.8M 1s
 13500K .......... .......... .......... .......... .......... 45% 64.6M 1s
 13550K .......... .......... .......... .......... .......... 45%  129M 1s
 13600K .......... .......... .......... .......... .......... 45%  136M 1s
 13650K .......... .......... .......... .......... .......... 45%  109M 1s
 13700K .......... .......... .......... .......... .......... 46%  127M 1s
 13750K .......... .......... .......... .......... .......... 46%  107M 1s
 13800K .......... .......... .......... .......... .......... 46%  133M 1s
 13850K .......... .......... .......... .......... .......... 46%  124M 1s
 13900K .......... .......... .......... .......... .......... 46%  131M 1s
 13950K .......... .......... .......... .......... .......... 46%  124M 1s
 14000K .......... .......... .......... .......... .......... 47% 98.2M 1s
 14050K .......... .......... .......... .......... .......... 47%  116M 1s
 14100K .......... .......... .......... .......... .......... 47%  126M 1s
 14150K .......... .......... .......... .......... .......... 47%  118M 1s
 14200K .......... .......... .......... .......... .......... 47%  121M 1s
 14250K .......... .......... .......... .......... .......... 48%  122M 1s
 14300K .......... .......... .......... .......... .......... 48%  136M 1s
 14350K .......... .......... .......... .......... .......... 48%  136M 1s
 14400K .......... .......... .......... .......... .......... 48%  126M 1s
 14450K .......... .......... .......... .......... .......... 48%  140M 1s
 14500K .......... .......... .......... .......... .......... 48%  103M 1s
 14550K .......... .......... .......... .......... .......... 49%  142M 1s
 14600K .......... .......... .......... .......... .......... 49%  127M 1s
 14650K .......... .......... .......... .......... .......... 49% 96.7M 1s
 14700K .......... .......... .......... .......... .......... 49%  137M 1s
 14750K .......... .......... .......... .......... .......... 49%  104M 1s
 14800K .......... .......... .......... .......... .......... 49% 87.4M 1s
 14850K .......... .......... .......... .......... .......... 50% 94.0M 1s
 14900K .......... .......... .......... .......... .......... 50% 90.2M 1s
 14950K .......... .......... .......... .......... .......... 50%  118M 1s
 15000K .......... .......... .......... .......... .......... 50%  114M 1s
 15050K .......... .......... .......... .......... .......... 50%  144M 1s
 15100K .......... .......... .......... .......... .......... 50% 1.88M 1s
 15150K .......... .......... .......... .......... .......... 51% 12.8M 1s
 15200K .......... .......... .......... .......... .......... 51%  101M 1s
 15250K .......... .......... .......... .......... .......... 51%  127M 1s
 15300K .......... .......... .......... .......... .......... 51% 52.9M 1s
 15350K .......... .......... .......... .......... .......... 51%  108M 1s
 15400K .......... .......... .......... .......... .......... 51%  120M 1s
 15450K .......... .......... .......... .......... .......... 52% 93.8M 1s
 15500K .......... .......... .......... .......... .......... 52%  123M 1s
 15550K .......... .......... .......... .......... .......... 52%  107M 1s
 15600K .......... .......... .......... .......... .......... 52%  118M 1s
 15650K .......... .......... .......... .......... .......... 52%  112M 1s
 15700K .......... .......... .......... .......... .......... 52%  122M 1s
 15750K .......... .......... .......... .......... .......... 53% 94.1M 1s
 15800K .......... .......... .......... .......... .......... 53%  126M 1s
 15850K .......... .......... .......... .......... .......... 53%  108M 1s
 15900K .......... .......... .......... .......... .......... 53%  122M 1s
 15950K .......... .......... .......... .......... .......... 53% 15.6M 1s
 16000K .......... .......... .......... .......... .......... 53% 13.2M 1s
 16050K .......... .......... .......... .......... .......... 54% 13.5M 1s
 16100K .......... .......... .......... .......... .......... 54% 1.46M 1s
 16150K .......... .......... .......... .......... .......... 54%  107M 1s
 16200K .......... .......... .......... .......... .......... 54%  109M 1s
 16250K .......... .......... .......... .......... .......... 54% 93.7M 1s
 16300K .......... .......... .......... .......... .......... 54%  122M 1s
 16350K .......... .......... .......... .......... .......... 55%  115M 1s
 16400K .......... .......... .......... .......... .......... 55%  115M 1s
 16450K .......... .......... .......... .......... .......... 55%  113M 1s
 16500K .......... .......... .......... .......... .......... 55%  121M 1s
 16550K .......... .......... .......... .......... .......... 55% 8.65M 1s
 16600K .......... .......... .......... .......... .......... 55%  122M 1s
 16650K .......... .......... .......... .......... .......... 56%  121M 1s
 16700K .......... .......... .......... .......... .......... 56% 93.0M 1s
 16750K .......... .......... .......... .......... .......... 56%  108M 1s
 16800K .......... .......... .......... .......... .......... 56%  114M 1s
 16850K .......... .......... .......... .......... .......... 56%  116M 1s
 16900K .......... .......... .......... .......... .......... 56% 5.49M 1s
 16950K .......... .......... .......... .......... .......... 57% 80.6M 1s
 17000K .......... .......... .......... .......... .......... 57% 84.9M 1s
 17050K .......... .......... .......... .......... .......... 57% 64.6M 1s
 17100K .......... .......... .......... .......... .......... 57% 85.1M 1s
 17150K .......... .......... .......... .......... .......... 57%  148M 1s
 17200K .......... .......... .......... .......... .......... 57% 13.9M 1s
 17250K .......... .......... .......... .......... .......... 58% 83.1M 1s
 17300K .......... .......... .......... .......... .......... 58% 78.6M 1s
 17350K .......... .......... .......... .......... .......... 58% 80.5M 1s
 17400K .......... .......... .......... .......... .......... 58%  111M 1s
 17450K .......... .......... .......... .......... .......... 58% 6.93M 1s
 17500K .......... .......... .......... .......... .......... 58% 94.1M 1s
 17550K .......... .......... .......... .......... .......... 59%  107M 1s
 17600K .......... .......... .......... .......... .......... 59%  121M 0s
 17650K .......... .......... .......... .......... .......... 59%  131M 0s
 17700K .......... .......... .......... .......... .......... 59% 98.3M 0s
 17750K .......... .......... .......... .......... .......... 59%  121M 0s
 17800K .......... .......... .......... .......... .......... 59%  123M 0s
 17850K .......... .......... .......... .......... .......... 60% 37.1M 0s
 17900K .......... .......... .......... .......... .......... 60%  121M 0s
 17950K .......... .......... .......... .......... .......... 60% 90.9M 0s
 18000K .......... .......... .......... .......... .......... 60%  113M 0s
 18050K .......... .......... .......... .......... .......... 60%  122M 0s
 18100K .......... .......... .......... .......... .......... 60%  110M 0s
 18150K .......... .......... .......... .......... .......... 61%  112M 0s
 18200K .......... .......... .......... .......... .......... 61%  120M 0s
 18250K .......... .......... .......... .......... .......... 61%  110M 0s
 18300K .......... .......... .......... .......... .......... 61%  114M 0s
 18350K .......... .......... .......... .......... .......... 61% 97.4M 0s
 18400K .......... .......... .......... .......... .......... 61%  118M 0s
 18450K .......... .......... .......... .......... .......... 62%  128M 0s
 18500K .......... .......... .......... .......... .......... 62% 86.8M 0s
 18550K .......... .......... .......... .......... .......... 62%  113M 0s
 18600K .......... .......... .......... .......... .......... 62%  130M 0s
 18650K .......... .......... .......... .......... .......... 62%  114M 0s
 18700K .......... .......... .......... .......... .......... 62%  104M 0s
 18750K .......... .......... .......... .......... .......... 63%  113M 0s
 18800K .......... .......... .......... .......... .......... 63%  129M 0s
 18850K .......... .......... .......... .......... .......... 63%  110M 0s
 18900K .......... .......... .......... .......... .......... 63% 96.0M 0s
 18950K .......... .......... .......... .......... .......... 63%  114M 0s
 19000K .......... .......... .......... .......... .......... 63%  111M 0s
 19050K .......... .......... .......... .......... .......... 64%  113M 0s
 19100K .......... .......... .......... .......... .......... 64%  104M 0s
 19150K .......... .......... .......... .......... .......... 64%  126M 0s
 19200K .......... .......... .......... .......... .......... 64%  115M 0s
 19250K .......... .......... .......... .......... .......... 64%  117M 0s
 19300K .......... .......... .......... .......... .......... 64%  100M 0s
 19350K .......... .......... .......... .......... .......... 65%  127M 0s
 19400K .......... .......... .......... .......... .......... 65% 84.1M 0s
 19450K .......... .......... .......... .......... .......... 65%  135M 0s
 19500K .......... .......... .......... .......... .......... 65%  108M 0s
 19550K .......... .......... .......... .......... .......... 65%  121M 0s
 19600K .......... .......... .......... .......... .......... 65% 92.8M 0s
 19650K .......... .......... .......... .......... .......... 66%  110M 0s
 19700K .......... .......... .......... .......... .......... 66%  122M 0s
 19750K .......... .......... .......... .......... .......... 66%  119M 0s
 19800K .......... .......... .......... .......... .......... 66%  106M 0s
 19850K .......... .......... .......... .......... .......... 66%  118M 0s
 19900K .......... .......... .......... .......... .......... 66%  121M 0s
 19950K .......... .......... .......... .......... .......... 67%  107M 0s
 20000K .......... .......... .......... .......... .......... 67% 93.4M 0s
 20050K .......... .......... .......... .......... .......... 67%  114M 0s
 20100K .......... .......... .......... .......... .......... 67%  129M 0s
 20150K .......... .......... .......... .......... .......... 67%  113M 0s
 20200K .......... .......... .......... .......... .......... 67%  108M 0s
 20250K .......... .......... .......... .......... .......... 68% 3.76M 0s
 20300K .......... .......... .......... .......... .......... 68%  130M 0s
 20350K .......... .......... .......... .......... .......... 68% 48.5M 0s
 20400K .......... .......... .......... .......... .......... 68%  102M 0s
 20450K .......... .......... .......... .......... .......... 68% 89.8M 0s
 20500K .......... .......... .......... .......... .......... 68%  107M 0s
 20550K .......... .......... .......... .......... .......... 69%  102M 0s
 20600K .......... .......... .......... .......... .......... 69% 79.7M 0s
 20650K .......... .......... .......... .......... .......... 69% 95.6M 0s
 20700K .......... .......... .......... .......... .......... 69% 96.3M 0s
 20750K .......... .......... .......... .......... .......... 69% 82.7M 0s
 20800K .......... .......... .......... .......... .......... 69% 90.5M 0s
 20850K .......... .......... .......... .......... .......... 70% 95.4M 0s
 20900K .......... .......... .......... .......... .......... 70%  106M 0s
 20950K .......... .......... .......... .......... .......... 70% 94.6M 0s
 21000K .......... .......... .......... .......... .......... 70% 72.5M 0s
 21050K .......... .......... .......... .......... .......... 70%  109M 0s
 21100K .......... .......... .......... .......... .......... 71% 87.3M 0s
 21150K .......... .......... .......... .......... .......... 71% 97.9M 0s
 21200K .......... .......... .......... .......... .......... 71%  105M 0s
 21250K .......... .......... .......... .......... .......... 71% 81.4M 0s
 21300K .......... .......... .......... .......... .......... 71% 98.1M 0s
 21350K .......... .......... .......... .......... .......... 71% 88.4M 0s
 21400K .......... .......... .......... .......... .......... 72%  169M 0s
 21450K .......... .......... .......... .......... .......... 72%  175M 0s
 21500K .......... .......... .......... .......... .......... 72%  175M 0s
 21550K .......... .......... .......... .......... .......... 72%  190M 0s
 21600K .......... .......... .......... .......... .......... 72%  187M 0s
 21650K .......... .......... .......... .......... .......... 72%  146M 0s
 21700K .......... .......... .......... .......... .......... 73%  197M 0s
 21750K .......... .......... .......... .......... .......... 73%  171M 0s
 21800K .......... .......... .......... .......... .......... 73%  190M 0s
 21850K .......... .......... .......... .......... .......... 73%  171M 0s
 21900K .......... .......... .......... .......... .......... 73%  194M 0s
 21950K .......... .......... .......... .......... .......... 73%  122M 0s
 22000K .......... .......... .......... .......... .......... 74%  118M 0s
 22050K .......... .......... .......... .......... .......... 74% 93.3M 0s
 22100K .......... .......... .......... .......... .......... 74%  113M 0s
 22150K .......... .......... .......... .......... .......... 74%  113M 0s
 22200K .......... .......... .......... .......... .......... 74%  118M 0s
 22250K .......... .......... .......... .......... .......... 74%  112M 0s
 22300K .......... .......... .......... .......... .......... 75%  113M 0s
 22350K .......... .......... .......... .......... .......... 75% 96.0M 0s
 22400K .......... .......... .......... .......... .......... 75%  119M 0s
 22450K .......... .......... .......... .......... .......... 75%  108M 0s
 22500K .......... .......... .......... .......... .......... 75%  118M 0s
 22550K .......... .......... .......... .......... .......... 75%  113M 0s
 22600K .......... .......... .......... .......... .......... 76%  103M 0s
 22650K .......... .......... .......... .......... .......... 76% 61.2M 0s
 22700K .......... .......... .......... .......... .......... 76% 54.0M 0s
 22750K .......... .......... .......... .......... .......... 76%  100M 0s
 22800K .......... .......... .......... .......... .......... 76% 1.62M 0s
 22850K .......... .......... .......... .......... .......... 76% 4.81M 0s
 22900K .......... .......... .......... .......... .......... 77% 94.5M 0s
 22950K .......... .......... .......... .......... .......... 77% 76.5M 0s
 23000K .......... .......... .......... .......... .......... 77% 71.2M 0s
 23050K .......... .......... .......... .......... .......... 77% 90.0M 0s
 23100K .......... .......... .......... .......... .......... 77%  102M 0s
 23150K .......... .......... .......... .......... .......... 77% 96.6M 0s
 23200K .......... .......... .......... .......... .......... 78% 98.0M 0s
 23250K .......... .......... .......... .......... .......... 78% 93.9M 0s
 23300K .......... .......... .......... .......... .......... 78% 65.4M 0s
 23350K .......... .......... .......... .......... .......... 78%  106M 0s
 23400K .......... .......... .......... .......... .......... 78%  101M 0s
 23450K .......... .......... .......... .......... .......... 78%  103M 0s
 23500K .......... .......... .......... .......... .......... 79% 93.8M 0s
 23550K .......... .......... .......... .......... .......... 79% 99.3M 0s
 23600K .......... .......... .......... .......... .......... 79%  103M 0s
 23650K .......... .......... .......... .......... .......... 79% 98.1M 0s
 23700K .......... .......... .......... .......... .......... 79% 75.6M 0s
 23750K .......... .......... .......... .......... .......... 79% 98.0M 0s
 23800K .......... .......... .......... .......... .......... 80% 85.0M 0s
 23850K .......... .......... .......... .......... .......... 80%  103M 0s
 23900K .......... .......... .......... .......... .......... 80% 85.8M 0s
 23950K .......... .......... .......... .......... .......... 80%  103M 0s
 24000K .......... .......... .......... .......... .......... 80% 98.2M 0s
 24050K .......... .......... .......... .......... .......... 80% 96.4M 0s
 24100K .......... .......... .......... .......... .......... 81%  190M 0s
 24150K .......... .......... .......... .......... .......... 81%  212M 0s
 24200K .......... .......... .......... .......... .......... 81%  182M 0s
 24250K .......... .......... .......... .......... .......... 81%  198M 0s
 24300K .......... .......... .......... .......... .......... 81%  164M 0s
 24350K .......... .......... .......... .......... .......... 81%  213M 0s
 24400K .......... .......... .......... .......... .......... 82%  197M 0s
 24450K .......... .......... .......... .......... .......... 82%  151M 0s
 24500K .......... .......... .......... .......... .......... 82%  122M 0s
 24550K .......... .......... .......... .......... .......... 82%  113M 0s
 24600K .......... .......... .......... .......... .......... 82%  113M 0s
 24650K .......... .......... .......... .......... .......... 82%  116M 0s
 24700K .......... .......... .......... .......... .......... 83% 91.3M 0s
 24750K .......... .......... .......... .......... .......... 83%  120M 0s
 24800K .......... .......... .......... .......... .......... 83%  108M 0s
 24850K .......... .......... .......... .......... .......... 83%  110M 0s
 24900K .......... .......... .......... .......... .......... 83%  112M 0s
 24950K .......... .......... .......... .......... .......... 83%  127M 0s
 25000K .......... .......... .......... .......... .......... 84%  105M 0s
 25050K .......... .......... .......... .......... .......... 84%  108M 0s
 25100K .......... .......... .......... .......... .......... 84%  122M 0s
 25150K .......... .......... .......... .......... .......... 84%  119M 0s
 25200K .......... .......... .......... .......... .......... 84% 89.6M 0s
 25250K .......... .......... .......... .......... .......... 84%  115M 0s
 25300K .......... .......... .......... .......... .......... 85%  110M 0s
 25350K .......... .......... .......... .......... .......... 85%  126M 0s
 25400K .......... .......... .......... .......... .......... 85% 1.20M 0s
 25450K .......... .......... .......... .......... .......... 85% 88.5M 0s
 25500K .......... .......... .......... .......... .......... 85% 99.0M 0s
 25550K .......... .......... .......... .......... .......... 85% 49.5M 0s
 25600K .......... .......... .......... .......... .......... 86% 86.3M 0s
 25650K .......... .......... .......... .......... .......... 86% 11.8M 0s
 25700K .......... .......... .......... .......... .......... 86% 81.8M 0s
 25750K .......... .......... .......... .......... .......... 86% 78.8M 0s
 25800K .......... .......... .......... .......... .......... 86% 75.5M 0s
 25850K .......... .......... .......... .......... .......... 86% 74.3M 0s
 25900K .......... .......... .......... .......... .......... 87% 81.2M 0s
 25950K .......... .......... .......... .......... .......... 87% 81.4M 0s
 26000K .......... .......... .......... .......... .......... 87% 65.1M 0s
 26050K .......... .......... .......... .......... .......... 87% 78.9M 0s
 26100K .......... .......... .......... .......... .......... 87% 85.5M 0s
 26150K .......... .......... .......... .......... .......... 87% 81.2M 0s
 26200K .......... .......... .......... .......... .......... 88%  105M 0s
 26250K .......... .......... .......... .......... .......... 88%  159M 0s
 26300K .......... .......... .......... .......... .......... 88%  164M 0s
 26350K .......... .......... .......... .......... .......... 88%  156M 0s
 26400K .......... .......... .......... .......... .......... 88%  141M 0s
 26450K .......... .......... .......... .......... .......... 88%  136M 0s
 26500K .......... .......... .......... .......... .......... 89%  164M 0s
 26550K .......... .......... .......... .......... .......... 89%  165M 0s
 26600K .......... .......... .......... .......... .......... 89%  171M 0s
 26650K .......... .......... .......... .......... .......... 89%  150M 0s
 26700K .......... .......... .......... .......... .......... 89%  157M 0s
 26750K .......... .......... .......... .......... .......... 89%  148M 0s
 26800K .......... .......... .......... .......... .......... 90%  148M 0s
 26850K .......... .......... .......... .......... .......... 90%  136M 0s
 26900K .......... .......... .......... .......... .......... 90%  132M 0s
 26950K .......... .......... .......... .......... .......... 90%  182M 0s
 27000K .......... .......... .......... .......... .......... 90%  154M 0s
 27050K .......... .......... .......... .......... .......... 90%  131M 0s
 27100K .......... .......... .......... .......... .......... 91%  133M 0s
 27150K .......... .......... .......... .......... .......... 91%  124M 0s
 27200K .......... .......... .......... .......... .......... 91%  109M 0s
 27250K .......... .......... .......... .......... .......... 91%  123M 0s
 27300K .......... .......... .......... .......... .......... 91% 94.9M 0s
 27350K .......... .......... .......... .......... .......... 91%  106M 0s
 27400K .......... .......... .......... .......... .......... 92%  122M 0s
 27450K .......... .......... .......... .......... .......... 92%  126M 0s
 27500K .......... .......... .......... .......... .......... 92%  111M 0s
 27550K .......... .......... .......... .......... .......... 92%  103M 0s
 27600K .......... .......... .......... .......... .......... 92%  101M 0s
 27650K .......... .......... .......... .......... .......... 92%  132M 0s
 27700K .......... .......... .......... .......... .......... 93%  113M 0s
 27750K .......... .......... .......... .......... .......... 93%  108M 0s
 27800K .......... .......... .......... .......... .......... 93%  112M 0s
 27850K .......... .......... .......... .......... .......... 93%  114M 0s
 27900K .......... .......... .......... .......... .......... 93%  112M 0s
 27950K .......... .......... .......... .......... .......... 93% 1.31M 0s
 28000K .......... .......... .......... .......... .......... 94% 90.4M 0s
 28050K .......... .......... .......... .......... .......... 94% 34.8M 0s
 28100K .......... .......... .......... .......... .......... 94% 87.6M 0s
 28150K .......... .......... .......... .......... .......... 94% 96.7M 0s
 28200K .......... .......... .......... .......... .......... 94% 99.0M 0s
 28250K .......... .......... .......... .......... .......... 95% 99.0M 0s
 28300K .......... .......... .......... .......... .......... 95% 79.9M 0s
 28350K .......... .......... .......... .......... .......... 95%  101M 0s
 28400K .......... .......... .......... .......... .......... 95% 93.3M 0s
 28450K .......... .......... .......... .......... .......... 95%  101M 0s
 28500K .......... .......... .......... .......... .......... 95% 86.1M 0s
 28550K .......... .......... .......... .......... .......... 96% 82.1M 0s
 28600K .......... .......... .......... .......... .......... 96%  105M 0s
 28650K .......... .......... .......... .......... .......... 96% 99.2M 0s
 28700K .......... .......... .......... .......... .......... 96% 95.4M 0s
 28750K .......... .......... .......... .......... .......... 96% 90.7M 0s
 28800K .......... .......... .......... .......... .......... 96% 99.4M 0s
 28850K .......... .......... .......... .......... .......... 97%  106M 0s
 28900K .......... .......... .......... .......... .......... 97% 81.8M 0s
 28950K .......... .......... .......... .......... .......... 97%  102M 0s
 29000K .......... .......... .......... .......... .......... 97% 74.4M 0s
 29050K .......... .......... .......... .......... .......... 97% 90.1M 0s
 29100K .......... .......... .......... .......... .......... 97% 91.9M 0s
 29150K .......... .......... .......... .......... .......... 98% 80.3M 0s
 29200K .......... .......... .......... .......... .......... 98%  147M 0s
 29250K .......... .......... .......... .......... .......... 98%  185M 0s
 29300K .......... .......... .......... .......... .......... 98%  180M 0s
 29350K .......... .......... .......... .......... .......... 98%  190M 0s
 29400K .......... .......... .......... .......... .......... 98%  180M 0s
 29450K .......... .......... .......... .......... .......... 99%  183M 0s
 29500K .......... .......... .......... .......... .......... 99%  207M 0s
 29550K .......... .......... .......... .......... .......... 99%  185M 0s
 29600K .......... .......... .......... .......... .......... 99%  158M 0s
 29650K .......... .......... .......... .......... .......... 99%  200M 0s
 29700K .......... .......... .......... .......... .......... 99%  195M 0s
 29750K .......... .......... .......... ........             100%  235M=1.0s

2020-12-29 19:47:47 (30.1 MB/s) - `/tmp/firefox-28.0.tar.bz2' saved [30503247/30503247]


travis_time:end:0e5c3328:start=1609271265993109150,finish=1609271267728169768,duration=1735060618[0K$ export PATH=$HOME/firefox-28.0/firefox:$PATH
travis_fold:end:install_firefox[0Ktravis_fold:start:postgresql[0K[33;1mStarting PostgreSQL v9.3[0m
travis_time:start:022deefe[0K$ sudo service postgresql stop
 * Stopping PostgreSQL 9.1 database server
   ...done.
 * Stopping PostgreSQL 9.2 database server
   ...done.
 * Stopping PostgreSQL 9.3 database server
   ...done.
 * Stopping PostgreSQL 9.4 database server
   ...done.

travis_time:end:022deefe:start=1609271271787626646,finish=1609271272627098904,duration=839472258[0Ktravis_time:start:31f41920[0K$ sudo service postgresql start 9.3
 * Starting PostgreSQL 9.3 database server
   ...done.

travis_time:end:31f41920:start=1609271272639049555,finish=1609271275256889475,duration=2617839920[0Ktravis_time:start:2a2c553e[0K$ sudo -u postgres createuser -s -p 5432 travis &>/dev/null

travis_time:end:2a2c553e:start=1609271275269213447,finish=1609271275329066650,duration=59853203[0Ktravis_time:start:1d89a69c[0K$ sudo -u postgres createdb -O travis -p 5432 travis &>/dev/null

travis_time:end:1d89a69c:start=1609271275339497173,finish=1609271275624465611,duration=284968438[0Ktravis_time:start:095f44ae[0K$ sudo -u postgres createuser -s -p 5433 travis &>/dev/null

travis_time:end:095f44ae:start=1609271275636668052,finish=1609271275696453440,duration=59785388[0Ktravis_time:start:20ef8386[0K$ sudo -u postgres createdb -O travis -p 5433 travis &>/dev/null

travis_time:end:20ef8386:start=1609271275707641331,finish=1609271275765182961,duration=57541630[0Ktravis_fold:end:postgresql[0Ktravis_time:start:1a4fadb6[0K$ source ~/virtualenv/python2.7/bin/activate

travis_time:end:1a4fadb6:start=1609271275933511560,finish=1609271275945284340,duration=11772780[0K$ python --version
Python 2.7.9
$ pip --version
pip 6.0.7 from /home/travis/virtualenv/python2.7.9/lib/python2.7/site-packages (python 2.7)
travis_fold:start:before_install.1[0Ktravis_time:start:159182f4[0K$ export DISPLAY=:99.0

travis_time:end:159182f4:start=1609271276239236732,finish=1609271276249756215,duration=10519483[0Ktravis_fold:end:before_install.1[0Ktravis_fold:start:before_install.2[0Ktravis_time:start:164a3700[0K$ sh -e /etc/init.d/xvfb start
Starting virtual X frame buffer: Xvfb.

travis_time:end:164a3700:start=1609271276262732688,finish=1609271276286317308,duration=23584620[0Ktravis_fold:end:before_install.2[0Ktravis_fold:start:install[0Ktravis_time:start:0d13c11b[0K$ ./bootstrap.py
Using real prefix '/opt/python/2.7.9'
New python executable in /home/travis/build/failed/ccnmtl/dmt/ve/bin/python
Installing setuptools, pip...done.
Collecting wheel==0.24.0
  Retrying (Retry(total=4, connect=None, read=None, redirect=None)) after connection broken by 'ProtocolError('Connection aborted.', gaierror(-2, 'Name or service not known'))': /wheel/
  Retrying (Retry(total=3, connect=None, read=None, redirect=None)) after connection broken by 'ProtocolError('Connection aborted.', gaierror(-2, 'Name or service not known'))': /wheel/
  Retrying (Retry(total=2, connect=None, read=None, redirect=None)) after connection broken by 'ProtocolError('Connection aborted.', gaierror(-2, 'Name or service not known'))': /wheel/
  Retrying (Retry(total=1, connect=None, read=None, redirect=None)) after connection broken by 'ProtocolError('Connection aborted.', gaierror(-2, 'Name or service not known'))': /wheel/
  Retrying (Retry(total=0, connect=None, read=None, redirect=None)) after connection broken by 'ProtocolError('Connection aborted.', gaierror(-2, 'Name or service not known'))': /wheel/
  DEPRECATION: Failed to find 'wheel' at https://pypi.ccnmtl.columbia.edu/wheel/. It is suggested to upgrade your index to support normalized names as the name in /simple/{name}.
  Retrying (Retry(total=4, connect=None, read=None, redirect=None)) after connection broken by 'ProtocolError('Connection aborted.', gaierror(-2, 'Name or service not known'))': /
  Retrying (Retry(total=3, connect=None, read=None, redirect=None)) after connection broken by 'ProtocolError('Connection aborted.', gaierror(-2, 'Name or service not known'))': /
  Retrying (Retry(total=2, connect=None, read=None, redirect=None)) after connection broken by 'ProtocolError('Connection aborted.', gaierror(-2, 'Name or service not known'))': /
  Retrying (Retry(total=1, connect=None, read=None, redirect=None)) after connection broken by 'ProtocolError('Connection aborted.', gaierror(-2, 'Name or service not known'))': /
  Retrying (Retry(total=0, connect=None, read=None, redirect=None)) after connection broken by 'ProtocolError('Connection aborted.', gaierror(-2, 'Name or service not known'))': /
  Cannot fetch index base URL https://pypi.ccnmtl.columbia.edu/
  Retrying (Retry(total=4, connect=None, read=None, redirect=None)) after connection broken by 'ProtocolError('Connection aborted.', gaierror(-2, 'Name or service not known'))': /wheel/
  Retrying (Retry(total=3, connect=None, read=None, redirect=None)) after connection broken by 'ProtocolError('Connection aborted.', gaierror(-2, 'Name or service not known'))': /wheel/
  Retrying (Retry(total=2, connect=None, read=None, redirect=None)) after connection broken by 'ProtocolError('Connection aborted.', gaierror(-2, 'Name or service not known'))': /wheel/
  Retrying (Retry(total=1, connect=None, read=None, redirect=None)) after connection broken by 'ProtocolError('Connection aborted.', gaierror(-2, 'Name or service not known'))': /wheel/
  Retrying (Retry(total=0, connect=None, read=None, redirect=None)) after connection broken by 'ProtocolError('Connection aborted.', gaierror(-2, 'Name or service not known'))': /wheel/
  Could not find a version that satisfies the requirement wheel==0.24.0 (from versions: )
No matching distribution found for wheel==0.24.0

travis_time:end:0d13c11b:start=1609271276297675398,finish=1609271305696659817,duration=29398984419[0K
[31;1mThe command "./bootstrap.py" failed and exited with 1 during .[0m

Your build has been stopped.
