travis_fold:start:system_info[0K[33;1mBuild system information[0m
Build language: python
Build group: stable
Build dist: trusty
Build id: ''
Job id: ''
[34m[1mBuild image provisioning date and time[0m
Tue Dec  5 20:11:19 UTC 2017
[34m[1mOperating System Details[0m
Distributor ID:	Ubuntu
Description:	Ubuntu 14.04.5 LTS
Release:	14.04
Codename:	trusty
[34m[1mCookbooks Version[0m
7c2c6a6 https://github.com/travis-ci/travis-cookbooks/tree/7c2c6a6
[34m[1mgit version[0m
git version 2.15.1
[34m[1mbash version[0m
GNU bash, version 4.3.11(1)-release (x86_64-pc-linux-gnu)
[34m[1mgcc version[0m
gcc (Ubuntu 4.8.4-2ubuntu1~14.04.3) 4.8.4
Copyright (C) 2013 Free Software Foundation, Inc.
This is free software; see the source for copying conditions.  There is NO
warranty; not even for MERCHANTABILITY or FITNESS FOR A PARTICULAR PURPOSE.

[34m[1mdocker version[0m
Client:
 Version:      17.09.0-ce
 API version:  1.32
 Go version:   go1.8.3
 Git commit:   afdb6d4
 Built:        Tue Sep 26 22:39:28 2017
 OS/Arch:      linux/amd64
[34m[1mclang version[0m
clang version 5.0.0 (tags/RELEASE_500/final)
Target: x86_64-unknown-linux-gnu
Thread model: posix
InstalledDir: /usr/local/clang-5.0.0/bin
[34m[1mjq version[0m
jq-1.5
[34m[1mbats version[0m
Bats 0.4.0
[34m[1mshellcheck version[0m
0.4.6
[34m[1mshfmt version[0m
v2.0.0
[34m[1mccache version[0m
ccache version 3.1.9

Copyright (C) 2002-2007 Andrew Tridgell
Copyright (C) 2009-2011 Joel Rosdahl

This program is free software; you can redistribute it and/or modify it under
the terms of the GNU General Public License as published by the Free Software
Foundation; either version 3 of the License, or (at your option) any later
version.
[34m[1mcmake version[0m
cmake version 3.9.2

CMake suite maintained and supported by Kitware (kitware.com/cmake).
[34m[1mheroku version[0m
heroku-cli/6.14.39-addc925 (linux-x64) node-v9.2.0
[34m[1mimagemagick version[0m
Version: ImageMagick 6.7.7-10 2017-07-31 Q16 http://www.imagemagick.org
[34m[1mmd5deep version[0m
4.2
[34m[1mmercurial version[0m
Mercurial Distributed SCM (version 4.2.2)
(see https://mercurial-scm.org for more information)

Copyright (C) 2005-2017 Matt Mackall and others
This is free software; see the source for copying conditions. There is NO
warranty; not even for MERCHANTABILITY or FITNESS FOR A PARTICULAR PURPOSE.
[34m[1mmysql version[0m
mysql  Ver 14.14 Distrib 5.6.33, for debian-linux-gnu (x86_64) using  EditLine wrapper
[34m[1mopenssl version[0m
OpenSSL 1.0.1f 6 Jan 2014
[34m[1mpacker version[0m
Packer v1.0.2

Your version of Packer is out of date! The latest version
is 1.1.2. You can update by downloading from www.packer.io
[34m[1mpostgresql client version[0m
psql (PostgreSQL) 9.6.6
[34m[1mragel version[0m
Ragel State Machine Compiler version 6.8 Feb 2013
Copyright (c) 2001-2009 by Adrian Thurston
[34m[1msubversion version[0m
svn, version 1.8.8 (r1568071)
   compiled Aug 10 2017, 17:20:39 on x86_64-pc-linux-gnu

Copyright (C) 2013 The Apache Software Foundation.
This software consists of contributions made by many people;
see the NOTICE file for more information.
Subversion is open source software, see http://subversion.apache.org/

The following repository access (RA) modules are available:

* ra_svn : Module for accessing a repository using the svn network protocol.
  - with Cyrus SASL authentication
  - handles 'svn' scheme
* ra_local : Module for accessing a repository on local disk.
  - handles 'file' scheme
* ra_serf : Module for accessing a repository via WebDAV protocol using serf.
  - using serf 1.3.3
  - handles 'http' scheme
  - handles 'https' scheme

[34m[1msudo version[0m
Sudo version 1.8.9p5
Configure options: --prefix=/usr -v --with-all-insults --with-pam --with-fqdn --with-logging=syslog --with-logfac=authpriv --with-env-editor --with-editor=/usr/bin/editor --with-timeout=15 --with-password-timeout=0 --with-passprompt=[sudo] password for %p:  --without-lecture --with-tty-tickets --disable-root-mailer --enable-admin-flag --with-sendmail=/usr/sbin/sendmail --with-timedir=/var/lib/sudo --mandir=/usr/share/man --libexecdir=/usr/lib/sudo --with-sssd --with-sssd-lib=/usr/lib/x86_64-linux-gnu --with-selinux
Sudoers policy plugin version 1.8.9p5
Sudoers file grammar version 43

Sudoers path: /etc/sudoers
Authentication methods: 'pam'
Syslog facility if syslog is being used for logging: authpriv
Syslog priority to use when user authenticates successfully: notice
Syslog priority to use when user authenticates unsuccessfully: alert
Send mail if the user is not in sudoers
Use a separate timestamp for each user/tty combo
Lecture user the first time they run sudo
Root may run sudo
Allow some information gathering to give useful error messages
Require fully-qualified hostnames in the sudoers file
Visudo will honor the EDITOR environment variable
Set the LOGNAME and USER environment variables
Length at which to wrap log file lines (0 for no wrap): 80
Authentication timestamp timeout: 15.0 minutes
Password prompt timeout: 0.0 minutes
Number of tries to enter a password: 3
Umask to use or 0777 to use user's: 022
Path to mail program: /usr/sbin/sendmail
Flags for mail program: -t
Address to send mail to: root
Subject line for mail messages: *** SECURITY information for %h ***
Incorrect password message: Sorry, try again.
Path to authentication timestamp dir: /var/lib/sudo
Default password prompt: [sudo] password for %p: 
Default user to run commands as: root
Value to override user's $PATH with: /usr/local/sbin:/usr/local/bin:/usr/sbin:/usr/bin:/sbin:/bin:/snap/bin
Path to the editor for use by visudo: /usr/bin/editor
When to require a password for 'list' pseudocommand: any
When to require a password for 'verify' pseudocommand: all
File descriptors >= 3 will be closed before executing a command
Environment variables to check for sanity:
	TZ
	TERM
	LINGUAS
	LC_*
	LANGUAGE
	LANG
	COLORTERM
Environment variables to remove:
	RUBYOPT
	RUBYLIB
	PYTHONUSERBASE
	PYTHONINSPECT
	PYTHONPATH
	PYTHONHOME
	TMPPREFIX
	ZDOTDIR
	READNULLCMD
	NULLCMD
	FPATH
	PERL5DB
	PERL5OPT
	PERL5LIB
	PERLLIB
	PERLIO_DEBUG 
	JAVA_TOOL_OPTIONS
	SHELLOPTS
	GLOBIGNORE
	PS4
	BASH_ENV
	ENV
	TERMCAP
	TERMPATH
	TERMINFO_DIRS
	TERMINFO
	_RLD*
	LD_*
	PATH_LOCALE
	NLSPATH
	HOSTALIASES
	RES_OPTIONS
	LOCALDOMAIN
	CDPATH
	IFS
Environment variables to preserve:
	JAVA_HOME
	TRAVIS
	CI
	DEBIAN_FRONTEND
	XAUTHORIZATION
	XAUTHORITY
	PS2
	PS1
	PATH
	LS_COLORS
	KRB5CCNAME
	HOSTNAME
	HOME
	DISPLAY
	COLORS
Locale to use while parsing sudoers: C
Directory in which to store input/output logs: /var/log/sudo-io
File in which to store the input/output log: %{seq}
Add an entry to the utmp/utmpx file when allocating a pty
PAM service name to use
PAM service name to use for login shells
Create a new PAM session for the command to run in
Maximum I/O log sequence number: 0

Local IP address and netmask pairs:
	172.17.0.2/255.255.0.0

Sudoers I/O plugin version 1.8.9p5
[34m[1mgzip version[0m
gzip 1.6
Copyright (C) 2007, 2010, 2011 Free Software Foundation, Inc.
Copyright (C) 1993 Jean-loup Gailly.
This is free software.  You may redistribute copies of it under the terms of
the GNU General Public License <http://www.gnu.org/licenses/gpl.html>.
There is NO WARRANTY, to the extent permitted by law.

Written by Jean-loup Gailly.
[34m[1mzip version[0m
Copyright (c) 1990-2008 Info-ZIP - Type 'zip "-L"' for software license.
This is Zip 3.0 (July 5th 2008), by Info-ZIP.
Currently maintained by E. Gordon.  Please send bug reports to
the authors using the web page at www.info-zip.org; see README for details.

Latest sources and executables are at ftp://ftp.info-zip.org/pub/infozip,
as of above date; see http://www.info-zip.org/ for other sites.

Compiled with gcc 4.8.2 for Unix (Linux ELF) on Oct 21 2013.

Zip special compilation options:
	USE_EF_UT_TIME       (store Universal Time)
	BZIP2_SUPPORT        (bzip2 library version 1.0.6, 6-Sept-2010)
	    bzip2 code and library copyright (c) Julian R Seward
	    (See the bzip2 license for terms of use)
	SYMLINK_SUPPORT      (symbolic links supported)
	LARGE_FILE_SUPPORT   (can read and write large files on file system)
	ZIP64_SUPPORT        (use Zip64 to store large files in archives)
	UNICODE_SUPPORT      (store and read UTF-8 Unicode paths)
	STORE_UNIX_UIDs_GIDs (store UID/GID sizes/values using new extra field)
	UIDGID_NOT_16BIT     (old Unix 16-bit UID/GID extra field not used)
	[encryption, version 2.91 of 05 Jan 2007] (modified for Zip 3)

Encryption notice:
	The encryption code of this program is not copyrighted and is
	put in the public domain.  It was originally written in Europe
	and, to the best of our knowledge, can be freely distributed
	in both source and object forms from any country, including
	the USA under License Exception TSU of the U.S. Export
	Administration Regulations (section 740.13(e)) of 6 June 2002.

Zip environment options:
             ZIP:  [none]
          ZIPOPT:  [none]
[34m[1mvim version[0m
VIM - Vi IMproved 7.4 (2013 Aug 10, compiled Nov 24 2016 16:43:18)
Included patches: 1-52
Extra patches: 8.0.0056
Modified by pkg-vim-maintainers@lists.alioth.debian.org
Compiled by buildd@
Huge version without GUI.  Features included (+) or not (-):
+acl             +farsi           +mouse_netterm   +syntax
+arabic          +file_in_path    +mouse_sgr       +tag_binary
+autocmd         +find_in_path    -mouse_sysmouse  +tag_old_static
-balloon_eval    +float           +mouse_urxvt     -tag_any_white
-browse          +folding         +mouse_xterm     -tcl
++builtin_terms  -footer          +multi_byte      +terminfo
+byte_offset     +fork()          +multi_lang      +termresponse
+cindent         +gettext         -mzscheme        +textobjects
-clientserver    -hangul_input    +netbeans_intg   +title
-clipboard       +iconv           +path_extra      -toolbar
+cmdline_compl   +insert_expand   -perl            +user_commands
+cmdline_hist    +jumplist        +persistent_undo +vertsplit
+cmdline_info    +keymap          +postscript      +virtualedit
+comments        +langmap         +printer         +visual
+conceal         +libcall         +profile         +visualextra
+cryptv          +linebreak       +python          +viminfo
+cscope          +lispindent      -python3         +vreplace
+cursorbind      +listcmds        +quickfix        +wildignore
+cursorshape     +localmap        +reltime         +wildmenu
+dialog_con      -lua             +rightleft       +windows
+diff            +menu            -ruby            +writebackup
+digraphs        +mksession       +scrollbind      -X11
-dnd             +modify_fname    +signs           -xfontset
-ebcdic          +mouse           +smartindent     -xim
+emacs_tags      -mouseshape      -sniff           -xsmp
+eval            +mouse_dec       +startuptime     -xterm_clipboard
+ex_extra        +mouse_gpm       +statusline      -xterm_save
+extra_search    -mouse_jsbterm   -sun_workshop    -xpm
   system vimrc file: "$VIM/vimrc"
     user vimrc file: "$HOME/.vimrc"
 2nd user vimrc file: "~/.vim/vimrc"
      user exrc file: "$HOME/.exrc"
  fall-back for $VIM: "/usr/share/vim"
Compilation: gcc -c -I. -Iproto -DHAVE_CONFIG_H     -g -O2 -fstack-protector --param=ssp-buffer-size=4 -Wformat -Werror=format-security -U_FORTIFY_SOURCE -D_FORTIFY_SOURCE=1      
Linking: gcc   -Wl,-Bsymbolic-functions -Wl,-z,relro -Wl,--as-needed -o vim        -lm -ltinfo -lnsl  -lselinux  -lacl -lattr -lgpm -ldl    -L/usr/lib/python2.7/config-x86_64-linux-gnu -lpython2.7 -lpthread -ldl -lutil -lm -Xlinker -export-dynamic -Wl,-O1 -Wl,-Bsymbolic-functions      
[34m[1miptables version[0m
iptables v1.4.21
[34m[1mcurl version[0m
curl 7.35.0 (x86_64-pc-linux-gnu) libcurl/7.35.0 OpenSSL/1.0.1f zlib/1.2.8 libidn/1.28 librtmp/2.3
[34m[1mwget version[0m
GNU Wget 1.15 built on linux-gnu.
[34m[1mrsync version[0m
rsync  version 3.1.0  protocol version 31
[34m[1mgimme version[0m
v1.2.0
[34m[1mnvm version[0m
0.33.6
[34m[1mperlbrew version[0m
/home/travis/perl5/perlbrew/bin/perlbrew  - App::perlbrew/0.80
[34m[1mphpenv version[0m
rbenv 1.1.1-25-g6aa70b6
[34m[1mrvm version[0m
rvm 1.29.3 (latest) by Michal Papis, Piotr Kuczynski, Wayne E. Seguin [https://rvm.io]
[34m[1mdefault ruby version[0m
ruby 2.4.1p111 (2017-03-22 revision 58053) [x86_64-linux]
[34m[1mCouchDB version[0m
couchdb 1.6.1
[34m[1mElasticSearch version[0m
5.5.0
[34m[1mInstalled Firefox version[0m
firefox 56.0.2
[34m[1mMongoDB version[0m
MongoDB 3.4.10
[34m[1mPhantomJS version[0m
2.1.1
[34m[1mPre-installed PostgreSQL versions[0m
9.2.24
9.3.20
9.4.15
9.5.10
9.6.6
[34m[1mRabbitMQ Version[0m
3.6.14
[34m[1mRedis version[0m
redis-server 4.0.6
[34m[1mriak version[0m
2.2.3
[34m[1mPre-installed Go versions[0m
1.7.4
[34m[1mant version[0m
Apache Ant(TM) version 1.9.3 compiled on April 8 2014
[34m[1mmvn version[0m
Apache Maven 3.5.2 (138edd61fd100ec658bfa2d307c43b76940a5d7d; 2017-10-18T07:58:13Z)
Maven home: /usr/local/maven-3.5.2
Java version: 1.8.0_151, vendor: Oracle Corporation
Java home: /usr/lib/jvm/java-8-oracle/jre
Default locale: en_US, platform encoding: UTF-8
OS name: "linux", version: "4.4.0-101-generic", arch: "amd64", family: "unix"
[34m[1mgradle version[0m

------------------------------------------------------------
Gradle 4.0.1
------------------------------------------------------------

Build time:   2017-07-07 14:02:41 UTC
Revision:     38e5dc0f772daecca1d2681885d3d85414eb6826

Groovy:       2.4.11
Ant:          Apache Ant(TM) version 1.9.6 compiled on June 29 2015
JVM:          1.8.0_151 (Oracle Corporation 25.151-b12)
OS:           Linux 4.4.0-101-generic amd64

[34m[1mlein version[0m
Leiningen 2.8.1 on Java 1.8.0_151 Java HotSpot(TM) 64-Bit Server VM
[34m[1mPre-installed Node.js versions[0m
v4.8.6
v6.12.0
v6.12.1
v8.9
v8.9.1
[34m[1mphpenv versions[0m
  system
  5.6
* 5.6.32 (set by /home/travis/.phpenv/version)
  7.0
  7.0.25
  7.1
  7.1.11
  hhvm
  hhvm-stable
[34m[1mcomposer --version[0m
Composer version 1.5.2 2017-09-11 16:59:25
[34m[1mPre-installed Ruby versions[0m
ruby-2.2.7
ruby-2.3.4
ruby-2.4.1
travis_fold:end:system_info[0K
grep: /etc/apt/sources.list.d/*: No such file or directory
sed: cannot rename /etc/hosts: Device or resource busy
sed: cannot rename /etc/hosts: Device or resource busy
[33;1m3.5 is not installed; attempting download[0m
[33;1mDownloading archive: https://s3.amazonaws.com/travis-python-archives/binaries/ubuntu/14.04/x86_64/python-3.5.tar.bz2[0m
$ sudo tar xjf python-3.5.tar.bz2 --directory /
sed: can't read /etc/profile.d/pyenv.sh: No such file or directory
$ cd failed/getslash/slash
travis_time:start:08835178[0K$ source ~/virtualenv/python3.5/bin/activate

travis_time:end:08835178:start=1609308502589478731,finish=1609308502607365626,duration=17886895[0K$ python --version
Python 3.5.6
$ pip --version
pip 18.0 from /home/travis/virtualenv/python3.5.6/lib/python3.5/site-packages/pip (python 3.5)
travis_fold:start:install.1[0Ktravis_time:start:0418679a[0K$ pip install virtualenv==15.1.0
Collecting virtualenv==15.1.0
  Downloading https://files.pythonhosted.org/packages/6f/86/3dc328ee7b1a6419ebfac7896d882fba83c48e3561d22ddddf38294d3e83/virtualenv-15.1.0-py2.py3-none-any.whl (1.8MB)
Installing collected packages: virtualenv
  Found existing installation: virtualenv 16.0.0
    Uninstalling virtualenv-16.0.0:
      Successfully uninstalled virtualenv-16.0.0
Successfully installed virtualenv-15.1.0

travis_time:end:0418679a:start=1609308503071584208,finish=1609308504312572961,duration=1240988753[0Ktravis_fold:end:install.1[0Ktravis_fold:start:install.2[0Ktravis_time:start:24278154[0K$ pip install codecov==2.0.10
Collecting codecov==2.0.10
  Downloading https://files.pythonhosted.org/packages/e0/5d/3ebba3f5b994fe6af69638bef91980dfbd7b8e4d16c7c5ebee4e7c2ee138/codecov-2.0.10-py2.py3-none-any.whl
Collecting requests>=2.7.9 (from codecov==2.0.10)
  Downloading https://files.pythonhosted.org/packages/29/c1/24814557f1d22c56d50280771a17307e6bf87b70727d975fd6b2ce6b014a/requests-2.25.1-py2.py3-none-any.whl (61kB)
Collecting coverage (from codecov==2.0.10)
  Downloading https://files.pythonhosted.org/packages/96/47/c3f90c21d46b803d84deb6e3364ad25e490e7a17b92da05de3083693f3d9/coverage-5.3.1-cp35-cp35m-manylinux1_x86_64.whl (240kB)
Requirement already satisfied: certifi>=2017.4.17 in /home/travis/virtualenv/python3.5.6/lib/python3.5/site-packages (from requests>=2.7.9->codecov==2.0.10) (2018.4.16)
Collecting chardet<5,>=3.0.2 (from requests>=2.7.9->codecov==2.0.10)
  Downloading https://files.pythonhosted.org/packages/19/c7/fa589626997dd07bd87d9269342ccb74b1720384a4d739a1872bd84fbe68/chardet-4.0.0-py2.py3-none-any.whl (178kB)
Collecting idna<3,>=2.5 (from requests>=2.7.9->codecov==2.0.10)
  Downloading https://files.pythonhosted.org/packages/a2/38/928ddce2273eaa564f6f50de919327bf3a00f091b5baba8dfa9460f3a8a8/idna-2.10-py2.py3-none-any.whl (58kB)
Collecting urllib3<1.27,>=1.21.1 (from requests>=2.7.9->codecov==2.0.10)
  Downloading https://files.pythonhosted.org/packages/f5/71/45d36a8df68f3ebb098d6861b2c017f3d094538c0fb98fa61d4dc43e69b9/urllib3-1.26.2-py2.py3-none-any.whl (136kB)
Installing collected packages: chardet, idna, urllib3, requests, coverage, codecov
Successfully installed chardet-4.0.0 codecov-2.0.10 coverage-5.3.1 idna-2.10 requests-2.25.1 urllib3-1.26.2

travis_time:end:24278154:start=1609308504323337361,finish=1609308507031350872,duration=2708013511[0Ktravis_fold:end:install.2[0Ktravis_time:start:0021bbd0[0K$ make env
python -m virtualenv .env
Using real prefix '/opt/python/3.5.6'
New python executable in /home/travis/build/failed/getslash/slash/.env/bin/python
Installing setuptools, pip, wheel...done.
.env/bin/pip install -e .[testing] -r doc/pip_requirements.txt
DEPRECATION: Python 3.5 reached the end of its life on September 13th, 2020. Please upgrade your Python as Python 3.5 is no longer maintained. pip 21.0 will drop support for Python 3.5 in January 2021. pip 21.0 will remove support for this functionality.
Obtaining file:///home/travis/build/failed/getslash/slash
Collecting Sphinx>1.4
  Downloading Sphinx-3.4.1-py3-none-any.whl (2.9 MB)
Requirement already satisfied: setuptools in ./.env/lib/python3.5/site-packages (from Sphinx>1.4->-r doc/pip_requirements.txt (line 5)) (50.3.2)
Collecting alabaster
  Downloading alabaster-0.7.12-py2.py3-none-any.whl (14 kB)
Collecting babel>=1.3
  Downloading Babel-2.9.0-py2.py3-none-any.whl (8.8 MB)
Collecting confetti>=2.4.1
  Downloading confetti-2.5.3.tar.gz (6.5 kB)
Collecting dessert>=1.3.1
  Downloading dessert-1.4.1.tar.gz (33 kB)
Collecting atomicwrites>=1.0
  Downloading atomicwrites-1.4.0-py2.py3-none-any.whl (6.8 kB)
Collecting docutils>=0.12
  Downloading docutils-0.16-py2.py3-none-any.whl (548 kB)
Collecting emport>=1.1.3
  Downloading emport-1.3.1.tar.gz (5.3 kB)
Collecting gossip>=2.2.0
  Downloading gossip-2.4.0.tar.gz (64 kB)
Collecting Jinja2
  Downloading Jinja2-2.11.2-py2.py3-none-any.whl (125 kB)
Collecting Logbook>=1.1.0
  Downloading Logbook-1.5.3.tar.gz (85 kB)
Collecting MarkupSafe>=0.23
  Downloading MarkupSafe-1.1.1-cp35-cp35m-manylinux1_x86_64.whl (27 kB)
Collecting orderedset>=2.0.0
  Downloading orderedset-2.0.3.tar.gz (101 kB)
Collecting py>=1.5.0
  Downloading py-1.10.0-py2.py3-none-any.whl (97 kB)
Collecting Pygments>=2.0
  Downloading Pygments-2.7.3-py3-none-any.whl (950 kB)
Collecting pylint>=1.7
  Downloading pylint-2.6.0-py3-none-any.whl (325 kB)
Collecting astroid<=2.5,>=2.4.0
  Downloading astroid-2.4.2-py3-none-any.whl (213 kB)
Collecting lazy-object-proxy==1.4.*
  Downloading lazy_object_proxy-1.4.3-cp35-cp35m-manylinux1_x86_64.whl (55 kB)
Collecting isort<6,>=4.2.5
  Downloading isort-4.3.21-py2.py3-none-any.whl (42 kB)
Collecting mccabe<0.7,>=0.6
  Downloading mccabe-0.6.1-py2.py3-none-any.whl (8.6 kB)
Collecting pytz>=2015.7
  Downloading pytz-2020.5-py2.py3-none-any.whl (510 kB)
Collecting requests>=1.1.0
  Using cached requests-2.25.1-py2.py3-none-any.whl (61 kB)
Collecting certifi>=2017.4.17
  Downloading certifi-2020.12.5-py2.py3-none-any.whl (147 kB)
Collecting chardet<5,>=3.0.2
  Using cached chardet-4.0.0-py2.py3-none-any.whl (178 kB)
Collecting idna<3,>=2.5
  Using cached idna-2.10-py2.py3-none-any.whl (58 kB)
Collecting sentinels>=0.0.5
  Downloading sentinels-1.0.0.tar.gz (4.1 kB)
Collecting six
  Downloading six-1.15.0-py2.py3-none-any.whl (10 kB)
Collecting snowballstemmer>=1.1
  Downloading snowballstemmer-2.0.0-py2.py3-none-any.whl (97 kB)
Collecting toml>=0.7.1
  Downloading toml-0.10.2-py2.py3-none-any.whl (16 kB)
Collecting typed-ast<1.5,>=1.4.0
  Downloading typed_ast-1.4.1-cp35-cp35m-manylinux1_x86_64.whl (737 kB)
Collecting urllib3<1.27,>=1.21.1
  Using cached urllib3-1.26.2-py2.py3-none-any.whl (136 kB)
Collecting vintage>=0.4.0
  Downloading vintage-0.4.1.tar.gz (3.9 kB)
Collecting wrapt~=1.11
  Downloading wrapt-1.12.1.tar.gz (27 kB)
Collecting releases
  Downloading releases-1.6.3-py2.py3-none-any.whl (22 kB)
Collecting semantic-version<2.7
  Downloading semantic_version-2.6.0-py3-none-any.whl (14 kB)
Collecting arrow
  Downloading arrow-0.17.0-py2.py3-none-any.whl (50 kB)
Collecting python-dateutil>=2.7.0
  Downloading python_dateutil-2.8.1-py2.py3-none-any.whl (227 kB)
Collecting attrs
  Downloading attrs-20.3.0-py2.py3-none-any.whl (49 kB)
Collecting colorama
  Downloading colorama-0.4.4-py2.py3-none-any.whl (16 kB)
Collecting coverage
  Downloading coverage-5.3.1-cp35-cp35m-manylinux2010_x86_64.whl (240 kB)
Collecting coveralls
  Downloading coveralls-2.2.0-py2.py3-none-any.whl (13 kB)
Collecting docopt>=0.6.1
  Downloading docopt-0.6.2.tar.gz (25 kB)
Collecting imagesize
  Downloading imagesize-1.2.0-py2.py3-none-any.whl (4.8 kB)
Collecting IPython
  Downloading ipython-7.9.0-py3-none-any.whl (775 kB)
Collecting jedi>=0.10
  Downloading jedi-0.17.2-py2.py3-none-any.whl (1.4 MB)
Collecting parso<0.8.0,>=0.7.0
  Downloading parso-0.7.1-py2.py3-none-any.whl (109 kB)
Collecting prompt-toolkit<2.1.0,>=2.0.0
  Downloading prompt_toolkit-2.0.10-py3-none-any.whl (340 kB)
Collecting traitlets>=4.2
  Downloading traitlets-4.3.3-py2.py3-none-any.whl (75 kB)
Collecting backcall
  Downloading backcall-0.2.0-py2.py3-none-any.whl (11 kB)
Collecting decorator
  Downloading decorator-4.4.2-py2.py3-none-any.whl (9.2 kB)
Collecting ipython-genutils
  Downloading ipython_genutils-0.2.0-py2.py3-none-any.whl (26 kB)
Collecting munch
  Downloading munch-2.5.0-py2.py3-none-any.whl (10 kB)
Collecting packaging
  Downloading packaging-20.8-py2.py3-none-any.whl (39 kB)
Collecting pyparsing
  Downloading pyparsing-2.4.7-py2.py3-none-any.whl (67 kB)
Collecting pexpect
  Downloading pexpect-4.8.0-py2.py3-none-any.whl (59 kB)
Collecting ptyprocess>=0.5
  Downloading ptyprocess-0.7.0-py2.py3-none-any.whl (13 kB)
Collecting pickleshare
  Downloading pickleshare-0.7.5-py2.py3-none-any.whl (6.9 kB)
Collecting pyforge
  Downloading pyforge-1.3.0.tar.gz (20 kB)
Collecting pytest
  Downloading pytest-6.1.2-py3-none-any.whl (272 kB)
Collecting importlib-metadata>=0.12
  Downloading importlib_metadata-2.1.1-py2.py3-none-any.whl (10 kB)
Collecting pathlib2>=2.2.0
  Downloading pathlib2-2.3.5-py2.py3-none-any.whl (18 kB)
Collecting pluggy<1.0,>=0.12
  Downloading pluggy-0.13.1-py2.py3-none-any.whl (18 kB)
Collecting zipp>=0.5
  Downloading zipp-1.2.0-py2.py3-none-any.whl (4.8 kB)
Collecting iniconfig
  Downloading iniconfig-1.1.1-py2.py3-none-any.whl (5.0 kB)
Collecting pytest-catchlog
  Downloading pytest_catchlog-1.2.2-py2.py3-none-any.whl (10 kB)
Collecting pytest-cov
  Downloading pytest_cov-2.10.1-py2.py3-none-any.whl (19 kB)
Collecting pytest-timeout
  Downloading pytest_timeout-1.4.2-py2.py3-none-any.whl (10 kB)
Collecting raven
  Downloading raven-6.10.0-py2.py3-none-any.whl (284 kB)
Collecting sphinxcontrib-applehelp
  Downloading sphinxcontrib_applehelp-1.0.2-py2.py3-none-any.whl (121 kB)
Collecting sphinxcontrib-devhelp
  Downloading sphinxcontrib_devhelp-1.0.2-py2.py3-none-any.whl (84 kB)
Collecting sphinxcontrib-htmlhelp
  Downloading sphinxcontrib_htmlhelp-1.0.3-py2.py3-none-any.whl (96 kB)
Collecting sphinxcontrib-jsmath
  Downloading sphinxcontrib_jsmath-1.0.1-py2.py3-none-any.whl (5.1 kB)
Collecting sphinxcontrib-qthelp
  Downloading sphinxcontrib_qthelp-1.0.3-py2.py3-none-any.whl (90 kB)
Collecting sphinxcontrib-serializinghtml
  Downloading sphinxcontrib_serializinghtml-1.1.4-py2.py3-none-any.whl (89 kB)
Collecting SQLAlchemy
  Downloading SQLAlchemy-1.3.22-cp35-cp35m-manylinux2010_x86_64.whl (1.3 MB)
Collecting tmuxp
  Downloading tmuxp-1.6.3-py3-none-any.whl (30 kB)
Collecting click>=7<8
  Downloading click-7.1.2-py2.py3-none-any.whl (82 kB)
Collecting kaptan>=0.5.10
  Downloading kaptan-0.5.12.tar.gz (10 kB)
Collecting libtmux>=0.8<0.9
  Downloading libtmux-0.8.5-py3-none-any.whl (29 kB)
Collecting PyYAML<6,>=3.13
  Downloading PyYAML-5.3.1.tar.gz (269 kB)
Collecting wcwidth
  Downloading wcwidth-0.2.5-py2.py3-none-any.whl (30 kB)
Building wheels for collected packages: pyforge, confetti, PyYAML, vintage, wrapt, emport, kaptan, orderedset, sentinels, gossip, dessert, docopt, Logbook
  Building wheel for pyforge (setup.py): started
  Building wheel for pyforge (setup.py): finished with status 'done'
  Created wheel for pyforge: filename=pyforge-1.3.0-py3-none-any.whl size=23216 sha256=a981001be7b8107d5cfd47e12af78fe30a811caf59a08b65027b88a45f1ad047
  Stored in directory: /home/travis/.cache/pip/wheels/6b/32/b6/2348695d72f40c18ce51c5d19e22827914c23d405a8020fcf1
  Building wheel for confetti (setup.py): started
  Building wheel for confetti (setup.py): finished with status 'done'
  Created wheel for confetti: filename=confetti-2.5.3-py3-none-any.whl size=7197 sha256=92871e9df2d23b40e33f150cdc56674b46c4b94ec478f8023b5e952077cca5be
  Stored in directory: /home/travis/.cache/pip/wheels/c2/83/12/94c38beac392040cf33f8f9f85b4f4790d47cb57c38e8badf1
  Building wheel for PyYAML (setup.py): started
  Building wheel for PyYAML (setup.py): finished with status 'done'
  Created wheel for PyYAML: filename=PyYAML-5.3.1-cp35-cp35m-linux_x86_64.whl size=418090 sha256=c4de6fe480a40e2a287d7ae7b58972c625ab3b1f9f8e075b427d8f30ea7f17fc
  Stored in directory: /home/travis/.cache/pip/wheels/57/d0/2c/e2003abb5bc1a94c2e8a6fe1c03b8055d074e34c13672e7eb7
  Building wheel for vintage (setup.py): started
  Building wheel for vintage (setup.py): finished with status 'done'
  Created wheel for vintage: filename=vintage-0.4.1-py3-none-any.whl size=2828 sha256=b5758cde664c663b2225036310e98876dc9d32eab12a02f01960a19be4297853
  Stored in directory: /home/travis/.cache/pip/wheels/f9/b5/c8/da15ac7b054e05cd8204dc9b8fbe8b7f0921337a2c5ff14bb1
  Building wheel for wrapt (setup.py): started
  Building wheel for wrapt (setup.py): finished with status 'done'
  Created wheel for wrapt: filename=wrapt-1.12.1-cp35-cp35m-linux_x86_64.whl size=66667 sha256=2bcc1e0eabda59a3f43ec337e4e02a22828bcf77996a27c8a18c83f242708ca7
  Stored in directory: /home/travis/.cache/pip/wheels/b8/2d/88/2fb764a7404287819251978fbfe4cacf9b4d8a1d41fce5dd97
  Building wheel for emport (setup.py): started
  Building wheel for emport (setup.py): finished with status 'done'
  Created wheel for emport: filename=emport-1.3.1-py3-none-any.whl size=2950 sha256=e297fa6df174695d3514b7e370e73920552f4427e36e30ef1be9acc5dacabb8a
  Stored in directory: /home/travis/.cache/pip/wheels/6b/fe/a4/1143bef605d816eefeaac66a74314e58818f64ec3d0fb8536f
  Building wheel for kaptan (setup.py): started
  Building wheel for kaptan (setup.py): finished with status 'done'
  Created wheel for kaptan: filename=kaptan-0.5.12-py3-none-any.whl size=10977 sha256=5c11e17714b7351ab2954975bfe3f8aa81a2258e8f1267e3e817f56e05c8f028
  Stored in directory: /home/travis/.cache/pip/wheels/ac/5e/c9/9b154d2beec5fcce55aede5cc1d3b7256d153f9d8a8a41c32c
  Building wheel for orderedset (setup.py): started
  Building wheel for orderedset (setup.py): finished with status 'done'
  Created wheel for orderedset: filename=orderedset-2.0.3-cp35-cp35m-linux_x86_64.whl size=270085 sha256=f2c6cea5b6e448b2d7cd780e5e9e3840b9cc3f6c71cebc86c039b4688af68e32
  Stored in directory: /home/travis/.cache/pip/wheels/fe/9a/9d/7f149dd9b76e6cc911f97add03d9eaba1733f24795e606d453
  Building wheel for sentinels (setup.py): started
  Building wheel for sentinels (setup.py): finished with status 'done'
  Created wheel for sentinels: filename=sentinels-1.0.0-py3-none-any.whl size=3186 sha256=5474735ee3121e0cd01d1a721597a967bc9bcb2656d010c0373cd64a106b25a0
  Stored in directory: /home/travis/.cache/pip/wheels/0b/d5/77/49fb1d1a6209f97f0bb762f0350403d5f69da8e453aa6bbd12
  Building wheel for gossip (setup.py): started
  Building wheel for gossip (setup.py): finished with status 'done'
  Created wheel for gossip: filename=gossip-2.4.0-py3-none-any.whl size=14827 sha256=5f3598ef71e85e8637234f1466f60c162d44baf86c7bb6e79ef4063bfd499e87
  Stored in directory: /home/travis/.cache/pip/wheels/cc/e4/d6/d5092aa964cdcabfb35062591303dc4a54896617ff46f845c3
  Building wheel for dessert (setup.py): started
  Building wheel for dessert (setup.py): finished with status 'done'
  Created wheel for dessert: filename=dessert-1.4.1-py3-none-any.whl size=22795 sha256=e61df91aacda36312390eea63d555263a4decea801bc6e376049a2d04cbcb396
  Stored in directory: /home/travis/.cache/pip/wheels/bb/58/73/a34b41f1ca18597fe587f0eef13066dc41f076f031ec9f0c7d
  Building wheel for docopt (setup.py): started
  Building wheel for docopt (setup.py): finished with status 'done'
  Created wheel for docopt: filename=docopt-0.6.2-py2.py3-none-any.whl size=13705 sha256=b4fc55e0a492ba29799173f378648f193654cce5bcabc9c4c9cf2aa9d4a2d701
  Stored in directory: /home/travis/.cache/pip/wheels/63/74/c4/1e4f0884a7ba7c26baa4a841240a507953dcfe7de606522571
  Building wheel for Logbook (setup.py): started
  Building wheel for Logbook (setup.py): finished with status 'done'
  Created wheel for Logbook: filename=Logbook-1.5.3-cp35-cp35m-linux_x86_64.whl size=66387 sha256=3f10295e0b8460ef333b01af3d2594d9629824f15d29ffd165a88a497875ad27
  Stored in directory: /home/travis/.cache/pip/wheels/c1/e7/ba/2f058e795252d37a0833a55df093cc967a20fc30fd226529d4
Successfully built pyforge confetti PyYAML vintage wrapt emport kaptan orderedset sentinels gossip dessert docopt Logbook
Installing collected packages: zipp, wcwidth, six, PyYAML, pyparsing, ptyprocess, parso, ipython-genutils, importlib-metadata, decorator, wrapt, vintage, urllib3, typed-ast, traitlets, toml, sentinels, pytz, python-dateutil, Pygments, py, prompt-toolkit, pluggy, pickleshare, pexpect, pathlib2, packaging, munch, MarkupSafe, Logbook, libtmux, lazy-object-proxy, kaptan, jedi, iniconfig, idna, colorama, click, chardet, certifi, backcall, attrs, atomicwrites, tmuxp, SQLAlchemy, sphinxcontrib-serializinghtml, sphinxcontrib-qthelp, sphinxcontrib-jsmath, sphinxcontrib-htmlhelp, sphinxcontrib-devhelp, sphinxcontrib-applehelp, snowballstemmer, requests, raven, pytest, orderedset, mccabe, Jinja2, isort, IPython, imagesize, gossip, emport, docutils, docopt, dessert, coverage, confetti, babel, astroid, arrow, alabaster, Sphinx, slash, semantic-version, pytest-timeout, pytest-cov, pytest-catchlog, pylint, pyforge, coveralls, releases
  Running setup.py develop for slash
Successfully installed IPython-7.9.0 Jinja2-2.11.2 Logbook-1.5.3 MarkupSafe-1.1.1 PyYAML-5.3.1 Pygments-2.7.3 SQLAlchemy-1.3.22 Sphinx-3.4.1 alabaster-0.7.12 arrow-0.17.0 astroid-2.4.2 atomicwrites-1.4.0 attrs-20.3.0 babel-2.9.0 backcall-0.2.0 certifi-2020.12.5 chardet-4.0.0 click-7.1.2 colorama-0.4.4 confetti-2.5.3 coverage-5.3.1 coveralls-2.2.0 decorator-4.4.2 dessert-1.4.1 docopt-0.6.2 docutils-0.16 emport-1.3.1 gossip-2.4.0 idna-2.10 imagesize-1.2.0 importlib-metadata-2.1.1 iniconfig-1.1.1 ipython-genutils-0.2.0 isort-4.3.21 jedi-0.17.2 kaptan-0.5.12 lazy-object-proxy-1.4.3 libtmux-0.8.5 mccabe-0.6.1 munch-2.5.0 orderedset-2.0.3 packaging-20.8 parso-0.7.1 pathlib2-2.3.5 pexpect-4.8.0 pickleshare-0.7.5 pluggy-0.13.1 prompt-toolkit-2.0.10 ptyprocess-0.7.0 py-1.10.0 pyforge-1.3.0 pylint-2.6.0 pyparsing-2.4.7 pytest-6.1.2 pytest-catchlog-1.2.2 pytest-cov-2.10.1 pytest-timeout-1.4.2 python-dateutil-2.8.1 pytz-2020.5 raven-6.10.0 releases-1.6.3 requests-2.25.1 semantic-version-2.6.0 sentinels-1.0.0 six-1.15.0 slash snowballstemmer-2.0.0 sphinxcontrib-applehelp-1.0.2 sphinxcontrib-devhelp-1.0.2 sphinxcontrib-htmlhelp-1.0.3 sphinxcontrib-jsmath-1.0.1 sphinxcontrib-qthelp-1.0.3 sphinxcontrib-serializinghtml-1.1.4 tmuxp-1.6.3 toml-0.10.2 traitlets-4.3.3 typed-ast-1.4.1 urllib3-1.26.2 vintage-0.4.1 wcwidth-0.2.5 wrapt-1.12.1 zipp-1.2.0
touch .env/.up-to-date

travis_time:end:0021bbd0:start=1609308507044109131,finish=1609308567323560297,duration=60279451166[0K
[32;1mThe command "make env" exited with 0.[0m
travis_time:start:08190d45[0K$ make test
.env/bin/py.test --cov=slash --cov-report=html tests
============================= test session starts ==============================
platform linux -- Python 3.5.6, pytest-6.1.2, py-1.10.0, pluggy-0.13.1
rootdir: /home/travis/build/failed/getslash/slash, configfile: pytest.ini
plugins: timeout-1.4.2, cov-2.10.1, catchlog-1.2.2
collected 1514 items

tests/test_add_error.py ........................                         [  1%]
tests/test_app_context.py ..                                             [  1%]
tests/test_assertions.py .....................                           [  3%]
tests/test_autouse_fixtures.py ....................                      [  4%]
tests/test_cleanup_manager.py .....                                      [  4%]
tests/test_cleanups.py ................................................. [  7%]
..................                                                       [  9%]
tests/test_cli_environment.py ..............                             [ 10%]
tests/test_cli_utils.py ......                                           [ 10%]
tests/test_color_strings.py ........                                     [ 11%]
tests/test_console_log_truncation.py ..                                  [ 11%]
tests/test_console_reporter.py ........................                  [ 12%]
tests/test_context.py ........................                           [ 14%]
tests/test_coverage_plugin.py .......                                    [ 14%]
tests/test_cyclic_fixture_detection.py ........                          [ 15%]
tests/test_debugging.py ....                                             [ 15%]
tests/test_doctests.py .........................                         [ 17%]
tests/test_error_object.py .............                                 [ 18%]
tests/test_error_object_stack_trace.py ........                          [ 18%]
tests/test_exception_attributes.py ..                                    [ 18%]
tests/test_exception_handling.py .........s......................        [ 20%]
tests/test_exception_marks.py ...                                        [ 21%]
tests/test_ext_hook.py ...                                               [ 21%]
tests/test_factory_information.py ............                           [ 22%]
tests/test_facts.py ....                                                 [ 22%]
tests/test_failures.py .................                                 [ 23%]
tests/test_fixture_annotations.py ................................       [ 25%]
tests/test_fixture_exceptions.py ................                        [ 26%]
tests/test_fixture_exclusion.py .....                                    [ 26%]
tests/test_fixture_features.py ............                              [ 27%]
tests/test_fixture_mechanism.py .....................................    [ 30%]
tests/test_fixture_namespaces.py ..                                      [ 30%]
tests/test_fixture_resolution.py ...                                     [ 30%]
tests/test_fixture_scoping.py ......                                     [ 30%]
tests/test_fixture_start_end_test.py ........                            [ 31%]
tests/test_fixture_string_representation.py ....                         [ 31%]
tests/test_fixture_test_addresses.py ....                                [ 31%]
tests/test_fixtures.py ................................................. [ 35%]
                                                                         [ 35%]
tests/test_formatter.py ..........                                       [ 35%]
tests/test_function_marker.py .........                                  [ 36%]
tests/test_generator_fixture.py ........                                 [ 36%]
tests/test_global_storage.py .                                           [ 37%]
tests/test_globals.py .....                                              [ 37%]
tests/test_hook_calling.py ............................................. [ 40%]
..                                                                       [ 40%]
tests/test_hook_errors.py .....                                          [ 40%]
tests/test_hooks.py .....                                                [ 41%]
tests/test_id_space.py .                                                 [ 41%]
tests/test_interactive.py ....                                           [ 41%]
tests/test_interruptions.py ........................                     [ 43%]
tests/test_invalid_test_detection.py ....                                [ 43%]
tests/test_iteration.py ........                                         [ 43%]
tests/test_list_config.py ..                                             [ 43%]
tests/test_list_plugins.py ..                                            [ 44%]
tests/test_loader.py .........................                           [ 45%]
tests/test_local_config.py ...                                           [ 45%]
tests/test_logging.py .................................................. [ 49%]
.....................                                                    [ 50%]
tests/test_nofixtures.py ..                                              [ 50%]
tests/test_object_marker.py ............................................ [ 53%]
......................                                                   [ 55%]
tests/test_parallel.py ..................................                [ 57%]
tests/test_parametrization_ordering.py ..                                [ 57%]
tests/test_pattern_matching.py .......                                   [ 57%]
tests/test_plugin_activation.py ...................                      [ 59%]
tests/test_plugin_commandline.py ..                                      [ 59%]
tests/test_plugin_config.py .                                            [ 59%]
tests/test_plugin_dependency.py ................                         [ 60%]
tests/test_plugin_discovery.py .                                         [ 60%]
tests/test_plugin_errors.py ...                                          [ 60%]
tests/test_plugins.py .................                                  [ 61%]
tests/test_preliminary_errors.py ...                                     [ 62%]
tests/test_project_customization.py ....................                 [ 63%]
tests/test_python_utils.py .                                             [ 63%]
tests/test_repeat.py .........F........                                  [ 64%]
tests/test_reporters.py ......                                           [ 65%]
tests/test_requirements.py ............................................. [ 68%]
................................................                         [ 71%]
tests/test_result.py ............................................        [ 74%]
tests/test_result_details.py ............                                [ 74%]
tests/test_retained_logs_handler.py ..                                   [ 75%]
tests/test_running.py .................................................. [ 78%]
.........                                                                [ 78%]
tests/test_running_ad_hoc_tests.py ..                                    [ 79%]
tests/test_scope_manager.py ..                                           [ 79%]
tests/test_scoped_cleanups.py ......                                     [ 79%]
tests/test_site_customization.py ......                                  [ 79%]
tests/test_skips.py .......                                              [ 80%]
tests/test_slash_list.py ......................                          [ 81%]
tests/test_slash_resume.py .........                                     [ 82%]
tests/test_slash_run.py .................                                [ 83%]
tests/test_suite_files.py ................................               [ 85%]
tests/test_suite_writer.py ...                                           [ 85%]
tests/test_suite_writer_factories.py .                                   [ 85%]
tests/test_suite_writer_fixtures.py ....                                 [ 86%]
tests/test_suite_writer_negative.py ..                                   [ 86%]
tests/test_suite_writer_running.py ....                                  [ 86%]
tests/test_tagging.py .............................................      [ 89%]
tests/test_terminal_writer_wrapper.py ...                                [ 89%]
tests/test_test.py ......                                                [ 90%]
tests/test_test_loading.py ....                                          [ 90%]
tests/test_test_metadata.py ................................             [ 92%]
tests/test_test_parameters.py ............                               [ 93%]
tests/test_traceback_utils.py .......                                    [ 93%]
tests/test_unified_session_log.py ............                           [ 94%]
tests/test_ut_utils.py ....                                              [ 94%]
tests/test_utils.py ..                                                   [ 95%]
tests/test_variation_info.py .........                                   [ 95%]
tests/test_warning_capture.py .....                                      [ 95%]
tests/test_warnings.py ..........                                        [ 96%]
tests/test_xunit_plugin.py ............................................. [ 99%]
                                                                         [ 99%]
tests/test_yield_fixture.py ......                                       [100%]

=================================== FAILURES ===================================
____________________________ test_repeat_all_global ____________________________

suite = <tests.utils.suite_writer.suite.Suite object at 0x1514ed1e2f28>
config_override = <function config_override.<locals>._override at 0x1514edbc97b8>

    def test_repeat_all_global(suite, config_override):
        num_repetitions = 5
        config_override('run.repeat_all', num_repetitions)
        for index, test in enumerate(suite):
            test.append_line('slash.context.result.data["index"]={}'.format(index))
    
        for test in suite:
            test.expect_repetition(num_repetitions)
    
        summary = suite.run()
    
        indices = [res.data['index'] for res in summary.session.results.iter_test_results()]
>       assert indices == [x for x in range(len(suite)) for _ in range(num_repetitions)]
E       assert [0, 1, 2, 3, 4, 5, ...] == [0, 0, 0, 0, 0, 1, ...]
E         At index 1 diff: 1 != 0
E         Use -v to get the full diff

tests/test_repeat.py:41: AssertionError
----------------------------- Captured stderr call -----------------------------
[2020-12-30 06:15:22.328438] DEBUG: slash.loader: Checking /tmp/tmpnb8u30_t/test_08531.py
[2020-12-30 06:15:22.335824] TRACE: emport: Creating new package for /tmp/tmpnb8u30_t/test_08531.py
[2020-12-30 06:15:22.336276] TRACE: emport: After split: /tmp/tmpnb8u30_t, test_08531
[2020-12-30 06:15:22.349835] TRACE: slash.core.cleanup_manager: CleanupManager: pushing scope 'session-global'
[2020-12-30 06:15:22.355282] NOTICE: slash.runner: #1: /tmp/tmpnb8u30_t/test_08531.py:Test08532.test_08533
[2020-12-30 06:15:22.355833] DEBUG: slash.runner: Started test #1: <Runnable test </tmp/tmpnb8u30_t/test_08531.py:Test08532.test_08533>>
[2020-12-30 06:15:22.362526] TRACE: slash.core.scope_manager: Pushed scope session
[2020-12-30 06:15:22.362665] TRACE: slash.core.cleanup_manager: CleanupManager: pushing scope 'session'
[2020-12-30 06:15:22.362753] TRACE: slash.core.scope_manager: Pushed scope module
[2020-12-30 06:15:22.362822] TRACE: slash.core.cleanup_manager: CleanupManager: pushing scope 'module'
[2020-12-30 06:15:22.362892] TRACE: slash.core.scope_manager: Pushed scope test
[2020-12-30 06:15:22.362957] TRACE: slash.core.cleanup_manager: CleanupManager: pushing scope 'test'
[2020-12-30 06:15:22.372610] TRACE: slash.core.scope_manager: Popping scope test (expected test)
[2020-12-30 06:15:22.372759] TRACE: slash.core.cleanup_manager: CleanupManager: popping scope 'test' (failure: False, interrupt: False)
[2020-12-30 06:15:22.372841] TRACE: slash.core.cleanup_manager: Calling cleanups of scope 'test' (failure=False, interrupt=False)
[2020-12-30 06:15:22.376406] TRACE: slash.core.scope_manager: Popped scope test
[2020-12-30 06:15:22.380080] NOTICE: slash.runner: #2: /tmp/tmpnb8u30_t/test_08531.py:test_08534
[2020-12-30 06:15:22.380485] DEBUG: slash.runner: Started test #2: <Runnable test </tmp/tmpnb8u30_t/test_08531.py:test_08534>>
[2020-12-30 06:15:22.386836] TRACE: slash.core.scope_manager: Pushed scope test
[2020-12-30 06:15:22.386963] TRACE: slash.core.cleanup_manager: CleanupManager: pushing scope 'test'
[2020-12-30 06:15:22.390306] TRACE: slash.core.scope_manager: Popping scope test (expected test)
[2020-12-30 06:15:22.390438] TRACE: slash.core.cleanup_manager: CleanupManager: popping scope 'test' (failure: False, interrupt: False)
[2020-12-30 06:15:22.390520] TRACE: slash.core.cleanup_manager: Calling cleanups of scope 'test' (failure=False, interrupt=False)
[2020-12-30 06:15:22.394061] TRACE: slash.core.scope_manager: Popped scope test
[2020-12-30 06:15:22.397594] NOTICE: slash.runner: #3: /tmp/tmpnb8u30_t/test_08531.py:Test08532.test_08535
[2020-12-30 06:15:22.397994] DEBUG: slash.runner: Started test #3: <Runnable test </tmp/tmpnb8u30_t/test_08531.py:Test08532.test_08535>>
[2020-12-30 06:15:22.404416] TRACE: slash.core.scope_manager: Pushed scope test
[2020-12-30 06:15:22.404545] TRACE: slash.core.cleanup_manager: CleanupManager: pushing scope 'test'
[2020-12-30 06:15:22.414057] TRACE: slash.core.scope_manager: Popping scope test (expected test)
[2020-12-30 06:15:22.414203] TRACE: slash.core.cleanup_manager: CleanupManager: popping scope 'test' (failure: False, interrupt: False)
[2020-12-30 06:15:22.414286] TRACE: slash.core.cleanup_manager: Calling cleanups of scope 'test' (failure=False, interrupt=False)
[2020-12-30 06:15:22.417813] TRACE: slash.core.scope_manager: Popped scope test
[2020-12-30 06:15:22.421342] NOTICE: slash.runner: #4: /tmp/tmpnb8u30_t/test_08531.py:test_08536
[2020-12-30 06:15:22.421744] DEBUG: slash.runner: Started test #4: <Runnable test </tmp/tmpnb8u30_t/test_08531.py:test_08536>>
[2020-12-30 06:15:22.429852] TRACE: slash.core.scope_manager: Pushed scope test
[2020-12-30 06:15:22.429982] TRACE: slash.core.cleanup_manager: CleanupManager: pushing scope 'test'
[2020-12-30 06:15:22.433283] TRACE: slash.core.scope_manager: Popping scope test (expected test)
[2020-12-30 06:15:22.433414] TRACE: slash.core.cleanup_manager: CleanupManager: popping scope 'test' (failure: False, interrupt: False)
[2020-12-30 06:15:22.433495] TRACE: slash.core.cleanup_manager: Calling cleanups of scope 'test' (failure=False, interrupt=False)
[2020-12-30 06:15:22.436992] TRACE: slash.core.scope_manager: Popped scope test
[2020-12-30 06:15:22.440556] NOTICE: slash.runner: #5: /tmp/tmpnb8u30_t/test_08531.py:Test08532.test_08537
[2020-12-30 06:15:22.440963] DEBUG: slash.runner: Started test #5: <Runnable test </tmp/tmpnb8u30_t/test_08531.py:Test08532.test_08537>>
[2020-12-30 06:15:22.447351] TRACE: slash.core.scope_manager: Pushed scope test
[2020-12-30 06:15:22.447484] TRACE: slash.core.cleanup_manager: CleanupManager: pushing scope 'test'
[2020-12-30 06:15:22.457206] TRACE: slash.core.scope_manager: Popping scope test (expected test)
[2020-12-30 06:15:22.457385] TRACE: slash.core.cleanup_manager: CleanupManager: popping scope 'test' (failure: False, interrupt: False)
[2020-12-30 06:15:22.457468] TRACE: slash.core.cleanup_manager: Calling cleanups of scope 'test' (failure=False, interrupt=False)
[2020-12-30 06:15:22.460901] TRACE: slash.core.scope_manager: Popped scope test
[2020-12-30 06:15:22.464684] NOTICE: slash.runner: #6: /tmp/tmpnb8u30_t/test_08531.py:test_08538
[2020-12-30 06:15:22.465110] DEBUG: slash.runner: Started test #6: <Runnable test </tmp/tmpnb8u30_t/test_08531.py:test_08538>>
[2020-12-30 06:15:22.471445] TRACE: slash.core.scope_manager: Pushed scope test
[2020-12-30 06:15:22.471586] TRACE: slash.core.cleanup_manager: CleanupManager: pushing scope 'test'
[2020-12-30 06:15:22.474828] TRACE: slash.core.scope_manager: Popping scope test (expected test)
[2020-12-30 06:15:22.474959] TRACE: slash.core.cleanup_manager: CleanupManager: popping scope 'test' (failure: False, interrupt: False)
[2020-12-30 06:15:22.475042] TRACE: slash.core.cleanup_manager: Calling cleanups of scope 'test' (failure=False, interrupt=False)
[2020-12-30 06:15:22.478609] TRACE: slash.core.scope_manager: Popped scope test
[2020-12-30 06:15:22.482278] NOTICE: slash.runner: #7: /tmp/tmpnb8u30_t/test_08531.py:Test08539.test_08540
[2020-12-30 06:15:22.482694] DEBUG: slash.runner: Started test #7: <Runnable test </tmp/tmpnb8u30_t/test_08531.py:Test08539.test_08540>>
[2020-12-30 06:15:22.488959] TRACE: slash.core.scope_manager: Pushed scope test
[2020-12-30 06:15:22.489088] TRACE: slash.core.cleanup_manager: CleanupManager: pushing scope 'test'
[2020-12-30 06:15:22.500422] TRACE: slash.core.scope_manager: Popping scope test (expected test)
[2020-12-30 06:15:22.500615] TRACE: slash.core.cleanup_manager: CleanupManager: popping scope 'test' (failure: False, interrupt: False)
[2020-12-30 06:15:22.500698] TRACE: slash.core.cleanup_manager: Calling cleanups of scope 'test' (failure=False, interrupt=False)
[2020-12-30 06:15:22.504130] TRACE: slash.core.scope_manager: Popped scope test
[2020-12-30 06:15:22.507870] NOTICE: slash.runner: #8: /tmp/tmpnb8u30_t/test_08531.py:test_08541
[2020-12-30 06:15:22.508290] DEBUG: slash.runner: Started test #8: <Runnable test </tmp/tmpnb8u30_t/test_08531.py:test_08541>>
[2020-12-30 06:15:22.514858] TRACE: slash.core.scope_manager: Pushed scope test
[2020-12-30 06:15:22.514999] TRACE: slash.core.cleanup_manager: CleanupManager: pushing scope 'test'
[2020-12-30 06:15:22.518237] TRACE: slash.core.scope_manager: Popping scope test (expected test)
[2020-12-30 06:15:22.518367] TRACE: slash.core.cleanup_manager: CleanupManager: popping scope 'test' (failure: False, interrupt: False)
[2020-12-30 06:15:22.518447] TRACE: slash.core.cleanup_manager: Calling cleanups of scope 'test' (failure=False, interrupt=False)
[2020-12-30 06:15:22.522029] TRACE: slash.core.scope_manager: Popped scope test
[2020-12-30 06:15:22.525801] NOTICE: slash.runner: #9: /tmp/tmpnb8u30_t/test_08531.py:Test08539.test_08542
[2020-12-30 06:15:22.526218] DEBUG: slash.runner: Started test #9: <Runnable test </tmp/tmpnb8u30_t/test_08531.py:Test08539.test_08542>>
[2020-12-30 06:15:22.532781] TRACE: slash.core.scope_manager: Pushed scope test
[2020-12-30 06:15:22.532913] TRACE: slash.core.cleanup_manager: CleanupManager: pushing scope 'test'
[2020-12-30 06:15:22.542562] TRACE: slash.core.scope_manager: Popping scope test (expected test)
[2020-12-30 06:15:22.542714] TRACE: slash.core.cleanup_manager: CleanupManager: popping scope 'test' (failure: False, interrupt: False)
[2020-12-30 06:15:22.542809] TRACE: slash.core.cleanup_manager: Calling cleanups of scope 'test' (failure=False, interrupt=False)
[2020-12-30 06:15:22.546231] TRACE: slash.core.scope_manager: Popped scope test
[2020-12-30 06:15:22.549966] NOTICE: slash.runner: #10: /tmp/tmpnb8u30_t/test_08531.py:test_08543
[2020-12-30 06:15:22.550381] DEBUG: slash.runner: Started test #10: <Runnable test </tmp/tmpnb8u30_t/test_08531.py:test_08543>>
[2020-12-30 06:15:22.556630] TRACE: slash.core.scope_manager: Pushed scope test
[2020-12-30 06:15:22.556758] TRACE: slash.core.cleanup_manager: CleanupManager: pushing scope 'test'
[2020-12-30 06:15:22.559989] TRACE: slash.core.scope_manager: Popping scope test (expected test)
[2020-12-30 06:15:22.560117] TRACE: slash.core.cleanup_manager: CleanupManager: popping scope 'test' (failure: False, interrupt: False)
[2020-12-30 06:15:22.560197] TRACE: slash.core.cleanup_manager: Calling cleanups of scope 'test' (failure=False, interrupt=False)
[2020-12-30 06:15:22.563744] TRACE: slash.core.scope_manager: Popped scope test
[2020-12-30 06:15:22.567406] NOTICE: slash.runner: #11: /tmp/tmpnb8u30_t/test_08531.py:Test08532.test_08533
[2020-12-30 06:15:22.567826] DEBUG: slash.runner: Started test #11: <Runnable test </tmp/tmpnb8u30_t/test_08531.py:Test08532.test_08533>>
[2020-12-30 06:15:22.574286] TRACE: slash.core.scope_manager: Pushed scope test
[2020-12-30 06:15:22.574419] TRACE: slash.core.cleanup_manager: CleanupManager: pushing scope 'test'
[2020-12-30 06:15:22.585480] TRACE: slash.core.scope_manager: Popping scope test (expected test)
[2020-12-30 06:15:22.585669] TRACE: slash.core.cleanup_manager: CleanupManager: popping scope 'test' (failure: False, interrupt: False)
[2020-12-30 06:15:22.585752] TRACE: slash.core.cleanup_manager: Calling cleanups of scope 'test' (failure=False, interrupt=False)
[2020-12-30 06:15:22.589216] TRACE: slash.core.scope_manager: Popped scope test
[2020-12-30 06:15:22.592885] NOTICE: slash.runner: #12: /tmp/tmpnb8u30_t/test_08531.py:test_08534
[2020-12-30 06:15:22.593309] DEBUG: slash.runner: Started test #12: <Runnable test </tmp/tmpnb8u30_t/test_08531.py:test_08534>>
[2020-12-30 06:15:22.599890] TRACE: slash.core.scope_manager: Pushed scope test
[2020-12-30 06:15:22.600027] TRACE: slash.core.cleanup_manager: CleanupManager: pushing scope 'test'
[2020-12-30 06:15:22.603235] TRACE: slash.core.scope_manager: Popping scope test (expected test)
[2020-12-30 06:15:22.603360] TRACE: slash.core.cleanup_manager: CleanupManager: popping scope 'test' (failure: False, interrupt: False)
[2020-12-30 06:15:22.603442] TRACE: slash.core.cleanup_manager: Calling cleanups of scope 'test' (failure=False, interrupt=False)
[2020-12-30 06:15:22.607006] TRACE: slash.core.scope_manager: Popped scope test
[2020-12-30 06:15:22.610683] NOTICE: slash.runner: #13: /tmp/tmpnb8u30_t/test_08531.py:Test08532.test_08535
[2020-12-30 06:15:22.611093] DEBUG: slash.runner: Started test #13: <Runnable test </tmp/tmpnb8u30_t/test_08531.py:Test08532.test_08535>>
[2020-12-30 06:15:22.617369] TRACE: slash.core.scope_manager: Pushed scope test
[2020-12-30 06:15:22.617491] TRACE: slash.core.cleanup_manager: CleanupManager: pushing scope 'test'
[2020-12-30 06:15:22.627116] TRACE: slash.core.scope_manager: Popping scope test (expected test)
[2020-12-30 06:15:22.627262] TRACE: slash.core.cleanup_manager: CleanupManager: popping scope 'test' (failure: False, interrupt: False)
[2020-12-30 06:15:22.627342] TRACE: slash.core.cleanup_manager: Calling cleanups of scope 'test' (failure=False, interrupt=False)
[2020-12-30 06:15:22.630734] TRACE: slash.core.scope_manager: Popped scope test
[2020-12-30 06:15:22.634450] NOTICE: slash.runner: #14: /tmp/tmpnb8u30_t/test_08531.py:test_08536
[2020-12-30 06:15:22.634859] DEBUG: slash.runner: Started test #14: <Runnable test </tmp/tmpnb8u30_t/test_08531.py:test_08536>>
[2020-12-30 06:15:22.641101] TRACE: slash.core.scope_manager: Pushed scope test
[2020-12-30 06:15:22.641233] TRACE: slash.core.cleanup_manager: CleanupManager: pushing scope 'test'
[2020-12-30 06:15:22.644472] TRACE: slash.core.scope_manager: Popping scope test (expected test)
[2020-12-30 06:15:22.644600] TRACE: slash.core.cleanup_manager: CleanupManager: popping scope 'test' (failure: False, interrupt: False)
[2020-12-30 06:15:22.644680] TRACE: slash.core.cleanup_manager: Calling cleanups of scope 'test' (failure=False, interrupt=False)
[2020-12-30 06:15:22.648228] TRACE: slash.core.scope_manager: Popped scope test
[2020-12-30 06:15:22.651890] NOTICE: slash.runner: #15: /tmp/tmpnb8u30_t/test_08531.py:Test08532.test_08537
[2020-12-30 06:15:22.652307] DEBUG: slash.runner: Started test #15: <Runnable test </tmp/tmpnb8u30_t/test_08531.py:Test08532.test_08537>>
[2020-12-30 06:15:22.658600] TRACE: slash.core.scope_manager: Pushed scope test
[2020-12-30 06:15:22.658734] TRACE: slash.core.cleanup_manager: CleanupManager: pushing scope 'test'
[2020-12-30 06:15:22.670157] TRACE: slash.core.scope_manager: Popping scope test (expected test)
[2020-12-30 06:15:22.670343] TRACE: slash.core.cleanup_manager: CleanupManager: popping scope 'test' (failure: False, interrupt: False)
[2020-12-30 06:15:22.670427] TRACE: slash.core.cleanup_manager: Calling cleanups of scope 'test' (failure=False, interrupt=False)
[2020-12-30 06:15:22.673871] TRACE: slash.core.scope_manager: Popped scope test
[2020-12-30 06:15:22.677502] NOTICE: slash.runner: #16: /tmp/tmpnb8u30_t/test_08531.py:test_08538
[2020-12-30 06:15:22.677915] DEBUG: slash.runner: Started test #16: <Runnable test </tmp/tmpnb8u30_t/test_08531.py:test_08538>>
[2020-12-30 06:15:22.684455] TRACE: slash.core.scope_manager: Pushed scope test
[2020-12-30 06:15:22.684598] TRACE: slash.core.cleanup_manager: CleanupManager: pushing scope 'test'
[2020-12-30 06:15:22.687819] TRACE: slash.core.scope_manager: Popping scope test (expected test)
[2020-12-30 06:15:22.687949] TRACE: slash.core.cleanup_manager: CleanupManager: popping scope 'test' (failure: False, interrupt: False)
[2020-12-30 06:15:22.688029] TRACE: slash.core.cleanup_manager: Calling cleanups of scope 'test' (failure=False, interrupt=False)
[2020-12-30 06:15:22.691592] TRACE: slash.core.scope_manager: Popped scope test
[2020-12-30 06:15:22.695349] NOTICE: slash.runner: #17: /tmp/tmpnb8u30_t/test_08531.py:Test08539.test_08540
[2020-12-30 06:15:22.695791] DEBUG: slash.runner: Started test #17: <Runnable test </tmp/tmpnb8u30_t/test_08531.py:Test08539.test_08540>>
[2020-12-30 06:15:22.702523] TRACE: slash.core.scope_manager: Pushed scope test
[2020-12-30 06:15:22.702664] TRACE: slash.core.cleanup_manager: CleanupManager: pushing scope 'test'
[2020-12-30 06:15:22.712410] TRACE: slash.core.scope_manager: Popping scope test (expected test)
[2020-12-30 06:15:22.712578] TRACE: slash.core.cleanup_manager: CleanupManager: popping scope 'test' (failure: False, interrupt: False)
[2020-12-30 06:15:22.712661] TRACE: slash.core.cleanup_manager: Calling cleanups of scope 'test' (failure=False, interrupt=False)
[2020-12-30 06:15:22.716293] TRACE: slash.core.scope_manager: Popped scope test
[2020-12-30 06:15:22.720090] NOTICE: slash.runner: #18: /tmp/tmpnb8u30_t/test_08531.py:test_08541
[2020-12-30 06:15:22.720519] DEBUG: slash.runner: Started test #18: <Runnable test </tmp/tmpnb8u30_t/test_08531.py:test_08541>>
[2020-12-30 06:15:22.726792] TRACE: slash.core.scope_manager: Pushed scope test
[2020-12-30 06:15:22.726926] TRACE: slash.core.cleanup_manager: CleanupManager: pushing scope 'test'
[2020-12-30 06:15:22.730281] TRACE: slash.core.scope_manager: Popping scope test (expected test)
[2020-12-30 06:15:22.730413] TRACE: slash.core.cleanup_manager: CleanupManager: popping scope 'test' (failure: False, interrupt: False)
[2020-12-30 06:15:22.730494] TRACE: slash.core.cleanup_manager: Calling cleanups of scope 'test' (failure=False, interrupt=False)
[2020-12-30 06:15:22.734210] TRACE: slash.core.scope_manager: Popped scope test
[2020-12-30 06:15:22.738030] NOTICE: slash.runner: #19: /tmp/tmpnb8u30_t/test_08531.py:Test08539.test_08542
[2020-12-30 06:15:22.738450] DEBUG: slash.runner: Started test #19: <Runnable test </tmp/tmpnb8u30_t/test_08531.py:Test08539.test_08542>>
[2020-12-30 06:15:22.745011] TRACE: slash.core.scope_manager: Pushed scope test
[2020-12-30 06:15:22.745158] TRACE: slash.core.cleanup_manager: CleanupManager: pushing scope 'test'
[2020-12-30 06:15:22.756510] TRACE: slash.core.scope_manager: Popping scope test (expected test)
[2020-12-30 06:15:22.756689] TRACE: slash.core.cleanup_manager: CleanupManager: popping scope 'test' (failure: False, interrupt: False)
[2020-12-30 06:15:22.756778] TRACE: slash.core.cleanup_manager: Calling cleanups of scope 'test' (failure=False, interrupt=False)
[2020-12-30 06:15:22.760221] TRACE: slash.core.scope_manager: Popped scope test
[2020-12-30 06:15:22.763801] NOTICE: slash.runner: #20: /tmp/tmpnb8u30_t/test_08531.py:test_08543
[2020-12-30 06:15:22.764214] DEBUG: slash.runner: Started test #20: <Runnable test </tmp/tmpnb8u30_t/test_08531.py:test_08543>>
[2020-12-30 06:15:22.770742] TRACE: slash.core.scope_manager: Pushed scope test
[2020-12-30 06:15:22.770874] TRACE: slash.core.cleanup_manager: CleanupManager: pushing scope 'test'
[2020-12-30 06:15:22.774077] TRACE: slash.core.scope_manager: Popping scope test (expected test)
[2020-12-30 06:15:22.774205] TRACE: slash.core.cleanup_manager: CleanupManager: popping scope 'test' (failure: False, interrupt: False)
[2020-12-30 06:15:22.774285] TRACE: slash.core.cleanup_manager: Calling cleanups of scope 'test' (failure=False, interrupt=False)
[2020-12-30 06:15:22.777865] TRACE: slash.core.scope_manager: Popped scope test
[2020-12-30 06:15:22.781562] NOTICE: slash.runner: #21: /tmp/tmpnb8u30_t/test_08531.py:Test08532.test_08533
[2020-12-30 06:15:22.781979] DEBUG: slash.runner: Started test #21: <Runnable test </tmp/tmpnb8u30_t/test_08531.py:Test08532.test_08533>>
[2020-12-30 06:15:22.790797] TRACE: slash.core.scope_manager: Pushed scope test
[2020-12-30 06:15:22.790974] TRACE: slash.core.cleanup_manager: CleanupManager: pushing scope 'test'
[2020-12-30 06:15:22.802474] TRACE: slash.core.scope_manager: Popping scope test (expected test)
[2020-12-30 06:15:22.802724] TRACE: slash.core.cleanup_manager: CleanupManager: popping scope 'test' (failure: False, interrupt: False)
[2020-12-30 06:15:22.802821] TRACE: slash.core.cleanup_manager: Calling cleanups of scope 'test' (failure=False, interrupt=False)
[2020-12-30 06:15:22.806598] TRACE: slash.core.scope_manager: Popped scope test
[2020-12-30 06:15:22.810555] NOTICE: slash.runner: #22: /tmp/tmpnb8u30_t/test_08531.py:test_08534
[2020-12-30 06:15:22.810988] DEBUG: slash.runner: Started test #22: <Runnable test </tmp/tmpnb8u30_t/test_08531.py:test_08534>>
[2020-12-30 06:15:22.817434] TRACE: slash.core.scope_manager: Pushed scope test
[2020-12-30 06:15:22.817568] TRACE: slash.core.cleanup_manager: CleanupManager: pushing scope 'test'
[2020-12-30 06:15:22.820834] TRACE: slash.core.scope_manager: Popping scope test (expected test)
[2020-12-30 06:15:22.820961] TRACE: slash.core.cleanup_manager: CleanupManager: popping scope 'test' (failure: False, interrupt: False)
[2020-12-30 06:15:22.821041] TRACE: slash.core.cleanup_manager: Calling cleanups of scope 'test' (failure=False, interrupt=False)
[2020-12-30 06:15:22.824592] TRACE: slash.core.scope_manager: Popped scope test
[2020-12-30 06:15:22.828289] NOTICE: slash.runner: #23: /tmp/tmpnb8u30_t/test_08531.py:Test08532.test_08535
[2020-12-30 06:15:22.828703] DEBUG: slash.runner: Started test #23: <Runnable test </tmp/tmpnb8u30_t/test_08531.py:Test08532.test_08535>>
[2020-12-30 06:15:22.836643] TRACE: slash.core.scope_manager: Pushed scope test
[2020-12-30 06:15:22.836812] TRACE: slash.core.cleanup_manager: CleanupManager: pushing scope 'test'
[2020-12-30 06:15:22.852498] TRACE: slash.core.scope_manager: Popping scope test (expected test)
[2020-12-30 06:15:22.852775] TRACE: slash.core.cleanup_manager: CleanupManager: popping scope 'test' (failure: False, interrupt: False)
[2020-12-30 06:15:22.852921] TRACE: slash.core.cleanup_manager: Calling cleanups of scope 'test' (failure=False, interrupt=False)
[2020-12-30 06:15:22.858520] TRACE: slash.core.scope_manager: Popped scope test
[2020-12-30 06:15:22.864457] NOTICE: slash.runner: #24: /tmp/tmpnb8u30_t/test_08531.py:test_08536
[2020-12-30 06:15:22.864914] DEBUG: slash.runner: Started test #24: <Runnable test </tmp/tmpnb8u30_t/test_08531.py:test_08536>>
[2020-12-30 06:15:22.871278] TRACE: slash.core.scope_manager: Pushed scope test
[2020-12-30 06:15:22.871412] TRACE: slash.core.cleanup_manager: CleanupManager: pushing scope 'test'
[2020-12-30 06:15:22.874710] TRACE: slash.core.scope_manager: Popping scope test (expected test)
[2020-12-30 06:15:22.874840] TRACE: slash.core.cleanup_manager: CleanupManager: popping scope 'test' (failure: False, interrupt: False)
[2020-12-30 06:15:22.874924] TRACE: slash.core.cleanup_manager: Calling cleanups of scope 'test' (failure=False, interrupt=False)
[2020-12-30 06:15:22.878563] TRACE: slash.core.scope_manager: Popped scope test
[2020-12-30 06:15:22.882244] NOTICE: slash.runner: #25: /tmp/tmpnb8u30_t/test_08531.py:Test08532.test_08537
[2020-12-30 06:15:22.882643] DEBUG: slash.runner: Started test #25: <Runnable test </tmp/tmpnb8u30_t/test_08531.py:Test08532.test_08537>>
[2020-12-30 06:15:22.889014] TRACE: slash.core.scope_manager: Pushed scope test
[2020-12-30 06:15:22.889143] TRACE: slash.core.cleanup_manager: CleanupManager: pushing scope 'test'
[2020-12-30 06:15:22.898901] TRACE: slash.core.scope_manager: Popping scope test (expected test)
[2020-12-30 06:15:22.899058] TRACE: slash.core.cleanup_manager: CleanupManager: popping scope 'test' (failure: False, interrupt: False)
[2020-12-30 06:15:22.899142] TRACE: slash.core.cleanup_manager: Calling cleanups of scope 'test' (failure=False, interrupt=False)
[2020-12-30 06:15:22.902622] TRACE: slash.core.scope_manager: Popped scope test
[2020-12-30 06:15:22.906438] NOTICE: slash.runner: #26: /tmp/tmpnb8u30_t/test_08531.py:test_08538
[2020-12-30 06:15:22.906868] DEBUG: slash.runner: Started test #26: <Runnable test </tmp/tmpnb8u30_t/test_08531.py:test_08538>>
[2020-12-30 06:15:22.913237] TRACE: slash.core.scope_manager: Pushed scope test
[2020-12-30 06:15:22.913365] TRACE: slash.core.cleanup_manager: CleanupManager: pushing scope 'test'
[2020-12-30 06:15:22.916611] TRACE: slash.core.scope_manager: Popping scope test (expected test)
[2020-12-30 06:15:22.916737] TRACE: slash.core.cleanup_manager: CleanupManager: popping scope 'test' (failure: False, interrupt: False)
[2020-12-30 06:15:22.916817] TRACE: slash.core.cleanup_manager: Calling cleanups of scope 'test' (failure=False, interrupt=False)
[2020-12-30 06:15:22.921782] TRACE: slash.core.scope_manager: Popped scope test
[2020-12-30 06:15:22.925454] NOTICE: slash.runner: #27: /tmp/tmpnb8u30_t/test_08531.py:Test08539.test_08540
[2020-12-30 06:15:22.925880] DEBUG: slash.runner: Started test #27: <Runnable test </tmp/tmpnb8u30_t/test_08531.py:Test08539.test_08540>>
[2020-12-30 06:15:22.932379] TRACE: slash.core.scope_manager: Pushed scope test
[2020-12-30 06:15:22.932510] TRACE: slash.core.cleanup_manager: CleanupManager: pushing scope 'test'
[2020-12-30 06:15:22.942362] TRACE: slash.core.scope_manager: Popping scope test (expected test)
[2020-12-30 06:15:22.942518] TRACE: slash.core.cleanup_manager: CleanupManager: popping scope 'test' (failure: False, interrupt: False)
[2020-12-30 06:15:22.942601] TRACE: slash.core.cleanup_manager: Calling cleanups of scope 'test' (failure=False, interrupt=False)
[2020-12-30 06:15:22.946032] TRACE: slash.core.scope_manager: Popped scope test
[2020-12-30 06:15:22.949825] NOTICE: slash.runner: #28: /tmp/tmpnb8u30_t/test_08531.py:test_08541
[2020-12-30 06:15:22.950245] DEBUG: slash.runner: Started test #28: <Runnable test </tmp/tmpnb8u30_t/test_08531.py:test_08541>>
[2020-12-30 06:15:22.956727] TRACE: slash.core.scope_manager: Pushed scope test
[2020-12-30 06:15:22.956861] TRACE: slash.core.cleanup_manager: CleanupManager: pushing scope 'test'
[2020-12-30 06:15:22.960093] TRACE: slash.core.scope_manager: Popping scope test (expected test)
[2020-12-30 06:15:22.960218] TRACE: slash.core.cleanup_manager: CleanupManager: popping scope 'test' (failure: False, interrupt: False)
[2020-12-30 06:15:22.960309] TRACE: slash.core.cleanup_manager: Calling cleanups of scope 'test' (failure=False, interrupt=False)
[2020-12-30 06:15:22.963780] TRACE: slash.core.scope_manager: Popped scope test
[2020-12-30 06:15:22.967441] NOTICE: slash.runner: #29: /tmp/tmpnb8u30_t/test_08531.py:Test08539.test_08542
[2020-12-30 06:15:22.967883] DEBUG: slash.runner: Started test #29: <Runnable test </tmp/tmpnb8u30_t/test_08531.py:Test08539.test_08542>>
[2020-12-30 06:15:22.974091] TRACE: slash.core.scope_manager: Pushed scope test
[2020-12-30 06:15:22.974206] TRACE: slash.core.cleanup_manager: CleanupManager: pushing scope 'test'
[2020-12-30 06:15:22.984406] TRACE: slash.core.scope_manager: Popping scope test (expected test)
[2020-12-30 06:15:22.984546] TRACE: slash.core.cleanup_manager: CleanupManager: popping scope 'test' (failure: False, interrupt: False)
[2020-12-30 06:15:22.984628] TRACE: slash.core.cleanup_manager: Calling cleanups of scope 'test' (failure=False, interrupt=False)
[2020-12-30 06:15:22.988023] TRACE: slash.core.scope_manager: Popped scope test
[2020-12-30 06:15:22.991698] NOTICE: slash.runner: #30: /tmp/tmpnb8u30_t/test_08531.py:test_08543
[2020-12-30 06:15:22.992108] DEBUG: slash.runner: Started test #30: <Runnable test </tmp/tmpnb8u30_t/test_08531.py:test_08543>>
[2020-12-30 06:15:22.999884] TRACE: slash.core.scope_manager: Pushed scope test
[2020-12-30 06:15:23.000042] TRACE: slash.core.cleanup_manager: CleanupManager: pushing scope 'test'
[2020-12-30 06:15:23.003222] TRACE: slash.core.scope_manager: Popping scope test (expected test)
[2020-12-30 06:15:23.003347] TRACE: slash.core.cleanup_manager: CleanupManager: popping scope 'test' (failure: False, interrupt: False)
[2020-12-30 06:15:23.003426] TRACE: slash.core.cleanup_manager: Calling cleanups of scope 'test' (failure=False, interrupt=False)
[2020-12-30 06:15:23.006927] TRACE: slash.core.scope_manager: Popped scope test
[2020-12-30 06:15:23.010676] NOTICE: slash.runner: #31: /tmp/tmpnb8u30_t/test_08531.py:Test08532.test_08533
[2020-12-30 06:15:23.011089] DEBUG: slash.runner: Started test #31: <Runnable test </tmp/tmpnb8u30_t/test_08531.py:Test08532.test_08533>>
[2020-12-30 06:15:23.017457] TRACE: slash.core.scope_manager: Pushed scope test
[2020-12-30 06:15:23.017579] TRACE: slash.core.cleanup_manager: CleanupManager: pushing scope 'test'
[2020-12-30 06:15:23.027295] TRACE: slash.core.scope_manager: Popping scope test (expected test)
[2020-12-30 06:15:23.027436] TRACE: slash.core.cleanup_manager: CleanupManager: popping scope 'test' (failure: False, interrupt: False)
[2020-12-30 06:15:23.027519] TRACE: slash.core.cleanup_manager: Calling cleanups of scope 'test' (failure=False, interrupt=False)
[2020-12-30 06:15:23.031035] TRACE: slash.core.scope_manager: Popped scope test
[2020-12-30 06:15:23.034775] NOTICE: slash.runner: #32: /tmp/tmpnb8u30_t/test_08531.py:test_08534
[2020-12-30 06:15:23.035175] DEBUG: slash.runner: Started test #32: <Runnable test </tmp/tmpnb8u30_t/test_08531.py:test_08534>>
[2020-12-30 06:15:23.041384] TRACE: slash.core.scope_manager: Pushed scope test
[2020-12-30 06:15:23.041505] TRACE: slash.core.cleanup_manager: CleanupManager: pushing scope 'test'
[2020-12-30 06:15:23.044720] TRACE: slash.core.scope_manager: Popping scope test (expected test)
[2020-12-30 06:15:23.044844] TRACE: slash.core.cleanup_manager: CleanupManager: popping scope 'test' (failure: False, interrupt: False)
[2020-12-30 06:15:23.044924] TRACE: slash.core.cleanup_manager: Calling cleanups of scope 'test' (failure=False, interrupt=False)
[2020-12-30 06:15:23.048446] TRACE: slash.core.scope_manager: Popped scope test
[2020-12-30 06:15:23.052063] NOTICE: slash.runner: #33: /tmp/tmpnb8u30_t/test_08531.py:Test08532.test_08535
[2020-12-30 06:15:23.052467] DEBUG: slash.runner: Started test #33: <Runnable test </tmp/tmpnb8u30_t/test_08531.py:Test08532.test_08535>>
[2020-12-30 06:15:23.058704] TRACE: slash.core.scope_manager: Pushed scope test
[2020-12-30 06:15:23.058828] TRACE: slash.core.cleanup_manager: CleanupManager: pushing scope 'test'
[2020-12-30 06:15:23.070137] TRACE: slash.core.scope_manager: Popping scope test (expected test)
[2020-12-30 06:15:23.070334] TRACE: slash.core.cleanup_manager: CleanupManager: popping scope 'test' (failure: False, interrupt: False)
[2020-12-30 06:15:23.070417] TRACE: slash.core.cleanup_manager: Calling cleanups of scope 'test' (failure=False, interrupt=False)
[2020-12-30 06:15:23.073838] TRACE: slash.core.scope_manager: Popped scope test
[2020-12-30 06:15:23.077449] NOTICE: slash.runner: #34: /tmp/tmpnb8u30_t/test_08531.py:test_08536
[2020-12-30 06:15:23.077868] DEBUG: slash.runner: Started test #34: <Runnable test </tmp/tmpnb8u30_t/test_08531.py:test_08536>>
[2020-12-30 06:15:23.084439] TRACE: slash.core.scope_manager: Pushed scope test
[2020-12-30 06:15:23.084577] TRACE: slash.core.cleanup_manager: CleanupManager: pushing scope 'test'
[2020-12-30 06:15:23.087807] TRACE: slash.core.scope_manager: Popping scope test (expected test)
[2020-12-30 06:15:23.087934] TRACE: slash.core.cleanup_manager: CleanupManager: popping scope 'test' (failure: False, interrupt: False)
[2020-12-30 06:15:23.088014] TRACE: slash.core.cleanup_manager: Calling cleanups of scope 'test' (failure=False, interrupt=False)
[2020-12-30 06:15:23.091568] TRACE: slash.core.scope_manager: Popped scope test
[2020-12-30 06:15:23.095214] NOTICE: slash.runner: #35: /tmp/tmpnb8u30_t/test_08531.py:Test08532.test_08537
[2020-12-30 06:15:23.095636] DEBUG: slash.runner: Started test #35: <Runnable test </tmp/tmpnb8u30_t/test_08531.py:Test08532.test_08537>>
[2020-12-30 06:15:23.102431] TRACE: slash.core.scope_manager: Pushed scope test
[2020-12-30 06:15:23.102582] TRACE: slash.core.cleanup_manager: CleanupManager: pushing scope 'test'
[2020-12-30 06:15:23.112355] TRACE: slash.core.scope_manager: Popping scope test (expected test)
[2020-12-30 06:15:23.112534] TRACE: slash.core.cleanup_manager: CleanupManager: popping scope 'test' (failure: False, interrupt: False)
[2020-12-30 06:15:23.112619] TRACE: slash.core.cleanup_manager: Calling cleanups of scope 'test' (failure=False, interrupt=False)
[2020-12-30 06:15:23.116073] TRACE: slash.core.scope_manager: Popped scope test
[2020-12-30 06:15:23.119876] NOTICE: slash.runner: #36: /tmp/tmpnb8u30_t/test_08531.py:test_08538
[2020-12-30 06:15:23.120311] DEBUG: slash.runner: Started test #36: <Runnable test </tmp/tmpnb8u30_t/test_08531.py:test_08538>>
[2020-12-30 06:15:23.126664] TRACE: slash.core.scope_manager: Pushed scope test
[2020-12-30 06:15:23.126809] TRACE: slash.core.cleanup_manager: CleanupManager: pushing scope 'test'
[2020-12-30 06:15:23.130201] TRACE: slash.core.scope_manager: Popping scope test (expected test)
[2020-12-30 06:15:23.130338] TRACE: slash.core.cleanup_manager: CleanupManager: popping scope 'test' (failure: False, interrupt: False)
[2020-12-30 06:15:23.130420] TRACE: slash.core.cleanup_manager: Calling cleanups of scope 'test' (failure=False, interrupt=False)
[2020-12-30 06:15:23.134104] TRACE: slash.core.scope_manager: Popped scope test
[2020-12-30 06:15:23.138054] NOTICE: slash.runner: #37: /tmp/tmpnb8u30_t/test_08531.py:Test08539.test_08540
[2020-12-30 06:15:23.138477] DEBUG: slash.runner: Started test #37: <Runnable test </tmp/tmpnb8u30_t/test_08531.py:Test08539.test_08540>>
[2020-12-30 06:15:23.145111] TRACE: slash.core.scope_manager: Pushed scope test
[2020-12-30 06:15:23.145275] TRACE: slash.core.cleanup_manager: CleanupManager: pushing scope 'test'
[2020-12-30 06:15:23.156700] TRACE: slash.core.scope_manager: Popping scope test (expected test)
[2020-12-30 06:15:23.156932] TRACE: slash.core.cleanup_manager: CleanupManager: popping scope 'test' (failure: False, interrupt: False)
[2020-12-30 06:15:23.157018] TRACE: slash.core.cleanup_manager: Calling cleanups of scope 'test' (failure=False, interrupt=False)
[2020-12-30 06:15:23.160590] TRACE: slash.core.scope_manager: Popped scope test
[2020-12-30 06:15:23.164551] NOTICE: slash.runner: #38: /tmp/tmpnb8u30_t/test_08531.py:test_08541
[2020-12-30 06:15:23.165017] DEBUG: slash.runner: Started test #38: <Runnable test </tmp/tmpnb8u30_t/test_08531.py:test_08541>>
[2020-12-30 06:15:23.171914] TRACE: slash.core.scope_manager: Pushed scope test
[2020-12-30 06:15:23.172085] TRACE: slash.core.cleanup_manager: CleanupManager: pushing scope 'test'
[2020-12-30 06:15:23.175409] TRACE: slash.core.scope_manager: Popping scope test (expected test)
[2020-12-30 06:15:23.175547] TRACE: slash.core.cleanup_manager: CleanupManager: popping scope 'test' (failure: False, interrupt: False)
[2020-12-30 06:15:23.175630] TRACE: slash.core.cleanup_manager: Calling cleanups of scope 'test' (failure=False, interrupt=False)
[2020-12-30 06:15:23.179409] TRACE: slash.core.scope_manager: Popped scope test
[2020-12-30 06:15:23.183314] NOTICE: slash.runner: #39: /tmp/tmpnb8u30_t/test_08531.py:Test08539.test_08542
[2020-12-30 06:15:23.183784] DEBUG: slash.runner: Started test #39: <Runnable test </tmp/tmpnb8u30_t/test_08531.py:Test08539.test_08542>>
[2020-12-30 06:15:23.190505] TRACE: slash.core.scope_manager: Pushed scope test
[2020-12-30 06:15:23.190676] TRACE: slash.core.cleanup_manager: CleanupManager: pushing scope 'test'
[2020-12-30 06:15:23.200963] TRACE: slash.core.scope_manager: Popping scope test (expected test)
[2020-12-30 06:15:23.201158] TRACE: slash.core.cleanup_manager: CleanupManager: popping scope 'test' (failure: False, interrupt: False)
[2020-12-30 06:15:23.201243] TRACE: slash.core.cleanup_manager: Calling cleanups of scope 'test' (failure=False, interrupt=False)
[2020-12-30 06:15:23.204810] TRACE: slash.core.scope_manager: Popped scope test
[2020-12-30 06:15:23.208935] NOTICE: slash.runner: #40: /tmp/tmpnb8u30_t/test_08531.py:test_08543
[2020-12-30 06:15:23.209378] DEBUG: slash.runner: Started test #40: <Runnable test </tmp/tmpnb8u30_t/test_08531.py:test_08543>>
[2020-12-30 06:15:23.215869] TRACE: slash.core.scope_manager: Pushed scope test
[2020-12-30 06:15:23.216014] TRACE: slash.core.cleanup_manager: CleanupManager: pushing scope 'test'
[2020-12-30 06:15:23.219392] TRACE: slash.core.scope_manager: Popping scope test (expected test)
[2020-12-30 06:15:23.219540] TRACE: slash.core.cleanup_manager: CleanupManager: popping scope 'test' (failure: False, interrupt: False)
[2020-12-30 06:15:23.219627] TRACE: slash.core.cleanup_manager: Calling cleanups of scope 'test' (failure=False, interrupt=False)
[2020-12-30 06:15:23.223259] TRACE: slash.core.scope_manager: Popped scope test
[2020-12-30 06:15:23.226950] NOTICE: slash.runner: #41: /tmp/tmpnb8u30_t/test_08531.py:Test08532.test_08533
[2020-12-30 06:15:23.227370] DEBUG: slash.runner: Started test #41: <Runnable test </tmp/tmpnb8u30_t/test_08531.py:Test08532.test_08533>>
[2020-12-30 06:15:23.233901] TRACE: slash.core.scope_manager: Pushed scope test
[2020-12-30 06:15:23.234034] TRACE: slash.core.cleanup_manager: CleanupManager: pushing scope 'test'
[2020-12-30 06:15:23.245256] TRACE: slash.core.scope_manager: Popping scope test (expected test)
[2020-12-30 06:15:23.245449] TRACE: slash.core.cleanup_manager: CleanupManager: popping scope 'test' (failure: False, interrupt: False)
[2020-12-30 06:15:23.245533] TRACE: slash.core.cleanup_manager: Calling cleanups of scope 'test' (failure=False, interrupt=False)
[2020-12-30 06:15:23.249021] TRACE: slash.core.scope_manager: Popped scope test
[2020-12-30 06:15:23.252775] NOTICE: slash.runner: #42: /tmp/tmpnb8u30_t/test_08531.py:test_08534
[2020-12-30 06:15:23.253208] DEBUG: slash.runner: Started test #42: <Runnable test </tmp/tmpnb8u30_t/test_08531.py:test_08534>>
[2020-12-30 06:15:23.259929] TRACE: slash.core.scope_manager: Pushed scope test
[2020-12-30 06:15:23.260087] TRACE: slash.core.cleanup_manager: CleanupManager: pushing scope 'test'
[2020-12-30 06:15:23.263370] TRACE: slash.core.scope_manager: Popping scope test (expected test)
[2020-12-30 06:15:23.263507] TRACE: slash.core.cleanup_manager: CleanupManager: popping scope 'test' (failure: False, interrupt: False)
[2020-12-30 06:15:23.263589] TRACE: slash.core.cleanup_manager: Calling cleanups of scope 'test' (failure=False, interrupt=False)
[2020-12-30 06:15:23.267238] TRACE: slash.core.scope_manager: Popped scope test
[2020-12-30 06:15:23.270939] NOTICE: slash.runner: #43: /tmp/tmpnb8u30_t/test_08531.py:Test08532.test_08535
[2020-12-30 06:15:23.271385] DEBUG: slash.runner: Started test #43: <Runnable test </tmp/tmpnb8u30_t/test_08531.py:Test08532.test_08535>>
[2020-12-30 06:15:23.278076] TRACE: slash.core.scope_manager: Pushed scope test
[2020-12-30 06:15:23.278230] TRACE: slash.core.cleanup_manager: CleanupManager: pushing scope 'test'
[2020-12-30 06:15:23.288091] TRACE: slash.core.scope_manager: Popping scope test (expected test)
[2020-12-30 06:15:23.288255] TRACE: slash.core.cleanup_manager: CleanupManager: popping scope 'test' (failure: False, interrupt: False)
[2020-12-30 06:15:23.288340] TRACE: slash.core.cleanup_manager: Calling cleanups of scope 'test' (failure=False, interrupt=False)
[2020-12-30 06:15:23.291763] TRACE: slash.core.scope_manager: Popped scope test
[2020-12-30 06:15:23.295534] NOTICE: slash.runner: #44: /tmp/tmpnb8u30_t/test_08531.py:test_08536
[2020-12-30 06:15:23.295996] DEBUG: slash.runner: Started test #44: <Runnable test </tmp/tmpnb8u30_t/test_08531.py:test_08536>>
[2020-12-30 06:15:23.302338] TRACE: slash.core.scope_manager: Pushed scope test
[2020-12-30 06:15:23.302474] TRACE: slash.core.cleanup_manager: CleanupManager: pushing scope 'test'
[2020-12-30 06:15:23.305732] TRACE: slash.core.scope_manager: Popping scope test (expected test)
[2020-12-30 06:15:23.305861] TRACE: slash.core.cleanup_manager: CleanupManager: popping scope 'test' (failure: False, interrupt: False)
[2020-12-30 06:15:23.305942] TRACE: slash.core.cleanup_manager: Calling cleanups of scope 'test' (failure=False, interrupt=False)
[2020-12-30 06:15:23.309606] TRACE: slash.core.scope_manager: Popped scope test
[2020-12-30 06:15:23.313270] NOTICE: slash.runner: #45: /tmp/tmpnb8u30_t/test_08531.py:Test08532.test_08537
[2020-12-30 06:15:23.313686] DEBUG: slash.runner: Started test #45: <Runnable test </tmp/tmpnb8u30_t/test_08531.py:Test08532.test_08537>>
[2020-12-30 06:15:23.319968] TRACE: slash.core.scope_manager: Pushed scope test
[2020-12-30 06:15:23.320101] TRACE: slash.core.cleanup_manager: CleanupManager: pushing scope 'test'
[2020-12-30 06:15:23.331053] TRACE: slash.core.scope_manager: Popping scope test (expected test)
[2020-12-30 06:15:23.331209] TRACE: slash.core.cleanup_manager: CleanupManager: popping scope 'test' (failure: False, interrupt: False)
[2020-12-30 06:15:23.331292] TRACE: slash.core.cleanup_manager: Calling cleanups of scope 'test' (failure=False, interrupt=False)
[2020-12-30 06:15:23.334758] TRACE: slash.core.scope_manager: Popped scope test
[2020-12-30 06:15:23.338414] NOTICE: slash.runner: #46: /tmp/tmpnb8u30_t/test_08531.py:test_08538
[2020-12-30 06:15:23.338834] DEBUG: slash.runner: Started test #46: <Runnable test </tmp/tmpnb8u30_t/test_08531.py:test_08538>>
[2020-12-30 06:15:23.345465] TRACE: slash.core.scope_manager: Pushed scope test
[2020-12-30 06:15:23.345606] TRACE: slash.core.cleanup_manager: CleanupManager: pushing scope 'test'
[2020-12-30 06:15:23.348856] TRACE: slash.core.scope_manager: Popping scope test (expected test)
[2020-12-30 06:15:23.348988] TRACE: slash.core.cleanup_manager: CleanupManager: popping scope 'test' (failure: False, interrupt: False)
[2020-12-30 06:15:23.349071] TRACE: slash.core.cleanup_manager: Calling cleanups of scope 'test' (failure=False, interrupt=False)
[2020-12-30 06:15:23.352670] TRACE: slash.core.scope_manager: Popped scope test
[2020-12-30 06:15:23.356411] NOTICE: slash.runner: #47: /tmp/tmpnb8u30_t/test_08531.py:Test08539.test_08540
[2020-12-30 06:15:23.356833] DEBUG: slash.runner: Started test #47: <Runnable test </tmp/tmpnb8u30_t/test_08531.py:Test08539.test_08540>>
[2020-12-30 06:15:23.363203] TRACE: slash.core.scope_manager: Pushed scope test
[2020-12-30 06:15:23.363358] TRACE: slash.core.cleanup_manager: CleanupManager: pushing scope 'test'
[2020-12-30 06:15:23.373223] TRACE: slash.core.scope_manager: Popping scope test (expected test)
[2020-12-30 06:15:23.373395] TRACE: slash.core.cleanup_manager: CleanupManager: popping scope 'test' (failure: False, interrupt: False)
[2020-12-30 06:15:23.373491] TRACE: slash.core.cleanup_manager: Calling cleanups of scope 'test' (failure=False, interrupt=False)
[2020-12-30 06:15:23.376919] TRACE: slash.core.scope_manager: Popped scope test
[2020-12-30 06:15:23.380807] NOTICE: slash.runner: #48: /tmp/tmpnb8u30_t/test_08531.py:test_08541
[2020-12-30 06:15:23.381249] DEBUG: slash.runner: Started test #48: <Runnable test </tmp/tmpnb8u30_t/test_08531.py:test_08541>>
[2020-12-30 06:15:23.387539] TRACE: slash.core.scope_manager: Pushed scope test
[2020-12-30 06:15:23.387683] TRACE: slash.core.cleanup_manager: CleanupManager: pushing scope 'test'
[2020-12-30 06:15:23.391019] TRACE: slash.core.scope_manager: Popping scope test (expected test)
[2020-12-30 06:15:23.391156] TRACE: slash.core.cleanup_manager: CleanupManager: popping scope 'test' (failure: False, interrupt: False)
[2020-12-30 06:15:23.391267] TRACE: slash.core.cleanup_manager: Calling cleanups of scope 'test' (failure=False, interrupt=False)
[2020-12-30 06:15:23.394955] TRACE: slash.core.scope_manager: Popped scope test
[2020-12-30 06:15:23.398653] NOTICE: slash.runner: #49: /tmp/tmpnb8u30_t/test_08531.py:Test08539.test_08542
[2020-12-30 06:15:23.399075] DEBUG: slash.runner: Started test #49: <Runnable test </tmp/tmpnb8u30_t/test_08531.py:Test08539.test_08542>>
[2020-12-30 06:15:23.407009] TRACE: slash.core.scope_manager: Pushed scope test
[2020-12-30 06:15:23.407199] TRACE: slash.core.cleanup_manager: CleanupManager: pushing scope 'test'
[2020-12-30 06:15:23.416978] TRACE: slash.core.scope_manager: Popping scope test (expected test)
[2020-12-30 06:15:23.417162] TRACE: slash.core.cleanup_manager: CleanupManager: popping scope 'test' (failure: False, interrupt: False)
[2020-12-30 06:15:23.417246] TRACE: slash.core.cleanup_manager: Calling cleanups of scope 'test' (failure=False, interrupt=False)
[2020-12-30 06:15:23.420759] TRACE: slash.core.scope_manager: Popped scope test
[2020-12-30 06:15:23.424519] NOTICE: slash.runner: #50: /tmp/tmpnb8u30_t/test_08531.py:test_08543
[2020-12-30 06:15:23.424943] DEBUG: slash.runner: Started test #50: <Runnable test </tmp/tmpnb8u30_t/test_08531.py:test_08543>>
[2020-12-30 06:15:23.431300] TRACE: slash.core.scope_manager: Pushed scope test
[2020-12-30 06:15:23.431440] TRACE: slash.core.cleanup_manager: CleanupManager: pushing scope 'test'
[2020-12-30 06:15:23.434692] TRACE: slash.core.scope_manager: Popping scope test (expected test)
[2020-12-30 06:15:23.434824] TRACE: slash.core.cleanup_manager: CleanupManager: popping scope 'test' (failure: False, interrupt: False)
[2020-12-30 06:15:23.434906] TRACE: slash.core.cleanup_manager: Calling cleanups of scope 'test' (failure=False, interrupt=False)
[2020-12-30 06:15:23.438478] TRACE: slash.core.scope_manager: Popped scope test
[2020-12-30 06:15:23.444807] TRACE: slash.core.scope_manager: Popping scope module (expected module)
[2020-12-30 06:15:23.444954] TRACE: slash.core.cleanup_manager: CleanupManager: popping scope 'module' (failure: False, interrupt: False)
[2020-12-30 06:15:23.445038] TRACE: slash.core.cleanup_manager: Calling cleanups of scope 'module' (failure=False, interrupt=False)
[2020-12-30 06:15:23.445129] TRACE: slash.core.scope_manager: Popped scope module
[2020-12-30 06:15:23.445198] TRACE: slash.core.scope_manager: Popping scope session (expected session)
[2020-12-30 06:15:23.445273] TRACE: slash.core.cleanup_manager: CleanupManager: popping scope 'session' (failure: False, interrupt: False)
[2020-12-30 06:15:23.445340] TRACE: slash.core.cleanup_manager: Calling cleanups of scope 'session' (failure=False, interrupt=False)
[2020-12-30 06:15:23.445415] TRACE: slash.core.scope_manager: Popped scope session
[2020-12-30 06:15:23.446171] TRACE: slash.runner: Session finished. is_success=True has_skips=False
[2020-12-30 06:15:23.449316] TRACE: slash.core.cleanup_manager: CleanupManager: popping scope 'session-global' (failure: False, interrupt: False)
[2020-12-30 06:15:23.449429] TRACE: slash.core.cleanup_manager: Calling cleanups of scope 'session-global' (failure=False, interrupt=False)
[2020-12-30 06:15:23.457771] DEBUG: slash.resuming: Saved resume state to DB

----------- coverage: platform linux, python 3.5.6-final-0 -----------
Coverage HTML written to dir htmlcov

=========================== short test summary info ============================
FAILED tests/test_repeat.py::test_repeat_all_global - assert [0, 1, 2, 3, 4, ...
===== 1 failed, 1512 passed, 1 skipped, 165 warnings in 517.95s (0:08:37) ======
/home/travis/build/failed/getslash/slash/.env/lib/python3.5/site-packages/_pytest/config/__init__.py:431: PytestConfigWarning: pytest-catchlog plugin has been merged into the core, please remove it from your requirements.
  name.replace("_", "-")
make: *** [test] Error 1

travis_time:end:08190d45:start=1609308567338358212,finish=1609309089369740964,duration=522031382752[0K
[31;1mThe command "make test" exited with 2.[0m
travis_time:start:0008f3f8[0K$ if [[ $TRAVIS_PYTHON_VERSION == '3.6' ]]; then make pylint; fi

travis_time:end:0008f3f8:start=1609309089384128373,finish=1609309089394953203,duration=10824830[0K
[32;1mThe command "if [[ $TRAVIS_PYTHON_VERSION == '3.6' ]]; then make pylint; fi" exited with 0.[0m
travis_fold:start:after_failure[0Ktravis_time:start:0682a824[0K$ .env/bin/pip freeze
DEPRECATION: Python 3.5 reached the end of its life on September 13th, 2020. Please upgrade your Python as Python 3.5 is no longer maintained. pip 21.0 will drop support for Python 3.5 in January 2021. pip 21.0 will remove support for this functionality.
alabaster==0.7.12
arrow==0.17.0
astroid==2.4.2
atomicwrites==1.4.0
attrs==20.3.0
Babel==2.9.0
backcall==0.2.0
certifi==2020.12.5
chardet==4.0.0
click==7.1.2
colorama==0.4.4
confetti==2.5.3
coverage==5.3.1
coveralls==2.2.0
decorator==4.4.2
dessert==1.4.1
docopt==0.6.2
docutils==0.16
emport==1.3.1
gossip==2.4.0
idna==2.10
imagesize==1.2.0
importlib-metadata==2.1.1
iniconfig==1.1.1
ipython==7.9.0
ipython-genutils==0.2.0
isort==4.3.21
jedi==0.17.2
Jinja2==2.11.2
kaptan==0.5.12
lazy-object-proxy==1.4.3
libtmux==0.8.5
Logbook==1.5.3
MarkupSafe==1.1.1
mccabe==0.6.1
munch==2.5.0
orderedset==2.0.3
packaging==20.8
parso==0.7.1
pathlib2==2.3.5
pexpect==4.8.0
pickleshare==0.7.5
pluggy==0.13.1
prompt-toolkit==2.0.10
ptyprocess==0.7.0
py==1.10.0
pyforge==1.3.0
Pygments==2.7.3
pylint==2.6.0
pyparsing==2.4.7
pytest==6.1.2
pytest-catchlog==1.2.2
pytest-cov==2.10.1
pytest-timeout==1.4.2
python-dateutil==2.8.1
pytz==2020.5
PyYAML==5.3.1
raven==6.10.0
releases==1.6.3
requests==2.25.1
semantic-version==2.6.0
sentinels==1.0.0
six==1.15.0
-e git+https://github.com/getslash/slash.git@62f0d7e80e37be06f33c1a9f12cceaaa204880c7#egg=slash
snowballstemmer==2.0.0
Sphinx==3.4.1
sphinxcontrib-applehelp==1.0.2
sphinxcontrib-devhelp==1.0.2
sphinxcontrib-htmlhelp==1.0.3
sphinxcontrib-jsmath==1.0.1
sphinxcontrib-qthelp==1.0.3
sphinxcontrib-serializinghtml==1.1.4
SQLAlchemy==1.3.22
tmuxp==1.6.3
toml==0.10.2
traitlets==4.3.3
typed-ast==1.4.1
urllib3==1.26.2
vintage==0.4.1
wcwidth==0.2.5
wrapt==1.12.1
zipp==1.2.0

travis_time:end:0682a824:start=1609309089407803101,finish=1609309089990744673,duration=582941572[0Ktravis_fold:end:after_failure[0K
Done. Your build exited with 1.
