travis_fold:start:system_info[0K[33;1mBuild system information[0m
Build language: python
Build group: stable
Build dist: precise
Build id: ''
Job id: ''
[34m[1mBuild image provisioning date and time[0m
Thu Feb  5 15:09:33 UTC 2015
[34m[1mOperating System Details[0m
Distributor ID:	Ubuntu
Description:	Ubuntu 12.04.5 LTS
Release:	12.04
Codename:	precise
[34m[1mLinux Version[0m
3.13.0-29-generic
[34m[1mCookbooks Version[0m
a68419e https://github.com/travis-ci/travis-cookbooks/tree/a68419e
[34m[1mGCC version[0m
gcc (Ubuntu/Linaro 4.6.3-1ubuntu5) 4.6.3
Copyright (C) 2011 Free Software Foundation, Inc.
This is free software; see the source for copying conditions.  There is NO
warranty; not even for MERCHANTABILITY or FITNESS FOR A PARTICULAR PURPOSE.

[34m[1mLLVM version[0m
clang version 3.4 (tags/RELEASE_34/final)
Target: x86_64-unknown-linux-gnu
Thread model: posix
[34m[1mPre-installed Ruby versions[0m
ruby-1.9.3-p551
[34m[1mPre-installed Node.js versions[0m
v0.10.36
[34m[1mPre-installed Go versions[0m
1.4.1
[34m[1mRedis version[0m
redis-server 2.8.19
[34m[1mriak version[0m
2.0.2
[34m[1mMongoDB version[0m
MongoDB 2.4.12
[34m[1mCouchDB version[0m
couchdb 1.6.1
[34m[1mNeo4j version[0m
1.9.4
[34m[1mRabbitMQ Version[0m
3.4.3
[34m[1mElasticSearch version[0m
1.4.0
[34m[1mInstalled Sphinx versions[0m
2.0.10
2.1.9
2.2.6
[34m[1mDefault Sphinx version[0m
2.2.6
[34m[1mInstalled Firefox version[0m
firefox 31.0esr
[34m[1mPhantomJS version[0m
1.9.8
[34m[1mant -version[0m
Apache Ant(TM) version 1.8.2 compiled on December 3 2011
[34m[1mmvn -version[0m
Apache Maven 3.2.5 (12a6b3acb947671f09b81f49094c53f426d8cea1; 2014-12-14T17:29:23+00:00)
Maven home: /usr/local/maven
Java version: 1.7.0_76, vendor: Oracle Corporation
Java home: /usr/lib/jvm/java-7-oracle/jre
Default locale: en_US, platform encoding: ANSI_X3.4-1968
OS name: "linux", version: "3.13.0-29-generic", arch: "amd64", family: "unix"
travis_fold:end:system_info[0K
grep: /etc/apt/sources.list.d/*: No such file or directory
sed: cannot rename /etc/hosts: Device or resource busy
sed: cannot rename /etc/hosts: Device or resource busy
$ cd failed/NMGRL/pychron

[33;1mSetting environment variables from .travis.yml[0m
$ export CYTHON=0.20
$ export PATSY=0.2
$ export PANDAS=0.12
$ export COVERAGE=false
$ export PYTHON=2.7

travis_time:start:012e4060[0K$ source ~/virtualenv/python2.7/bin/activate

travis_time:end:012e4060:start=1609221159631014947,finish=1609221159642021555,duration=11006608[0K$ python --version
Python 2.7.9
$ pip --version
pip 6.0.7 from /home/travis/virtualenv/python2.7.9/lib/python2.7/site-packages (python 2.7)
travis_fold:start:before_install.1[0Ktravis_time:start:0a30bb26[0K$ wget http://repo.continuum.io/miniconda/Miniconda2-latest-Linux-x86_64.sh -O miniconda.sh
--2020-12-29 05:52:40--  http://repo.continuum.io/miniconda/Miniconda2-latest-Linux-x86_64.sh
Resolving repo.continuum.io (repo.continuum.io)... 104.18.200.79, 104.18.201.79, 2606:4700::6812:c94f, ...
Connecting to repo.continuum.io (repo.continuum.io)|104.18.200.79|:80... connected.
HTTP request sent, awaiting response... 301 Moved Permanently
Location: https://repo.anaconda.com/miniconda/Miniconda2-latest-Linux-x86_64.sh [following]
--2020-12-29 05:52:40--  https://repo.anaconda.com/miniconda/Miniconda2-latest-Linux-x86_64.sh
Resolving repo.anaconda.com (repo.anaconda.com)... 104.16.131.3, 104.16.130.3, 2606:4700::6810:8203, ...
Connecting to repo.anaconda.com (repo.anaconda.com)|104.16.131.3|:443... connected.
HTTP request sent, awaiting response... 200 OK
Length: 51093759 (49M) [application/x-sh]
Saving to: `miniconda.sh'

     0K .......... .......... .......... .......... ..........  0% 4.80M 10s
    50K .......... .......... .......... .......... ..........  0% 91.9M 5s
   100K .......... .......... .......... .......... ..........  0% 5.63M 6s
   150K .......... .......... .......... .......... ..........  0% 9.00M 6s
   200K .......... .......... .......... .......... ..........  0% 6.38M 6s
   250K .......... .......... .......... .......... ..........  0% 19.1M 6s
   300K .......... .......... .......... .......... ..........  0% 5.85M 6s
   350K .......... .......... .......... .......... ..........  0% 3.97M 7s
   400K .......... .......... .......... .......... ..........  0% 87.1M 6s
   450K .......... .......... .......... .......... ..........  1% 57.2M 6s
   500K .......... .......... .......... .......... ..........  1% 5.30M 6s
   550K .......... .......... .......... .......... ..........  1% 11.4M 6s
   600K .......... .......... .......... .......... ..........  1% 5.46M 6s
   650K .......... .......... .......... .......... ..........  1% 6.08M 6s
   700K .......... .......... .......... .......... ..........  1% 10.9M 6s
   750K .......... .......... .......... .......... ..........  1% 7.10M 6s
   800K .......... .......... .......... .......... ..........  1% 15.3M 6s
   850K .......... .......... .......... .......... ..........  1% 13.5M 6s
   900K .......... .......... .......... .......... ..........  1% 8.36M 6s
   950K .......... .......... .......... .......... ..........  2% 6.23M 6s
  1000K .......... .......... .......... .......... ..........  2% 15.0M 6s
  1050K .......... .......... .......... .......... ..........  2% 10.4M 6s
  1100K .......... .......... .......... .......... ..........  2% 15.3M 6s
  1150K .......... .......... .......... .......... ..........  2% 9.26M 6s
  1200K .......... .......... .......... .......... ..........  2%  114M 5s
  1250K .......... .......... .......... .......... ..........  2% 8.25M 5s
  1300K .......... .......... .......... .......... ..........  2% 6.72M 5s
  1350K .......... .......... .......... .......... ..........  2%  110M 5s
  1400K .......... .......... .......... .......... ..........  2% 80.6M 5s
  1450K .......... .......... .......... .......... ..........  3% 93.2M 5s
  1500K .......... .......... .......... .......... ..........  3% 4.35M 5s
  1550K .......... .......... .......... .......... ..........  3% 64.3M 5s
  1600K .......... .......... .......... .......... ..........  3% 75.0M 5s
  1650K .......... .......... .......... .......... ..........  3%  110M 5s
  1700K .......... .......... .......... .......... ..........  3% 96.1M 5s
  1750K .......... .......... .......... .......... ..........  3% 10.7M 5s
  1800K .......... .......... .......... .......... ..........  3% 85.6M 4s
  1850K .......... .......... .......... .......... ..........  3% 84.7M 4s
  1900K .......... .......... .......... .......... ..........  3%  128M 4s
  1950K .......... .......... .......... .......... ..........  4% 15.5M 4s
  2000K .......... .......... .......... .......... ..........  4%  133M 4s
  2050K .......... .......... .......... .......... ..........  4% 20.5M 4s
  2100K .......... .......... .......... .......... ..........  4% 5.29M 4s
  2150K .......... .......... .......... .......... ..........  4% 61.5M 4s
  2200K .......... .......... .......... .......... ..........  4% 3.42M 4s
  2250K .......... .......... .......... .......... ..........  4% 95.9M 4s
  2300K .......... .......... .......... .......... ..........  4% 91.2M 4s
  2350K .......... .......... .......... .......... ..........  4%  138M 4s
  2400K .......... .......... .......... .......... ..........  4% 3.83M 4s
  2450K .......... .......... .......... .......... ..........  5% 70.2M 4s
  2500K .......... .......... .......... .......... ..........  5% 63.1M 4s
  2550K .......... .......... .......... .......... ..........  5% 93.9M 4s
  2600K .......... .......... .......... .......... ..........  5% 3.35M 4s
  2650K .......... .......... .......... .......... ..........  5% 95.5M 4s
  2700K .......... .......... .......... .......... ..........  5%  104M 4s
  2750K .......... .......... .......... .......... ..........  5% 72.5M 4s
  2800K .......... .......... .......... .......... ..........  5%  106M 4s
  2850K .......... .......... .......... .......... ..........  5% 5.39M 4s
  2900K .......... .......... .......... .......... ..........  5% 67.0M 4s
  2950K .......... .......... .......... .......... ..........  6%  113M 4s
  3000K .......... .......... .......... .......... ..........  6% 87.4M 4s
  3050K .......... .......... .......... .......... ..........  6% 2.20M 4s
  3100K .......... .......... .......... .......... ..........  6% 45.4M 4s
  3150K .......... .......... .......... .......... ..........  6%  102M 4s
  3200K .......... .......... .......... .......... ..........  6%  115M 4s
  3250K .......... .......... .......... .......... ..........  6% 33.7M 4s
  3300K .......... .......... .......... .......... ..........  6% 93.7M 4s
  3350K .......... .......... .......... .......... ..........  6%  121M 4s
  3400K .......... .......... .......... .......... ..........  6% 80.3M 4s
  3450K .......... .......... .......... .......... ..........  7% 37.5M 4s
  3500K .......... .......... .......... .......... ..........  7% 87.0M 4s
  3550K .......... .......... .......... .......... ..........  7% 70.7M 4s
  3600K .......... .......... .......... .......... ..........  7% 88.9M 3s
  3650K .......... .......... .......... .......... ..........  7%  102M 3s
  3700K .......... .......... .......... .......... ..........  7% 48.3M 3s
  3750K .......... .......... .......... .......... ..........  7%  107M 3s
  3800K .......... .......... .......... .......... ..........  7% 52.9M 3s
  3850K .......... .......... .......... .......... ..........  7%  110M 3s
  3900K .......... .......... .......... .......... ..........  7%  106M 3s
  3950K .......... .......... .......... .......... ..........  8%  125M 3s
  4000K .......... .......... .......... .......... ..........  8%  122M 3s
  4050K .......... .......... .......... .......... ..........  8%  100M 3s
  4100K .......... .......... .......... .......... ..........  8% 63.3M 3s
  4150K .......... .......... .......... .......... ..........  8%  108M 3s
  4200K .......... .......... .......... .......... ..........  8%  120M 3s
  4250K .......... .......... .......... .......... ..........  8%  112M 3s
  4300K .......... .......... .......... .......... ..........  8%  112M 3s
  4350K .......... .......... .......... .......... ..........  8%  122M 3s
  4400K .......... .......... .......... .......... ..........  8%  116M 3s
  4450K .......... .......... .......... .......... ..........  9%  112M 3s
  4500K .......... .......... .......... .......... ..........  9% 94.1M 3s
  4550K .......... .......... .......... .......... ..........  9%  114M 3s
  4600K .......... .......... .......... .......... ..........  9% 11.6M 3s
  4650K .......... .......... .......... .......... ..........  9%  112M 3s
  4700K .......... .......... .......... .......... ..........  9%  118M 3s
  4750K .......... .......... .......... .......... ..........  9%  118M 3s
  4800K .......... .......... .......... .......... ..........  9% 9.24M 3s
  4850K .......... .......... .......... .......... ..........  9%  120M 3s
  4900K .......... .......... .......... .......... ..........  9% 89.4M 3s
  4950K .......... .......... .......... .......... .......... 10%  129M 3s
  5000K .......... .......... .......... .......... .......... 10% 7.62M 3s
  5050K .......... .......... .......... .......... .......... 10%  103M 3s
  5100K .......... .......... .......... .......... .......... 10%  106M 3s
  5150K .......... .......... .......... .......... .......... 10% 80.9M 3s
  5200K .......... .......... .......... .......... .......... 10% 48.9M 3s
  5250K .......... .......... .......... .......... .......... 10% 67.1M 3s
  5300K .......... .......... .......... .......... .......... 10% 77.2M 3s
  5350K .......... .......... .......... .......... .......... 10% 95.6M 3s
  5400K .......... .......... .......... .......... .......... 10%  104M 3s
  5450K .......... .......... .......... .......... .......... 11%  145M 2s
  5500K .......... .......... .......... .......... .......... 11% 3.77M 3s
  5550K .......... .......... .......... .......... .......... 11%  114M 3s
  5600K .......... .......... .......... .......... .......... 11%  114M 3s
  5650K .......... .......... .......... .......... .......... 11%  128M 3s
  5700K .......... .......... .......... .......... .......... 11% 44.3M 2s
  5750K .......... .......... .......... .......... .......... 11% 5.73M 3s
  5800K .......... .......... .......... .......... .......... 11%  117M 3s
  5850K .......... .......... .......... .......... .......... 11%  113M 2s
  5900K .......... .......... .......... .......... .......... 11%  106M 2s
  5950K .......... .......... .......... .......... .......... 12% 43.5M 2s
  6000K .......... .......... .......... .......... .......... 12% 51.5M 2s
  6050K .......... .......... .......... .......... .......... 12% 87.2M 2s
  6100K .......... .......... .......... .......... .......... 12% 89.8M 2s
  6150K .......... .......... .......... .......... .......... 12%  103M 2s
  6200K .......... .......... .......... .......... .......... 12%  118M 2s
  6250K .......... .......... .......... .......... .......... 12% 73.0M 2s
  6300K .......... .......... .......... .......... .......... 12% 97.1M 2s
  6350K .......... .......... .......... .......... .......... 12% 7.36M 2s
  6400K .......... .......... .......... .......... .......... 12%  126M 2s
  6450K .......... .......... .......... .......... .......... 13%  119M 2s
  6500K .......... .......... .......... .......... .......... 13% 8.33M 2s
  6550K .......... .......... .......... .......... .......... 13%  115M 2s
  6600K .......... .......... .......... .......... .......... 13%  122M 2s
  6650K .......... .......... .......... .......... .......... 13% 9.81M 2s
  6700K .......... .......... .......... .......... .......... 13% 7.45M 2s
  6750K .......... .......... .......... .......... .......... 13%  109M 2s
  6800K .......... .......... .......... .......... .......... 13%  112M 2s
  6850K .......... .......... .......... .......... .......... 13%  119M 2s
  6900K .......... .......... .......... .......... .......... 13% 88.0M 2s
  6950K .......... .......... .......... .......... .......... 14%  109M 2s
  7000K .......... .......... .......... .......... .......... 14%  122M 2s
  7050K .......... .......... .......... .......... .......... 14% 74.5M 2s
  7100K .......... .......... .......... .......... .......... 14% 11.5M 2s
  7150K .......... .......... .......... .......... .......... 14% 90.7M 2s
  7200K .......... .......... .......... .......... .......... 14% 79.0M 2s
  7250K .......... .......... .......... .......... .......... 14% 90.4M 2s
  7300K .......... .......... .......... .......... .......... 14% 3.92M 2s
  7350K .......... .......... .......... .......... .......... 14% 89.4M 2s
  7400K .......... .......... .......... .......... .......... 14% 90.9M 2s
  7450K .......... .......... .......... .......... .......... 15%  171M 2s
  7500K .......... .......... .......... .......... .......... 15% 24.9M 2s
  7550K .......... .......... .......... .......... .......... 15% 52.1M 2s
  7600K .......... .......... .......... .......... .......... 15% 8.02M 2s
  7650K .......... .......... .......... .......... .......... 15%  115M 2s
  7700K .......... .......... .......... .......... .......... 15%  104M 2s
  7750K .......... .......... .......... .......... .......... 15%  113M 2s
  7800K .......... .......... .......... .......... .......... 15% 18.2M 2s
  7850K .......... .......... .......... .......... .......... 15%  105M 2s
  7900K .......... .......... .......... .......... .......... 15% 99.5M 2s
  7950K .......... .......... .......... .......... .......... 16%  114M 2s
  8000K .......... .......... .......... .......... .......... 16%  138M 2s
  8050K .......... .......... .......... .......... .......... 16% 11.6M 2s
  8100K .......... .......... .......... .......... .......... 16%  113M 2s
  8150K .......... .......... .......... .......... .......... 16% 99.8M 2s
  8200K .......... .......... .......... .......... .......... 16%  130M 2s
  8250K .......... .......... .......... .......... .......... 16% 94.6M 2s
  8300K .......... .......... .......... .......... .......... 16% 25.9M 2s
  8350K .......... .......... .......... .......... .......... 16%  111M 2s
  8400K .......... .......... .......... .......... .......... 16% 4.08M 2s
  8450K .......... .......... .......... .......... .......... 17%  110M 2s
  8500K .......... .......... .......... .......... .......... 17% 7.31M 2s
  8550K .......... .......... .......... .......... .......... 17% 76.9M 2s
  8600K .......... .......... .......... .......... .......... 17% 98.6M 2s
  8650K .......... .......... .......... .......... .......... 17% 93.4M 2s
  8700K .......... .......... .......... .......... .......... 17%  130M 2s
  8750K .......... .......... .......... .......... .......... 17% 36.2M 2s
  8800K .......... .......... .......... .......... .......... 17%  119M 2s
  8850K .......... .......... .......... .......... .......... 17% 46.3M 2s
  8900K .......... .......... .......... .......... .......... 17% 14.2M 2s
  8950K .......... .......... .......... .......... .......... 18% 81.7M 2s
  9000K .......... .......... .......... .......... .......... 18%  133M 2s
  9050K .......... .......... .......... .......... .......... 18%  134M 2s
  9100K .......... .......... .......... .......... .......... 18% 8.55M 2s
  9150K .......... .......... .......... .......... .......... 18%  112M 2s
  9200K .......... .......... .......... .......... .......... 18%  108M 2s
  9250K .......... .......... .......... .......... .......... 18% 82.3M 2s
  9300K .......... .......... .......... .......... .......... 18% 10.4M 2s
  9350K .......... .......... .......... .......... .......... 18% 82.8M 2s
  9400K .......... .......... .......... .......... .......... 18% 85.8M 2s
  9450K .......... .......... .......... .......... .......... 19%  105M 2s
  9500K .......... .......... .......... .......... .......... 19% 10.5M 2s
  9550K .......... .......... .......... .......... .......... 19%  128M 2s
  9600K .......... .......... .......... .......... .......... 19% 4.96M 2s
  9650K .......... .......... .......... .......... .......... 19% 64.1M 2s
  9700K .......... .......... .......... .......... .......... 19% 66.1M 2s
  9750K .......... .......... .......... .......... .......... 19%  113M 2s
  9800K .......... .......... .......... .......... .......... 19% 76.2M 2s
  9850K .......... .......... .......... .......... .......... 19% 56.9M 2s
  9900K .......... .......... .......... .......... .......... 19% 21.1M 2s
  9950K .......... .......... .......... .......... .......... 20%  109M 2s
 10000K .......... .......... .......... .......... .......... 20%  108M 2s
 10050K .......... .......... .......... .......... .......... 20%  109M 2s
 10100K .......... .......... .......... .......... .......... 20% 50.5M 2s
 10150K .......... .......... .......... .......... .......... 20%  110M 2s
 10200K .......... .......... .......... .......... .......... 20%  108M 2s
 10250K .......... .......... .......... .......... .......... 20%  114M 2s
 10300K .......... .......... .......... .......... .......... 20% 53.0M 2s
 10350K .......... .......... .......... .......... .......... 20% 5.09M 2s
 10400K .......... .......... .......... .......... .......... 20% 6.30M 2s
 10450K .......... .......... .......... .......... .......... 21% 55.1M 2s
 10500K .......... .......... .......... .......... .......... 21% 87.0M 2s
 10550K .......... .......... .......... .......... .......... 21% 42.2M 2s
 10600K .......... .......... .......... .......... .......... 21% 63.5M 2s
 10650K .......... .......... .......... .......... .......... 21%  109M 2s
 10700K .......... .......... .......... .......... .......... 21% 24.1M 2s
 10750K .......... .......... .......... .......... .......... 21% 19.5M 2s
 10800K .......... .......... .......... .......... .......... 21%  120M 2s
 10850K .......... .......... .......... .......... .......... 21% 26.3M 2s
 10900K .......... .......... .......... .......... .......... 21% 51.8M 2s
 10950K .......... .......... .......... .......... .......... 22% 16.4M 2s
 11000K .......... .......... .......... .......... .......... 22%  117M 2s
 11050K .......... .......... .......... .......... .......... 22%  124M 2s
 11100K .......... .......... .......... .......... .......... 22% 6.88M 2s
 11150K .......... .......... .......... .......... .......... 22%  106M 2s
 11200K .......... .......... .......... .......... .......... 22% 1.21M 2s
 11250K .......... .......... .......... .......... .......... 22% 77.8M 2s
 11300K .......... .......... .......... .......... .......... 22% 35.5M 2s
 11350K .......... .......... .......... .......... .......... 22% 54.0M 2s
 11400K .......... .......... .......... .......... .......... 22%  102M 2s
 11450K .......... .......... .......... .......... .......... 23% 97.8M 2s
 11500K .......... .......... .......... .......... .......... 23%  106M 2s
 11550K .......... .......... .......... .......... .......... 23% 9.17M 2s
 11600K .......... .......... .......... .......... .......... 23% 98.7M 2s
 11650K .......... .......... .......... .......... .......... 23% 81.3M 2s
 11700K .......... .......... .......... .......... .......... 23% 61.2M 2s
 11750K .......... .......... .......... .......... .......... 23% 20.1M 2s
 11800K .......... .......... .......... .......... .......... 23%  136M 2s
 11850K .......... .......... .......... .......... .......... 23%  123M 2s
 11900K .......... .......... .......... .......... .......... 23% 49.9M 2s
 11950K .......... .......... .......... .......... .......... 24%  110M 2s
 12000K .......... .......... .......... .......... .......... 24% 41.9M 2s
 12050K .......... .......... .......... .......... .......... 24%  109M 2s
 12100K .......... .......... .......... .......... .......... 24% 19.8M 2s
 12150K .......... .......... .......... .......... .......... 24%  124M 2s
 12200K .......... .......... .......... .......... .......... 24% 9.95M 2s
 12250K .......... .......... .......... .......... .......... 24%  131M 2s
 12300K .......... .......... .......... .......... .......... 24%  109M 2s
 12350K .......... .......... .......... .......... .......... 24% 19.6M 2s
 12400K .......... .......... .......... .......... .......... 24%  119M 2s
 12450K .......... .......... .......... .......... .......... 25%  111M 2s
 12500K .......... .......... .......... .......... .......... 25% 10.1M 2s
 12550K .......... .......... .......... .......... .......... 25%  116M 2s
 12600K .......... .......... .......... .......... .......... 25%  124M 2s
 12650K .......... .......... .......... .......... .......... 25% 70.2M 2s
 12700K .......... .......... .......... .......... .......... 25% 16.5M 2s
 12750K .......... .......... .......... .......... .......... 25%  126M 2s
 12800K .......... .......... .......... .......... .......... 25% 5.83M 2s
 12850K .......... .......... .......... .......... .......... 25% 98.2M 2s
 12900K .......... .......... .......... .......... .......... 25% 79.2M 2s
 12950K .......... .......... .......... .......... .......... 26%  100M 2s
 13000K .......... .......... .......... .......... .......... 26% 96.3M 2s
 13050K .......... .......... .......... .......... .......... 26% 99.9M 2s
 13100K .......... .......... .......... .......... .......... 26%  154M 2s
 13150K .......... .......... .......... .......... .......... 26% 8.98M 2s
 13200K .......... .......... .......... .......... .......... 26%  111M 2s
 13250K .......... .......... .......... .......... .......... 26% 3.03M 2s
 13300K .......... .......... .......... .......... .......... 26% 79.6M 2s
 13350K .......... .......... .......... .......... .......... 26%  101M 2s
 13400K .......... .......... .......... .......... .......... 26% 96.2M 2s
 13450K .......... .......... .......... .......... .......... 27% 97.9M 2s
 13500K .......... .......... .......... .......... .......... 27% 89.8M 2s
 13550K .......... .......... .......... .......... .......... 27%  107M 2s
 13600K .......... .......... .......... .......... .......... 27% 34.0M 2s
 13650K .......... .......... .......... .......... .......... 27%  110M 2s
 13700K .......... .......... .......... .......... .......... 27% 29.6M 2s
 13750K .......... .......... .......... .......... .......... 27%  106M 2s
 13800K .......... .......... .......... .......... .......... 27% 12.6M 2s
 13850K .......... .......... .......... .......... .......... 27% 96.9M 2s
 13900K .......... .......... .......... .......... .......... 27%  101M 2s
 13950K .......... .......... .......... .......... .......... 28% 5.71M 2s
 14000K .......... .......... .......... .......... .......... 28%  122M 2s
 14050K .......... .......... .......... .......... .......... 28% 49.7M 2s
 14100K .......... .......... .......... .......... .......... 28% 94.2M 2s
 14150K .......... .......... .......... .......... .......... 28%  111M 2s
 14200K .......... .......... .......... .......... .......... 28% 8.99M 2s
 14250K .......... .......... .......... .......... .......... 28%  106M 2s
 14300K .......... .......... .......... .......... .......... 28% 98.8M 2s
 14350K .......... .......... .......... .......... .......... 28%  108M 2s
 14400K .......... .......... .......... .......... .......... 28%  115M 2s
 14450K .......... .......... .......... .......... .......... 29%  107M 2s
 14500K .......... .......... .......... .......... .......... 29% 88.9M 2s
 14550K .......... .......... .......... .......... .......... 29%  103M 2s
 14600K .......... .......... .......... .......... .......... 29%  132M 2s
 14650K .......... .......... .......... .......... .......... 29% 20.5M 2s
 14700K .......... .......... .......... .......... .......... 29%  123M 2s
 14750K .......... .......... .......... .......... .......... 29% 9.84M 2s
 14800K .......... .......... .......... .......... .......... 29%  123M 2s
 14850K .......... .......... .......... .......... .......... 29%  123M 2s
 14900K .......... .......... .......... .......... .......... 29% 7.49M 2s
 14950K .......... .......... .......... .......... .......... 30%  107M 2s
 15000K .......... .......... .......... .......... .......... 30%  101M 2s
 15050K .......... .......... .......... .......... .......... 30%  108M 2s
 15100K .......... .......... .......... .......... .......... 30%  109M 2s
 15150K .......... .......... .......... .......... .......... 30% 20.3M 2s
 15200K .......... .......... .......... .......... .......... 30% 3.71M 2s
 15250K .......... .......... .......... .......... .......... 30%  107M 2s
 15300K .......... .......... .......... .......... .......... 30% 92.0M 2s
 15350K .......... .......... .......... .......... .......... 30% 36.8M 2s
 15400K .......... .......... .......... .......... .......... 30% 40.8M 2s
 15450K .......... .......... .......... .......... .......... 31% 33.2M 2s
 15500K .......... .......... .......... .......... .......... 31% 34.0M 2s
 15550K .......... .......... .......... .......... .......... 31% 29.6M 2s
 15600K .......... .......... .......... .......... .......... 31% 6.02M 2s
 15650K .......... .......... .......... .......... .......... 31%  113M 2s
 15700K .......... .......... .......... .......... .......... 31% 97.7M 2s
 15750K .......... .......... .......... .......... .......... 31%  119M 2s
 15800K .......... .......... .......... .......... .......... 31% 4.06M 2s
 15850K .......... .......... .......... .......... .......... 31%  108M 2s
 15900K .......... .......... .......... .......... .......... 31%  104M 2s
 15950K .......... .......... .......... .......... .......... 32%  112M 2s
 16000K .......... .......... .......... .......... .......... 32% 5.61M 2s
 16050K .......... .......... .......... .......... .......... 32%  111M 2s
 16100K .......... .......... .......... .......... .......... 32% 88.0M 2s
 16150K .......... .......... .......... .......... .......... 32%  106M 2s
 16200K .......... .......... .......... .......... .......... 32%  126M 2s
 16250K .......... .......... .......... .......... .......... 32% 87.7M 2s
 16300K .......... .......... .......... .......... .......... 32%  103M 2s
 16350K .......... .......... .......... .......... .......... 32%  108M 2s
 16400K .......... .......... .......... .......... .......... 32% 81.5M 2s
 16450K .......... .......... .......... .......... .......... 33%  106M 1s
 16500K .......... .......... .......... .......... .......... 33% 89.0M 1s
 16550K .......... .......... .......... .......... .......... 33%  114M 1s
 16600K .......... .......... .......... .......... .......... 33% 19.9M 1s
 16650K .......... .......... .......... .......... .......... 33%  108M 1s
 16700K .......... .......... .......... .......... .......... 33%  102M 1s
 16750K .......... .......... .......... .......... .......... 33%  110M 1s
 16800K .......... .......... .......... .......... .......... 33%  114M 1s
 16850K .......... .......... .......... .......... .......... 33%  107M 1s
 16900K .......... .......... .......... .......... .......... 33% 85.2M 1s
 16950K .......... .......... .......... .......... .......... 34%  121M 1s
 17000K .......... .......... .......... .......... .......... 34% 9.59M 1s
 17050K .......... .......... .......... .......... .......... 34%  123M 1s
 17100K .......... .......... .......... .......... .......... 34%  117M 1s
 17150K .......... .......... .......... .......... .......... 34% 71.8M 1s
 17200K .......... .......... .......... .......... .......... 34% 49.7M 1s
 17250K .......... .......... .......... .......... .......... 34% 3.82M 1s
 17300K .......... .......... .......... .......... .......... 34% 8.72M 1s
 17350K .......... .......... .......... .......... .......... 34% 97.5M 1s
 17400K .......... .......... .......... .......... .......... 34% 92.3M 1s
 17450K .......... .......... .......... .......... .......... 35% 91.1M 1s
 17500K .......... .......... .......... .......... .......... 35% 8.92M 1s
 17550K .......... .......... .......... .......... .......... 35%  118M 1s
 17600K .......... .......... .......... .......... .......... 35%  123M 1s
 17650K .......... .......... .......... .......... .......... 35%  121M 1s
 17700K .......... .......... .......... .......... .......... 35% 96.6M 1s
 17750K .......... .......... .......... .......... .......... 35%  104M 1s
 17800K .......... .......... .......... .......... .......... 35% 2.70M 1s
 17850K .......... .......... .......... .......... .......... 35%  110M 1s
 17900K .......... .......... .......... .......... .......... 35%  100M 1s
 17950K .......... .......... .......... .......... .......... 36%  112M 1s
 18000K .......... .......... .......... .......... .......... 36%  131M 1s
 18050K .......... .......... .......... .......... .......... 36% 14.9M 1s
 18100K .......... .......... .......... .......... .......... 36% 88.3M 1s
 18150K .......... .......... .......... .......... .......... 36%  108M 1s
 18200K .......... .......... .......... .......... .......... 36%  104M 1s
 18250K .......... .......... .......... .......... .......... 36%  130M 1s
 18300K .......... .......... .......... .......... .......... 36% 15.7M 1s
 18350K .......... .......... .......... .......... .......... 36%  114M 1s
 18400K .......... .......... .......... .......... .......... 36%  107M 1s
 18450K .......... .......... .......... .......... .......... 37% 99.6M 1s
 18500K .......... .......... .......... .......... .......... 37%  115M 1s
 18550K .......... .......... .......... .......... .......... 37% 22.7M 1s
 18600K .......... .......... .......... .......... .......... 37%  122M 1s
 18650K .......... .......... .......... .......... .......... 37% 12.8M 1s
 18700K .......... .......... .......... .......... .......... 37% 30.5M 1s
 18750K .......... .......... .......... .......... .......... 37% 4.59M 1s
 18800K .......... .......... .......... .......... .......... 37%  111M 1s
 18850K .......... .......... .......... .......... .......... 37% 5.52M 1s
 18900K .......... .......... .......... .......... .......... 37% 45.9M 1s
 18950K .......... .......... .......... .......... .......... 38%  114M 1s
 19000K .......... .......... .......... .......... .......... 38% 2.40M 1s
 19050K .......... .......... .......... .......... .......... 38% 86.0M 1s
 19100K .......... .......... .......... .......... .......... 38% 66.6M 1s
 19150K .......... .......... .......... .......... .......... 38% 86.7M 1s
 19200K .......... .......... .......... .......... .......... 38% 11.6M 1s
 19250K .......... .......... .......... .......... .......... 38% 80.8M 1s
 19300K .......... .......... .......... .......... .......... 38% 71.5M 1s
 19350K .......... .......... .......... .......... .......... 38%  123M 1s
 19400K .......... .......... .......... .......... .......... 38% 74.6M 1s
 19450K .......... .......... .......... .......... .......... 39% 89.9M 1s
 19500K .......... .......... .......... .......... .......... 39% 80.7M 1s
 19550K .......... .......... .......... .......... .......... 39% 91.1M 1s
 19600K .......... .......... .......... .......... .......... 39%  251M 1s
 19650K .......... .......... .......... .......... .......... 39% 66.2M 1s
 19700K .......... .......... .......... .......... .......... 39% 94.2M 1s
 19750K .......... .......... .......... .......... .......... 39%  122M 1s
 19800K .......... .......... .......... .......... .......... 39%  122M 1s
 19850K .......... .......... .......... .......... .......... 39%  110M 1s
 19900K .......... .......... .......... .......... .......... 39%  106M 1s
 19950K .......... .......... .......... .......... .......... 40%  135M 1s
 20000K .......... .......... .......... .......... .......... 40%  109M 1s
 20050K .......... .......... .......... .......... .......... 40%  112M 1s
 20100K .......... .......... .......... .......... .......... 40% 61.5M 1s
 20150K .......... .......... .......... .......... .......... 40%  132M 1s
 20200K .......... .......... .......... .......... .......... 40%  111M 1s
 20250K .......... .......... .......... .......... .......... 40%  115M 1s
 20300K .......... .......... .......... .......... .......... 40%  119M 1s
 20350K .......... .......... .......... .......... .......... 40%  112M 1s
 20400K .......... .......... .......... .......... .......... 40%  108M 1s
 20450K .......... .......... .......... .......... .......... 41% 73.9M 1s
 20500K .......... .......... .......... .......... .......... 41% 23.8M 1s
 20550K .......... .......... .......... .......... .......... 41%  123M 1s
 20600K .......... .......... .......... .......... .......... 41% 19.3M 1s
 20650K .......... .......... .......... .......... .......... 41%  122M 1s
 20700K .......... .......... .......... .......... .......... 41%  100M 1s
 20750K .......... .......... .......... .......... .......... 41%  122M 1s
 20800K .......... .......... .......... .......... .......... 41%  122M 1s
 20850K .......... .......... .......... .......... .......... 41%  109M 1s
 20900K .......... .......... .......... .......... .......... 41% 94.2M 1s
 20950K .......... .......... .......... .......... .......... 42% 13.3M 1s
 21000K .......... .......... .......... .......... .......... 42%  125M 1s
 21050K .......... .......... .......... .......... .......... 42% 15.9M 1s
 21100K .......... .......... .......... .......... .......... 42% 16.6M 1s
 21150K .......... .......... .......... .......... .......... 42%  126M 1s
 21200K .......... .......... .......... .......... .......... 42%  121M 1s
 21250K .......... .......... .......... .......... .......... 42% 6.13M 1s
 21300K .......... .......... .......... .......... .......... 42% 4.25M 1s
 21350K .......... .......... .......... .......... .......... 42% 96.7M 1s
 21400K .......... .......... .......... .......... .......... 42% 91.8M 1s
 21450K .......... .......... .......... .......... .......... 43% 61.1M 1s
 21500K .......... .......... .......... .......... .......... 43% 91.1M 1s
 21550K .......... .......... .......... .......... .......... 43% 98.1M 1s
 21600K .......... .......... .......... .......... .......... 43%  141M 1s
 21650K .......... .......... .......... .......... .......... 43% 60.0M 1s
 21700K .......... .......... .......... .......... .......... 43% 8.60M 1s
 21750K .......... .......... .......... .......... .......... 43% 94.7M 1s
 21800K .......... .......... .......... .......... .......... 43% 93.0M 1s
 21850K .......... .......... .......... .......... .......... 43%  114M 1s
 21900K .......... .......... .......... .......... .......... 43% 67.0M 1s
 21950K .......... .......... .......... .......... .......... 44%  108M 1s
 22000K .......... .......... .......... .......... .......... 44% 3.30M 1s
 22050K .......... .......... .......... .......... .......... 44%  110M 1s
 22100K .......... .......... .......... .......... .......... 44% 58.1M 1s
 22150K .......... .......... .......... .......... .......... 44%  101M 1s
 22200K .......... .......... .......... .......... .......... 44% 30.9M 1s
 22250K .......... .......... .......... .......... .......... 44% 98.2M 1s
 22300K .......... .......... .......... .......... .......... 44% 80.8M 1s
 22350K .......... .......... .......... .......... .......... 44% 97.6M 1s
 22400K .......... .......... .......... .......... .......... 44%  101M 1s
 22450K .......... .......... .......... .......... .......... 45%  103M 1s
 22500K .......... .......... .......... .......... .......... 45%  126M 1s
 22550K .......... .......... .......... .......... .......... 45% 75.8M 1s
 22600K .......... .......... .......... .......... .......... 45% 47.4M 1s
 22650K .......... .......... .......... .......... .......... 45% 99.1M 1s
 22700K .......... .......... .......... .......... .......... 45% 86.2M 1s
 22750K .......... .......... .......... .......... .......... 45% 38.2M 1s
 22800K .......... .......... .......... .......... .......... 45%  141M 1s
 22850K .......... .......... .......... .......... .......... 45% 1.56M 1s
 22900K .......... .......... .......... .......... .......... 45% 93.8M 1s
 22950K .......... .......... .......... .......... .......... 46%  109M 1s
 23000K .......... .......... .......... .......... .......... 46%  120M 1s
 23050K .......... .......... .......... .......... .......... 46%  145M 1s
 23100K .......... .......... .......... .......... .......... 46%  210K 1s
 23150K .......... .......... .......... .......... .......... 46% 83.1M 1s
 23200K .......... .......... .......... .......... .......... 46%  121M 1s
 23250K .......... .......... .......... .......... .......... 46% 63.5M 1s
 23300K .......... .......... .......... .......... .......... 46% 81.7M 1s
 23350K .......... .......... .......... .......... .......... 46% 97.8M 1s
 23400K .......... .......... .......... .......... .......... 46% 1.57M 1s
 23450K .......... .......... .......... .......... .......... 47% 58.2M 1s
 23500K .......... .......... .......... .......... .......... 47% 77.5M 1s
 23550K .......... .......... .......... .......... .......... 47%  100M 1s
 23600K .......... .......... .......... .......... .......... 47% 1.95M 1s
 23650K .......... .......... .......... .......... .......... 47% 97.3M 1s
 23700K .......... .......... .......... .......... .......... 47%  101M 1s
 23750K .......... .......... .......... .......... .......... 47% 60.1M 1s
 23800K .......... .......... .......... .......... .......... 47% 6.65M 1s
 23850K .......... .......... .......... .......... .......... 47% 96.4M 1s
 23900K .......... .......... .......... .......... .......... 47% 90.4M 1s
 23950K .......... .......... .......... .......... .......... 48% 99.7M 1s
 24000K .......... .......... .......... .......... .......... 48% 90.0M 1s
 24050K .......... .......... .......... .......... .......... 48%  112M 1s
 24100K .......... .......... .......... .......... .......... 48% 1.58M 1s
 24150K .......... .......... .......... .......... .......... 48%  197M 1s
 24200K .......... .......... .......... .......... .......... 48%  217M 1s
 24250K .......... .......... .......... .......... .......... 48% 17.1M 1s
 24300K .......... .......... .......... .......... .......... 48%  197M 1s
 24350K .......... .......... .......... .......... .......... 48%  219M 1s
 24400K .......... .......... .......... .......... .......... 49%  217M 1s
 24450K .......... .......... .......... .......... .......... 49%  217M 1s
 24500K .......... .......... .......... .......... .......... 49%  187M 1s
 24550K .......... .......... .......... .......... .......... 49%  215M 1s
 24600K .......... .......... .......... .......... .......... 49%  219M 1s
 24650K .......... .......... .......... .......... .......... 49%  213M 1s
 24700K .......... .......... .......... .......... .......... 49%  162M 1s
 24750K .......... .......... .......... .......... .......... 49%  209M 1s
 24800K .......... .......... .......... .......... .......... 49%  161M 1s
 24850K .......... .......... .......... .......... .......... 49%  139M 1s
 24900K .......... .......... .......... .......... .......... 50%  124M 1s
 24950K .......... .......... .......... .......... .......... 50%  160M 1s
 25000K .......... .......... .......... .......... .......... 50%  197M 1s
 25050K .......... .......... .......... .......... .......... 50%  207M 1s
 25100K .......... .......... .......... .......... .......... 50%  188M 1s
 25150K .......... .......... .......... .......... .......... 50%  213M 1s
 25200K .......... .......... .......... .......... .......... 50%  209M 1s
 25250K .......... .......... .......... .......... .......... 50%  198M 1s
 25300K .......... .......... .......... .......... .......... 50%  177M 1s
 25350K .......... .......... .......... .......... .......... 50%  202M 1s
 25400K .......... .......... .......... .......... .......... 51%  215M 1s
 25450K .......... .......... .......... .......... .......... 51%  201M 1s
 25500K .......... .......... .......... .......... .......... 51% 11.3M 1s
 25550K .......... .......... .......... .......... .......... 51% 49.8M 1s
 25600K .......... .......... .......... .......... .......... 51% 83.6M 1s
 25650K .......... .......... .......... .......... .......... 51% 55.4M 1s
 25700K .......... .......... .......... .......... .......... 51% 95.3M 1s
 25750K .......... .......... .......... .......... .......... 51%  124M 1s
 25800K .......... .......... .......... .......... .......... 51%  108M 1s
 25850K .......... .......... .......... .......... .......... 51%  120M 1s
 25900K .......... .......... .......... .......... .......... 52%  114M 1s
 25950K .......... .......... .......... .......... .......... 52% 5.62M 1s
 26000K .......... .......... .......... .......... .......... 52% 96.4M 1s
 26050K .......... .......... .......... .......... .......... 52% 1.27M 1s
 26100K .......... .......... .......... .......... .......... 52%  148M 1s
 26150K .......... .......... .......... .......... .......... 52%  193M 1s
 26200K .......... .......... .......... .......... .......... 52%  189M 1s
 26250K .......... .......... .......... .......... .......... 52%  193M 1s
 26300K .......... .......... .......... .......... .......... 52%  176M 1s
 26350K .......... .......... .......... .......... .......... 52%  192M 1s
 26400K .......... .......... .......... .......... .......... 53%  192M 1s
 26450K .......... .......... .......... .......... .......... 53%  190M 1s
 26500K .......... .......... .......... .......... .......... 53%  157M 1s
 26550K .......... .......... .......... .......... .......... 53%  192M 1s
 26600K .......... .......... .......... .......... .......... 53%  190M 1s
 26650K .......... .......... .......... .......... .......... 53%  169M 1s
 26700K .......... .......... .......... .......... .......... 53%  173M 1s
 26750K .......... .......... .......... .......... .......... 53%  192M 1s
 26800K .......... .......... .......... .......... .......... 53%  176M 1s
 26850K .......... .......... .......... .......... .......... 53%  186M 1s
 26900K .......... .......... .......... .......... .......... 54%  157M 1s
 26950K .......... .......... .......... .......... .......... 54%  188M 1s
 27000K .......... .......... .......... .......... .......... 54%  189M 1s
 27050K .......... .......... .......... .......... .......... 54%  186M 1s
 27100K .......... .......... .......... .......... .......... 54%  172M 1s
 27150K .......... .......... .......... .......... .......... 54%  188M 1s
 27200K .......... .......... .......... .......... .......... 54%  182M 1s
 27250K .......... .......... .......... .......... .......... 54%  191M 1s
 27300K .......... .......... .......... .......... .......... 54%  153M 1s
 27350K .......... .......... .......... .......... .......... 54%  183M 1s
 27400K .......... .......... .......... .......... .......... 55%  183M 1s
 27450K .......... .......... .......... .......... .......... 55%  187M 1s
 27500K .......... .......... .......... .......... .......... 55%  167M 1s
 27550K .......... .......... .......... .......... .......... 55%  192M 1s
 27600K .......... .......... .......... .......... .......... 55%  190M 1s
 27650K .......... .......... .......... .......... .......... 55%  192M 1s
 27700K .......... .......... .......... .......... .......... 55%  157M 1s
 27750K .......... .......... .......... .......... .......... 55%  197M 1s
 27800K .......... .......... .......... .......... .......... 55%  194M 1s
 27850K .......... .......... .......... .......... .......... 55%  184M 1s
 27900K .......... .......... .......... .......... .......... 56% 5.34M 1s
 27950K .......... .......... .......... .......... .......... 56%  106M 1s
 28000K .......... .......... .......... .......... .......... 56% 1.67M 1s
 28050K .......... .......... .......... .......... .......... 56%  178M 1s
 28100K .......... .......... .......... .......... .......... 56%  177M 1s
 28150K .......... .......... .......... .......... .......... 56%  218M 1s
 28200K .......... .......... .......... .......... .......... 56%  217M 1s
 28250K .......... .......... .......... .......... .......... 56%  223M 1s
 28300K .......... .......... .......... .......... .......... 56%  202M 1s
 28350K .......... .......... .......... .......... .......... 56%  213M 1s
 28400K .......... .......... .......... .......... .......... 57%  219M 1s
 28450K .......... .......... .......... .......... .......... 57%  213M 1s
 28500K .......... .......... .......... .......... .......... 57% 5.46M 1s
 28550K .......... .......... .......... .......... .......... 57%  218M 1s
 28600K .......... .......... .......... .......... .......... 57%  219M 1s
 28650K .......... .......... .......... .......... .......... 57%  127M 1s
 28700K .......... .......... .......... .......... .......... 57% 87.3M 1s
 28750K .......... .......... .......... .......... .......... 57%  109M 1s
 28800K .......... .......... .......... .......... .......... 57%  108M 1s
 28850K .......... .......... .......... .......... .......... 57%  111M 1s
 28900K .......... .......... .......... .......... .......... 58% 76.4M 1s
 28950K .......... .......... .......... .......... .......... 58% 92.5M 1s
 29000K .......... .......... .......... .......... .......... 58%  172M 1s
 29050K .......... .......... .......... .......... .......... 58%  213M 1s
 29100K .......... .......... .......... .......... .......... 58%  109M 1s
 29150K .......... .......... .......... .......... .......... 58% 13.8M 1s
 29200K .......... .......... .......... .......... .......... 58%  152M 1s
 29250K .......... .......... .......... .......... .......... 58%  196M 1s
 29300K .......... .......... .......... .......... .......... 58%  105M 1s
 29350K .......... .......... .......... .......... .......... 58%  122M 1s
 29400K .......... .......... .......... .......... .......... 59%  128M 1s
 29450K .......... .......... .......... .......... .......... 59%  134M 1s
 29500K .......... .......... .......... .......... .......... 59%  112M 1s
 29550K .......... .......... .......... .......... .......... 59%  128M 1s
 29600K .......... .......... .......... .......... .......... 59%  128M 1s
 29650K .......... .......... .......... .......... .......... 59%  133M 1s
 29700K .......... .......... .......... .......... .......... 59%  112M 1s
 29750K .......... .......... .......... .......... .......... 59%  170M 1s
 29800K .......... .......... .......... .......... .......... 59%  219M 1s
 29850K .......... .......... .......... .......... .......... 59%  148M 1s
 29900K .......... .......... .......... .......... .......... 60%  129M 1s
 29950K .......... .......... .......... .......... .......... 60%  132M 1s
 30000K .......... .......... .......... .......... .......... 60%  148M 1s
 30050K .......... .......... .......... .......... .......... 60%  188M 1s
 30100K .......... .......... .......... .......... .......... 60%  130M 1s
 30150K .......... .......... .......... .......... .......... 60%  145M 1s
 30200K .......... .......... .......... .......... .......... 60%  154M 1s
 30250K .......... .......... .......... .......... .......... 60%  145M 1s
 30300K .......... .......... .......... .......... .......... 60%  236M 1s
 30350K .......... .......... .......... .......... .......... 60%  191M 1s
 30400K .......... .......... .......... .......... .......... 61%  181M 1s
 30450K .......... .......... .......... .......... .......... 61%  175M 1s
 30500K .......... .......... .......... .......... .......... 61%  160M 1s
 30550K .......... .......... .......... .......... .......... 61%  186M 1s
 30600K .......... .......... .......... .......... .......... 61%  181M 1s
 30650K .......... .......... .......... .......... .......... 61%  275M 1s
 30700K .......... .......... .......... .......... .......... 61%  253M 1s
 30750K .......... .......... .......... .......... .......... 61%  169M 1s
 30800K .......... .......... .......... .......... .......... 61%  230M 1s
 30850K .......... .......... .......... .......... .......... 61%  214M 1s
 30900K .......... .......... .......... .......... .......... 62%  165M 1s
 30950K .......... .......... .......... .......... .......... 62%  207M 1s
 31000K .......... .......... .......... .......... .......... 62%  243M 1s
 31050K .......... .......... .......... .......... .......... 62%  194M 1s
 31100K .......... .......... .......... .......... .......... 62%  118M 1s
 31150K .......... .......... .......... .......... .......... 62% 55.7M 1s
 31200K .......... .......... .......... .......... .......... 62%  100M 1s
 31250K .......... .......... .......... .......... .......... 62% 75.5M 1s
 31300K .......... .......... .......... .......... .......... 62% 43.5M 1s
 31350K .......... .......... .......... .......... .......... 62% 51.6M 1s
 31400K .......... .......... .......... .......... .......... 63%  128M 1s
 31450K .......... .......... .......... .......... .......... 63%  113M 1s
 31500K .......... .......... .......... .......... .......... 63%  108M 1s
 31550K .......... .......... .......... .......... .......... 63%  129M 1s
 31600K .......... .......... .......... .......... .......... 63% 82.4M 1s
 31650K .......... .......... .......... .......... .......... 63%  112M 1s
 31700K .......... .......... .......... .......... .......... 63% 85.1M 1s
 31750K .......... .......... .......... .......... .......... 63%  127M 1s
 31800K .......... .......... .......... .......... .......... 63%  114M 1s
 31850K .......... .......... .......... .......... .......... 63%  123M 1s
 31900K .......... .......... .......... .......... .......... 64% 85.3M 1s
 31950K .......... .......... .......... .......... .......... 64%  106M 1s
 32000K .......... .......... .......... .......... .......... 64% 84.6M 1s
 32050K .......... .......... .......... .......... .......... 64%  122M 1s
 32100K .......... .......... .......... .......... .......... 64% 60.8M 1s
 32150K .......... .......... .......... .......... .......... 64%  121M 1s
 32200K .......... .......... .......... .......... .......... 64% 13.3M 1s
 32250K .......... .......... .......... .......... .......... 64% 52.8M 1s
 32300K .......... .......... .......... .......... .......... 64% 78.9M 1s
 32350K .......... .......... .......... .......... .......... 64% 46.4M 1s
 32400K .......... .......... .......... .......... .......... 65% 20.6M 1s
 32450K .......... .......... .......... .......... .......... 65%  124M 1s
 32500K .......... .......... .......... .......... .......... 65% 52.9M 1s
 32550K .......... .......... .......... .......... .......... 65%  109M 1s
 32600K .......... .......... .......... .......... .......... 65% 83.9M 1s
 32650K .......... .......... .......... .......... .......... 65%  120M 1s
 32700K .......... .......... .......... .......... .......... 65% 48.8M 1s
 32750K .......... .......... .......... .......... .......... 65% 40.9M 1s
 32800K .......... .......... .......... .......... .......... 65% 1.65M 1s
 32850K .......... .......... .......... .......... .......... 65%  138M 1s
 32900K .......... .......... .......... .......... .......... 66%  117M 1s
 32950K .......... .......... .......... .......... .......... 66%  181M 1s
 33000K .......... .......... .......... .......... .......... 66%  220M 1s
 33050K .......... .......... .......... .......... .......... 66%  175M 1s
 33100K .......... .......... .......... .......... .......... 66%  149M 1s
 33150K .......... .......... .......... .......... .......... 66%  235M 1s
 33200K .......... .......... .......... .......... .......... 66%  187M 1s
 33250K .......... .......... .......... .......... .......... 66%  143M 1s
 33300K .......... .......... .......... .......... .......... 66%  159M 1s
 33350K .......... .......... .......... .......... .......... 66%  233M 1s
 33400K .......... .......... .......... .......... .......... 67%  177M 1s
 33450K .......... .......... .......... .......... .......... 67%  146M 1s
 33500K .......... .......... .......... .......... .......... 67%  129M 1s
 33550K .......... .......... .......... .......... .......... 67%  151M 1s
 33600K .......... .......... .......... .......... .......... 67%  148M 1s
 33650K .......... .......... .......... .......... .......... 67%  151M 1s
 33700K .......... .......... .......... .......... .......... 67%  125M 1s
 33750K .......... .......... .......... .......... .......... 67%  152M 1s
 33800K .......... .......... .......... .......... .......... 67%  149M 1s
 33850K .......... .......... .......... .......... .......... 67%  150M 1s
 33900K .......... .......... .......... .......... .......... 68%  133M 1s
 33950K .......... .......... .......... .......... .......... 68%  144M 1s
 34000K .......... .......... .......... .......... .......... 68%  148M 1s
 34050K .......... .......... .......... .......... .......... 68%  152M 1s
 34100K .......... .......... .......... .......... .......... 68%  117M 1s
 34150K .......... .......... .......... .......... .......... 68%  133M 1s
 34200K .......... .......... .......... .......... .......... 68%  145M 1s
 34250K .......... .......... .......... .......... .......... 68%  139M 1s
 34300K .......... .......... .......... .......... .......... 68%  127M 1s
 34350K .......... .......... .......... .......... .......... 68%  138M 1s
 34400K .......... .......... .......... .......... .......... 69%  138M 1s
 34450K .......... .......... .......... .......... .......... 69%  157M 1s
 34500K .......... .......... .......... .......... .......... 69%  194M 1s
 34550K .......... .......... .......... .......... .......... 69%  235M 1s
 34600K .......... .......... .......... .......... .......... 69%  233M 1s
 34650K .......... .......... .......... .......... .......... 69%  228M 1s
 34700K .......... .......... .......... .......... .......... 69%  148M 1s
 34750K .......... .......... .......... .......... .......... 69%  163M 1s
 34800K .......... .......... .......... .......... .......... 69%  222M 1s
 34850K .......... .......... .......... .......... .......... 69%  309M 1s
 34900K .......... .......... .......... .......... .......... 70%  264M 1s
 34950K .......... .......... .......... .......... .......... 70%  311M 1s
 35000K .......... .......... .......... .......... .......... 70%  301M 1s
 35050K .......... .......... .......... .......... .......... 70%  287M 1s
 35100K .......... .......... .......... .......... .......... 70%  281M 1s
 35150K .......... .......... .......... .......... .......... 70%  305M 1s
 35200K .......... .......... .......... .......... .......... 70%  300M 1s
 35250K .......... .......... .......... .......... .......... 70%  308M 1s
 35300K .......... .......... .......... .......... .......... 70%  227M 1s
 35350K .......... .......... .......... .......... .......... 70%  267M 1s
 35400K .......... .......... .......... .......... .......... 71%  262M 1s
 35450K .......... .......... .......... .......... .......... 71%  218M 1s
 35500K .......... .......... .......... .......... .......... 71%  252M 1s
 35550K .......... .......... .......... .......... .......... 71%  293M 1s
 35600K .......... .......... .......... .......... .......... 71%  298M 1s
 35650K .......... .......... .......... .......... .......... 71%  287M 1s
 35700K .......... .......... .......... .......... .......... 71%  235M 1s
 35750K .......... .......... .......... .......... .......... 71%  302M 1s
 35800K .......... .......... .......... .......... .......... 71%  306M 1s
 35850K .......... .......... .......... .......... .......... 71% 71.6M 1s
 35900K .......... .......... .......... .......... .......... 72%  117M 1s
 35950K .......... .......... .......... .......... .......... 72%  108M 1s
 36000K .......... .......... .......... .......... .......... 72%  121M 1s
 36050K .......... .......... .......... .......... .......... 72%  118M 1s
 36100K .......... .......... .......... .......... .......... 72% 85.5M 1s
 36150K .......... .......... .......... .......... .......... 72%  122M 1s
 36200K .......... .......... .......... .......... .......... 72% 24.3M 1s
 36250K .......... .......... .......... .......... .......... 72% 51.1M 1s
 36300K .......... .......... .......... .......... .......... 72%  111M 1s
 36350K .......... .......... .......... .......... .......... 72% 49.4M 1s
 36400K .......... .......... .......... .......... .......... 73%  108M 1s
 36450K .......... .......... .......... .......... .......... 73%  122M 1s
 36500K .......... .......... .......... .......... .......... 73% 93.3M 1s
 36550K .......... .......... .......... .......... .......... 73%  123M 1s
 36600K .......... .......... .......... .......... .......... 73%  108M 1s
 36650K .......... .......... .......... .......... .......... 73%  118M 1s
 36700K .......... .......... .......... .......... .......... 73%  115M 1s
 36750K .......... .......... .......... .......... .......... 73%  108M 1s
 36800K .......... .......... .......... .......... .......... 73%  121M 1s
 36850K .......... .......... .......... .......... .......... 73%  123M 1s
 36900K .......... .......... .......... .......... .......... 74% 17.7M 1s
 36950K .......... .......... .......... .......... .......... 74% 53.7M 1s
 37000K .......... .......... .......... .......... .......... 74%  106M 1s
 37050K .......... .......... .......... .......... .......... 74% 48.7M 1s
 37100K .......... .......... .......... .......... .......... 74%  113M 1s
 37150K .......... .......... .......... .......... .......... 74% 35.6M 1s
 37200K .......... .......... .......... .......... .......... 74%  107M 1s
 37250K .......... .......... .......... .......... .......... 74% 31.7M 1s
 37300K .......... .......... .......... .......... .......... 74% 42.2M 1s
 37350K .......... .......... .......... .......... .......... 74% 95.6M 1s
 37400K .......... .......... .......... .......... .......... 75%  106M 1s
 37450K .......... .......... .......... .......... .......... 75%  124M 1s
 37500K .......... .......... .......... .......... .......... 75% 77.3M 1s
 37550K .......... .......... .......... .......... .......... 75%  125M 1s
 37600K .......... .......... .......... .......... .......... 75%  126M 1s
 37650K .......... .......... .......... .......... .......... 75% 14.9M 1s
 37700K .......... .......... .......... .......... .......... 75% 85.6M 1s
 37750K .......... .......... .......... .......... .......... 75% 67.2M 1s
 37800K .......... .......... .......... .......... .......... 75%  109M 1s
 37850K .......... .......... .......... .......... .......... 75%  121M 0s
 37900K .......... .......... .......... .......... .......... 76% 73.3M 0s
 37950K .......... .......... .......... .......... .......... 76% 47.4M 0s
 38000K .......... .......... .......... .......... .......... 76%  121M 0s
 38050K .......... .......... .......... .......... .......... 76% 14.1M 0s
 38100K .......... .......... .......... .......... .......... 76% 94.5M 0s
 38150K .......... .......... .......... .......... .......... 76% 52.2M 0s
 38200K .......... .......... .......... .......... .......... 76%  108M 0s
 38250K .......... .......... .......... .......... .......... 76%  121M 0s
 38300K .......... .......... .......... .......... .......... 76%  112M 0s
 38350K .......... .......... .......... .......... .......... 76%  107M 0s
 38400K .......... .......... .......... .......... .......... 77%  125M 0s
 38450K .......... .......... .......... .......... .......... 77%  109M 0s
 38500K .......... .......... .......... .......... .......... 77% 93.9M 0s
 38550K .......... .......... .......... .......... .......... 77%  122M 0s
 38600K .......... .......... .......... .......... .......... 77%  121M 0s
 38650K .......... .......... .......... .......... .......... 77%  109M 0s
 38700K .......... .......... .......... .......... .......... 77%  111M 0s
 38750K .......... .......... .......... .......... .......... 77% 12.4M 0s
 38800K .......... .......... .......... .......... .......... 77%  122M 0s
 38850K .......... .......... .......... .......... .......... 77% 50.2M 0s
 38900K .......... .......... .......... .......... .......... 78% 45.5M 0s
 38950K .......... .......... .......... .......... .......... 78% 21.5M 0s
 39000K .......... .......... .......... .......... .......... 78%  122M 0s
 39050K .......... .......... .......... .......... .......... 78%  110M 0s
 39100K .......... .......... .......... .......... .......... 78% 22.3M 0s
 39150K .......... .......... .......... .......... .......... 78% 38.2M 0s
 39200K .......... .......... .......... .......... .......... 78%  106M 0s
 39250K .......... .......... .......... .......... .......... 78% 67.9M 0s
 39300K .......... .......... .......... .......... .......... 78% 48.1M 0s
 39350K .......... .......... .......... .......... .......... 78%  108M 0s
 39400K .......... .......... .......... .......... .......... 79%  117M 0s
 39450K .......... .......... .......... .......... .......... 79% 23.2M 0s
 39500K .......... .......... .......... .......... .......... 79% 13.1M 0s
 39550K .......... .......... .......... .......... .......... 79%  115M 0s
 39600K .......... .......... .......... .......... .......... 79% 51.1M 0s
 39650K .......... .......... .......... .......... .......... 79%  125M 0s
 39700K .......... .......... .......... .......... .......... 79% 28.9M 0s
 39750K .......... .......... .......... .......... .......... 79%  129M 0s
 39800K .......... .......... .......... .......... .......... 79%  114M 0s
 39850K .......... .......... .......... .......... .......... 79% 60.4M 0s
 39900K .......... .......... .......... .......... .......... 80% 77.8M 0s
 39950K .......... .......... .......... .......... .......... 80%  128M 0s
 40000K .......... .......... .......... .......... .......... 80% 49.6M 0s
 40050K .......... .......... .......... .......... .......... 80%  120M 0s
 40100K .......... .......... .......... .......... .......... 80% 15.7M 0s
 40150K .......... .......... .......... .......... .......... 80%  124M 0s
 40200K .......... .......... .......... .......... .......... 80% 50.1M 0s
 40250K .......... .......... .......... .......... .......... 80% 84.8M 0s
 40300K .......... .......... .......... .......... .......... 80% 18.2M 0s
 40350K .......... .......... .......... .......... .......... 80%  125M 0s
 40400K .......... .......... .......... .......... .......... 81%  124M 0s
 40450K .......... .......... .......... .......... .......... 81%  107M 0s
 40500K .......... .......... .......... .......... .......... 81% 38.5M 0s
 40550K .......... .......... .......... .......... .......... 81%  108M 0s
 40600K .......... .......... .......... .......... .......... 81% 14.7M 0s
 40650K .......... .......... .......... .......... .......... 81%  107M 0s
 40700K .......... .......... .......... .......... .......... 81% 84.9M 0s
 40750K .......... .......... .......... .......... .......... 81% 65.2M 0s
 40800K .......... .......... .......... .......... .......... 81% 6.77M 0s
 40850K .......... .......... .......... .......... .......... 81%  115M 0s
 40900K .......... .......... .......... .......... .......... 82% 90.1M 0s
 40950K .......... .......... .......... .......... .......... 82%  107M 0s
 41000K .......... .......... .......... .......... .......... 82% 33.1M 0s
 41050K .......... .......... .......... .......... .......... 82%  108M 0s
 41100K .......... .......... .......... .......... .......... 82%  104M 0s
 41150K .......... .......... .......... .......... .......... 82% 8.28M 0s
 41200K .......... .......... .......... .......... .......... 82%  107M 0s
 41250K .......... .......... .......... .......... .......... 82% 39.9M 0s
 41300K .......... .......... .......... .......... .......... 82% 22.9M 0s
 41350K .......... .......... .......... .......... .......... 82%  119M 0s
 41400K .......... .......... .......... .......... .......... 83% 6.12M 0s
 41450K .......... .......... .......... .......... .......... 83% 98.5M 0s
 41500K .......... .......... .......... .......... .......... 83% 93.7M 0s
 41550K .......... .......... .......... .......... .......... 83%  111M 0s
 41600K .......... .......... .......... .......... .......... 83% 47.9M 0s
 41650K .......... .......... .......... .......... .......... 83%  102M 0s
 41700K .......... .......... .......... .......... .......... 83% 79.2M 0s
 41750K .......... .......... .......... .......... .......... 83% 5.94M 0s
 41800K .......... .......... .......... .......... .......... 83% 49.9M 0s
 41850K .......... .......... .......... .......... .......... 83%  129M 0s
 41900K .......... .......... .......... .......... .......... 84%  106M 0s
 41950K .......... .......... .......... .......... .......... 84%  110M 0s
 42000K .......... .......... .......... .......... .......... 84% 6.84M 0s
 42050K .......... .......... .......... .......... .......... 84%  117M 0s
 42100K .......... .......... .......... .......... .......... 84%  119M 0s
 42150K .......... .......... .......... .......... .......... 84% 53.6M 0s
 42200K .......... .......... .......... .......... .......... 84%  104M 0s
 42250K .......... .......... .......... .......... .......... 84%  122M 0s
 42300K .......... .......... .......... .......... .......... 84% 78.3M 0s
 42350K .......... .......... .......... .......... .......... 84%  111M 0s
 42400K .......... .......... .......... .......... .......... 85%  122M 0s
 42450K .......... .......... .......... .......... .......... 85%  120M 0s
 42500K .......... .......... .......... .......... .......... 85% 95.6M 0s
 42550K .......... .......... .......... .......... .......... 85% 84.8M 0s
 42600K .......... .......... .......... .......... .......... 85% 82.9M 0s
 42650K .......... .......... .......... .......... .......... 85% 28.1M 0s
 42700K .......... .......... .......... .......... .......... 85%  113M 0s
 42750K .......... .......... .......... .......... .......... 85% 42.4M 0s
 42800K .......... .......... .......... .......... .......... 85% 8.31M 0s
 42850K .......... .......... .......... .......... .......... 85% 24.7M 0s
 42900K .......... .......... .......... .......... .......... 86% 79.1M 0s
 42950K .......... .......... .......... .......... .......... 86% 27.8M 0s
 43000K .......... .......... .......... .......... .......... 86% 4.73M 0s
 43050K .......... .......... .......... .......... .......... 86% 93.5M 0s
 43100K .......... .......... .......... .......... .......... 86% 88.9M 0s
 43150K .......... .......... .......... .......... .......... 86%  127M 0s
 43200K .......... .......... .......... .......... .......... 86% 7.89M 0s
 43250K .......... .......... .......... .......... .......... 86% 99.6M 0s
 43300K .......... .......... .......... .......... .......... 86% 81.4M 0s
 43350K .......... .......... .......... .......... .......... 86%  104M 0s
 43400K .......... .......... .......... .......... .......... 87% 3.93M 0s
 43450K .......... .......... .......... .......... .......... 87% 89.8M 0s
 43500K .......... .......... .......... .......... .......... 87%  104M 0s
 43550K .......... .......... .......... .......... .......... 87%  108M 0s
 43600K .......... .......... .......... .......... .......... 87%  124M 0s
 43650K .......... .......... .......... .......... .......... 87% 14.8M 0s
 43700K .......... .......... .......... .......... .......... 87% 89.2M 0s
 43750K .......... .......... .......... .......... .......... 87%  103M 0s
 43800K .......... .......... .......... .......... .......... 87%  115M 0s
 43850K .......... .......... .......... .......... .......... 87% 4.81M 0s
 43900K .......... .......... .......... .......... .......... 88%  105M 0s
 43950K .......... .......... .......... .......... .......... 88% 62.9M 0s
 44000K .......... .......... .......... .......... .......... 88%  111M 0s
 44050K .......... .......... .......... .......... .......... 88% 50.9M 0s
 44100K .......... .......... .......... .......... .......... 88% 80.8M 0s
 44150K .......... .......... .......... .......... .......... 88%  113M 0s
 44200K .......... .......... .......... .......... .......... 88%  112M 0s
 44250K .......... .......... .......... .......... .......... 88%  118M 0s
 44300K .......... .......... .......... .......... .......... 88% 49.0M 0s
 44350K .......... .......... .......... .......... .......... 88%  120M 0s
 44400K .......... .......... .......... .......... .......... 89%  111M 0s
 44450K .......... .......... .......... .......... .......... 89%  129M 0s
 44500K .......... .......... .......... .......... .......... 89% 45.0M 0s
 44550K .......... .......... .......... .......... .......... 89% 46.8M 0s
 44600K .......... .......... .......... .......... .......... 89% 38.1M 0s
 44650K .......... .......... .......... .......... .......... 89% 14.1M 0s
 44700K .......... .......... .......... .......... .......... 89% 63.4M 0s
 44750K .......... .......... .......... .......... .......... 89%  122M 0s
 44800K .......... .......... .......... .......... .......... 89% 4.64M 0s
 44850K .......... .......... .......... .......... .......... 89% 92.9M 0s
 44900K .......... .......... .......... .......... .......... 90% 76.4M 0s
 44950K .......... .......... .......... .......... .......... 90% 96.8M 0s
 45000K .......... .......... .......... .......... .......... 90%  133M 0s
 45050K .......... .......... .......... .......... .......... 90% 99.2M 0s
 45100K .......... .......... .......... .......... .......... 90%  104M 0s
 45150K .......... .......... .......... .......... .......... 90% 38.7M 0s
 45200K .......... .......... .......... .......... .......... 90% 67.8M 0s
 45250K .......... .......... .......... .......... .......... 90% 79.4M 0s
 45300K .......... .......... .......... .......... .......... 90% 44.7M 0s
 45350K .......... .......... .......... .......... .......... 90% 5.35M 0s
 45400K .......... .......... .......... .......... .......... 91% 81.9M 0s
 45450K .......... .......... .......... .......... .......... 91%  109M 0s
 45500K .......... .......... .......... .......... .......... 91% 58.0M 0s
 45550K .......... .......... .......... .......... .......... 91% 21.0M 0s
 45600K .......... .......... .......... .......... .......... 91% 70.4M 0s
 45650K .......... .......... .......... .......... .......... 91%  113M 0s
 45700K .......... .......... .......... .......... .......... 91% 98.4M 0s
 45750K .......... .......... .......... .......... .......... 91% 11.4M 0s
 45800K .......... .......... .......... .......... .......... 91% 70.5M 0s
 45850K .......... .......... .......... .......... .......... 91%  128M 0s
 45900K .......... .......... .......... .......... .......... 92%  101M 0s
 45950K .......... .......... .......... .......... .......... 92%  120M 0s
 46000K .......... .......... .......... .......... .......... 92% 13.7M 0s
 46050K .......... .......... .......... .......... .......... 92%  123M 0s
 46100K .......... .......... .......... .......... .......... 92% 94.7M 0s
 46150K .......... .......... .......... .......... .......... 92%  109M 0s
 46200K .......... .......... .......... .......... .......... 92% 62.9M 0s
 46250K .......... .......... .......... .......... .......... 92%  116M 0s
 46300K .......... .......... .......... .......... .......... 92%  117M 0s
 46350K .......... .......... .......... .......... .......... 92% 77.3M 0s
 46400K .......... .......... .......... .......... .......... 93% 5.62M 0s
 46450K .......... .......... .......... .......... .......... 93%  123M 0s
 46500K .......... .......... .......... .......... .......... 93% 58.1M 0s
 46550K .......... .......... .......... .......... .......... 93%  121M 0s
 46600K .......... .......... .......... .......... .......... 93% 51.1M 0s
 46650K .......... .......... .......... .......... .......... 93% 8.40M 0s
 46700K .......... .......... .......... .......... .......... 93%  107M 0s
 46750K .......... .......... .......... .......... .......... 93% 10.6M 0s
 46800K .......... .......... .......... .......... .......... 93% 4.89M 0s
 46850K .......... .......... .......... .......... .......... 93% 70.1M 0s
 46900K .......... .......... .......... .......... .......... 94% 87.0M 0s
 46950K .......... .......... .......... .......... .......... 94% 54.3M 0s
 47000K .......... .......... .......... .......... .......... 94% 4.44M 0s
 47050K .......... .......... .......... .......... .......... 94% 93.6M 0s
 47100K .......... .......... .......... .......... .......... 94% 83.6M 0s
 47150K .......... .......... .......... .......... .......... 94% 48.7M 0s
 47200K .......... .......... .......... .......... .......... 94%  110M 0s
 47250K .......... .......... .......... .......... .......... 94%  115M 0s
 47300K .......... .......... .......... .......... .......... 94% 95.1M 0s
 47350K .......... .......... .......... .......... .......... 94% 3.60M 0s
 47400K .......... .......... .......... .......... .......... 95%  112M 0s
 47450K .......... .......... .......... .......... .......... 95%  105M 0s
 47500K .......... .......... .......... .......... .......... 95%  122M 0s
 47550K .......... .......... .......... .......... .......... 95% 7.53M 0s
 47600K .......... .......... .......... .......... .......... 95%  122M 0s
 47650K .......... .......... .......... .......... .......... 95% 59.0M 0s
 47700K .......... .......... .......... .......... .......... 95% 20.3M 0s
 47750K .......... .......... .......... .......... .......... 95%  111M 0s
 47800K .......... .......... .......... .......... .......... 95%  118M 0s
 47850K .......... .......... .......... .......... .......... 95%  110M 0s
 47900K .......... .......... .......... .......... .......... 96% 41.9M 0s
 47950K .......... .......... .......... .......... .......... 96% 7.41M 0s
 48000K .......... .......... .......... .......... .......... 96%  120M 0s
 48050K .......... .......... .......... .......... .......... 96% 66.7M 0s
 48100K .......... .......... .......... .......... .......... 96% 20.5M 0s
 48150K .......... .......... .......... .......... .......... 96% 49.3M 0s
 48200K .......... .......... .......... .......... .......... 96%  121M 0s
 48250K .......... .......... .......... .......... .......... 96%  116M 0s
 48300K .......... .......... .......... .......... .......... 96%  114M 0s
 48350K .......... .......... .......... .......... .......... 97% 51.0M 0s
 48400K .......... .......... .......... .......... .......... 97%  108M 0s
 48450K .......... .......... .......... .......... .......... 97%  122M 0s
 48500K .......... .......... .......... .......... .......... 97% 6.93M 0s
 48550K .......... .......... .......... .......... .......... 97% 34.0M 0s
 48600K .......... .......... .......... .......... .......... 97% 48.6M 0s
 48650K .......... .......... .......... .......... .......... 97%  125M 0s
 48700K .......... .......... .......... .......... .......... 97%  101M 0s
 48750K .......... .......... .......... .......... .......... 97% 5.42M 0s
 48800K .......... .......... .......... .......... .......... 97%  109M 0s
 48850K .......... .......... .......... .......... .......... 98%  111M 0s
 48900K .......... .......... .......... .......... .......... 98% 91.1M 0s
 48950K .......... .......... .......... .......... .......... 98%  116M 0s
 49000K .......... .......... .......... .......... .......... 98% 28.6M 0s
 49050K .......... .......... .......... .......... .......... 98% 20.8M 0s
 49100K .......... .......... .......... .......... .......... 98% 45.9M 0s
 49150K .......... .......... .......... .......... .......... 98% 22.7M 0s
 49200K .......... .......... .......... .......... .......... 98% 30.2M 0s
 49250K .......... .......... .......... .......... .......... 98% 16.5M 0s
 49300K .......... .......... .......... .......... .......... 98%  106M 0s
 49350K .......... .......... .......... .......... .......... 99% 36.3M 0s
 49400K .......... .......... .......... .......... .......... 99% 52.1M 0s
 49450K .......... .......... .......... .......... .......... 99% 75.7M 0s
 49500K .......... .......... .......... .......... .......... 99%  106M 0s
 49550K .......... .......... .......... .......... .......... 99% 51.0M 0s
 49600K .......... .......... .......... .......... .......... 99%  109M 0s
 49650K .......... .......... .......... .......... .......... 99%  123M 0s
 49700K .......... .......... .......... .......... .......... 99% 29.8M 0s
 49750K .......... .......... .......... .......... .......... 99% 51.4M 0s
 49800K .......... .......... .......... .......... .......... 99%  122M 0s
 49850K .......... .......... .......... .......... ......    100%  120M=1.9s

2020-12-29 05:52:42 (25.0 MB/s) - `miniconda.sh' saved [51093759/51093759]


travis_time:end:0a30bb26:start=1609221160144653892,finish=1609221162359487942,duration=2214834050[0Ktravis_fold:end:before_install.1[0Ktravis_fold:start:before_install.2[0Ktravis_time:start:303f3499[0K$ chmod +x miniconda.sh

travis_time:end:303f3499:start=1609221162369950854,finish=1609221162380083576,duration=10132722[0Ktravis_fold:end:before_install.2[0Ktravis_fold:start:before_install.3[0Ktravis_time:start:11dcd5bc[0K$ ./miniconda.sh -b
PREFIX=/home/travis/miniconda2
Unpacking payload ...
  0%|          | 0/37 [00:00<?, ?it/s]Extracting : python-2.7.18-h15b4118_1.conda:   0%|          | 0/37 [00:00<?, ?it/s]Extracting : python-2.7.18-h15b4118_1.conda:   3%|▎         | 1/37 [00:00<00:21,  1.68it/s]Extracting : _libgcc_mutex-0.1-main.conda:   3%|▎         | 1/37 [00:00<00:21,  1.68it/s]  Extracting : ca-certificates-2020.1.1-0.conda:   5%|▌         | 2/37 [00:00<00:20,  1.68it/s]Extracting : libstdcxx-ng-9.1.0-hdf63c60_0.conda:   8%|▊         | 3/37 [00:00<00:20,  1.68it/s]Extracting : libgcc-ng-9.1.0-hdf63c60_0.conda:  11%|█         | 4/37 [00:00<00:19,  1.68it/s]   Extracting : libffi-3.3-he6710b0_1.conda:  14%|█▎        | 5/37 [00:00<00:19,  1.68it/s]     Extracting : ncurses-6.2-he6710b0_1.conda:  16%|█▌        | 6/37 [00:00<00:18,  1.68it/s]Extracting : openssl-1.1.1g-h7b6447c_0.conda:  19%|█▉        | 7/37 [00:00<00:17,  1.68it/s]Extracting : yaml-0.1.7-had09818_2.conda:  22%|██▏       | 8/37 [00:00<00:17,  1.68it/s]    Extracting : zlib-1.2.11-h7b6447c_3.conda:  24%|██▍       | 9/37 [00:00<00:16,  1.68it/s]Extracting : libedit-3.1.20181209-hc058e9b_0.conda:  27%|██▋       | 10/37 [00:00<00:16,  1.68it/s]Extracting : readline-8.0-h7b6447c_0.conda:  30%|██▉       | 11/37 [00:00<00:15,  1.68it/s]        Extracting : tk-8.6.8-hbc83047_0.conda:  32%|███▏      | 12/37 [00:00<00:14,  1.68it/s]    Extracting : sqlite-3.31.1-h62c20be_1.conda:  35%|███▌      | 13/37 [00:00<00:14,  1.68it/s]Extracting : asn1crypto-1.3.0-py27_0.conda:  38%|███▊      | 14/37 [00:00<00:13,  1.68it/s] Extracting : certifi-2019.11.28-py27_0.conda:  41%|████      | 15/37 [00:00<00:13,  1.68it/s]Extracting : chardet-3.0.4-py27_1003.conda:  43%|████▎     | 16/37 [00:00<00:12,  1.68it/s]  Extracting : enum34-1.1.6-py27_1.conda:  46%|████▌     | 17/37 [00:00<00:11,  1.68it/s]    Extracting : futures-3.3.0-py27_0.conda:  49%|████▊     | 18/37 [00:00<00:11,  1.68it/s]Extracting : idna-2.8-py27_0.conda:  51%|█████▏    | 19/37 [00:00<00:10,  1.68it/s]     Extracting : ipaddress-1.0.23-py_0.conda:  54%|█████▍    | 20/37 [00:00<00:10,  1.68it/s]Extracting : pycosat-0.6.3-py27h7b6447c_0.conda:  57%|█████▋    | 21/37 [00:00<00:09,  1.68it/s]Extracting : pycparser-2.20-py_0.conda:  59%|█████▉    | 22/37 [00:00<00:08,  1.68it/s]         Extracting : pysocks-1.7.1-py27_0.conda:  62%|██████▏   | 23/37 [00:00<00:08,  1.68it/s]Extracting : ruamel_yaml-0.15.87-py27h7b6447c_0.conda:  65%|██████▍   | 24/37 [00:00<00:07,  1.68it/s]Extracting : six-1.13.0-py27_0.conda:  68%|██████▊   | 25/37 [00:00<00:07,  1.68it/s]                 Extracting : tqdm-4.46.0-py_0.conda:  70%|███████   | 26/37 [00:00<00:06,  1.68it/s] Extracting : cffi-1.14.0-py27he30daa8_1.conda:  73%|███████▎  | 27/37 [00:00<00:05,  1.68it/s]Extracting : conda-package-handling-1.6.0-py27h7b6447c_0.conda:  76%|███████▌  | 28/37 [00:00<00:05,  1.68it/s]Extracting : setuptools-44.0.0-py27_0.conda:  78%|███████▊  | 29/37 [00:00<00:04,  1.68it/s]                   Extracting : cryptography-2.8-py27h1ba5d50_0.conda:  81%|████████  | 30/37 [00:00<00:04,  1.68it/s]Extracting : wheel-0.33.6-py27_0.conda:  84%|████████▍ | 31/37 [00:00<00:03,  1.68it/s]            Extracting : pip-19.3.1-py27_0.conda:  86%|████████▋ | 32/37 [00:00<00:02,  1.68it/s]  Extracting : pyopenssl-19.1.0-py27_0.conda:  89%|████████▉ | 33/37 [00:00<00:02,  1.68it/s]Extracting : urllib3-1.25.7-py27_0.conda:  92%|█████████▏| 34/37 [00:00<00:01,  1.68it/s]  Extracting : requests-2.22.0-py27_1.conda:  95%|█████████▍| 35/37 [00:00<00:01,  1.68it/s]Extracting : conda-4.8.3-py27_0.tar.bz2:  97%|█████████▋| 36/37 [00:00<00:00,  1.68it/s]  Extracting : conda-4.8.3-py27_0.tar.bz2: 100%|██████████| 37/37 [00:00<00:00,  2.39it/s]                                                                                        Collecting package metadata (current_repodata.json): ...working... done
Solving environment: ...working... done

## Package Plan ##

  environment location: /home/travis/miniconda2

  added / updated specs:
    - _libgcc_mutex==0.1=main
    - asn1crypto==1.3.0=py27_0
    - ca-certificates==2020.1.1=0
    - certifi==2019.11.28=py27_0
    - cffi==1.14.0=py27he30daa8_1
    - chardet==3.0.4=py27_1003
    - conda-package-handling==1.6.0=py27h7b6447c_0
    - conda==4.8.3=py27_0
    - cryptography==2.8=py27h1ba5d50_0
    - enum34==1.1.6=py27_1
    - futures==3.3.0=py27_0
    - idna==2.8=py27_0
    - ipaddress==1.0.23=py_0
    - libedit==3.1.20181209=hc058e9b_0
    - libffi==3.3=he6710b0_1
    - libgcc-ng==9.1.0=hdf63c60_0
    - libstdcxx-ng==9.1.0=hdf63c60_0
    - ncurses==6.2=he6710b0_1
    - openssl==1.1.1g=h7b6447c_0
    - pip==19.3.1=py27_0
    - pycosat==0.6.3=py27h7b6447c_0
    - pycparser==2.20=py_0
    - pyopenssl==19.1.0=py27_0
    - pysocks==1.7.1=py27_0
    - python==2.7.18=h15b4118_1
    - readline==8.0=h7b6447c_0
    - requests==2.22.0=py27_1
    - ruamel_yaml==0.15.87=py27h7b6447c_0
    - setuptools==44.0.0=py27_0
    - six==1.13.0=py27_0
    - sqlite==3.31.1=h62c20be_1
    - tk==8.6.8=hbc83047_0
    - tqdm==4.46.0=py_0
    - urllib3==1.25.7=py27_0
    - wheel==0.33.6=py27_0
    - yaml==0.1.7=had09818_2
    - zlib==1.2.11=h7b6447c_3


The following NEW packages will be INSTALLED:

  _libgcc_mutex      pkgs/main/linux-64::_libgcc_mutex-0.1-main
  asn1crypto         pkgs/main/linux-64::asn1crypto-1.3.0-py27_0
  ca-certificates    pkgs/main/linux-64::ca-certificates-2020.1.1-0
  certifi            pkgs/main/linux-64::certifi-2019.11.28-py27_0
  cffi               pkgs/main/linux-64::cffi-1.14.0-py27he30daa8_1
  chardet            pkgs/main/linux-64::chardet-3.0.4-py27_1003
  conda              pkgs/main/linux-64::conda-4.8.3-py27_0
  conda-package-han~ pkgs/main/linux-64::conda-package-handling-1.6.0-py27h7b6447c_0
  cryptography       pkgs/main/linux-64::cryptography-2.8-py27h1ba5d50_0
  enum34             pkgs/main/linux-64::enum34-1.1.6-py27_1
  futures            pkgs/main/linux-64::futures-3.3.0-py27_0
  idna               pkgs/main/linux-64::idna-2.8-py27_0
  ipaddress          pkgs/main/noarch::ipaddress-1.0.23-py_0
  libedit            pkgs/main/linux-64::libedit-3.1.20181209-hc058e9b_0
  libffi             pkgs/main/linux-64::libffi-3.3-he6710b0_1
  libgcc-ng          pkgs/main/linux-64::libgcc-ng-9.1.0-hdf63c60_0
  libstdcxx-ng       pkgs/main/linux-64::libstdcxx-ng-9.1.0-hdf63c60_0
  ncurses            pkgs/main/linux-64::ncurses-6.2-he6710b0_1
  openssl            pkgs/main/linux-64::openssl-1.1.1g-h7b6447c_0
  pip                pkgs/main/linux-64::pip-19.3.1-py27_0
  pycosat            pkgs/main/linux-64::pycosat-0.6.3-py27h7b6447c_0
  pycparser          pkgs/main/noarch::pycparser-2.20-py_0
  pyopenssl          pkgs/main/linux-64::pyopenssl-19.1.0-py27_0
  pysocks            pkgs/main/linux-64::pysocks-1.7.1-py27_0
  python             pkgs/main/linux-64::python-2.7.18-h15b4118_1
  readline           pkgs/main/linux-64::readline-8.0-h7b6447c_0
  requests           pkgs/main/linux-64::requests-2.22.0-py27_1
  ruamel_yaml        pkgs/main/linux-64::ruamel_yaml-0.15.87-py27h7b6447c_0
  setuptools         pkgs/main/linux-64::setuptools-44.0.0-py27_0
  six                pkgs/main/linux-64::six-1.13.0-py27_0
  sqlite             pkgs/main/linux-64::sqlite-3.31.1-h62c20be_1
  tk                 pkgs/main/linux-64::tk-8.6.8-hbc83047_0
  tqdm               pkgs/main/noarch::tqdm-4.46.0-py_0
  urllib3            pkgs/main/linux-64::urllib3-1.25.7-py27_0
  wheel              pkgs/main/linux-64::wheel-0.33.6-py27_0
  yaml               pkgs/main/linux-64::yaml-0.1.7-had09818_2
  zlib               pkgs/main/linux-64::zlib-1.2.11-h7b6447c_3


Preparing transaction: ...working... done
Executing transaction: ...working... done
installation finished.

travis_time:end:11dcd5bc:start=1609221162390173269,finish=1609221176947332047,duration=14557158778[0Ktravis_fold:end:before_install.3[0Ktravis_fold:start:before_install.4[0Ktravis_time:start:02122120[0K$ export PATH=/home/travis/miniconda2/bin:$PATH

travis_time:end:02122120:start=1609221176957784884,finish=1609221176966131276,duration=8346392[0Ktravis_fold:end:before_install.4[0Ktravis_fold:start:before_install.5[0Ktravis_time:start:02529b66[0K$ conda update --yes --quiet conda
Collecting package metadata (current_repodata.json): ...working... done
Solving environment: ...working... done

## Package Plan ##

  environment location: /home/travis/miniconda2

  added / updated specs:
    - conda


The following packages will be downloaded:

    package                    |            build
    ---------------------------|-----------------
    asn1crypto-1.4.0           |             py_0          80 KB
    ca-certificates-2020.12.8  |       h06a4308_0         121 KB
    certifi-2020.6.20          |     pyhd3eb1b0_3         155 KB
    idna-2.10                  |             py_0          50 KB
    libedit-3.1.20191231       |       h14c3975_1         116 KB
    libffi-3.3                 |       he6710b0_2          50 KB
    openssl-1.1.1i             |       h27cfd23_0         2.5 MB
    pycparser-2.20             |             py_2          94 KB
    pyopenssl-20.0.1           |     pyhd3eb1b0_1          49 KB
    requests-2.25.1            |     pyhd3eb1b0_0          52 KB
    six-1.15.0                 |             py_0          13 KB
    sqlite-3.33.0              |       h62c20be_0         1.1 MB
    tk-8.6.10                  |       hbc83047_0         3.0 MB
    tqdm-4.54.1                |     pyhd3eb1b0_0          55 KB
    wheel-0.36.2               |     pyhd3eb1b0_0          33 KB
    ------------------------------------------------------------
                                           Total:         7.5 MB

The following packages will be UPDATED:

  asn1crypto         pkgs/main/linux-64::asn1crypto-1.3.0-~ --> pkgs/main/noarch::asn1crypto-1.4.0-py_0
  ca-certificates                                2020.1.1-0 --> 2020.12.8-h06a4308_0
  certifi            pkgs/main/linux-64::certifi-2019.11.2~ --> pkgs/main/noarch::certifi-2020.6.20-pyhd3eb1b0_3
  idna                  pkgs/main/linux-64::idna-2.8-py27_0 --> pkgs/main/noarch::idna-2.10-py_0
  libedit                           3.1.20181209-hc058e9b_0 --> 3.1.20191231-h14c3975_1
  libffi                                     3.3-he6710b0_1 --> 3.3-he6710b0_2
  openssl                                 1.1.1g-h7b6447c_0 --> 1.1.1i-h27cfd23_0
  pycparser                                       2.20-py_0 --> 2.20-py_2
  pyopenssl          pkgs/main/linux-64::pyopenssl-19.1.0-~ --> pkgs/main/noarch::pyopenssl-20.0.1-pyhd3eb1b0_1
  requests           pkgs/main/linux-64::requests-2.22.0-p~ --> pkgs/main/noarch::requests-2.25.1-pyhd3eb1b0_0
  six                 pkgs/main/linux-64::six-1.13.0-py27_0 --> pkgs/main/noarch::six-1.15.0-py_0
  sqlite                                  3.31.1-h62c20be_1 --> 3.33.0-h62c20be_0
  tk                                       8.6.8-hbc83047_0 --> 8.6.10-hbc83047_0
  tqdm                                          4.46.0-py_0 --> 4.54.1-pyhd3eb1b0_0
  wheel              pkgs/main/linux-64::wheel-0.33.6-py27~ --> pkgs/main/noarch::wheel-0.36.2-pyhd3eb1b0_0


Preparing transaction: ...working... done
Verifying transaction: ...working... done
Executing transaction: ...working... done

travis_time:end:02529b66:start=1609221176976002796,finish=1609221191131771180,duration=14155768384[0Ktravis_fold:end:before_install.5[0Ktravis_fold:start:before_install.6[0Ktravis_time:start:25ffabf4[0K$ export DISPLAY=:99.0

travis_time:end:25ffabf4:start=1609221191144159312,finish=1609221191153162497,duration=9003185[0Ktravis_fold:end:before_install.6[0Ktravis_fold:start:before_install.7[0Ktravis_time:start:1ac75f90[0K$ sh -e /etc/init.d/xvfb start
Starting virtual X frame buffer: Xvfb.

travis_time:end:1ac75f90:start=1609221191164294215,finish=1609221191177245296,duration=12951081[0Ktravis_fold:end:before_install.7[0Ktravis_fold:start:before_install.8[0Ktravis_time:start:26aa03a4[0K$ PKGS="python=${PYTHON}"

travis_time:end:26aa03a4:start=1609221191187817111,finish=1609221191195489611,duration=7672500[0Ktravis_fold:end:before_install.8[0Ktravis_fold:start:before_install.9[0Ktravis_time:start:00e1a06c[0K$ PKGS="${PKGS} numpy"; if [ ${NUMPY} ]; then PKGS="${PKGS}=${NUMPY}"; fi

travis_time:end:00e1a06c:start=1609221191205113952,finish=1609221191213134421,duration=8020469[0Ktravis_fold:end:before_install.9[0Ktravis_fold:start:before_install.10[0Ktravis_time:start:0838543e[0K$ PKGS="${PKGS} scipy"; if [ ${SCIPY} ]; then PKGS="${PKGS}=${SCIPY}"; fi

travis_time:end:0838543e:start=1609221191222930072,finish=1609221191230888963,duration=7958891[0Ktravis_fold:end:before_install.10[0Ktravis_fold:start:before_install.11[0Ktravis_time:start:000b4713[0K$ PKGS="${PKGS} patsy"; if [ ${PATSY} ]; then PKGS="${PKGS}=${PATSY}"; fi

travis_time:end:000b4713:start=1609221191241318745,finish=1609221191249112777,duration=7794032[0Ktravis_fold:end:before_install.11[0Ktravis_fold:start:before_install.12[0Ktravis_time:start:38a7ffa8[0K$ PKGS="${PKGS} pandas"; if [ ${PANDAS} ]; then PKGS="${PKGS}=${PANDAS}"; fi

travis_time:end:38a7ffa8:start=1609221191259176282,finish=1609221191267226812,duration=8050530[0Ktravis_fold:end:before_install.12[0Ktravis_fold:start:before_install.13[0Ktravis_time:start:0ee20350[0K$ PKGS="${PKGS} Cython"; if [ ${CYTHON} ]; then PKGS="${PKGS}=${CYTHON}"; fi

travis_time:end:0ee20350:start=1609221191276984492,finish=1609221191284555165,duration=7570673[0Ktravis_fold:end:before_install.13[0Ktravis_fold:start:before_install.14[0Ktravis_time:start:00351fbd[0K$ PKGS="${PKGS} pip";

travis_time:end:00351fbd:start=1609221191294549128,finish=1609221191302734151,duration=8185023[0Ktravis_fold:end:before_install.14[0Ktravis_fold:start:install.1[0Ktravis_time:start:0170b1f1[0K$ conda create --yes --quiet -n pychron-test ${PKGS} ${OPTIONAL}
Collecting package metadata (current_repodata.json): ...working... done
Solving environment: ...working... failed with repodata from current_repodata.json, will retry with next repodata source.
Collecting package metadata (repodata.json): ...working... done
Solving environment: ...working... failed

PackagesNotFoundError: The following packages are not available from current channels:

  - patsy=0.2
  - pandas=0.12
  - cython=0.20

Current channels:

  - https://repo.anaconda.com/pkgs/main/linux-64
  - https://repo.anaconda.com/pkgs/main/noarch
  - https://repo.anaconda.com/pkgs/r/linux-64
  - https://repo.anaconda.com/pkgs/r/noarch

To search for alternate channels that may provide the conda package you're
looking for, navigate to

    https://anaconda.org

and use the search bar at the top of the page.



travis_time:end:0170b1f1:start=1609221191312988061,finish=1609221207142791214,duration=15829803153[0K
[31;1mThe command "conda create --yes --quiet -n pychron-test ${PKGS} ${OPTIONAL}" failed and exited with 1 during .[0m

Your build has been stopped.
