travis_fold:start:system_info[0K[33;1mBuild system information[0m
Build language: python
Build group: stable
Build dist: trusty
Build id: ''
Job id: ''
[34m[1mBuild image provisioning date and time[0m
Tue Dec  5 20:11:19 UTC 2017
[34m[1mOperating System Details[0m
Distributor ID:	Ubuntu
Description:	Ubuntu 14.04.5 LTS
Release:	14.04
Codename:	trusty
[34m[1mCookbooks Version[0m
7c2c6a6 https://github.com/travis-ci/travis-cookbooks/tree/7c2c6a6
[34m[1mgit version[0m
git version 2.15.1
[34m[1mbash version[0m
GNU bash, version 4.3.11(1)-release (x86_64-pc-linux-gnu)
[34m[1mgcc version[0m
gcc (Ubuntu 4.8.4-2ubuntu1~14.04.3) 4.8.4
Copyright (C) 2013 Free Software Foundation, Inc.
This is free software; see the source for copying conditions.  There is NO
warranty; not even for MERCHANTABILITY or FITNESS FOR A PARTICULAR PURPOSE.

[34m[1mdocker version[0m
Client:
 Version:      17.09.0-ce
 API version:  1.32
 Go version:   go1.8.3
 Git commit:   afdb6d4
 Built:        Tue Sep 26 22:39:28 2017
 OS/Arch:      linux/amd64
[34m[1mclang version[0m
clang version 5.0.0 (tags/RELEASE_500/final)
Target: x86_64-unknown-linux-gnu
Thread model: posix
InstalledDir: /usr/local/clang-5.0.0/bin
[34m[1mjq version[0m
jq-1.5
[34m[1mbats version[0m
Bats 0.4.0
[34m[1mshellcheck version[0m
0.4.6
[34m[1mshfmt version[0m
v2.0.0
[34m[1mccache version[0m
ccache version 3.1.9

Copyright (C) 2002-2007 Andrew Tridgell
Copyright (C) 2009-2011 Joel Rosdahl

This program is free software; you can redistribute it and/or modify it under
the terms of the GNU General Public License as published by the Free Software
Foundation; either version 3 of the License, or (at your option) any later
version.
[34m[1mcmake version[0m
cmake version 3.9.2

CMake suite maintained and supported by Kitware (kitware.com/cmake).
[34m[1mheroku version[0m
heroku-cli/6.14.39-addc925 (linux-x64) node-v9.2.0
[34m[1mimagemagick version[0m
Version: ImageMagick 6.7.7-10 2017-07-31 Q16 http://www.imagemagick.org
[34m[1mmd5deep version[0m
4.2
[34m[1mmercurial version[0m
Mercurial Distributed SCM (version 4.2.2)
(see https://mercurial-scm.org for more information)

Copyright (C) 2005-2017 Matt Mackall and others
This is free software; see the source for copying conditions. There is NO
warranty; not even for MERCHANTABILITY or FITNESS FOR A PARTICULAR PURPOSE.
[34m[1mmysql version[0m
mysql  Ver 14.14 Distrib 5.6.33, for debian-linux-gnu (x86_64) using  EditLine wrapper
[34m[1mopenssl version[0m
OpenSSL 1.0.1f 6 Jan 2014
[34m[1mpacker version[0m
Packer v1.0.2

Your version of Packer is out of date! The latest version
is 1.1.2. You can update by downloading from www.packer.io
[34m[1mpostgresql client version[0m
psql (PostgreSQL) 9.6.6
[34m[1mragel version[0m
Ragel State Machine Compiler version 6.8 Feb 2013
Copyright (c) 2001-2009 by Adrian Thurston
[34m[1msubversion version[0m
svn, version 1.8.8 (r1568071)
   compiled Aug 10 2017, 17:20:39 on x86_64-pc-linux-gnu

Copyright (C) 2013 The Apache Software Foundation.
This software consists of contributions made by many people;
see the NOTICE file for more information.
Subversion is open source software, see http://subversion.apache.org/

The following repository access (RA) modules are available:

* ra_svn : Module for accessing a repository using the svn network protocol.
  - with Cyrus SASL authentication
  - handles 'svn' scheme
* ra_local : Module for accessing a repository on local disk.
  - handles 'file' scheme
* ra_serf : Module for accessing a repository via WebDAV protocol using serf.
  - using serf 1.3.3
  - handles 'http' scheme
  - handles 'https' scheme

[34m[1msudo version[0m
Sudo version 1.8.9p5
Configure options: --prefix=/usr -v --with-all-insults --with-pam --with-fqdn --with-logging=syslog --with-logfac=authpriv --with-env-editor --with-editor=/usr/bin/editor --with-timeout=15 --with-password-timeout=0 --with-passprompt=[sudo] password for %p:  --without-lecture --with-tty-tickets --disable-root-mailer --enable-admin-flag --with-sendmail=/usr/sbin/sendmail --with-timedir=/var/lib/sudo --mandir=/usr/share/man --libexecdir=/usr/lib/sudo --with-sssd --with-sssd-lib=/usr/lib/x86_64-linux-gnu --with-selinux
Sudoers policy plugin version 1.8.9p5
Sudoers file grammar version 43

Sudoers path: /etc/sudoers
Authentication methods: 'pam'
Syslog facility if syslog is being used for logging: authpriv
Syslog priority to use when user authenticates successfully: notice
Syslog priority to use when user authenticates unsuccessfully: alert
Send mail if the user is not in sudoers
Use a separate timestamp for each user/tty combo
Lecture user the first time they run sudo
Root may run sudo
Allow some information gathering to give useful error messages
Require fully-qualified hostnames in the sudoers file
Visudo will honor the EDITOR environment variable
Set the LOGNAME and USER environment variables
Length at which to wrap log file lines (0 for no wrap): 80
Authentication timestamp timeout: 15.0 minutes
Password prompt timeout: 0.0 minutes
Number of tries to enter a password: 3
Umask to use or 0777 to use user's: 022
Path to mail program: /usr/sbin/sendmail
Flags for mail program: -t
Address to send mail to: root
Subject line for mail messages: *** SECURITY information for %h ***
Incorrect password message: Sorry, try again.
Path to authentication timestamp dir: /var/lib/sudo
Default password prompt: [sudo] password for %p: 
Default user to run commands as: root
Value to override user's $PATH with: /usr/local/sbin:/usr/local/bin:/usr/sbin:/usr/bin:/sbin:/bin:/snap/bin
Path to the editor for use by visudo: /usr/bin/editor
When to require a password for 'list' pseudocommand: any
When to require a password for 'verify' pseudocommand: all
File descriptors >= 3 will be closed before executing a command
Environment variables to check for sanity:
	TZ
	TERM
	LINGUAS
	LC_*
	LANGUAGE
	LANG
	COLORTERM
Environment variables to remove:
	RUBYOPT
	RUBYLIB
	PYTHONUSERBASE
	PYTHONINSPECT
	PYTHONPATH
	PYTHONHOME
	TMPPREFIX
	ZDOTDIR
	READNULLCMD
	NULLCMD
	FPATH
	PERL5DB
	PERL5OPT
	PERL5LIB
	PERLLIB
	PERLIO_DEBUG 
	JAVA_TOOL_OPTIONS
	SHELLOPTS
	GLOBIGNORE
	PS4
	BASH_ENV
	ENV
	TERMCAP
	TERMPATH
	TERMINFO_DIRS
	TERMINFO
	_RLD*
	LD_*
	PATH_LOCALE
	NLSPATH
	HOSTALIASES
	RES_OPTIONS
	LOCALDOMAIN
	CDPATH
	IFS
Environment variables to preserve:
	JAVA_HOME
	TRAVIS
	CI
	DEBIAN_FRONTEND
	XAUTHORIZATION
	XAUTHORITY
	PS2
	PS1
	PATH
	LS_COLORS
	KRB5CCNAME
	HOSTNAME
	HOME
	DISPLAY
	COLORS
Locale to use while parsing sudoers: C
Directory in which to store input/output logs: /var/log/sudo-io
File in which to store the input/output log: %{seq}
Add an entry to the utmp/utmpx file when allocating a pty
PAM service name to use
PAM service name to use for login shells
Create a new PAM session for the command to run in
Maximum I/O log sequence number: 0

Local IP address and netmask pairs:
	172.17.0.2/255.255.0.0

Sudoers I/O plugin version 1.8.9p5
[34m[1mgzip version[0m
gzip 1.6
Copyright (C) 2007, 2010, 2011 Free Software Foundation, Inc.
Copyright (C) 1993 Jean-loup Gailly.
This is free software.  You may redistribute copies of it under the terms of
the GNU General Public License <http://www.gnu.org/licenses/gpl.html>.
There is NO WARRANTY, to the extent permitted by law.

Written by Jean-loup Gailly.
[34m[1mzip version[0m
Copyright (c) 1990-2008 Info-ZIP - Type 'zip "-L"' for software license.
This is Zip 3.0 (July 5th 2008), by Info-ZIP.
Currently maintained by E. Gordon.  Please send bug reports to
the authors using the web page at www.info-zip.org; see README for details.

Latest sources and executables are at ftp://ftp.info-zip.org/pub/infozip,
as of above date; see http://www.info-zip.org/ for other sites.

Compiled with gcc 4.8.2 for Unix (Linux ELF) on Oct 21 2013.

Zip special compilation options:
	USE_EF_UT_TIME       (store Universal Time)
	BZIP2_SUPPORT        (bzip2 library version 1.0.6, 6-Sept-2010)
	    bzip2 code and library copyright (c) Julian R Seward
	    (See the bzip2 license for terms of use)
	SYMLINK_SUPPORT      (symbolic links supported)
	LARGE_FILE_SUPPORT   (can read and write large files on file system)
	ZIP64_SUPPORT        (use Zip64 to store large files in archives)
	UNICODE_SUPPORT      (store and read UTF-8 Unicode paths)
	STORE_UNIX_UIDs_GIDs (store UID/GID sizes/values using new extra field)
	UIDGID_NOT_16BIT     (old Unix 16-bit UID/GID extra field not used)
	[encryption, version 2.91 of 05 Jan 2007] (modified for Zip 3)

Encryption notice:
	The encryption code of this program is not copyrighted and is
	put in the public domain.  It was originally written in Europe
	and, to the best of our knowledge, can be freely distributed
	in both source and object forms from any country, including
	the USA under License Exception TSU of the U.S. Export
	Administration Regulations (section 740.13(e)) of 6 June 2002.

Zip environment options:
             ZIP:  [none]
          ZIPOPT:  [none]
[34m[1mvim version[0m
VIM - Vi IMproved 7.4 (2013 Aug 10, compiled Nov 24 2016 16:43:18)
Included patches: 1-52
Extra patches: 8.0.0056
Modified by pkg-vim-maintainers@lists.alioth.debian.org
Compiled by buildd@
Huge version without GUI.  Features included (+) or not (-):
+acl             +farsi           +mouse_netterm   +syntax
+arabic          +file_in_path    +mouse_sgr       +tag_binary
+autocmd         +find_in_path    -mouse_sysmouse  +tag_old_static
-balloon_eval    +float           +mouse_urxvt     -tag_any_white
-browse          +folding         +mouse_xterm     -tcl
++builtin_terms  -footer          +multi_byte      +terminfo
+byte_offset     +fork()          +multi_lang      +termresponse
+cindent         +gettext         -mzscheme        +textobjects
-clientserver    -hangul_input    +netbeans_intg   +title
-clipboard       +iconv           +path_extra      -toolbar
+cmdline_compl   +insert_expand   -perl            +user_commands
+cmdline_hist    +jumplist        +persistent_undo +vertsplit
+cmdline_info    +keymap          +postscript      +virtualedit
+comments        +langmap         +printer         +visual
+conceal         +libcall         +profile         +visualextra
+cryptv          +linebreak       +python          +viminfo
+cscope          +lispindent      -python3         +vreplace
+cursorbind      +listcmds        +quickfix        +wildignore
+cursorshape     +localmap        +reltime         +wildmenu
+dialog_con      -lua             +rightleft       +windows
+diff            +menu            -ruby            +writebackup
+digraphs        +mksession       +scrollbind      -X11
-dnd             +modify_fname    +signs           -xfontset
-ebcdic          +mouse           +smartindent     -xim
+emacs_tags      -mouseshape      -sniff           -xsmp
+eval            +mouse_dec       +startuptime     -xterm_clipboard
+ex_extra        +mouse_gpm       +statusline      -xterm_save
+extra_search    -mouse_jsbterm   -sun_workshop    -xpm
   system vimrc file: "$VIM/vimrc"
     user vimrc file: "$HOME/.vimrc"
 2nd user vimrc file: "~/.vim/vimrc"
      user exrc file: "$HOME/.exrc"
  fall-back for $VIM: "/usr/share/vim"
Compilation: gcc -c -I. -Iproto -DHAVE_CONFIG_H     -g -O2 -fstack-protector --param=ssp-buffer-size=4 -Wformat -Werror=format-security -U_FORTIFY_SOURCE -D_FORTIFY_SOURCE=1      
Linking: gcc   -Wl,-Bsymbolic-functions -Wl,-z,relro -Wl,--as-needed -o vim        -lm -ltinfo -lnsl  -lselinux  -lacl -lattr -lgpm -ldl    -L/usr/lib/python2.7/config-x86_64-linux-gnu -lpython2.7 -lpthread -ldl -lutil -lm -Xlinker -export-dynamic -Wl,-O1 -Wl,-Bsymbolic-functions      
[34m[1miptables version[0m
iptables v1.4.21
[34m[1mcurl version[0m
curl 7.35.0 (x86_64-pc-linux-gnu) libcurl/7.35.0 OpenSSL/1.0.1f zlib/1.2.8 libidn/1.28 librtmp/2.3
[34m[1mwget version[0m
GNU Wget 1.15 built on linux-gnu.
[34m[1mrsync version[0m
rsync  version 3.1.0  protocol version 31
[34m[1mgimme version[0m
v1.2.0
[34m[1mnvm version[0m
0.33.6
[34m[1mperlbrew version[0m
/home/travis/perl5/perlbrew/bin/perlbrew  - App::perlbrew/0.80
[34m[1mphpenv version[0m
rbenv 1.1.1-25-g6aa70b6
[34m[1mrvm version[0m
rvm 1.29.3 (latest) by Michal Papis, Piotr Kuczynski, Wayne E. Seguin [https://rvm.io]
[34m[1mdefault ruby version[0m
ruby 2.4.1p111 (2017-03-22 revision 58053) [x86_64-linux]
[34m[1mCouchDB version[0m
couchdb 1.6.1
[34m[1mElasticSearch version[0m
5.5.0
[34m[1mInstalled Firefox version[0m
firefox 56.0.2
[34m[1mMongoDB version[0m
MongoDB 3.4.10
[34m[1mPhantomJS version[0m
2.1.1
[34m[1mPre-installed PostgreSQL versions[0m
9.2.24
9.3.20
9.4.15
9.5.10
9.6.6
[34m[1mRabbitMQ Version[0m
3.6.14
[34m[1mRedis version[0m
redis-server 4.0.6
[34m[1mriak version[0m
2.2.3
[34m[1mPre-installed Go versions[0m
1.7.4
[34m[1mant version[0m
Apache Ant(TM) version 1.9.3 compiled on April 8 2014
[34m[1mmvn version[0m
Apache Maven 3.5.2 (138edd61fd100ec658bfa2d307c43b76940a5d7d; 2017-10-18T07:58:13Z)
Maven home: /usr/local/maven-3.5.2
Java version: 1.8.0_151, vendor: Oracle Corporation
Java home: /usr/lib/jvm/java-8-oracle/jre
Default locale: en_US, platform encoding: UTF-8
OS name: "linux", version: "4.4.0-101-generic", arch: "amd64", family: "unix"
[34m[1mgradle version[0m

------------------------------------------------------------
Gradle 4.0.1
------------------------------------------------------------

Build time:   2017-07-07 14:02:41 UTC
Revision:     38e5dc0f772daecca1d2681885d3d85414eb6826

Groovy:       2.4.11
Ant:          Apache Ant(TM) version 1.9.6 compiled on June 29 2015
JVM:          1.8.0_151 (Oracle Corporation 25.151-b12)
OS:           Linux 4.4.0-101-generic amd64

[34m[1mlein version[0m
Leiningen 2.8.1 on Java 1.8.0_151 Java HotSpot(TM) 64-Bit Server VM
[34m[1mPre-installed Node.js versions[0m
v4.8.6
v6.12.0
v6.12.1
v8.9
v8.9.1
[34m[1mphpenv versions[0m
  system
  5.6
* 5.6.32 (set by /home/travis/.phpenv/version)
  7.0
  7.0.25
  7.1
  7.1.11
  hhvm
  hhvm-stable
[34m[1mcomposer --version[0m
Composer version 1.5.2 2017-09-11 16:59:25
[34m[1mPre-installed Ruby versions[0m
ruby-2.2.7
ruby-2.3.4
ruby-2.4.1
travis_fold:end:system_info[0K
[33;1m3.5 is not installed; attempting download[0m
[33;1mDownloading archive: https://s3.amazonaws.com/travis-python-archives/binaries/ubuntu/14.04/x86_64/python-3.5.tar.bz2[0m
$ sudo tar xjf python-3.5.tar.bz2 --directory /
$ cd failed/getslash/slash
travis_time:start:0394aca0[0K$ source ~/virtualenv/python3.5/bin/activate

travis_time:end:0394aca0:start=1590360948507802429,finish=1590360948522021029,duration=14218600[0K$ python --version
Python 3.5.6
$ pip --version
pip 18.0 from /home/travis/virtualenv/python3.5.6/lib/python3.5/site-packages/pip (python 3.5)
travis_fold:start:install.1[0Ktravis_time:start:1697541e[0K$ pip install virtualenv==15.1.0
Collecting virtualenv==15.1.0
  Downloading https://files.pythonhosted.org/packages/6f/86/3dc328ee7b1a6419ebfac7896d882fba83c48e3561d22ddddf38294d3e83/virtualenv-15.1.0-py2.py3-none-any.whl (1.8MB)
Installing collected packages: virtualenv
  Found existing installation: virtualenv 16.0.0
    Uninstalling virtualenv-16.0.0:
      Successfully uninstalled virtualenv-16.0.0
Successfully installed virtualenv-15.1.0

travis_time:end:1697541e:start=1590360948919021839,finish=1590360950418303917,duration=1499282078[0Ktravis_fold:end:install.1[0Ktravis_fold:start:install.2[0Ktravis_time:start:03e7316c[0K$ pip install codecov==2.0.10
Collecting codecov==2.0.10
  Downloading https://files.pythonhosted.org/packages/e0/5d/3ebba3f5b994fe6af69638bef91980dfbd7b8e4d16c7c5ebee4e7c2ee138/codecov-2.0.10-py2.py3-none-any.whl
Collecting requests>=2.7.9 (from codecov==2.0.10)
  Downloading https://files.pythonhosted.org/packages/1a/70/1935c770cb3be6e3a8b78ced23d7e0f3b187f5cbfab4749523ed65d7c9b1/requests-2.23.0-py2.py3-none-any.whl (58kB)
Collecting coverage (from codecov==2.0.10)
  Downloading https://files.pythonhosted.org/packages/f6/33/10fd30e91f5daf9b0712dff47031e7ba29537e104585aef2a3f4b59665ea/coverage-5.1-cp35-cp35m-manylinux1_x86_64.whl (227kB)
Collecting urllib3!=1.25.0,!=1.25.1,<1.26,>=1.21.1 (from requests>=2.7.9->codecov==2.0.10)
  Downloading https://files.pythonhosted.org/packages/e1/e5/df302e8017440f111c11cc41a6b432838672f5a70aa29227bf58149dc72f/urllib3-1.25.9-py2.py3-none-any.whl (126kB)
Collecting chardet<4,>=3.0.2 (from requests>=2.7.9->codecov==2.0.10)
  Downloading https://files.pythonhosted.org/packages/bc/a9/01ffebfb562e4274b6487b4bb1ddec7ca55ec7510b22e4c51f14098443b8/chardet-3.0.4-py2.py3-none-any.whl (133kB)
Collecting idna<3,>=2.5 (from requests>=2.7.9->codecov==2.0.10)
  Downloading https://files.pythonhosted.org/packages/89/e3/afebe61c546d18fb1709a61bee788254b40e736cff7271c7de5de2dc4128/idna-2.9-py2.py3-none-any.whl (58kB)
Requirement already satisfied: certifi>=2017.4.17 in /home/travis/virtualenv/python3.5.6/lib/python3.5/site-packages (from requests>=2.7.9->codecov==2.0.10) (2018.4.16)
Installing collected packages: urllib3, chardet, idna, requests, coverage, codecov
Successfully installed chardet-3.0.4 codecov-2.0.10 coverage-5.1 idna-2.9 requests-2.23.0 urllib3-1.25.9

travis_time:end:03e7316c:start=1590360950431174814,finish=1590360955136866756,duration=4705691942[0Ktravis_fold:end:install.2[0Ktravis_time:start:12eef330[0K$ make env
python -m virtualenv .env
Using real prefix '/opt/python/3.5.6'
New python executable in /home/travis/build/failed/getslash/slash/.env/bin/python
Installing setuptools, pip, wheel...done.
.env/bin/pip install -e .[testing] -r doc/pip_requirements.txt
Obtaining file:///home/travis/build/failed/getslash/slash
Obtaining file:///home/travis/build/failed/getslash/slash (from -r doc/pip_requirements.txt (line 2))
Collecting releases
  Downloading releases-1.6.3-py2.py3-none-any.whl (22 kB)
Collecting alabaster
  Downloading alabaster-0.7.12-py2.py3-none-any.whl (14 kB)
Collecting Sphinx>1.4
  Downloading Sphinx-3.0.3-py3-none-any.whl (2.8 MB)
Collecting arrow
  Downloading arrow-0.15.6-py2.py3-none-any.whl (47 kB)
Collecting colorama
  Downloading colorama-0.4.3-py2.py3-none-any.whl (15 kB)
Collecting confetti>=2.4.1
  Downloading confetti-2.5.3.tar.gz (6.5 kB)
Collecting dessert>=1.3.1
  Downloading dessert-1.4.0.tar.gz (33 kB)
Collecting emport>=1.1.3
  Downloading emport-1.3.1.tar.gz (5.3 kB)
Collecting gossip>=2.2.0
  Downloading gossip-2.4.0.tar.gz (64 kB)
Collecting Jinja2
  Downloading Jinja2-2.11.2-py2.py3-none-any.whl (125 kB)
Collecting Logbook>=1.1.0
  Downloading Logbook-1.5.3.tar.gz (85 kB)
Collecting orderedset>=2.0.0
  Downloading orderedset-2.0.3.tar.gz (101 kB)
Collecting requests>=1.1.0
  Using cached requests-2.23.0-py2.py3-none-any.whl (58 kB)
Collecting SQLAlchemy
  Downloading SQLAlchemy-1.3.17-cp35-cp35m-manylinux2010_x86_64.whl (1.2 MB)
Collecting tmuxp
  Downloading tmuxp-1.5.4.tar.gz (71 kB)
Collecting raven
  Downloading raven-6.10.0-py2.py3-none-any.whl (284 kB)
Collecting py>=1.5.0
  Downloading py-1.8.1-py2.py3-none-any.whl (83 kB)
Collecting pyparsing
  Downloading pyparsing-2.4.7-py2.py3-none-any.whl (67 kB)
Collecting vintage>=0.4.0
  Downloading vintage-0.4.1.tar.gz (3.9 kB)
Collecting IPython
  Downloading ipython-7.9.0-py3-none-any.whl (775 kB)
Collecting coverage
  Using cached coverage-5.1-cp35-cp35m-manylinux1_x86_64.whl (227 kB)
Collecting coveralls
  Downloading coveralls-2.0.0-py2.py3-none-any.whl (12 kB)
Collecting munch
  Downloading munch-2.5.0-py2.py3-none-any.whl (10 kB)
Collecting pytest
  Downloading pytest-5.4.2-py3-none-any.whl (247 kB)
Collecting pytest-catchlog
  Downloading pytest_catchlog-1.2.2-py2.py3-none-any.whl (10 kB)
Collecting pytest-cov
  Downloading pytest_cov-2.9.0-py2.py3-none-any.whl (19 kB)
Collecting pytest-timeout
  Downloading pytest_timeout-1.3.4-py2.py3-none-any.whl (10 kB)
Collecting pyforge
  Downloading pyforge-1.3.0.tar.gz (20 kB)
Collecting pylint>=1.7
  Downloading pylint-2.5.2-py3-none-any.whl (324 kB)
Collecting semantic-version<2.7
  Downloading semantic_version-2.6.0-py3-none-any.whl (14 kB)
Collecting docutils>=0.12
  Downloading docutils-0.16-py2.py3-none-any.whl (548 kB)
Requirement already satisfied: setuptools in ./.env/lib/python3.5/site-packages (from Sphinx>1.4->-r doc/pip_requirements.txt (line 5)) (46.4.0)
Collecting sphinxcontrib-jsmath
  Downloading sphinxcontrib_jsmath-1.0.1-py2.py3-none-any.whl (5.1 kB)
Collecting sphinxcontrib-qthelp
  Downloading sphinxcontrib_qthelp-1.0.3-py2.py3-none-any.whl (90 kB)
Collecting sphinxcontrib-devhelp
  Downloading sphinxcontrib_devhelp-1.0.2-py2.py3-none-any.whl (84 kB)
Collecting Pygments>=2.0
  Downloading Pygments-2.6.1-py3-none-any.whl (914 kB)
Collecting snowballstemmer>=1.1
  Downloading snowballstemmer-2.0.0-py2.py3-none-any.whl (97 kB)
Collecting imagesize
  Downloading imagesize-1.2.0-py2.py3-none-any.whl (4.8 kB)
Collecting babel>=1.3
  Downloading Babel-2.8.0-py2.py3-none-any.whl (8.6 MB)
Collecting sphinxcontrib-serializinghtml
  Downloading sphinxcontrib_serializinghtml-1.1.4-py2.py3-none-any.whl (89 kB)
Collecting sphinxcontrib-htmlhelp
  Downloading sphinxcontrib_htmlhelp-1.0.3-py2.py3-none-any.whl (96 kB)
Collecting packaging
  Downloading packaging-20.4-py2.py3-none-any.whl (37 kB)
Collecting sphinxcontrib-applehelp
  Downloading sphinxcontrib_applehelp-1.0.2-py2.py3-none-any.whl (121 kB)
Collecting python-dateutil
  Downloading python_dateutil-2.8.1-py2.py3-none-any.whl (227 kB)
Collecting sentinels>=0.0.5
  Downloading sentinels-1.0.0.tar.gz (4.1 kB)
Collecting six
  Downloading six-1.15.0-py2.py3-none-any.whl (10 kB)
Collecting atomicwrites>=1.0
  Downloading atomicwrites-1.4.0-py2.py3-none-any.whl (6.8 kB)
Collecting MarkupSafe>=0.23
  Downloading MarkupSafe-1.1.1-cp35-cp35m-manylinux1_x86_64.whl (27 kB)
Collecting urllib3!=1.25.0,!=1.25.1,<1.26,>=1.21.1
  Using cached urllib3-1.25.9-py2.py3-none-any.whl (126 kB)
Collecting idna<3,>=2.5
  Using cached idna-2.9-py2.py3-none-any.whl (58 kB)
Collecting certifi>=2017.4.17
  Downloading certifi-2020.4.5.1-py2.py3-none-any.whl (157 kB)
Collecting chardet<4,>=3.0.2
  Using cached chardet-3.0.4-py2.py3-none-any.whl (133 kB)
Collecting kaptan>=0.5.10
  Downloading kaptan-0.5.12.tar.gz (10 kB)
Collecting libtmux>=0.8<0.9
  Downloading libtmux-0.8.2.tar.gz (37 kB)
Collecting click>=7<8
  Downloading click-7.1.2-py2.py3-none-any.whl (82 kB)
Collecting decorator
  Downloading decorator-4.4.2-py2.py3-none-any.whl (9.2 kB)
Collecting traitlets>=4.2
  Downloading traitlets-4.3.3-py2.py3-none-any.whl (75 kB)
Collecting pexpect; sys_platform != "win32"
  Downloading pexpect-4.8.0-py2.py3-none-any.whl (59 kB)
Collecting jedi>=0.10
  Downloading jedi-0.17.0-py2.py3-none-any.whl (1.1 MB)
Collecting prompt-toolkit<2.1.0,>=2.0.0
  Downloading prompt_toolkit-2.0.10-py3-none-any.whl (340 kB)
Collecting pickleshare
  Downloading pickleshare-0.7.5-py2.py3-none-any.whl (6.9 kB)
Collecting backcall
  Downloading backcall-0.1.0.tar.gz (9.7 kB)
Collecting docopt>=0.6.1
  Downloading docopt-0.6.2.tar.gz (25 kB)
Collecting wcwidth
  Downloading wcwidth-0.1.9-py2.py3-none-any.whl (19 kB)
Collecting attrs>=17.4.0
  Downloading attrs-19.3.0-py2.py3-none-any.whl (39 kB)
Collecting importlib-metadata>=0.12; python_version < "3.8"
  Downloading importlib_metadata-1.6.0-py2.py3-none-any.whl (30 kB)
Collecting pathlib2>=2.2.0; python_version < "3.6"
  Downloading pathlib2-2.3.5-py2.py3-none-any.whl (18 kB)
Collecting pluggy<1.0,>=0.12
  Downloading pluggy-0.13.1-py2.py3-none-any.whl (18 kB)
Collecting more-itertools>=4.0.0
  Downloading more_itertools-8.3.0-py3-none-any.whl (44 kB)
Collecting isort<5,>=4.2.5
  Downloading isort-4.3.21-py2.py3-none-any.whl (42 kB)
Collecting toml>=0.7.1
  Downloading toml-0.10.1-py2.py3-none-any.whl (19 kB)
Collecting mccabe<0.7,>=0.6
  Downloading mccabe-0.6.1-py2.py3-none-any.whl (8.6 kB)
Collecting astroid<=2.5,>=2.4.0
  Downloading astroid-2.4.1-py3-none-any.whl (214 kB)
Collecting pytz>=2015.7
  Downloading pytz-2020.1-py2.py3-none-any.whl (510 kB)
Collecting PyYAML<6,>=3.13
  Downloading PyYAML-5.3.1.tar.gz (269 kB)
Collecting ipython-genutils
  Downloading ipython_genutils-0.2.0-py2.py3-none-any.whl (26 kB)
Collecting ptyprocess>=0.5
  Downloading ptyprocess-0.6.0-py2.py3-none-any.whl (39 kB)
Collecting parso>=0.7.0
  Downloading parso-0.7.0-py2.py3-none-any.whl (100 kB)
Collecting zipp>=0.5
  Downloading zipp-1.2.0-py2.py3-none-any.whl (4.8 kB)
Collecting typed-ast<1.5,>=1.4.0; implementation_name == "cpython" and python_version < "3.8"
  Downloading typed_ast-1.4.1-cp35-cp35m-manylinux1_x86_64.whl (737 kB)
Collecting wrapt~=1.11
  Downloading wrapt-1.12.1.tar.gz (27 kB)
Collecting lazy-object-proxy==1.4.*
  Downloading lazy_object_proxy-1.4.3-cp35-cp35m-manylinux1_x86_64.whl (55 kB)
Building wheels for collected packages: confetti, dessert, emport, gossip, Logbook, orderedset, tmuxp, vintage, pyforge, sentinels, kaptan, libtmux, backcall, docopt, PyYAML, wrapt
  Building wheel for confetti (setup.py): started
  Building wheel for confetti (setup.py): finished with status 'done'
  Created wheel for confetti: filename=confetti-2.5.3-py3-none-any.whl size=7195 sha256=0f6c55c855bfd946e95ce07825257ff2e95703de904e1af283826f40a5827baf
  Stored in directory: /home/travis/.cache/pip/wheels/c2/83/12/94c38beac392040cf33f8f9f85b4f4790d47cb57c38e8badf1
  Building wheel for dessert (setup.py): started
  Building wheel for dessert (setup.py): finished with status 'done'
  Created wheel for dessert: filename=dessert-1.4.0-py3-none-any.whl size=22533 sha256=c63f4bba30fcbe5a8a7c832e9cb4466a9272f1cecb00ddfcb92ce8decc5752e4
  Stored in directory: /home/travis/.cache/pip/wheels/4a/e7/3c/520aaef5a6ecce64abc3c67d9f006800c80fcb487d649e5026
  Building wheel for emport (setup.py): started
  Building wheel for emport (setup.py): finished with status 'done'
  Created wheel for emport: filename=emport-1.3.1-py3-none-any.whl size=2951 sha256=0b15b273eca1772c0c8d48f70de19c85762783dc8888b2320456a3c3ebbd8dc4
  Stored in directory: /home/travis/.cache/pip/wheels/6b/fe/a4/1143bef605d816eefeaac66a74314e58818f64ec3d0fb8536f
  Building wheel for gossip (setup.py): started
  Building wheel for gossip (setup.py): finished with status 'done'
  Created wheel for gossip: filename=gossip-2.4.0-py3-none-any.whl size=14828 sha256=22059129879107c72962cb0fd1c1ff638f354fe856bab6890a6f3735da5d1f05
  Stored in directory: /home/travis/.cache/pip/wheels/cc/e4/d6/d5092aa964cdcabfb35062591303dc4a54896617ff46f845c3
  Building wheel for Logbook (setup.py): started
  Building wheel for Logbook (setup.py): finished with status 'done'
  Created wheel for Logbook: filename=Logbook-1.5.3-cp35-cp35m-linux_x86_64.whl size=66382 sha256=bbdca9c5b6a5d5c01fcdb6ee9844e988ab18ad12ca5654c5cd15ae71f353fe1e
  Stored in directory: /home/travis/.cache/pip/wheels/c1/e7/ba/2f058e795252d37a0833a55df093cc967a20fc30fd226529d4
  Building wheel for orderedset (setup.py): started
  Building wheel for orderedset (setup.py): finished with status 'done'
  Created wheel for orderedset: filename=orderedset-2.0.3-cp35-cp35m-linux_x86_64.whl size=270044 sha256=6534c9ba775a0fb7aa6e17e4e51deea2b22e5287787a7b0d34c7531747298181
  Stored in directory: /home/travis/.cache/pip/wheels/fe/9a/9d/7f149dd9b76e6cc911f97add03d9eaba1733f24795e606d453
  Building wheel for tmuxp (setup.py): started
  Building wheel for tmuxp (setup.py): finished with status 'done'
  Created wheel for tmuxp: filename=tmuxp-1.5.4-py3-none-any.whl size=25030 sha256=80163d4e04df2437b7fb1953ad8635068d56c23c344649b3d5e32c6678df8f88
  Stored in directory: /home/travis/.cache/pip/wheels/3d/94/65/8ca83bd70ee942dd10aab77625036faffdb0406980ed3a85a3
  Building wheel for vintage (setup.py): started
  Building wheel for vintage (setup.py): finished with status 'done'
  Created wheel for vintage: filename=vintage-0.4.1-py3-none-any.whl size=2831 sha256=b6192b9eec6e8703d63abc304db333c2a78ab6c3ec8510c01d3886a922abff32
  Stored in directory: /home/travis/.cache/pip/wheels/f9/b5/c8/da15ac7b054e05cd8204dc9b8fbe8b7f0921337a2c5ff14bb1
  Building wheel for pyforge (setup.py): started
  Building wheel for pyforge (setup.py): finished with status 'done'
  Created wheel for pyforge: filename=pyforge-1.3.0-py3-none-any.whl size=23215 sha256=b451b7eceabfefa83c2db3766646edcde5feb79d48914fa7aa9af43a064ea250
  Stored in directory: /home/travis/.cache/pip/wheels/6b/32/b6/2348695d72f40c18ce51c5d19e22827914c23d405a8020fcf1
  Building wheel for sentinels (setup.py): started
  Building wheel for sentinels (setup.py): finished with status 'done'
  Created wheel for sentinels: filename=sentinels-1.0.0-py3-none-any.whl size=3186 sha256=f77e13a6b9cef5e5c2499dd14a825c23a18d69aff3cd22ea362cb4afe1793d43
  Stored in directory: /home/travis/.cache/pip/wheels/0b/d5/77/49fb1d1a6209f97f0bb762f0350403d5f69da8e453aa6bbd12
  Building wheel for kaptan (setup.py): started
  Building wheel for kaptan (setup.py): finished with status 'done'
  Created wheel for kaptan: filename=kaptan-0.5.12-py3-none-any.whl size=10974 sha256=dd0556babaaebe63e00a6f7a1108f95b3e957a1e3b40f665894fbfb88400410d
  Stored in directory: /home/travis/.cache/pip/wheels/ac/5e/c9/9b154d2beec5fcce55aede5cc1d3b7256d153f9d8a8a41c32c
  Building wheel for libtmux (setup.py): started
  Building wheel for libtmux (setup.py): finished with status 'done'
  Created wheel for libtmux: filename=libtmux-0.8.2-py3-none-any.whl size=29352 sha256=5bc4ace19b6a217a307aa25bc51781fb49c033f51f1cf80a5ed607323c044486
  Stored in directory: /home/travis/.cache/pip/wheels/e0/8f/15/547ce29ef529ffa43fc16f0f8371f98e1a483d066148caa412
  Building wheel for backcall (setup.py): started
  Building wheel for backcall (setup.py): finished with status 'done'
  Created wheel for backcall: filename=backcall-0.1.0-py3-none-any.whl size=10413 sha256=6892f687b1f346b1a0bfe52b925a0d8cd4de3ec84453c2440f752cf1dd335a8e
  Stored in directory: /home/travis/.cache/pip/wheels/cb/6f/5c/9b66a87adeb46fed2babb14407bae1271f5e41b6b34b642411
  Building wheel for docopt (setup.py): started
  Building wheel for docopt (setup.py): finished with status 'done'
  Created wheel for docopt: filename=docopt-0.6.2-py2.py3-none-any.whl size=13704 sha256=b4a3f91b9eec433927b8b0f290e95016f54ec8abdf97640ebd6d0ac2c238e336
  Stored in directory: /home/travis/.cache/pip/wheels/63/74/c4/1e4f0884a7ba7c26baa4a841240a507953dcfe7de606522571
  Building wheel for PyYAML (setup.py): started
  Building wheel for PyYAML (setup.py): finished with status 'done'
  Created wheel for PyYAML: filename=PyYAML-5.3.1-cp35-cp35m-linux_x86_64.whl size=418067 sha256=986fca1a1af4a3fa41f49e20892369e67cb9ecd9fafb0c0be4a4e61477b2a2ab
  Stored in directory: /home/travis/.cache/pip/wheels/57/d0/2c/e2003abb5bc1a94c2e8a6fe1c03b8055d074e34c13672e7eb7
  Building wheel for wrapt (setup.py): started
  Building wheel for wrapt (setup.py): finished with status 'done'
  Created wheel for wrapt: filename=wrapt-1.12.1-cp35-cp35m-linux_x86_64.whl size=66642 sha256=1d6b0ed9dd5abfda94a35ba8735a906c96fa6fc0114e3b850595c7b19151d4aa
  Stored in directory: /home/travis/.cache/pip/wheels/b8/2d/88/2fb764a7404287819251978fbfe4cacf9b4d8a1d41fce5dd97
Successfully built confetti dessert emport gossip Logbook orderedset tmuxp vintage pyforge sentinels kaptan libtmux backcall docopt PyYAML wrapt
Installing collected packages: semantic-version, MarkupSafe, Jinja2, docutils, sphinxcontrib-jsmath, sphinxcontrib-qthelp, sphinxcontrib-devhelp, Pygments, snowballstemmer, urllib3, idna, certifi, chardet, requests, alabaster, imagesize, pytz, babel, sphinxcontrib-serializinghtml, sphinxcontrib-htmlhelp, pyparsing, six, packaging, sphinxcontrib-applehelp, Sphinx, releases, python-dateutil, arrow, colorama, sentinels, confetti, munch, py, atomicwrites, dessert, Logbook, emport, vintage, gossip, orderedset, SQLAlchemy, PyYAML, kaptan, libtmux, click, tmuxp, raven, decorator, ipython-genutils, traitlets, ptyprocess, pexpect, parso, jedi, wcwidth, prompt-toolkit, pickleshare, backcall, IPython, coverage, docopt, coveralls, attrs, zipp, importlib-metadata, pathlib2, pluggy, more-itertools, pytest, pytest-catchlog, pytest-cov, pytest-timeout, pyforge, isort, toml, mccabe, typed-ast, wrapt, lazy-object-proxy, astroid, pylint, slash
  Running setup.py develop for slash
Successfully installed IPython-7.9.0 Jinja2-2.11.2 Logbook-1.5.3 MarkupSafe-1.1.1 PyYAML-5.3.1 Pygments-2.6.1 SQLAlchemy-1.3.17 Sphinx-3.0.3 alabaster-0.7.12 arrow-0.15.6 astroid-2.4.1 atomicwrites-1.4.0 attrs-19.3.0 babel-2.8.0 backcall-0.1.0 certifi-2020.4.5.1 chardet-3.0.4 click-7.1.2 colorama-0.4.3 confetti-2.5.3 coverage-5.1 coveralls-2.0.0 decorator-4.4.2 dessert-1.4.0 docopt-0.6.2 docutils-0.16 emport-1.3.1 gossip-2.4.0 idna-2.9 imagesize-1.2.0 importlib-metadata-1.6.0 ipython-genutils-0.2.0 isort-4.3.21 jedi-0.17.0 kaptan-0.5.12 lazy-object-proxy-1.4.3 libtmux-0.8.2 mccabe-0.6.1 more-itertools-8.3.0 munch-2.5.0 orderedset-2.0.3 packaging-20.4 parso-0.7.0 pathlib2-2.3.5 pexpect-4.8.0 pickleshare-0.7.5 pluggy-0.13.1 prompt-toolkit-2.0.10 ptyprocess-0.6.0 py-1.8.1 pyforge-1.3.0 pylint-2.5.2 pyparsing-2.4.7 pytest-5.4.2 pytest-catchlog-1.2.2 pytest-cov-2.9.0 pytest-timeout-1.3.4 python-dateutil-2.8.1 pytz-2020.1 raven-6.10.0 releases-1.6.3 requests-2.23.0 semantic-version-2.6.0 sentinels-1.0.0 six-1.15.0 slash snowballstemmer-2.0.0 sphinxcontrib-applehelp-1.0.2 sphinxcontrib-devhelp-1.0.2 sphinxcontrib-htmlhelp-1.0.3 sphinxcontrib-jsmath-1.0.1 sphinxcontrib-qthelp-1.0.3 sphinxcontrib-serializinghtml-1.1.4 tmuxp-1.5.4 toml-0.10.1 traitlets-4.3.3 typed-ast-1.4.1 urllib3-1.25.9 vintage-0.4.1 wcwidth-0.1.9 wrapt-1.12.1 zipp-1.2.0
touch .env/.up-to-date

travis_time:end:12eef330:start=1590360955148512349,finish=1590361038803717120,duration=83655204771[0K
[32;1mThe command "make env" exited with 0.[0m
travis_time:start:0ad8a86c[0K$ make test
.env/bin/py.test --cov=slash --cov-report=html tests
============================= test session starts ==============================
platform linux -- Python 3.5.6, pytest-5.4.2, py-1.8.1, pluggy-0.13.1
rootdir: /home/travis/build/failed/getslash/slash, inifile: pytest.ini
plugins: catchlog-1.2.2, cov-2.9.0, timeout-1.3.4
collected 1514 items

tests/test_add_error.py ........................                         [  1%]
tests/test_app_context.py ..                                             [  1%]
tests/test_assertions.py .....................                           [  3%]
tests/test_autouse_fixtures.py ....................                      [  4%]
tests/test_cleanup_manager.py .....                                      [  4%]
tests/test_cleanups.py ................................................. [  7%]
..................                                                       [  9%]
tests/test_cli_environment.py ..............                             [ 10%]
tests/test_cli_utils.py ......                                           [ 10%]
tests/test_color_strings.py ........                                     [ 11%]
tests/test_console_log_truncation.py ..                                  [ 11%]
tests/test_console_reporter.py ........................                  [ 12%]
tests/test_context.py ........................                           [ 14%]
tests/test_coverage_plugin.py .......                                    [ 14%]
tests/test_cyclic_fixture_detection.py ........                          [ 15%]
tests/test_debugging.py ....                                             [ 15%]
tests/test_doctests.py .........................                         [ 17%]
tests/test_error_object.py .............                                 [ 18%]
tests/test_error_object_stack_trace.py ........                          [ 18%]
tests/test_exception_attributes.py ..                                    [ 18%]
tests/test_exception_handling.py .........s......................        [ 20%]
tests/test_exception_marks.py ...                                        [ 21%]
tests/test_ext_hook.py ...                                               [ 21%]
tests/test_factory_information.py ............                           [ 22%]
tests/test_facts.py ....                                                 [ 22%]
tests/test_failures.py .................                                 [ 23%]
tests/test_fixture_annotations.py ................................       [ 25%]
tests/test_fixture_exceptions.py ................                        [ 26%]
tests/test_fixture_exclusion.py .....                                    [ 26%]
tests/test_fixture_features.py ............                              [ 27%]
tests/test_fixture_mechanism.py .....................................    [ 30%]
tests/test_fixture_namespaces.py ..                                      [ 30%]
tests/test_fixture_resolution.py ...                                     [ 30%]
tests/test_fixture_scoping.py ......                                     [ 30%]
tests/test_fixture_start_end_test.py ........                            [ 31%]
tests/test_fixture_string_representation.py ....                         [ 31%]
tests/test_fixture_test_addresses.py ....                                [ 31%]
tests/test_fixtures.py ................................................. [ 35%]
                                                                         [ 35%]
tests/test_formatter.py ..........                                       [ 35%]
tests/test_function_marker.py .........                                  [ 36%]
tests/test_generator_fixture.py ........                                 [ 36%]
tests/test_global_storage.py .                                           [ 37%]
tests/test_globals.py .....                                              [ 37%]
tests/test_hook_calling.py ............................................. [ 40%]
..                                                                       [ 40%]
tests/test_hook_errors.py .....                                          [ 40%]
tests/test_hooks.py .....                                                [ 41%]
tests/test_id_space.py .                                                 [ 41%]
tests/test_interactive.py ....                                           [ 41%]
tests/test_interruptions.py ........................                     [ 43%]
tests/test_invalid_test_detection.py ....                                [ 43%]
tests/test_iteration.py ........                                         [ 43%]
tests/test_list_config.py ..                                             [ 43%]
tests/test_list_plugins.py ..                                            [ 44%]
tests/test_loader.py .........................                           [ 45%]
tests/test_local_config.py ...                                           [ 45%]
tests/test_logging.py .................................................. [ 49%]
.....................                                                    [ 50%]
tests/test_nofixtures.py ..                                              [ 50%]
tests/test_object_marker.py ............................................ [ 53%]
......................                                                   [ 55%]
tests/test_parallel.py ..................................                [ 57%]
tests/test_parametrization_ordering.py ..                                [ 57%]
tests/test_pattern_matching.py .......                                   [ 57%]
tests/test_plugin_activation.py ...................                      [ 59%]
tests/test_plugin_commandline.py ..                                      [ 59%]
tests/test_plugin_config.py .                                            [ 59%]
tests/test_plugin_dependency.py ................                         [ 60%]
tests/test_plugin_discovery.py .                                         [ 60%]
tests/test_plugin_errors.py ...                                          [ 60%]
tests/test_plugins.py .................                                  [ 61%]
tests/test_preliminary_errors.py ...                                     [ 62%]
tests/test_project_customization.py ....................                 [ 63%]
tests/test_python_utils.py .                                             [ 63%]
tests/test_repeat.py .........F........                                  [ 64%]
tests/test_reporters.py ......                                           [ 65%]
tests/test_requirements.py ............................................. [ 68%]
................................................                         [ 71%]
tests/test_result.py ............................................        [ 74%]
tests/test_result_details.py ............                                [ 74%]
tests/test_retained_logs_handler.py ..                                   [ 75%]
tests/test_running.py .................................................. [ 78%]
.........                                                                [ 78%]
tests/test_running_ad_hoc_tests.py ..                                    [ 79%]
tests/test_scope_manager.py ..                                           [ 79%]
tests/test_scoped_cleanups.py ......                                     [ 79%]
tests/test_site_customization.py ......                                  [ 79%]
tests/test_skips.py .......                                              [ 80%]
tests/test_slash_list.py ......................                          [ 81%]
tests/test_slash_resume.py .........                                     [ 82%]
tests/test_slash_run.py .................                                [ 83%]
tests/test_suite_files.py ................................               [ 85%]
tests/test_suite_writer.py ...                                           [ 85%]
tests/test_suite_writer_factories.py .                                   [ 85%]
tests/test_suite_writer_fixtures.py ....                                 [ 86%]
tests/test_suite_writer_negative.py ..                                   [ 86%]
tests/test_suite_writer_running.py ....                                  [ 86%]
tests/test_tagging.py .............................................      [ 89%]
tests/test_terminal_writer_wrapper.py ...                                [ 89%]
tests/test_test.py ......                                                [ 90%]
tests/test_test_loading.py ....                                          [ 90%]
tests/test_test_metadata.py ................................             [ 92%]
tests/test_test_parameters.py ............                               [ 93%]
tests/test_traceback_utils.py .......                                    [ 93%]
tests/test_unified_session_log.py ............                           [ 94%]
tests/test_ut_utils.py ....                                              [ 94%]
tests/test_utils.py ..                                                   [ 95%]
tests/test_variation_info.py .........                                   [ 95%]
tests/test_warning_capture.py .....                                      [ 95%]
tests/test_warnings.py ..........                                        [ 96%]
tests/test_xunit_plugin.py ............................................. [ 99%]
                                                                         [ 99%]
tests/test_yield_fixture.py ......                                       [100%]

=================================== FAILURES ===================================
____________________________ test_repeat_all_global ____________________________

suite = <tests.utils.suite_writer.suite.Suite object at 0x14b2df351438>
config_override = <function config_override.<locals>._override at 0x14b2df6c1950>

    def test_repeat_all_global(suite, config_override):
        num_repetitions = 5
        config_override('run.repeat_all', num_repetitions)
        for index, test in enumerate(suite):
            test.append_line('slash.context.result.data["index"]={}'.format(index))
    
        for test in suite:
            test.expect_repetition(num_repetitions)
    
        summary = suite.run()
    
        indices = [res.data['index'] for res in summary.session.results.iter_test_results()]
>       assert indices == [x for x in range(len(suite)) for _ in range(num_repetitions)]
E       assert [0, 1, 2, 3, 4, 5, ...] == [0, 0, 0, 0, 0, 1, ...]
E         At index 1 diff: 1 != 0
E         Use -v to get the full diff

tests/test_repeat.py:41: AssertionError
----------------------------- Captured stderr call -----------------------------
[2020-05-24 23:02:44.921249] DEBUG: slash.loader: Checking /tmp/tmpbsp3fal2/test_08531.py
[2020-05-24 23:02:44.924958] TRACE: emport: Creating new package for /tmp/tmpbsp3fal2/test_08531.py
[2020-05-24 23:02:44.925138] TRACE: emport: After split: /tmp/tmpbsp3fal2, test_08531
[2020-05-24 23:02:44.949559] TRACE: slash.core.cleanup_manager: CleanupManager: pushing scope 'session-global'
[2020-05-24 23:02:44.954573] NOTICE: slash.runner: #1: /tmp/tmpbsp3fal2/test_08531.py:Test08532.test_08533
[2020-05-24 23:02:44.954995] DEBUG: slash.runner: Started test #1: <Runnable test </tmp/tmpbsp3fal2/test_08531.py:Test08532.test_08533>>
[2020-05-24 23:02:44.961077] TRACE: slash.core.scope_manager: Pushed scope session
[2020-05-24 23:02:44.961195] TRACE: slash.core.cleanup_manager: CleanupManager: pushing scope 'session'
[2020-05-24 23:02:44.961281] TRACE: slash.core.scope_manager: Pushed scope module
[2020-05-24 23:02:44.961351] TRACE: slash.core.cleanup_manager: CleanupManager: pushing scope 'module'
[2020-05-24 23:02:44.961423] TRACE: slash.core.scope_manager: Pushed scope test
[2020-05-24 23:02:44.961489] TRACE: slash.core.cleanup_manager: CleanupManager: pushing scope 'test'
[2020-05-24 23:02:44.971094] TRACE: slash.core.scope_manager: Popping scope test (expected test)
[2020-05-24 23:02:44.971235] TRACE: slash.core.cleanup_manager: CleanupManager: popping scope 'test' (failure: False, interrupt: False)
[2020-05-24 23:02:44.971324] TRACE: slash.core.cleanup_manager: Calling cleanups of scope 'test' (failure=False, interrupt=False)
[2020-05-24 23:02:44.974825] TRACE: slash.core.scope_manager: Popped scope test
[2020-05-24 23:02:44.980235] NOTICE: slash.runner: #2: /tmp/tmpbsp3fal2/test_08531.py:test_08534
[2020-05-24 23:02:44.980646] DEBUG: slash.runner: Started test #2: <Runnable test </tmp/tmpbsp3fal2/test_08531.py:test_08534>>
[2020-05-24 23:02:44.986687] TRACE: slash.core.scope_manager: Pushed scope test
[2020-05-24 23:02:44.986805] TRACE: slash.core.cleanup_manager: CleanupManager: pushing scope 'test'
[2020-05-24 23:02:44.989866] TRACE: slash.core.scope_manager: Popping scope test (expected test)
[2020-05-24 23:02:44.989982] TRACE: slash.core.cleanup_manager: CleanupManager: popping scope 'test' (failure: False, interrupt: False)
[2020-05-24 23:02:44.990061] TRACE: slash.core.cleanup_manager: Calling cleanups of scope 'test' (failure=False, interrupt=False)
[2020-05-24 23:02:44.993478] TRACE: slash.core.scope_manager: Popped scope test
[2020-05-24 23:02:44.996887] NOTICE: slash.runner: #3: /tmp/tmpbsp3fal2/test_08531.py:Test08532.test_08535
[2020-05-24 23:02:44.997259] DEBUG: slash.runner: Started test #3: <Runnable test </tmp/tmpbsp3fal2/test_08531.py:Test08532.test_08535>>
[2020-05-24 23:02:45.003507] TRACE: slash.core.scope_manager: Pushed scope test
[2020-05-24 23:02:45.003620] TRACE: slash.core.cleanup_manager: CleanupManager: pushing scope 'test'
[2020-05-24 23:02:45.012799] TRACE: slash.core.scope_manager: Popping scope test (expected test)
[2020-05-24 23:02:45.012919] TRACE: slash.core.cleanup_manager: CleanupManager: popping scope 'test' (failure: False, interrupt: False)
[2020-05-24 23:02:45.012998] TRACE: slash.core.cleanup_manager: Calling cleanups of scope 'test' (failure=False, interrupt=False)
[2020-05-24 23:02:45.016410] TRACE: slash.core.scope_manager: Popped scope test
[2020-05-24 23:02:45.019791] NOTICE: slash.runner: #4: /tmp/tmpbsp3fal2/test_08531.py:test_08536
[2020-05-24 23:02:45.020189] DEBUG: slash.runner: Started test #4: <Runnable test </tmp/tmpbsp3fal2/test_08531.py:test_08536>>
[2020-05-24 23:02:45.026263] TRACE: slash.core.scope_manager: Pushed scope test
[2020-05-24 23:02:45.026381] TRACE: slash.core.cleanup_manager: CleanupManager: pushing scope 'test'
[2020-05-24 23:02:45.029598] TRACE: slash.core.scope_manager: Popping scope test (expected test)
[2020-05-24 23:02:45.029712] TRACE: slash.core.cleanup_manager: CleanupManager: popping scope 'test' (failure: False, interrupt: False)
[2020-05-24 23:02:45.029788] TRACE: slash.core.cleanup_manager: Calling cleanups of scope 'test' (failure=False, interrupt=False)
[2020-05-24 23:02:45.033185] TRACE: slash.core.scope_manager: Popped scope test
[2020-05-24 23:02:45.036753] NOTICE: slash.runner: #5: /tmp/tmpbsp3fal2/test_08531.py:Test08532.test_08537
[2020-05-24 23:02:45.037117] DEBUG: slash.runner: Started test #5: <Runnable test </tmp/tmpbsp3fal2/test_08531.py:Test08532.test_08537>>
[2020-05-24 23:02:45.043112] TRACE: slash.core.scope_manager: Pushed scope test
[2020-05-24 23:02:45.043223] TRACE: slash.core.cleanup_manager: CleanupManager: pushing scope 'test'
[2020-05-24 23:02:45.053797] TRACE: slash.core.scope_manager: Popping scope test (expected test)
[2020-05-24 23:02:45.053973] TRACE: slash.core.cleanup_manager: CleanupManager: popping scope 'test' (failure: False, interrupt: False)
[2020-05-24 23:02:45.054052] TRACE: slash.core.cleanup_manager: Calling cleanups of scope 'test' (failure=False, interrupt=False)
[2020-05-24 23:02:45.057324] TRACE: slash.core.scope_manager: Popped scope test
[2020-05-24 23:02:45.060695] NOTICE: slash.runner: #6: /tmp/tmpbsp3fal2/test_08531.py:test_08538
[2020-05-24 23:02:45.061052] DEBUG: slash.runner: Started test #6: <Runnable test </tmp/tmpbsp3fal2/test_08531.py:test_08538>>
[2020-05-24 23:02:45.067147] TRACE: slash.core.scope_manager: Pushed scope test
[2020-05-24 23:02:45.067262] TRACE: slash.core.cleanup_manager: CleanupManager: pushing scope 'test'
[2020-05-24 23:02:45.070310] TRACE: slash.core.scope_manager: Popping scope test (expected test)
[2020-05-24 23:02:45.070443] TRACE: slash.core.cleanup_manager: CleanupManager: popping scope 'test' (failure: False, interrupt: False)
[2020-05-24 23:02:45.070523] TRACE: slash.core.cleanup_manager: Calling cleanups of scope 'test' (failure=False, interrupt=False)
[2020-05-24 23:02:45.073878] TRACE: slash.core.scope_manager: Popped scope test
[2020-05-24 23:02:45.077279] NOTICE: slash.runner: #7: /tmp/tmpbsp3fal2/test_08531.py:Test08539.test_08540
[2020-05-24 23:02:45.077633] DEBUG: slash.runner: Started test #7: <Runnable test </tmp/tmpbsp3fal2/test_08531.py:Test08539.test_08540>>
[2020-05-24 23:02:45.083599] TRACE: slash.core.scope_manager: Pushed scope test
[2020-05-24 23:02:45.083710] TRACE: slash.core.cleanup_manager: CleanupManager: pushing scope 'test'
[2020-05-24 23:02:45.092832] TRACE: slash.core.scope_manager: Popping scope test (expected test)
[2020-05-24 23:02:45.092953] TRACE: slash.core.cleanup_manager: CleanupManager: popping scope 'test' (failure: False, interrupt: False)
[2020-05-24 23:02:45.093031] TRACE: slash.core.cleanup_manager: Calling cleanups of scope 'test' (failure=False, interrupt=False)
[2020-05-24 23:02:45.096302] TRACE: slash.core.scope_manager: Popped scope test
[2020-05-24 23:02:45.099880] NOTICE: slash.runner: #8: /tmp/tmpbsp3fal2/test_08531.py:test_08541
[2020-05-24 23:02:45.100251] DEBUG: slash.runner: Started test #8: <Runnable test </tmp/tmpbsp3fal2/test_08531.py:test_08541>>
[2020-05-24 23:02:45.106081] TRACE: slash.core.scope_manager: Pushed scope test
[2020-05-24 23:02:45.106187] TRACE: slash.core.cleanup_manager: CleanupManager: pushing scope 'test'
[2020-05-24 23:02:45.109233] TRACE: slash.core.scope_manager: Popping scope test (expected test)
[2020-05-24 23:02:45.109344] TRACE: slash.core.cleanup_manager: CleanupManager: popping scope 'test' (failure: False, interrupt: False)
[2020-05-24 23:02:45.109420] TRACE: slash.core.cleanup_manager: Calling cleanups of scope 'test' (failure=False, interrupt=False)
[2020-05-24 23:02:45.112818] TRACE: slash.core.scope_manager: Popped scope test
[2020-05-24 23:02:45.116269] NOTICE: slash.runner: #9: /tmp/tmpbsp3fal2/test_08531.py:Test08539.test_08542
[2020-05-24 23:02:45.116618] DEBUG: slash.runner: Started test #9: <Runnable test </tmp/tmpbsp3fal2/test_08531.py:Test08539.test_08542>>
[2020-05-24 23:02:45.122593] TRACE: slash.core.scope_manager: Pushed scope test
[2020-05-24 23:02:45.122706] TRACE: slash.core.cleanup_manager: CleanupManager: pushing scope 'test'
[2020-05-24 23:02:45.133607] TRACE: slash.core.scope_manager: Popping scope test (expected test)
[2020-05-24 23:02:45.133733] TRACE: slash.core.cleanup_manager: CleanupManager: popping scope 'test' (failure: False, interrupt: False)
[2020-05-24 23:02:45.133818] TRACE: slash.core.cleanup_manager: Calling cleanups of scope 'test' (failure=False, interrupt=False)
[2020-05-24 23:02:45.137074] TRACE: slash.core.scope_manager: Popped scope test
[2020-05-24 23:02:45.140429] NOTICE: slash.runner: #10: /tmp/tmpbsp3fal2/test_08531.py:test_08543
[2020-05-24 23:02:45.140780] DEBUG: slash.runner: Started test #10: <Runnable test </tmp/tmpbsp3fal2/test_08531.py:test_08543>>
[2020-05-24 23:02:45.146856] TRACE: slash.core.scope_manager: Pushed scope test
[2020-05-24 23:02:45.146972] TRACE: slash.core.cleanup_manager: CleanupManager: pushing scope 'test'
[2020-05-24 23:02:45.149956] TRACE: slash.core.scope_manager: Popping scope test (expected test)
[2020-05-24 23:02:45.150086] TRACE: slash.core.cleanup_manager: CleanupManager: popping scope 'test' (failure: False, interrupt: False)
[2020-05-24 23:02:45.150165] TRACE: slash.core.cleanup_manager: Calling cleanups of scope 'test' (failure=False, interrupt=False)
[2020-05-24 23:02:45.153568] TRACE: slash.core.scope_manager: Popped scope test
[2020-05-24 23:02:45.156984] NOTICE: slash.runner: #11: /tmp/tmpbsp3fal2/test_08531.py:Test08532.test_08533
[2020-05-24 23:02:45.157341] DEBUG: slash.runner: Started test #11: <Runnable test </tmp/tmpbsp3fal2/test_08531.py:Test08532.test_08533>>
[2020-05-24 23:02:45.163347] TRACE: slash.core.scope_manager: Pushed scope test
[2020-05-24 23:02:45.163459] TRACE: slash.core.cleanup_manager: CleanupManager: pushing scope 'test'
[2020-05-24 23:02:45.172708] TRACE: slash.core.scope_manager: Popping scope test (expected test)
[2020-05-24 23:02:45.172834] TRACE: slash.core.cleanup_manager: CleanupManager: popping scope 'test' (failure: False, interrupt: False)
[2020-05-24 23:02:45.172915] TRACE: slash.core.cleanup_manager: Calling cleanups of scope 'test' (failure=False, interrupt=False)
[2020-05-24 23:02:45.176214] TRACE: slash.core.scope_manager: Popped scope test
[2020-05-24 23:02:45.179731] NOTICE: slash.runner: #12: /tmp/tmpbsp3fal2/test_08531.py:test_08534
[2020-05-24 23:02:45.180100] DEBUG: slash.runner: Started test #12: <Runnable test </tmp/tmpbsp3fal2/test_08531.py:test_08534>>
[2020-05-24 23:02:45.186073] TRACE: slash.core.scope_manager: Pushed scope test
[2020-05-24 23:02:45.186184] TRACE: slash.core.cleanup_manager: CleanupManager: pushing scope 'test'
[2020-05-24 23:02:45.189263] TRACE: slash.core.scope_manager: Popping scope test (expected test)
[2020-05-24 23:02:45.189377] TRACE: slash.core.cleanup_manager: CleanupManager: popping scope 'test' (failure: False, interrupt: False)
[2020-05-24 23:02:45.189456] TRACE: slash.core.cleanup_manager: Calling cleanups of scope 'test' (failure=False, interrupt=False)
[2020-05-24 23:02:45.192912] TRACE: slash.core.scope_manager: Popped scope test
[2020-05-24 23:02:45.196346] NOTICE: slash.runner: #13: /tmp/tmpbsp3fal2/test_08531.py:Test08532.test_08535
[2020-05-24 23:02:45.196702] DEBUG: slash.runner: Started test #13: <Runnable test </tmp/tmpbsp3fal2/test_08531.py:Test08532.test_08535>>
[2020-05-24 23:02:45.204206] TRACE: slash.core.scope_manager: Pushed scope test
[2020-05-24 23:02:45.204344] TRACE: slash.core.cleanup_manager: CleanupManager: pushing scope 'test'
[2020-05-24 23:02:45.213820] TRACE: slash.core.scope_manager: Popping scope test (expected test)
[2020-05-24 23:02:45.213951] TRACE: slash.core.cleanup_manager: CleanupManager: popping scope 'test' (failure: False, interrupt: False)
[2020-05-24 23:02:45.214032] TRACE: slash.core.cleanup_manager: Calling cleanups of scope 'test' (failure=False, interrupt=False)
[2020-05-24 23:02:45.217450] TRACE: slash.core.scope_manager: Popped scope test
[2020-05-24 23:02:45.221149] NOTICE: slash.runner: #14: /tmp/tmpbsp3fal2/test_08531.py:test_08536
[2020-05-24 23:02:45.221529] DEBUG: slash.runner: Started test #14: <Runnable test </tmp/tmpbsp3fal2/test_08531.py:test_08536>>
[2020-05-24 23:02:45.227798] TRACE: slash.core.scope_manager: Pushed scope test
[2020-05-24 23:02:45.227915] TRACE: slash.core.cleanup_manager: CleanupManager: pushing scope 'test'
[2020-05-24 23:02:45.231067] TRACE: slash.core.scope_manager: Popping scope test (expected test)
[2020-05-24 23:02:45.231193] TRACE: slash.core.cleanup_manager: CleanupManager: popping scope 'test' (failure: False, interrupt: False)
[2020-05-24 23:02:45.231278] TRACE: slash.core.cleanup_manager: Calling cleanups of scope 'test' (failure=False, interrupt=False)
[2020-05-24 23:02:45.234748] TRACE: slash.core.scope_manager: Popped scope test
[2020-05-24 23:02:45.238247] NOTICE: slash.runner: #15: /tmp/tmpbsp3fal2/test_08531.py:Test08532.test_08537
[2020-05-24 23:02:45.238677] DEBUG: slash.runner: Started test #15: <Runnable test </tmp/tmpbsp3fal2/test_08531.py:Test08532.test_08537>>
[2020-05-24 23:02:45.244914] TRACE: slash.core.scope_manager: Pushed scope test
[2020-05-24 23:02:45.245028] TRACE: slash.core.cleanup_manager: CleanupManager: pushing scope 'test'
[2020-05-24 23:02:45.254333] TRACE: slash.core.scope_manager: Popping scope test (expected test)
[2020-05-24 23:02:45.254471] TRACE: slash.core.cleanup_manager: CleanupManager: popping scope 'test' (failure: False, interrupt: False)
[2020-05-24 23:02:45.254554] TRACE: slash.core.cleanup_manager: Calling cleanups of scope 'test' (failure=False, interrupt=False)
[2020-05-24 23:02:45.257806] TRACE: slash.core.scope_manager: Popped scope test
[2020-05-24 23:02:45.261292] NOTICE: slash.runner: #16: /tmp/tmpbsp3fal2/test_08531.py:test_08538
[2020-05-24 23:02:45.261681] DEBUG: slash.runner: Started test #16: <Runnable test </tmp/tmpbsp3fal2/test_08531.py:test_08538>>
[2020-05-24 23:02:45.268110] TRACE: slash.core.scope_manager: Pushed scope test
[2020-05-24 23:02:45.268230] TRACE: slash.core.cleanup_manager: CleanupManager: pushing scope 'test'
[2020-05-24 23:02:45.271470] TRACE: slash.core.scope_manager: Popping scope test (expected test)
[2020-05-24 23:02:45.271603] TRACE: slash.core.cleanup_manager: CleanupManager: popping scope 'test' (failure: False, interrupt: False)
[2020-05-24 23:02:45.271684] TRACE: slash.core.cleanup_manager: Calling cleanups of scope 'test' (failure=False, interrupt=False)
[2020-05-24 23:02:45.275218] TRACE: slash.core.scope_manager: Popped scope test
[2020-05-24 23:02:45.278869] NOTICE: slash.runner: #17: /tmp/tmpbsp3fal2/test_08531.py:Test08539.test_08540
[2020-05-24 23:02:45.279290] DEBUG: slash.runner: Started test #17: <Runnable test </tmp/tmpbsp3fal2/test_08531.py:Test08539.test_08540>>
[2020-05-24 23:02:45.286555] TRACE: slash.core.scope_manager: Pushed scope test
[2020-05-24 23:02:45.286695] TRACE: slash.core.cleanup_manager: CleanupManager: pushing scope 'test'
[2020-05-24 23:02:45.296298] TRACE: slash.core.scope_manager: Popping scope test (expected test)
[2020-05-24 23:02:45.296430] TRACE: slash.core.cleanup_manager: CleanupManager: popping scope 'test' (failure: False, interrupt: False)
[2020-05-24 23:02:45.296511] TRACE: slash.core.cleanup_manager: Calling cleanups of scope 'test' (failure=False, interrupt=False)
[2020-05-24 23:02:45.299960] TRACE: slash.core.scope_manager: Popped scope test
[2020-05-24 23:02:45.303544] NOTICE: slash.runner: #18: /tmp/tmpbsp3fal2/test_08531.py:test_08541
[2020-05-24 23:02:45.303938] DEBUG: slash.runner: Started test #18: <Runnable test </tmp/tmpbsp3fal2/test_08531.py:test_08541>>
[2020-05-24 23:02:45.310126] TRACE: slash.core.scope_manager: Pushed scope test
[2020-05-24 23:02:45.310242] TRACE: slash.core.cleanup_manager: CleanupManager: pushing scope 'test'
[2020-05-24 23:02:45.313360] TRACE: slash.core.scope_manager: Popping scope test (expected test)
[2020-05-24 23:02:45.313477] TRACE: slash.core.cleanup_manager: CleanupManager: popping scope 'test' (failure: False, interrupt: False)
[2020-05-24 23:02:45.313557] TRACE: slash.core.cleanup_manager: Calling cleanups of scope 'test' (failure=False, interrupt=False)
[2020-05-24 23:02:45.317016] TRACE: slash.core.scope_manager: Popped scope test
[2020-05-24 23:02:45.320460] NOTICE: slash.runner: #19: /tmp/tmpbsp3fal2/test_08531.py:Test08539.test_08542
[2020-05-24 23:02:45.320848] DEBUG: slash.runner: Started test #19: <Runnable test </tmp/tmpbsp3fal2/test_08531.py:Test08539.test_08542>>
[2020-05-24 23:02:45.327130] TRACE: slash.core.scope_manager: Pushed scope test
[2020-05-24 23:02:45.327242] TRACE: slash.core.cleanup_manager: CleanupManager: pushing scope 'test'
[2020-05-24 23:02:45.336565] TRACE: slash.core.scope_manager: Popping scope test (expected test)
[2020-05-24 23:02:45.336688] TRACE: slash.core.cleanup_manager: CleanupManager: popping scope 'test' (failure: False, interrupt: False)
[2020-05-24 23:02:45.336769] TRACE: slash.core.cleanup_manager: Calling cleanups of scope 'test' (failure=False, interrupt=False)
[2020-05-24 23:02:45.340100] TRACE: slash.core.scope_manager: Popped scope test
[2020-05-24 23:02:45.343759] NOTICE: slash.runner: #20: /tmp/tmpbsp3fal2/test_08531.py:test_08543
[2020-05-24 23:02:45.344146] DEBUG: slash.runner: Started test #20: <Runnable test </tmp/tmpbsp3fal2/test_08531.py:test_08543>>
[2020-05-24 23:02:45.350196] TRACE: slash.core.scope_manager: Pushed scope test
[2020-05-24 23:02:45.350313] TRACE: slash.core.cleanup_manager: CleanupManager: pushing scope 'test'
[2020-05-24 23:02:45.353405] TRACE: slash.core.scope_manager: Popping scope test (expected test)
[2020-05-24 23:02:45.353524] TRACE: slash.core.cleanup_manager: CleanupManager: popping scope 'test' (failure: False, interrupt: False)
[2020-05-24 23:02:45.353604] TRACE: slash.core.cleanup_manager: Calling cleanups of scope 'test' (failure=False, interrupt=False)
[2020-05-24 23:02:45.357076] TRACE: slash.core.scope_manager: Popped scope test
[2020-05-24 23:02:45.360513] NOTICE: slash.runner: #21: /tmp/tmpbsp3fal2/test_08531.py:Test08532.test_08533
[2020-05-24 23:02:45.360901] DEBUG: slash.runner: Started test #21: <Runnable test </tmp/tmpbsp3fal2/test_08531.py:Test08532.test_08533>>
[2020-05-24 23:02:45.368047] TRACE: slash.core.scope_manager: Pushed scope test
[2020-05-24 23:02:45.368158] TRACE: slash.core.cleanup_manager: CleanupManager: pushing scope 'test'
[2020-05-24 23:02:45.377468] TRACE: slash.core.scope_manager: Popping scope test (expected test)
[2020-05-24 23:02:45.377592] TRACE: slash.core.cleanup_manager: CleanupManager: popping scope 'test' (failure: False, interrupt: False)
[2020-05-24 23:02:45.377673] TRACE: slash.core.cleanup_manager: Calling cleanups of scope 'test' (failure=False, interrupt=False)
[2020-05-24 23:02:45.380968] TRACE: slash.core.scope_manager: Popped scope test
[2020-05-24 23:02:45.384685] NOTICE: slash.runner: #22: /tmp/tmpbsp3fal2/test_08531.py:test_08534
[2020-05-24 23:02:45.385095] DEBUG: slash.runner: Started test #22: <Runnable test </tmp/tmpbsp3fal2/test_08531.py:test_08534>>
[2020-05-24 23:02:45.391498] TRACE: slash.core.scope_manager: Pushed scope test
[2020-05-24 23:02:45.391628] TRACE: slash.core.cleanup_manager: CleanupManager: pushing scope 'test'
[2020-05-24 23:02:45.394735] TRACE: slash.core.scope_manager: Popping scope test (expected test)
[2020-05-24 23:02:45.394859] TRACE: slash.core.cleanup_manager: CleanupManager: popping scope 'test' (failure: False, interrupt: False)
[2020-05-24 23:02:45.394944] TRACE: slash.core.cleanup_manager: Calling cleanups of scope 'test' (failure=False, interrupt=False)
[2020-05-24 23:02:45.398431] TRACE: slash.core.scope_manager: Popped scope test
[2020-05-24 23:02:45.401965] NOTICE: slash.runner: #23: /tmp/tmpbsp3fal2/test_08531.py:Test08532.test_08535
[2020-05-24 23:02:45.402337] DEBUG: slash.runner: Started test #23: <Runnable test </tmp/tmpbsp3fal2/test_08531.py:Test08532.test_08535>>
[2020-05-24 23:02:45.408550] TRACE: slash.core.scope_manager: Pushed scope test
[2020-05-24 23:02:45.408662] TRACE: slash.core.cleanup_manager: CleanupManager: pushing scope 'test'
[2020-05-24 23:02:45.418196] TRACE: slash.core.scope_manager: Popping scope test (expected test)
[2020-05-24 23:02:45.418322] TRACE: slash.core.cleanup_manager: CleanupManager: popping scope 'test' (failure: False, interrupt: False)
[2020-05-24 23:02:45.418440] TRACE: slash.core.cleanup_manager: Calling cleanups of scope 'test' (failure=False, interrupt=False)
[2020-05-24 23:02:45.421827] TRACE: slash.core.scope_manager: Popped scope test
[2020-05-24 23:02:45.425494] NOTICE: slash.runner: #24: /tmp/tmpbsp3fal2/test_08531.py:test_08536
[2020-05-24 23:02:45.425865] DEBUG: slash.runner: Started test #24: <Runnable test </tmp/tmpbsp3fal2/test_08531.py:test_08536>>
[2020-05-24 23:02:45.432091] TRACE: slash.core.scope_manager: Pushed scope test
[2020-05-24 23:02:45.432204] TRACE: slash.core.cleanup_manager: CleanupManager: pushing scope 'test'
[2020-05-24 23:02:45.435342] TRACE: slash.core.scope_manager: Popping scope test (expected test)
[2020-05-24 23:02:45.435457] TRACE: slash.core.cleanup_manager: CleanupManager: popping scope 'test' (failure: False, interrupt: False)
[2020-05-24 23:02:45.435536] TRACE: slash.core.cleanup_manager: Calling cleanups of scope 'test' (failure=False, interrupt=False)
[2020-05-24 23:02:45.440553] TRACE: slash.core.scope_manager: Popped scope test
[2020-05-24 23:02:45.444000] NOTICE: slash.runner: #25: /tmp/tmpbsp3fal2/test_08531.py:Test08532.test_08537
[2020-05-24 23:02:45.444371] DEBUG: slash.runner: Started test #25: <Runnable test </tmp/tmpbsp3fal2/test_08531.py:Test08532.test_08537>>
[2020-05-24 23:02:45.450517] TRACE: slash.core.scope_manager: Pushed scope test
[2020-05-24 23:02:45.450633] TRACE: slash.core.cleanup_manager: CleanupManager: pushing scope 'test'
[2020-05-24 23:02:45.463555] TRACE: slash.core.scope_manager: Popping scope test (expected test)
[2020-05-24 23:02:45.463849] TRACE: slash.core.cleanup_manager: CleanupManager: popping scope 'test' (failure: False, interrupt: False)
[2020-05-24 23:02:45.463948] TRACE: slash.core.cleanup_manager: Calling cleanups of scope 'test' (failure=False, interrupt=False)
[2020-05-24 23:02:45.467567] TRACE: slash.core.scope_manager: Popped scope test
[2020-05-24 23:02:45.471780] NOTICE: slash.runner: #26: /tmp/tmpbsp3fal2/test_08531.py:test_08538
[2020-05-24 23:02:45.472237] DEBUG: slash.runner: Started test #26: <Runnable test </tmp/tmpbsp3fal2/test_08531.py:test_08538>>
[2020-05-24 23:02:45.478836] TRACE: slash.core.scope_manager: Pushed scope test
[2020-05-24 23:02:45.478963] TRACE: slash.core.cleanup_manager: CleanupManager: pushing scope 'test'
[2020-05-24 23:02:45.482124] TRACE: slash.core.scope_manager: Popping scope test (expected test)
[2020-05-24 23:02:45.482244] TRACE: slash.core.cleanup_manager: CleanupManager: popping scope 'test' (failure: False, interrupt: False)
[2020-05-24 23:02:45.482323] TRACE: slash.core.cleanup_manager: Calling cleanups of scope 'test' (failure=False, interrupt=False)
[2020-05-24 23:02:45.485840] TRACE: slash.core.scope_manager: Popped scope test
[2020-05-24 23:02:45.489450] NOTICE: slash.runner: #27: /tmp/tmpbsp3fal2/test_08531.py:Test08539.test_08540
[2020-05-24 23:02:45.489822] DEBUG: slash.runner: Started test #27: <Runnable test </tmp/tmpbsp3fal2/test_08531.py:Test08539.test_08540>>
[2020-05-24 23:02:45.496155] TRACE: slash.core.scope_manager: Pushed scope test
[2020-05-24 23:02:45.496270] TRACE: slash.core.cleanup_manager: CleanupManager: pushing scope 'test'
[2020-05-24 23:02:45.506151] TRACE: slash.core.scope_manager: Popping scope test (expected test)
[2020-05-24 23:02:45.506279] TRACE: slash.core.cleanup_manager: CleanupManager: popping scope 'test' (failure: False, interrupt: False)
[2020-05-24 23:02:45.506367] TRACE: slash.core.cleanup_manager: Calling cleanups of scope 'test' (failure=False, interrupt=False)
[2020-05-24 23:02:45.509775] TRACE: slash.core.scope_manager: Popped scope test
[2020-05-24 23:02:45.513461] NOTICE: slash.runner: #28: /tmp/tmpbsp3fal2/test_08531.py:test_08541
[2020-05-24 23:02:45.513836] DEBUG: slash.runner: Started test #28: <Runnable test </tmp/tmpbsp3fal2/test_08531.py:test_08541>>
[2020-05-24 23:02:45.520025] TRACE: slash.core.scope_manager: Pushed scope test
[2020-05-24 23:02:45.520140] TRACE: slash.core.cleanup_manager: CleanupManager: pushing scope 'test'
[2020-05-24 23:02:45.523370] TRACE: slash.core.scope_manager: Popping scope test (expected test)
[2020-05-24 23:02:45.523491] TRACE: slash.core.cleanup_manager: CleanupManager: popping scope 'test' (failure: False, interrupt: False)
[2020-05-24 23:02:45.523577] TRACE: slash.core.cleanup_manager: Calling cleanups of scope 'test' (failure=False, interrupt=False)
[2020-05-24 23:02:45.528790] TRACE: slash.core.scope_manager: Popped scope test
[2020-05-24 23:02:45.532426] NOTICE: slash.runner: #29: /tmp/tmpbsp3fal2/test_08531.py:Test08539.test_08542
[2020-05-24 23:02:45.532792] DEBUG: slash.runner: Started test #29: <Runnable test </tmp/tmpbsp3fal2/test_08531.py:Test08539.test_08542>>
[2020-05-24 23:02:45.539122] TRACE: slash.core.scope_manager: Pushed scope test
[2020-05-24 23:02:45.539238] TRACE: slash.core.cleanup_manager: CleanupManager: pushing scope 'test'
[2020-05-24 23:02:45.548781] TRACE: slash.core.scope_manager: Popping scope test (expected test)
[2020-05-24 23:02:45.548909] TRACE: slash.core.cleanup_manager: CleanupManager: popping scope 'test' (failure: False, interrupt: False)
[2020-05-24 23:02:45.548988] TRACE: slash.core.cleanup_manager: Calling cleanups of scope 'test' (failure=False, interrupt=False)
[2020-05-24 23:02:45.552422] TRACE: slash.core.scope_manager: Popped scope test
[2020-05-24 23:02:45.555913] NOTICE: slash.runner: #30: /tmp/tmpbsp3fal2/test_08531.py:test_08543
[2020-05-24 23:02:45.556292] DEBUG: slash.runner: Started test #30: <Runnable test </tmp/tmpbsp3fal2/test_08531.py:test_08543>>
[2020-05-24 23:02:45.562600] TRACE: slash.core.scope_manager: Pushed scope test
[2020-05-24 23:02:45.562718] TRACE: slash.core.cleanup_manager: CleanupManager: pushing scope 'test'
[2020-05-24 23:02:45.565868] TRACE: slash.core.scope_manager: Popping scope test (expected test)
[2020-05-24 23:02:45.565980] TRACE: slash.core.cleanup_manager: CleanupManager: popping scope 'test' (failure: False, interrupt: False)
[2020-05-24 23:02:45.566057] TRACE: slash.core.cleanup_manager: Calling cleanups of scope 'test' (failure=False, interrupt=False)
[2020-05-24 23:02:45.569512] TRACE: slash.core.scope_manager: Popped scope test
[2020-05-24 23:02:45.573083] NOTICE: slash.runner: #31: /tmp/tmpbsp3fal2/test_08531.py:Test08532.test_08533
[2020-05-24 23:02:45.573467] DEBUG: slash.runner: Started test #31: <Runnable test </tmp/tmpbsp3fal2/test_08531.py:Test08532.test_08533>>
[2020-05-24 23:02:45.579710] TRACE: slash.core.scope_manager: Pushed scope test
[2020-05-24 23:02:45.579823] TRACE: slash.core.cleanup_manager: CleanupManager: pushing scope 'test'
[2020-05-24 23:02:45.589333] TRACE: slash.core.scope_manager: Popping scope test (expected test)
[2020-05-24 23:02:45.589460] TRACE: slash.core.cleanup_manager: CleanupManager: popping scope 'test' (failure: False, interrupt: False)
[2020-05-24 23:02:45.589541] TRACE: slash.core.cleanup_manager: Calling cleanups of scope 'test' (failure=False, interrupt=False)
[2020-05-24 23:02:45.592952] TRACE: slash.core.scope_manager: Popped scope test
[2020-05-24 23:02:45.596598] NOTICE: slash.runner: #32: /tmp/tmpbsp3fal2/test_08531.py:test_08534
[2020-05-24 23:02:45.596976] DEBUG: slash.runner: Started test #32: <Runnable test </tmp/tmpbsp3fal2/test_08531.py:test_08534>>
[2020-05-24 23:02:45.603170] TRACE: slash.core.scope_manager: Pushed scope test
[2020-05-24 23:02:45.603292] TRACE: slash.core.cleanup_manager: CleanupManager: pushing scope 'test'
[2020-05-24 23:02:45.606445] TRACE: slash.core.scope_manager: Popping scope test (expected test)
[2020-05-24 23:02:45.606561] TRACE: slash.core.cleanup_manager: CleanupManager: popping scope 'test' (failure: False, interrupt: False)
[2020-05-24 23:02:45.606640] TRACE: slash.core.cleanup_manager: Calling cleanups of scope 'test' (failure=False, interrupt=False)
[2020-05-24 23:02:45.611693] TRACE: slash.core.scope_manager: Popped scope test
[2020-05-24 23:02:45.615119] NOTICE: slash.runner: #33: /tmp/tmpbsp3fal2/test_08531.py:Test08532.test_08535
[2020-05-24 23:02:45.615493] DEBUG: slash.runner: Started test #33: <Runnable test </tmp/tmpbsp3fal2/test_08531.py:Test08532.test_08535>>
[2020-05-24 23:02:45.621683] TRACE: slash.core.scope_manager: Pushed scope test
[2020-05-24 23:02:45.621798] TRACE: slash.core.cleanup_manager: CleanupManager: pushing scope 'test'
[2020-05-24 23:02:45.631139] TRACE: slash.core.scope_manager: Popping scope test (expected test)
[2020-05-24 23:02:45.631271] TRACE: slash.core.cleanup_manager: CleanupManager: popping scope 'test' (failure: False, interrupt: False)
[2020-05-24 23:02:45.631358] TRACE: slash.core.cleanup_manager: Calling cleanups of scope 'test' (failure=False, interrupt=False)
[2020-05-24 23:02:45.634707] TRACE: slash.core.scope_manager: Popped scope test
[2020-05-24 23:02:45.638133] NOTICE: slash.runner: #34: /tmp/tmpbsp3fal2/test_08531.py:test_08536
[2020-05-24 23:02:45.638508] DEBUG: slash.runner: Started test #34: <Runnable test </tmp/tmpbsp3fal2/test_08531.py:test_08536>>
[2020-05-24 23:02:45.644695] TRACE: slash.core.scope_manager: Pushed scope test
[2020-05-24 23:02:45.644811] TRACE: slash.core.cleanup_manager: CleanupManager: pushing scope 'test'
[2020-05-24 23:02:45.647879] TRACE: slash.core.scope_manager: Popping scope test (expected test)
[2020-05-24 23:02:45.647994] TRACE: slash.core.cleanup_manager: CleanupManager: popping scope 'test' (failure: False, interrupt: False)
[2020-05-24 23:02:45.648073] TRACE: slash.core.cleanup_manager: Calling cleanups of scope 'test' (failure=False, interrupt=False)
[2020-05-24 23:02:45.651497] TRACE: slash.core.scope_manager: Popped scope test
[2020-05-24 23:02:45.654968] NOTICE: slash.runner: #35: /tmp/tmpbsp3fal2/test_08531.py:Test08532.test_08537
[2020-05-24 23:02:45.655331] DEBUG: slash.runner: Started test #35: <Runnable test </tmp/tmpbsp3fal2/test_08531.py:Test08532.test_08537>>
[2020-05-24 23:02:45.661254] TRACE: slash.core.scope_manager: Pushed scope test
[2020-05-24 23:02:45.661362] TRACE: slash.core.cleanup_manager: CleanupManager: pushing scope 'test'
[2020-05-24 23:02:45.670576] TRACE: slash.core.scope_manager: Popping scope test (expected test)
[2020-05-24 23:02:45.670702] TRACE: slash.core.cleanup_manager: CleanupManager: popping scope 'test' (failure: False, interrupt: False)
[2020-05-24 23:02:45.670783] TRACE: slash.core.cleanup_manager: Calling cleanups of scope 'test' (failure=False, interrupt=False)
[2020-05-24 23:02:45.674072] TRACE: slash.core.scope_manager: Popped scope test
[2020-05-24 23:02:45.677576] NOTICE: slash.runner: #36: /tmp/tmpbsp3fal2/test_08531.py:test_08538
[2020-05-24 23:02:45.677945] DEBUG: slash.runner: Started test #36: <Runnable test </tmp/tmpbsp3fal2/test_08531.py:test_08538>>
[2020-05-24 23:02:45.683967] TRACE: slash.core.scope_manager: Pushed scope test
[2020-05-24 23:02:45.684080] TRACE: slash.core.cleanup_manager: CleanupManager: pushing scope 'test'
[2020-05-24 23:02:45.687231] TRACE: slash.core.scope_manager: Popping scope test (expected test)
[2020-05-24 23:02:45.687347] TRACE: slash.core.cleanup_manager: CleanupManager: popping scope 'test' (failure: False, interrupt: False)
[2020-05-24 23:02:45.687425] TRACE: slash.core.cleanup_manager: Calling cleanups of scope 'test' (failure=False, interrupt=False)
[2020-05-24 23:02:45.692292] TRACE: slash.core.scope_manager: Popped scope test
[2020-05-24 23:02:45.695722] NOTICE: slash.runner: #37: /tmp/tmpbsp3fal2/test_08531.py:Test08539.test_08540
[2020-05-24 23:02:45.696082] DEBUG: slash.runner: Started test #37: <Runnable test </tmp/tmpbsp3fal2/test_08531.py:Test08539.test_08540>>
[2020-05-24 23:02:45.702172] TRACE: slash.core.scope_manager: Pushed scope test
[2020-05-24 23:02:45.702287] TRACE: slash.core.cleanup_manager: CleanupManager: pushing scope 'test'
[2020-05-24 23:02:45.711626] TRACE: slash.core.scope_manager: Popping scope test (expected test)
[2020-05-24 23:02:45.711751] TRACE: slash.core.cleanup_manager: CleanupManager: popping scope 'test' (failure: False, interrupt: False)
[2020-05-24 23:02:45.711831] TRACE: slash.core.cleanup_manager: Calling cleanups of scope 'test' (failure=False, interrupt=False)
[2020-05-24 23:02:45.715138] TRACE: slash.core.scope_manager: Popped scope test
[2020-05-24 23:02:45.718531] NOTICE: slash.runner: #38: /tmp/tmpbsp3fal2/test_08531.py:test_08541
[2020-05-24 23:02:45.718898] DEBUG: slash.runner: Started test #38: <Runnable test </tmp/tmpbsp3fal2/test_08531.py:test_08541>>
[2020-05-24 23:02:45.725101] TRACE: slash.core.scope_manager: Pushed scope test
[2020-05-24 23:02:45.725216] TRACE: slash.core.cleanup_manager: CleanupManager: pushing scope 'test'
[2020-05-24 23:02:45.728274] TRACE: slash.core.scope_manager: Popping scope test (expected test)
[2020-05-24 23:02:45.728389] TRACE: slash.core.cleanup_manager: CleanupManager: popping scope 'test' (failure: False, interrupt: False)
[2020-05-24 23:02:45.728469] TRACE: slash.core.cleanup_manager: Calling cleanups of scope 'test' (failure=False, interrupt=False)
[2020-05-24 23:02:45.731887] TRACE: slash.core.scope_manager: Popped scope test
[2020-05-24 23:02:45.735329] NOTICE: slash.runner: #39: /tmp/tmpbsp3fal2/test_08531.py:Test08539.test_08542
[2020-05-24 23:02:45.735690] DEBUG: slash.runner: Started test #39: <Runnable test </tmp/tmpbsp3fal2/test_08531.py:Test08539.test_08542>>
[2020-05-24 23:02:45.741680] TRACE: slash.core.scope_manager: Pushed scope test
[2020-05-24 23:02:45.741792] TRACE: slash.core.cleanup_manager: CleanupManager: pushing scope 'test'
[2020-05-24 23:02:45.751070] TRACE: slash.core.scope_manager: Popping scope test (expected test)
[2020-05-24 23:02:45.751195] TRACE: slash.core.cleanup_manager: CleanupManager: popping scope 'test' (failure: False, interrupt: False)
[2020-05-24 23:02:45.751276] TRACE: slash.core.cleanup_manager: Calling cleanups of scope 'test' (failure=False, interrupt=False)
[2020-05-24 23:02:45.754601] TRACE: slash.core.scope_manager: Popped scope test
[2020-05-24 23:02:45.758129] NOTICE: slash.runner: #40: /tmp/tmpbsp3fal2/test_08531.py:test_08543
[2020-05-24 23:02:45.758512] DEBUG: slash.runner: Started test #40: <Runnable test </tmp/tmpbsp3fal2/test_08531.py:test_08543>>
[2020-05-24 23:02:45.764527] TRACE: slash.core.scope_manager: Pushed scope test
[2020-05-24 23:02:45.764648] TRACE: slash.core.cleanup_manager: CleanupManager: pushing scope 'test'
[2020-05-24 23:02:45.767868] TRACE: slash.core.scope_manager: Popping scope test (expected test)
[2020-05-24 23:02:45.767984] TRACE: slash.core.cleanup_manager: CleanupManager: popping scope 'test' (failure: False, interrupt: False)
[2020-05-24 23:02:45.768063] TRACE: slash.core.cleanup_manager: Calling cleanups of scope 'test' (failure=False, interrupt=False)
[2020-05-24 23:02:45.773073] TRACE: slash.core.scope_manager: Popped scope test
[2020-05-24 23:02:45.776476] NOTICE: slash.runner: #41: /tmp/tmpbsp3fal2/test_08531.py:Test08532.test_08533
[2020-05-24 23:02:45.776844] DEBUG: slash.runner: Started test #41: <Runnable test </tmp/tmpbsp3fal2/test_08531.py:Test08532.test_08533>>
[2020-05-24 23:02:45.782967] TRACE: slash.core.scope_manager: Pushed scope test
[2020-05-24 23:02:45.783080] TRACE: slash.core.cleanup_manager: CleanupManager: pushing scope 'test'
[2020-05-24 23:02:45.792304] TRACE: slash.core.scope_manager: Popping scope test (expected test)
[2020-05-24 23:02:45.792428] TRACE: slash.core.cleanup_manager: CleanupManager: popping scope 'test' (failure: False, interrupt: False)
[2020-05-24 23:02:45.792509] TRACE: slash.core.cleanup_manager: Calling cleanups of scope 'test' (failure=False, interrupt=False)
[2020-05-24 23:02:45.795796] TRACE: slash.core.scope_manager: Popped scope test
[2020-05-24 23:02:45.799163] NOTICE: slash.runner: #42: /tmp/tmpbsp3fal2/test_08531.py:test_08534
[2020-05-24 23:02:45.799524] DEBUG: slash.runner: Started test #42: <Runnable test </tmp/tmpbsp3fal2/test_08531.py:test_08534>>
[2020-05-24 23:02:45.805691] TRACE: slash.core.scope_manager: Pushed scope test
[2020-05-24 23:02:45.805806] TRACE: slash.core.cleanup_manager: CleanupManager: pushing scope 'test'
[2020-05-24 23:02:45.808851] TRACE: slash.core.scope_manager: Popping scope test (expected test)
[2020-05-24 23:02:45.808967] TRACE: slash.core.cleanup_manager: CleanupManager: popping scope 'test' (failure: False, interrupt: False)
[2020-05-24 23:02:45.809045] TRACE: slash.core.cleanup_manager: Calling cleanups of scope 'test' (failure=False, interrupt=False)
[2020-05-24 23:02:45.812444] TRACE: slash.core.scope_manager: Popped scope test
[2020-05-24 23:02:45.815868] NOTICE: slash.runner: #43: /tmp/tmpbsp3fal2/test_08531.py:Test08532.test_08535
[2020-05-24 23:02:45.816241] DEBUG: slash.runner: Started test #43: <Runnable test </tmp/tmpbsp3fal2/test_08531.py:Test08532.test_08535>>
[2020-05-24 23:02:45.822205] TRACE: slash.core.scope_manager: Pushed scope test
[2020-05-24 23:02:45.822316] TRACE: slash.core.cleanup_manager: CleanupManager: pushing scope 'test'
[2020-05-24 23:02:45.831546] TRACE: slash.core.scope_manager: Popping scope test (expected test)
[2020-05-24 23:02:45.831668] TRACE: slash.core.cleanup_manager: CleanupManager: popping scope 'test' (failure: False, interrupt: False)
[2020-05-24 23:02:45.831747] TRACE: slash.core.cleanup_manager: Calling cleanups of scope 'test' (failure=False, interrupt=False)
[2020-05-24 23:02:45.835012] TRACE: slash.core.scope_manager: Popped scope test
[2020-05-24 23:02:45.838491] NOTICE: slash.runner: #44: /tmp/tmpbsp3fal2/test_08531.py:test_08536
[2020-05-24 23:02:45.838871] DEBUG: slash.runner: Started test #44: <Runnable test </tmp/tmpbsp3fal2/test_08531.py:test_08536>>
[2020-05-24 23:02:45.844808] TRACE: slash.core.scope_manager: Pushed scope test
[2020-05-24 23:02:45.844918] TRACE: slash.core.cleanup_manager: CleanupManager: pushing scope 'test'
[2020-05-24 23:02:45.848011] TRACE: slash.core.scope_manager: Popping scope test (expected test)
[2020-05-24 23:02:45.848127] TRACE: slash.core.cleanup_manager: CleanupManager: popping scope 'test' (failure: False, interrupt: False)
[2020-05-24 23:02:45.848204] TRACE: slash.core.cleanup_manager: Calling cleanups of scope 'test' (failure=False, interrupt=False)
[2020-05-24 23:02:45.852981] TRACE: slash.core.scope_manager: Popped scope test
[2020-05-24 23:02:45.856358] NOTICE: slash.runner: #45: /tmp/tmpbsp3fal2/test_08531.py:Test08532.test_08537
[2020-05-24 23:02:45.856715] DEBUG: slash.runner: Started test #45: <Runnable test </tmp/tmpbsp3fal2/test_08531.py:Test08532.test_08537>>
[2020-05-24 23:02:45.862826] TRACE: slash.core.scope_manager: Pushed scope test
[2020-05-24 23:02:45.862940] TRACE: slash.core.cleanup_manager: CleanupManager: pushing scope 'test'
[2020-05-24 23:02:45.872147] TRACE: slash.core.scope_manager: Popping scope test (expected test)
[2020-05-24 23:02:45.872272] TRACE: slash.core.cleanup_manager: CleanupManager: popping scope 'test' (failure: False, interrupt: False)
[2020-05-24 23:02:45.872353] TRACE: slash.core.cleanup_manager: Calling cleanups of scope 'test' (failure=False, interrupt=False)
[2020-05-24 23:02:45.875653] TRACE: slash.core.scope_manager: Popped scope test
[2020-05-24 23:02:45.879014] NOTICE: slash.runner: #46: /tmp/tmpbsp3fal2/test_08531.py:test_08538
[2020-05-24 23:02:45.879375] DEBUG: slash.runner: Started test #46: <Runnable test </tmp/tmpbsp3fal2/test_08531.py:test_08538>>
[2020-05-24 23:02:45.885544] TRACE: slash.core.scope_manager: Pushed scope test
[2020-05-24 23:02:45.885659] TRACE: slash.core.cleanup_manager: CleanupManager: pushing scope 'test'
[2020-05-24 23:02:45.888706] TRACE: slash.core.scope_manager: Popping scope test (expected test)
[2020-05-24 23:02:45.888821] TRACE: slash.core.cleanup_manager: CleanupManager: popping scope 'test' (failure: False, interrupt: False)
[2020-05-24 23:02:45.888899] TRACE: slash.core.cleanup_manager: Calling cleanups of scope 'test' (failure=False, interrupt=False)
[2020-05-24 23:02:45.892304] TRACE: slash.core.scope_manager: Popped scope test
[2020-05-24 23:02:45.895719] NOTICE: slash.runner: #47: /tmp/tmpbsp3fal2/test_08531.py:Test08539.test_08540
[2020-05-24 23:02:45.896074] DEBUG: slash.runner: Started test #47: <Runnable test </tmp/tmpbsp3fal2/test_08531.py:Test08539.test_08540>>
[2020-05-24 23:02:45.902066] TRACE: slash.core.scope_manager: Pushed scope test
[2020-05-24 23:02:45.902179] TRACE: slash.core.cleanup_manager: CleanupManager: pushing scope 'test'
[2020-05-24 23:02:45.911408] TRACE: slash.core.scope_manager: Popping scope test (expected test)
[2020-05-24 23:02:45.911531] TRACE: slash.core.cleanup_manager: CleanupManager: popping scope 'test' (failure: False, interrupt: False)
[2020-05-24 23:02:45.911620] TRACE: slash.core.cleanup_manager: Calling cleanups of scope 'test' (failure=False, interrupt=False)
[2020-05-24 23:02:45.914917] TRACE: slash.core.scope_manager: Popped scope test
[2020-05-24 23:02:45.918390] NOTICE: slash.runner: #48: /tmp/tmpbsp3fal2/test_08531.py:test_08541
[2020-05-24 23:02:45.918748] DEBUG: slash.runner: Started test #48: <Runnable test </tmp/tmpbsp3fal2/test_08531.py:test_08541>>
[2020-05-24 23:02:45.924690] TRACE: slash.core.scope_manager: Pushed scope test
[2020-05-24 23:02:45.924803] TRACE: slash.core.cleanup_manager: CleanupManager: pushing scope 'test'
[2020-05-24 23:02:45.927929] TRACE: slash.core.scope_manager: Popping scope test (expected test)
[2020-05-24 23:02:45.928043] TRACE: slash.core.cleanup_manager: CleanupManager: popping scope 'test' (failure: False, interrupt: False)
[2020-05-24 23:02:45.928122] TRACE: slash.core.cleanup_manager: Calling cleanups of scope 'test' (failure=False, interrupt=False)
[2020-05-24 23:02:45.933037] TRACE: slash.core.scope_manager: Popped scope test
[2020-05-24 23:02:45.936465] NOTICE: slash.runner: #49: /tmp/tmpbsp3fal2/test_08531.py:Test08539.test_08542
[2020-05-24 23:02:45.936833] DEBUG: slash.runner: Started test #49: <Runnable test </tmp/tmpbsp3fal2/test_08531.py:Test08539.test_08542>>
[2020-05-24 23:02:45.943113] TRACE: slash.core.scope_manager: Pushed scope test
[2020-05-24 23:02:45.943227] TRACE: slash.core.cleanup_manager: CleanupManager: pushing scope 'test'
[2020-05-24 23:02:45.952438] TRACE: slash.core.scope_manager: Popping scope test (expected test)
[2020-05-24 23:02:45.952563] TRACE: slash.core.cleanup_manager: CleanupManager: popping scope 'test' (failure: False, interrupt: False)
[2020-05-24 23:02:45.952643] TRACE: slash.core.cleanup_manager: Calling cleanups of scope 'test' (failure=False, interrupt=False)
[2020-05-24 23:02:45.955920] TRACE: slash.core.scope_manager: Popped scope test
[2020-05-24 23:02:45.959290] NOTICE: slash.runner: #50: /tmp/tmpbsp3fal2/test_08531.py:test_08543
[2020-05-24 23:02:45.959658] DEBUG: slash.runner: Started test #50: <Runnable test </tmp/tmpbsp3fal2/test_08531.py:test_08543>>
[2020-05-24 23:02:45.965852] TRACE: slash.core.scope_manager: Pushed scope test
[2020-05-24 23:02:45.965968] TRACE: slash.core.cleanup_manager: CleanupManager: pushing scope 'test'
[2020-05-24 23:02:45.969032] TRACE: slash.core.scope_manager: Popping scope test (expected test)
[2020-05-24 23:02:45.969168] TRACE: slash.core.cleanup_manager: CleanupManager: popping scope 'test' (failure: False, interrupt: False)
[2020-05-24 23:02:45.969251] TRACE: slash.core.cleanup_manager: Calling cleanups of scope 'test' (failure=False, interrupt=False)
[2020-05-24 23:02:45.972770] TRACE: slash.core.scope_manager: Popped scope test
[2020-05-24 23:02:45.978822] TRACE: slash.core.scope_manager: Popping scope module (expected module)
[2020-05-24 23:02:45.978939] TRACE: slash.core.cleanup_manager: CleanupManager: popping scope 'module' (failure: False, interrupt: False)
[2020-05-24 23:02:45.979022] TRACE: slash.core.cleanup_manager: Calling cleanups of scope 'module' (failure=False, interrupt=False)
[2020-05-24 23:02:45.979108] TRACE: slash.core.scope_manager: Popped scope module
[2020-05-24 23:02:45.979178] TRACE: slash.core.scope_manager: Popping scope session (expected session)
[2020-05-24 23:02:45.979253] TRACE: slash.core.cleanup_manager: CleanupManager: popping scope 'session' (failure: False, interrupt: False)
[2020-05-24 23:02:45.979321] TRACE: slash.core.cleanup_manager: Calling cleanups of scope 'session' (failure=False, interrupt=False)
[2020-05-24 23:02:45.979397] TRACE: slash.core.scope_manager: Popped scope session
[2020-05-24 23:02:45.980072] TRACE: slash.runner: Session finished. is_success=True has_skips=False
[2020-05-24 23:02:45.983084] TRACE: slash.core.cleanup_manager: CleanupManager: popping scope 'session-global' (failure: False, interrupt: False)
[2020-05-24 23:02:45.983190] TRACE: slash.core.cleanup_manager: Calling cleanups of scope 'session-global' (failure=False, interrupt=False)
[2020-05-24 23:02:45.993622] DEBUG: slash.resuming: Saved resume state to DB

----------- coverage: platform linux, python 3.5.6-final-0 -----------
Coverage HTML written to dir htmlcov

=========================== short test summary info ============================
FAILED tests/test_repeat.py::test_repeat_all_global - assert [0, 1, 2, 3, 4, ...
===== 1 failed, 1512 passed, 1 skipped, 164 warnings in 487.48s (0:08:07) ======

travis_time:end:0ad8a86c:start=1590361038815913444,finish=1590361529999569563,duration=491183656119[0K
[31;1mThe command "make test" exited with 2.[0m
travis_time:start:10b4ea04[0K$ if [[ $TRAVIS_PYTHON_VERSION == '3.6' ]]; then make pylint; fi

travis_time:end:10b4ea04:start=1590361530012071775,finish=1590361530021177110,duration=9105335[0K
[32;1mThe command "if [[ $TRAVIS_PYTHON_VERSION == '3.6' ]]; then make pylint; fi" exited with 0.[0m
travis_fold:start:after_failure[0Ktravis_time:start:23b49380[0K$ .env/bin/pip freeze
alabaster==0.7.12
arrow==0.15.6
astroid==2.4.1
atomicwrites==1.4.0
attrs==19.3.0
Babel==2.8.0
backcall==0.1.0
certifi==2020.4.5.1
chardet==3.0.4
click==7.1.2
colorama==0.4.3
confetti==2.5.3
coverage==5.1
coveralls==2.0.0
decorator==4.4.2
dessert==1.4.0
docopt==0.6.2
docutils==0.16
emport==1.3.1
gossip==2.4.0
idna==2.9
imagesize==1.2.0
importlib-metadata==1.6.0
ipython==7.9.0
ipython-genutils==0.2.0
isort==4.3.21
jedi==0.17.0
Jinja2==2.11.2
kaptan==0.5.12
lazy-object-proxy==1.4.3
libtmux==0.8.2
Logbook==1.5.3
MarkupSafe==1.1.1
mccabe==0.6.1
more-itertools==8.3.0
munch==2.5.0
orderedset==2.0.3
packaging==20.4
parso==0.7.0
pathlib2==2.3.5
pexpect==4.8.0
pickleshare==0.7.5
pluggy==0.13.1
prompt-toolkit==2.0.10
ptyprocess==0.6.0
py==1.8.1
pyforge==1.3.0
Pygments==2.6.1
pylint==2.5.2
pyparsing==2.4.7
pytest==5.4.2
pytest-catchlog==1.2.2
pytest-cov==2.9.0
pytest-timeout==1.3.4
python-dateutil==2.8.1
pytz==2020.1
PyYAML==5.3.1
raven==6.10.0
releases==1.6.3
requests==2.23.0
semantic-version==2.6.0
sentinels==1.0.0
six==1.15.0
-e git+https://github.com/getslash/slash.git@62f0d7e80e37be06f33c1a9f12cceaaa204880c7#egg=slash
snowballstemmer==2.0.0
Sphinx==3.0.3
sphinxcontrib-applehelp==1.0.2
sphinxcontrib-devhelp==1.0.2
sphinxcontrib-htmlhelp==1.0.3
sphinxcontrib-jsmath==1.0.1
sphinxcontrib-qthelp==1.0.3
sphinxcontrib-serializinghtml==1.1.4
SQLAlchemy==1.3.17
tmuxp==1.5.4
toml==0.10.1
traitlets==4.3.3
typed-ast==1.4.1
urllib3==1.25.9
vintage==0.4.1
wcwidth==0.1.9
wrapt==1.12.1
zipp==1.2.0

travis_time:end:23b49380:start=1590361530031868289,finish=1590361530556935731,duration=525067442[0Ktravis_fold:end:after_failure[0K
Done. Your build exited with 1.
