travis_fold:start:system_info[0K[33;1mBuild system information[0m
Build language: java
Build id: ''
Job id: ''
[34m[1mBuild image provisioning date and time[0m
Thu Feb  5 15:09:33 UTC 2015
[34m[1mOperating System Details[0m
Distributor ID:	Ubuntu
Description:	Ubuntu 12.04.5 LTS
Release:	12.04
Codename:	precise
[34m[1mLinux Version[0m
3.13.0-29-generic
[34m[1mCookbooks Version[0m
a68419e https://github.com/travis-ci/travis-cookbooks/tree/a68419e
[34m[1mGCC version[0m
gcc (Ubuntu/Linaro 4.6.3-1ubuntu5) 4.6.3
Copyright (C) 2011 Free Software Foundation, Inc.
This is free software; see the source for copying conditions.  There is NO
warranty; not even for MERCHANTABILITY or FITNESS FOR A PARTICULAR PURPOSE.

[34m[1mLLVM version[0m
clang version 3.4 (tags/RELEASE_34/final)
Target: x86_64-unknown-linux-gnu
Thread model: posix
[34m[1mPre-installed Ruby versions[0m
ruby-1.9.3-p551
[34m[1mPre-installed Node.js versions[0m
v0.10.36
[34m[1mPre-installed Go versions[0m
1.4.1
[34m[1mRedis version[0m
redis-server 2.8.19
[34m[1mriak version[0m
2.0.2
[34m[1mMongoDB version[0m
MongoDB 2.4.12
[34m[1mCouchDB version[0m
couchdb 1.6.1
[34m[1mNeo4j version[0m
1.9.4
[34m[1mRabbitMQ Version[0m
3.4.3
[34m[1mElasticSearch version[0m
1.4.0
[34m[1mInstalled Sphinx versions[0m
2.0.10
2.1.9
2.2.6
[34m[1mDefault Sphinx version[0m
2.2.6
[34m[1mInstalled Firefox version[0m
firefox 31.0esr
[34m[1mPhantomJS version[0m
1.9.8
[34m[1mant -version[0m
Apache Ant(TM) version 1.8.2 compiled on December 3 2011
[34m[1mmvn -version[0m
Apache Maven 3.2.5 (12a6b3acb947671f09b81f49094c53f426d8cea1; 2014-12-14T17:29:23+00:00)
Maven home: /usr/local/maven
Java version: 1.7.0_76, vendor: Oracle Corporation
Java home: /usr/lib/jvm/java-7-oracle/jre
Default locale: en_US, platform encoding: ANSI_X3.4-1968
OS name: "linux", version: "3.13.0-29-generic", arch: "amd64", family: "unix"
travis_fold:end:system_info[0K
$ jdk_switcher use oraclejdk7
Switching to Oracle JDK7 (java-7-oracle), JAVA_HOME will be set to /usr/lib/jvm/java-7-oracle
$ cd failed/square/okio

[33;1mSetting environment variables from .travis.yml[0m
$ export CI_DEPLOY_USERNAME=[secure]
$ export CI_DEPLOY_PASSWORD=[secure]

travis_fold:start:cache.1[0KSetting up build cache
$ export CASHER_DIR=$HOME/.casher
travis_time:start:19b7b43e[0K$ Installing caching utilities

travis_time:end:19b7b43e:start=1598238078950995330,finish=1598238079197001413,duration=246006083[0Ktravis_time:start:0de647cb[0K
travis_time:end:0de647cb:start=1598238079211635409,finish=1598238079220801674,duration=9166265[0Ktravis_time:start:01c7a99c[0K[32;1mattempting to download cache archive[0m

travis_time:end:01c7a99c:start=1598238079231158507,finish=1598238080039279512,duration=808121005[0Ktravis_time:start:1bb643ec[0K
travis_time:end:1bb643ec:start=1598238080050061016,finish=1598238080059948651,duration=9887635[0Ktravis_time:start:2db6353c[0K[32;1madding /home/travis/.m2 to cache[0m

travis_time:end:2db6353c:start=1598238080070076429,finish=1598238080843792571,duration=773716142[0Ktravis_fold:end:cache.1[0K$ java -Xmx32m -version
$ javac -J-Xmx32m -version
travis_fold:start:install[0Ktravis_time:start:2b4e64aa[0K$ mvn install -Dhttps.protocols=TLSv1.2 -Dhttps.protocols=TLSv1.2 -DskipTests=true -Dmaven.javadoc.skip=true -B -V
Apache Maven 3.2.5 (12a6b3acb947671f09b81f49094c53f426d8cea1; 2014-12-14T17:29:23+00:00)
Maven home: /usr/local/maven
Java version: 1.7.0_76, vendor: Oracle Corporation
Java home: /usr/lib/jvm/java-7-oracle/jre
Default locale: en_US, platform encoding: UTF-8
OS name: "linux", version: "4.15.0-109-generic", arch: "amd64", family: "unix"
[INFO] Scanning for projects...
[INFO] Downloading: http://insecure.repo1.maven.org/maven2/org/sonatype/oss/oss-parent/7/oss-parent-7.pom
[INFO] Downloaded: http://insecure.repo1.maven.org/maven2/org/sonatype/oss/oss-parent/7/oss-parent-7.pom (5 KB at 33.4 KB/sec)
[INFO] ------------------------------------------------------------------------
[INFO] Reactor Build Order:
[INFO] 
[INFO] Okio (Parent)
[INFO] Okio
[INFO] Okio Performance Benchmarks
[INFO]                                                                         
[INFO] ------------------------------------------------------------------------
[INFO] Building Okio (Parent) 1.3.0-SNAPSHOT
[INFO] ------------------------------------------------------------------------
[INFO] Downloading: https://repo.maven.apache.org/maven2/org/apache/maven/plugins/maven-enforcer-plugin/1.0/maven-enforcer-plugin-1.0.pom
[INFO] Downloaded: https://repo.maven.apache.org/maven2/org/apache/maven/plugins/maven-enforcer-plugin/1.0/maven-enforcer-plugin-1.0.pom (7 KB at 19.1 KB/sec)
[INFO] Downloading: https://repo.maven.apache.org/maven2/org/apache/maven/enforcer/enforcer/1.0/enforcer-1.0.pom
[INFO] Downloaded: https://repo.maven.apache.org/maven2/org/apache/maven/enforcer/enforcer/1.0/enforcer-1.0.pom (12 KB at 362.9 KB/sec)
[INFO] Downloading: https://repo.maven.apache.org/maven2/org/apache/maven/maven-parent/17/maven-parent-17.pom
[INFO] Downloaded: https://repo.maven.apache.org/maven2/org/apache/maven/maven-parent/17/maven-parent-17.pom (25 KB at 784.8 KB/sec)
[INFO] Downloading: https://repo.maven.apache.org/maven2/org/apache/apache/7/apache-7.pom
[INFO] Downloaded: https://repo.maven.apache.org/maven2/org/apache/apache/7/apache-7.pom (15 KB at 640.5 KB/sec)
[INFO] Downloading: https://repo.maven.apache.org/maven2/org/apache/maven/plugins/maven-enforcer-plugin/1.0/maven-enforcer-plugin-1.0.jar
[INFO] Downloaded: https://repo.maven.apache.org/maven2/org/apache/maven/plugins/maven-enforcer-plugin/1.0/maven-enforcer-plugin-1.0.jar (22 KB at 619.6 KB/sec)
[INFO] Downloading: https://repo.maven.apache.org/maven2/org/apache/maven/plugins/maven-install-plugin/2.4/maven-install-plugin-2.4.pom
[INFO] Downloaded: https://repo.maven.apache.org/maven2/org/apache/maven/plugins/maven-install-plugin/2.4/maven-install-plugin-2.4.pom (7 KB at 283.2 KB/sec)
[INFO] Downloading: https://repo.maven.apache.org/maven2/org/apache/maven/plugins/maven-plugins/23/maven-plugins-23.pom
[INFO] Downloaded: https://repo.maven.apache.org/maven2/org/apache/maven/plugins/maven-plugins/23/maven-plugins-23.pom (9 KB at 332.7 KB/sec)
[INFO] Downloading: https://repo.maven.apache.org/maven2/org/apache/maven/maven-parent/22/maven-parent-22.pom
[INFO] Downloaded: https://repo.maven.apache.org/maven2/org/apache/maven/maven-parent/22/maven-parent-22.pom (30 KB at 1075.8 KB/sec)
[INFO] Downloading: https://repo.maven.apache.org/maven2/org/apache/apache/11/apache-11.pom
[INFO] Downloaded: https://repo.maven.apache.org/maven2/org/apache/apache/11/apache-11.pom (15 KB at 578.6 KB/sec)
[INFO] Downloading: https://repo.maven.apache.org/maven2/org/apache/maven/plugins/maven-install-plugin/2.4/maven-install-plugin-2.4.jar
[INFO] Downloaded: https://repo.maven.apache.org/maven2/org/apache/maven/plugins/maven-install-plugin/2.4/maven-install-plugin-2.4.jar (27 KB at 711.4 KB/sec)
[INFO] 
[INFO] --- maven-enforcer-plugin:1.0:enforce (enforce-maven) @ okio-parent ---
[INFO] Downloading: https://repo.maven.apache.org/maven2/org/apache/maven/maven-artifact/2.0.9/maven-artifact-2.0.9.pom
[INFO] Downloaded: https://repo.maven.apache.org/maven2/org/apache/maven/maven-artifact/2.0.9/maven-artifact-2.0.9.pom (2 KB at 83.2 KB/sec)
[INFO] Downloading: https://repo.maven.apache.org/maven2/org/apache/maven/maven/2.0.9/maven-2.0.9.pom
[INFO] Downloaded: https://repo.maven.apache.org/maven2/org/apache/maven/maven/2.0.9/maven-2.0.9.pom (19 KB at 710.1 KB/sec)
[INFO] Downloading: https://repo.maven.apache.org/maven2/org/apache/maven/maven-parent/8/maven-parent-8.pom
[INFO] Downloaded: https://repo.maven.apache.org/maven2/org/apache/maven/maven-parent/8/maven-parent-8.pom (24 KB at 982.0 KB/sec)
[INFO] Downloading: https://repo.maven.apache.org/maven2/org/apache/apache/4/apache-4.pom
[INFO] Downloaded: https://repo.maven.apache.org/maven2/org/apache/apache/4/apache-4.pom (5 KB at 231.0 KB/sec)
[INFO] Downloading: https://repo.maven.apache.org/maven2/org/codehaus/plexus/plexus-utils/1.5.8/plexus-utils-1.5.8.pom
[INFO] Downloaded: https://repo.maven.apache.org/maven2/org/codehaus/plexus/plexus-utils/1.5.8/plexus-utils-1.5.8.pom (8 KB at 393.7 KB/sec)
[INFO] Downloading: https://repo.maven.apache.org/maven2/org/codehaus/plexus/plexus/2.0.2/plexus-2.0.2.pom
[INFO] Downloaded: https://repo.maven.apache.org/maven2/org/codehaus/plexus/plexus/2.0.2/plexus-2.0.2.pom (12 KB at 472.4 KB/sec)
[INFO] Downloading: https://repo.maven.apache.org/maven2/org/apache/maven/maven-plugin-api/2.0.9/maven-plugin-api-2.0.9.pom
[INFO] Downloaded: https://repo.maven.apache.org/maven2/org/apache/maven/maven-plugin-api/2.0.9/maven-plugin-api-2.0.9.pom (2 KB at 72.9 KB/sec)
[INFO] Downloading: https://repo.maven.apache.org/maven2/org/apache/maven/maven-project/2.0.9/maven-project-2.0.9.pom
[INFO] Downloaded: https://repo.maven.apache.org/maven2/org/apache/maven/maven-project/2.0.9/maven-project-2.0.9.pom (3 KB at 155.7 KB/sec)
[INFO] Downloading: https://repo.maven.apache.org/maven2/org/apache/maven/maven-settings/2.0.9/maven-settings-2.0.9.pom
[INFO] Downloaded: https://repo.maven.apache.org/maven2/org/apache/maven/maven-settings/2.0.9/maven-settings-2.0.9.pom (3 KB at 100.5 KB/sec)
[INFO] Downloading: https://repo.maven.apache.org/maven2/org/apache/maven/maven-model/2.0.9/maven-model-2.0.9.pom
[INFO] Downloaded: https://repo.maven.apache.org/maven2/org/apache/maven/maven-model/2.0.9/maven-model-2.0.9.pom (4 KB at 170.4 KB/sec)
[INFO] Downloading: https://repo.maven.apache.org/maven2/org/codehaus/plexus/plexus-container-default/1.0-alpha-9-stable-1/plexus-container-default-1.0-alpha-9-stable-1.pom
[INFO] Downloaded: https://repo.maven.apache.org/maven2/org/codehaus/plexus/plexus-container-default/1.0-alpha-9-stable-1/plexus-container-default-1.0-alpha-9-stable-1.pom (4 KB at 183.6 KB/sec)
[INFO] Downloading: https://repo.maven.apache.org/maven2/org/codehaus/plexus/plexus-containers/1.0.3/plexus-containers-1.0.3.pom
[INFO] Downloaded: https://repo.maven.apache.org/maven2/org/codehaus/plexus/plexus-containers/1.0.3/plexus-containers-1.0.3.pom (492 B at 21.8 KB/sec)
[INFO] Downloading: https://repo.maven.apache.org/maven2/org/codehaus/plexus/plexus/1.0.4/plexus-1.0.4.pom
[INFO] Downloaded: https://repo.maven.apache.org/maven2/org/codehaus/plexus/plexus/1.0.4/plexus-1.0.4.pom (6 KB at 266.8 KB/sec)
[INFO] Downloading: https://repo.maven.apache.org/maven2/junit/junit/3.8.2/junit-3.8.2.pom
[INFO] Downloaded: https://repo.maven.apache.org/maven2/junit/junit/3.8.2/junit-3.8.2.pom (747 B at 38.4 KB/sec)
[INFO] Downloading: https://repo.maven.apache.org/maven2/classworlds/classworlds/1.1-alpha-2/classworlds-1.1-alpha-2.pom
[INFO] Downloaded: https://repo.maven.apache.org/maven2/classworlds/classworlds/1.1-alpha-2/classworlds-1.1-alpha-2.pom (4 KB at 152.7 KB/sec)
[INFO] Downloading: https://repo.maven.apache.org/maven2/org/apache/maven/maven-profile/2.0.9/maven-profile-2.0.9.pom
[INFO] Downloaded: https://repo.maven.apache.org/maven2/org/apache/maven/maven-profile/2.0.9/maven-profile-2.0.9.pom (3 KB at 105.4 KB/sec)
[INFO] Downloading: https://repo.maven.apache.org/maven2/org/apache/maven/maven-artifact-manager/2.0.9/maven-artifact-manager-2.0.9.pom
[INFO] Downloaded: https://repo.maven.apache.org/maven2/org/apache/maven/maven-artifact-manager/2.0.9/maven-artifact-manager-2.0.9.pom (3 KB at 125.6 KB/sec)
[INFO] Downloading: https://repo.maven.apache.org/maven2/org/apache/maven/maven-repository-metadata/2.0.9/maven-repository-metadata-2.0.9.pom
[INFO] Downloaded: https://repo.maven.apache.org/maven2/org/apache/maven/maven-repository-metadata/2.0.9/maven-repository-metadata-2.0.9.pom (2 KB at 92.8 KB/sec)
[INFO] Downloading: https://repo.maven.apache.org/maven2/org/apache/maven/maven-plugin-registry/2.0.9/maven-plugin-registry-2.0.9.pom
[INFO] Downloaded: https://repo.maven.apache.org/maven2/org/apache/maven/maven-plugin-registry/2.0.9/maven-plugin-registry-2.0.9.pom (2 KB at 96.2 KB/sec)
[INFO] Downloading: https://repo.maven.apache.org/maven2/org/apache/maven/maven-core/2.0.9/maven-core-2.0.9.pom
[INFO] Downloaded: https://repo.maven.apache.org/maven2/org/apache/maven/maven-core/2.0.9/maven-core-2.0.9.pom (8 KB at 362.0 KB/sec)
[INFO] Downloading: https://repo.maven.apache.org/maven2/org/apache/maven/maven-plugin-parameter-documenter/2.0.9/maven-plugin-parameter-documenter-2.0.9.pom
[INFO] Downloaded: https://repo.maven.apache.org/maven2/org/apache/maven/maven-plugin-parameter-documenter/2.0.9/maven-plugin-parameter-documenter-2.0.9.pom (2 KB at 91.3 KB/sec)
[INFO] Downloading: https://repo.maven.apache.org/maven2/org/apache/maven/reporting/maven-reporting-api/2.0.9/maven-reporting-api-2.0.9.pom
[INFO] Downloaded: https://repo.maven.apache.org/maven2/org/apache/maven/reporting/maven-reporting-api/2.0.9/maven-reporting-api-2.0.9.pom (2 KB at 88.0 KB/sec)
[INFO] Downloading: https://repo.maven.apache.org/maven2/org/apache/maven/reporting/maven-reporting/2.0.9/maven-reporting-2.0.9.pom
[INFO] Downloaded: https://repo.maven.apache.org/maven2/org/apache/maven/reporting/maven-reporting/2.0.9/maven-reporting-2.0.9.pom (2 KB at 68.6 KB/sec)
[INFO] Downloading: https://repo.maven.apache.org/maven2/org/apache/maven/doxia/doxia-sink-api/1.0-alpha-10/doxia-sink-api-1.0-alpha-10.pom
[INFO] Downloaded: https://repo.maven.apache.org/maven2/org/apache/maven/doxia/doxia-sink-api/1.0-alpha-10/doxia-sink-api-1.0-alpha-10.pom (2 KB at 57.2 KB/sec)
[INFO] Downloading: https://repo.maven.apache.org/maven2/org/apache/maven/doxia/doxia/1.0-alpha-10/doxia-1.0-alpha-10.pom
[INFO] Downloaded: https://repo.maven.apache.org/maven2/org/apache/maven/doxia/doxia/1.0-alpha-10/doxia-1.0-alpha-10.pom (9 KB at 372.7 KB/sec)
[INFO] Downloading: https://repo.maven.apache.org/maven2/org/apache/maven/maven-parent/6/maven-parent-6.pom
[INFO] Downloaded: https://repo.maven.apache.org/maven2/org/apache/maven/maven-parent/6/maven-parent-6.pom (20 KB at 725.0 KB/sec)
[INFO] Downloading: https://repo.maven.apache.org/maven2/org/apache/maven/maven-error-diagnostics/2.0.9/maven-error-diagnostics-2.0.9.pom
[INFO] Downloaded: https://repo.maven.apache.org/maven2/org/apache/maven/maven-error-diagnostics/2.0.9/maven-error-diagnostics-2.0.9.pom (2 KB at 94.6 KB/sec)
[INFO] Downloading: https://repo.maven.apache.org/maven2/commons-cli/commons-cli/1.0/commons-cli-1.0.pom
[INFO] Downloaded: https://repo.maven.apache.org/maven2/commons-cli/commons-cli/1.0/commons-cli-1.0.pom (3 KB at 108.2 KB/sec)
[INFO] Downloading: https://repo.maven.apache.org/maven2/org/apache/maven/maven-plugin-descriptor/2.0.9/maven-plugin-descriptor-2.0.9.pom
[INFO] Downloaded: https://repo.maven.apache.org/maven2/org/apache/maven/maven-plugin-descriptor/2.0.9/maven-plugin-descriptor-2.0.9.pom (3 KB at 112.6 KB/sec)
[INFO] Downloading: https://repo.maven.apache.org/maven2/org/codehaus/plexus/plexus-interactivity-api/1.0-alpha-4/plexus-interactivity-api-1.0-alpha-4.pom
[INFO] Downloaded: https://repo.maven.apache.org/maven2/org/codehaus/plexus/plexus-interactivity-api/1.0-alpha-4/plexus-interactivity-api-1.0-alpha-4.pom (7 KB at 364.5 KB/sec)
[INFO] Downloading: https://repo.maven.apache.org/maven2/org/apache/maven/maven-monitor/2.0.9/maven-monitor-2.0.9.pom
[INFO] Downloaded: https://repo.maven.apache.org/maven2/org/apache/maven/maven-monitor/2.0.9/maven-monitor-2.0.9.pom (2 KB at 54.6 KB/sec)
[INFO] Downloading: https://repo.maven.apache.org/maven2/classworlds/classworlds/1.1/classworlds-1.1.pom
[INFO] Downloaded: https://repo.maven.apache.org/maven2/classworlds/classworlds/1.1/classworlds-1.1.pom (4 KB at 162.3 KB/sec)
[INFO] Downloading: https://repo.maven.apache.org/maven2/commons-lang/commons-lang/2.3/commons-lang-2.3.pom
[INFO] Downloaded: https://repo.maven.apache.org/maven2/commons-lang/commons-lang/2.3/commons-lang-2.3.pom (11 KB at 542.7 KB/sec)
[INFO] Downloading: https://repo.maven.apache.org/maven2/org/apache/maven/enforcer/enforcer-api/1.0/enforcer-api-1.0.pom
[INFO] Downloaded: https://repo.maven.apache.org/maven2/org/apache/maven/enforcer/enforcer-api/1.0/enforcer-api-1.0.pom (4 KB at 68.1 KB/sec)
[INFO] Downloading: https://repo.maven.apache.org/maven2/org/codehaus/plexus/plexus-container-default/1.0-alpha-9/plexus-container-default-1.0-alpha-9.pom
[INFO] Downloaded: https://repo.maven.apache.org/maven2/org/codehaus/plexus/plexus-container-default/1.0-alpha-9/plexus-container-default-1.0-alpha-9.pom (2 KB at 71.0 KB/sec)
[INFO] Downloading: https://repo.maven.apache.org/maven2/org/apache/maven/enforcer/enforcer-rules/1.0/enforcer-rules-1.0.pom
[INFO] Downloaded: https://repo.maven.apache.org/maven2/org/apache/maven/enforcer/enforcer-rules/1.0/enforcer-rules-1.0.pom (5 KB at 201.8 KB/sec)
[INFO] Downloading: https://repo.maven.apache.org/maven2/org/apache/maven/shared/maven-common-artifact-filters/1.2/maven-common-artifact-filters-1.2.pom
[INFO] Downloaded: https://repo.maven.apache.org/maven2/org/apache/maven/shared/maven-common-artifact-filters/1.2/maven-common-artifact-filters-1.2.pom (5 KB at 210.2 KB/sec)
[INFO] Downloading: https://repo.maven.apache.org/maven2/org/apache/maven/shared/maven-shared-components/11/maven-shared-components-11.pom
[INFO] Downloaded: https://repo.maven.apache.org/maven2/org/apache/maven/shared/maven-shared-components/11/maven-shared-components-11.pom (9 KB at 387.9 KB/sec)
[INFO] Downloading: https://repo.maven.apache.org/maven2/org/apache/maven/maven-parent/11/maven-parent-11.pom
[INFO] Downloaded: https://repo.maven.apache.org/maven2/org/apache/maven/maven-parent/11/maven-parent-11.pom (32 KB at 1217.3 KB/sec)
[INFO] Downloading: https://repo.maven.apache.org/maven2/org/apache/apache/5/apache-5.pom
[INFO] Downloaded: https://repo.maven.apache.org/maven2/org/apache/apache/5/apache-5.pom (5 KB at 210.6 KB/sec)
[INFO] Downloading: https://repo.maven.apache.org/maven2/org/apache/maven/maven-model/2.0.8/maven-model-2.0.8.pom
[INFO] Downloaded: https://repo.maven.apache.org/maven2/org/apache/maven/maven-model/2.0.8/maven-model-2.0.8.pom (4 KB at 161.4 KB/sec)
[INFO] Downloading: https://repo.maven.apache.org/maven2/org/apache/maven/maven/2.0.8/maven-2.0.8.pom
[INFO] Downloaded: https://repo.maven.apache.org/maven2/org/apache/maven/maven/2.0.8/maven-2.0.8.pom (12 KB at 536.9 KB/sec)
[INFO] Downloading: https://repo.maven.apache.org/maven2/org/apache/maven/shared/maven-plugin-testing-harness/1.1/maven-plugin-testing-harness-1.1.pom
[INFO] Downloaded: https://repo.maven.apache.org/maven2/org/apache/maven/shared/maven-plugin-testing-harness/1.1/maven-plugin-testing-harness-1.1.pom (7 KB at 309.3 KB/sec)
[INFO] Downloading: https://repo.maven.apache.org/maven2/org/apache/maven/shared/maven-shared-components/7/maven-shared-components-7.pom
[INFO] Downloaded: https://repo.maven.apache.org/maven2/org/apache/maven/shared/maven-shared-components/7/maven-shared-components-7.pom (3 KB at 126.9 KB/sec)
[INFO] Downloading: https://repo.maven.apache.org/maven2/org/apache/maven/maven-parent/5/maven-parent-5.pom
[INFO] Downloaded: https://repo.maven.apache.org/maven2/org/apache/maven/maven-parent/5/maven-parent-5.pom (15 KB at 783.2 KB/sec)
[INFO] Downloading: https://repo.maven.apache.org/maven2/org/apache/apache/3/apache-3.pom
[INFO] Downloaded: https://repo.maven.apache.org/maven2/org/apache/apache/3/apache-3.pom (4 KB at 176.3 KB/sec)
[INFO] Downloading: https://repo.maven.apache.org/maven2/org/codehaus/plexus/plexus-archiver/1.0-alpha-7/plexus-archiver-1.0-alpha-7.pom
[INFO] Downloaded: https://repo.maven.apache.org/maven2/org/codehaus/plexus/plexus-archiver/1.0-alpha-7/plexus-archiver-1.0-alpha-7.pom (2 KB at 46.3 KB/sec)
[INFO] Downloading: https://repo.maven.apache.org/maven2/org/codehaus/plexus/plexus-components/1.1.6/plexus-components-1.1.6.pom
[INFO] Downloaded: https://repo.maven.apache.org/maven2/org/codehaus/plexus/plexus-components/1.1.6/plexus-components-1.1.6.pom (2 KB at 97.0 KB/sec)
[INFO] Downloading: https://repo.maven.apache.org/maven2/org/codehaus/plexus/plexus/1.0.8/plexus-1.0.8.pom
[INFO] Downloaded: https://repo.maven.apache.org/maven2/org/codehaus/plexus/plexus/1.0.8/plexus-1.0.8.pom (8 KB at 353.0 KB/sec)
[INFO] Downloading: https://repo.maven.apache.org/maven2/org/codehaus/plexus/plexus-container-default/1.0-alpha-8/plexus-container-default-1.0-alpha-8.pom
[INFO] Downloaded: https://repo.maven.apache.org/maven2/org/codehaus/plexus/plexus-container-default/1.0-alpha-8/plexus-container-default-1.0-alpha-8.pom (8 KB at 354.6 KB/sec)
[INFO] Downloading: https://repo.maven.apache.org/maven2/org/beanshell/bsh/2.0b4/bsh-2.0b4.pom
[INFO] Downloaded: https://repo.maven.apache.org/maven2/org/beanshell/bsh/2.0b4/bsh-2.0b4.pom (2 KB at 68.6 KB/sec)
[INFO] Downloading: https://repo.maven.apache.org/maven2/org/beanshell/beanshell/2.0b4/beanshell-2.0b4.pom
[INFO] Downloaded: https://repo.maven.apache.org/maven2/org/beanshell/beanshell/2.0b4/beanshell-2.0b4.pom (2 KB at 76.6 KB/sec)
[INFO] Downloading: https://repo.maven.apache.org/maven2/org/apache/maven/shared/maven-dependency-tree/1.2/maven-dependency-tree-1.2.pom
[INFO] Downloaded: https://repo.maven.apache.org/maven2/org/apache/maven/shared/maven-dependency-tree/1.2/maven-dependency-tree-1.2.pom (4 KB at 207.4 KB/sec)
[INFO] Downloading: https://repo.maven.apache.org/maven2/org/apache/maven/shared/maven-shared-components/9/maven-shared-components-9.pom
[INFO] Downloaded: https://repo.maven.apache.org/maven2/org/apache/maven/shared/maven-shared-components/9/maven-shared-components-9.pom (4 KB at 201.1 KB/sec)
[INFO] Downloading: https://repo.maven.apache.org/maven2/org/codehaus/plexus/plexus-i18n/1.0-beta-6/plexus-i18n-1.0-beta-6.pom
[INFO] Downloaded: https://repo.maven.apache.org/maven2/org/codehaus/plexus/plexus-i18n/1.0-beta-6/plexus-i18n-1.0-beta-6.pom (771 B at 41.8 KB/sec)
[INFO] Downloading: https://repo.maven.apache.org/maven2/org/codehaus/plexus/plexus-components/1.1.4/plexus-components-1.1.4.pom
[INFO] Downloaded: https://repo.maven.apache.org/maven2/org/codehaus/plexus/plexus-components/1.1.4/plexus-components-1.1.4.pom (3 KB at 112.4 KB/sec)
[INFO] Downloading: https://repo.maven.apache.org/maven2/org/apache/maven/reporting/maven-reporting-api/2.0.9/maven-reporting-api-2.0.9.jar
[INFO] Downloading: https://repo.maven.apache.org/maven2/org/apache/maven/doxia/doxia-sink-api/1.0-alpha-10/doxia-sink-api-1.0-alpha-10.jar
[INFO] Downloading: https://repo.maven.apache.org/maven2/commons-cli/commons-cli/1.0/commons-cli-1.0.jar
[INFO] Downloading: https://repo.maven.apache.org/maven2/org/codehaus/plexus/plexus-interactivity-api/1.0-alpha-4/plexus-interactivity-api-1.0-alpha-4.jar
[INFO] Downloading: https://repo.maven.apache.org/maven2/org/codehaus/plexus/plexus-utils/1.5.8/plexus-utils-1.5.8.jar
[INFO] Downloaded: https://repo.maven.apache.org/maven2/org/apache/maven/reporting/maven-reporting-api/2.0.9/maven-reporting-api-2.0.9.jar (10 KB at 206.2 KB/sec)
[INFO] Downloading: https://repo.maven.apache.org/maven2/commons-lang/commons-lang/2.3/commons-lang-2.3.jar
[INFO] Downloaded: https://repo.maven.apache.org/maven2/commons-cli/commons-cli/1.0/commons-cli-1.0.jar (30 KB at 588.2 KB/sec)
[INFO] Downloading: https://repo.maven.apache.org/maven2/org/apache/maven/enforcer/enforcer-api/1.0/enforcer-api-1.0.jar
[INFO] Downloaded: https://repo.maven.apache.org/maven2/org/codehaus/plexus/plexus-interactivity-api/1.0-alpha-4/plexus-interactivity-api-1.0-alpha-4.jar (14 KB at 218.2 KB/sec)
[INFO] Downloading: https://repo.maven.apache.org/maven2/org/apache/maven/enforcer/enforcer-rules/1.0/enforcer-rules-1.0.jar
[INFO] Downloaded: https://repo.maven.apache.org/maven2/org/apache/maven/enforcer/enforcer-api/1.0/enforcer-api-1.0.jar (10 KB at 136.8 KB/sec)
[INFO] Downloading: https://repo.maven.apache.org/maven2/org/apache/maven/shared/maven-common-artifact-filters/1.2/maven-common-artifact-filters-1.2.jar
[INFO] Downloaded: https://repo.maven.apache.org/maven2/org/apache/maven/doxia/doxia-sink-api/1.0-alpha-10/doxia-sink-api-1.0-alpha-10.jar (10 KB at 125.6 KB/sec)
[INFO] Downloading: https://repo.maven.apache.org/maven2/org/beanshell/bsh/2.0b4/bsh-2.0b4.jar
[INFO] Downloaded: https://repo.maven.apache.org/maven2/org/apache/maven/enforcer/enforcer-rules/1.0/enforcer-rules-1.0.jar (60 KB at 647.2 KB/sec)
[INFO] Downloading: https://repo.maven.apache.org/maven2/org/apache/maven/shared/maven-dependency-tree/1.2/maven-dependency-tree-1.2.jar
[INFO] Downloaded: https://repo.maven.apache.org/maven2/org/apache/maven/shared/maven-common-artifact-filters/1.2/maven-common-artifact-filters-1.2.jar (31 KB at 321.4 KB/sec)
[INFO] Downloading: https://repo.maven.apache.org/maven2/org/codehaus/plexus/plexus-i18n/1.0-beta-6/plexus-i18n-1.0-beta-6.jar
[INFO] Downloaded: https://repo.maven.apache.org/maven2/org/codehaus/plexus/plexus-utils/1.5.8/plexus-utils-1.5.8.jar (262 KB at 2564.5 KB/sec)
[INFO] Downloaded: https://repo.maven.apache.org/maven2/commons-lang/commons-lang/2.3/commons-lang-2.3.jar (240 KB at 2238.6 KB/sec)
[INFO] Downloaded: https://repo.maven.apache.org/maven2/org/codehaus/plexus/plexus-i18n/1.0-beta-6/plexus-i18n-1.0-beta-6.jar (12 KB at 101.1 KB/sec)
[INFO] Downloaded: https://repo.maven.apache.org/maven2/org/apache/maven/shared/maven-dependency-tree/1.2/maven-dependency-tree-1.2.jar (34 KB at 278.9 KB/sec)
[INFO] Downloaded: https://repo.maven.apache.org/maven2/org/beanshell/bsh/2.0b4/bsh-2.0b4.jar (276 KB at 2116.1 KB/sec)
[INFO] 
[INFO] --- maven-install-plugin:2.4:install (default-install) @ okio-parent ---
[INFO] Downloading: https://repo.maven.apache.org/maven2/org/apache/maven/maven-plugin-api/2.0.6/maven-plugin-api-2.0.6.pom
[INFO] Downloaded: https://repo.maven.apache.org/maven2/org/apache/maven/maven-plugin-api/2.0.6/maven-plugin-api-2.0.6.pom (2 KB at 74.8 KB/sec)
[INFO] Downloading: https://repo.maven.apache.org/maven2/org/apache/maven/maven/2.0.6/maven-2.0.6.pom
[INFO] Downloaded: https://repo.maven.apache.org/maven2/org/apache/maven/maven/2.0.6/maven-2.0.6.pom (9 KB at 465.0 KB/sec)
[INFO] Downloading: https://repo.maven.apache.org/maven2/org/apache/maven/maven-project/2.0.6/maven-project-2.0.6.pom
[INFO] Downloaded: https://repo.maven.apache.org/maven2/org/apache/maven/maven-project/2.0.6/maven-project-2.0.6.pom (3 KB at 143.1 KB/sec)
[INFO] Downloading: https://repo.maven.apache.org/maven2/org/apache/maven/maven-settings/2.0.6/maven-settings-2.0.6.pom
[INFO] Downloaded: https://repo.maven.apache.org/maven2/org/apache/maven/maven-settings/2.0.6/maven-settings-2.0.6.pom (2 KB at 102.8 KB/sec)
[INFO] Downloading: https://repo.maven.apache.org/maven2/org/apache/maven/maven-model/2.0.6/maven-model-2.0.6.pom
[INFO] Downloaded: https://repo.maven.apache.org/maven2/org/apache/maven/maven-model/2.0.6/maven-model-2.0.6.pom (3 KB at 175.0 KB/sec)
[INFO] Downloading: https://repo.maven.apache.org/maven2/org/codehaus/plexus/plexus-utils/1.4.1/plexus-utils-1.4.1.pom
[INFO] Downloaded: https://repo.maven.apache.org/maven2/org/codehaus/plexus/plexus-utils/1.4.1/plexus-utils-1.4.1.pom (2 KB at 109.7 KB/sec)
[INFO] Downloading: https://repo.maven.apache.org/maven2/org/codehaus/plexus/plexus/1.0.11/plexus-1.0.11.pom
[INFO] Downloaded: https://repo.maven.apache.org/maven2/org/codehaus/plexus/plexus/1.0.11/plexus-1.0.11.pom (9 KB at 547.4 KB/sec)
[INFO] Downloading: https://repo.maven.apache.org/maven2/junit/junit/3.8.1/junit-3.8.1.pom
[INFO] Downloaded: https://repo.maven.apache.org/maven2/junit/junit/3.8.1/junit-3.8.1.pom (998 B at 54.1 KB/sec)
[INFO] Downloading: https://repo.maven.apache.org/maven2/org/codehaus/plexus/plexus-utils/1.0.4/plexus-utils-1.0.4.pom
[INFO] Downloaded: https://repo.maven.apache.org/maven2/org/codehaus/plexus/plexus-utils/1.0.4/plexus-utils-1.0.4.pom (7 KB at 372.0 KB/sec)
[INFO] Downloading: https://repo.maven.apache.org/maven2/org/apache/maven/maven-profile/2.0.6/maven-profile-2.0.6.pom
[INFO] Downloaded: https://repo.maven.apache.org/maven2/org/apache/maven/maven-profile/2.0.6/maven-profile-2.0.6.pom (2 KB at 87.9 KB/sec)
[INFO] Downloading: https://repo.maven.apache.org/maven2/org/apache/maven/maven-artifact-manager/2.0.6/maven-artifact-manager-2.0.6.pom
[INFO] Downloaded: https://repo.maven.apache.org/maven2/org/apache/maven/maven-artifact-manager/2.0.6/maven-artifact-manager-2.0.6.pom (3 KB at 121.9 KB/sec)
[INFO] Downloading: https://repo.maven.apache.org/maven2/org/apache/maven/maven-repository-metadata/2.0.6/maven-repository-metadata-2.0.6.pom
[INFO] Downloaded: https://repo.maven.apache.org/maven2/org/apache/maven/maven-repository-metadata/2.0.6/maven-repository-metadata-2.0.6.pom (2 KB at 100.4 KB/sec)
[INFO] Downloading: https://repo.maven.apache.org/maven2/org/apache/maven/maven-artifact/2.0.6/maven-artifact-2.0.6.pom
[INFO] Downloaded: https://repo.maven.apache.org/maven2/org/apache/maven/maven-artifact/2.0.6/maven-artifact-2.0.6.pom (2 KB at 90.6 KB/sec)
[INFO] Downloading: https://repo.maven.apache.org/maven2/org/apache/maven/maven-plugin-registry/2.0.6/maven-plugin-registry-2.0.6.pom
[INFO] Downloaded: https://repo.maven.apache.org/maven2/org/apache/maven/maven-plugin-registry/2.0.6/maven-plugin-registry-2.0.6.pom (2 KB at 76.0 KB/sec)
[INFO] Downloading: https://repo.maven.apache.org/maven2/org/codehaus/plexus/plexus-utils/3.0.5/plexus-utils-3.0.5.pom
[INFO] Downloaded: https://repo.maven.apache.org/maven2/org/codehaus/plexus/plexus-utils/3.0.5/plexus-utils-3.0.5.pom (3 KB at 144.3 KB/sec)
[INFO] Downloading: https://repo.maven.apache.org/maven2/org/codehaus/plexus/plexus/3.1/plexus-3.1.pom
[INFO] Downloaded: https://repo.maven.apache.org/maven2/org/codehaus/plexus/plexus/3.1/plexus-3.1.pom (19 KB at 908.9 KB/sec)
[INFO] Downloading: https://repo.maven.apache.org/maven2/org/sonatype/spice/spice-parent/17/spice-parent-17.pom
[INFO] Downloaded: https://repo.maven.apache.org/maven2/org/sonatype/spice/spice-parent/17/spice-parent-17.pom (7 KB at 314.3 KB/sec)
[INFO] Downloading: https://repo.maven.apache.org/maven2/org/sonatype/forge/forge-parent/10/forge-parent-10.pom
[INFO] Downloaded: https://repo.maven.apache.org/maven2/org/sonatype/forge/forge-parent/10/forge-parent-10.pom (14 KB at 697.0 KB/sec)
[INFO] Downloading: https://repo.maven.apache.org/maven2/org/codehaus/plexus/plexus-digest/1.0/plexus-digest-1.0.pom
[INFO] Downloaded: https://repo.maven.apache.org/maven2/org/codehaus/plexus/plexus-digest/1.0/plexus-digest-1.0.pom (2 KB at 54.4 KB/sec)
[INFO] Downloading: https://repo.maven.apache.org/maven2/org/codehaus/plexus/plexus-components/1.1.7/plexus-components-1.1.7.pom
[INFO] Downloaded: https://repo.maven.apache.org/maven2/org/codehaus/plexus/plexus-components/1.1.7/plexus-components-1.1.7.pom (5 KB at 242.9 KB/sec)
[INFO] Downloading: https://repo.maven.apache.org/maven2/junit/junit/3.8.1/junit-3.8.1.jar
[INFO] Downloading: https://repo.maven.apache.org/maven2/org/codehaus/plexus/plexus-utils/3.0.5/plexus-utils-3.0.5.jar
[INFO] Downloading: https://repo.maven.apache.org/maven2/org/codehaus/plexus/plexus-digest/1.0/plexus-digest-1.0.jar
[INFO] Downloaded: https://repo.maven.apache.org/maven2/org/codehaus/plexus/plexus-digest/1.0/plexus-digest-1.0.jar (12 KB at 609.5 KB/sec)
[INFO] Downloaded: https://repo.maven.apache.org/maven2/junit/junit/3.8.1/junit-3.8.1.jar (119 KB at 3477.4 KB/sec)
[INFO] Downloaded: https://repo.maven.apache.org/maven2/org/codehaus/plexus/plexus-utils/3.0.5/plexus-utils-3.0.5.jar (226 KB at 5770.4 KB/sec)
[INFO] Installing /home/travis/build/failed/square/okio/pom.xml to /home/travis/.m2/repository/com/squareup/okio/okio-parent/1.3.0-SNAPSHOT/okio-parent-1.3.0-SNAPSHOT.pom
[INFO]                                                                         
[INFO] ------------------------------------------------------------------------
[INFO] Building Okio 1.3.0-SNAPSHOT
[INFO] ------------------------------------------------------------------------
[INFO] Downloading: https://repo.maven.apache.org/maven2/org/apache/maven/plugins/maven-resources-plugin/2.6/maven-resources-plugin-2.6.pom
[INFO] Downloaded: https://repo.maven.apache.org/maven2/org/apache/maven/plugins/maven-resources-plugin/2.6/maven-resources-plugin-2.6.pom (8 KB at 417.1 KB/sec)
[INFO] Downloading: https://repo.maven.apache.org/maven2/org/apache/maven/plugins/maven-resources-plugin/2.6/maven-resources-plugin-2.6.jar
[INFO] Downloaded: https://repo.maven.apache.org/maven2/org/apache/maven/plugins/maven-resources-plugin/2.6/maven-resources-plugin-2.6.jar (29 KB at 960.9 KB/sec)
[INFO] Downloading: https://repo.maven.apache.org/maven2/org/apache/maven/plugins/maven-compiler-plugin/3.0/maven-compiler-plugin-3.0.pom
[INFO] Downloaded: https://repo.maven.apache.org/maven2/org/apache/maven/plugins/maven-compiler-plugin/3.0/maven-compiler-plugin-3.0.pom (10 KB at 509.6 KB/sec)
[INFO] Downloading: https://repo.maven.apache.org/maven2/org/apache/maven/plugins/maven-compiler-plugin/3.0/maven-compiler-plugin-3.0.jar
[INFO] Downloaded: https://repo.maven.apache.org/maven2/org/apache/maven/plugins/maven-compiler-plugin/3.0/maven-compiler-plugin-3.0.jar (41 KB at 1305.0 KB/sec)
[INFO] Downloading: https://repo.maven.apache.org/maven2/org/apache/maven/plugins/maven-surefire-plugin/2.12.4/maven-surefire-plugin-2.12.4.pom
[INFO] Downloaded: https://repo.maven.apache.org/maven2/org/apache/maven/plugins/maven-surefire-plugin/2.12.4/maven-surefire-plugin-2.12.4.pom (11 KB at 568.3 KB/sec)
[INFO] Downloading: https://repo.maven.apache.org/maven2/org/apache/maven/surefire/surefire/2.12.4/surefire-2.12.4.pom
[INFO] Downloaded: https://repo.maven.apache.org/maven2/org/apache/maven/surefire/surefire/2.12.4/surefire-2.12.4.pom (14 KB at 792.2 KB/sec)
[INFO] Downloading: https://repo.maven.apache.org/maven2/org/apache/maven/plugins/maven-surefire-plugin/2.12.4/maven-surefire-plugin-2.12.4.jar
[INFO] Downloaded: https://repo.maven.apache.org/maven2/org/apache/maven/plugins/maven-surefire-plugin/2.12.4/maven-surefire-plugin-2.12.4.jar (30 KB at 1025.8 KB/sec)
[INFO] Downloading: https://repo.maven.apache.org/maven2/org/codehaus/mojo/animal-sniffer-maven-plugin/1.10/animal-sniffer-maven-plugin-1.10.pom
[INFO] Downloaded: https://repo.maven.apache.org/maven2/org/codehaus/mojo/animal-sniffer-maven-plugin/1.10/animal-sniffer-maven-plugin-1.10.pom (5 KB at 264.1 KB/sec)
[INFO] Downloading: https://repo.maven.apache.org/maven2/org/codehaus/mojo/animal-sniffer-parent/1.10/animal-sniffer-parent-1.10.pom
[INFO] Downloaded: https://repo.maven.apache.org/maven2/org/codehaus/mojo/animal-sniffer-parent/1.10/animal-sniffer-parent-1.10.pom (5 KB at 204.1 KB/sec)
[INFO] Downloading: https://repo.maven.apache.org/maven2/org/codehaus/mojo/mojo-parent/32/mojo-parent-32.pom
[INFO] Downloaded: https://repo.maven.apache.org/maven2/org/codehaus/mojo/mojo-parent/32/mojo-parent-32.pom (26 KB at 1214.8 KB/sec)
[INFO] Downloading: https://repo.maven.apache.org/maven2/org/codehaus/codehaus-parent/4/codehaus-parent-4.pom
[INFO] Downloaded: https://repo.maven.apache.org/maven2/org/codehaus/codehaus-parent/4/codehaus-parent-4.pom (5 KB at 247.8 KB/sec)
[INFO] Downloading: https://repo.maven.apache.org/maven2/org/codehaus/mojo/animal-sniffer-maven-plugin/1.10/animal-sniffer-maven-plugin-1.10.jar
[INFO] Downloaded: https://repo.maven.apache.org/maven2/org/codehaus/mojo/animal-sniffer-maven-plugin/1.10/animal-sniffer-maven-plugin-1.10.jar (29 KB at 908.6 KB/sec)
[INFO] Downloading: https://repo.maven.apache.org/maven2/org/apache/maven/plugins/maven-jar-plugin/2.4/maven-jar-plugin-2.4.pom
[INFO] Downloaded: https://repo.maven.apache.org/maven2/org/apache/maven/plugins/maven-jar-plugin/2.4/maven-jar-plugin-2.4.pom (6 KB at 335.1 KB/sec)
[INFO] Downloading: https://repo.maven.apache.org/maven2/org/apache/maven/plugins/maven-plugins/22/maven-plugins-22.pom
[INFO] Downloaded: https://repo.maven.apache.org/maven2/org/apache/maven/plugins/maven-plugins/22/maven-plugins-22.pom (13 KB at 707.4 KB/sec)
[INFO] Downloading: https://repo.maven.apache.org/maven2/org/apache/maven/maven-parent/21/maven-parent-21.pom
[INFO] Downloaded: https://repo.maven.apache.org/maven2/org/apache/maven/maven-parent/21/maven-parent-21.pom (26 KB at 1287.0 KB/sec)
[INFO] Downloading: https://repo.maven.apache.org/maven2/org/apache/apache/10/apache-10.pom
[INFO] Downloaded: https://repo.maven.apache.org/maven2/org/apache/apache/10/apache-10.pom (15 KB at 850.1 KB/sec)
[INFO] Downloading: https://repo.maven.apache.org/maven2/org/apache/maven/plugins/maven-jar-plugin/2.4/maven-jar-plugin-2.4.jar
[INFO] Downloaded: https://repo.maven.apache.org/maven2/org/apache/maven/plugins/maven-jar-plugin/2.4/maven-jar-plugin-2.4.jar (34 KB at 1582.1 KB/sec)
[INFO] Downloading: http://insecure.repo1.maven.org/maven2/org/codehaus/mojo/animal-sniffer-annotations/1.10/animal-sniffer-annotations-1.10.pom
[INFO] Downloaded: http://insecure.repo1.maven.org/maven2/org/codehaus/mojo/animal-sniffer-annotations/1.10/animal-sniffer-annotations-1.10.pom (3 KB at 145.9 KB/sec)
[INFO] Downloading: http://insecure.repo1.maven.org/maven2/junit/junit/4.11/junit-4.11.pom
[INFO] Downloaded: http://insecure.repo1.maven.org/maven2/junit/junit/4.11/junit-4.11.pom (3 KB at 120.5 KB/sec)
[INFO] Downloading: http://insecure.repo1.maven.org/maven2/org/hamcrest/hamcrest-core/1.3/hamcrest-core-1.3.pom
[INFO] Downloaded: http://insecure.repo1.maven.org/maven2/org/hamcrest/hamcrest-core/1.3/hamcrest-core-1.3.pom (766 B at 46.8 KB/sec)
[INFO] Downloading: http://insecure.repo1.maven.org/maven2/org/hamcrest/hamcrest-parent/1.3/hamcrest-parent-1.3.pom
[INFO] Downloaded: http://insecure.repo1.maven.org/maven2/org/hamcrest/hamcrest-parent/1.3/hamcrest-parent-1.3.pom (2 KB at 120.4 KB/sec)
[INFO] Downloading: http://insecure.repo1.maven.org/maven2/org/codehaus/mojo/animal-sniffer-annotations/1.10/animal-sniffer-annotations-1.10.jar
[INFO] Downloading: http://insecure.repo1.maven.org/maven2/junit/junit/4.11/junit-4.11.jar
[INFO] Downloading: http://insecure.repo1.maven.org/maven2/org/hamcrest/hamcrest-core/1.3/hamcrest-core-1.3.jar
[INFO] Downloaded: http://insecure.repo1.maven.org/maven2/org/codehaus/mojo/animal-sniffer-annotations/1.10/animal-sniffer-annotations-1.10.jar (4 KB at 104.2 KB/sec)
[INFO] Downloaded: http://insecure.repo1.maven.org/maven2/org/hamcrest/hamcrest-core/1.3/hamcrest-core-1.3.jar (44 KB at 426.9 KB/sec)
[INFO] Downloaded: http://insecure.repo1.maven.org/maven2/junit/junit/4.11/junit-4.11.jar (240 KB at 533.0 KB/sec)
[INFO] 
[INFO] --- maven-enforcer-plugin:1.0:enforce (enforce-maven) @ okio ---
[INFO] 
[INFO] --- maven-resources-plugin:2.6:resources (default-resources) @ okio ---
[INFO] Downloading: https://repo.maven.apache.org/maven2/org/apache/maven/maven-core/2.0.6/maven-core-2.0.6.pom
[INFO] Downloaded: https://repo.maven.apache.org/maven2/org/apache/maven/maven-core/2.0.6/maven-core-2.0.6.pom (7 KB at 385.5 KB/sec)
[INFO] Downloading: https://repo.maven.apache.org/maven2/org/apache/maven/maven-plugin-parameter-documenter/2.0.6/maven-plugin-parameter-documenter-2.0.6.pom
[INFO] Downloaded: https://repo.maven.apache.org/maven2/org/apache/maven/maven-plugin-parameter-documenter/2.0.6/maven-plugin-parameter-documenter-2.0.6.pom (2 KB at 103.7 KB/sec)
[INFO] Downloading: https://repo.maven.apache.org/maven2/org/apache/maven/reporting/maven-reporting-api/2.0.6/maven-reporting-api-2.0.6.pom
[INFO] Downloaded: https://repo.maven.apache.org/maven2/org/apache/maven/reporting/maven-reporting-api/2.0.6/maven-reporting-api-2.0.6.pom (2 KB at 95.1 KB/sec)
[INFO] Downloading: https://repo.maven.apache.org/maven2/org/apache/maven/reporting/maven-reporting/2.0.6/maven-reporting-2.0.6.pom
[INFO] Downloaded: https://repo.maven.apache.org/maven2/org/apache/maven/reporting/maven-reporting/2.0.6/maven-reporting-2.0.6.pom (2 KB at 78.1 KB/sec)
[INFO] Downloading: https://repo.maven.apache.org/maven2/org/apache/maven/doxia/doxia-sink-api/1.0-alpha-7/doxia-sink-api-1.0-alpha-7.pom
[INFO] Downloaded: https://repo.maven.apache.org/maven2/org/apache/maven/doxia/doxia-sink-api/1.0-alpha-7/doxia-sink-api-1.0-alpha-7.pom (424 B at 24.4 KB/sec)
[INFO] Downloading: https://repo.maven.apache.org/maven2/org/apache/maven/doxia/doxia/1.0-alpha-7/doxia-1.0-alpha-7.pom
[INFO] Downloaded: https://repo.maven.apache.org/maven2/org/apache/maven/doxia/doxia/1.0-alpha-7/doxia-1.0-alpha-7.pom (4 KB at 201.1 KB/sec)
[INFO] Downloading: https://repo.maven.apache.org/maven2/org/apache/maven/maven-error-diagnostics/2.0.6/maven-error-diagnostics-2.0.6.pom
[INFO] Downloaded: https://repo.maven.apache.org/maven2/org/apache/maven/maven-error-diagnostics/2.0.6/maven-error-diagnostics-2.0.6.pom (2 KB at 92.4 KB/sec)
[INFO] Downloading: https://repo.maven.apache.org/maven2/org/apache/maven/maven-plugin-descriptor/2.0.6/maven-plugin-descriptor-2.0.6.pom
[INFO] Downloaded: https://repo.maven.apache.org/maven2/org/apache/maven/maven-plugin-descriptor/2.0.6/maven-plugin-descriptor-2.0.6.pom (2 KB at 103.7 KB/sec)
[INFO] Downloading: https://repo.maven.apache.org/maven2/org/apache/maven/maven-monitor/2.0.6/maven-monitor-2.0.6.pom
[INFO] Downloaded: https://repo.maven.apache.org/maven2/org/apache/maven/maven-monitor/2.0.6/maven-monitor-2.0.6.pom (2 KB at 72.0 KB/sec)
[INFO] Downloading: https://repo.maven.apache.org/maven2/org/codehaus/plexus/plexus-utils/2.0.5/plexus-utils-2.0.5.pom
[INFO] Downloaded: https://repo.maven.apache.org/maven2/org/codehaus/plexus/plexus-utils/2.0.5/plexus-utils-2.0.5.pom (4 KB at 180.9 KB/sec)
[INFO] Downloading: https://repo.maven.apache.org/maven2/org/codehaus/plexus/plexus/2.0.6/plexus-2.0.6.pom
[INFO] Downloaded: https://repo.maven.apache.org/maven2/org/codehaus/plexus/plexus/2.0.6/plexus-2.0.6.pom (17 KB at 654.8 KB/sec)
[INFO] Downloading: https://repo.maven.apache.org/maven2/org/apache/maven/shared/maven-filtering/1.1/maven-filtering-1.1.pom
[INFO] Downloaded: https://repo.maven.apache.org/maven2/org/apache/maven/shared/maven-filtering/1.1/maven-filtering-1.1.pom (6 KB at 314.1 KB/sec)
[INFO] Downloading: https://repo.maven.apache.org/maven2/org/apache/maven/shared/maven-shared-components/17/maven-shared-components-17.pom
[INFO] Downloaded: https://repo.maven.apache.org/maven2/org/apache/maven/shared/maven-shared-components/17/maven-shared-components-17.pom (9 KB at 404.7 KB/sec)
[INFO] Downloading: https://repo.maven.apache.org/maven2/org/codehaus/plexus/plexus-utils/1.5.15/plexus-utils-1.5.15.pom
[INFO] Downloaded: https://repo.maven.apache.org/maven2/org/codehaus/plexus/plexus-utils/1.5.15/plexus-utils-1.5.15.pom (7 KB at 334.4 KB/sec)
[INFO] Downloading: https://repo.maven.apache.org/maven2/org/codehaus/plexus/plexus-interpolation/1.12/plexus-interpolation-1.12.pom
[INFO] Downloaded: https://repo.maven.apache.org/maven2/org/codehaus/plexus/plexus-interpolation/1.12/plexus-interpolation-1.12.pom (889 B at 48.2 KB/sec)
[INFO] Downloading: https://repo.maven.apache.org/maven2/org/codehaus/plexus/plexus-components/1.1.14/plexus-components-1.1.14.pom
[INFO] Downloaded: https://repo.maven.apache.org/maven2/org/codehaus/plexus/plexus-components/1.1.14/plexus-components-1.1.14.pom (6 KB at 316.9 KB/sec)
[INFO] Downloading: https://repo.maven.apache.org/maven2/org/sonatype/plexus/plexus-build-api/0.0.4/plexus-build-api-0.0.4.pom
[INFO] Downloaded: https://repo.maven.apache.org/maven2/org/sonatype/plexus/plexus-build-api/0.0.4/plexus-build-api-0.0.4.pom (3 KB at 155.3 KB/sec)
[INFO] Downloading: https://repo.maven.apache.org/maven2/org/sonatype/spice/spice-parent/10/spice-parent-10.pom
[INFO] Downloaded: https://repo.maven.apache.org/maven2/org/sonatype/spice/spice-parent/10/spice-parent-10.pom (3 KB at 173.2 KB/sec)
[INFO] Downloading: https://repo.maven.apache.org/maven2/org/sonatype/forge/forge-parent/3/forge-parent-3.pom
[INFO] Downloaded: https://repo.maven.apache.org/maven2/org/sonatype/forge/forge-parent/3/forge-parent-3.pom (5 KB at 289.1 KB/sec)
[INFO] Downloading: https://repo.maven.apache.org/maven2/org/codehaus/plexus/plexus-interpolation/1.13/plexus-interpolation-1.13.pom
[INFO] Downloaded: https://repo.maven.apache.org/maven2/org/codehaus/plexus/plexus-interpolation/1.13/plexus-interpolation-1.13.pom (890 B at 48.3 KB/sec)
[INFO] Downloading: https://repo.maven.apache.org/maven2/org/codehaus/plexus/plexus-components/1.1.15/plexus-components-1.1.15.pom
[INFO] Downloaded: https://repo.maven.apache.org/maven2/org/codehaus/plexus/plexus-components/1.1.15/plexus-components-1.1.15.pom (3 KB at 163.6 KB/sec)
[INFO] Downloading: https://repo.maven.apache.org/maven2/org/codehaus/plexus/plexus/2.0.3/plexus-2.0.3.pom
[INFO] Downloaded: https://repo.maven.apache.org/maven2/org/codehaus/plexus/plexus/2.0.3/plexus-2.0.3.pom (16 KB at 838.8 KB/sec)
[INFO] Downloading: https://repo.maven.apache.org/maven2/org/apache/maven/reporting/maven-reporting-api/2.0.6/maven-reporting-api-2.0.6.jar
[INFO] Downloading: https://repo.maven.apache.org/maven2/org/apache/maven/doxia/doxia-sink-api/1.0-alpha-7/doxia-sink-api-1.0-alpha-7.jar
[INFO] Downloading: https://repo.maven.apache.org/maven2/org/codehaus/plexus/plexus-utils/2.0.5/plexus-utils-2.0.5.jar
[INFO] Downloading: https://repo.maven.apache.org/maven2/org/apache/maven/shared/maven-filtering/1.1/maven-filtering-1.1.jar
[INFO] Downloading: https://repo.maven.apache.org/maven2/org/sonatype/plexus/plexus-build-api/0.0.4/plexus-build-api-0.0.4.jar
[INFO] Downloaded: https://repo.maven.apache.org/maven2/org/sonatype/plexus/plexus-build-api/0.0.4/plexus-build-api-0.0.4.jar (7 KB at 302.2 KB/sec)
[INFO] Downloading: https://repo.maven.apache.org/maven2/org/codehaus/plexus/plexus-interpolation/1.13/plexus-interpolation-1.13.jar
[INFO] Downloaded: https://repo.maven.apache.org/maven2/org/apache/maven/shared/maven-filtering/1.1/maven-filtering-1.1.jar (43 KB at 1559.1 KB/sec)
[INFO] Downloaded: https://repo.maven.apache.org/maven2/org/apache/maven/doxia/doxia-sink-api/1.0-alpha-7/doxia-sink-api-1.0-alpha-7.jar (6 KB at 193.2 KB/sec)
[INFO] Downloaded: https://repo.maven.apache.org/maven2/org/apache/maven/reporting/maven-reporting-api/2.0.6/maven-reporting-api-2.0.6.jar (10 KB at 323.6 KB/sec)
[INFO] Downloaded: https://repo.maven.apache.org/maven2/org/codehaus/plexus/plexus-utils/2.0.5/plexus-utils-2.0.5.jar (218 KB at 4447.8 KB/sec)
[INFO] Downloaded: https://repo.maven.apache.org/maven2/org/codehaus/plexus/plexus-interpolation/1.13/plexus-interpolation-1.13.jar (60 KB at 1104.2 KB/sec)
[INFO] Using 'UTF-8' encoding to copy filtered resources.
[INFO] skip non existing resourceDirectory /home/travis/build/failed/square/okio/okio/src/main/resources
[INFO] 
[INFO] --- maven-compiler-plugin:3.0:compile (default-compile) @ okio ---
[INFO] Downloading: https://repo.maven.apache.org/maven2/org/codehaus/plexus/plexus-utils/1.5.1/plexus-utils-1.5.1.pom
[INFO] Downloaded: https://repo.maven.apache.org/maven2/org/codehaus/plexus/plexus-utils/1.5.1/plexus-utils-1.5.1.pom (3 KB at 124.6 KB/sec)
[INFO] Downloading: https://repo.maven.apache.org/maven2/org/apache/maven/maven-toolchain/1.0/maven-toolchain-1.0.pom
[INFO] Downloaded: https://repo.maven.apache.org/maven2/org/apache/maven/maven-toolchain/1.0/maven-toolchain-1.0.pom (4 KB at 196.1 KB/sec)
[INFO] Downloading: https://repo.maven.apache.org/maven2/org/apache/maven/shared/maven-shared-utils/0.1/maven-shared-utils-0.1.pom
[INFO] Downloaded: https://repo.maven.apache.org/maven2/org/apache/maven/shared/maven-shared-utils/0.1/maven-shared-utils-0.1.pom (4 KB at 208.0 KB/sec)
[INFO] Downloading: https://repo.maven.apache.org/maven2/org/apache/maven/shared/maven-shared-components/18/maven-shared-components-18.pom
[INFO] Downloaded: https://repo.maven.apache.org/maven2/org/apache/maven/shared/maven-shared-components/18/maven-shared-components-18.pom (5 KB at 267.7 KB/sec)
[INFO] Downloading: https://repo.maven.apache.org/maven2/com/google/code/findbugs/jsr305/2.0.1/jsr305-2.0.1.pom
[INFO] Downloaded: https://repo.maven.apache.org/maven2/com/google/code/findbugs/jsr305/2.0.1/jsr305-2.0.1.pom (965 B at 55.4 KB/sec)
[INFO] Downloading: https://repo.maven.apache.org/maven2/org/apache/maven/shared/maven-shared-incremental/1.0/maven-shared-incremental-1.0.pom
[INFO] Downloaded: https://repo.maven.apache.org/maven2/org/apache/maven/shared/maven-shared-incremental/1.0/maven-shared-incremental-1.0.pom (5 KB at 243.7 KB/sec)
[INFO] Downloading: https://repo.maven.apache.org/maven2/org/apache/maven/maven-plugin-api/2.2.1/maven-plugin-api-2.2.1.pom
[INFO] Downloaded: https://repo.maven.apache.org/maven2/org/apache/maven/maven-plugin-api/2.2.1/maven-plugin-api-2.2.1.pom (2 KB at 79.2 KB/sec)
[INFO] Downloading: https://repo.maven.apache.org/maven2/org/apache/maven/maven/2.2.1/maven-2.2.1.pom
[INFO] Downloaded: https://repo.maven.apache.org/maven2/org/apache/maven/maven/2.2.1/maven-2.2.1.pom (22 KB at 1151.8 KB/sec)
[INFO] Downloading: https://repo.maven.apache.org/maven2/org/apache/maven/maven-core/2.2.1/maven-core-2.2.1.pom
[INFO] Downloaded: https://repo.maven.apache.org/maven2/org/apache/maven/maven-core/2.2.1/maven-core-2.2.1.pom (12 KB at 668.3 KB/sec)
[INFO] Downloading: https://repo.maven.apache.org/maven2/org/apache/maven/maven-settings/2.2.1/maven-settings-2.2.1.pom
[INFO] Downloaded: https://repo.maven.apache.org/maven2/org/apache/maven/maven-settings/2.2.1/maven-settings-2.2.1.pom (3 KB at 133.0 KB/sec)
[INFO] Downloading: https://repo.maven.apache.org/maven2/org/apache/maven/maven-model/2.2.1/maven-model-2.2.1.pom
[INFO] Downloaded: https://repo.maven.apache.org/maven2/org/apache/maven/maven-model/2.2.1/maven-model-2.2.1.pom (4 KB at 186.1 KB/sec)
[INFO] Downloading: https://repo.maven.apache.org/maven2/org/codehaus/plexus/plexus-interpolation/1.11/plexus-interpolation-1.11.pom
[INFO] Downloaded: https://repo.maven.apache.org/maven2/org/codehaus/plexus/plexus-interpolation/1.11/plexus-interpolation-1.11.pom (889 B at 48.2 KB/sec)
[INFO] Downloading: https://repo.maven.apache.org/maven2/org/apache/maven/maven-plugin-parameter-documenter/2.2.1/maven-plugin-parameter-documenter-2.2.1.pom
[INFO] Downloaded: https://repo.maven.apache.org/maven2/org/apache/maven/maven-plugin-parameter-documenter/2.2.1/maven-plugin-parameter-documenter-2.2.1.pom (2 KB at 112.4 KB/sec)
[INFO] Downloading: https://repo.maven.apache.org/maven2/org/slf4j/slf4j-jdk14/1.5.6/slf4j-jdk14-1.5.6.pom
[INFO] Downloaded: https://repo.maven.apache.org/maven2/org/slf4j/slf4j-jdk14/1.5.6/slf4j-jdk14-1.5.6.pom (2 KB at 109.0 KB/sec)
[INFO] Downloading: https://repo.maven.apache.org/maven2/org/slf4j/slf4j-parent/1.5.6/slf4j-parent-1.5.6.pom
[INFO] Downloaded: https://repo.maven.apache.org/maven2/org/slf4j/slf4j-parent/1.5.6/slf4j-parent-1.5.6.pom (8 KB at 455.0 KB/sec)
[INFO] Downloading: https://repo.maven.apache.org/maven2/org/slf4j/slf4j-api/1.5.6/slf4j-api-1.5.6.pom
[INFO] Downloaded: https://repo.maven.apache.org/maven2/org/slf4j/slf4j-api/1.5.6/slf4j-api-1.5.6.pom (3 KB at 171.4 KB/sec)
[INFO] Downloading: https://repo.maven.apache.org/maven2/org/slf4j/jcl-over-slf4j/1.5.6/jcl-over-slf4j-1.5.6.pom
[INFO] Downloaded: https://repo.maven.apache.org/maven2/org/slf4j/jcl-over-slf4j/1.5.6/jcl-over-slf4j-1.5.6.pom (3 KB at 111.5 KB/sec)
[INFO] Downloading: https://repo.maven.apache.org/maven2/org/apache/maven/maven-profile/2.2.1/maven-profile-2.2.1.pom
[INFO] Downloaded: https://repo.maven.apache.org/maven2/org/apache/maven/maven-profile/2.2.1/maven-profile-2.2.1.pom (3 KB at 124.7 KB/sec)
[INFO] Downloading: https://repo.maven.apache.org/maven2/org/apache/maven/maven-artifact/2.2.1/maven-artifact-2.2.1.pom
[INFO] Downloaded: https://repo.maven.apache.org/maven2/org/apache/maven/maven-artifact/2.2.1/maven-artifact-2.2.1.pom (2 KB at 85.8 KB/sec)
[INFO] Downloading: https://repo.maven.apache.org/maven2/org/apache/maven/maven-repository-metadata/2.2.1/maven-repository-metadata-2.2.1.pom
[INFO] Downloaded: https://repo.maven.apache.org/maven2/org/apache/maven/maven-repository-metadata/2.2.1/maven-repository-metadata-2.2.1.pom (2 KB at 101.5 KB/sec)
[INFO] Downloading: https://repo.maven.apache.org/maven2/org/apache/maven/maven-error-diagnostics/2.2.1/maven-error-diagnostics-2.2.1.pom
[INFO] Downloaded: https://repo.maven.apache.org/maven2/org/apache/maven/maven-error-diagnostics/2.2.1/maven-error-diagnostics-2.2.1.pom (2 KB at 98.1 KB/sec)
[INFO] Downloading: https://repo.maven.apache.org/maven2/org/apache/maven/maven-project/2.2.1/maven-project-2.2.1.pom
[INFO] Downloaded: https://repo.maven.apache.org/maven2/org/apache/maven/maven-project/2.2.1/maven-project-2.2.1.pom (3 KB at 159.3 KB/sec)
[INFO] Downloading: https://repo.maven.apache.org/maven2/org/apache/maven/maven-artifact-manager/2.2.1/maven-artifact-manager-2.2.1.pom
[INFO] Downloaded: https://repo.maven.apache.org/maven2/org/apache/maven/maven-artifact-manager/2.2.1/maven-artifact-manager-2.2.1.pom (4 KB at 151.5 KB/sec)
[INFO] Downloading: https://repo.maven.apache.org/maven2/backport-util-concurrent/backport-util-concurrent/3.1/backport-util-concurrent-3.1.pom
[INFO] Downloaded: https://repo.maven.apache.org/maven2/backport-util-concurrent/backport-util-concurrent/3.1/backport-util-concurrent-3.1.pom (880 B at 45.2 KB/sec)
[INFO] Downloading: https://repo.maven.apache.org/maven2/org/apache/maven/maven-plugin-registry/2.2.1/maven-plugin-registry-2.2.1.pom
[INFO] Downloaded: https://repo.maven.apache.org/maven2/org/apache/maven/maven-plugin-registry/2.2.1/maven-plugin-registry-2.2.1.pom (2 KB at 110.8 KB/sec)
[INFO] Downloading: https://repo.maven.apache.org/maven2/org/apache/maven/maven-plugin-descriptor/2.2.1/maven-plugin-descriptor-2.2.1.pom
[INFO] Downloaded: https://repo.maven.apache.org/maven2/org/apache/maven/maven-plugin-descriptor/2.2.1/maven-plugin-descriptor-2.2.1.pom (3 KB at 118.6 KB/sec)
[INFO] Downloading: https://repo.maven.apache.org/maven2/org/apache/maven/maven-monitor/2.2.1/maven-monitor-2.2.1.pom
[INFO] Downloaded: https://repo.maven.apache.org/maven2/org/apache/maven/maven-monitor/2.2.1/maven-monitor-2.2.1.pom (2 KB at 72.2 KB/sec)
[INFO] Downloading: https://repo.maven.apache.org/maven2/org/sonatype/plexus/plexus-sec-dispatcher/1.3/plexus-sec-dispatcher-1.3.pom
[INFO] Downloaded: https://repo.maven.apache.org/maven2/org/sonatype/plexus/plexus-sec-dispatcher/1.3/plexus-sec-dispatcher-1.3.pom (3 KB at 170.1 KB/sec)
[INFO] Downloading: https://repo.maven.apache.org/maven2/org/sonatype/spice/spice-parent/12/spice-parent-12.pom
[INFO] Downloaded: https://repo.maven.apache.org/maven2/org/sonatype/spice/spice-parent/12/spice-parent-12.pom (7 KB at 414.9 KB/sec)
[INFO] Downloading: https://repo.maven.apache.org/maven2/org/sonatype/forge/forge-parent/4/forge-parent-4.pom
[INFO] Downloaded: https://repo.maven.apache.org/maven2/org/sonatype/forge/forge-parent/4/forge-parent-4.pom (9 KB at 482.4 KB/sec)
[INFO] Downloading: https://repo.maven.apache.org/maven2/org/codehaus/plexus/plexus-utils/1.5.5/plexus-utils-1.5.5.pom
[INFO] Downloaded: https://repo.maven.apache.org/maven2/org/codehaus/plexus/plexus-utils/1.5.5/plexus-utils-1.5.5.pom (6 KB at 264.5 KB/sec)
[INFO] Downloading: https://repo.maven.apache.org/maven2/org/sonatype/plexus/plexus-cipher/1.4/plexus-cipher-1.4.pom
[INFO] Downloaded: https://repo.maven.apache.org/maven2/org/sonatype/plexus/plexus-cipher/1.4/plexus-cipher-1.4.pom (3 KB at 118.6 KB/sec)
[INFO] Downloading: https://repo.maven.apache.org/maven2/org/codehaus/plexus/plexus-component-annotations/1.5.5/plexus-component-annotations-1.5.5.pom
[INFO] Downloaded: https://repo.maven.apache.org/maven2/org/codehaus/plexus/plexus-component-annotations/1.5.5/plexus-component-annotations-1.5.5.pom (815 B at 46.8 KB/sec)
[INFO] Downloading: https://repo.maven.apache.org/maven2/org/codehaus/plexus/plexus-containers/1.5.5/plexus-containers-1.5.5.pom
[INFO] Downloaded: https://repo.maven.apache.org/maven2/org/codehaus/plexus/plexus-containers/1.5.5/plexus-containers-1.5.5.pom (5 KB at 258.8 KB/sec)
[INFO] Downloading: https://repo.maven.apache.org/maven2/org/codehaus/plexus/plexus/2.0.7/plexus-2.0.7.pom
[INFO] Downloaded: https://repo.maven.apache.org/maven2/org/codehaus/plexus/plexus/2.0.7/plexus-2.0.7.pom (17 KB at 888.9 KB/sec)
[INFO] Downloading: https://repo.maven.apache.org/maven2/org/codehaus/plexus/plexus-compiler-api/2.0/plexus-compiler-api-2.0.pom
[INFO] Downloaded: https://repo.maven.apache.org/maven2/org/codehaus/plexus/plexus-compiler-api/2.0/plexus-compiler-api-2.0.pom (865 B at 46.9 KB/sec)
[INFO] Downloading: https://repo.maven.apache.org/maven2/org/codehaus/plexus/plexus-compiler/2.0/plexus-compiler-2.0.pom
[INFO] Downloaded: https://repo.maven.apache.org/maven2/org/codehaus/plexus/plexus-compiler/2.0/plexus-compiler-2.0.pom (4 KB at 196.0 KB/sec)
[INFO] Downloading: https://repo.maven.apache.org/maven2/org/codehaus/plexus/plexus-components/1.3/plexus-components-1.3.pom
[INFO] Downloaded: https://repo.maven.apache.org/maven2/org/codehaus/plexus/plexus-components/1.3/plexus-components-1.3.pom (3 KB at 157.2 KB/sec)
[INFO] Downloading: https://repo.maven.apache.org/maven2/org/codehaus/plexus/plexus/3.3/plexus-3.3.pom
[INFO] Downloaded: https://repo.maven.apache.org/maven2/org/codehaus/plexus/plexus/3.3/plexus-3.3.pom (20 KB at 1022.8 KB/sec)
[INFO] Downloading: https://repo.maven.apache.org/maven2/org/codehaus/plexus/plexus-utils/3.0.8/plexus-utils-3.0.8.pom
[INFO] Downloaded: https://repo.maven.apache.org/maven2/org/codehaus/plexus/plexus-utils/3.0.8/plexus-utils-3.0.8.pom (4 KB at 170.5 KB/sec)
[INFO] Downloading: https://repo.maven.apache.org/maven2/org/codehaus/plexus/plexus/3.2/plexus-3.2.pom
[INFO] Downloaded: https://repo.maven.apache.org/maven2/org/codehaus/plexus/plexus/3.2/plexus-3.2.pom (19 KB at 1017.0 KB/sec)
[INFO] Downloading: https://repo.maven.apache.org/maven2/org/codehaus/plexus/plexus-compiler-manager/2.0/plexus-compiler-manager-2.0.pom
[INFO] Downloaded: https://repo.maven.apache.org/maven2/org/codehaus/plexus/plexus-compiler-manager/2.0/plexus-compiler-manager-2.0.pom (690 B at 39.6 KB/sec)
[INFO] Downloading: https://repo.maven.apache.org/maven2/org/codehaus/plexus/plexus-compiler-javac/2.0/plexus-compiler-javac-2.0.pom
[INFO] Downloaded: https://repo.maven.apache.org/maven2/org/codehaus/plexus/plexus-compiler-javac/2.0/plexus-compiler-javac-2.0.pom (769 B at 39.5 KB/sec)
[INFO] Downloading: https://repo.maven.apache.org/maven2/org/codehaus/plexus/plexus-compilers/2.0/plexus-compilers-2.0.pom
[INFO] Downloaded: https://repo.maven.apache.org/maven2/org/codehaus/plexus/plexus-compilers/2.0/plexus-compilers-2.0.pom (2 KB at 67.3 KB/sec)
[INFO] Downloading: https://repo.maven.apache.org/maven2/org/codehaus/plexus/plexus-container-default/1.5.5/plexus-container-default-1.5.5.pom
[INFO] Downloaded: https://repo.maven.apache.org/maven2/org/codehaus/plexus/plexus-container-default/1.5.5/plexus-container-default-1.5.5.pom (3 KB at 158.3 KB/sec)
[INFO] Downloading: https://repo.maven.apache.org/maven2/org/codehaus/plexus/plexus-utils/1.4.5/plexus-utils-1.4.5.pom
[INFO] Downloaded: https://repo.maven.apache.org/maven2/org/codehaus/plexus/plexus-utils/1.4.5/plexus-utils-1.4.5.pom (3 KB at 116.4 KB/sec)
[INFO] Downloading: https://repo.maven.apache.org/maven2/org/codehaus/plexus/plexus-classworlds/2.2.2/plexus-classworlds-2.2.2.pom
[INFO] Downloaded: https://repo.maven.apache.org/maven2/org/codehaus/plexus/plexus-classworlds/2.2.2/plexus-classworlds-2.2.2.pom (4 KB at 218.8 KB/sec)
[INFO] Downloading: https://repo.maven.apache.org/maven2/org/apache/xbean/xbean-reflect/3.4/xbean-reflect-3.4.pom
[INFO] Downloaded: https://repo.maven.apache.org/maven2/org/apache/xbean/xbean-reflect/3.4/xbean-reflect-3.4.pom (3 KB at 152.4 KB/sec)
[INFO] Downloading: https://repo.maven.apache.org/maven2/org/apache/xbean/xbean/3.4/xbean-3.4.pom
[INFO] Downloaded: https://repo.maven.apache.org/maven2/org/apache/xbean/xbean/3.4/xbean-3.4.pom (19 KB at 952.5 KB/sec)
[INFO] Downloading: https://repo.maven.apache.org/maven2/log4j/log4j/1.2.12/log4j-1.2.12.pom
[INFO] Downloaded: https://repo.maven.apache.org/maven2/log4j/log4j/1.2.12/log4j-1.2.12.pom (145 B at 8.3 KB/sec)
[INFO] Downloading: https://repo.maven.apache.org/maven2/commons-logging/commons-logging-api/1.1/commons-logging-api-1.1.pom
[INFO] Downloaded: https://repo.maven.apache.org/maven2/commons-logging/commons-logging-api/1.1/commons-logging-api-1.1.pom (6 KB at 274.8 KB/sec)
[INFO] Downloading: https://repo.maven.apache.org/maven2/com/google/collections/google-collections/1.0/google-collections-1.0.pom
[INFO] Downloaded: https://repo.maven.apache.org/maven2/com/google/collections/google-collections/1.0/google-collections-1.0.pom (3 KB at 134.4 KB/sec)
[INFO] Downloading: https://repo.maven.apache.org/maven2/com/google/google/1/google-1.pom
[INFO] Downloaded: https://repo.maven.apache.org/maven2/com/google/google/1/google-1.pom (2 KB at 79.9 KB/sec)
[INFO] Downloading: https://repo.maven.apache.org/maven2/org/codehaus/plexus/plexus-utils/1.5.1/plexus-utils-1.5.1.jar
[INFO] Downloading: https://repo.maven.apache.org/maven2/org/apache/maven/shared/maven-shared-utils/0.1/maven-shared-utils-0.1.jar
[INFO] Downloading: https://repo.maven.apache.org/maven2/com/google/code/findbugs/jsr305/2.0.1/jsr305-2.0.1.jar
[INFO] Downloading: https://repo.maven.apache.org/maven2/org/apache/maven/shared/maven-shared-incremental/1.0/maven-shared-incremental-1.0.jar
[INFO] Downloading: https://repo.maven.apache.org/maven2/org/codehaus/plexus/plexus-component-annotations/1.5.5/plexus-component-annotations-1.5.5.jar
[INFO] Downloaded: https://repo.maven.apache.org/maven2/org/codehaus/plexus/plexus-component-annotations/1.5.5/plexus-component-annotations-1.5.5.jar (5 KB at 216.4 KB/sec)
[INFO] Downloading: https://repo.maven.apache.org/maven2/org/codehaus/plexus/plexus-compiler-api/2.0/plexus-compiler-api-2.0.jar
[INFO] Downloaded: https://repo.maven.apache.org/maven2/com/google/code/findbugs/jsr305/2.0.1/jsr305-2.0.1.jar (32 KB at 1481.9 KB/sec)
[INFO] Downloading: https://repo.maven.apache.org/maven2/org/codehaus/plexus/plexus-compiler-manager/2.0/plexus-compiler-manager-2.0.jar
[INFO] Downloaded: https://repo.maven.apache.org/maven2/org/apache/maven/shared/maven-shared-incremental/1.0/maven-shared-incremental-1.0.jar (13 KB at 416.0 KB/sec)
[INFO] Downloading: https://repo.maven.apache.org/maven2/org/codehaus/plexus/plexus-compiler-javac/2.0/plexus-compiler-javac-2.0.jar
[INFO] Downloaded: https://repo.maven.apache.org/maven2/org/codehaus/plexus/plexus-utils/1.5.1/plexus-utils-1.5.1.jar (206 KB at 4676.0 KB/sec)
[INFO] Downloading: https://repo.maven.apache.org/maven2/org/apache/xbean/xbean-reflect/3.4/xbean-reflect-3.4.jar
[INFO] Downloaded: https://repo.maven.apache.org/maven2/org/codehaus/plexus/plexus-compiler-api/2.0/plexus-compiler-api-2.0.jar (25 KB at 554.6 KB/sec)
[INFO] Downloading: https://repo.maven.apache.org/maven2/log4j/log4j/1.2.12/log4j-1.2.12.jar
[INFO] Downloaded: https://repo.maven.apache.org/maven2/org/apache/maven/shared/maven-shared-utils/0.1/maven-shared-utils-0.1.jar (151 KB at 3429.5 KB/sec)
[INFO] Downloading: https://repo.maven.apache.org/maven2/commons-logging/commons-logging-api/1.1/commons-logging-api-1.1.jar
[INFO] Downloaded: https://repo.maven.apache.org/maven2/org/codehaus/plexus/plexus-compiler-javac/2.0/plexus-compiler-javac-2.0.jar (19 KB at 329.2 KB/sec)
[INFO] Downloaded: https://repo.maven.apache.org/maven2/org/codehaus/plexus/plexus-compiler-manager/2.0/plexus-compiler-manager-2.0.jar (5 KB at 79.6 KB/sec)
[INFO] Downloading: https://repo.maven.apache.org/maven2/com/google/collections/google-collections/1.0/google-collections-1.0.jar
[INFO] Downloading: https://repo.maven.apache.org/maven2/junit/junit/3.8.2/junit-3.8.2.jar
[INFO] Downloaded: https://repo.maven.apache.org/maven2/commons-logging/commons-logging-api/1.1/commons-logging-api-1.1.jar (44 KB at 702.5 KB/sec)
[INFO] Downloaded: https://repo.maven.apache.org/maven2/org/apache/xbean/xbean-reflect/3.4/xbean-reflect-3.4.jar (131 KB at 1840.7 KB/sec)
[INFO] Downloaded: https://repo.maven.apache.org/maven2/junit/junit/3.8.2/junit-3.8.2.jar (118 KB at 1354.2 KB/sec)
[INFO] Downloaded: https://repo.maven.apache.org/maven2/com/google/collections/google-collections/1.0/google-collections-1.0.jar (625 KB at 6246.0 KB/sec)
[INFO] Downloaded: https://repo.maven.apache.org/maven2/log4j/log4j/1.2.12/log4j-1.2.12.jar (350 KB at 3299.0 KB/sec)
[INFO] Changes detected - recompiling the module!
[INFO] Compiling 23 source files to /home/travis/build/failed/square/okio/okio/target/classes
[INFO] -------------------------------------------------------------
[ERROR] COMPILATION ERROR : 
[INFO] -------------------------------------------------------------
[ERROR] /home/travis/build/failed/square/okio/okio/src/main/java/okio/Buffer.java:[457,20] cannot find symbol
  symbol:   variable INSTANCE
  location: class okio.SegmentPool
[ERROR] /home/travis/build/failed/square/okio/okio/src/main/java/okio/Buffer.java:[513,20] cannot find symbol
  symbol:   variable INSTANCE
  location: class okio.SegmentPool
[INFO] 2 errors 
[INFO] -------------------------------------------------------------
[INFO] ------------------------------------------------------------------------
[INFO] Reactor Summary:
[INFO] 
[INFO] Okio (Parent) ...................................... SUCCESS [  3.594 s]
[INFO] Okio ............................................... FAILURE [  4.774 s]
[INFO] Okio Performance Benchmarks ........................ SKIPPED
[INFO] ------------------------------------------------------------------------
[INFO] BUILD FAILURE
[INFO] ------------------------------------------------------------------------
[INFO] Total time: 9.131 s
[INFO] Finished at: 2020-08-24T03:01:31+00:00
[INFO] Final Memory: 16M/491M
[INFO] ------------------------------------------------------------------------
[ERROR] Failed to execute goal org.apache.maven.plugins:maven-compiler-plugin:3.0:compile (default-compile) on project okio: Compilation failure: Compilation failure:
[ERROR] /home/travis/build/failed/square/okio/okio/src/main/java/okio/Buffer.java:[457,20] cannot find symbol
[ERROR] symbol:   variable INSTANCE
[ERROR] location: class okio.SegmentPool
[ERROR] /home/travis/build/failed/square/okio/okio/src/main/java/okio/Buffer.java:[513,20] cannot find symbol
[ERROR] symbol:   variable INSTANCE
[ERROR] location: class okio.SegmentPool
[ERROR] -> [Help 1]
[ERROR] 
[ERROR] To see the full stack trace of the errors, re-run Maven with the -e switch.
[ERROR] Re-run Maven using the -X switch to enable full debug logging.
[ERROR] 
[ERROR] For more information about the errors and possible solutions, please read the following articles:
[ERROR] [Help 1] http://cwiki.apache.org/confluence/display/MAVEN/MojoFailureException
[ERROR] 
[ERROR] After correcting the problems, you can resume the build with the command
[ERROR]   mvn <goals> -rf :okio
Apache Maven 3.2.5 (12a6b3acb947671f09b81f49094c53f426d8cea1; 2014-12-14T17:29:23+00:00)
Maven home: /usr/local/maven
Java version: 1.7.0_76, vendor: Oracle Corporation
Java home: /usr/lib/jvm/java-7-oracle/jre
Default locale: en_US, platform encoding: UTF-8
OS name: "linux", version: "4.15.0-109-generic", arch: "amd64", family: "unix"
[INFO] Scanning for projects...
[INFO] ------------------------------------------------------------------------
[INFO] Reactor Build Order:
[INFO] 
[INFO] Okio (Parent)
[INFO] Okio
[INFO] Okio Performance Benchmarks
[INFO]                                                                         
[INFO] ------------------------------------------------------------------------
[INFO] Building Okio (Parent) 1.3.0-SNAPSHOT
[INFO] ------------------------------------------------------------------------
[INFO] 
[INFO] --- maven-enforcer-plugin:1.0:enforce (enforce-maven) @ okio-parent ---
[INFO] 
[INFO] --- maven-install-plugin:2.4:install (default-install) @ okio-parent ---
[INFO] Installing /home/travis/build/failed/square/okio/pom.xml to /home/travis/.m2/repository/com/squareup/okio/okio-parent/1.3.0-SNAPSHOT/okio-parent-1.3.0-SNAPSHOT.pom
[INFO]                                                                         
[INFO] ------------------------------------------------------------------------
[INFO] Building Okio 1.3.0-SNAPSHOT
[INFO] ------------------------------------------------------------------------
[INFO] 
[INFO] --- maven-enforcer-plugin:1.0:enforce (enforce-maven) @ okio ---
[INFO] 
[INFO] --- maven-resources-plugin:2.6:resources (default-resources) @ okio ---
[INFO] Using 'UTF-8' encoding to copy filtered resources.
[INFO] skip non existing resourceDirectory /home/travis/build/failed/square/okio/okio/src/main/resources
[INFO] 
[INFO] --- maven-compiler-plugin:3.0:compile (default-compile) @ okio ---
[INFO] Changes detected - recompiling the module!
[INFO] Compiling 23 source files to /home/travis/build/failed/square/okio/okio/target/classes
[INFO] -------------------------------------------------------------
[ERROR] COMPILATION ERROR : 
[INFO] -------------------------------------------------------------
[ERROR] /home/travis/build/failed/square/okio/okio/src/main/java/okio/Buffer.java:[457,20] cannot find symbol
  symbol:   variable INSTANCE
  location: class okio.SegmentPool
[ERROR] /home/travis/build/failed/square/okio/okio/src/main/java/okio/Buffer.java:[513,20] cannot find symbol
  symbol:   variable INSTANCE
  location: class okio.SegmentPool
[INFO] 2 errors 
[INFO] -------------------------------------------------------------
[INFO] ------------------------------------------------------------------------
[INFO] Reactor Summary:
[INFO] 
[INFO] Okio (Parent) ...................................... SUCCESS [  0.468 s]
[INFO] Okio ............................................... FAILURE [  1.621 s]
[INFO] Okio Performance Benchmarks ........................ SKIPPED
[INFO] ------------------------------------------------------------------------
[INFO] BUILD FAILURE
[INFO] ------------------------------------------------------------------------
[INFO] Total time: 2.262 s
[INFO] Finished at: 2020-08-24T03:01:36+00:00
[INFO] Final Memory: 13M/491M
[INFO] ------------------------------------------------------------------------
[ERROR] Failed to execute goal org.apache.maven.plugins:maven-compiler-plugin:3.0:compile (default-compile) on project okio: Compilation failure: Compilation failure:
[ERROR] /home/travis/build/failed/square/okio/okio/src/main/java/okio/Buffer.java:[457,20] cannot find symbol
[ERROR] symbol:   variable INSTANCE
[ERROR] location: class okio.SegmentPool
[ERROR] /home/travis/build/failed/square/okio/okio/src/main/java/okio/Buffer.java:[513,20] cannot find symbol
[ERROR] symbol:   variable INSTANCE
[ERROR] location: class okio.SegmentPool
[ERROR] -> [Help 1]
[ERROR] 
[ERROR] To see the full stack trace of the errors, re-run Maven with the -e switch.
[ERROR] Re-run Maven using the -X switch to enable full debug logging.
[ERROR] 
[ERROR] For more information about the errors and possible solutions, please read the following articles:
[ERROR] [Help 1] http://cwiki.apache.org/confluence/display/MAVEN/MojoFailureException
[ERROR] 
[ERROR] After correcting the problems, you can resume the build with the command
[ERROR]   mvn <goals> -rf :okio
Apache Maven 3.2.5 (12a6b3acb947671f09b81f49094c53f426d8cea1; 2014-12-14T17:29:23+00:00)
Maven home: /usr/local/maven
Java version: 1.7.0_76, vendor: Oracle Corporation
Java home: /usr/lib/jvm/java-7-oracle/jre
Default locale: en_US, platform encoding: UTF-8
OS name: "linux", version: "4.15.0-109-generic", arch: "amd64", family: "unix"
[INFO] Scanning for projects...
[INFO] ------------------------------------------------------------------------
[INFO] Reactor Build Order:
[INFO] 
[INFO] Okio (Parent)
[INFO] Okio
[INFO] Okio Performance Benchmarks
[INFO]                                                                         
[INFO] ------------------------------------------------------------------------
[INFO] Building Okio (Parent) 1.3.0-SNAPSHOT
[INFO] ------------------------------------------------------------------------
[INFO] 
[INFO] --- maven-enforcer-plugin:1.0:enforce (enforce-maven) @ okio-parent ---
[INFO] 
[INFO] --- maven-install-plugin:2.4:install (default-install) @ okio-parent ---
[INFO] Installing /home/travis/build/failed/square/okio/pom.xml to /home/travis/.m2/repository/com/squareup/okio/okio-parent/1.3.0-SNAPSHOT/okio-parent-1.3.0-SNAPSHOT.pom
[INFO]                                                                         
[INFO] ------------------------------------------------------------------------
[INFO] Building Okio 1.3.0-SNAPSHOT
[INFO] ------------------------------------------------------------------------
[INFO] 
[INFO] --- maven-enforcer-plugin:1.0:enforce (enforce-maven) @ okio ---
[INFO] 
[INFO] --- maven-resources-plugin:2.6:resources (default-resources) @ okio ---
[INFO] Using 'UTF-8' encoding to copy filtered resources.
[INFO] skip non existing resourceDirectory /home/travis/build/failed/square/okio/okio/src/main/resources
[INFO] 
[INFO] --- maven-compiler-plugin:3.0:compile (default-compile) @ okio ---
[INFO] Changes detected - recompiling the module!
[INFO] Compiling 23 source files to /home/travis/build/failed/square/okio/okio/target/classes
[INFO] -------------------------------------------------------------
[ERROR] COMPILATION ERROR : 
[INFO] -------------------------------------------------------------
[ERROR] /home/travis/build/failed/square/okio/okio/src/main/java/okio/Buffer.java:[457,20] cannot find symbol
  symbol:   variable INSTANCE
  location: class okio.SegmentPool
[ERROR] /home/travis/build/failed/square/okio/okio/src/main/java/okio/Buffer.java:[513,20] cannot find symbol
  symbol:   variable INSTANCE
  location: class okio.SegmentPool
[INFO] 2 errors 
[INFO] -------------------------------------------------------------
[INFO] ------------------------------------------------------------------------
[INFO] Reactor Summary:
[INFO] 
[INFO] Okio (Parent) ...................................... SUCCESS [  0.450 s]
[INFO] Okio ............................................... FAILURE [  1.529 s]
[INFO] Okio Performance Benchmarks ........................ SKIPPED
[INFO] ------------------------------------------------------------------------
[INFO] BUILD FAILURE
[INFO] ------------------------------------------------------------------------
[INFO] Total time: 2.131 s
[INFO] Finished at: 2020-08-24T03:01:41+00:00
[INFO] Final Memory: 13M/491M
[INFO] ------------------------------------------------------------------------
[ERROR] Failed to execute goal org.apache.maven.plugins:maven-compiler-plugin:3.0:compile (default-compile) on project okio: Compilation failure: Compilation failure:
[ERROR] /home/travis/build/failed/square/okio/okio/src/main/java/okio/Buffer.java:[457,20] cannot find symbol
[ERROR] symbol:   variable INSTANCE
[ERROR] location: class okio.SegmentPool
[ERROR] /home/travis/build/failed/square/okio/okio/src/main/java/okio/Buffer.java:[513,20] cannot find symbol
[ERROR] symbol:   variable INSTANCE
[ERROR] location: class okio.SegmentPool
[ERROR] -> [Help 1]
[ERROR] 
[ERROR] To see the full stack trace of the errors, re-run Maven with the -e switch.
[ERROR] Re-run Maven using the -X switch to enable full debug logging.
[ERROR] 
[ERROR] For more information about the errors and possible solutions, please read the following articles:
[ERROR] [Help 1] http://cwiki.apache.org/confluence/display/MAVEN/MojoFailureException
[ERROR] 
[ERROR] After correcting the problems, you can resume the build with the command
[ERROR]   mvn <goals> -rf :okio

travis_time:end:2b4e64aa:start=1598238081037962265,finish=1598238102194564436,duration=21156602171[0K
[31;1mThe command "mvn install -Dhttps.protocols=TLSv1.2 -Dhttps.protocols=TLSv1.2 -DskipTests=true -Dmaven.javadoc.skip=true -B -V" failed and exited with 1 during .[0m

Your build has been stopped.
