travis_fold:start:system_info[0K[33;1mBuild system information[0m
Build language: python
Build id: ''
Job id: ''
[34m[1mBuild image provisioning date and time[0m
Thu Feb  5 15:09:33 UTC 2015
[34m[1mOperating System Details[0m
Distributor ID:	Ubuntu
Description:	Ubuntu 12.04.5 LTS
Release:	12.04
Codename:	precise
[34m[1mLinux Version[0m
3.13.0-29-generic
[34m[1mCookbooks Version[0m
a68419e https://github.com/travis-ci/travis-cookbooks/tree/a68419e
[34m[1mGCC version[0m
gcc (Ubuntu/Linaro 4.6.3-1ubuntu5) 4.6.3
Copyright (C) 2011 Free Software Foundation, Inc.
This is free software; see the source for copying conditions.  There is NO
warranty; not even for MERCHANTABILITY or FITNESS FOR A PARTICULAR PURPOSE.

[34m[1mLLVM version[0m
clang version 3.4 (tags/RELEASE_34/final)
Target: x86_64-unknown-linux-gnu
Thread model: posix
[34m[1mPre-installed Ruby versions[0m
ruby-1.9.3-p551
[34m[1mPre-installed Node.js versions[0m
v0.10.36
[34m[1mPre-installed Go versions[0m
1.4.1
[34m[1mRedis version[0m
redis-server 2.8.19
[34m[1mriak version[0m
2.0.2
[34m[1mMongoDB version[0m
MongoDB 2.4.12
[34m[1mCouchDB version[0m
couchdb 1.6.1
[34m[1mNeo4j version[0m
1.9.4
[34m[1mRabbitMQ Version[0m
3.4.3
[34m[1mElasticSearch version[0m
1.4.0
[34m[1mInstalled Sphinx versions[0m
2.0.10
2.1.9
2.2.6
[34m[1mDefault Sphinx version[0m
2.2.6
[34m[1mInstalled Firefox version[0m
firefox 31.0esr
[34m[1mPhantomJS version[0m
1.9.8
[34m[1mant -version[0m
Apache Ant(TM) version 1.8.2 compiled on December 3 2011
[34m[1mmvn -version[0m
Apache Maven 3.2.5 (12a6b3acb947671f09b81f49094c53f426d8cea1; 2014-12-14T17:29:23+00:00)
Maven home: /usr/local/maven
Java version: 1.7.0_76, vendor: Oracle Corporation
Java home: /usr/lib/jvm/java-7-oracle/jre
Default locale: en_US, platform encoding: ANSI_X3.4-1968
OS name: "linux", version: "3.13.0-29-generic", arch: "amd64", family: "unix"
travis_fold:end:system_info[0K
grep: /etc/apt/sources.list.d/*: No such file or directory
sed: cannot rename /etc/hosts: Device or resource busy
sed: cannot rename /etc/hosts: Device or resource busy
$ cd failed/ccnmtl/dmt
travis_fold:start:install_firefox[0K$ export FIREFOX_SOURCE_URL='https://download.mozilla.org/?product=firefox-28.0&lang=en-US&os=linux64'
[33;1mInstalling Firefox 28.0[0m
travis_time:start:1dcefde8[0K$ wget -O /tmp/firefox-28.0.tar.bz2 $FIREFOX_SOURCE_URL
--2021-01-07 22:55:32--  https://download.mozilla.org/?product=firefox-28.0&lang=en-US&os=linux64
Resolving download.mozilla.org (download.mozilla.org)... 54.187.113.118, 35.162.91.250, 44.241.210.20
Connecting to download.mozilla.org (download.mozilla.org)|54.187.113.118|:443... connected.
HTTP request sent, awaiting response... 302 Found
Location: https://download-installer.cdn.mozilla.net/pub/firefox/releases/28.0/linux-x86_64/en-US/firefox-28.0.tar.bz2 [following]
--2021-01-07 22:55:32--  https://download-installer.cdn.mozilla.net/pub/firefox/releases/28.0/linux-x86_64/en-US/firefox-28.0.tar.bz2
Resolving download-installer.cdn.mozilla.net (download-installer.cdn.mozilla.net)... 13.224.26.58, 2600:9000:2164:e400:e:19d6:1546:5981, 2600:9000:2164:1e00:e:19d6:1546:5981, ...
Connecting to download-installer.cdn.mozilla.net (download-installer.cdn.mozilla.net)|13.224.26.58|:443... connected.
HTTP request sent, awaiting response... 200 OK
Length: 30503247 (29M) [application/x-tar]
Saving to: `/tmp/firefox-28.0.tar.bz2'

     0K .......... .......... .......... .......... ..........  0%  308K 96s
    50K .......... .......... .......... .......... ..........  0% 1.71M 57s
   100K .......... .......... .......... .......... ..........  0% 1.22M 46s
   150K .......... .......... .......... .......... ..........  0% 3.97M 36s
   200K .......... .......... .......... .......... ..........  0%  934K 35s
   250K .......... .......... .......... .......... ..........  1% 9.55M 30s
   300K .......... .......... .......... .......... ..........  1% 12.2M 26s
   350K .......... .......... .......... .......... ..........  1% 4.35M 23s
   400K .......... .......... .......... .......... ..........  1% 17.7M 21s
   450K .......... .......... .......... .......... ..........  1% 1.15M 21s
   500K .......... .......... .......... .......... ..........  1% 25.6M 19s
   550K .......... .......... .......... .......... ..........  2% 18.4M 18s
   600K .......... .......... .......... .......... ..........  2% 29.5M 17s
   650K .......... .......... .......... .......... ..........  2% 28.9M 15s
   700K .......... .......... .......... .......... ..........  2% 21.2M 14s
   750K .......... .......... .......... .......... ..........  2% 24.9M 14s
   800K .......... .......... .......... .......... ..........  2% 6.12M 13s
   850K .......... .......... .......... .......... ..........  3% 2.74M 13s
   900K .......... .......... .......... .......... ..........  3% 2.01M 13s
   950K .......... .......... .......... .......... ..........  3% 75.0M 12s
  1000K .......... .......... .......... .......... ..........  3% 2.98M 12s
  1050K .......... .......... .......... .......... ..........  3% 76.9M 12s
  1100K .......... .......... .......... .......... ..........  3% 67.8M 11s
  1150K .......... .......... .......... .......... ..........  4% 57.4M 11s
  1200K .......... .......... .......... .......... ..........  4% 46.7M 10s
  1250K .......... .......... .......... .......... ..........  4% 51.9M 10s
  1300K .......... .......... .......... .......... ..........  4% 54.3M 9s
  1350K .......... .......... .......... .......... ..........  4% 47.1M 9s
  1400K .......... .......... .......... .......... ..........  4% 51.8M 9s
  1450K .......... .......... .......... .......... ..........  5% 53.0M 8s
  1500K .......... .......... .......... .......... ..........  5% 80.9M 8s
  1550K .......... .......... .......... .......... ..........  5% 46.3M 8s
  1600K .......... .......... .......... .......... ..........  5% 46.9M 8s
  1650K .......... .......... .......... .......... ..........  5% 50.0M 7s
  1700K .......... .......... .......... .......... ..........  5% 54.9M 7s
  1750K .......... .......... .......... .......... ..........  6% 4.14M 7s
  1800K .......... .......... .......... .......... ..........  6% 59.0M 7s
  1850K .......... .......... .......... .......... ..........  6% 1.23M 7s
  1900K .......... .......... .......... .......... ..........  6%  122M 7s
  1950K .......... .......... .......... .......... ..........  6% 97.4M 7s
  2000K .......... .......... .......... .......... ..........  6% 74.6M 7s
  2050K .......... .......... .......... .......... ..........  7% 65.1M 7s
  2100K .......... .......... .......... .......... ..........  7%  124M 7s
  2150K .......... .......... .......... .......... ..........  7% 70.6M 6s
  2200K .......... .......... .......... .......... ..........  7% 17.8M 6s
  2250K .......... .......... .......... .......... ..........  7% 96.3M 6s
  2300K .......... .......... .......... .......... ..........  7% 62.4M 6s
  2350K .......... .......... .......... .......... ..........  8% 72.0M 6s
  2400K .......... .......... .......... .......... ..........  8% 70.4M 6s
  2450K .......... .......... .......... .......... ..........  8%  122M 6s
  2500K .......... .......... .......... .......... ..........  8% 69.5M 6s
  2550K .......... .......... .......... .......... ..........  8% 71.8M 5s
  2600K .......... .......... .......... .......... ..........  8% 72.4M 5s
  2650K .......... .......... .......... .......... ..........  9%  111M 5s
  2700K .......... .......... .......... .......... ..........  9% 62.0M 5s
  2750K .......... .......... .......... .......... ..........  9% 80.1M 5s
  2800K .......... .......... .......... .......... ..........  9% 70.1M 5s
  2850K .......... .......... .......... .......... ..........  9% 2.49M 5s
  2900K .......... .......... .......... .......... ..........  9%  103M 5s
  2950K .......... .......... .......... .......... .......... 10% 70.2M 5s
  3000K .......... .......... .......... .......... .......... 10% 75.9M 5s
  3050K .......... .......... .......... .......... .......... 10% 79.3M 5s
  3100K .......... .......... .......... .......... .......... 10% 60.0M 5s
  3150K .......... .......... .......... .......... .......... 10%  114M 5s
  3200K .......... .......... .......... .......... .......... 10% 81.7M 4s
  3250K .......... .......... .......... .......... .......... 11% 75.1M 4s
  3300K .......... .......... .......... .......... .......... 11% 70.9M 4s
  3350K .......... .......... .......... .......... .......... 11%  109M 4s
  3400K .......... .......... .......... .......... .......... 11% 83.7M 4s
  3450K .......... .......... .......... .......... .......... 11% 80.5M 4s
  3500K .......... .......... .......... .......... .......... 11% 66.2M 4s
  3550K .......... .......... .......... .......... .......... 12% 73.7M 4s
  3600K .......... .......... .......... .......... .......... 12%  121M 4s
  3650K .......... .......... .......... .......... .......... 12% 79.5M 4s
  3700K .......... .......... .......... .......... .......... 12% 2.14M 4s
  3750K .......... .......... .......... .......... .......... 12% 76.7M 4s
  3800K .......... .......... .......... .......... .......... 12% 78.5M 4s
  3850K .......... .......... .......... .......... .......... 13% 75.3M 4s
  3900K .......... .......... .......... .......... .......... 13%  122M 4s
  3950K .......... .......... .......... .......... .......... 13% 74.0M 4s
  4000K .......... .......... .......... .......... .......... 13% 74.8M 4s
  4050K .......... .......... .......... .......... .......... 13% 80.4M 4s
  4100K .......... .......... .......... .......... .......... 13%  109M 4s
  4150K .......... .......... .......... .......... .......... 14% 67.1M 4s
  4200K .......... .......... .......... .......... .......... 14% 76.7M 3s
  4250K .......... .......... .......... .......... .......... 14% 79.5M 3s
  4300K .......... .......... .......... .......... .......... 14% 73.9M 3s
  4350K .......... .......... .......... .......... .......... 14%  110M 3s
  4400K .......... .......... .......... .......... .......... 14% 76.1M 3s
  4450K .......... .......... .......... .......... .......... 15% 79.7M 3s
  4500K .......... .......... .......... .......... .......... 15% 81.0M 3s
  4550K .......... .......... .......... .......... .......... 15% 67.9M 3s
  4600K .......... .......... .......... .......... .......... 15%  116M 3s
  4650K .......... .......... .......... .......... .......... 15% 49.3M 3s
  4700K .......... .......... .......... .......... .......... 15% 93.1M 3s
  4750K .......... .......... .......... .......... .......... 16% 89.4M 3s
  4800K .......... .......... .......... .......... .......... 16% 77.5M 3s
  4850K .......... .......... .......... .......... .......... 16% 74.5M 3s
  4900K .......... .......... .......... .......... .......... 16% 52.5M 3s
  4950K .......... .......... .......... .......... .......... 16% 75.0M 3s
  5000K .......... .......... .......... .......... .......... 16% 89.4M 3s
  5050K .......... .......... .......... .......... .......... 17%  107M 3s
  5100K .......... .......... .......... .......... .......... 17% 75.4M 3s
  5150K .......... .......... .......... .......... .......... 17% 76.1M 3s
  5200K .......... .......... .......... .......... .......... 17% 79.7M 3s
  5250K .......... .......... .......... .......... .......... 17%  121M 3s
  5300K .......... .......... .......... .......... .......... 17% 63.5M 3s
  5350K .......... .......... .......... .......... .......... 18% 77.4M 3s
  5400K .......... .......... .......... .......... .......... 18% 81.5M 3s
  5450K .......... .......... .......... .......... .......... 18% 74.9M 3s
  5500K .......... .......... .......... .......... .......... 18%  111M 3s
  5550K .......... .......... .......... .......... .......... 18% 77.0M 3s
  5600K .......... .......... .......... .......... .......... 18% 74.9M 3s
  5650K .......... .......... .......... .......... .......... 19% 77.6M 3s
  5700K .......... .......... .......... .......... .......... 19% 67.7M 2s
  5750K .......... .......... .......... .......... .......... 19%  113M 2s
  5800K .......... .......... .......... .......... .......... 19% 69.6M 2s
  5850K .......... .......... .......... .......... .......... 19% 89.2M 2s
  5900K .......... .......... .......... .......... .......... 19% 72.7M 2s
  5950K .......... .......... .......... .......... .......... 20% 81.0M 2s
  6000K .......... .......... .......... .......... .......... 20% 74.7M 2s
  6050K .......... .......... .......... .......... .......... 20% 82.6M 2s
  6100K .......... .......... .......... .......... .......... 20%  111M 2s
  6150K .......... .......... .......... .......... .......... 20% 73.8M 2s
  6200K .......... .......... .......... .......... .......... 20% 73.8M 2s
  6250K .......... .......... .......... .......... .......... 21%  997K 2s
  6300K .......... .......... .......... .......... .......... 21%  114M 2s
  6350K .......... .......... .......... .......... .......... 21%  117M 2s
  6400K .......... .......... .......... .......... .......... 21%  114M 2s
  6450K .......... .......... .......... .......... .......... 21%  127M 2s
  6500K .......... .......... .......... .......... .......... 21%  117M 2s
  6550K .......... .......... .......... .......... .......... 22%  122M 2s
  6600K .......... .......... .......... .......... .......... 22% 91.9M 2s
  6650K .......... .......... .......... .......... .......... 22%  119M 2s
  6700K .......... .......... .......... .......... .......... 22%  116M 2s
  6750K .......... .......... .......... .......... .......... 22%  111M 2s
  6800K .......... .......... .......... .......... .......... 22%  109M 2s
  6850K .......... .......... .......... .......... .......... 23%  106M 2s
  6900K .......... .......... .......... .......... .......... 23%  123M 2s
  6950K .......... .......... .......... .......... .......... 23%  129M 2s
  7000K .......... .......... .......... .......... .......... 23% 94.2M 2s
  7050K .......... .......... .......... .......... .......... 23%  121M 2s
  7100K .......... .......... .......... .......... .......... 24%  108M 2s
  7150K .......... .......... .......... .......... .......... 24%  113M 2s
  7200K .......... .......... .......... .......... .......... 24%  121M 2s
  7250K .......... .......... .......... .......... .......... 24%  111M 2s
  7300K .......... .......... .......... .......... .......... 24%  114M 2s
  7350K .......... .......... .......... .......... .......... 24%  115M 2s
  7400K .......... .......... .......... .......... .......... 25% 93.7M 2s
  7450K .......... .......... .......... .......... .......... 25%  113M 2s
  7500K .......... .......... .......... .......... .......... 25%  126M 2s
  7550K .......... .......... .......... .......... .......... 25%  113M 2s
  7600K .......... .......... .......... .......... .......... 25%  104M 2s
  7650K .......... .......... .......... .......... .......... 25%  114M 2s
  7700K .......... .......... .......... .......... .......... 26%  130M 2s
  7750K .......... .......... .......... .......... .......... 26%  113M 2s
  7800K .......... .......... .......... .......... .......... 26% 90.2M 2s
  7850K .......... .......... .......... .......... .......... 26%  147M 2s
  7900K .......... .......... .......... .......... .......... 26%  108M 2s
  7950K .......... .......... .......... .......... .......... 26% 94.7M 2s
  8000K .......... .......... .......... .......... .......... 27%  112M 2s
  8050K .......... .......... .......... .......... .......... 27%  114M 2s
  8100K .......... .......... .......... .......... .......... 27%  120M 2s
  8150K .......... .......... .......... .......... .......... 27%  116M 2s
  8200K .......... .......... .......... .......... .......... 27%  107M 2s
  8250K .......... .......... .......... .......... .......... 27%  124M 2s
  8300K .......... .......... .......... .......... .......... 28%  109M 2s
  8350K .......... .......... .......... .......... .......... 28% 96.5M 2s
  8400K .......... .......... .......... .......... .......... 28%  114M 2s
  8450K .......... .......... .......... .......... .......... 28%  112M 2s
  8500K .......... .......... .......... .......... .......... 28%  128M 2s
  8550K .......... .......... .......... .......... .......... 28%  105M 2s
  8600K .......... .......... .......... .......... .......... 29%  117M 2s
  8650K .......... .......... .......... .......... .......... 29% 8.56M 2s
  8700K .......... .......... .......... .......... .......... 29%  104M 2s
  8750K .......... .......... .......... .......... .......... 29%  126M 2s
  8800K .......... .......... .......... .......... .......... 29% 1.24M 2s
  8850K .......... .......... .......... .......... .......... 29%  116M 2s
  8900K .......... .......... .......... .......... .......... 30%  103M 2s
  8950K .......... .......... .......... .......... .......... 30%  131M 2s
  9000K .......... .......... .......... .......... .......... 30%  108M 2s
  9050K .......... .......... .......... .......... .......... 30%  109M 2s
  9100K .......... .......... .......... .......... .......... 30% 94.9M 2s
  9150K .......... .......... .......... .......... .......... 30% 8.22M 2s
  9200K .......... .......... .......... .......... .......... 31% 80.0M 2s
  9250K .......... .......... .......... .......... .......... 31%  122M 2s
  9300K .......... .......... .......... .......... .......... 31%  111M 2s
  9350K .......... .......... .......... .......... .......... 31%  121M 2s
  9400K .......... .......... .......... .......... .......... 31%  112M 2s
  9450K .......... .......... .......... .......... .......... 31%  108M 2s
  9500K .......... .......... .......... .......... .......... 32%  123M 2s
  9550K .......... .......... .......... .......... .......... 32%  107M 2s
  9600K .......... .......... .......... .......... .......... 32% 94.9M 2s
  9650K .......... .......... .......... .......... .......... 32% 9.02M 2s
  9700K .......... .......... .......... .......... .......... 32%  109M 2s
  9750K .......... .......... .......... .......... .......... 32%  111M 2s
  9800K .......... .......... .......... .......... .......... 33%  119M 1s
  9850K .......... .......... .......... .......... .......... 33%  112M 1s
  9900K .......... .......... .......... .......... .......... 33%  109M 1s
  9950K .......... .......... .......... .......... .......... 33%  122M 1s
 10000K .......... .......... .......... .......... .......... 33%  120M 1s
 10050K .......... .......... .......... .......... .......... 33% 87.1M 1s
 10100K .......... .......... .......... .......... .......... 34%  106M 1s
 10150K .......... .......... .......... .......... .......... 34% 8.67M 1s
 10200K .......... .......... .......... .......... .......... 34% 88.2M 1s
 10250K .......... .......... .......... .......... .......... 34%  110M 1s
 10300K .......... .......... .......... .......... .......... 34%  124M 1s
 10350K .......... .......... .......... .......... .......... 34%  118M 1s
 10400K .......... .......... .......... .......... .......... 35% 87.6M 1s
 10450K .......... .......... .......... .......... .......... 35%  123M 1s
 10500K .......... .......... .......... .......... .......... 35% 7.75M 1s
 10550K .......... .......... .......... .......... .......... 35% 81.9M 1s
 10600K .......... .......... .......... .......... .......... 35%  125M 1s
 10650K .......... .......... .......... .......... .......... 35%  118M 1s
 10700K .......... .......... .......... .......... .......... 36%  127M 1s
 10750K .......... .......... .......... .......... .......... 36% 95.3M 1s
 10800K .......... .......... .......... .......... .......... 36%  107M 1s
 10850K .......... .......... .......... .......... .......... 36% 3.32M 1s
 10900K .......... .......... .......... .......... .......... 36%  108M 1s
 10950K .......... .......... .......... .......... .......... 36%  122M 1s
 11000K .......... .......... .......... .......... .......... 37%  112M 1s
 11050K .......... .......... .......... .......... .......... 37%  108M 1s
 11100K .......... .......... .......... .......... .......... 37%  118M 1s
 11150K .......... .......... .......... .......... .......... 37%  125M 1s
 11200K .......... .......... .......... .......... .......... 37% 87.0M 1s
 11250K .......... .......... .......... .......... .......... 37%  121M 1s
 11300K .......... .......... .......... .......... .......... 38%  108M 1s
 11350K .......... .......... .......... .......... .......... 38%  121M 1s
 11400K .......... .......... .......... .......... .......... 38% 3.64M 1s
 11450K .......... .......... .......... .......... .......... 38%  120M 1s
 11500K .......... .......... .......... .......... .......... 38%  105M 1s
 11550K .......... .......... .......... .......... .......... 38%  118M 1s
 11600K .......... .......... .......... .......... .......... 39% 95.9M 1s
 11650K .......... .......... .......... .......... .......... 39%  109M 1s
 11700K .......... .......... .......... .......... .......... 39%  115M 1s
 11750K .......... .......... .......... .......... .......... 39%  120M 1s
 11800K .......... .......... .......... .......... .......... 39%  105M 1s
 11850K .......... .......... .......... .......... .......... 39%  122M 1s
 11900K .......... .......... .......... .......... .......... 40%  121M 1s
 11950K .......... .......... .......... .......... .......... 40%  105M 1s
 12000K .......... .......... .......... .......... .......... 40% 93.4M 1s
 12050K .......... .......... .......... .......... .......... 40%  111M 1s
 12100K .......... .......... .......... .......... .......... 40%  114M 1s
 12150K .......... .......... .......... .......... .......... 40%  122M 1s
 12200K .......... .......... .......... .......... .......... 41%  109M 1s
 12250K .......... .......... .......... .......... .......... 41% 6.82M 1s
 12300K .......... .......... .......... .......... .......... 41%  113M 1s
 12350K .......... .......... .......... .......... .......... 41%  115M 1s
 12400K .......... .......... .......... .......... .......... 41%  129M 1s
 12450K .......... .......... .......... .......... .......... 41%  135M 1s
 12500K .......... .......... .......... .......... .......... 42%  121M 1s
 12550K .......... .......... .......... .......... .......... 42%  105M 1s
 12600K .......... .......... .......... .......... .......... 42%  100M 1s
 12650K .......... .......... .......... .......... .......... 42%  123M 1s
 12700K .......... .......... .......... .......... .......... 42%  129M 1s
 12750K .......... .......... .......... .......... .......... 42% 94.3M 1s
 12800K .......... .......... .......... .......... .......... 43%  117M 1s
 12850K .......... .......... .......... .......... .......... 43%  140M 1s
 12900K .......... .......... .......... .......... .......... 43% 88.0M 1s
 12950K .......... .......... .......... .......... .......... 43% 81.1M 1s
 13000K .......... .......... .......... .......... .......... 43%  100M 1s
 13050K .......... .......... .......... .......... .......... 43% 91.8M 1s
 13100K .......... .......... .......... .......... .......... 44%  162M 1s
 13150K .......... .......... .......... .......... .......... 44%  146M 1s
 13200K .......... .......... .......... .......... .......... 44%  167M 1s
 13250K .......... .......... .......... .......... .......... 44%  117M 1s
 13300K .......... .......... .......... .......... .......... 44%  119M 1s
 13350K .......... .......... .......... .......... .......... 44% 82.7M 1s
 13400K .......... .......... .......... .......... .......... 45%  135M 1s
 13450K .......... .......... .......... .......... .......... 45%  108M 1s
 13500K .......... .......... .......... .......... .......... 45%  119M 1s
 13550K .......... .......... .......... .......... .......... 45%  103M 1s
 13600K .......... .......... .......... .......... .......... 45%  129M 1s
 13650K .......... .......... .......... .......... .......... 45%  109M 1s
 13700K .......... .......... .......... .......... .......... 46%  116M 1s
 13750K .......... .......... .......... .......... .......... 46% 95.3M 1s
 13800K .......... .......... .......... .......... .......... 46%  114M 1s
 13850K .......... .......... .......... .......... .......... 46%  119M 1s
 13900K .......... .......... .......... .......... .......... 46%  110M 1s
 13950K .......... .......... .......... .......... .......... 46% 1.30M 1s
 14000K .......... .......... .......... .......... .......... 47% 43.6M 1s
 14050K .......... .......... .......... .......... .......... 47% 29.1M 1s
 14100K .......... .......... .......... .......... .......... 47% 71.5M 1s
 14150K .......... .......... .......... .......... .......... 47% 82.0M 1s
 14200K .......... .......... .......... .......... .......... 47% 96.0M 1s
 14250K .......... .......... .......... .......... .......... 48%  109M 1s
 14300K .......... .......... .......... .......... .......... 48%  110M 1s
 14350K .......... .......... .......... .......... .......... 48% 53.7M 1s
 14400K .......... .......... .......... .......... .......... 48% 48.2M 1s
 14450K .......... .......... .......... .......... .......... 48% 5.35M 1s
 14500K .......... .......... .......... .......... .......... 48% 98.8M 1s
 14550K .......... .......... .......... .......... .......... 49%  122M 1s
 14600K .......... .......... .......... .......... .......... 49%  141M 1s
 14650K .......... .......... .......... .......... .......... 49% 91.0M 1s
 14700K .......... .......... .......... .......... .......... 49%  105M 1s
 14750K .......... .......... .......... .......... .......... 49% 14.9M 1s
 14800K .......... .......... .......... .......... .......... 49%  119M 1s
 14850K .......... .......... .......... .......... .......... 50%  111M 1s
 14900K .......... .......... .......... .......... .......... 50% 98.2M 1s
 14950K .......... .......... .......... .......... .......... 50% 8.36M 1s
 15000K .......... .......... .......... .......... .......... 50% 96.1M 1s
 15050K .......... .......... .......... .......... .......... 50%  104M 1s
 15100K .......... .......... .......... .......... .......... 50%  108M 1s
 15150K .......... .......... .......... .......... .......... 51% 89.8M 1s
 15200K .......... .......... .......... .......... .......... 51%  126M 1s
 15250K .......... .......... .......... .......... .......... 51%  145M 1s
 15300K .......... .......... .......... .......... .......... 51% 82.0M 1s
 15350K .......... .......... .......... .......... .......... 51% 82.5M 1s
 15400K .......... .......... .......... .......... .......... 51%  120M 1s
 15450K .......... .......... .......... .......... .......... 52%  124M 1s
 15500K .......... .......... .......... .......... .......... 52%  125M 1s
 15550K .......... .......... .......... .......... .......... 52% 96.8M 1s
 15600K .......... .......... .......... .......... .......... 52%  115M 1s
 15650K .......... .......... .......... .......... .......... 52%  118M 1s
 15700K .......... .......... .......... .......... .......... 52%  125M 1s
 15750K .......... .......... .......... .......... .......... 53% 93.0M 1s
 15800K .......... .......... .......... .......... .......... 53% 94.6M 1s
 15850K .......... .......... .......... .......... .......... 53%  120M 1s
 15900K .......... .......... .......... .......... .......... 53% 98.8M 1s
 15950K .......... .......... .......... .......... .......... 53%  121M 1s
 16000K .......... .......... .......... .......... .......... 53%  121M 1s
 16050K .......... .......... .......... .......... .......... 54%  125M 1s
 16100K .......... .......... .......... .......... .......... 54% 86.5M 1s
 16150K .......... .......... .......... .......... .......... 54%  208M 1s
 16200K .......... .......... .......... .......... .......... 54%  113M 1s
 16250K .......... .......... .......... .......... .......... 54% 72.0M 1s
 16300K .......... .......... .......... .......... .......... 54%  105M 1s
 16350K .......... .......... .......... .......... .......... 55%  126M 1s
 16400K .......... .......... .......... .......... .......... 55%  113M 1s
 16450K .......... .......... .......... .......... .......... 55% 92.6M 1s
 16500K .......... .......... .......... .......... .......... 55% 1.13M 1s
 16550K .......... .......... .......... .......... .......... 55%  117M 1s
 16600K .......... .......... .......... .......... .......... 55%  108M 1s
 16650K .......... .......... .......... .......... .......... 56% 94.9M 1s
 16700K .......... .......... .......... .......... .......... 56%  115M 1s
 16750K .......... .......... .......... .......... .......... 56%  121M 1s
 16800K .......... .......... .......... .......... .......... 56%  111M 1s
 16850K .......... .......... .......... .......... .......... 56% 7.74M 1s
 16900K .......... .......... .......... .......... .......... 56%  107M 1s
 16950K .......... .......... .......... .......... .......... 57%  105M 1s
 17000K .......... .......... .......... .......... .......... 57%  104M 1s
 17050K .......... .......... .......... .......... .......... 57%  118M 1s
 17100K .......... .......... .......... .......... .......... 57% 99.3M 1s
 17150K .......... .......... .......... .......... .......... 57% 71.4M 1s
 17200K .......... .......... .......... .......... .......... 57% 88.0M 1s
 17250K .......... .......... .......... .......... .......... 58%  129M 1s
 17300K .......... .......... .......... .......... .......... 58%  114M 1s
 17350K .......... .......... .......... .......... .......... 58%  121M 1s
 17400K .......... .......... .......... .......... .......... 58%  135M 1s
 17450K .......... .......... .......... .......... .......... 58% 21.0M 1s
 17500K .......... .......... .......... .......... .......... 58%  118M 1s
 17550K .......... .......... .......... .......... .......... 59%  113M 1s
 17600K .......... .......... .......... .......... .......... 59%  133M 1s
 17650K .......... .......... .......... .......... .......... 59%  102M 1s
 17700K .......... .......... .......... .......... .......... 59%  119M 1s
 17750K .......... .......... .......... .......... .......... 59% 99.4M 1s
 17800K .......... .......... .......... .......... .......... 59%  103M 1s
 17850K .......... .......... .......... .......... .......... 60%  108M 1s
 17900K .......... .......... .......... .......... .......... 60%  127M 1s
 17950K .......... .......... .......... .......... .......... 60%  119M 1s
 18000K .......... .......... .......... .......... .......... 60%  108M 1s
 18050K .......... .......... .......... .......... .......... 60%  109M 1s
 18100K .......... .......... .......... .......... .......... 60%  108M 1s
 18150K .......... .......... .......... .......... .......... 61%  123M 1s
 18200K .......... .......... .......... .......... .......... 61% 21.4M 1s
 18250K .......... .......... .......... .......... .......... 61% 96.4M 1s
 18300K .......... .......... .......... .......... .......... 61%  117M 1s
 18350K .......... .......... .......... .......... .......... 61%  118M 1s
 18400K .......... .......... .......... .......... .......... 61%  116M 1s
 18450K .......... .......... .......... .......... .......... 62%  108M 1s
 18500K .......... .......... .......... .......... .......... 62%  115M 1s
 18550K .......... .......... .......... .......... .......... 62%  120M 1s
 18600K .......... .......... .......... .......... .......... 62% 88.6M 1s
 18650K .......... .......... .......... .......... .......... 62%  122M 1s
 18700K .......... .......... .......... .......... .......... 62% 10.7M 1s
 18750K .......... .......... .......... .......... .......... 63%  129M 1s
 18800K .......... .......... .......... .......... .......... 63%  109M 1s
 18850K .......... .......... .......... .......... .......... 63%  112M 1s
 18900K .......... .......... .......... .......... .......... 63%  112M 1s
 18950K .......... .......... .......... .......... .......... 63%  123M 1s
 19000K .......... .......... .......... .......... .......... 63%  120M 1s
 19050K .......... .......... .......... .......... .......... 64%  112M 1s
 19100K .......... .......... .......... .......... .......... 64% 2.70M 1s
 19150K .......... .......... .......... .......... .......... 64% 34.3M 1s
 19200K .......... .......... .......... .......... .......... 64% 48.3M 1s
 19250K .......... .......... .......... .......... .......... 64% 68.9M 1s
 19300K .......... .......... .......... .......... .......... 64% 82.0M 1s
 19350K .......... .......... .......... .......... .......... 65% 11.1M 1s
 19400K .......... .......... .......... .......... .......... 65% 90.0M 1s
 19450K .......... .......... .......... .......... .......... 65%  106M 1s
 19500K .......... .......... .......... .......... .......... 65% 86.7M 1s
 19550K .......... .......... .......... .......... .......... 65% 48.3M 1s
 19600K .......... .......... .......... .......... .......... 65%  114M 1s
 19650K .......... .......... .......... .......... .......... 66% 15.5M 1s
 19700K .......... .......... .......... .......... .......... 66%  102M 1s
 19750K .......... .......... .......... .......... .......... 66% 97.6M 1s
 19800K .......... .......... .......... .......... .......... 66%  125M 1s
 19850K .......... .......... .......... .......... .......... 66%  114M 1s
 19900K .......... .......... .......... .......... .......... 66%  115M 1s
 19950K .......... .......... .......... .......... .......... 67%  101M 0s
 20000K .......... .......... .......... .......... .......... 67%  128M 0s
 20050K .......... .......... .......... .......... .......... 67% 95.6M 0s
 20100K .......... .......... .......... .......... .......... 67%  121M 0s
 20150K .......... .......... .......... .......... .......... 67% 97.5M 0s
 20200K .......... .......... .......... .......... .......... 67% 90.1M 0s
 20250K .......... .......... .......... .......... .......... 68%  111M 0s
 20300K .......... .......... .......... .......... .......... 68%  157M 0s
 20350K .......... .......... .......... .......... .......... 68%  112M 0s
 20400K .......... .......... .......... .......... .......... 68%  103M 0s
 20450K .......... .......... .......... .......... .......... 68% 28.7M 0s
 20500K .......... .......... .......... .......... .......... 68% 89.3M 0s
 20550K .......... .......... .......... .......... .......... 69%  110M 0s
 20600K .......... .......... .......... .......... .......... 69%  131M 0s
 20650K .......... .......... .......... .......... .......... 69%  114M 0s
 20700K .......... .......... .......... .......... .......... 69%  116M 0s
 20750K .......... .......... .......... .......... .......... 69% 14.0M 0s
 20800K .......... .......... .......... .......... .......... 69%  115M 0s
 20850K .......... .......... .......... .......... .......... 70%  119M 0s
 20900K .......... .......... .......... .......... .......... 70%  105M 0s
 20950K .......... .......... .......... .......... .......... 70%  123M 0s
 21000K .......... .......... .......... .......... .......... 70%  110M 0s
 21050K .......... .......... .......... .......... .......... 70%  126M 0s
 21100K .......... .......... .......... .......... .......... 71% 86.6M 0s
 21150K .......... .......... .......... .......... .......... 71%  116M 0s
 21200K .......... .......... .......... .......... .......... 71%  104M 0s
 21250K .......... .......... .......... .......... .......... 71%  127M 0s
 21300K .......... .......... .......... .......... .......... 71%  104M 0s
 21350K .......... .......... .......... .......... .......... 71%  122M 0s
 21400K .......... .......... .......... .......... .......... 72%  107M 0s
 21450K .......... .......... .......... .......... .......... 72%  122M 0s
 21500K .......... .......... .......... .......... .......... 72% 94.1M 0s
 21550K .......... .......... .......... .......... .......... 72%  109M 0s
 21600K .......... .......... .......... .......... .......... 72%  124M 0s
 21650K .......... .......... .......... .......... .......... 72% 1.39M 0s
 21700K .......... .......... .......... .......... .......... 73% 19.8M 0s
 21750K .......... .......... .......... .......... .......... 73%  123M 0s
 21800K .......... .......... .......... .......... .......... 73% 81.9M 0s
 21850K .......... .......... .......... .......... .......... 73% 55.7M 0s
 21900K .......... .......... .......... .......... .......... 73% 42.5M 0s
 21950K .......... .......... .......... .......... .......... 73% 33.6M 0s
 22000K .......... .......... .......... .......... .......... 74% 71.5M 0s
 22050K .......... .......... .......... .......... .......... 74% 38.1M 0s
 22100K .......... .......... .......... .......... .......... 74% 82.6M 0s
 22150K .......... .......... .......... .......... .......... 74% 12.2M 0s
 22200K .......... .......... .......... .......... .......... 74% 91.1M 0s
 22250K .......... .......... .......... .......... .......... 74%  132M 0s
 22300K .......... .......... .......... .......... .......... 75%  112M 0s
 22350K .......... .......... .......... .......... .......... 75%  115M 0s
 22400K .......... .......... .......... .......... .......... 75% 22.0M 0s
 22450K .......... .......... .......... .......... .......... 75%  108M 0s
 22500K .......... .......... .......... .......... .......... 75%  115M 0s
 22550K .......... .......... .......... .......... .......... 75%  122M 0s
 22600K .......... .......... .......... .......... .......... 76%  108M 0s
 22650K .......... .......... .......... .......... .......... 76% 24.8M 0s
 22700K .......... .......... .......... .......... .......... 76%  113M 0s
 22750K .......... .......... .......... .......... .......... 76%  120M 0s
 22800K .......... .......... .......... .......... .......... 76% 32.5M 0s
 22850K .......... .......... .......... .......... .......... 76%  104M 0s
 22900K .......... .......... .......... .......... .......... 77%  119M 0s
 22950K .......... .......... .......... .......... .......... 77% 21.0M 0s
 23000K .......... .......... .......... .......... .......... 77%  111M 0s
 23050K .......... .......... .......... .......... .......... 77% 95.7M 0s
 23100K .......... .......... .......... .......... .......... 77%  110M 0s
 23150K .......... .......... .......... .......... .......... 77%  121M 0s
 23200K .......... .......... .......... .......... .......... 78%  116M 0s
 23250K .......... .......... .......... .......... .......... 78%  112M 0s
 23300K .......... .......... .......... .......... .......... 78%  106M 0s
 23350K .......... .......... .......... .......... .......... 78%  110M 0s
 23400K .......... .......... .......... .......... .......... 78%  126M 0s
 23450K .......... .......... .......... .......... .......... 78% 51.6M 0s
 23500K .......... .......... .......... .......... .......... 79%  111M 0s
 23550K .......... .......... .......... .......... .......... 79%  115M 0s
 23600K .......... .......... .......... .......... .......... 79% 13.5M 0s
 23650K .......... .......... .......... .......... .......... 79%  121M 0s
 23700K .......... .......... .......... .......... .......... 79%  111M 0s
 23750K .......... .......... .......... .......... .......... 79%  118M 0s
 23800K .......... .......... .......... .......... .......... 80% 94.3M 0s
 23850K .......... .......... .......... .......... .......... 80%  126M 0s
 23900K .......... .......... .......... .......... .......... 80%  109M 0s
 23950K .......... .......... .......... .......... .......... 80% 96.6M 0s
 24000K .......... .......... .......... .......... .......... 80%  120M 0s
 24050K .......... .......... .......... .......... .......... 80% 90.0M 0s
 24100K .......... .......... .......... .......... .......... 81%  120M 0s
 24150K .......... .......... .......... .......... .......... 81%  115M 0s
 24200K .......... .......... .......... .......... .......... 81% 1.35M 0s
 24250K .......... .......... .......... .......... .......... 81% 22.7M 0s
 24300K .......... .......... .......... .......... .......... 81% 71.9M 0s
 24350K .......... .......... .......... .......... .......... 81% 74.9M 0s
 24400K .......... .......... .......... .......... .......... 82% 91.5M 0s
 24450K .......... .......... .......... .......... .......... 82%  134M 0s
 24500K .......... .......... .......... .......... .......... 82% 99.6M 0s
 24550K .......... .......... .......... .......... .......... 82%  118M 0s
 24600K .......... .......... .......... .......... .......... 82%  123M 0s
 24650K .......... .......... .......... .......... .......... 82%  123M 0s
 24700K .......... .......... .......... .......... .......... 83%  116M 0s
 24750K .......... .......... .......... .......... .......... 83%  134M 0s
 24800K .......... .......... .......... .......... .......... 83%  115M 0s
 24850K .......... .......... .......... .......... .......... 83%  136M 0s
 24900K .......... .......... .......... .......... .......... 83%  139M 0s
 24950K .......... .......... .......... .......... .......... 83%  111M 0s
 25000K .......... .......... .......... .......... .......... 84% 95.7M 0s
 25050K .......... .......... .......... .......... .......... 84%  108M 0s
 25100K .......... .......... .......... .......... .......... 84%  127M 0s
 25150K .......... .......... .......... .......... .......... 84%  115M 0s
 25200K .......... .......... .......... .......... .......... 84% 78.9M 0s
 25250K .......... .......... .......... .......... .......... 84% 29.7M 0s
 25300K .......... .......... .......... .......... .......... 85% 97.6M 0s
 25350K .......... .......... .......... .......... .......... 85%  142M 0s
 25400K .......... .......... .......... .......... .......... 85% 94.2M 0s
 25450K .......... .......... .......... .......... .......... 85% 24.0M 0s
 25500K .......... .......... .......... .......... .......... 85% 92.4M 0s
 25550K .......... .......... .......... .......... .......... 85%  113M 0s
 25600K .......... .......... .......... .......... .......... 86% 99.3M 0s
 25650K .......... .......... .......... .......... .......... 86%  118M 0s
 25700K .......... .......... .......... .......... .......... 86%  113M 0s
 25750K .......... .......... .......... .......... .......... 86% 12.6M 0s
 25800K .......... .......... .......... .......... .......... 86%  112M 0s
 25850K .......... .......... .......... .......... .......... 86% 95.3M 0s
 25900K .......... .......... .......... .......... .......... 87%  123M 0s
 25950K .......... .......... .......... .......... .......... 87%  113M 0s
 26000K .......... .......... .......... .......... .......... 87%  113M 0s
 26050K .......... .......... .......... .......... .......... 87%  103M 0s
 26100K .......... .......... .......... .......... .......... 87% 4.54M 0s
 26150K .......... .......... .......... .......... .......... 87% 98.5M 0s
 26200K .......... .......... .......... .......... .......... 88%  113M 0s
 26250K .......... .......... .......... .......... .......... 88%  111M 0s
 26300K .......... .......... .......... .......... .......... 88%  138M 0s
 26350K .......... .......... .......... .......... .......... 88% 65.5M 0s
 26400K .......... .......... .......... .......... .......... 88% 96.3M 0s
 26450K .......... .......... .......... .......... .......... 88% 24.8M 0s
 26500K .......... .......... .......... .......... .......... 89%  115M 0s
 26550K .......... .......... .......... .......... .......... 89%  108M 0s
 26600K .......... .......... .......... .......... .......... 89%  107M 0s
 26650K .......... .......... .......... .......... .......... 89%  110M 0s
 26700K .......... .......... .......... .......... .......... 89%  115M 0s
 26750K .......... .......... .......... .......... .......... 89% 1.17M 0s
 26800K .......... .......... .......... .......... .......... 90%  109M 0s
 26850K .......... .......... .......... .......... .......... 90% 55.8M 0s
 26900K .......... .......... .......... .......... .......... 90% 73.9M 0s
 26950K .......... .......... .......... .......... .......... 90% 92.1M 0s
 27000K .......... .......... .......... .......... .......... 90%  113M 0s
 27050K .......... .......... .......... .......... .......... 90% 87.4M 0s
 27100K .......... .......... .......... .......... .......... 91%  114M 0s
 27150K .......... .......... .......... .......... .......... 91%  111M 0s
 27200K .......... .......... .......... .......... .......... 91%  113M 0s
 27250K .......... .......... .......... .......... .......... 91%  106M 0s
 27300K .......... .......... .......... .......... .......... 91%  113M 0s
 27350K .......... .......... .......... .......... .......... 91%  107M 0s
 27400K .......... .......... .......... .......... .......... 92%  114M 0s
 27450K .......... .......... .......... .......... .......... 92% 91.7M 0s
 27500K .......... .......... .......... .......... .......... 92%  114M 0s
 27550K .......... .......... .......... .......... .......... 92%  115M 0s
 27600K .......... .......... .......... .......... .......... 92%  109M 0s
 27650K .......... .......... .......... .......... .......... 92%  109M 0s
 27700K .......... .......... .......... .......... .......... 93%  122M 0s
 27750K .......... .......... .......... .......... .......... 93%  140M 0s
 27800K .......... .......... .......... .......... .......... 93% 7.57M 0s
 27850K .......... .......... .......... .......... .......... 93%  108M 0s
 27900K .......... .......... .......... .......... .......... 93%  122M 0s
 27950K .......... .......... .......... .......... .......... 93% 76.2M 0s
 28000K .......... .......... .......... .......... .......... 94% 83.3M 0s
 28050K .......... .......... .......... .......... .......... 94%  108M 0s
 28100K .......... .......... .......... .......... .......... 94%  158M 0s
 28150K .......... .......... .......... .......... .......... 94%  145M 0s
 28200K .......... .......... .......... .......... .......... 94%  144M 0s
 28250K .......... .......... .......... .......... .......... 95%  123M 0s
 28300K .......... .......... .......... .......... .......... 95%  114M 0s
 28350K .......... .......... .......... .......... .......... 95% 20.8M 0s
 28400K .......... .......... .......... .......... .......... 95%  109M 0s
 28450K .......... .......... .......... .......... .......... 95% 94.5M 0s
 28500K .......... .......... .......... .......... .......... 95%  123M 0s
 28550K .......... .......... .......... .......... .......... 96%  105M 0s
 28600K .......... .......... .......... .......... .......... 96%  108M 0s
 28650K .......... .......... .......... .......... .......... 96%  102M 0s
 28700K .......... .......... .......... .......... .......... 96%  125M 0s
 28750K .......... .......... .......... .......... .......... 96%  124M 0s
 28800K .......... .......... .......... .......... .......... 96% 92.9M 0s
 28850K .......... .......... .......... .......... .......... 97% 71.6M 0s
 28900K .......... .......... .......... .......... .......... 97%  104M 0s
 28950K .......... .......... .......... .......... .......... 97%  133M 0s
 29000K .......... .......... .......... .......... .......... 97%  138M 0s
 29050K .......... .......... .......... .......... .......... 97%  124M 0s
 29100K .......... .......... .......... .......... .......... 97%  136M 0s
 29150K .......... .......... .......... .......... .......... 98%  135M 0s
 29200K .......... .......... .......... .......... .......... 98%  115M 0s
 29250K .......... .......... .......... .......... .......... 98% 79.1M 0s
 29300K .......... .......... .......... .......... .......... 98%  111M 0s
 29350K .......... .......... .......... .......... .......... 98% 1.99M 0s
 29400K .......... .......... .......... .......... .......... 98%  103M 0s
 29450K .......... .......... .......... .......... .......... 99%  103M 0s
 29500K .......... .......... .......... .......... .......... 99% 94.1M 0s
 29550K .......... .......... .......... .......... .......... 99% 91.7M 0s
 29600K .......... .......... .......... .......... .......... 99% 68.5M 0s
 29650K .......... .......... .......... .......... .......... 99%  124M 0s
 29700K .......... .......... .......... .......... .......... 99%  141M 0s
 29750K .......... .......... .......... ........             100%  157M=1.3s

2021-01-07 22:55:34 (22.5 MB/s) - `/tmp/firefox-28.0.tar.bz2' saved [30503247/30503247]


travis_time:end:1dcefde8:start=1610060132454964374,finish=1610060134662035596,duration=2207071222[0K$ export PATH=$HOME/firefox-28.0/firefox:$PATH
travis_fold:end:install_firefox[0Ktravis_fold:start:postgresql[0K[33;1mStarting PostgreSQL v9.3[0m
travis_time:start:04c888d0[0K$ sudo service postgresql stop
 * Stopping PostgreSQL 9.1 database server
   ...done.
 * Stopping PostgreSQL 9.2 database server
   ...done.
 * Stopping PostgreSQL 9.3 database server
   ...done.
 * Stopping PostgreSQL 9.4 database server
   ...done.

travis_time:end:04c888d0:start=1610060138725782091,finish=1610060145940278728,duration=7214496637[0Ktravis_time:start:31f6265d[0K$ sudo service postgresql start 9.3
 * Starting PostgreSQL 9.3 database server
   ...done.

travis_time:end:31f6265d:start=1610060145951061486,finish=1610060148900535760,duration=2949474274[0Ktravis_time:start:3367d336[0K$ sudo -u postgres createuser -s -p 5432 travis &>/dev/null

travis_time:end:3367d336:start=1610060148912214422,finish=1610060149153034312,duration=240819890[0Ktravis_time:start:0ef3e456[0K$ sudo -u postgres createdb -O travis -p 5432 travis &>/dev/null

travis_time:end:0ef3e456:start=1610060149163643587,finish=1610060149461709918,duration=298066331[0Ktravis_time:start:08ba70cc[0K$ sudo -u postgres createuser -s -p 5433 travis &>/dev/null

travis_time:end:08ba70cc:start=1610060149473025219,finish=1610060149530717458,duration=57692239[0Ktravis_time:start:2e826c46[0K$ sudo -u postgres createdb -O travis -p 5433 travis &>/dev/null

travis_time:end:2e826c46:start=1610060149541824012,finish=1610060149593002815,duration=51178803[0Ktravis_fold:end:postgresql[0Ktravis_time:start:00d8c2be[0K$ source ~/virtualenv/python2.7/bin/activate

travis_time:end:00d8c2be:start=1610060150029823715,finish=1610060150039953391,duration=10129676[0K$ python --version
Python 2.7.9
$ pip --version
pip 6.0.7 from /home/travis/virtualenv/python2.7.9/lib/python2.7/site-packages (python 2.7)
travis_fold:start:before_install.1[0Ktravis_time:start:27584ed0[0K$ export DISPLAY=:99.0

travis_time:end:27584ed0:start=1610060150288718971,finish=1610060150297689450,duration=8970479[0Ktravis_fold:end:before_install.1[0Ktravis_fold:start:before_install.2[0Ktravis_time:start:0784fe89[0K$ sh -e /etc/init.d/xvfb start
Starting virtual X frame buffer: Xvfb.

travis_time:end:0784fe89:start=1610060150308908370,finish=1610060150353289979,duration=44381609[0Ktravis_fold:end:before_install.2[0Ktravis_fold:start:install[0Ktravis_time:start:259416d3[0K$ ./bootstrap.py
Using real prefix '/opt/python/2.7.9'
New python executable in /home/travis/build/failed/ccnmtl/dmt/ve/bin/python
Installing setuptools, pip...done.
Collecting wheel==0.24.0
  Retrying (Retry(total=4, connect=None, read=None, redirect=None)) after connection broken by 'ProtocolError('Connection aborted.', gaierror(-2, 'Name or service not known'))': /wheel/
  Retrying (Retry(total=3, connect=None, read=None, redirect=None)) after connection broken by 'ProtocolError('Connection aborted.', gaierror(-2, 'Name or service not known'))': /wheel/
  Retrying (Retry(total=2, connect=None, read=None, redirect=None)) after connection broken by 'ProtocolError('Connection aborted.', gaierror(-2, 'Name or service not known'))': /wheel/
  Retrying (Retry(total=1, connect=None, read=None, redirect=None)) after connection broken by 'ProtocolError('Connection aborted.', gaierror(-2, 'Name or service not known'))': /wheel/
  Retrying (Retry(total=0, connect=None, read=None, redirect=None)) after connection broken by 'ProtocolError('Connection aborted.', gaierror(-2, 'Name or service not known'))': /wheel/
  DEPRECATION: Failed to find 'wheel' at https://pypi.ccnmtl.columbia.edu/wheel/. It is suggested to upgrade your index to support normalized names as the name in /simple/{name}.
  Retrying (Retry(total=4, connect=None, read=None, redirect=None)) after connection broken by 'ProtocolError('Connection aborted.', gaierror(-2, 'Name or service not known'))': /
  Retrying (Retry(total=3, connect=None, read=None, redirect=None)) after connection broken by 'ProtocolError('Connection aborted.', gaierror(-2, 'Name or service not known'))': /
  Retrying (Retry(total=2, connect=None, read=None, redirect=None)) after connection broken by 'ProtocolError('Connection aborted.', gaierror(-2, 'Name or service not known'))': /
  Retrying (Retry(total=1, connect=None, read=None, redirect=None)) after connection broken by 'ProtocolError('Connection aborted.', gaierror(-2, 'Name or service not known'))': /
  Retrying (Retry(total=0, connect=None, read=None, redirect=None)) after connection broken by 'ProtocolError('Connection aborted.', gaierror(-2, 'Name or service not known'))': /
  Cannot fetch index base URL https://pypi.ccnmtl.columbia.edu/
  Retrying (Retry(total=4, connect=None, read=None, redirect=None)) after connection broken by 'ProtocolError('Connection aborted.', gaierror(-2, 'Name or service not known'))': /wheel/
  Retrying (Retry(total=3, connect=None, read=None, redirect=None)) after connection broken by 'ProtocolError('Connection aborted.', gaierror(-2, 'Name or service not known'))': /wheel/
  Retrying (Retry(total=2, connect=None, read=None, redirect=None)) after connection broken by 'ProtocolError('Connection aborted.', gaierror(-2, 'Name or service not known'))': /wheel/
  Retrying (Retry(total=1, connect=None, read=None, redirect=None)) after connection broken by 'ProtocolError('Connection aborted.', gaierror(-2, 'Name or service not known'))': /wheel/
  Retrying (Retry(total=0, connect=None, read=None, redirect=None)) after connection broken by 'ProtocolError('Connection aborted.', gaierror(-2, 'Name or service not known'))': /wheel/
  Could not find a version that satisfies the requirement wheel==0.24.0 (from versions: )
No matching distribution found for wheel==0.24.0

travis_time:end:259416d3:start=1610060150364547518,finish=1610060182541159901,duration=32176612383[0K
[31;1mThe command "./bootstrap.py" failed and exited with 1 during .[0m

Your build has been stopped.
