travis_fold:start:system_info[0K[33;1mBuild system information[0m
Build language: python
Build group: stable
Build dist: precise
Build id: ''
Job id: ''
[34m[1mBuild image provisioning date and time[0m
Thu Feb  5 15:09:33 UTC 2015
[34m[1mOperating System Details[0m
Distributor ID:	Ubuntu
Description:	Ubuntu 12.04.5 LTS
Release:	12.04
Codename:	precise
[34m[1mLinux Version[0m
3.13.0-29-generic
[34m[1mCookbooks Version[0m
a68419e https://github.com/travis-ci/travis-cookbooks/tree/a68419e
[34m[1mGCC version[0m
gcc (Ubuntu/Linaro 4.6.3-1ubuntu5) 4.6.3
Copyright (C) 2011 Free Software Foundation, Inc.
This is free software; see the source for copying conditions.  There is NO
warranty; not even for MERCHANTABILITY or FITNESS FOR A PARTICULAR PURPOSE.

[34m[1mLLVM version[0m
clang version 3.4 (tags/RELEASE_34/final)
Target: x86_64-unknown-linux-gnu
Thread model: posix
[34m[1mPre-installed Ruby versions[0m
ruby-1.9.3-p551
[34m[1mPre-installed Node.js versions[0m
v0.10.36
[34m[1mPre-installed Go versions[0m
1.4.1
[34m[1mRedis version[0m
redis-server 2.8.19
[34m[1mriak version[0m
2.0.2
[34m[1mMongoDB version[0m
MongoDB 2.4.12
[34m[1mCouchDB version[0m
couchdb 1.6.1
[34m[1mNeo4j version[0m
1.9.4
[34m[1mRabbitMQ Version[0m
3.4.3
[34m[1mElasticSearch version[0m
1.4.0
[34m[1mInstalled Sphinx versions[0m
2.0.10
2.1.9
2.2.6
[34m[1mDefault Sphinx version[0m
2.2.6
[34m[1mInstalled Firefox version[0m
firefox 31.0esr
[34m[1mPhantomJS version[0m
1.9.8
[34m[1mant -version[0m
Apache Ant(TM) version 1.8.2 compiled on December 3 2011
[34m[1mmvn -version[0m
Apache Maven 3.2.5 (12a6b3acb947671f09b81f49094c53f426d8cea1; 2014-12-14T17:29:23+00:00)
Maven home: /usr/local/maven
Java version: 1.7.0_76, vendor: Oracle Corporation
Java home: /usr/lib/jvm/java-7-oracle/jre
Default locale: en_US, platform encoding: ANSI_X3.4-1968
OS name: "linux", version: "3.13.0-29-generic", arch: "amd64", family: "unix"
travis_fold:end:system_info[0K
grep: /etc/apt/sources.list.d/*: No such file or directory
sed: cannot rename /etc/hosts: Device or resource busy
sed: cannot rename /etc/hosts: Device or resource busy
$ cd passed/NMGRL/pychron

[33;1mSetting environment variables from .travis.yml[0m
$ export CYTHON=0.20
$ export PATSY=0.2
$ export PANDAS=0.12
$ export COVERAGE=false
$ export PYTHON=2.7

travis_time:start:21cb9348[0K$ source ~/virtualenv/python2.7/bin/activate

travis_time:end:21cb9348:start=1610007225902041929,finish=1610007225912466115,duration=10424186[0K$ python --version
Python 2.7.9
$ pip --version
pip 6.0.7 from /home/travis/virtualenv/python2.7.9/lib/python2.7/site-packages (python 2.7)
travis_fold:start:before_install.1[0Ktravis_time:start:01832130[0K$ wget http://repo.continuum.io/miniconda/Miniconda2-latest-Linux-x86_64.sh -O miniconda.sh
--2021-01-07 08:13:46--  http://repo.continuum.io/miniconda/Miniconda2-latest-Linux-x86_64.sh
Resolving repo.continuum.io (repo.continuum.io)... 104.18.200.79, 104.18.201.79, 2606:4700::6812:c94f, ...
Connecting to repo.continuum.io (repo.continuum.io)|104.18.200.79|:80... connected.
HTTP request sent, awaiting response... 301 Moved Permanently
Location: https://repo.anaconda.com/miniconda/Miniconda2-latest-Linux-x86_64.sh [following]
--2021-01-07 08:13:46--  https://repo.anaconda.com/miniconda/Miniconda2-latest-Linux-x86_64.sh
Resolving repo.anaconda.com (repo.anaconda.com)... 104.16.130.3, 104.16.131.3, 2606:4700::6810:8203, ...
Connecting to repo.anaconda.com (repo.anaconda.com)|104.16.130.3|:443... connected.
HTTP request sent, awaiting response... 200 OK
Length: 51093759 (49M) [application/x-sh]
Saving to: `miniconda.sh'

     0K .......... .......... .......... .......... ..........  0% 51.2M 1s
    50K .......... .......... .......... .......... ..........  0% 15.0M 2s
   100K .......... .......... .......... .......... ..........  0% 49.9M 2s
   150K .......... .......... .......... .......... ..........  0% 32.5M 2s
   200K .......... .......... .......... .......... ..........  0% 63.1M 1s
   250K .......... .......... .......... .......... ..........  0% 95.1M 1s
   300K .......... .......... .......... .......... ..........  0% 94.9M 1s
   350K .......... .......... .......... .......... ..........  0% 65.2M 1s
   400K .......... .......... .......... .......... ..........  0% 92.6M 1s
   450K .......... .......... .......... .......... ..........  1%  151M 1s
   500K .......... .......... .......... .......... ..........  1%  143M 1s
   550K .......... .......... .......... .......... ..........  1%  125M 1s
   600K .......... .......... .......... .......... ..........  1%  145M 1s
   650K .......... .......... .......... .......... ..........  1% 35.1M 1s
   700K .......... .......... .......... .......... ..........  1%  102M 1s
   750K .......... .......... .......... .......... ..........  1%  106M 1s
   800K .......... .......... .......... .......... ..........  1%  136M 1s
   850K .......... .......... .......... .......... ..........  1%  137M 1s
   900K .......... .......... .......... .......... ..........  1%  128M 1s
   950K .......... .......... .......... .......... ..........  2%  124M 1s
  1000K .......... .......... .......... .......... ..........  2%  131M 1s
  1050K .......... .......... .......... .......... ..........  2%  126M 1s
  1100K .......... .......... .......... .......... ..........  2% 89.8M 1s
  1150K .......... .......... .......... .......... ..........  2%  123M 1s
  1200K .......... .......... .......... .......... ..........  2%  127M 1s
  1250K .......... .......... .......... .......... ..........  2%  118M 1s
  1300K .......... .......... .......... .......... ..........  2%  109M 1s
  1350K .......... .......... .......... .......... ..........  2% 79.2M 1s
  1400K .......... .......... .......... .......... ..........  2% 99.1M 1s
  1450K .......... .......... .......... .......... ..........  3% 97.4M 1s
  1500K .......... .......... .......... .......... ..........  3%  130M 1s
  1550K .......... .......... .......... .......... ..........  3%  104M 1s
  1600K .......... .......... .......... .......... ..........  3%  141M 1s
  1650K .......... .......... .......... .......... ..........  3%  151M 1s
  1700K .......... .......... .......... .......... ..........  3%  147M 1s
  1750K .......... .......... .......... .......... ..........  3% 68.5M 1s
  1800K .......... .......... .......... .......... ..........  3%  110M 1s
  1850K .......... .......... .......... .......... ..........  3%  119M 1s
  1900K .......... .......... .......... .......... ..........  3%  154M 1s
  1950K .......... .......... .......... .......... ..........  4%  125M 1s
  2000K .......... .......... .......... .......... ..........  4%  124M 1s
  2050K .......... .......... .......... .......... ..........  4%  123M 1s
  2100K .......... .......... .......... .......... ..........  4%  104M 1s
  2150K .......... .......... .......... .......... ..........  4% 80.0M 1s
  2200K .......... .......... .......... .......... ..........  4% 88.1M 1s
  2250K .......... .......... .......... .......... ..........  4%  118M 1s
  2300K .......... .......... .......... .......... ..........  4%  131M 1s
  2350K .......... .......... .......... .......... ..........  4%  110M 1s
  2400K .......... .......... .......... .......... ..........  4%  135M 1s
  2450K .......... .......... .......... .......... ..........  5%  139M 1s
  2500K .......... .......... .......... .......... ..........  5%  122M 1s
  2550K .......... .......... .......... .......... ..........  5%  128M 1s
  2600K .......... .......... .......... .......... ..........  5%  113M 1s
  2650K .......... .......... .......... .......... ..........  5%  133M 1s
  2700K .......... .......... .......... .......... ..........  5%  115M 1s
  2750K .......... .......... .......... .......... ..........  5% 84.6M 1s
  2800K .......... .......... .......... .......... ..........  5%  111M 1s
  2850K .......... .......... .......... .......... ..........  5%  141M 1s
  2900K .......... .......... .......... .......... ..........  5%  122M 1s
  2950K .......... .......... .......... .......... ..........  6%  119M 1s
  3000K .......... .......... .......... .......... ..........  6% 97.0M 1s
  3050K .......... .......... .......... .......... ..........  6% 94.1M 1s
  3100K .......... .......... .......... .......... ..........  6%  104M 1s
  3150K .......... .......... .......... .......... ..........  6% 87.7M 0s
  3200K .......... .......... .......... .......... ..........  6%  143M 0s
  3250K .......... .......... .......... .......... ..........  6%  137M 0s
  3300K .......... .......... .......... .......... ..........  6%  140M 0s
  3350K .......... .......... .......... .......... ..........  6% 95.8M 0s
  3400K .......... .......... .......... .......... ..........  6% 87.3M 0s
  3450K .......... .......... .......... .......... ..........  7% 99.3M 0s
  3500K .......... .......... .......... .......... ..........  7%  128M 0s
  3550K .......... .......... .......... .......... ..........  7% 97.0M 0s
  3600K .......... .......... .......... .......... ..........  7%  124M 0s
  3650K .......... .......... .......... .......... ..........  7%  121M 0s
  3700K .......... .......... .......... .......... ..........  7%  120M 0s
  3750K .......... .......... .......... .......... ..........  7%  114M 0s
  3800K .......... .......... .......... .......... ..........  7%  126M 0s
  3850K .......... .......... .......... .......... ..........  7%  124M 0s
  3900K .......... .......... .......... .......... ..........  7%  103M 0s
  3950K .......... .......... .......... .......... ..........  8% 41.1M 0s
  4000K .......... .......... .......... .......... ..........  8% 41.8M 0s
  4050K .......... .......... .......... .......... ..........  8%  109M 0s
  4100K .......... .......... .......... .......... ..........  8%  122M 0s
  4150K .......... .......... .......... .......... ..........  8% 88.0M 0s
  4200K .......... .......... .......... .......... ..........  8%  146M 0s
  4250K .......... .......... .......... .......... ..........  8%  125M 0s
  4300K .......... .......... .......... .......... ..........  8% 94.1M 0s
  4350K .......... .......... .......... .......... ..........  8% 86.5M 0s
  4400K .......... .......... .......... .......... ..........  8%  138M 0s
  4450K .......... .......... .......... .......... ..........  9%  124M 0s
  4500K .......... .......... .......... .......... ..........  9%  111M 0s
  4550K .......... .......... .......... .......... ..........  9% 84.6M 0s
  4600K .......... .......... .......... .......... ..........  9%  127M 0s
  4650K .......... .......... .......... .......... ..........  9%  127M 0s
  4700K .......... .......... .......... .......... ..........  9%  122M 0s
  4750K .......... .......... .......... .......... ..........  9% 81.9M 0s
  4800K .......... .......... .......... .......... ..........  9%  120M 0s
  4850K .......... .......... .......... .......... ..........  9% 87.5M 0s
  4900K .......... .......... .......... .......... ..........  9% 92.4M 0s
  4950K .......... .......... .......... .......... .......... 10%  108M 0s
  5000K .......... .......... .......... .......... .......... 10%  121M 0s
  5050K .......... .......... .......... .......... .......... 10% 68.4M 0s
  5100K .......... .......... .......... .......... .......... 10%  133M 0s
  5150K .......... .......... .......... .......... .......... 10% 98.2M 0s
  5200K .......... .......... .......... .......... .......... 10%  100M 0s
  5250K .......... .......... .......... .......... .......... 10% 98.6M 0s
  5300K .......... .......... .......... .......... .......... 10%  115M 0s
  5350K .......... .......... .......... .......... .......... 10% 63.7M 0s
  5400K .......... .......... .......... .......... .......... 10% 85.8M 0s
  5450K .......... .......... .......... .......... .......... 11%  109M 0s
  5500K .......... .......... .......... .......... .......... 11%  140M 0s
  5550K .......... .......... .......... .......... .......... 11%  130M 0s
  5600K .......... .......... .......... .......... .......... 11%  123M 0s
  5650K .......... .......... .......... .......... .......... 11% 82.8M 0s
  5700K .......... .......... .......... .......... .......... 11% 87.2M 0s
  5750K .......... .......... .......... .......... .......... 11%  124M 0s
  5800K .......... .......... .......... .......... .......... 11%  128M 0s
  5850K .......... .......... .......... .......... .......... 11% 69.0M 0s
  5900K .......... .......... .......... .......... .......... 11% 57.6M 0s
  5950K .......... .......... .......... .......... .......... 12% 74.6M 0s
  6000K .......... .......... .......... .......... .......... 12%  114M 0s
  6050K .......... .......... .......... .......... .......... 12%  116M 0s
  6100K .......... .......... .......... .......... .......... 12% 93.8M 0s
  6150K .......... .......... .......... .......... .......... 12%  133M 0s
  6200K .......... .......... .......... .......... .......... 12%  152M 0s
  6250K .......... .......... .......... .......... .......... 12%  100M 0s
  6300K .......... .......... .......... .......... .......... 12%  114M 0s
  6350K .......... .......... .......... .......... .......... 12% 84.5M 0s
  6400K .......... .......... .......... .......... .......... 12% 92.9M 0s
  6450K .......... .......... .......... .......... .......... 13%  142M 0s
  6500K .......... .......... .......... .......... .......... 13%  111M 0s
  6550K .......... .......... .......... .......... .......... 13%  113M 0s
  6600K .......... .......... .......... .......... .......... 13% 96.7M 0s
  6650K .......... .......... .......... .......... .......... 13% 81.4M 0s
  6700K .......... .......... .......... .......... .......... 13%  120M 0s
  6750K .......... .......... .......... .......... .......... 13% 74.8M 0s
  6800K .......... .......... .......... .......... .......... 13% 92.0M 0s
  6850K .......... .......... .......... .......... .......... 13%  102M 0s
  6900K .......... .......... .......... .......... .......... 13%  107M 0s
  6950K .......... .......... .......... .......... .......... 14%  100M 0s
  7000K .......... .......... .......... .......... .......... 14%  121M 0s
  7050K .......... .......... .......... .......... .......... 14% 90.1M 0s
  7100K .......... .......... .......... .......... .......... 14%  105M 0s
  7150K .......... .......... .......... .......... .......... 14% 85.1M 0s
  7200K .......... .......... .......... .......... .......... 14%  110M 0s
  7250K .......... .......... .......... .......... .......... 14%  107M 0s
  7300K .......... .......... .......... .......... .......... 14%  103M 0s
  7350K .......... .......... .......... .......... .......... 14%  114M 0s
  7400K .......... .......... .......... .......... .......... 14% 57.8M 0s
  7450K .......... .......... .......... .......... .......... 15%  120M 0s
  7500K .......... .......... .......... .......... .......... 15% 91.1M 0s
  7550K .......... .......... .......... .......... .......... 15% 90.8M 0s
  7600K .......... .......... .......... .......... .......... 15%  107M 0s
  7650K .......... .......... .......... .......... .......... 15%  118M 0s
  7700K .......... .......... .......... .......... .......... 15%  114M 0s
  7750K .......... .......... .......... .......... .......... 15% 90.5M 0s
  7800K .......... .......... .......... .......... .......... 15%  107M 0s
  7850K .......... .......... .......... .......... .......... 15%  124M 0s
  7900K .......... .......... .......... .......... .......... 15% 98.1M 0s
  7950K .......... .......... .......... .......... .......... 16% 84.5M 0s
  8000K .......... .......... .......... .......... .......... 16%  110M 0s
  8050K .......... .......... .......... .......... .......... 16% 91.6M 0s
  8100K .......... .......... .......... .......... .......... 16%  110M 0s
  8150K .......... .......... .......... .......... .......... 16% 90.3M 0s
  8200K .......... .......... .......... .......... .......... 16%  123M 0s
  8250K .......... .......... .......... .......... .......... 16% 82.6M 0s
  8300K .......... .......... .......... .......... .......... 16%  123M 0s
  8350K .......... .......... .......... .......... .......... 16% 73.7M 0s
  8400K .......... .......... .......... .......... .......... 16%  113M 0s
  8450K .......... .......... .......... .......... .......... 17% 88.2M 0s
  8500K .......... .......... .......... .......... .......... 17%  104M 0s
  8550K .......... .......... .......... .......... .......... 17%  113M 0s
  8600K .......... .......... .......... .......... .......... 17% 98.4M 0s
  8650K .......... .......... .......... .......... .......... 17% 94.0M 0s
  8700K .......... .......... .......... .......... .......... 17%  123M 0s
  8750K .......... .......... .......... .......... .......... 17% 85.6M 0s
  8800K .......... .......... .......... .......... .......... 17%  102M 0s
  8850K .......... .......... .......... .......... .......... 17% 92.2M 0s
  8900K .......... .......... .......... .......... .......... 17% 88.2M 0s
  8950K .......... .......... .......... .......... .......... 18%  115M 0s
  9000K .......... .......... .......... .......... .......... 18%  126M 0s
  9050K .......... .......... .......... .......... .......... 18% 88.4M 0s
  9100K .......... .......... .......... .......... .......... 18% 84.8M 0s
  9150K .......... .......... .......... .......... .......... 18% 85.5M 0s
  9200K .......... .......... .......... .......... .......... 18%  107M 0s
  9250K .......... .......... .......... .......... .......... 18% 96.4M 0s
  9300K .......... .......... .......... .......... .......... 18%  117M 0s
  9350K .......... .......... .......... .......... .......... 18% 82.4M 0s
  9400K .......... .......... .......... .......... .......... 18%  105M 0s
  9450K .......... .......... .......... .......... .......... 19%  121M 0s
  9500K .......... .......... .......... .......... .......... 19% 94.9M 0s
  9550K .......... .......... .......... .......... .......... 19% 75.9M 0s
  9600K .......... .......... .......... .......... .......... 19%  120M 0s
  9650K .......... .......... .......... .......... .......... 19%  133M 0s
  9700K .......... .......... .......... .......... .......... 19% 77.5M 0s
  9750K .......... .......... .......... .......... .......... 19% 75.2M 0s
  9800K .......... .......... .......... .......... .......... 19% 86.9M 0s
  9850K .......... .......... .......... .......... .......... 19%  122M 0s
  9900K .......... .......... .......... .......... .......... 19%  136M 0s
  9950K .......... .......... .......... .......... .......... 20% 69.0M 0s
 10000K .......... .......... .......... .......... .......... 20% 78.3M 0s
 10050K .......... .......... .......... .......... .......... 20% 98.5M 0s
 10100K .......... .......... .......... .......... .......... 20%  149M 0s
 10150K .......... .......... .......... .......... .......... 20%  131M 0s
 10200K .......... .......... .......... .......... .......... 20% 95.6M 0s
 10250K .......... .......... .......... .......... .......... 20%  127M 0s
 10300K .......... .......... .......... .......... .......... 20%  111M 0s
 10350K .......... .......... .......... .......... .......... 20% 64.8M 0s
 10400K .......... .......... .......... .......... .......... 20%  161M 0s
 10450K .......... .......... .......... .......... .......... 21%  112M 0s
 10500K .......... .......... .......... .......... .......... 21%  129M 0s
 10550K .......... .......... .......... .......... .......... 21% 97.6M 0s
 10600K .......... .......... .......... .......... .......... 21%  112M 0s
 10650K .......... .......... .......... .......... .......... 21%  137M 0s
 10700K .......... .......... .......... .......... .......... 21%  113M 0s
 10750K .......... .......... .......... .......... .......... 21% 83.2M 0s
 10800K .......... .......... .......... .......... .......... 21%  109M 0s
 10850K .......... .......... .......... .......... .......... 21%  130M 0s
 10900K .......... .......... .......... .......... .......... 21%  121M 0s
 10950K .......... .......... .......... .......... .......... 22% 93.3M 0s
 11000K .......... .......... .......... .......... .......... 22%  116M 0s
 11050K .......... .......... .......... .......... .......... 22%  149M 0s
 11100K .......... .......... .......... .......... .......... 22%  115M 0s
 11150K .......... .......... .......... .......... .......... 22%  106M 0s
 11200K .......... .......... .......... .......... .......... 22%  118M 0s
 11250K .......... .......... .......... .......... .......... 22% 8.34M 0s
 11300K .......... .......... .......... .......... .......... 22%  104M 0s
 11350K .......... .......... .......... .......... .......... 22% 96.3M 0s
 11400K .......... .......... .......... .......... .......... 22%  118M 0s
 11450K .......... .......... .......... .......... .......... 23%  134M 0s
 11500K .......... .......... .......... .......... .......... 23% 99.1M 0s
 11550K .......... .......... .......... .......... .......... 23% 67.8M 0s
 11600K .......... .......... .......... .......... .......... 23% 87.1M 0s
 11650K .......... .......... .......... .......... .......... 23%  106M 0s
 11700K .......... .......... .......... .......... .......... 23%  135M 0s
 11750K .......... .......... .......... .......... .......... 23%  119M 0s
 11800K .......... .......... .......... .......... .......... 23%  134M 0s
 11850K .......... .......... .......... .......... .......... 23%  132M 0s
 11900K .......... .......... .......... .......... .......... 23%  109M 0s
 11950K .......... .......... .......... .......... .......... 24%  122M 0s
 12000K .......... .......... .......... .......... .......... 24%  152M 0s
 12050K .......... .......... .......... .......... .......... 24%  128M 0s
 12100K .......... .......... .......... .......... .......... 24%  117M 0s
 12150K .......... .......... .......... .......... .......... 24%  100M 0s
 12200K .......... .......... .......... .......... .......... 24%  100M 0s
 12250K .......... .......... .......... .......... .......... 24%  111M 0s
 12300K .......... .......... .......... .......... .......... 24%  102M 0s
 12350K .......... .......... .......... .......... .......... 24% 95.3M 0s
 12400K .......... .......... .......... .......... .......... 24%  105M 0s
 12450K .......... .......... .......... .......... .......... 25% 90.4M 0s
 12500K .......... .......... .......... .......... .......... 25% 99.2M 0s
 12550K .......... .......... .......... .......... .......... 25% 95.2M 0s
 12600K .......... .......... .......... .......... .......... 25%  107M 0s
 12650K .......... .......... .......... .......... .......... 25% 99.0M 0s
 12700K .......... .......... .......... .......... .......... 25%  115M 0s
 12750K .......... .......... .......... .......... .......... 25% 79.1M 0s
 12800K .......... .......... .......... .......... .......... 25%  104M 0s
 12850K .......... .......... .......... .......... .......... 25% 95.2M 0s
 12900K .......... .......... .......... .......... .......... 25%  107M 0s
 12950K .......... .......... .......... .......... .......... 26%  113M 0s
 13000K .......... .......... .......... .......... .......... 26% 58.2M 0s
 13050K .......... .......... .......... .......... .......... 26% 69.3M 0s
 13100K .......... .......... .......... .......... .......... 26% 89.3M 0s
 13150K .......... .......... .......... .......... .......... 26% 67.7M 0s
 13200K .......... .......... .......... .......... .......... 26%  120M 0s
 13250K .......... .......... .......... .......... .......... 26%  119M 0s
 13300K .......... .......... .......... .......... .......... 26%  117M 0s
 13350K .......... .......... .......... .......... .......... 26%  105M 0s
 13400K .......... .......... .......... .......... .......... 26% 35.1M 0s
 13450K .......... .......... .......... .......... .......... 27% 96.3M 0s
 13500K .......... .......... .......... .......... .......... 27% 99.9M 0s
 13550K .......... .......... .......... .......... .......... 27% 98.0M 0s
 13600K .......... .......... .......... .......... .......... 27%  154M 0s
 13650K .......... .......... .......... .......... .......... 27%  106M 0s
 13700K .......... .......... .......... .......... .......... 27% 60.7M 0s
 13750K .......... .......... .......... .......... .......... 27% 72.1M 0s
 13800K .......... .......... .......... .......... .......... 27%  121M 0s
 13850K .......... .......... .......... .......... .......... 27%  106M 0s
 13900K .......... .......... .......... .......... .......... 27%  110M 0s
 13950K .......... .......... .......... .......... .......... 28% 95.3M 0s
 14000K .......... .......... .......... .......... .......... 28%  107M 0s
 14050K .......... .......... .......... .......... .......... 28%  112M 0s
 14100K .......... .......... .......... .......... .......... 28%  125M 0s
 14150K .......... .......... .......... .......... .......... 28%  130M 0s
 14200K .......... .......... .......... .......... .......... 28%  158M 0s
 14250K .......... .......... .......... .......... .......... 28%  145M 0s
 14300K .......... .......... .......... .......... .......... 28% 82.6M 0s
 14350K .......... .......... .......... .......... .......... 28% 92.7M 0s
 14400K .......... .......... .......... .......... .......... 28% 87.4M 0s
 14450K .......... .......... .......... .......... .......... 29% 90.3M 0s
 14500K .......... .......... .......... .......... .......... 29%  115M 0s
 14550K .......... .......... .......... .......... .......... 29% 86.9M 0s
 14600K .......... .......... .......... .......... .......... 29% 83.3M 0s
 14650K .......... .......... .......... .......... .......... 29%  117M 0s
 14700K .......... .......... .......... .......... .......... 29%  127M 0s
 14750K .......... .......... .......... .......... .......... 29% 65.4M 0s
 14800K .......... .......... .......... .......... .......... 29% 93.0M 0s
 14850K .......... .......... .......... .......... .......... 29%  122M 0s
 14900K .......... .......... .......... .......... .......... 29% 96.5M 0s
 14950K .......... .......... .......... .......... .......... 30% 79.7M 0s
 15000K .......... .......... .......... .......... .......... 30% 94.8M 0s
 15050K .......... .......... .......... .......... .......... 30%  107M 0s
 15100K .......... .......... .......... .......... .......... 30%  104M 0s
 15150K .......... .......... .......... .......... .......... 30% 86.6M 0s
 15200K .......... .......... .......... .......... .......... 30%  108M 0s
 15250K .......... .......... .......... .......... .......... 30% 88.7M 0s
 15300K .......... .......... .......... .......... .......... 30% 91.7M 0s
 15350K .......... .......... .......... .......... .......... 30% 40.6M 0s
 15400K .......... .......... .......... .......... .......... 30% 82.1M 0s
 15450K .......... .......... .......... .......... .......... 31%  117M 0s
 15500K .......... .......... .......... .......... .......... 31%  103M 0s
 15550K .......... .......... .......... .......... .......... 31% 70.9M 0s
 15600K .......... .......... .......... .......... .......... 31% 58.0M 0s
 15650K .......... .......... .......... .......... .......... 31% 75.8M 0s
 15700K .......... .......... .......... .......... .......... 31%  154M 0s
 15750K .......... .......... .......... .......... .......... 31%  109M 0s
 15800K .......... .......... .......... .......... .......... 31%  132M 0s
 15850K .......... .......... .......... .......... .......... 31%  130M 0s
 15900K .......... .......... .......... .......... .......... 31%  137M 0s
 15950K .......... .......... .......... .......... .......... 32%  107M 0s
 16000K .......... .......... .......... .......... .......... 32%  139M 0s
 16050K .......... .......... .......... .......... .......... 32%  148M 0s
 16100K .......... .......... .......... .......... .......... 32% 81.3M 0s
 16150K .......... .......... .......... .......... .......... 32%  103M 0s
 16200K .......... .......... .......... .......... .......... 32% 82.8M 0s
 16250K .......... .......... .......... .......... .......... 32% 83.6M 0s
 16300K .......... .......... .......... .......... .......... 32%  113M 0s
 16350K .......... .......... .......... .......... .......... 32% 67.0M 0s
 16400K .......... .......... .......... .......... .......... 32%  127M 0s
 16450K .......... .......... .......... .......... .......... 33% 83.5M 0s
 16500K .......... .......... .......... .......... .......... 33% 86.4M 0s
 16550K .......... .......... .......... .......... .......... 33% 79.2M 0s
 16600K .......... .......... .......... .......... .......... 33%  122M 0s
 16650K .......... .......... .......... .......... .......... 33%  110M 0s
 16700K .......... .......... .......... .......... .......... 33% 83.3M 0s
 16750K .......... .......... .......... .......... .......... 33% 83.8M 0s
 16800K .......... .......... .......... .......... .......... 33% 94.0M 0s
 16850K .......... .......... .......... .......... .......... 33% 47.3M 0s
 16900K .......... .......... .......... .......... .......... 33% 86.4M 0s
 16950K .......... .......... .......... .......... .......... 34% 66.2M 0s
 17000K .......... .......... .......... .......... .......... 34% 87.9M 0s
 17050K .......... .......... .......... .......... .......... 34% 80.5M 0s
 17100K .......... .......... .......... .......... .......... 34%  122M 0s
 17150K .......... .......... .......... .......... .......... 34% 87.1M 0s
 17200K .......... .......... .......... .......... .......... 34% 90.0M 0s
 17250K .......... .......... .......... .......... .......... 34%  100M 0s
 17300K .......... .......... .......... .......... .......... 34% 81.7M 0s
 17350K .......... .......... .......... .......... .......... 34%  108M 0s
 17400K .......... .......... .......... .......... .......... 34% 83.5M 0s
 17450K .......... .......... .......... .......... .......... 35% 89.0M 0s
 17500K .......... .......... .......... .......... .......... 35%  112M 0s
 17550K .......... .......... .......... .......... .......... 35% 79.7M 0s
 17600K .......... .......... .......... .......... .......... 35% 87.8M 0s
 17650K .......... .......... .......... .......... .......... 35%  113M 0s
 17700K .......... .......... .......... .......... .......... 35% 82.2M 0s
 17750K .......... .......... .......... .......... .......... 35% 76.8M 0s
 17800K .......... .......... .......... .......... .......... 35% 81.5M 0s
 17850K .......... .......... .......... .......... .......... 35%  122M 0s
 17900K .......... .......... .......... .......... .......... 35% 79.2M 0s
 17950K .......... .......... .......... .......... .......... 36% 94.1M 0s
 18000K .......... .......... .......... .......... .......... 36% 62.2M 0s
 18050K .......... .......... .......... .......... .......... 36%  108M 0s
 18100K .......... .......... .......... .......... .......... 36% 84.5M 0s
 18150K .......... .......... .......... .......... .......... 36%  100M 0s
 18200K .......... .......... .......... .......... .......... 36% 88.7M 0s
 18250K .......... .......... .......... .......... .......... 36%  114M 0s
 18300K .......... .......... .......... .......... .......... 36% 82.2M 0s
 18350K .......... .......... .......... .......... .......... 36% 51.3M 0s
 18400K .......... .......... .......... .......... .......... 36%  113M 0s
 18450K .......... .......... .......... .......... .......... 37% 44.2M 0s
 18500K .......... .......... .......... .......... .......... 37%  113M 0s
 18550K .......... .......... .......... .......... .......... 37%  108M 0s
 18600K .......... .......... .......... .......... .......... 37% 79.5M 0s
 18650K .......... .......... .......... .......... .......... 37%  111M 0s
 18700K .......... .......... .......... .......... .......... 37% 56.6M 0s
 18750K .......... .......... .......... .......... .......... 37% 91.8M 0s
 18800K .......... .......... .......... .......... .......... 37%  108M 0s
 18850K .......... .......... .......... .......... .......... 37% 81.0M 0s
 18900K .......... .......... .......... .......... .......... 37%  121M 0s
 18950K .......... .......... .......... .......... .......... 38%  102M 0s
 19000K .......... .......... .......... .......... .......... 38%  122M 0s
 19050K .......... .......... .......... .......... .......... 38%  115M 0s
 19100K .......... .......... .......... .......... .......... 38%  113M 0s
 19150K .......... .......... .......... .......... .......... 38% 65.0M 0s
 19200K .......... .......... .......... .......... .......... 38%  122M 0s
 19250K .......... .......... .......... .......... .......... 38%  102M 0s
 19300K .......... .......... .......... .......... .......... 38% 81.6M 0s
 19350K .......... .......... .......... .......... .......... 38% 72.9M 0s
 19400K .......... .......... .......... .......... .......... 38%  112M 0s
 19450K .......... .......... .......... .......... .......... 39% 80.4M 0s
 19500K .......... .......... .......... .......... .......... 39% 73.2M 0s
 19550K .......... .......... .......... .......... .......... 39% 86.7M 0s
 19600K .......... .......... .......... .......... .......... 39% 81.1M 0s
 19650K .......... .......... .......... .......... .......... 39% 17.5M 0s
 19700K .......... .......... .......... .......... .......... 39%  115M 0s
 19750K .......... .......... .......... .......... .......... 39%  105M 0s
 19800K .......... .......... .......... .......... .......... 39%  105M 0s
 19850K .......... .......... .......... .......... .......... 39%  121M 0s
 19900K .......... .......... .......... .......... .......... 39% 70.3M 0s
 19950K .......... .......... .......... .......... .......... 40% 93.3M 0s
 20000K .......... .......... .......... .......... .......... 40%  108M 0s
 20050K .......... .......... .......... .......... .......... 40%  108M 0s
 20100K .......... .......... .......... .......... .......... 40%  121M 0s
 20150K .......... .......... .......... .......... .......... 40%  112M 0s
 20200K .......... .......... .......... .......... .......... 40%  120M 0s
 20250K .......... .......... .......... .......... .......... 40% 69.6M 0s
 20300K .......... .......... .......... .......... .......... 40% 91.9M 0s
 20350K .......... .......... .......... .......... .......... 40% 96.9M 0s
 20400K .......... .......... .......... .......... .......... 40%  112M 0s
 20450K .......... .......... .......... .......... .......... 41%  114M 0s
 20500K .......... .......... .......... .......... .......... 41%  110M 0s
 20550K .......... .......... .......... .......... .......... 41%  105M 0s
 20600K .......... .......... .......... .......... .......... 41%  114M 0s
 20650K .......... .......... .......... .......... .......... 41%  127M 0s
 20700K .......... .......... .......... .......... .......... 41% 65.2M 0s
 20750K .......... .......... .......... .......... .......... 41% 86.4M 0s
 20800K .......... .......... .......... .......... .......... 41%  113M 0s
 20850K .......... .......... .......... .......... .......... 41%  111M 0s
 20900K .......... .......... .......... .......... .......... 41% 75.3M 0s
 20950K .......... .......... .......... .......... .......... 42%  101M 0s
 21000K .......... .......... .......... .......... .......... 42% 67.6M 0s
 21050K .......... .......... .......... .......... .......... 42%  109M 0s
 21100K .......... .......... .......... .......... .......... 42%  105M 0s
 21150K .......... .......... .......... .......... .......... 42% 95.2M 0s
 21200K .......... .......... .......... .......... .......... 42% 89.0M 0s
 21250K .......... .......... .......... .......... .......... 42%  123M 0s
 21300K .......... .......... .......... .......... .......... 42%  119M 0s
 21350K .......... .......... .......... .......... .......... 42% 93.5M 0s
 21400K .......... .......... .......... .......... .......... 42%  131M 0s
 21450K .......... .......... .......... .......... .......... 43% 76.1M 0s
 21500K .......... .......... .......... .......... .......... 43% 65.6M 0s
 21550K .......... .......... .......... .......... .......... 43% 65.8M 0s
 21600K .......... .......... .......... .......... .......... 43%  112M 0s
 21650K .......... .......... .......... .......... .......... 43%  100M 0s
 21700K .......... .......... .......... .......... .......... 43% 66.5M 0s
 21750K .......... .......... .......... .......... .......... 43% 86.9M 0s
 21800K .......... .......... .......... .......... .......... 43% 79.6M 0s
 21850K .......... .......... .......... .......... .......... 43% 67.7M 0s
 21900K .......... .......... .......... .......... .......... 43% 49.0M 0s
 21950K .......... .......... .......... .......... .......... 44% 59.7M 0s
 22000K .......... .......... .......... .......... .......... 44% 64.9M 0s
 22050K .......... .......... .......... .......... .......... 44%  120M 0s
 22100K .......... .......... .......... .......... .......... 44%  123M 0s
 22150K .......... .......... .......... .......... .......... 44% 62.7M 0s
 22200K .......... .......... .......... .......... .......... 44%  109M 0s
 22250K .......... .......... .......... .......... .......... 44% 88.5M 0s
 22300K .......... .......... .......... .......... .......... 44% 84.0M 0s
 22350K .......... .......... .......... .......... .......... 44% 62.5M 0s
 22400K .......... .......... .......... .......... .......... 44%  112M 0s
 22450K .......... .......... .......... .......... .......... 45% 62.8M 0s
 22500K .......... .......... .......... .......... .......... 45% 50.0M 0s
 22550K .......... .......... .......... .......... .......... 45% 77.5M 0s
 22600K .......... .......... .......... .......... .......... 45% 90.1M 0s
 22650K .......... .......... .......... .......... .......... 45% 65.7M 0s
 22700K .......... .......... .......... .......... .......... 45% 45.3M 0s
 22750K .......... .......... .......... .......... .......... 45% 45.0M 0s
 22800K .......... .......... .......... .......... .......... 45% 64.1M 0s
 22850K .......... .......... .......... .......... .......... 45% 72.6M 0s
 22900K .......... .......... .......... .......... .......... 45% 68.6M 0s
 22950K .......... .......... .......... .......... .......... 46%  100M 0s
 23000K .......... .......... .......... .......... .......... 46% 95.5M 0s
 23050K .......... .......... .......... .......... .......... 46%  108M 0s
 23100K .......... .......... .......... .......... .......... 46%  122M 0s
 23150K .......... .......... .......... .......... .......... 46% 57.9M 0s
 23200K .......... .......... .......... .......... .......... 46% 68.2M 0s
 23250K .......... .......... .......... .......... .......... 46% 74.9M 0s
 23300K .......... .......... .......... .......... .......... 46% 60.9M 0s
 23350K .......... .......... .......... .......... .......... 46% 60.8M 0s
 23400K .......... .......... .......... .......... .......... 46%  128M 0s
 23450K .......... .......... .......... .......... .......... 47% 64.1M 0s
 23500K .......... .......... .......... .......... .......... 47% 73.9M 0s
 23550K .......... .......... .......... .......... .......... 47% 52.3M 0s
 23600K .......... .......... .......... .......... .......... 47% 59.6M 0s
 23650K .......... .......... .......... .......... .......... 47% 66.5M 0s
 23700K .......... .......... .......... .......... .......... 47%  113M 0s
 23750K .......... .......... .......... .......... .......... 47%  103M 0s
 23800K .......... .......... .......... .......... .......... 47%  101M 0s
 23850K .......... .......... .......... .......... .......... 47% 74.7M 0s
 23900K .......... .......... .......... .......... .......... 47% 64.5M 0s
 23950K .......... .......... .......... .......... .......... 48% 85.4M 0s
 24000K .......... .......... .......... .......... .......... 48% 65.6M 0s
 24050K .......... .......... .......... .......... .......... 48% 62.3M 0s
 24100K .......... .......... .......... .......... .......... 48%  120M 0s
 24150K .......... .......... .......... .......... .......... 48% 61.2M 0s
 24200K .......... .......... .......... .......... .......... 48% 62.7M 0s
 24250K .......... .......... .......... .......... .......... 48% 63.9M 0s
 24300K .......... .......... .......... .......... .......... 48%  122M 0s
 24350K .......... .......... .......... .......... .......... 48% 59.3M 0s
 24400K .......... .......... .......... .......... .......... 49% 62.4M 0s
 24450K .......... .......... .......... .......... .......... 49% 66.4M 0s
 24500K .......... .......... .......... .......... .......... 49% 96.8M 0s
 24550K .......... .......... .......... .......... .......... 49% 73.6M 0s
 24600K .......... .......... .......... .......... .......... 49% 81.3M 0s
 24650K .......... .......... .......... .......... .......... 49% 75.1M 0s
 24700K .......... .......... .......... .......... .......... 49% 63.7M 0s
 24750K .......... .......... .......... .......... .......... 49% 78.1M 0s
 24800K .......... .......... .......... .......... .......... 49% 64.3M 0s
 24850K .......... .......... .......... .......... .......... 49% 66.7M 0s
 24900K .......... .......... .......... .......... .......... 50% 99.3M 0s
 24950K .......... .......... .......... .......... .......... 50% 67.1M 0s
 25000K .......... .......... .......... .......... .......... 50% 60.2M 0s
 25050K .......... .......... .......... .......... .......... 50% 68.6M 0s
 25100K .......... .......... .......... .......... .......... 50%  112M 0s
 25150K .......... .......... .......... .......... .......... 50% 55.3M 0s
 25200K .......... .......... .......... .......... .......... 50% 63.9M 0s
 25250K .......... .......... .......... .......... .......... 50% 58.2M 0s
 25300K .......... .......... .......... .......... .......... 50% 63.9M 0s
 25350K .......... .......... .......... .......... .......... 50%  102M 0s
 25400K .......... .......... .......... .......... .......... 51% 58.8M 0s
 25450K .......... .......... .......... .......... .......... 51% 96.0M 0s
 25500K .......... .......... .......... .......... .......... 51% 43.3M 0s
 25550K .......... .......... .......... .......... .......... 51% 76.5M 0s
 25600K .......... .......... .......... .......... .......... 51% 73.5M 0s
 25650K .......... .......... .......... .......... .......... 51%  122M 0s
 25700K .......... .......... .......... .......... .......... 51% 57.1M 0s
 25750K .......... .......... .......... .......... .......... 51% 32.7M 0s
 25800K .......... .......... .......... .......... .......... 51% 58.7M 0s
 25850K .......... .......... .......... .......... .......... 51% 99.0M 0s
 25900K .......... .......... .......... .......... .......... 52%  107M 0s
 25950K .......... .......... .......... .......... .......... 52% 40.8M 0s
 26000K .......... .......... .......... .......... .......... 52%  124M 0s
 26050K .......... .......... .......... .......... .......... 52%  122M 0s
 26100K .......... .......... .......... .......... .......... 52% 40.0M 0s
 26150K .......... .......... .......... .......... .......... 52% 73.9M 0s
 26200K .......... .......... .......... .......... .......... 52% 96.5M 0s
 26250K .......... .......... .......... .......... .......... 52% 54.6M 0s
 26300K .......... .......... .......... .......... .......... 52% 93.0M 0s
 26350K .......... .......... .......... .......... .......... 52% 38.0M 0s
 26400K .......... .......... .......... .......... .......... 53% 28.4M 0s
 26450K .......... .......... .......... .......... .......... 53%  108M 0s
 26500K .......... .......... .......... .......... .......... 53% 15.1M 0s
 26550K .......... .......... .......... .......... .......... 53% 78.5M 0s
 26600K .......... .......... .......... .......... .......... 53% 46.4M 0s
 26650K .......... .......... .......... .......... .......... 53% 96.1M 0s
 26700K .......... .......... .......... .......... .......... 53% 81.3M 0s
 26750K .......... .......... .......... .......... .......... 53% 87.3M 0s
 26800K .......... .......... .......... .......... .......... 53% 87.2M 0s
 26850K .......... .......... .......... .......... .......... 53%  120M 0s
 26900K .......... .......... .......... .......... .......... 54% 49.8M 0s
 26950K .......... .......... .......... .......... .......... 54%  113M 0s
 27000K .......... .......... .......... .......... .......... 54%  108M 0s
 27050K .......... .......... .......... .......... .......... 54% 53.7M 0s
 27100K .......... .......... .......... .......... .......... 54%  107M 0s
 27150K .......... .......... .......... .......... .......... 54% 95.5M 0s
 27200K .......... .......... .......... .......... .......... 54%  116M 0s
 27250K .......... .......... .......... .......... .......... 54%  114M 0s
 27300K .......... .......... .......... .......... .......... 54% 55.5M 0s
 27350K .......... .......... .......... .......... .......... 54% 49.0M 0s
 27400K .......... .......... .......... .......... .......... 55% 96.7M 0s
 27450K .......... .......... .......... .......... .......... 55%  106M 0s
 27500K .......... .......... .......... .......... .......... 55%  126M 0s
 27550K .......... .......... .......... .......... .......... 55% 92.5M 0s
 27600K .......... .......... .......... .......... .......... 55% 18.6M 0s
 27650K .......... .......... .......... .......... .......... 55%  113M 0s
 27700K .......... .......... .......... .......... .......... 55%  119M 0s
 27750K .......... .......... .......... .......... .......... 55% 93.8M 0s
 27800K .......... .......... .......... .......... .......... 55% 99.3M 0s
 27850K .......... .......... .......... .......... .......... 55% 60.0M 0s
 27900K .......... .......... .......... .......... .......... 56%  116M 0s
 27950K .......... .......... .......... .......... .......... 56% 96.4M 0s
 28000K .......... .......... .......... .......... .......... 56%  113M 0s
 28050K .......... .......... .......... .......... .......... 56%  106M 0s
 28100K .......... .......... .......... .......... .......... 56%  136M 0s
 28150K .......... .......... .......... .......... .......... 56%  106M 0s
 28200K .......... .......... .......... .......... .......... 56%  114M 0s
 28250K .......... .......... .......... .......... .......... 56%  125M 0s
 28300K .......... .......... .......... .......... .......... 56%  119M 0s
 28350K .......... .......... .......... .......... .......... 56% 94.0M 0s
 28400K .......... .......... .......... .......... .......... 57%  105M 0s
 28450K .......... .......... .......... .......... .......... 57%  118M 0s
 28500K .......... .......... .......... .......... .......... 57%  126M 0s
 28550K .......... .......... .......... .......... .......... 57%  103M 0s
 28600K .......... .......... .......... .......... .......... 57%  122M 0s
 28650K .......... .......... .......... .......... .......... 57%  121M 0s
 28700K .......... .......... .......... .......... .......... 57%  109M 0s
 28750K .......... .......... .......... .......... .......... 57% 46.8M 0s
 28800K .......... .......... .......... .......... .......... 57%  107M 0s
 28850K .......... .......... .......... .......... .......... 57% 50.7M 0s
 28900K .......... .......... .......... .......... .......... 58% 51.3M 0s
 28950K .......... .......... .......... .......... .......... 58% 48.6M 0s
 29000K .......... .......... .......... .......... .......... 58%  127M 0s
 29050K .......... .......... .......... .......... .......... 58%  109M 0s
 29100K .......... .......... .......... .......... .......... 58% 49.6M 0s
 29150K .......... .......... .......... .......... .......... 58% 45.5M 0s
 29200K .......... .......... .......... .......... .......... 58% 50.3M 0s
 29250K .......... .......... .......... .......... .......... 58%  114M 0s
 29300K .......... .......... .......... .......... .......... 58% 49.9M 0s
 29350K .......... .......... .......... .......... .......... 58%  115M 0s
 29400K .......... .......... .......... .......... .......... 59% 50.8M 0s
 29450K .......... .......... .......... .......... .......... 59%  112M 0s
 29500K .......... .......... .......... .......... .......... 59% 53.5M 0s
 29550K .......... .......... .......... .......... .......... 59% 46.3M 0s
 29600K .......... .......... .......... .......... .......... 59% 95.8M 0s
 29650K .......... .......... .......... .......... .......... 59%  121M 0s
 29700K .......... .......... .......... .......... .......... 59% 53.9M 0s
 29750K .......... .......... .......... .......... .......... 59% 99.7M 0s
 29800K .......... .......... .......... .......... .......... 59%  107M 0s
 29850K .......... .......... .......... .......... .......... 59% 53.1M 0s
 29900K .......... .......... .......... .......... .......... 60%  106M 0s
 29950K .......... .......... .......... .......... .......... 60% 94.5M 0s
 30000K .......... .......... .......... .......... .......... 60%  122M 0s
 30050K .......... .......... .......... .......... .......... 60% 51.9M 0s
 30100K .......... .......... .......... .......... .......... 60%  121M 0s
 30150K .......... .......... .......... .......... .......... 60%  101M 0s
 30200K .......... .......... .......... .......... .......... 60%  123M 0s
 30250K .......... .......... .......... .......... .......... 60% 49.2M 0s
 30300K .......... .......... .......... .......... .......... 60%  120M 0s
 30350K .......... .......... .......... .......... .......... 60% 22.1M 0s
 30400K .......... .......... .......... .......... .......... 61%  115M 0s
 30450K .......... .......... .......... .......... .......... 61% 50.5M 0s
 30500K .......... .......... .......... .......... .......... 61%  121M 0s
 30550K .......... .......... .......... .......... .......... 61% 59.1M 0s
 30600K .......... .......... .......... .......... .......... 61% 78.8M 0s
 30650K .......... .......... .......... .......... .......... 61%  121M 0s
 30700K .......... .......... .......... .......... .......... 61%  121M 0s
 30750K .......... .......... .......... .......... .......... 61% 8.47M 0s
 30800K .......... .......... .......... .......... .......... 61%  127M 0s
 30850K .......... .......... .......... .......... .......... 61%  121M 0s
 30900K .......... .......... .......... .......... .......... 62%  100M 0s
 30950K .......... .......... .......... .......... .......... 62%  127M 0s
 31000K .......... .......... .......... .......... .......... 62% 4.03M 0s
 31050K .......... .......... .......... .......... .......... 62% 66.4M 0s
 31100K .......... .......... .......... .......... .......... 62% 74.2M 0s
 31150K .......... .......... .......... .......... .......... 62% 59.3M 0s
 31200K .......... .......... .......... .......... .......... 62% 75.9M 0s
 31250K .......... .......... .......... .......... .......... 62%  101M 0s
 31300K .......... .......... .......... .......... .......... 62%  113M 0s
 31350K .......... .......... .......... .......... .......... 62% 74.5M 0s
 31400K .......... .......... .......... .......... .......... 63%  125M 0s
 31450K .......... .......... .......... .......... .......... 63% 15.2M 0s
 31500K .......... .......... .......... .......... .......... 63% 81.2M 0s
 31550K .......... .......... .......... .......... .......... 63%  112M 0s
 31600K .......... .......... .......... .......... .......... 63% 27.5M 0s
 31650K .......... .......... .......... .......... .......... 63%  137M 0s
 31700K .......... .......... .......... .......... .......... 63% 52.5M 0s
 31750K .......... .......... .......... .......... .......... 63%  101M 0s
 31800K .......... .......... .......... .......... .......... 63%  120M 0s
 31850K .......... .......... .......... .......... .......... 63%  123M 0s
 31900K .......... .......... .......... .......... .......... 64% 50.3M 0s
 31950K .......... .......... .......... .......... .......... 64% 93.9M 0s
 32000K .......... .......... .......... .......... .......... 64%  121M 0s
 32050K .......... .......... .......... .......... .......... 64% 49.2M 0s
 32100K .......... .......... .......... .......... .......... 64%  109M 0s
 32150K .......... .......... .......... .......... .......... 64%  112M 0s
 32200K .......... .......... .......... .......... .......... 64%  122M 0s
 32250K .......... .......... .......... .......... .......... 64%  123M 0s
 32300K .......... .......... .......... .......... .......... 64% 51.4M 0s
 32350K .......... .......... .......... .......... .......... 64% 43.7M 0s
 32400K .......... .......... .......... .......... .......... 65%  121M 0s
 32450K .......... .......... .......... .......... .......... 65%  115M 0s
 32500K .......... .......... .......... .......... .......... 65%  111M 0s
 32550K .......... .......... .......... .......... .......... 65%  119M 0s
 32600K .......... .......... .......... .......... .......... 65%  111M 0s
 32650K .......... .......... .......... .......... .......... 65%  119M 0s
 32700K .......... .......... .......... .......... .......... 65%  129M 0s
 32750K .......... .......... .......... .......... .......... 65% 84.7M 0s
 32800K .......... .......... .......... .......... .......... 65%  128M 0s
 32850K .......... .......... .......... .......... .......... 65%  112M 0s
 32900K .......... .......... .......... .......... .......... 66%  112M 0s
 32950K .......... .......... .......... .......... .......... 66%  118M 0s
 33000K .......... .......... .......... .......... .......... 66%  116M 0s
 33050K .......... .......... .......... .......... .......... 66% 8.03M 0s
 33100K .......... .......... .......... .......... .......... 66% 53.4M 0s
 33150K .......... .......... .......... .......... .......... 66% 43.9M 0s
 33200K .......... .......... .......... .......... .......... 66% 51.6M 0s
 33250K .......... .......... .......... .......... .......... 66% 50.3M 0s
 33300K .......... .......... .......... .......... .......... 66%  109M 0s
 33350K .......... .......... .......... .......... .......... 66%  111M 0s
 33400K .......... .......... .......... .......... .......... 67% 50.9M 0s
 33450K .......... .......... .......... .......... .......... 67% 48.2M 0s
 33500K .......... .......... .......... .......... .......... 67% 57.4M 0s
 33550K .......... .......... .......... .......... .......... 67% 77.4M 0s
 33600K .......... .......... .......... .......... .......... 67% 51.2M 0s
 33650K .......... .......... .......... .......... .......... 67%  121M 0s
 33700K .......... .......... .......... .......... .......... 67% 56.8M 0s
 33750K .......... .......... .......... .......... .......... 67% 87.0M 0s
 33800K .......... .......... .......... .......... .......... 67%  109M 0s
 33850K .......... .......... .......... .......... .......... 67%  124M 0s
 33900K .......... .......... .......... .......... .......... 68%  121M 0s
 33950K .......... .......... .......... .......... .......... 68% 46.3M 0s
 34000K .......... .......... .......... .......... .......... 68% 8.70M 0s
 34050K .......... .......... .......... .......... .......... 68% 38.1M 0s
 34100K .......... .......... .......... .......... .......... 68%  113M 0s
 34150K .......... .......... .......... .......... .......... 68%  103M 0s
 34200K .......... .......... .......... .......... .......... 68%  120M 0s
 34250K .......... .......... .......... .......... .......... 68% 53.0M 0s
 34300K .......... .......... .......... .......... .......... 68% 90.6M 0s
 34350K .......... .......... .......... .......... .......... 68%  103M 0s
 34400K .......... .......... .......... .......... .......... 69%  132M 0s
 34450K .......... .......... .......... .......... .......... 69% 49.9M 0s
 34500K .......... .......... .......... .......... .......... 69%  109M 0s
 34550K .......... .......... .......... .......... .......... 69% 10.1M 0s
 34600K .......... .......... .......... .......... .......... 69%  113M 0s
 34650K .......... .......... .......... .......... .......... 69%  119M 0s
 34700K .......... .......... .......... .......... .......... 69% 97.9M 0s
 34750K .......... .......... .......... .......... .......... 69% 93.9M 0s
 34800K .......... .......... .......... .......... .......... 69% 7.73M 0s
 34850K .......... .......... .......... .......... .......... 69% 53.5M 0s
 34900K .......... .......... .......... .......... .......... 70% 97.7M 0s
 34950K .......... .......... .......... .......... .......... 70%  108M 0s
 35000K .......... .......... .......... .......... .......... 70%  126M 0s
 35050K .......... .......... .......... .......... .......... 70%  108M 0s
 35100K .......... .......... .......... .......... .......... 70% 50.4M 0s
 35150K .......... .......... .......... .......... .......... 70% 89.5M 0s
 35200K .......... .......... .......... .......... .......... 70%  114M 0s
 35250K .......... .......... .......... .......... .......... 70%  117M 0s
 35300K .......... .......... .......... .......... .......... 70% 52.2M 0s
 35350K .......... .......... .......... .......... .......... 70%  105M 0s
 35400K .......... .......... .......... .......... .......... 71%  114M 0s
 35450K .......... .......... .......... .......... .......... 71%  111M 0s
 35500K .......... .......... .......... .......... .......... 71%  123M 0s
 35550K .......... .......... .......... .......... .......... 71% 62.3M 0s
 35600K .......... .......... .......... .......... .......... 71% 73.5M 0s
 35650K .......... .......... .......... .......... .......... 71%  116M 0s
 35700K .......... .......... .......... .......... .......... 71%  110M 0s
 35750K .......... .......... .......... .......... .......... 71%  112M 0s
 35800K .......... .......... .......... .......... .......... 71% 50.8M 0s
 35850K .......... .......... .......... .......... .......... 71%  113M 0s
 35900K .......... .......... .......... .......... .......... 72%  119M 0s
 35950K .......... .......... .......... .......... .......... 72% 90.9M 0s
 36000K .......... .......... .......... .......... .......... 72% 44.6M 0s
 36050K .......... .......... .......... .......... .......... 72% 62.1M 0s
 36100K .......... .......... .......... .......... .......... 72%  119M 0s
 36150K .......... .......... .......... .......... .......... 72%  101M 0s
 36200K .......... .......... .......... .......... .......... 72%  128M 0s
 36250K .......... .......... .......... .......... .......... 72%  118M 0s
 36300K .......... .......... .......... .......... .......... 72% 49.9M 0s
 36350K .......... .......... .......... .......... .......... 72% 91.5M 0s
 36400K .......... .......... .......... .......... .......... 73% 71.9M 0s
 36450K .......... .......... .......... .......... .......... 73%  106M 0s
 36500K .......... .......... .......... .......... .......... 73% 74.5M 0s
 36550K .......... .......... .......... .......... .......... 73%  112M 0s
 36600K .......... .......... .......... .......... .......... 73% 49.4M 0s
 36650K .......... .......... .......... .......... .......... 73%  122M 0s
 36700K .......... .......... .......... .......... .......... 73%  109M 0s
 36750K .......... .......... .......... .......... .......... 73% 94.0M 0s
 36800K .......... .......... .......... .......... .......... 73% 50.4M 0s
 36850K .......... .......... .......... .......... .......... 73%  121M 0s
 36900K .......... .......... .......... .......... .......... 74%  119M 0s
 36950K .......... .......... .......... .......... .......... 74%  101M 0s
 37000K .......... .......... .......... .......... .......... 74% 50.4M 0s
 37050K .......... .......... .......... .......... .......... 74%  121M 0s
 37100K .......... .......... .......... .......... .......... 74%  120M 0s
 37150K .......... .......... .......... .......... .......... 74% 87.5M 0s
 37200K .......... .......... .......... .......... .......... 74%  128M 0s
 37250K .......... .......... .......... .......... .......... 74%  114M 0s
 37300K .......... .......... .......... .......... .......... 74%  113M 0s
 37350K .......... .......... .......... .......... .......... 74% 49.3M 0s
 37400K .......... .......... .......... .......... .......... 75%  113M 0s
 37450K .......... .......... .......... .......... .......... 75%  127M 0s
 37500K .......... .......... .......... .......... .......... 75%  113M 0s
 37550K .......... .......... .......... .......... .......... 75% 95.2M 0s
 37600K .......... .......... .......... .......... .......... 75%  114M 0s
 37650K .......... .......... .......... .......... .......... 75%  127M 0s
 37700K .......... .......... .......... .......... .......... 75%  114M 0s
 37750K .......... .......... .......... .......... .......... 75%  107M 0s
 37800K .......... .......... .......... .......... .......... 75%  123M 0s
 37850K .......... .......... .......... .......... .......... 75%  122M 0s
 37900K .......... .......... .......... .......... .......... 76%  108M 0s
 37950K .......... .......... .......... .......... .......... 76% 77.8M 0s
 38000K .......... .......... .......... .......... .......... 76% 7.90M 0s
 38050K .......... .......... .......... .......... .......... 76%  107M 0s
 38100K .......... .......... .......... .......... .......... 76% 62.6M 0s
 38150K .......... .......... .......... .......... .......... 76% 72.3M 0s
 38200K .......... .......... .......... .......... .......... 76% 87.6M 0s
 38250K .......... .......... .......... .......... .......... 76%  147M 0s
 38300K .......... .......... .......... .......... .......... 76% 57.0M 0s
 38350K .......... .......... .......... .......... .......... 76% 46.1M 0s
 38400K .......... .......... .......... .......... .......... 77%  126M 0s
 38450K .......... .......... .......... .......... .......... 77% 59.3M 0s
 38500K .......... .......... .......... .......... .......... 77% 97.8M 0s
 38550K .......... .......... .......... .......... .......... 77% 87.2M 0s
 38600K .......... .......... .......... .......... .......... 77%  148M 0s
 38650K .......... .......... .......... .......... .......... 77%  128M 0s
 38700K .......... .......... .......... .......... .......... 77%  109M 0s
 38750K .......... .......... .......... .......... .......... 77% 81.2M 0s
 38800K .......... .......... .......... .......... .......... 77% 51.5M 0s
 38850K .......... .......... .......... .......... .......... 77% 53.8M 0s
 38900K .......... .......... .......... .......... .......... 78%  118M 0s
 38950K .......... .......... .......... .......... .......... 78%  114M 0s
 39000K .......... .......... .......... .......... .......... 78% 36.3M 0s
 39050K .......... .......... .......... .......... .......... 78% 42.5M 0s
 39100K .......... .......... .......... .......... .......... 78% 97.5M 0s
 39150K .......... .......... .......... .......... .......... 78%  107M 0s
 39200K .......... .......... .......... .......... .......... 78%  116M 0s
 39250K .......... .......... .......... .......... .......... 78%  112M 0s
 39300K .......... .......... .......... .......... .......... 78%  130M 0s
 39350K .......... .......... .......... .......... .......... 78% 48.7M 0s
 39400K .......... .......... .......... .......... .......... 79% 86.6M 0s
 39450K .......... .......... .......... .......... .......... 79% 57.7M 0s
 39500K .......... .......... .......... .......... .......... 79% 51.4M 0s
 39550K .......... .......... .......... .......... .......... 79% 89.1M 0s
 39600K .......... .......... .......... .......... .......... 79%  122M 0s
 39650K .......... .......... .......... .......... .......... 79%  122M 0s
 39700K .......... .......... .......... .......... .......... 79%  100M 0s
 39750K .......... .......... .......... .......... .......... 79% 52.1M 0s
 39800K .......... .......... .......... .......... .......... 79%  110M 0s
 39850K .......... .......... .......... .......... .......... 79% 64.1M 0s
 39900K .......... .......... .......... .......... .......... 80% 80.2M 0s
 39950K .......... .......... .......... .......... .......... 80% 29.2M 0s
 40000K .......... .......... .......... .......... .......... 80%  119M 0s
 40050K .......... .......... .......... .......... .......... 80%  121M 0s
 40100K .......... .......... .......... .......... .......... 80%  125M 0s
 40150K .......... .......... .......... .......... .......... 80% 99.9M 0s
 40200K .......... .......... .......... .......... .......... 80%  113M 0s
 40250K .......... .......... .......... .......... .......... 80%  128M 0s
 40300K .......... .......... .......... .......... .......... 80%  114M 0s
 40350K .......... .......... .......... .......... .......... 80% 30.9M 0s
 40400K .......... .......... .......... .......... .......... 81%  108M 0s
 40450K .......... .......... .......... .......... .......... 81% 50.0M 0s
 40500K .......... .......... .......... .......... .......... 81% 50.7M 0s
 40550K .......... .......... .......... .......... .......... 81% 49.1M 0s
 40600K .......... .......... .......... .......... .......... 81%  107M 0s
 40650K .......... .......... .......... .......... .......... 81%  124M 0s
 40700K .......... .......... .......... .......... .......... 81% 48.8M 0s
 40750K .......... .......... .......... .......... .......... 81% 95.6M 0s
 40800K .......... .......... .......... .......... .......... 81% 49.2M 0s
 40850K .......... .......... .......... .......... .......... 81%  131M 0s
 40900K .......... .......... .......... .......... .......... 82% 78.5M 0s
 40950K .......... .......... .......... .......... .......... 82% 57.2M 0s
 41000K .......... .......... .......... .......... .......... 82%  133M 0s
 41050K .......... .......... .......... .......... .......... 82%  119M 0s
 41100K .......... .......... .......... .......... .......... 82% 48.3M 0s
 41150K .......... .......... .......... .......... .......... 82% 83.6M 0s
 41200K .......... .......... .......... .......... .......... 82%  152M 0s
 41250K .......... .......... .......... .......... .......... 82% 85.6M 0s
 41300K .......... .......... .......... .......... .......... 82% 77.6M 0s
 41350K .......... .......... .......... .......... .......... 82% 70.0M 0s
 41400K .......... .......... .......... .......... .......... 83% 32.2M 0s
 41450K .......... .......... .......... .......... .......... 83%  144M 0s
 41500K .......... .......... .......... .......... .......... 83% 77.2M 0s
 41550K .......... .......... .......... .......... .......... 83% 51.6M 0s
 41600K .......... .......... .......... .......... .......... 83% 96.2M 0s
 41650K .......... .......... .......... .......... .......... 83%  135M 0s
 41700K .......... .......... .......... .......... .......... 83% 55.0M 0s
 41750K .......... .......... .......... .......... .......... 83%  112M 0s
 41800K .......... .......... .......... .......... .......... 83%  110M 0s
 41850K .......... .......... .......... .......... .......... 83% 42.4M 0s
 41900K .......... .......... .......... .......... .......... 84%  131M 0s
 41950K .......... .......... .......... .......... .......... 84% 46.5M 0s
 42000K .......... .......... .......... .......... .......... 84% 50.6M 0s
 42050K .......... .......... .......... .......... .......... 84%  114M 0s
 42100K .......... .......... .......... .......... .......... 84% 48.3M 0s
 42150K .......... .......... .......... .......... .......... 84%  110M 0s
 42200K .......... .......... .......... .......... .......... 84%  123M 0s
 42250K .......... .......... .......... .......... .......... 84% 50.8M 0s
 42300K .......... .......... .......... .......... .......... 84%  122M 0s
 42350K .......... .......... .......... .......... .......... 84% 84.6M 0s
 42400K .......... .......... .......... .......... .......... 85% 49.4M 0s
 42450K .......... .......... .......... .......... .......... 85% 51.4M 0s
 42500K .......... .......... .......... .......... .......... 85% 52.6M 0s
 42550K .......... .......... .......... .......... .......... 85% 55.6M 0s
 42600K .......... .......... .......... .......... .......... 85% 78.7M 0s
 42650K .......... .......... .......... .......... .......... 85% 54.9M 0s
 42700K .......... .......... .......... .......... .......... 85%  119M 0s
 42750K .......... .......... .......... .......... .......... 85% 43.0M 0s
 42800K .......... .......... .......... .......... .......... 85%  104M 0s
 42850K .......... .......... .......... .......... .......... 85% 89.6M 0s
 42900K .......... .......... .......... .......... .......... 86%  102M 0s
 42950K .......... .......... .......... .......... .......... 86%  126M 0s
 43000K .......... .......... .......... .......... .......... 86%  130M 0s
 43050K .......... .......... .......... .......... .......... 86%  136M 0s
 43100K .......... .......... .......... .......... .......... 86%  130M 0s
 43150K .......... .......... .......... .......... .......... 86% 41.3M 0s
 43200K .......... .......... .......... .......... .......... 86% 88.4M 0s
 43250K .......... .......... .......... .......... .......... 86% 87.4M 0s
 43300K .......... .......... .......... .......... .......... 86%  122M 0s
 43350K .......... .......... .......... .......... .......... 86%  120M 0s
 43400K .......... .......... .......... .......... .......... 87%  133M 0s
 43450K .......... .......... .......... .......... .......... 87%  134M 0s
 43500K .......... .......... .......... .......... .......... 87%  129M 0s
 43550K .......... .......... .......... .......... .......... 87%  101M 0s
 43600K .......... .......... .......... .......... .......... 87%  103M 0s
 43650K .......... .......... .......... .......... .......... 87% 69.5M 0s
 43700K .......... .......... .......... .......... .......... 87% 31.3M 0s
 43750K .......... .......... .......... .......... .......... 87%  127M 0s
 43800K .......... .......... .......... .......... .......... 87%  110M 0s
 43850K .......... .......... .......... .......... .......... 87%  107M 0s
 43900K .......... .......... .......... .......... .......... 88%  137M 0s
 43950K .......... .......... .......... .......... .......... 88% 30.5M 0s
 44000K .......... .......... .......... .......... .......... 88%  107M 0s
 44050K .......... .......... .......... .......... .......... 88% 44.6M 0s
 44100K .......... .......... .......... .......... .......... 88%  108M 0s
 44150K .......... .......... .......... .......... .......... 88% 85.7M 0s
 44200K .......... .......... .......... .......... .......... 88%  115M 0s
 44250K .......... .......... .......... .......... .......... 88% 90.5M 0s
 44300K .......... .......... .......... .......... .......... 88% 91.3M 0s
 44350K .......... .......... .......... .......... .......... 88% 73.7M 0s
 44400K .......... .......... .......... .......... .......... 89% 75.4M 0s
 44450K .......... .......... .......... .......... .......... 89% 98.1M 0s
 44500K .......... .......... .......... .......... .......... 89% 94.8M 0s
 44550K .......... .......... .......... .......... .......... 89% 52.4M 0s
 44600K .......... .......... .......... .......... .......... 89% 51.9M 0s
 44650K .......... .......... .......... .......... .......... 89% 51.2M 0s
 44700K .......... .......... .......... .......... .......... 89% 57.9M 0s
 44750K .......... .......... .......... .......... .......... 89% 41.6M 0s
 44800K .......... .......... .......... .......... .......... 89% 49.5M 0s
 44850K .......... .......... .......... .......... .......... 89% 50.1M 0s
 44900K .......... .......... .......... .......... .......... 90% 48.7M 0s
 44950K .......... .......... .......... .......... .......... 90% 85.2M 0s
 45000K .......... .......... .......... .......... .......... 90%  105M 0s
 45050K .......... .......... .......... .......... .......... 90% 63.5M 0s
 45100K .......... .......... .......... .......... .......... 90% 91.2M 0s
 45150K .......... .......... .......... .......... .......... 90% 49.9M 0s
 45200K .......... .......... .......... .......... .......... 90% 95.7M 0s
 45250K .......... .......... .......... .......... .......... 90%  117M 0s
 45300K .......... .......... .......... .......... .......... 90% 56.5M 0s
 45350K .......... .......... .......... .......... .......... 90%  107M 0s
 45400K .......... .......... .......... .......... .......... 91%  113M 0s
 45450K .......... .......... .......... .......... .......... 91% 88.4M 0s
 45500K .......... .......... .......... .......... .......... 91% 60.5M 0s
 45550K .......... .......... .......... .......... .......... 91% 93.5M 0s
 45600K .......... .......... .......... .......... .......... 91% 51.3M 0s
 45650K .......... .......... .......... .......... .......... 91%  112M 0s
 45700K .......... .......... .......... .......... .......... 91% 99.3M 0s
 45750K .......... .......... .......... .......... .......... 91% 32.8M 0s
 45800K .......... .......... .......... .......... .......... 91% 92.5M 0s
 45850K .......... .......... .......... .......... .......... 91%  103M 0s
 45900K .......... .......... .......... .......... .......... 92% 99.4M 0s
 45950K .......... .......... .......... .......... .......... 92%  104M 0s
 46000K .......... .......... .......... .......... .......... 92% 63.9M 0s
 46050K .......... .......... .......... .......... .......... 92%  120M 0s
 46100K .......... .......... .......... .......... .......... 92%  123M 0s
 46150K .......... .......... .......... .......... .......... 92%  109M 0s
 46200K .......... .......... .......... .......... .......... 92%  103M 0s
 46250K .......... .......... .......... .......... .......... 92% 52.0M 0s
 46300K .......... .......... .......... .......... .......... 92% 51.0M 0s
 46350K .......... .......... .......... .......... .......... 92% 91.8M 0s
 46400K .......... .......... .......... .......... .......... 93% 44.0M 0s
 46450K .......... .......... .......... .......... .......... 93%  106M 0s
 46500K .......... .......... .......... .......... .......... 93%  123M 0s
 46550K .......... .......... .......... .......... .......... 93%  116M 0s
 46600K .......... .......... .......... .......... .......... 93%  123M 0s
 46650K .......... .......... .......... .......... .......... 93%  105M 0s
 46700K .......... .......... .......... .......... .......... 93% 23.6M 0s
 46750K .......... .......... .......... .......... .......... 93% 90.9M 0s
 46800K .......... .......... .......... .......... .......... 93%  123M 0s
 46850K .......... .......... .......... .......... .......... 93%  110M 0s
 46900K .......... .......... .......... .......... .......... 94%  119M 0s
 46950K .......... .......... .......... .......... .......... 94% 72.1M 0s
 47000K .......... .......... .......... .......... .......... 94% 84.0M 0s
 47050K .......... .......... .......... .......... .......... 94% 88.4M 0s
 47100K .......... .......... .......... .......... .......... 94%  110M 0s
 47150K .......... .......... .......... .......... .......... 94% 87.7M 0s
 47200K .......... .......... .......... .......... .......... 94%  108M 0s
 47250K .......... .......... .......... .......... .......... 94%  107M 0s
 47300K .......... .......... .......... .......... .......... 94%  133M 0s
 47350K .......... .......... .......... .......... .......... 94%  142M 0s
 47400K .......... .......... .......... .......... .......... 95% 47.5M 0s
 47450K .......... .......... .......... .......... .......... 95%  114M 0s
 47500K .......... .......... .......... .......... .......... 95% 47.5M 0s
 47550K .......... .......... .......... .......... .......... 95% 39.3M 0s
 47600K .......... .......... .......... .......... .......... 95% 28.9M 0s
 47650K .......... .......... .......... .......... .......... 95% 73.5M 0s
 47700K .......... .......... .......... .......... .......... 95% 85.1M 0s
 47750K .......... .......... .......... .......... .......... 95%  107M 0s
 47800K .......... .......... .......... .......... .......... 95% 89.1M 0s
 47850K .......... .......... .......... .......... .......... 95%  114M 0s
 47900K .......... .......... .......... .......... .......... 96%  131M 0s
 47950K .......... .......... .......... .......... .......... 96% 61.2M 0s
 48000K .......... .......... .......... .......... .......... 96% 36.5M 0s
 48050K .......... .......... .......... .......... .......... 96%  114M 0s
 48100K .......... .......... .......... .......... .......... 96%  122M 0s
 48150K .......... .......... .......... .......... .......... 96% 47.5M 0s
 48200K .......... .......... .......... .......... .......... 96%  120M 0s
 48250K .......... .......... .......... .......... .......... 96%  120M 0s
 48300K .......... .......... .......... .......... .......... 96% 50.7M 0s
 48350K .......... .......... .......... .......... .......... 97% 93.2M 0s
 48400K .......... .......... .......... .......... .......... 97%  110M 0s
 48450K .......... .......... .......... .......... .......... 97% 51.8M 0s
 48500K .......... .......... .......... .......... .......... 97%  111M 0s
 48550K .......... .......... .......... .......... .......... 97% 50.3M 0s
 48600K .......... .......... .......... .......... .......... 97%  107M 0s
 48650K .......... .......... .......... .......... .......... 97%  105M 0s
 48700K .......... .......... .......... .......... .......... 97% 11.4M 0s
 48750K .......... .......... .......... .......... .......... 97% 82.4M 0s
 48800K .......... .......... .......... .......... .......... 97%  145M 0s
 48850K .......... .......... .......... .......... .......... 98%  103M 0s
 48900K .......... .......... .......... .......... .......... 98%  104M 0s
 48950K .......... .......... .......... .......... .......... 98% 18.5M 0s
 49000K .......... .......... .......... .......... .......... 98%  132M 0s
 49050K .......... .......... .......... .......... .......... 98%  109M 0s
 49100K .......... .......... .......... .......... .......... 98%  114M 0s
 49150K .......... .......... .......... .......... .......... 98% 95.4M 0s
 49200K .......... .......... .......... .......... .......... 98%  121M 0s
 49250K .......... .......... .......... .......... .......... 98%  120M 0s
 49300K .......... .......... .......... .......... .......... 98%  113M 0s
 49350K .......... .......... .......... .......... .......... 99% 15.6M 0s
 49400K .......... .......... .......... .......... .......... 99%  106M 0s
 49450K .......... .......... .......... .......... .......... 99%  116M 0s
 49500K .......... .......... .......... .......... .......... 99% 91.6M 0s
 49550K .......... .......... .......... .......... .......... 99% 23.4M 0s
 49600K .......... .......... .......... .......... .......... 99%  104M 0s
 49650K .......... .......... .......... .......... .......... 99%  135M 0s
 49700K .......... .......... .......... .......... .......... 99% 96.9M 0s
 49750K .......... .......... .......... .......... .......... 99% 98.7M 0s
 49800K .......... .......... .......... .......... .......... 99%  116M 0s
 49850K .......... .......... .......... .......... ......    100%  134M=0.6s

2021-01-07 08:13:46 (75.5 MB/s) - `miniconda.sh' saved [51093759/51093759]


travis_time:end:01832130:start=1610007226189527118,finish=1610007226977612330,duration=788085212[0Ktravis_fold:end:before_install.1[0Ktravis_fold:start:before_install.2[0Ktravis_time:start:02f44cc8[0K$ chmod +x miniconda.sh

travis_time:end:02f44cc8:start=1610007226987547207,finish=1610007226996302091,duration=8754884[0Ktravis_fold:end:before_install.2[0Ktravis_fold:start:before_install.3[0Ktravis_time:start:18db932a[0K$ ./miniconda.sh -b
PREFIX=/home/travis/miniconda2
Unpacking payload ...
  0%|          | 0/37 [00:00<?, ?it/s]Extracting : python-2.7.18-h15b4118_1.conda:   0%|          | 0/37 [00:00<?, ?it/s]Extracting : python-2.7.18-h15b4118_1.conda:   3%|▎         | 1/37 [00:00<00:19,  1.88it/s]Extracting : _libgcc_mutex-0.1-main.conda:   3%|▎         | 1/37 [00:00<00:19,  1.88it/s]  Extracting : ca-certificates-2020.1.1-0.conda:   5%|▌         | 2/37 [00:00<00:18,  1.88it/s]Extracting : libstdcxx-ng-9.1.0-hdf63c60_0.conda:   8%|▊         | 3/37 [00:00<00:18,  1.88it/s]Extracting : libgcc-ng-9.1.0-hdf63c60_0.conda:  11%|█         | 4/37 [00:00<00:17,  1.88it/s]   Extracting : libffi-3.3-he6710b0_1.conda:  14%|█▎        | 5/37 [00:00<00:16,  1.88it/s]     Extracting : ncurses-6.2-he6710b0_1.conda:  16%|█▌        | 6/37 [00:00<00:16,  1.88it/s]Extracting : openssl-1.1.1g-h7b6447c_0.conda:  19%|█▉        | 7/37 [00:00<00:15,  1.88it/s]Extracting : yaml-0.1.7-had09818_2.conda:  22%|██▏       | 8/37 [00:00<00:15,  1.88it/s]    Extracting : zlib-1.2.11-h7b6447c_3.conda:  24%|██▍       | 9/37 [00:00<00:14,  1.88it/s]Extracting : libedit-3.1.20181209-hc058e9b_0.conda:  27%|██▋       | 10/37 [00:00<00:14,  1.88it/s]Extracting : readline-8.0-h7b6447c_0.conda:  30%|██▉       | 11/37 [00:00<00:13,  1.88it/s]        Extracting : tk-8.6.8-hbc83047_0.conda:  32%|███▏      | 12/37 [00:00<00:13,  1.88it/s]    Extracting : sqlite-3.31.1-h62c20be_1.conda:  35%|███▌      | 13/37 [00:00<00:12,  1.88it/s]Extracting : asn1crypto-1.3.0-py27_0.conda:  38%|███▊      | 14/37 [00:00<00:12,  1.88it/s] Extracting : certifi-2019.11.28-py27_0.conda:  41%|████      | 15/37 [00:00<00:11,  1.88it/s]Extracting : chardet-3.0.4-py27_1003.conda:  43%|████▎     | 16/37 [00:00<00:11,  1.88it/s]  Extracting : enum34-1.1.6-py27_1.conda:  46%|████▌     | 17/37 [00:00<00:10,  1.88it/s]    Extracting : futures-3.3.0-py27_0.conda:  49%|████▊     | 18/37 [00:00<00:10,  1.88it/s]Extracting : idna-2.8-py27_0.conda:  51%|█████▏    | 19/37 [00:00<00:09,  1.88it/s]     Extracting : ipaddress-1.0.23-py_0.conda:  54%|█████▍    | 20/37 [00:00<00:09,  1.88it/s]Extracting : pycosat-0.6.3-py27h7b6447c_0.conda:  57%|█████▋    | 21/37 [00:00<00:08,  1.88it/s]Extracting : pycparser-2.20-py_0.conda:  59%|█████▉    | 22/37 [00:00<00:07,  1.88it/s]         Extracting : pysocks-1.7.1-py27_0.conda:  62%|██████▏   | 23/37 [00:00<00:07,  1.88it/s]Extracting : ruamel_yaml-0.15.87-py27h7b6447c_0.conda:  65%|██████▍   | 24/37 [00:00<00:06,  1.88it/s]Extracting : six-1.13.0-py27_0.conda:  68%|██████▊   | 25/37 [00:00<00:06,  1.88it/s]                 Extracting : tqdm-4.46.0-py_0.conda:  70%|███████   | 26/37 [00:00<00:05,  1.88it/s] Extracting : cffi-1.14.0-py27he30daa8_1.conda:  73%|███████▎  | 27/37 [00:00<00:05,  1.88it/s]Extracting : conda-package-handling-1.6.0-py27h7b6447c_0.conda:  76%|███████▌  | 28/37 [00:00<00:04,  1.88it/s]Extracting : setuptools-44.0.0-py27_0.conda:  78%|███████▊  | 29/37 [00:00<00:04,  1.88it/s]                   Extracting : cryptography-2.8-py27h1ba5d50_0.conda:  81%|████████  | 30/37 [00:00<00:03,  1.88it/s]Extracting : wheel-0.33.6-py27_0.conda:  84%|████████▍ | 31/37 [00:00<00:03,  1.88it/s]            Extracting : pip-19.3.1-py27_0.conda:  86%|████████▋ | 32/37 [00:00<00:02,  1.88it/s]  Extracting : pyopenssl-19.1.0-py27_0.conda:  89%|████████▉ | 33/37 [00:00<00:02,  1.88it/s]Extracting : urllib3-1.25.7-py27_0.conda:  92%|█████████▏| 34/37 [00:00<00:01,  1.88it/s]  Extracting : requests-2.22.0-py27_1.conda:  95%|█████████▍| 35/37 [00:00<00:01,  1.88it/s]Extracting : conda-4.8.3-py27_0.tar.bz2:  97%|█████████▋| 36/37 [00:00<00:00,  1.88it/s]  Extracting : conda-4.8.3-py27_0.tar.bz2: 100%|██████████| 37/37 [00:00<00:00,  2.67it/s]                                                                                        Collecting package metadata (current_repodata.json): ...working... done
Solving environment: ...working... done

## Package Plan ##

  environment location: /home/travis/miniconda2

  added / updated specs:
    - _libgcc_mutex==0.1=main
    - asn1crypto==1.3.0=py27_0
    - ca-certificates==2020.1.1=0
    - certifi==2019.11.28=py27_0
    - cffi==1.14.0=py27he30daa8_1
    - chardet==3.0.4=py27_1003
    - conda-package-handling==1.6.0=py27h7b6447c_0
    - conda==4.8.3=py27_0
    - cryptography==2.8=py27h1ba5d50_0
    - enum34==1.1.6=py27_1
    - futures==3.3.0=py27_0
    - idna==2.8=py27_0
    - ipaddress==1.0.23=py_0
    - libedit==3.1.20181209=hc058e9b_0
    - libffi==3.3=he6710b0_1
    - libgcc-ng==9.1.0=hdf63c60_0
    - libstdcxx-ng==9.1.0=hdf63c60_0
    - ncurses==6.2=he6710b0_1
    - openssl==1.1.1g=h7b6447c_0
    - pip==19.3.1=py27_0
    - pycosat==0.6.3=py27h7b6447c_0
    - pycparser==2.20=py_0
    - pyopenssl==19.1.0=py27_0
    - pysocks==1.7.1=py27_0
    - python==2.7.18=h15b4118_1
    - readline==8.0=h7b6447c_0
    - requests==2.22.0=py27_1
    - ruamel_yaml==0.15.87=py27h7b6447c_0
    - setuptools==44.0.0=py27_0
    - six==1.13.0=py27_0
    - sqlite==3.31.1=h62c20be_1
    - tk==8.6.8=hbc83047_0
    - tqdm==4.46.0=py_0
    - urllib3==1.25.7=py27_0
    - wheel==0.33.6=py27_0
    - yaml==0.1.7=had09818_2
    - zlib==1.2.11=h7b6447c_3


The following NEW packages will be INSTALLED:

  _libgcc_mutex      pkgs/main/linux-64::_libgcc_mutex-0.1-main
  asn1crypto         pkgs/main/linux-64::asn1crypto-1.3.0-py27_0
  ca-certificates    pkgs/main/linux-64::ca-certificates-2020.1.1-0
  certifi            pkgs/main/linux-64::certifi-2019.11.28-py27_0
  cffi               pkgs/main/linux-64::cffi-1.14.0-py27he30daa8_1
  chardet            pkgs/main/linux-64::chardet-3.0.4-py27_1003
  conda              pkgs/main/linux-64::conda-4.8.3-py27_0
  conda-package-han~ pkgs/main/linux-64::conda-package-handling-1.6.0-py27h7b6447c_0
  cryptography       pkgs/main/linux-64::cryptography-2.8-py27h1ba5d50_0
  enum34             pkgs/main/linux-64::enum34-1.1.6-py27_1
  futures            pkgs/main/linux-64::futures-3.3.0-py27_0
  idna               pkgs/main/linux-64::idna-2.8-py27_0
  ipaddress          pkgs/main/noarch::ipaddress-1.0.23-py_0
  libedit            pkgs/main/linux-64::libedit-3.1.20181209-hc058e9b_0
  libffi             pkgs/main/linux-64::libffi-3.3-he6710b0_1
  libgcc-ng          pkgs/main/linux-64::libgcc-ng-9.1.0-hdf63c60_0
  libstdcxx-ng       pkgs/main/linux-64::libstdcxx-ng-9.1.0-hdf63c60_0
  ncurses            pkgs/main/linux-64::ncurses-6.2-he6710b0_1
  openssl            pkgs/main/linux-64::openssl-1.1.1g-h7b6447c_0
  pip                pkgs/main/linux-64::pip-19.3.1-py27_0
  pycosat            pkgs/main/linux-64::pycosat-0.6.3-py27h7b6447c_0
  pycparser          pkgs/main/noarch::pycparser-2.20-py_0
  pyopenssl          pkgs/main/linux-64::pyopenssl-19.1.0-py27_0
  pysocks            pkgs/main/linux-64::pysocks-1.7.1-py27_0
  python             pkgs/main/linux-64::python-2.7.18-h15b4118_1
  readline           pkgs/main/linux-64::readline-8.0-h7b6447c_0
  requests           pkgs/main/linux-64::requests-2.22.0-py27_1
  ruamel_yaml        pkgs/main/linux-64::ruamel_yaml-0.15.87-py27h7b6447c_0
  setuptools         pkgs/main/linux-64::setuptools-44.0.0-py27_0
  six                pkgs/main/linux-64::six-1.13.0-py27_0
  sqlite             pkgs/main/linux-64::sqlite-3.31.1-h62c20be_1
  tk                 pkgs/main/linux-64::tk-8.6.8-hbc83047_0
  tqdm               pkgs/main/noarch::tqdm-4.46.0-py_0
  urllib3            pkgs/main/linux-64::urllib3-1.25.7-py27_0
  wheel              pkgs/main/linux-64::wheel-0.33.6-py27_0
  yaml               pkgs/main/linux-64::yaml-0.1.7-had09818_2
  zlib               pkgs/main/linux-64::zlib-1.2.11-h7b6447c_3


Preparing transaction: ...working... done
Executing transaction: ...working... done
installation finished.

travis_time:end:18db932a:start=1610007227006776693,finish=1610007237650113175,duration=10643336482[0Ktravis_fold:end:before_install.3[0Ktravis_fold:start:before_install.4[0Ktravis_time:start:1259cf98[0K$ export PATH=/home/travis/miniconda2/bin:$PATH

travis_time:end:1259cf98:start=1610007237661369847,finish=1610007237670302103,duration=8932256[0Ktravis_fold:end:before_install.4[0Ktravis_fold:start:before_install.5[0Ktravis_time:start:01f427e3[0K$ conda update --yes --quiet conda
Collecting package metadata (current_repodata.json): ...working... done
Solving environment: ...working... done

## Package Plan ##

  environment location: /home/travis/miniconda2

  added / updated specs:
    - conda


The following packages will be downloaded:

    package                    |            build
    ---------------------------|-----------------
    asn1crypto-1.4.0           |             py_0          80 KB
    ca-certificates-2020.12.8  |       h06a4308_0         121 KB
    certifi-2020.6.20          |     pyhd3eb1b0_3         155 KB
    idna-2.10                  |             py_0          50 KB
    libedit-3.1.20191231       |       h14c3975_1         116 KB
    libffi-3.3                 |       he6710b0_2          50 KB
    openssl-1.1.1i             |       h27cfd23_0         2.5 MB
    pycparser-2.20             |             py_2          94 KB
    pyopenssl-20.0.1           |     pyhd3eb1b0_1          49 KB
    requests-2.25.1            |     pyhd3eb1b0_0          52 KB
    six-1.15.0                 |             py_0          13 KB
    sqlite-3.33.0              |       h62c20be_0         1.1 MB
    tk-8.6.10                  |       hbc83047_0         3.0 MB
    tqdm-4.55.1                |     pyhd3eb1b0_0          77 KB
    wheel-0.36.2               |     pyhd3eb1b0_0          33 KB
    ------------------------------------------------------------
                                           Total:         7.5 MB

The following packages will be UPDATED:

  asn1crypto         pkgs/main/linux-64::asn1crypto-1.3.0-~ --> pkgs/main/noarch::asn1crypto-1.4.0-py_0
  ca-certificates                                2020.1.1-0 --> 2020.12.8-h06a4308_0
  certifi            pkgs/main/linux-64::certifi-2019.11.2~ --> pkgs/main/noarch::certifi-2020.6.20-pyhd3eb1b0_3
  idna                  pkgs/main/linux-64::idna-2.8-py27_0 --> pkgs/main/noarch::idna-2.10-py_0
  libedit                           3.1.20181209-hc058e9b_0 --> 3.1.20191231-h14c3975_1
  libffi                                     3.3-he6710b0_1 --> 3.3-he6710b0_2
  openssl                                 1.1.1g-h7b6447c_0 --> 1.1.1i-h27cfd23_0
  pycparser                                       2.20-py_0 --> 2.20-py_2
  pyopenssl          pkgs/main/linux-64::pyopenssl-19.1.0-~ --> pkgs/main/noarch::pyopenssl-20.0.1-pyhd3eb1b0_1
  requests           pkgs/main/linux-64::requests-2.22.0-p~ --> pkgs/main/noarch::requests-2.25.1-pyhd3eb1b0_0
  six                 pkgs/main/linux-64::six-1.13.0-py27_0 --> pkgs/main/noarch::six-1.15.0-py_0
  sqlite                                  3.31.1-h62c20be_1 --> 3.33.0-h62c20be_0
  tk                                       8.6.8-hbc83047_0 --> 8.6.10-hbc83047_0
  tqdm                                          4.46.0-py_0 --> 4.55.1-pyhd3eb1b0_0
  wheel              pkgs/main/linux-64::wheel-0.33.6-py27~ --> pkgs/main/noarch::wheel-0.36.2-pyhd3eb1b0_0


Preparing transaction: ...working... done
Verifying transaction: ...working... done
Executing transaction: ...working... done

travis_time:end:01f427e3:start=1610007237681110927,finish=1610007251848939394,duration=14167828467[0Ktravis_fold:end:before_install.5[0Ktravis_fold:start:before_install.6[0Ktravis_time:start:17ec1abe[0K$ export DISPLAY=:99.0

travis_time:end:17ec1abe:start=1610007251861348964,finish=1610007251871006189,duration=9657225[0Ktravis_fold:end:before_install.6[0Ktravis_fold:start:before_install.7[0Ktravis_time:start:04c354b0[0K$ sh -e /etc/init.d/xvfb start
Starting virtual X frame buffer: Xvfb.

travis_time:end:04c354b0:start=1610007251882612536,finish=1610007251895912566,duration=13300030[0Ktravis_fold:end:before_install.7[0Ktravis_fold:start:before_install.8[0Ktravis_time:start:04763f8b[0K$ PKGS="python=${PYTHON}"

travis_time:end:04763f8b:start=1610007251906693043,finish=1610007251914786135,duration=8093092[0Ktravis_fold:end:before_install.8[0Ktravis_fold:start:before_install.9[0Ktravis_time:start:054e27df[0K$ PKGS="${PKGS} numpy"; if [ ${NUMPY} ]; then PKGS="${PKGS}=${NUMPY}"; fi

travis_time:end:054e27df:start=1610007251924919570,finish=1610007251933393673,duration=8474103[0Ktravis_fold:end:before_install.9[0Ktravis_fold:start:before_install.10[0Ktravis_time:start:1eba5ed8[0K$ PKGS="${PKGS} scipy"; if [ ${SCIPY} ]; then PKGS="${PKGS}=${SCIPY}"; fi

travis_time:end:1eba5ed8:start=1610007251943277914,finish=1610007251951696315,duration=8418401[0Ktravis_fold:end:before_install.10[0Ktravis_fold:start:before_install.11[0Ktravis_time:start:031a4e97[0K$ PKGS="${PKGS} patsy"; if [ ${PATSY} ]; then PKGS="${PKGS}=${PATSY}"; fi

travis_time:end:031a4e97:start=1610007251961898930,finish=1610007251969947082,duration=8048152[0Ktravis_fold:end:before_install.11[0Ktravis_fold:start:before_install.12[0Ktravis_time:start:0d944eb8[0K$ PKGS="${PKGS} pandas"; if [ ${PANDAS} ]; then PKGS="${PKGS}=${PANDAS}"; fi

travis_time:end:0d944eb8:start=1610007251979566072,finish=1610007251987831205,duration=8265133[0Ktravis_fold:end:before_install.12[0Ktravis_fold:start:before_install.13[0Ktravis_time:start:21d74f50[0K$ PKGS="${PKGS} Cython"; if [ ${CYTHON} ]; then PKGS="${PKGS}=${CYTHON}"; fi

travis_time:end:21d74f50:start=1610007251997857239,finish=1610007252005294232,duration=7436993[0Ktravis_fold:end:before_install.13[0Ktravis_fold:start:before_install.14[0Ktravis_time:start:046fd5b6[0K$ PKGS="${PKGS} pip";

travis_time:end:046fd5b6:start=1610007252014880335,finish=1610007252022604715,duration=7724380[0Ktravis_fold:end:before_install.14[0Ktravis_fold:start:install.1[0Ktravis_time:start:006b6c6e[0K$ conda create --yes --quiet -n pychron-test ${PKGS} ${OPTIONAL}
Collecting package metadata (current_repodata.json): ...working... done
Solving environment: ...working... failed with repodata from current_repodata.json, will retry with next repodata source.
Collecting package metadata (repodata.json): ...working... done
Solving environment: ...working... failed

PackagesNotFoundError: The following packages are not available from current channels:

  - patsy=0.2
  - pandas=0.12
  - cython=0.20

Current channels:

  - https://repo.anaconda.com/pkgs/main/linux-64
  - https://repo.anaconda.com/pkgs/main/noarch
  - https://repo.anaconda.com/pkgs/r/linux-64
  - https://repo.anaconda.com/pkgs/r/noarch

To search for alternate channels that may provide the conda package you're
looking for, navigate to

    https://anaconda.org

and use the search bar at the top of the page.



travis_time:end:006b6c6e:start=1610007252032014987,finish=1610007269100952782,duration=17068937795[0K
[31;1mThe command "conda create --yes --quiet -n pychron-test ${PKGS} ${OPTIONAL}" failed and exited with 1 during .[0m

Your build has been stopped.
