travis_fold:start:system_info[0K[33;1mBuild system information[0m
Build language: python
Build group: stable
Build dist: precise
Build id: ''
Job id: ''
[34m[1mBuild image provisioning date and time[0m
Thu Feb  5 15:09:33 UTC 2015
[34m[1mOperating System Details[0m
Distributor ID:	Ubuntu
Description:	Ubuntu 12.04.5 LTS
Release:	12.04
Codename:	precise
[34m[1mLinux Version[0m
3.13.0-29-generic
[34m[1mCookbooks Version[0m
a68419e https://github.com/travis-ci/travis-cookbooks/tree/a68419e
[34m[1mGCC version[0m
gcc (Ubuntu/Linaro 4.6.3-1ubuntu5) 4.6.3
Copyright (C) 2011 Free Software Foundation, Inc.
This is free software; see the source for copying conditions.  There is NO
warranty; not even for MERCHANTABILITY or FITNESS FOR A PARTICULAR PURPOSE.

[34m[1mLLVM version[0m
clang version 3.4 (tags/RELEASE_34/final)
Target: x86_64-unknown-linux-gnu
Thread model: posix
[34m[1mPre-installed Ruby versions[0m
ruby-1.9.3-p551
[34m[1mPre-installed Node.js versions[0m
v0.10.36
[34m[1mPre-installed Go versions[0m
1.4.1
[34m[1mRedis version[0m
redis-server 2.8.19
[34m[1mriak version[0m
2.0.2
[34m[1mMongoDB version[0m
MongoDB 2.4.12
[34m[1mCouchDB version[0m
couchdb 1.6.1
[34m[1mNeo4j version[0m
1.9.4
[34m[1mRabbitMQ Version[0m
3.4.3
[34m[1mElasticSearch version[0m
1.4.0
[34m[1mInstalled Sphinx versions[0m
2.0.10
2.1.9
2.2.6
[34m[1mDefault Sphinx version[0m
2.2.6
[34m[1mInstalled Firefox version[0m
firefox 31.0esr
[34m[1mPhantomJS version[0m
1.9.8
[34m[1mant -version[0m
Apache Ant(TM) version 1.8.2 compiled on December 3 2011
[34m[1mmvn -version[0m
Apache Maven 3.2.5 (12a6b3acb947671f09b81f49094c53f426d8cea1; 2014-12-14T17:29:23+00:00)
Maven home: /usr/local/maven
Java version: 1.7.0_76, vendor: Oracle Corporation
Java home: /usr/lib/jvm/java-7-oracle/jre
Default locale: en_US, platform encoding: ANSI_X3.4-1968
OS name: "linux", version: "3.13.0-29-generic", arch: "amd64", family: "unix"
travis_fold:end:system_info[0K
grep: /etc/apt/sources.list.d/*: No such file or directory
sed: cannot rename /etc/hosts: Device or resource busy
sed: cannot rename /etc/hosts: Device or resource busy
$ cd failed/NMGRL/pychron

[33;1mSetting environment variables from .travis.yml[0m
$ export CYTHON=0.20
$ export PATSY=0.2
$ export PANDAS=0.12
$ export COVERAGE=false
$ export PYTHON=2.7

travis_time:start:1e095ac0[0K$ source ~/virtualenv/python2.7/bin/activate

travis_time:end:1e095ac0:start=1610007166869826779,finish=1610007166880568849,duration=10742070[0K$ python --version
Python 2.7.9
$ pip --version
pip 6.0.7 from /home/travis/virtualenv/python2.7.9/lib/python2.7/site-packages (python 2.7)
travis_fold:start:before_install.1[0Ktravis_time:start:23063ba3[0K$ wget http://repo.continuum.io/miniconda/Miniconda2-latest-Linux-x86_64.sh -O miniconda.sh
--2021-01-07 08:12:47--  http://repo.continuum.io/miniconda/Miniconda2-latest-Linux-x86_64.sh
Resolving repo.continuum.io (repo.continuum.io)... 104.18.201.79, 104.18.200.79, 2606:4700::6812:c84f, ...
Connecting to repo.continuum.io (repo.continuum.io)|104.18.201.79|:80... connected.
HTTP request sent, awaiting response... 301 Moved Permanently
Location: https://repo.anaconda.com/miniconda/Miniconda2-latest-Linux-x86_64.sh [following]
--2021-01-07 08:12:47--  https://repo.anaconda.com/miniconda/Miniconda2-latest-Linux-x86_64.sh
Resolving repo.anaconda.com (repo.anaconda.com)... 104.16.130.3, 104.16.131.3, 2606:4700::6810:8203, ...
Connecting to repo.anaconda.com (repo.anaconda.com)|104.16.130.3|:443... connected.
HTTP request sent, awaiting response... 200 OK
Length: 51093759 (49M) [application/x-sh]
Saving to: `miniconda.sh'

     0K .......... .......... .......... .......... ..........  0% 12.9M 4s
    50K .......... .......... .......... .......... ..........  0% 4.65M 7s
   100K .......... .......... .......... .......... ..........  0% 17.9M 6s
   150K .......... .......... .......... .......... ..........  0% 7.87M 6s
   200K .......... .......... .......... .......... ..........  0% 11.9M 5s
   250K .......... .......... .......... .......... ..........  0% 5.65M 6s
   300K .......... .......... .......... .......... ..........  0% 27.1M 5s
   350K .......... .......... .......... .......... ..........  0% 4.92M 6s
   400K .......... .......... .......... .......... ..........  0% 6.68M 6s
   450K .......... .......... .......... .......... ..........  1% 20.9M 6s
   500K .......... .......... .......... .......... ..........  1% 6.40M 6s
   550K .......... .......... .......... .......... ..........  1% 9.31M 6s
   600K .......... .......... .......... .......... ..........  1% 6.48M 6s
   650K .......... .......... .......... .......... ..........  1% 11.5M 6s
   700K .......... .......... .......... .......... ..........  1% 5.92M 6s
   750K .......... .......... .......... .......... ..........  1% 19.3M 6s
   800K .......... .......... .......... .......... ..........  1% 5.61M 6s
   850K .......... .......... .......... .......... ..........  1% 10.1M 6s
   900K .......... .......... .......... .......... ..........  1% 3.51M 6s
   950K .......... .......... .......... .......... ..........  2%  114M 6s
  1000K .......... .......... .......... .......... ..........  2%  116M 6s
  1050K .......... .......... .......... .......... ..........  2% 9.00M 6s
  1100K .......... .......... .......... .......... ..........  2% 15.1M 5s
  1150K .......... .......... .......... .......... ..........  2% 7.51M 6s
  1200K .......... .......... .......... .......... ..........  2% 58.3M 5s
  1250K .......... .......... .......... .......... ..........  2% 9.98M 5s
  1300K .......... .......... .......... .......... ..........  2% 28.1M 5s
  1350K .......... .......... .......... .......... ..........  2% 85.3M 5s
  1400K .......... .......... .......... .......... ..........  2% 9.05M 5s
  1450K .......... .......... .......... .......... ..........  3%  118M 5s
  1500K .......... .......... .......... .......... ..........  3% 25.6M 5s
  1550K .......... .......... .......... .......... ..........  3% 24.1M 5s
  1600K .......... .......... .......... .......... ..........  3% 14.9M 5s
  1650K .......... .......... .......... .......... ..........  3% 62.9M 4s
  1700K .......... .......... .......... .......... ..........  3% 34.6M 4s
  1750K .......... .......... .......... .......... ..........  3% 11.6M 4s
  1800K .......... .......... .......... .......... ..........  3% 57.1M 4s
  1850K .......... .......... .......... .......... ..........  3% 18.3M 4s
  1900K .......... .......... .......... .......... ..........  3%  105M 4s
  1950K .......... .......... .......... .......... ..........  4% 10.7M 4s
  2000K .......... .......... .......... .......... ..........  4%  127M 4s
  2050K .......... .......... .......... .......... ..........  4% 21.8M 4s
  2100K .......... .......... .......... .......... ..........  4% 13.4M 4s
  2150K .......... .......... .......... .......... ..........  4% 20.0M 4s
  2200K .......... .......... .......... .......... ..........  4% 11.9M 4s
  2250K .......... .......... .......... .......... ..........  4% 8.23M 4s
  2300K .......... .......... .......... .......... ..........  4% 8.34M 4s
  2350K .......... .......... .......... .......... ..........  4% 10.3M 4s
  2400K .......... .......... .......... .......... ..........  4% 28.5M 4s
  2450K .......... .......... .......... .......... ..........  5% 15.7M 4s
  2500K .......... .......... .......... .......... ..........  5% 7.93M 4s
  2550K .......... .......... .......... .......... ..........  5% 91.8M 4s
  2600K .......... .......... .......... .......... ..........  5% 26.7M 4s
  2650K .......... .......... .......... .......... ..........  5% 7.38M 4s
  2700K .......... .......... .......... .......... ..........  5% 94.0M 4s
  2750K .......... .......... .......... .......... ..........  5% 56.2M 4s
  2800K .......... .......... .......... .......... ..........  5%  111M 4s
  2850K .......... .......... .......... .......... ..........  5% 22.0M 4s
  2900K .......... .......... .......... .......... ..........  5% 28.8M 4s
  2950K .......... .......... .......... .......... ..........  6% 32.4M 4s
  3000K .......... .......... .......... .......... ..........  6% 94.1M 4s
  3050K .......... .......... .......... .......... ..........  6% 48.0M 3s
  3100K .......... .......... .......... .......... ..........  6% 23.7M 3s
  3150K .......... .......... .......... .......... ..........  6%  136M 3s
  3200K .......... .......... .......... .......... ..........  6% 12.6M 3s
  3250K .......... .......... .......... .......... ..........  6% 61.7M 3s
  3300K .......... .......... .......... .......... ..........  6% 68.0M 3s
  3350K .......... .......... .......... .......... ..........  6%  108M 3s
  3400K .......... .......... .......... .......... ..........  6%  107M 3s
  3450K .......... .......... .......... .......... ..........  7% 44.9M 3s
  3500K .......... .......... .......... .......... ..........  7% 28.6M 3s
  3550K .......... .......... .......... .......... ..........  7% 21.5M 3s
  3600K .......... .......... .......... .......... ..........  7%  116M 3s
  3650K .......... .......... .......... .......... ..........  7% 51.1M 3s
  3700K .......... .......... .......... .......... ..........  7% 21.2M 3s
  3750K .......... .......... .......... .......... ..........  7%  109M 3s
  3800K .......... .......... .......... .......... ..........  7% 6.37M 3s
  3850K .......... .......... .......... .......... ..........  7%  141M 3s
  3900K .......... .......... .......... .......... ..........  7% 70.3M 3s
  3950K .......... .......... .......... .......... ..........  8% 98.6M 3s
  4000K .......... .......... .......... .......... ..........  8%  122M 3s
  4050K .......... .......... .......... .......... ..........  8% 23.3M 3s
  4100K .......... .......... .......... .......... ..........  8% 84.5M 3s
  4150K .......... .......... .......... .......... ..........  8%  135M 3s
  4200K .......... .......... .......... .......... ..........  8%  133M 3s
  4250K .......... .......... .......... .......... ..........  8% 77.0M 3s
  4300K .......... .......... .......... .......... ..........  8%  117M 3s
  4350K .......... .......... .......... .......... ..........  8% 3.09M 3s
  4400K .......... .......... .......... .......... ..........  8%  130M 3s
  4450K .......... .......... .......... .......... ..........  9% 22.8M 3s
  4500K .......... .......... .......... .......... ..........  9% 24.9M 3s
  4550K .......... .......... .......... .......... ..........  9% 39.7M 3s
  4600K .......... .......... .......... .......... ..........  9% 9.02M 3s
  4650K .......... .......... .......... .......... ..........  9% 81.9M 3s
  4700K .......... .......... .......... .......... ..........  9% 30.6M 3s
  4750K .......... .......... .......... .......... ..........  9% 11.9M 3s
  4800K .......... .......... .......... .......... ..........  9% 83.3M 3s
  4850K .......... .......... .......... .......... ..........  9%  106M 3s
  4900K .......... .......... .......... .......... ..........  9% 17.3M 3s
  4950K .......... .......... .......... .......... .......... 10%  120M 3s
  5000K .......... .......... .......... .......... .......... 10% 31.2M 3s
  5050K .......... .......... .......... .......... .......... 10% 36.8M 3s
  5100K .......... .......... .......... .......... .......... 10% 76.2M 3s
  5150K .......... .......... .......... .......... .......... 10% 44.6M 3s
  5200K .......... .......... .......... .......... .......... 10% 42.0M 3s
  5250K .......... .......... .......... .......... .......... 10% 93.9M 3s
  5300K .......... .......... .......... .......... .......... 10% 18.1M 3s
  5350K .......... .......... .......... .......... .......... 10%  126M 3s
  5400K .......... .......... .......... .......... .......... 10% 36.2M 3s
  5450K .......... .......... .......... .......... .......... 11%  127M 3s
  5500K .......... .......... .......... .......... .......... 11% 14.2M 3s
  5550K .......... .......... .......... .......... .......... 11% 37.3M 2s
  5600K .......... .......... .......... .......... .......... 11% 63.4M 2s
  5650K .......... .......... .......... .......... .......... 11%  103M 2s
  5700K .......... .......... .......... .......... .......... 11% 20.8M 2s
  5750K .......... .......... .......... .......... .......... 11%  114M 2s
  5800K .......... .......... .......... .......... .......... 11% 13.5M 2s
  5850K .......... .......... .......... .......... .......... 11% 83.3M 2s
  5900K .......... .......... .......... .......... .......... 11% 96.8M 2s
  5950K .......... .......... .......... .......... .......... 12% 91.0M 2s
  6000K .......... .......... .......... .......... .......... 12%  122M 2s
  6050K .......... .......... .......... .......... .......... 12%  150M 2s
  6100K .......... .......... .......... .......... .......... 12% 67.0M 2s
  6150K .......... .......... .......... .......... .......... 12%  104M 2s
  6200K .......... .......... .......... .......... .......... 12% 70.0M 2s
  6250K .......... .......... .......... .......... .......... 12% 44.8M 2s
  6300K .......... .......... .......... .......... .......... 12% 12.7M 2s
  6350K .......... .......... .......... .......... .......... 12% 9.05M 2s
  6400K .......... .......... .......... .......... .......... 12% 11.9M 2s
  6450K .......... .......... .......... .......... .......... 13% 5.70M 2s
  6500K .......... .......... .......... .......... .......... 13% 36.8M 2s
  6550K .......... .......... .......... .......... .......... 13% 10.7M 2s
  6600K .......... .......... .......... .......... .......... 13% 16.2M 2s
  6650K .......... .......... .......... .......... .......... 13% 52.2M 2s
  6700K .......... .......... .......... .......... .......... 13% 81.2M 2s
  6750K .......... .......... .......... .......... .......... 13% 14.0M 2s
  6800K .......... .......... .......... .......... .......... 13% 25.7M 2s
  6850K .......... .......... .......... .......... .......... 13% 21.6M 2s
  6900K .......... .......... .......... .......... .......... 13% 6.36M 2s
  6950K .......... .......... .......... .......... .......... 14% 98.1M 2s
  7000K .......... .......... .......... .......... .......... 14% 96.9M 2s
  7050K .......... .......... .......... .......... .......... 14%  183M 2s
  7100K .......... .......... .......... .......... .......... 14% 78.0M 2s
  7150K .......... .......... .......... .......... .......... 14% 57.3M 2s
  7200K .......... .......... .......... .......... .......... 14% 97.2M 2s
  7250K .......... .......... .......... .......... .......... 14%  104M 2s
  7300K .......... .......... .......... .......... .......... 14%  113M 2s
  7350K .......... .......... .......... .......... .......... 14%  119M 2s
  7400K .......... .......... .......... .......... .......... 14%  141M 2s
  7450K .......... .......... .......... .......... .......... 15% 22.6M 2s
  7500K .......... .......... .......... .......... .......... 15% 3.75M 2s
  7550K .......... .......... .......... .......... .......... 15% 95.4M 2s
  7600K .......... .......... .......... .......... .......... 15%  129M 2s
  7650K .......... .......... .......... .......... .......... 15%  128M 2s
  7700K .......... .......... .......... .......... .......... 15%  106M 2s
  7750K .......... .......... .......... .......... .......... 15%  103M 2s
  7800K .......... .......... .......... .......... .......... 15%  123M 2s
  7850K .......... .......... .......... .......... .......... 15%  127M 2s
  7900K .......... .......... .......... .......... .......... 15% 90.8M 2s
  7950K .......... .......... .......... .......... .......... 16%  117M 2s
  8000K .......... .......... .......... .......... .......... 16%  136M 2s
  8050K .......... .......... .......... .......... .......... 16% 91.6M 2s
  8100K .......... .......... .......... .......... .......... 16% 79.3M 2s
  8150K .......... .......... .......... .......... .......... 16%  121M 2s
  8200K .......... .......... .......... .......... .......... 16%  154M 2s
  8250K .......... .......... .......... .......... .......... 16%  156M 2s
  8300K .......... .......... .......... .......... .......... 16%  112M 2s
  8350K .......... .......... .......... .......... .......... 16% 5.92M 2s
  8400K .......... .......... .......... .......... .......... 16% 22.1M 2s
  8450K .......... .......... .......... .......... .......... 17% 34.4M 2s
  8500K .......... .......... .......... .......... .......... 17% 4.92M 2s
  8550K .......... .......... .......... .......... .......... 17% 18.0M 2s
  8600K .......... .......... .......... .......... .......... 17% 99.5M 2s
  8650K .......... .......... .......... .......... .......... 17% 18.2M 2s
  8700K .......... .......... .......... .......... .......... 17% 10.4M 2s
  8750K .......... .......... .......... .......... .......... 17%  111M 2s
  8800K .......... .......... .......... .......... .......... 17% 66.1M 2s
  8850K .......... .......... .......... .......... .......... 17% 21.7M 2s
  8900K .......... .......... .......... .......... .......... 17%  102M 2s
  8950K .......... .......... .......... .......... .......... 18% 7.60M 2s
  9000K .......... .......... .......... .......... .......... 18%  111M 2s
  9050K .......... .......... .......... .......... .......... 18% 81.1M 2s
  9100K .......... .......... .......... .......... .......... 18%  107M 2s
  9150K .......... .......... .......... .......... .......... 18%  129M 2s
  9200K .......... .......... .......... .......... .......... 18%  133M 2s
  9250K .......... .......... .......... .......... .......... 18% 6.39M 2s
  9300K .......... .......... .......... .......... .......... 18% 95.4M 2s
  9350K .......... .......... .......... .......... .......... 18%  116M 2s
  9400K .......... .......... .......... .......... .......... 18%  120M 2s
  9450K .......... .......... .......... .......... .......... 19%  109M 2s
  9500K .......... .......... .......... .......... .......... 19% 99.8M 2s
  9550K .......... .......... .......... .......... .......... 19%  127M 2s
  9600K .......... .......... .......... .......... .......... 19%  117M 2s
  9650K .......... .......... .......... .......... .......... 19%  111M 2s
  9700K .......... .......... .......... .......... .......... 19% 17.8M 2s
  9750K .......... .......... .......... .......... .......... 19%  122M 2s
  9800K .......... .......... .......... .......... .......... 19%  124M 2s
  9850K .......... .......... .......... .......... .......... 19%  119M 2s
  9900K .......... .......... .......... .......... .......... 19% 21.1M 2s
  9950K .......... .......... .......... .......... .......... 20% 96.0M 2s
 10000K .......... .......... .......... .......... .......... 20%  103M 2s
 10050K .......... .......... .......... .......... .......... 20%  152M 2s
 10100K .......... .......... .......... .......... .......... 20% 53.4M 2s
 10150K .......... .......... .......... .......... .......... 20% 14.8M 2s
 10200K .......... .......... .......... .......... .......... 20% 17.2M 2s
 10250K .......... .......... .......... .......... .......... 20%  132M 2s
 10300K .......... .......... .......... .......... .......... 20% 93.2M 2s
 10350K .......... .......... .......... .......... .......... 20% 22.7M 2s
 10400K .......... .......... .......... .......... .......... 20% 6.72M 2s
 10450K .......... .......... .......... .......... .......... 21%  116M 2s
 10500K .......... .......... .......... .......... .......... 21% 5.64M 2s
 10550K .......... .......... .......... .......... .......... 21% 9.17M 2s
 10600K .......... .......... .......... .......... .......... 21%  115M 2s
 10650K .......... .......... .......... .......... .......... 21% 12.3M 2s
 10700K .......... .......... .......... .......... .......... 21% 38.7M 2s
 10750K .......... .......... .......... .......... .......... 21% 16.4M 2s
 10800K .......... .......... .......... .......... .......... 21%  133M 2s
 10850K .......... .......... .......... .......... .......... 21% 25.9M 2s
 10900K .......... .......... .......... .......... .......... 21% 19.5M 2s
 10950K .......... .......... .......... .......... .......... 22% 62.0M 2s
 11000K .......... .......... .......... .......... .......... 22% 21.1M 2s
 11050K .......... .......... .......... .......... .......... 22% 99.1M 2s
 11100K .......... .......... .......... .......... .......... 22% 36.8M 2s
 11150K .......... .......... .......... .......... .......... 22%  106M 2s
 11200K .......... .......... .......... .......... .......... 22% 24.7M 2s
 11250K .......... .......... .......... .......... .......... 22%  109M 2s
 11300K .......... .......... .......... .......... .......... 22% 27.0M 2s
 11350K .......... .......... .......... .......... .......... 22% 26.7M 2s
 11400K .......... .......... .......... .......... .......... 22% 37.0M 2s
 11450K .......... .......... .......... .......... .......... 23% 39.6M 2s
 11500K .......... .......... .......... .......... .......... 23% 63.7M 2s
 11550K .......... .......... .......... .......... .......... 23% 22.6M 2s
 11600K .......... .......... .......... .......... .......... 23% 98.4M 2s
 11650K .......... .......... .......... .......... .......... 23%  116M 2s
 11700K .......... .......... .......... .......... .......... 23% 28.1M 2s
 11750K .......... .......... .......... .......... .......... 23% 25.9M 2s
 11800K .......... .......... .......... .......... .......... 23% 77.6M 2s
 11850K .......... .......... .......... .......... .......... 23%  123M 2s
 11900K .......... .......... .......... .......... .......... 23%  117M 2s
 11950K .......... .......... .......... .......... .......... 24% 42.7M 2s
 12000K .......... .......... .......... .......... .......... 24%  125M 2s
 12050K .......... .......... .......... .......... .......... 24%  108M 2s
 12100K .......... .......... .......... .......... .......... 24% 10.1M 2s
 12150K .......... .......... .......... .......... .......... 24%  115M 2s
 12200K .......... .......... .......... .......... .......... 24%  126M 2s
 12250K .......... .......... .......... .......... .......... 24% 31.2M 2s
 12300K .......... .......... .......... .......... .......... 24%  105M 2s
 12350K .......... .......... .......... .......... .......... 24% 29.1M 2s
 12400K .......... .......... .......... .......... .......... 24% 8.08M 2s
 12450K .......... .......... .......... .......... .......... 25% 7.17M 2s
 12500K .......... .......... .......... .......... .......... 25% 13.6M 2s
 12550K .......... .......... .......... .......... .......... 25% 10.9M 2s
 12600K .......... .......... .......... .......... .......... 25% 58.2M 2s
 12650K .......... .......... .......... .......... .......... 25% 15.7M 2s
 12700K .......... .......... .......... .......... .......... 25% 27.2M 2s
 12750K .......... .......... .......... .......... .......... 25% 41.0M 2s
 12800K .......... .......... .......... .......... .......... 25% 13.0M 2s
 12850K .......... .......... .......... .......... .......... 25% 86.4M 2s
 12900K .......... .......... .......... .......... .......... 25% 10.7M 2s
 12950K .......... .......... .......... .......... .......... 26%  120M 2s
 13000K .......... .......... .......... .......... .......... 26% 20.7M 2s
 13050K .......... .......... .......... .......... .......... 26% 49.1M 2s
 13100K .......... .......... .......... .......... .......... 26% 21.8M 2s
 13150K .......... .......... .......... .......... .......... 26%  115M 2s
 13200K .......... .......... .......... .......... .......... 26% 8.14M 2s
 13250K .......... .......... .......... .......... .......... 26% 97.1M 2s
 13300K .......... .......... .......... .......... .......... 26% 77.1M 2s
 13350K .......... .......... .......... .......... .......... 26%  167M 2s
 13400K .......... .......... .......... .......... .......... 26% 24.3M 2s
 13450K .......... .......... .......... .......... .......... 27% 44.6M 2s
 13500K .......... .......... .......... .......... .......... 27% 23.1M 2s
 13550K .......... .......... .......... .......... .......... 27% 42.5M 2s
 13600K .......... .......... .......... .......... .......... 27% 9.67M 2s
 13650K .......... .......... .......... .......... .......... 27% 95.7M 2s
 13700K .......... .......... .......... .......... .......... 27% 99.2M 2s
 13750K .......... .......... .......... .......... .......... 27% 12.5M 2s
 13800K .......... .......... .......... .......... .......... 27% 12.7M 2s
 13850K .......... .......... .......... .......... .......... 27% 97.3M 2s
 13900K .......... .......... .......... .......... .......... 27%  112M 2s
 13950K .......... .......... .......... .......... .......... 28%  132M 2s
 14000K .......... .......... .......... .......... .......... 28%  146M 2s
 14050K .......... .......... .......... .......... .......... 28% 36.5M 2s
 14100K .......... .......... .......... .......... .......... 28% 15.6M 2s
 14150K .......... .......... .......... .......... .......... 28% 13.7M 2s
 14200K .......... .......... .......... .......... .......... 28% 95.1M 2s
 14250K .......... .......... .......... .......... .......... 28%  114M 2s
 14300K .......... .......... .......... .......... .......... 28% 11.4M 2s
 14350K .......... .......... .......... .......... .......... 28% 32.5M 2s
 14400K .......... .......... .......... .......... .......... 28% 98.7M 2s
 14450K .......... .......... .......... .......... .......... 29% 54.2M 2s
 14500K .......... .......... .......... .......... .......... 29% 12.2M 2s
 14550K .......... .......... .......... .......... .......... 29%  122M 2s
 14600K .......... .......... .......... .......... .......... 29% 12.8M 2s
 14650K .......... .......... .......... .......... .......... 29%  111M 2s
 14700K .......... .......... .......... .......... .......... 29% 80.7M 2s
 14750K .......... .......... .......... .......... .......... 29% 31.5M 2s
 14800K .......... .......... .......... .......... .......... 29% 86.9M 2s
 14850K .......... .......... .......... .......... .......... 29% 13.1M 2s
 14900K .......... .......... .......... .......... .......... 29% 29.9M 2s
 14950K .......... .......... .......... .......... .......... 30% 25.1M 2s
 15000K .......... .......... .......... .......... .......... 30% 28.8M 2s
 15050K .......... .......... .......... .......... .......... 30% 19.8M 2s
 15100K .......... .......... .......... .......... .......... 30% 6.27M 2s
 15150K .......... .......... .......... .......... .......... 30% 98.3M 2s
 15200K .......... .......... .......... .......... .......... 30%  105M 2s
 15250K .......... .......... .......... .......... .......... 30%  101M 2s
 15300K .......... .......... .......... .......... .......... 30% 89.7M 2s
 15350K .......... .......... .......... .......... .......... 30% 56.0M 1s
 15400K .......... .......... .......... .......... .......... 30% 39.9M 1s
 15450K .......... .......... .......... .......... .......... 31% 18.8M 1s
 15500K .......... .......... .......... .......... .......... 31% 6.17M 2s
 15550K .......... .......... .......... .......... .......... 31%  134M 1s
 15600K .......... .......... .......... .......... .......... 31%  105M 1s
 15650K .......... .......... .......... .......... .......... 31%  112M 1s
 15700K .......... .......... .......... .......... .......... 31% 95.4M 1s
 15750K .......... .......... .......... .......... .......... 31%  122M 1s
 15800K .......... .......... .......... .......... .......... 31% 14.0M 1s
 15850K .......... .......... .......... .......... .......... 31% 3.69M 1s
 15900K .......... .......... .......... .......... .......... 31% 92.8M 1s
 15950K .......... .......... .......... .......... .......... 32%  132M 1s
 16000K .......... .......... .......... .......... .......... 32%  131M 1s
 16050K .......... .......... .......... .......... .......... 32%  120M 1s
 16100K .......... .......... .......... .......... .......... 32%  103M 1s
 16150K .......... .......... .......... .......... .......... 32%  128M 1s
 16200K .......... .......... .......... .......... .......... 32% 77.2M 1s
 16250K .......... .......... .......... .......... .......... 32%  114M 1s
 16300K .......... .......... .......... .......... .......... 32% 16.5M 1s
 16350K .......... .......... .......... .......... .......... 32%  121M 1s
 16400K .......... .......... .......... .......... .......... 32% 86.2M 1s
 16450K .......... .......... .......... .......... .......... 33% 33.7M 1s
 16500K .......... .......... .......... .......... .......... 33% 83.5M 1s
 16550K .......... .......... .......... .......... .......... 33% 19.1M 1s
 16600K .......... .......... .......... .......... .......... 33%  122M 1s
 16650K .......... .......... .......... .......... .......... 33% 17.3M 1s
 16700K .......... .......... .......... .......... .......... 33% 87.7M 1s
 16750K .......... .......... .......... .......... .......... 33% 14.0M 1s
 16800K .......... .......... .......... .......... .......... 33% 26.4M 1s
 16850K .......... .......... .......... .......... .......... 33% 41.9M 1s
 16900K .......... .......... .......... .......... .......... 33% 82.9M 1s
 16950K .......... .......... .......... .......... .......... 34% 15.0M 1s
 17000K .......... .......... .......... .......... .......... 34% 91.7M 1s
 17050K .......... .......... .......... .......... .......... 34% 10.2M 1s
 17100K .......... .......... .......... .......... .......... 34% 81.2M 1s
 17150K .......... .......... .......... .......... .......... 34%  138M 1s
 17200K .......... .......... .......... .......... .......... 34% 21.6M 1s
 17250K .......... .......... .......... .......... .......... 34% 25.4M 1s
 17300K .......... .......... .......... .......... .......... 34% 27.6M 1s
 17350K .......... .......... .......... .......... .......... 34% 29.6M 1s
 17400K .......... .......... .......... .......... .......... 34% 18.0M 1s
 17450K .......... .......... .......... .......... .......... 35% 52.1M 1s
 17500K .......... .......... .......... .......... .......... 35% 14.2M 1s
 17550K .......... .......... .......... .......... .......... 35% 40.2M 1s
 17600K .......... .......... .......... .......... .......... 35%  103M 1s
 17650K .......... .......... .......... .......... .......... 35% 7.34M 1s
 17700K .......... .......... .......... .......... .......... 35% 72.6M 1s
 17750K .......... .......... .......... .......... .......... 35% 98.1M 1s
 17800K .......... .......... .......... .......... .......... 35% 95.8M 1s
 17850K .......... .......... .......... .......... .......... 35%  151M 1s
 17900K .......... .......... .......... .......... .......... 35% 81.4M 1s
 17950K .......... .......... .......... .......... .......... 36% 19.5M 1s
 18000K .......... .......... .......... .......... .......... 36% 49.9M 1s
 18050K .......... .......... .......... .......... .......... 36% 29.3M 1s
 18100K .......... .......... .......... .......... .......... 36% 8.62M 1s
 18150K .......... .......... .......... .......... .......... 36% 95.5M 1s
 18200K .......... .......... .......... .......... .......... 36% 68.7M 1s
 18250K .......... .......... .......... .......... .......... 36% 16.4M 1s
 18300K .......... .......... .......... .......... .......... 36% 78.5M 1s
 18350K .......... .......... .......... .......... .......... 36% 14.4M 1s
 18400K .......... .......... .......... .......... .......... 36% 96.2M 1s
 18450K .......... .......... .......... .......... .......... 37% 26.8M 1s
 18500K .......... .......... .......... .......... .......... 37% 98.0M 1s
 18550K .......... .......... .......... .......... .......... 37% 21.9M 1s
 18600K .......... .......... .......... .......... .......... 37% 79.3M 1s
 18650K .......... .......... .......... .......... .......... 37% 13.1M 1s
 18700K .......... .......... .......... .......... .......... 37% 24.0M 1s
 18750K .......... .......... .......... .......... .......... 37% 59.0M 1s
 18800K .......... .......... .......... .......... .......... 37% 93.8M 1s
 18850K .......... .......... .......... .......... .......... 37% 17.1M 1s
 18900K .......... .......... .......... .......... .......... 37% 54.5M 1s
 18950K .......... .......... .......... .......... .......... 38% 28.5M 1s
 19000K .......... .......... .......... .......... .......... 38% 9.71M 1s
 19050K .......... .......... .......... .......... .......... 38%  108M 1s
 19100K .......... .......... .......... .......... .......... 38%  117M 1s
 19150K .......... .......... .......... .......... .......... 38% 33.2M 1s
 19200K .......... .......... .......... .......... .......... 38% 25.9M 1s
 19250K .......... .......... .......... .......... .......... 38% 39.7M 1s
 19300K .......... .......... .......... .......... .......... 38% 10.8M 1s
 19350K .......... .......... .......... .......... .......... 38% 53.3M 1s
 19400K .......... .......... .......... .......... .......... 38% 30.1M 1s
 19450K .......... .......... .......... .......... .......... 39% 38.3M 1s
 19500K .......... .......... .......... .......... .......... 39% 21.2M 1s
 19550K .......... .......... .......... .......... .......... 39% 16.0M 1s
 19600K .......... .......... .......... .......... .......... 39%  103M 1s
 19650K .......... .......... .......... .......... .......... 39% 28.1M 1s
 19700K .......... .......... .......... .......... .......... 39% 11.8M 1s
 19750K .......... .......... .......... .......... .......... 39% 79.9M 1s
 19800K .......... .......... .......... .......... .......... 39%  107M 1s
 19850K .......... .......... .......... .......... .......... 39% 46.6M 1s
 19900K .......... .......... .......... .......... .......... 39% 18.2M 1s
 19950K .......... .......... .......... .......... .......... 40% 42.1M 1s
 20000K .......... .......... .......... .......... .......... 40% 31.8M 1s
 20050K .......... .......... .......... .......... .......... 40%  117M 1s
 20100K .......... .......... .......... .......... .......... 40% 18.5M 1s
 20150K .......... .......... .......... .......... .......... 40% 7.58M 1s
 20200K .......... .......... .......... .......... .......... 40%  105M 1s
 20250K .......... .......... .......... .......... .......... 40%  129M 1s
 20300K .......... .......... .......... .......... .......... 40% 99.9M 1s
 20350K .......... .......... .......... .......... .......... 40% 22.2M 1s
 20400K .......... .......... .......... .......... .......... 40% 37.9M 1s
 20450K .......... .......... .......... .......... .......... 41% 25.2M 1s
 20500K .......... .......... .......... .......... .......... 41% 8.50M 1s
 20550K .......... .......... .......... .......... .......... 41% 97.2M 1s
 20600K .......... .......... .......... .......... .......... 41%  113M 1s
 20650K .......... .......... .......... .......... .......... 41% 36.8M 1s
 20700K .......... .......... .......... .......... .......... 41% 6.16M 1s
 20750K .......... .......... .......... .......... .......... 41% 79.3M 1s
 20800K .......... .......... .......... .......... .......... 41% 82.5M 1s
 20850K .......... .......... .......... .......... .......... 41% 97.0M 1s
 20900K .......... .......... .......... .......... .......... 41%  117M 1s
 20950K .......... .......... .......... .......... .......... 42%  144M 1s
 21000K .......... .......... .......... .......... .......... 42% 8.58M 1s
 21050K .......... .......... .......... .......... .......... 42% 75.8M 1s
 21100K .......... .......... .......... .......... .......... 42% 98.1M 1s
 21150K .......... .......... .......... .......... .......... 42%  142M 1s
 21200K .......... .......... .......... .......... .......... 42%  149M 1s
 21250K .......... .......... .......... .......... .......... 42% 9.42M 1s
 21300K .......... .......... .......... .......... .......... 42% 65.6M 1s
 21350K .......... .......... .......... .......... .......... 42%  128M 1s
 21400K .......... .......... .......... .......... .......... 42% 5.01M 1s
 21450K .......... .......... .......... .......... .......... 43% 78.2M 1s
 21500K .......... .......... .......... .......... .......... 43%  120M 1s
 21550K .......... .......... .......... .......... .......... 43%  128M 1s
 21600K .......... .......... .......... .......... .......... 43%  132M 1s
 21650K .......... .......... .......... .......... .......... 43%  122M 1s
 21700K .......... .......... .......... .......... .......... 43%  109M 1s
 21750K .......... .......... .......... .......... .......... 43% 17.9M 1s
 21800K .......... .......... .......... .......... .......... 43% 74.2M 1s
 21850K .......... .......... .......... .......... .......... 43% 19.0M 1s
 21900K .......... .......... .......... .......... .......... 43% 97.7M 1s
 21950K .......... .......... .......... .......... .......... 44% 11.3M 1s
 22000K .......... .......... .......... .......... .......... 44% 94.6M 1s
 22050K .......... .......... .......... .......... .......... 44% 4.75M 1s
 22100K .......... .......... .......... .......... .......... 44% 89.3M 1s
 22150K .......... .......... .......... .......... .......... 44%  121M 1s
 22200K .......... .......... .......... .......... .......... 44%  120M 1s
 22250K .......... .......... .......... .......... .......... 44%  117M 1s
 22300K .......... .......... .......... .......... .......... 44%  111M 1s
 22350K .......... .......... .......... .......... .......... 44%  118M 1s
 22400K .......... .......... .......... .......... .......... 44% 48.5M 1s
 22450K .......... .......... .......... .......... .......... 45%  114M 1s
 22500K .......... .......... .......... .......... .......... 45% 33.2M 1s
 22550K .......... .......... .......... .......... .......... 45% 8.62M 1s
 22600K .......... .......... .......... .......... .......... 45%  123M 1s
 22650K .......... .......... .......... .......... .......... 45% 25.8M 1s
 22700K .......... .......... .......... .......... .......... 45% 79.7M 1s
 22750K .......... .......... .......... .......... .......... 45% 45.2M 1s
 22800K .......... .......... .......... .......... .......... 45% 52.3M 1s
 22850K .......... .......... .......... .......... .......... 45% 30.3M 1s
 22900K .......... .......... .......... .......... .......... 45% 21.8M 1s
 22950K .......... .......... .......... .......... .......... 46% 63.3M 1s
 23000K .......... .......... .......... .......... .......... 46% 22.6M 1s
 23050K .......... .......... .......... .......... .......... 46% 31.5M 1s
 23100K .......... .......... .......... .......... .......... 46% 10.7M 1s
 23150K .......... .......... .......... .......... .......... 46% 97.5M 1s
 23200K .......... .......... .......... .......... .......... 46% 20.7M 1s
 23250K .......... .......... .......... .......... .......... 46% 99.5M 1s
 23300K .......... .......... .......... .......... .......... 46% 29.3M 1s
 23350K .......... .......... .......... .......... .......... 46% 12.5M 1s
 23400K .......... .......... .......... .......... .......... 46% 88.3M 1s
 23450K .......... .......... .......... .......... .......... 47% 42.8M 1s
 23500K .......... .......... .......... .......... .......... 47% 26.2M 1s
 23550K .......... .......... .......... .......... .......... 47% 18.2M 1s
 23600K .......... .......... .......... .......... .......... 47%  109M 1s
 23650K .......... .......... .......... .......... .......... 47% 15.2M 1s
 23700K .......... .......... .......... .......... .......... 47% 70.8M 1s
 23750K .......... .......... .......... .......... .......... 47% 47.0M 1s
 23800K .......... .......... .......... .......... .......... 47% 7.98M 1s
 23850K .......... .......... .......... .......... .......... 47%  117M 1s
 23900K .......... .......... .......... .......... .......... 47% 8.14M 1s
 23950K .......... .......... .......... .......... .......... 48% 99.2M 1s
 24000K .......... .......... .......... .......... .......... 48% 94.4M 1s
 24050K .......... .......... .......... .......... .......... 48% 93.7M 1s
 24100K .......... .......... .......... .......... .......... 48% 26.3M 1s
 24150K .......... .......... .......... .......... .......... 48%  112M 1s
 24200K .......... .......... .......... .......... .......... 48% 10.8M 1s
 24250K .......... .......... .......... .......... .......... 48%  122M 1s
 24300K .......... .......... .......... .......... .......... 48% 55.5M 1s
 24350K .......... .......... .......... .......... .......... 48% 84.8M 1s
 24400K .......... .......... .......... .......... .......... 49%  101M 1s
 24450K .......... .......... .......... .......... .......... 49% 15.7M 1s
 24500K .......... .......... .......... .......... .......... 49% 42.3M 1s
 24550K .......... .......... .......... .......... .......... 49% 23.1M 1s
 24600K .......... .......... .......... .......... .......... 49% 61.1M 1s
 24650K .......... .......... .......... .......... .......... 49% 17.3M 1s
 24700K .......... .......... .......... .......... .......... 49% 21.1M 1s
 24750K .......... .......... .......... .......... .......... 49% 48.4M 1s
 24800K .......... .......... .......... .......... .......... 49% 12.7M 1s
 24850K .......... .......... .......... .......... .......... 49%  116M 1s
 24900K .......... .......... .......... .......... .......... 50%  122M 1s
 24950K .......... .......... .......... .......... .......... 50% 9.37M 1s
 25000K .......... .......... .......... .......... .......... 50% 90.7M 1s
 25050K .......... .......... .......... .......... .......... 50%  126M 1s
 25100K .......... .......... .......... .......... .......... 50% 14.5M 1s
 25150K .......... .......... .......... .......... .......... 50% 85.6M 1s
 25200K .......... .......... .......... .......... .......... 50%  140M 1s
 25250K .......... .......... .......... .......... .......... 50% 12.8M 1s
 25300K .......... .......... .......... .......... .......... 50% 46.5M 1s
 25350K .......... .......... .......... .......... .......... 50% 7.92M 1s
 25400K .......... .......... .......... .......... .......... 51% 29.5M 1s
 25450K .......... .......... .......... .......... .......... 51% 88.8M 1s
 25500K .......... .......... .......... .......... .......... 51% 79.0M 1s
 25550K .......... .......... .......... .......... .......... 51%  158M 1s
 25600K .......... .......... .......... .......... .......... 51% 45.3M 1s
 25650K .......... .......... .......... .......... .......... 51% 36.9M 1s
 25700K .......... .......... .......... .......... .......... 51% 24.3M 1s
 25750K .......... .......... .......... .......... .......... 51% 20.6M 1s
 25800K .......... .......... .......... .......... .......... 51% 16.2M 1s
 25850K .......... .......... .......... .......... .......... 51% 19.0M 1s
 25900K .......... .......... .......... .......... .......... 52%  105M 1s
 25950K .......... .......... .......... .......... .......... 52% 13.1M 1s
 26000K .......... .......... .......... .......... .......... 52%  118M 1s
 26050K .......... .......... .......... .......... .......... 52% 23.9M 1s
 26100K .......... .......... .......... .......... .......... 52% 81.5M 1s
 26150K .......... .......... .......... .......... .......... 52% 35.4M 1s
 26200K .......... .......... .......... .......... .......... 52% 20.5M 1s
 26250K .......... .......... .......... .......... .......... 52% 17.8M 1s
 26300K .......... .......... .......... .......... .......... 52% 93.9M 1s
 26350K .......... .......... .......... .......... .......... 52%  134M 1s
 26400K .......... .......... .......... .......... .......... 53% 17.2M 1s
 26450K .......... .......... .......... .......... .......... 53%  115M 1s
 26500K .......... .......... .......... .......... .......... 53% 28.1M 1s
 26550K .......... .......... .......... .......... .......... 53% 14.5M 1s
 26600K .......... .......... .......... .......... .......... 53% 40.7M 1s
 26650K .......... .......... .......... .......... .......... 53% 19.0M 1s
 26700K .......... .......... .......... .......... .......... 53% 73.4M 1s
 26750K .......... .......... .......... .......... .......... 53% 12.3M 1s
 26800K .......... .......... .......... .......... .......... 53% 86.6M 1s
 26850K .......... .......... .......... .......... .......... 53% 37.1M 1s
 26900K .......... .......... .......... .......... .......... 54% 33.2M 1s
 26950K .......... .......... .......... .......... .......... 54% 16.9M 1s
 27000K .......... .......... .......... .......... .......... 54% 25.9M 1s
 27050K .......... .......... .......... .......... .......... 54%  104M 1s
 27100K .......... .......... .......... .......... .......... 54% 9.41M 1s
 27150K .......... .......... .......... .......... .......... 54%  117M 1s
 27200K .......... .......... .......... .......... .......... 54%  112M 1s
 27250K .......... .......... .......... .......... .......... 54% 31.7M 1s
 27300K .......... .......... .......... .......... .......... 54% 12.1M 1s
 27350K .......... .......... .......... .......... .......... 54% 94.7M 1s
 27400K .......... .......... .......... .......... .......... 55% 41.8M 1s
 27450K .......... .......... .......... .......... .......... 55% 11.8M 1s
 27500K .......... .......... .......... .......... .......... 55% 48.7M 1s
 27550K .......... .......... .......... .......... .......... 55%  102M 1s
 27600K .......... .......... .......... .......... .......... 55% 23.5M 1s
 27650K .......... .......... .......... .......... .......... 55% 99.4M 1s
 27700K .......... .......... .......... .......... .......... 55% 24.2M 1s
 27750K .......... .......... .......... .......... .......... 55% 14.7M 1s
 27800K .......... .......... .......... .......... .......... 55% 50.2M 1s
 27850K .......... .......... .......... .......... .......... 55% 18.6M 1s
 27900K .......... .......... .......... .......... .......... 56% 12.7M 1s
 27950K .......... .......... .......... .......... .......... 56% 13.8M 1s
 28000K .......... .......... .......... .......... .......... 56%  104M 1s
 28050K .......... .......... .......... .......... .......... 56%  146M 1s
 28100K .......... .......... .......... .......... .......... 56% 85.6M 1s
 28150K .......... .......... .......... .......... .......... 56% 22.6M 1s
 28200K .......... .......... .......... .......... .......... 56% 74.2M 1s
 28250K .......... .......... .......... .......... .......... 56% 17.0M 1s
 28300K .......... .......... .......... .......... .......... 56%  101M 1s
 28350K .......... .......... .......... .......... .......... 56% 36.2M 1s
 28400K .......... .......... .......... .......... .......... 57% 56.3M 1s
 28450K .......... .......... .......... .......... .......... 57% 22.1M 1s
 28500K .......... .......... .......... .......... .......... 57% 14.6M 1s
 28550K .......... .......... .......... .......... .......... 57% 42.0M 1s
 28600K .......... .......... .......... .......... .......... 57% 31.1M 1s
 28650K .......... .......... .......... .......... .......... 57% 39.2M 1s
 28700K .......... .......... .......... .......... .......... 57% 13.3M 1s
 28750K .......... .......... .......... .......... .......... 57% 12.9M 1s
 28800K .......... .......... .......... .......... .......... 57% 95.4M 1s
 28850K .......... .......... .......... .......... .......... 57%  131M 1s
 28900K .......... .......... .......... .......... .......... 58% 35.6M 1s
 28950K .......... .......... .......... .......... .......... 58% 14.6M 1s
 29000K .......... .......... .......... .......... .......... 58% 82.5M 1s
 29050K .......... .......... .......... .......... .......... 58% 18.2M 1s
 29100K .......... .......... .......... .......... .......... 58% 28.9M 1s
 29150K .......... .......... .......... .......... .......... 58% 22.2M 1s
 29200K .......... .......... .......... .......... .......... 58%  120M 1s
 29250K .......... .......... .......... .......... .......... 58% 73.4M 1s
 29300K .......... .......... .......... .......... .......... 58% 13.7M 1s
 29350K .......... .......... .......... .......... .......... 58%  122M 1s
 29400K .......... .......... .......... .......... .......... 59% 24.5M 1s
 29450K .......... .......... .......... .......... .......... 59% 13.2M 1s
 29500K .......... .......... .......... .......... .......... 59% 8.40M 1s
 29550K .......... .......... .......... .......... .......... 59% 98.4M 1s
 29600K .......... .......... .......... .......... .......... 59%  138M 1s
 29650K .......... .......... .......... .......... .......... 59%  126M 1s
 29700K .......... .......... .......... .......... .......... 59%  112M 1s
 29750K .......... .......... .......... .......... .......... 59% 22.0M 1s
 29800K .......... .......... .......... .......... .......... 59% 31.5M 1s
 29850K .......... .......... .......... .......... .......... 59% 23.1M 1s
 29900K .......... .......... .......... .......... .......... 60% 13.2M 1s
 29950K .......... .......... .......... .......... .......... 60% 55.7M 1s
 30000K .......... .......... .......... .......... .......... 60% 73.0M 1s
 30050K .......... .......... .......... .......... .......... 60% 24.5M 1s
 30100K .......... .......... .......... .......... .......... 60% 18.8M 1s
 30150K .......... .......... .......... .......... .......... 60%  108M 1s
 30200K .......... .......... .......... .......... .......... 60% 15.4M 1s
 30250K .......... .......... .......... .......... .......... 60%  120M 1s
 30300K .......... .......... .......... .......... .......... 60% 26.7M 1s
 30350K .......... .......... .......... .......... .......... 60% 75.5M 1s
 30400K .......... .......... .......... .......... .......... 61% 29.4M 1s
 30450K .......... .......... .......... .......... .......... 61% 28.9M 1s
 30500K .......... .......... .......... .......... .......... 61% 23.9M 1s
 30550K .......... .......... .......... .......... .......... 61% 23.2M 1s
 30600K .......... .......... .......... .......... .......... 61% 90.1M 1s
 30650K .......... .......... .......... .......... .......... 61% 11.4M 1s
 30700K .......... .......... .......... .......... .......... 61%  108M 1s
 30750K .......... .......... .......... .......... .......... 61% 17.2M 1s
 30800K .......... .......... .......... .......... .......... 61% 79.9M 1s
 30850K .......... .......... .......... .......... .......... 61% 91.6M 1s
 30900K .......... .......... .......... .......... .......... 62% 16.9M 1s
 30950K .......... .......... .......... .......... .......... 62% 28.1M 1s
 31000K .......... .......... .......... .......... .......... 62% 9.31M 1s
 31050K .......... .......... .......... .......... .......... 62%  122M 1s
 31100K .......... .......... .......... .......... .......... 62% 45.0M 1s
 31150K .......... .......... .......... .......... .......... 62% 55.4M 1s
 31200K .......... .......... .......... .......... .......... 62% 34.6M 1s
 31250K .......... .......... .......... .......... .......... 62% 92.7M 1s
 31300K .......... .......... .......... .......... .......... 62% 12.6M 1s
 31350K .......... .......... .......... .......... .......... 62% 45.7M 1s
 31400K .......... .......... .......... .......... .......... 63% 41.2M 1s
 31450K .......... .......... .......... .......... .......... 63% 8.83M 1s
 31500K .......... .......... .......... .......... .......... 63% 95.4M 1s
 31550K .......... .......... .......... .......... .......... 63% 17.3M 1s
 31600K .......... .......... .......... .......... .......... 63%  111M 1s
 31650K .......... .......... .......... .......... .......... 63%  120M 1s
 31700K .......... .......... .......... .......... .......... 63% 28.4M 1s
 31750K .......... .......... .......... .......... .......... 63% 30.4M 1s
 31800K .......... .......... .......... .......... .......... 63% 15.5M 1s
 31850K .......... .......... .......... .......... .......... 63% 42.0M 1s
 31900K .......... .......... .......... .......... .......... 64% 6.10M 1s
 31950K .......... .......... .......... .......... .......... 64% 54.4M 1s
 32000K .......... .......... .......... .......... .......... 64% 77.8M 1s
 32050K .......... .......... .......... .......... .......... 64% 75.2M 1s
 32100K .......... .......... .......... .......... .......... 64% 71.8M 1s
 32150K .......... .......... .......... .......... .......... 64%  125M 1s
 32200K .......... .......... .......... .......... .......... 64%  116M 1s
 32250K .......... .......... .......... .......... .......... 64% 13.5M 1s
 32300K .......... .......... .......... .......... .......... 64% 81.9M 1s
 32350K .......... .......... .......... .......... .......... 64%  113M 1s
 32400K .......... .......... .......... .......... .......... 65% 16.2M 1s
 32450K .......... .......... .......... .......... .......... 65% 30.5M 1s
 32500K .......... .......... .......... .......... .......... 65% 17.8M 1s
 32550K .......... .......... .......... .......... .......... 65%  123M 1s
 32600K .......... .......... .......... .......... .......... 65% 20.3M 1s
 32650K .......... .......... .......... .......... .......... 65% 43.8M 1s
 32700K .......... .......... .......... .......... .......... 65% 5.37M 1s
 32750K .......... .......... .......... .......... .......... 65%  108M 1s
 32800K .......... .......... .......... .......... .......... 65%  132M 1s
 32850K .......... .......... .......... .......... .......... 65%  128M 1s
 32900K .......... .......... .......... .......... .......... 66%  103M 1s
 32950K .......... .......... .......... .......... .......... 66% 6.42M 1s
 33000K .......... .......... .......... .......... .......... 66%  135M 1s
 33050K .......... .......... .......... .......... .......... 66%  133M 1s
 33100K .......... .......... .......... .......... .......... 66%  102M 1s
 33150K .......... .......... .......... .......... .......... 66% 90.7M 1s
 33200K .......... .......... .......... .......... .......... 66% 24.3M 1s
 33250K .......... .......... .......... .......... .......... 66% 9.87M 1s
 33300K .......... .......... .......... .......... .......... 66% 69.5M 1s
 33350K .......... .......... .......... .......... .......... 66% 99.6M 1s
 33400K .......... .......... .......... .......... .......... 67% 7.61M 1s
 33450K .......... .......... .......... .......... .......... 67% 74.1M 1s
 33500K .......... .......... .......... .......... .......... 67% 74.5M 1s
 33550K .......... .......... .......... .......... .......... 67%  139M 1s
 33600K .......... .......... .......... .......... .......... 67% 27.0M 1s
 33650K .......... .......... .......... .......... .......... 67%  113M 1s
 33700K .......... .......... .......... .......... .......... 67% 87.8M 1s
 33750K .......... .......... .......... .......... .......... 67% 11.1M 1s
 33800K .......... .......... .......... .......... .......... 67%  126M 1s
 33850K .......... .......... .......... .......... .......... 67% 9.86M 1s
 33900K .......... .......... .......... .......... .......... 68% 17.7M 1s
 33950K .......... .......... .......... .......... .......... 68% 89.0M 1s
 34000K .......... .......... .......... .......... .......... 68% 84.7M 1s
 34050K .......... .......... .......... .......... .......... 68% 29.2M 1s
 34100K .......... .......... .......... .......... .......... 68% 22.1M 1s
 34150K .......... .......... .......... .......... .......... 68%  106M 1s
 34200K .......... .......... .......... .......... .......... 68% 44.0M 1s
 34250K .......... .......... .......... .......... .......... 68% 11.9M 1s
 34300K .......... .......... .......... .......... .......... 68%  115M 1s
 34350K .......... .......... .......... .......... .......... 68%  121M 1s
 34400K .......... .......... .......... .......... .......... 69% 18.2M 1s
 34450K .......... .......... .......... .......... .......... 69%  120M 1s
 34500K .......... .......... .......... .......... .......... 69% 13.6M 1s
 34550K .......... .......... .......... .......... .......... 69%  119M 1s
 34600K .......... .......... .......... .......... .......... 69%  111M 1s
 34650K .......... .......... .......... .......... .......... 69% 92.3M 1s
 34700K .......... .......... .......... .......... .......... 69% 7.05M 1s
 34750K .......... .......... .......... .......... .......... 69%  121M 1s
 34800K .......... .......... .......... .......... .......... 69% 93.2M 1s
 34850K .......... .......... .......... .......... .......... 69%  142M 1s
 34900K .......... .......... .......... .......... .......... 70% 32.1M 1s
 34950K .......... .......... .......... .......... .......... 70%  121M 1s
 35000K .......... .......... .......... .......... .......... 70% 7.03M 1s
 35050K .......... .......... .......... .......... .......... 70%  110M 1s
 35100K .......... .......... .......... .......... .......... 70% 63.1M 1s
 35150K .......... .......... .......... .......... .......... 70%  124M 1s
 35200K .......... .......... .......... .......... .......... 70% 41.8M 1s
 35250K .......... .......... .......... .......... .......... 70% 11.6M 1s
 35300K .......... .......... .......... .......... .......... 70% 61.3M 1s
 35350K .......... .......... .......... .......... .......... 70% 28.0M 1s
 35400K .......... .......... .......... .......... .......... 71% 6.20M 1s
 35450K .......... .......... .......... .......... .......... 71%  120M 1s
 35500K .......... .......... .......... .......... .......... 71%  102M 1s
 35550K .......... .......... .......... .......... .......... 71% 78.7M 1s
 35600K .......... .......... .......... .......... .......... 71% 99.8M 1s
 35650K .......... .......... .......... .......... .......... 71%  108M 1s
 35700K .......... .......... .......... .......... .......... 71% 9.98M 1s
 35750K .......... .......... .......... .......... .......... 71% 74.3M 1s
 35800K .......... .......... .......... .......... .......... 71%  123M 1s
 35850K .......... .......... .......... .......... .......... 71% 6.67M 1s
 35900K .......... .......... .......... .......... .......... 72% 63.4M 1s
 35950K .......... .......... .......... .......... .......... 72%  120M 1s
 36000K .......... .......... .......... .......... .......... 72% 98.8M 1s
 36050K .......... .......... .......... .......... .......... 72% 6.01M 1s
 36100K .......... .......... .......... .......... .......... 72% 90.2M 1s
 36150K .......... .......... .......... .......... .......... 72%  125M 1s
 36200K .......... .......... .......... .......... .......... 72%  123M 1s
 36250K .......... .......... .......... .......... .......... 72% 72.7M 1s
 36300K .......... .......... .......... .......... .......... 72%  109M 1s
 36350K .......... .......... .......... .......... .......... 72% 40.8M 1s
 36400K .......... .......... .......... .......... .......... 73% 97.4M 1s
 36450K .......... .......... .......... .......... .......... 73% 52.8M 1s
 36500K .......... .......... .......... .......... .......... 73% 9.12M 1s
 36550K .......... .......... .......... .......... .......... 73%  121M 1s
 36600K .......... .......... .......... .......... .......... 73%  131M 1s
 36650K .......... .......... .......... .......... .......... 73% 80.0M 1s
 36700K .......... .......... .......... .......... .......... 73% 7.23M 1s
 36750K .......... .......... .......... .......... .......... 73%  120M 1s
 36800K .......... .......... .......... .......... .......... 73%  105M 1s
 36850K .......... .......... .......... .......... .......... 73% 12.6M 1s
 36900K .......... .......... .......... .......... .......... 74% 79.8M 1s
 36950K .......... .......... .......... .......... .......... 74% 25.2M 1s
 37000K .......... .......... .......... .......... .......... 74% 99.2M 0s
 37050K .......... .......... .......... .......... .......... 74% 13.9M 0s
 37100K .......... .......... .......... .......... .......... 74%  111M 0s
 37150K .......... .......... .......... .......... .......... 74% 52.7M 0s
 37200K .......... .......... .......... .......... .......... 74% 8.92M 0s
 37250K .......... .......... .......... .......... .......... 74%  121M 0s
 37300K .......... .......... .......... .......... .......... 74%  115M 0s
 37350K .......... .......... .......... .......... .......... 74%  118M 0s
 37400K .......... .......... .......... .......... .......... 75% 7.17M 0s
 37450K .......... .......... .......... .......... .......... 75%  104M 0s
 37500K .......... .......... .......... .......... .......... 75% 70.2M 0s
 37550K .......... .......... .......... .......... .......... 75% 88.0M 0s
 37600K .......... .......... .......... .......... .......... 75% 15.8M 0s
 37650K .......... .......... .......... .......... .......... 75% 13.6M 0s
 37700K .......... .......... .......... .......... .......... 75% 92.2M 0s
 37750K .......... .......... .......... .......... .......... 75% 12.8M 0s
 37800K .......... .......... .......... .......... .......... 75% 89.0M 0s
 37850K .......... .......... .......... .......... .......... 75% 25.5M 0s
 37900K .......... .......... .......... .......... .......... 76% 13.6M 0s
 37950K .......... .......... .......... .......... .......... 76%  106M 0s
 38000K .......... .......... .......... .......... .......... 76% 27.3M 0s
 38050K .......... .......... .......... .......... .......... 76% 21.2M 0s
 38100K .......... .......... .......... .......... .......... 76% 93.5M 0s
 38150K .......... .......... .......... .......... .......... 76% 35.9M 0s
 38200K .......... .......... .......... .......... .......... 76%  102M 0s
 38250K .......... .......... .......... .......... .......... 76% 13.0M 0s
 38300K .......... .......... .......... .......... .......... 76% 7.11M 0s
 38350K .......... .......... .......... .......... .......... 76% 91.1M 0s
 38400K .......... .......... .......... .......... .......... 77% 96.3M 0s
 38450K .......... .......... .......... .......... .......... 77%  115M 0s
 38500K .......... .......... .......... .......... .......... 77%  137M 0s
 38550K .......... .......... .......... .......... .......... 77% 17.4M 0s
 38600K .......... .......... .......... .......... .......... 77% 25.9M 0s
 38650K .......... .......... .......... .......... .......... 77% 78.9M 0s
 38700K .......... .......... .......... .......... .......... 77%  101M 0s
 38750K .......... .......... .......... .......... .......... 77%  130M 0s
 38800K .......... .......... .......... .......... .......... 77% 14.2M 0s
 38850K .......... .......... .......... .......... .......... 77% 82.5M 0s
 38900K .......... .......... .......... .......... .......... 78% 85.9M 0s
 38950K .......... .......... .......... .......... .......... 78% 16.4M 0s
 39000K .......... .......... .......... .......... .......... 78% 91.5M 0s
 39050K .......... .......... .......... .......... .......... 78% 16.4M 0s
 39100K .......... .......... .......... .......... .......... 78% 65.4M 0s
 39150K .......... .......... .......... .......... .......... 78%  144M 0s
 39200K .......... .......... .......... .......... .......... 78% 13.7M 0s
 39250K .......... .......... .......... .......... .......... 78%  115M 0s
 39300K .......... .......... .......... .......... .......... 78% 30.2M 0s
 39350K .......... .......... .......... .......... .......... 78% 8.88M 0s
 39400K .......... .......... .......... .......... .......... 79% 93.4M 0s
 39450K .......... .......... .......... .......... .......... 79% 18.1M 0s
 39500K .......... .......... .......... .......... .......... 79%  112M 0s
 39550K .......... .......... .......... .......... .......... 79% 89.6M 0s
 39600K .......... .......... .......... .......... .......... 79% 23.9M 0s
 39650K .......... .......... .......... .......... .......... 79% 70.2M 0s
 39700K .......... .......... .......... .......... .......... 79% 4.13M 0s
 39750K .......... .......... .......... .......... .......... 79% 4.04M 0s
 39800K .......... .......... .......... .......... .......... 79%  383K 0s
 39850K .......... .......... .......... .......... .......... 79%  125M 0s
 39900K .......... .......... .......... .......... .......... 80%  120M 0s
 39950K .......... .......... .......... .......... .......... 80%  124M 0s
 40000K .......... .......... .......... .......... .......... 80%  126M 0s
 40050K .......... .......... .......... .......... .......... 80%  128M 0s
 40100K .......... .......... .......... .......... .......... 80%  103M 0s
 40150K .......... .......... .......... .......... .......... 80%  130M 0s
 40200K .......... .......... .......... .......... .......... 80%  129M 0s
 40250K .......... .......... .......... .......... .......... 80%  130M 0s
 40300K .......... .......... .......... .......... .......... 80% 76.2M 0s
 40350K .......... .......... .......... .......... .......... 80%  123M 0s
 40400K .......... .......... .......... .......... .......... 81%  143M 0s
 40450K .......... .......... .......... .......... .......... 81%  129M 0s
 40500K .......... .......... .......... .......... .......... 81% 89.7M 0s
 40550K .......... .......... .......... .......... .......... 81% 85.9M 0s
 40600K .......... .......... .......... .......... .......... 81% 92.2M 0s
 40650K .......... .......... .......... .......... .......... 81%  101M 0s
 40700K .......... .......... .......... .......... .......... 81%  129M 0s
 40750K .......... .......... .......... .......... .......... 81%  144M 0s
 40800K .......... .......... .......... .......... .......... 81%  140M 0s
 40850K .......... .......... .......... .......... .......... 81%  136M 0s
 40900K .......... .......... .......... .......... .......... 82%  105M 0s
 40950K .......... .......... .......... .......... .......... 82%  136M 0s
 41000K .......... .......... .......... .......... .......... 82% 80.3M 0s
 41050K .......... .......... .......... .......... .......... 82%  138M 0s
 41100K .......... .......... .......... .......... .......... 82%  174M 0s
 41150K .......... .......... .......... .......... .......... 82%  100M 0s
 41200K .......... .......... .......... .......... .......... 82% 95.9M 0s
 41250K .......... .......... .......... .......... .......... 82% 99.6M 0s
 41300K .......... .......... .......... .......... .......... 82% 75.5M 0s
 41350K .......... .......... .......... .......... .......... 82%  142M 0s
 41400K .......... .......... .......... .......... .......... 83%  134M 0s
 41450K .......... .......... .......... .......... .......... 83%  141M 0s
 41500K .......... .......... .......... .......... .......... 83%  128M 0s
 41550K .......... .......... .......... .......... .......... 83%  138M 0s
 41600K .......... .......... .......... .......... .......... 83%  134M 0s
 41650K .......... .......... .......... .......... .......... 83%  116M 0s
 41700K .......... .......... .......... .......... .......... 83% 80.6M 0s
 41750K .......... .......... .......... .......... .......... 83% 92.3M 0s
 41800K .......... .......... .......... .......... .......... 83%  105M 0s
 41850K .......... .......... .......... .......... .......... 83%  112M 0s
 41900K .......... .......... .......... .......... .......... 84%  117M 0s
 41950K .......... .......... .......... .......... .......... 84%  157M 0s
 42000K .......... .......... .......... .......... .......... 84%  138M 0s
 42050K .......... .......... .......... .......... .......... 84%  107M 0s
 42100K .......... .......... .......... .......... .......... 84% 76.9M 0s
 42150K .......... .......... .......... .......... .......... 84%  125M 0s
 42200K .......... .......... .......... .......... .......... 84%  129M 0s
 42250K .......... .......... .......... .......... .......... 84%  130M 0s
 42300K .......... .......... .......... .......... .......... 84%  114M 0s
 42350K .......... .......... .......... .......... .......... 84%  131M 0s
 42400K .......... .......... .......... .......... .......... 85%  109M 0s
 42450K .......... .......... .......... .......... .......... 85%  126M 0s
 42500K .......... .......... .......... .......... .......... 85% 97.6M 0s
 42550K .......... .......... .......... .......... .......... 85%  103M 0s
 42600K .......... .......... .......... .......... .......... 85% 96.6M 0s
 42650K .......... .......... .......... .......... .......... 85% 98.4M 0s
 42700K .......... .......... .......... .......... .......... 85%  116M 0s
 42750K .......... .......... .......... .......... .......... 85%  142M 0s
 42800K .......... .......... .......... .......... .......... 85%  146M 0s
 42850K .......... .......... .......... .......... .......... 85%  110M 0s
 42900K .......... .......... .......... .......... .......... 86%  103M 0s
 42950K .......... .......... .......... .......... .......... 86%  129M 0s
 43000K .......... .......... .......... .......... .......... 86% 98.9M 0s
 43050K .......... .......... .......... .......... .......... 86%  131M 0s
 43100K .......... .......... .......... .......... .......... 86%  109M 0s
 43150K .......... .......... .......... .......... .......... 86%  122M 0s
 43200K .......... .......... .......... .......... .......... 86%  120M 0s
 43250K .......... .......... .......... .......... .......... 86%  102M 0s
 43300K .......... .......... .......... .......... .......... 86% 88.0M 0s
 43350K .......... .......... .......... .......... .......... 86%  138M 0s
 43400K .......... .......... .......... .......... .......... 87%  129M 0s
 43450K .......... .......... .......... .......... .......... 87%  119M 0s
 43500K .......... .......... .......... .......... .......... 87%  106M 0s
 43550K .......... .......... .......... .......... .......... 87%  120M 0s
 43600K .......... .......... .......... .......... .......... 87%  105M 0s
 43650K .......... .......... .......... .......... .......... 87%  106M 0s
 43700K .......... .......... .......... .......... .......... 87% 99.0M 0s
 43750K .......... .......... .......... .......... .......... 87%  121M 0s
 43800K .......... .......... .......... .......... .......... 87%  120M 0s
 43850K .......... .......... .......... .......... .......... 87%  109M 0s
 43900K .......... .......... .......... .......... .......... 88%  121M 0s
 43950K .......... .......... .......... .......... .......... 88%  104M 0s
 44000K .......... .......... .......... .......... .......... 88%  119M 0s
 44050K .......... .......... .......... .......... .......... 88%  135M 0s
 44100K .......... .......... .......... .......... .......... 88% 8.34M 0s
 44150K .......... .......... .......... .......... .......... 88%  114M 0s
 44200K .......... .......... .......... .......... .......... 88%  108M 0s
 44250K .......... .......... .......... .......... .......... 88%  128M 0s
 44300K .......... .......... .......... .......... .......... 88% 97.5M 0s
 44350K .......... .......... .......... .......... .......... 88% 14.2M 0s
 44400K .......... .......... .......... .......... .......... 89%  118M 0s
 44450K .......... .......... .......... .......... .......... 89% 99.0M 0s
 44500K .......... .......... .......... .......... .......... 89% 82.4M 0s
 44550K .......... .......... .......... .......... .......... 89%  113M 0s
 44600K .......... .......... .......... .......... .......... 89%  144M 0s
 44650K .......... .......... .......... .......... .......... 89%  148M 0s
 44700K .......... .......... .......... .......... .......... 89%  107M 0s
 44750K .......... .......... .......... .......... .......... 89%  111M 0s
 44800K .......... .......... .......... .......... .......... 89% 39.2M 0s
 44850K .......... .......... .......... .......... .......... 89%  106M 0s
 44900K .......... .......... .......... .......... .......... 90% 46.1M 0s
 44950K .......... .......... .......... .......... .......... 90% 20.8M 0s
 45000K .......... .......... .......... .......... .......... 90%  112M 0s
 45050K .......... .......... .......... .......... .......... 90% 28.7M 0s
 45100K .......... .......... .......... .......... .......... 90% 53.0M 0s
 45150K .......... .......... .......... .......... .......... 90% 45.6M 0s
 45200K .......... .......... .......... .......... .......... 90% 10.6M 0s
 45250K .......... .......... .......... .......... .......... 90% 89.4M 0s
 45300K .......... .......... .......... .......... .......... 90%  116M 0s
 45350K .......... .......... .......... .......... .......... 90% 3.65M 0s
 45400K .......... .......... .......... .......... .......... 91% 10.9M 0s
 45450K .......... .......... .......... .......... .......... 91% 96.9M 0s
 45500K .......... .......... .......... .......... .......... 91% 95.4M 0s
 45550K .......... .......... .......... .......... .......... 91%  135M 0s
 45600K .......... .......... .......... .......... .......... 91% 5.96M 0s
 45650K .......... .......... .......... .......... .......... 91% 22.0M 0s
 45700K .......... .......... .......... .......... .......... 91%  117M 0s
 45750K .......... .......... .......... .......... .......... 91% 13.6M 0s
 45800K .......... .......... .......... .......... .......... 91% 37.9M 0s
 45850K .......... .......... .......... .......... .......... 91% 90.2M 0s
 45900K .......... .......... .......... .......... .......... 92% 8.01M 0s
 45950K .......... .......... .......... .......... .......... 92%  120M 0s
 46000K .......... .......... .......... .......... .......... 92% 89.0M 0s
 46050K .......... .......... .......... .......... .......... 92% 95.1M 0s
 46100K .......... .......... .......... .......... .......... 92% 87.7M 0s
 46150K .......... .......... .......... .......... .......... 92%  150M 0s
 46200K .......... .......... .......... .......... .......... 92%  143M 0s
 46250K .......... .......... .......... .......... .......... 92%  139M 0s
 46300K .......... .......... .......... .......... .......... 92%  119M 0s
 46350K .......... .......... .......... .......... .......... 92% 79.5M 0s
 46400K .......... .......... .......... .......... .......... 93% 98.3M 0s
 46450K .......... .......... .......... .......... .......... 93% 18.3M 0s
 46500K .......... .......... .......... .......... .......... 93% 83.7M 0s
 46550K .......... .......... .......... .......... .......... 93% 93.6M 0s
 46600K .......... .......... .......... .......... .......... 93%  125M 0s
 46650K .......... .......... .......... .......... .......... 93% 28.7M 0s
 46700K .......... .......... .......... .......... .......... 93%  100M 0s
 46750K .......... .......... .......... .......... .......... 93% 13.4M 0s
 46800K .......... .......... .......... .......... .......... 93%  105M 0s
 46850K .......... .......... .......... .......... .......... 93% 7.28M 0s
 46900K .......... .......... .......... .......... .......... 94% 91.2M 0s
 46950K .......... .......... .......... .......... .......... 94% 95.3M 0s
 47000K .......... .......... .......... .......... .......... 94% 92.8M 0s
 47050K .......... .......... .......... .......... .......... 94% 98.5M 0s
 47100K .......... .......... .......... .......... .......... 94% 53.3M 0s
 47150K .......... .......... .......... .......... .......... 94%  106M 0s
 47200K .......... .......... .......... .......... .......... 94% 38.2M 0s
 47250K .......... .......... .......... .......... .......... 94% 88.7M 0s
 47300K .......... .......... .......... .......... .......... 94% 17.8M 0s
 47350K .......... .......... .......... .......... .......... 94%  128M 0s
 47400K .......... .......... .......... .......... .......... 95% 4.05M 0s
 47450K .......... .......... .......... .......... .......... 95% 22.5M 0s
 47500K .......... .......... .......... .......... .......... 95% 10.1M 0s
 47550K .......... .......... .......... .......... .......... 95% 7.74M 0s
 47600K .......... .......... .......... .......... .......... 95% 86.2M 0s
 47650K .......... .......... .......... .......... .......... 95% 37.0M 0s
 47700K .......... .......... .......... .......... .......... 95% 11.6M 0s
 47750K .......... .......... .......... .......... .......... 95%  107M 0s
 47800K .......... .......... .......... .......... .......... 95%  189M 0s
 47850K .......... .......... .......... .......... .......... 95% 23.9M 0s
 47900K .......... .......... .......... .......... .......... 96% 75.4M 0s
 47950K .......... .......... .......... .......... .......... 96%  137M 0s
 48000K .......... .......... .......... .......... .......... 96% 67.5M 0s
 48050K .......... .......... .......... .......... .......... 96%  122M 0s
 48100K .......... .......... .......... .......... .......... 96% 12.7M 0s
 48150K .......... .......... .......... .......... .......... 96% 89.5M 0s
 48200K .......... .......... .......... .......... .......... 96% 52.9M 0s
 48250K .......... .......... .......... .......... .......... 96% 23.9M 0s
 48300K .......... .......... .......... .......... .......... 96%  101M 0s
 48350K .......... .......... .......... .......... .......... 97% 8.61M 0s
 48400K .......... .......... .......... .......... .......... 97% 96.1M 0s
 48450K .......... .......... .......... .......... .......... 97%  142M 0s
 48500K .......... .......... .......... .......... .......... 97% 50.2M 0s
 48550K .......... .......... .......... .......... .......... 97%  110M 0s
 48600K .......... .......... .......... .......... .......... 97% 84.1M 0s
 48650K .......... .......... .......... .......... .......... 97% 61.2M 0s
 48700K .......... .......... .......... .......... .......... 97% 13.8M 0s
 48750K .......... .......... .......... .......... .......... 97% 92.1M 0s
 48800K .......... .......... .......... .......... .......... 97% 26.3M 0s
 48850K .......... .......... .......... .......... .......... 98% 44.3M 0s
 48900K .......... .......... .......... .......... .......... 98% 26.9M 0s
 48950K .......... .......... .......... .......... .......... 98% 9.23M 0s
 49000K .......... .......... .......... .......... .......... 98% 95.0M 0s
 49050K .......... .......... .......... .......... .......... 98% 94.5M 0s
 49100K .......... .......... .......... .......... .......... 98%  142M 0s
 49150K .......... .......... .......... .......... .......... 98% 21.6M 0s
 49200K .......... .......... .......... .......... .......... 98% 80.1M 0s
 49250K .......... .......... .......... .......... .......... 98% 99.2M 0s
 49300K .......... .......... .......... .......... .......... 98% 99.9M 0s
 49350K .......... .......... .......... .......... .......... 99% 56.1M 0s
 49400K .......... .......... .......... .......... .......... 99% 4.64M 0s
 49450K .......... .......... .......... .......... .......... 99% 21.7M 0s
 49500K .......... .......... .......... .......... .......... 99% 88.7M 0s
 49550K .......... .......... .......... .......... .......... 99%  125M 0s
 49600K .......... .......... .......... .......... .......... 99%  132M 0s
 49650K .......... .......... .......... .......... .......... 99%  128M 0s
 49700K .......... .......... .......... .......... .......... 99%  109M 0s
 49750K .......... .......... .......... .......... .......... 99%  129M 0s
 49800K .......... .......... .......... .......... .......... 99%  133M 0s
 49850K .......... .......... .......... .......... ......    100%  134M=1.9s

2021-01-07 08:12:49 (25.4 MB/s) - `miniconda.sh' saved [51093759/51093759]


travis_time:end:23063ba3:start=1610007167396011683,finish=1610007169931154042,duration=2535142359[0Ktravis_fold:end:before_install.1[0Ktravis_fold:start:before_install.2[0Ktravis_time:start:0070ccd6[0K$ chmod +x miniconda.sh

travis_time:end:0070ccd6:start=1610007169941864554,finish=1610007169952619396,duration=10754842[0Ktravis_fold:end:before_install.2[0Ktravis_fold:start:before_install.3[0Ktravis_time:start:06ec7736[0K$ ./miniconda.sh -b
PREFIX=/home/travis/miniconda2
Unpacking payload ...
  0%|          | 0/37 [00:00<?, ?it/s]Extracting : python-2.7.18-h15b4118_1.conda:   0%|          | 0/37 [00:04<?, ?it/s]Extracting : python-2.7.18-h15b4118_1.conda:   3%|▎         | 1/37 [00:04<02:42,  4.51s/it]Extracting : _libgcc_mutex-0.1-main.conda:   3%|▎         | 1/37 [00:04<02:42,  4.51s/it]  Extracting : ca-certificates-2020.1.1-0.conda:   5%|▌         | 2/37 [00:04<02:37,  4.51s/it]Extracting : libstdcxx-ng-9.1.0-hdf63c60_0.conda:   8%|▊         | 3/37 [00:04<02:33,  4.51s/it]Extracting : libgcc-ng-9.1.0-hdf63c60_0.conda:  11%|█         | 4/37 [00:04<02:28,  4.51s/it]   Extracting : libffi-3.3-he6710b0_1.conda:  14%|█▎        | 5/37 [00:04<02:24,  4.51s/it]     Extracting : ncurses-6.2-he6710b0_1.conda:  16%|█▌        | 6/37 [00:04<02:19,  4.51s/it]Extracting : openssl-1.1.1g-h7b6447c_0.conda:  19%|█▉        | 7/37 [00:04<02:15,  4.51s/it]Extracting : yaml-0.1.7-had09818_2.conda:  22%|██▏       | 8/37 [00:04<02:10,  4.51s/it]    Extracting : zlib-1.2.11-h7b6447c_3.conda:  24%|██▍       | 9/37 [00:04<02:06,  4.51s/it]Extracting : libedit-3.1.20181209-hc058e9b_0.conda:  27%|██▋       | 10/37 [00:04<02:01,  4.51s/it]Extracting : readline-8.0-h7b6447c_0.conda:  30%|██▉       | 11/37 [00:04<01:57,  4.51s/it]        Extracting : tk-8.6.8-hbc83047_0.conda:  32%|███▏      | 12/37 [00:04<01:52,  4.51s/it]    Extracting : sqlite-3.31.1-h62c20be_1.conda:  35%|███▌      | 13/37 [00:04<01:48,  4.51s/it]Extracting : asn1crypto-1.3.0-py27_0.conda:  38%|███▊      | 14/37 [00:04<01:43,  4.51s/it] Extracting : certifi-2019.11.28-py27_0.conda:  41%|████      | 15/37 [00:04<01:39,  4.51s/it]Extracting : chardet-3.0.4-py27_1003.conda:  43%|████▎     | 16/37 [00:04<01:34,  4.51s/it]  Extracting : enum34-1.1.6-py27_1.conda:  46%|████▌     | 17/37 [00:04<01:30,  4.51s/it]    Extracting : futures-3.3.0-py27_0.conda:  49%|████▊     | 18/37 [00:04<01:25,  4.51s/it]Extracting : idna-2.8-py27_0.conda:  51%|█████▏    | 19/37 [00:04<01:21,  4.51s/it]     Extracting : ipaddress-1.0.23-py_0.conda:  54%|█████▍    | 20/37 [00:04<01:16,  4.51s/it]Extracting : pycosat-0.6.3-py27h7b6447c_0.conda:  57%|█████▋    | 21/37 [00:04<01:12,  4.51s/it]Extracting : pycparser-2.20-py_0.conda:  59%|█████▉    | 22/37 [00:04<01:07,  4.51s/it]         Extracting : pysocks-1.7.1-py27_0.conda:  62%|██████▏   | 23/37 [00:04<01:03,  4.51s/it]Extracting : ruamel_yaml-0.15.87-py27h7b6447c_0.conda:  65%|██████▍   | 24/37 [00:04<00:58,  4.51s/it]Extracting : six-1.13.0-py27_0.conda:  68%|██████▊   | 25/37 [00:04<00:54,  4.51s/it]                 Extracting : tqdm-4.46.0-py_0.conda:  70%|███████   | 26/37 [00:04<00:49,  4.51s/it] Extracting : cffi-1.14.0-py27he30daa8_1.conda:  73%|███████▎  | 27/37 [00:04<00:45,  4.51s/it]Extracting : conda-package-handling-1.6.0-py27h7b6447c_0.conda:  76%|███████▌  | 28/37 [00:04<00:40,  4.51s/it]Extracting : setuptools-44.0.0-py27_0.conda:  78%|███████▊  | 29/37 [00:04<00:36,  4.51s/it]                   Extracting : cryptography-2.8-py27h1ba5d50_0.conda:  81%|████████  | 30/37 [00:04<00:31,  4.51s/it]Extracting : wheel-0.33.6-py27_0.conda:  84%|████████▍ | 31/37 [00:04<00:27,  4.51s/it]            Extracting : pip-19.3.1-py27_0.conda:  86%|████████▋ | 32/37 [00:04<00:22,  4.51s/it]  Extracting : pyopenssl-19.1.0-py27_0.conda:  89%|████████▉ | 33/37 [00:04<00:18,  4.51s/it]Extracting : urllib3-1.25.7-py27_0.conda:  92%|█████████▏| 34/37 [00:04<00:13,  4.51s/it]  Extracting : requests-2.22.0-py27_1.conda:  95%|█████████▍| 35/37 [00:04<00:09,  4.51s/it]Extracting : conda-4.8.3-py27_0.tar.bz2:  97%|█████████▋| 36/37 [00:04<00:04,  4.51s/it]  Extracting : conda-4.8.3-py27_0.tar.bz2: 100%|██████████| 37/37 [00:04<00:00,  3.16s/it]                                                                                        Collecting package metadata (current_repodata.json): ...working... done
Solving environment: ...working... done

## Package Plan ##

  environment location: /home/travis/miniconda2

  added / updated specs:
    - _libgcc_mutex==0.1=main
    - asn1crypto==1.3.0=py27_0
    - ca-certificates==2020.1.1=0
    - certifi==2019.11.28=py27_0
    - cffi==1.14.0=py27he30daa8_1
    - chardet==3.0.4=py27_1003
    - conda-package-handling==1.6.0=py27h7b6447c_0
    - conda==4.8.3=py27_0
    - cryptography==2.8=py27h1ba5d50_0
    - enum34==1.1.6=py27_1
    - futures==3.3.0=py27_0
    - idna==2.8=py27_0
    - ipaddress==1.0.23=py_0
    - libedit==3.1.20181209=hc058e9b_0
    - libffi==3.3=he6710b0_1
    - libgcc-ng==9.1.0=hdf63c60_0
    - libstdcxx-ng==9.1.0=hdf63c60_0
    - ncurses==6.2=he6710b0_1
    - openssl==1.1.1g=h7b6447c_0
    - pip==19.3.1=py27_0
    - pycosat==0.6.3=py27h7b6447c_0
    - pycparser==2.20=py_0
    - pyopenssl==19.1.0=py27_0
    - pysocks==1.7.1=py27_0
    - python==2.7.18=h15b4118_1
    - readline==8.0=h7b6447c_0
    - requests==2.22.0=py27_1
    - ruamel_yaml==0.15.87=py27h7b6447c_0
    - setuptools==44.0.0=py27_0
    - six==1.13.0=py27_0
    - sqlite==3.31.1=h62c20be_1
    - tk==8.6.8=hbc83047_0
    - tqdm==4.46.0=py_0
    - urllib3==1.25.7=py27_0
    - wheel==0.33.6=py27_0
    - yaml==0.1.7=had09818_2
    - zlib==1.2.11=h7b6447c_3


The following NEW packages will be INSTALLED:

  _libgcc_mutex      pkgs/main/linux-64::_libgcc_mutex-0.1-main
  asn1crypto         pkgs/main/linux-64::asn1crypto-1.3.0-py27_0
  ca-certificates    pkgs/main/linux-64::ca-certificates-2020.1.1-0
  certifi            pkgs/main/linux-64::certifi-2019.11.28-py27_0
  cffi               pkgs/main/linux-64::cffi-1.14.0-py27he30daa8_1
  chardet            pkgs/main/linux-64::chardet-3.0.4-py27_1003
  conda              pkgs/main/linux-64::conda-4.8.3-py27_0
  conda-package-han~ pkgs/main/linux-64::conda-package-handling-1.6.0-py27h7b6447c_0
  cryptography       pkgs/main/linux-64::cryptography-2.8-py27h1ba5d50_0
  enum34             pkgs/main/linux-64::enum34-1.1.6-py27_1
  futures            pkgs/main/linux-64::futures-3.3.0-py27_0
  idna               pkgs/main/linux-64::idna-2.8-py27_0
  ipaddress          pkgs/main/noarch::ipaddress-1.0.23-py_0
  libedit            pkgs/main/linux-64::libedit-3.1.20181209-hc058e9b_0
  libffi             pkgs/main/linux-64::libffi-3.3-he6710b0_1
  libgcc-ng          pkgs/main/linux-64::libgcc-ng-9.1.0-hdf63c60_0
  libstdcxx-ng       pkgs/main/linux-64::libstdcxx-ng-9.1.0-hdf63c60_0
  ncurses            pkgs/main/linux-64::ncurses-6.2-he6710b0_1
  openssl            pkgs/main/linux-64::openssl-1.1.1g-h7b6447c_0
  pip                pkgs/main/linux-64::pip-19.3.1-py27_0
  pycosat            pkgs/main/linux-64::pycosat-0.6.3-py27h7b6447c_0
  pycparser          pkgs/main/noarch::pycparser-2.20-py_0
  pyopenssl          pkgs/main/linux-64::pyopenssl-19.1.0-py27_0
  pysocks            pkgs/main/linux-64::pysocks-1.7.1-py27_0
  python             pkgs/main/linux-64::python-2.7.18-h15b4118_1
  readline           pkgs/main/linux-64::readline-8.0-h7b6447c_0
  requests           pkgs/main/linux-64::requests-2.22.0-py27_1
  ruamel_yaml        pkgs/main/linux-64::ruamel_yaml-0.15.87-py27h7b6447c_0
  setuptools         pkgs/main/linux-64::setuptools-44.0.0-py27_0
  six                pkgs/main/linux-64::six-1.13.0-py27_0
  sqlite             pkgs/main/linux-64::sqlite-3.31.1-h62c20be_1
  tk                 pkgs/main/linux-64::tk-8.6.8-hbc83047_0
  tqdm               pkgs/main/noarch::tqdm-4.46.0-py_0
  urllib3            pkgs/main/linux-64::urllib3-1.25.7-py27_0
  wheel              pkgs/main/linux-64::wheel-0.33.6-py27_0
  yaml               pkgs/main/linux-64::yaml-0.1.7-had09818_2
  zlib               pkgs/main/linux-64::zlib-1.2.11-h7b6447c_3


Preparing transaction: ...working... done
Executing transaction: ...working... done
installation finished.

travis_time:end:06ec7736:start=1610007169962734712,finish=1610007184658792105,duration=14696057393[0Ktravis_fold:end:before_install.3[0Ktravis_fold:start:before_install.4[0Ktravis_time:start:01ff9448[0K$ export PATH=/home/travis/miniconda2/bin:$PATH

travis_time:end:01ff9448:start=1610007184669082450,finish=1610007184677349802,duration=8267352[0Ktravis_fold:end:before_install.4[0Ktravis_fold:start:before_install.5[0Ktravis_time:start:0faa097f[0K$ conda update --yes --quiet conda
Collecting package metadata (current_repodata.json): ...working... done
Solving environment: ...working... done

## Package Plan ##

  environment location: /home/travis/miniconda2

  added / updated specs:
    - conda


The following packages will be downloaded:

    package                    |            build
    ---------------------------|-----------------
    asn1crypto-1.4.0           |             py_0          80 KB
    ca-certificates-2020.12.8  |       h06a4308_0         121 KB
    certifi-2020.6.20          |     pyhd3eb1b0_3         155 KB
    idna-2.10                  |             py_0          50 KB
    libedit-3.1.20191231       |       h14c3975_1         116 KB
    libffi-3.3                 |       he6710b0_2          50 KB
    openssl-1.1.1i             |       h27cfd23_0         2.5 MB
    pycparser-2.20             |             py_2          94 KB
    pyopenssl-20.0.1           |     pyhd3eb1b0_1          49 KB
    requests-2.25.1            |     pyhd3eb1b0_0          52 KB
    six-1.15.0                 |             py_0          13 KB
    sqlite-3.33.0              |       h62c20be_0         1.1 MB
    tk-8.6.10                  |       hbc83047_0         3.0 MB
    tqdm-4.55.1                |     pyhd3eb1b0_0          77 KB
    wheel-0.36.2               |     pyhd3eb1b0_0          33 KB
    ------------------------------------------------------------
                                           Total:         7.5 MB

The following packages will be UPDATED:

  asn1crypto         pkgs/main/linux-64::asn1crypto-1.3.0-~ --> pkgs/main/noarch::asn1crypto-1.4.0-py_0
  ca-certificates                                2020.1.1-0 --> 2020.12.8-h06a4308_0
  certifi            pkgs/main/linux-64::certifi-2019.11.2~ --> pkgs/main/noarch::certifi-2020.6.20-pyhd3eb1b0_3
  idna                  pkgs/main/linux-64::idna-2.8-py27_0 --> pkgs/main/noarch::idna-2.10-py_0
  libedit                           3.1.20181209-hc058e9b_0 --> 3.1.20191231-h14c3975_1
  libffi                                     3.3-he6710b0_1 --> 3.3-he6710b0_2
  openssl                                 1.1.1g-h7b6447c_0 --> 1.1.1i-h27cfd23_0
  pycparser                                       2.20-py_0 --> 2.20-py_2
  pyopenssl          pkgs/main/linux-64::pyopenssl-19.1.0-~ --> pkgs/main/noarch::pyopenssl-20.0.1-pyhd3eb1b0_1
  requests           pkgs/main/linux-64::requests-2.22.0-p~ --> pkgs/main/noarch::requests-2.25.1-pyhd3eb1b0_0
  six                 pkgs/main/linux-64::six-1.13.0-py27_0 --> pkgs/main/noarch::six-1.15.0-py_0
  sqlite                                  3.31.1-h62c20be_1 --> 3.33.0-h62c20be_0
  tk                                       8.6.8-hbc83047_0 --> 8.6.10-hbc83047_0
  tqdm                                          4.46.0-py_0 --> 4.55.1-pyhd3eb1b0_0
  wheel              pkgs/main/linux-64::wheel-0.33.6-py27~ --> pkgs/main/noarch::wheel-0.36.2-pyhd3eb1b0_0


Preparing transaction: ...working... done
Verifying transaction: ...working... done
Executing transaction: ...working... done

travis_time:end:0faa097f:start=1610007184689121244,finish=1610007199760886499,duration=15071765255[0Ktravis_fold:end:before_install.5[0Ktravis_fold:start:before_install.6[0Ktravis_time:start:17c12a43[0K$ export DISPLAY=:99.0

travis_time:end:17c12a43:start=1610007199772858686,finish=1610007199782764711,duration=9906025[0Ktravis_fold:end:before_install.6[0Ktravis_fold:start:before_install.7[0Ktravis_time:start:06dcd2b0[0K$ sh -e /etc/init.d/xvfb start
Starting virtual X frame buffer: Xvfb.

travis_time:end:06dcd2b0:start=1610007199794209266,finish=1610007199807435002,duration=13225736[0Ktravis_fold:end:before_install.7[0Ktravis_fold:start:before_install.8[0Ktravis_time:start:099eb0d7[0K$ PKGS="python=${PYTHON}"

travis_time:end:099eb0d7:start=1610007199818474587,finish=1610007199827534112,duration=9059525[0Ktravis_fold:end:before_install.8[0Ktravis_fold:start:before_install.9[0Ktravis_time:start:2e8da33d[0K$ PKGS="${PKGS} numpy"; if [ ${NUMPY} ]; then PKGS="${PKGS}=${NUMPY}"; fi

travis_time:end:2e8da33d:start=1610007199838712999,finish=1610007199846497401,duration=7784402[0Ktravis_fold:end:before_install.9[0Ktravis_fold:start:before_install.10[0Ktravis_time:start:0a445f51[0K$ PKGS="${PKGS} scipy"; if [ ${SCIPY} ]; then PKGS="${PKGS}=${SCIPY}"; fi

travis_time:end:0a445f51:start=1610007199855993121,finish=1610007199863785310,duration=7792189[0Ktravis_fold:end:before_install.10[0Ktravis_fold:start:before_install.11[0Ktravis_time:start:13ebf540[0K$ PKGS="${PKGS} patsy"; if [ ${PATSY} ]; then PKGS="${PKGS}=${PATSY}"; fi

travis_time:end:13ebf540:start=1610007199873761454,finish=1610007199882728429,duration=8966975[0Ktravis_fold:end:before_install.11[0Ktravis_fold:start:before_install.12[0Ktravis_time:start:094110a8[0K$ PKGS="${PKGS} pandas"; if [ ${PANDAS} ]; then PKGS="${PKGS}=${PANDAS}"; fi

travis_time:end:094110a8:start=1610007199893465342,finish=1610007199902184238,duration=8718896[0Ktravis_fold:end:before_install.12[0Ktravis_fold:start:before_install.13[0Ktravis_time:start:02df7968[0K$ PKGS="${PKGS} Cython"; if [ ${CYTHON} ]; then PKGS="${PKGS}=${CYTHON}"; fi

travis_time:end:02df7968:start=1610007199913533328,finish=1610007199922983227,duration=9449899[0Ktravis_fold:end:before_install.13[0Ktravis_fold:start:before_install.14[0Ktravis_time:start:01907232[0K$ PKGS="${PKGS} pip";

travis_time:end:01907232:start=1610007199933323317,finish=1610007199942450185,duration=9126868[0Ktravis_fold:end:before_install.14[0Ktravis_fold:start:install.1[0Ktravis_time:start:05197e27[0K$ conda create --yes --quiet -n pychron-test ${PKGS} ${OPTIONAL}
Collecting package metadata (current_repodata.json): ...working... done
Solving environment: ...working... failed with repodata from current_repodata.json, will retry with next repodata source.
Collecting package metadata (repodata.json): ...working... done
Solving environment: ...working... failed

PackagesNotFoundError: The following packages are not available from current channels:

  - patsy=0.2
  - pandas=0.12
  - cython=0.20

Current channels:

  - https://repo.anaconda.com/pkgs/main/linux-64
  - https://repo.anaconda.com/pkgs/main/noarch
  - https://repo.anaconda.com/pkgs/r/linux-64
  - https://repo.anaconda.com/pkgs/r/noarch

To search for alternate channels that may provide the conda package you're
looking for, navigate to

    https://anaconda.org

and use the search bar at the top of the page.



travis_time:end:05197e27:start=1610007199952692556,finish=1610007217121528910,duration=17168836354[0K
[31;1mThe command "conda create --yes --quiet -n pychron-test ${PKGS} ${OPTIONAL}" failed and exited with 1 during .[0m

Your build has been stopped.
