travis_fold:start:system_info[0K[33;1mBuild system information[0m
Build language: python
Build group: stable
Build dist: precise
Build id: ''
Job id: ''
[34m[1mBuild image provisioning date and time[0m
Thu Feb  5 15:09:33 UTC 2015
[34m[1mOperating System Details[0m
Distributor ID:	Ubuntu
Description:	Ubuntu 12.04.5 LTS
Release:	12.04
Codename:	precise
[34m[1mLinux Version[0m
3.13.0-29-generic
[34m[1mCookbooks Version[0m
a68419e https://github.com/travis-ci/travis-cookbooks/tree/a68419e
[34m[1mGCC version[0m
gcc (Ubuntu/Linaro 4.6.3-1ubuntu5) 4.6.3
Copyright (C) 2011 Free Software Foundation, Inc.
This is free software; see the source for copying conditions.  There is NO
warranty; not even for MERCHANTABILITY or FITNESS FOR A PARTICULAR PURPOSE.

[34m[1mLLVM version[0m
clang version 3.4 (tags/RELEASE_34/final)
Target: x86_64-unknown-linux-gnu
Thread model: posix
[34m[1mPre-installed Ruby versions[0m
ruby-1.9.3-p551
[34m[1mPre-installed Node.js versions[0m
v0.10.36
[34m[1mPre-installed Go versions[0m
1.4.1
[34m[1mRedis version[0m
redis-server 2.8.19
[34m[1mriak version[0m
2.0.2
[34m[1mMongoDB version[0m
MongoDB 2.4.12
[34m[1mCouchDB version[0m
couchdb 1.6.1
[34m[1mNeo4j version[0m
1.9.4
[34m[1mRabbitMQ Version[0m
3.4.3
[34m[1mElasticSearch version[0m
1.4.0
[34m[1mInstalled Sphinx versions[0m
2.0.10
2.1.9
2.2.6
[34m[1mDefault Sphinx version[0m
2.2.6
[34m[1mInstalled Firefox version[0m
firefox 31.0esr
[34m[1mPhantomJS version[0m
1.9.8
[34m[1mant -version[0m
Apache Ant(TM) version 1.8.2 compiled on December 3 2011
[34m[1mmvn -version[0m
Apache Maven 3.2.5 (12a6b3acb947671f09b81f49094c53f426d8cea1; 2014-12-14T17:29:23+00:00)
Maven home: /usr/local/maven
Java version: 1.7.0_76, vendor: Oracle Corporation
Java home: /usr/lib/jvm/java-7-oracle/jre
Default locale: en_US, platform encoding: ANSI_X3.4-1968
OS name: "linux", version: "3.13.0-29-generic", arch: "amd64", family: "unix"
travis_fold:end:system_info[0K
W: GPG error: http://apt.postgresql.org precise-pgdg Release: The following signatures were invalid: KEYEXPIRED 1562078959
W: Failed to fetch http://ppa.launchpad.net/travis-ci/zero-mq/ubuntu/dists/precise/main/binary-amd64/Packages  403  Forbidden

W: Failed to fetch http://ppa.launchpad.net/travis-ci/zero-mq/ubuntu/dists/precise/main/binary-i386/Packages  403  Forbidden

W: Failed to fetch http://downloads-distro.mongodb.org/repo/debian-sysvinit/dists/dist/10gen/binary-amd64/Packages  Undetermined Error [IP: 52.21.89.200 80]

W: Failed to fetch http://downloads-distro.mongodb.org/repo/debian-sysvinit/dists/dist/10gen/binary-i386/Packages  Undetermined Error [IP: 52.21.89.200 80]

E: Some index files failed to download. They have been ignored, or old ones used instead.
[33;1m3.5 is not installed; attempting download[0m
[33;1mDownloading archive: https://s3.amazonaws.com/travis-python-archives/binaries/ubuntu/12.04/x86_64/python-3.5.tar.bz2[0m
$ sudo tar xjf python-3.5.tar.bz2 --directory /
$ cd passed/getslash/slash
travis_time:start:20651958[0K$ source ~/virtualenv/python3.5/bin/activate

travis_time:end:20651958:start=1589108082877044750,finish=1589108082887485259,duration=10440509[0K$ python --version
Python 3.5.6
$ pip --version
pip 18.0 from /home/travis/virtualenv/python3.5.6/lib/python3.5/site-packages/pip (python 3.5)
travis_fold:start:install[0Ktravis_time:start:09909f1c[0K$ pip install virtualenv
Requirement already satisfied: virtualenv in /home/travis/virtualenv/python3.5.6/lib/python3.5/site-packages (16.0.0)

travis_time:end:09909f1c:start=1589108083295323886,finish=1589108084064725026,duration=769401140[0Ktravis_fold:end:install[0Ktravis_time:start:13400f0b[0K$ make env
python -m virtualenv .env
Using real prefix '/opt/python/3.5.6'
New python executable in /home/travis/build/passed/getslash/slash/.env/bin/python
Installing setuptools, pip, wheel...done.
.env/bin/python scripts/install_test_deps.py
Collecting coverage
  Downloading coverage-5.1-cp35-cp35m-manylinux1_x86_64.whl (227 kB)
Collecting coveralls
  Downloading coveralls-2.0.0-py2.py3-none-any.whl (12 kB)
Collecting munch
  Downloading munch-2.5.0-py2.py3-none-any.whl (10 kB)
Collecting pytest
  Downloading pytest-5.4.2-py3-none-any.whl (247 kB)
Collecting pytest-xdist
  Downloading pytest_xdist-1.32.0-py2.py3-none-any.whl (36 kB)
Collecting pytest-capturelog
  Downloading pytest-capturelog-0.7.tar.gz (4.3 kB)
Collecting pytest-cov
  Downloading pytest_cov-2.8.1-py2.py3-none-any.whl (18 kB)
Collecting pytest-timeout
  Downloading pytest_timeout-1.3.4-py2.py3-none-any.whl (10 kB)
Collecting pyforge
  Downloading pyforge-1.3.0.tar.gz (20 kB)
Collecting lxml<3.6.3
  Downloading lxml-3.6.2.tar.gz (4.3 MB)
Collecting pylint>=1.0.0
  Downloading pylint-2.5.2-py3-none-any.whl (324 kB)
Collecting requests>=1.0.0
  Downloading requests-2.23.0-py2.py3-none-any.whl (58 kB)
Collecting docopt>=0.6.1
  Downloading docopt-0.6.2.tar.gz (25 kB)
Collecting six
  Downloading six-1.14.0-py2.py3-none-any.whl (10 kB)
Collecting importlib-metadata>=0.12; python_version < "3.8"
  Downloading importlib_metadata-1.6.0-py2.py3-none-any.whl (30 kB)
Collecting more-itertools>=4.0.0
  Downloading more_itertools-8.2.0-py3-none-any.whl (43 kB)
Collecting packaging
  Downloading packaging-20.3-py2.py3-none-any.whl (37 kB)
Collecting pathlib2>=2.2.0; python_version < "3.6"
  Downloading pathlib2-2.3.5-py2.py3-none-any.whl (18 kB)
Collecting py>=1.5.0
  Downloading py-1.8.1-py2.py3-none-any.whl (83 kB)
Collecting pluggy<1.0,>=0.12
  Downloading pluggy-0.13.1-py2.py3-none-any.whl (18 kB)
Collecting attrs>=17.4.0
  Downloading attrs-19.3.0-py2.py3-none-any.whl (39 kB)
Collecting wcwidth
  Downloading wcwidth-0.1.9-py2.py3-none-any.whl (19 kB)
Collecting execnet>=1.1
  Downloading execnet-1.7.1-py2.py3-none-any.whl (39 kB)
Collecting pytest-forked
  Downloading pytest_forked-1.1.3-py2.py3-none-any.whl (4.5 kB)
Collecting sentinels>=0.0.4
  Downloading sentinels-1.0.0.tar.gz (4.1 kB)
Collecting mccabe<0.7,>=0.6
  Downloading mccabe-0.6.1-py2.py3-none-any.whl (8.6 kB)
Collecting isort<5,>=4.2.5
  Downloading isort-4.3.21-py2.py3-none-any.whl (42 kB)
Collecting toml>=0.7.1
  Downloading toml-0.10.0-py2.py3-none-any.whl (25 kB)
Collecting astroid<=2.5,>=2.4.0
  Downloading astroid-2.4.1-py3-none-any.whl (214 kB)
Collecting urllib3!=1.25.0,!=1.25.1,<1.26,>=1.21.1
  Downloading urllib3-1.25.9-py2.py3-none-any.whl (126 kB)
Collecting idna<3,>=2.5
  Downloading idna-2.9-py2.py3-none-any.whl (58 kB)
Collecting certifi>=2017.4.17
  Downloading certifi-2020.4.5.1-py2.py3-none-any.whl (157 kB)
Collecting chardet<4,>=3.0.2
  Downloading chardet-3.0.4-py2.py3-none-any.whl (133 kB)
Collecting zipp>=0.5
  Downloading zipp-1.2.0-py2.py3-none-any.whl (4.8 kB)
Collecting pyparsing>=2.0.2
  Downloading pyparsing-2.4.7-py2.py3-none-any.whl (67 kB)
Collecting apipkg>=1.4
  Downloading apipkg-1.5-py2.py3-none-any.whl (4.9 kB)
Collecting lazy-object-proxy==1.4.*
  Downloading lazy_object_proxy-1.4.3-cp35-cp35m-manylinux1_x86_64.whl (55 kB)
Collecting typed-ast<1.5,>=1.4.0; implementation_name == "cpython" and python_version < "3.8"
  Downloading typed_ast-1.4.1-cp35-cp35m-manylinux1_x86_64.whl (737 kB)
Collecting wrapt~=1.11
  Downloading wrapt-1.12.1.tar.gz (27 kB)
Building wheels for collected packages: pytest-capturelog, pyforge, lxml, docopt, sentinels, wrapt
  Building wheel for pytest-capturelog (setup.py): started
  Building wheel for pytest-capturelog (setup.py): finished with status 'done'
  Created wheel for pytest-capturelog: filename=pytest_capturelog-0.7-py3-none-any.whl size=5486 sha256=f33bc84db26014a8f1a198aff2e93431cd5f88c07aeeb6d5661ca06954b40138
  Stored in directory: /home/travis/.cache/pip/wheels/76/00/27/6ac7e296f4409a440343451964a743db11d43487322ea7cd69
  Building wheel for pyforge (setup.py): started
  Building wheel for pyforge (setup.py): finished with status 'done'
  Created wheel for pyforge: filename=pyforge-1.3.0-py3-none-any.whl size=23215 sha256=aa3bdb54cc6182148b826dc1dd5b8d72ddcb91b742ecf6524b27f48a4125094f
  Stored in directory: /home/travis/.cache/pip/wheels/6b/32/b6/2348695d72f40c18ce51c5d19e22827914c23d405a8020fcf1
  Building wheel for lxml (setup.py): started
  Building wheel for lxml (setup.py): still running...
  Building wheel for lxml (setup.py): finished with status 'done'
  Created wheel for lxml: filename=lxml-3.6.2-cp35-cp35m-linux_x86_64.whl size=3132429 sha256=d6fedd092d010d206b7cdf813250289fb5fb769b79dba13deecf64ccd6183fba
  Stored in directory: /home/travis/.cache/pip/wheels/72/74/2c/4119233cc50e046837b2381813f866784923b909d868cb8fa3
  Building wheel for docopt (setup.py): started
  Building wheel for docopt (setup.py): finished with status 'done'
  Created wheel for docopt: filename=docopt-0.6.2-py2.py3-none-any.whl size=13704 sha256=2d539590f9bef2d8b40e68db6bd7177e3b497e20ff287df39104c63e9b3d94ee
  Stored in directory: /home/travis/.cache/pip/wheels/63/74/c4/1e4f0884a7ba7c26baa4a841240a507953dcfe7de606522571
  Building wheel for sentinels (setup.py): started
  Building wheel for sentinels (setup.py): finished with status 'done'
  Created wheel for sentinels: filename=sentinels-1.0.0-py3-none-any.whl size=3186 sha256=7a8dd855f51a620e76e7278bc8f669aa5ad6ee59e8c79a656117a786d11144bb
  Stored in directory: /home/travis/.cache/pip/wheels/0b/d5/77/49fb1d1a6209f97f0bb762f0350403d5f69da8e453aa6bbd12
  Building wheel for wrapt (setup.py): started
  Building wheel for wrapt (setup.py): finished with status 'done'
  Created wheel for wrapt: filename=wrapt-1.12.1-cp35-cp35m-linux_x86_64.whl size=62290 sha256=8d5ebcff6ca5e76cda2c2fd8e182f5be23bb659e7b858df696f9caa71c666c27
  Stored in directory: /home/travis/.cache/pip/wheels/b8/2d/88/2fb764a7404287819251978fbfe4cacf9b4d8a1d41fce5dd97
Successfully built pytest-capturelog pyforge lxml docopt sentinels wrapt
Installing collected packages: coverage, urllib3, idna, certifi, chardet, requests, docopt, coveralls, six, munch, zipp, importlib-metadata, more-itertools, pyparsing, packaging, pathlib2, py, pluggy, attrs, wcwidth, pytest, apipkg, execnet, pytest-forked, pytest-xdist, pytest-capturelog, pytest-cov, pytest-timeout, sentinels, pyforge, lxml, mccabe, isort, toml, lazy-object-proxy, typed-ast, wrapt, astroid, pylint
Successfully installed apipkg-1.5 astroid-2.4.1 attrs-19.3.0 certifi-2020.4.5.1 chardet-3.0.4 coverage-5.1 coveralls-2.0.0 docopt-0.6.2 execnet-1.7.1 idna-2.9 importlib-metadata-1.6.0 isort-4.3.21 lazy-object-proxy-1.4.3 lxml-3.6.2 mccabe-0.6.1 more-itertools-8.2.0 munch-2.5.0 packaging-20.3 pathlib2-2.3.5 pluggy-0.13.1 py-1.8.1 pyforge-1.3.0 pylint-2.5.2 pyparsing-2.4.7 pytest-5.4.2 pytest-capturelog-0.7 pytest-cov-2.8.1 pytest-forked-1.1.3 pytest-timeout-1.3.4 pytest-xdist-1.32.0 requests-2.23.0 sentinels-1.0.0 six-1.14.0 toml-0.10.0 typed-ast-1.4.1 urllib3-1.25.9 wcwidth-0.1.9 wrapt-1.12.1 zipp-1.2.0
.env/bin/pip install -e .
Obtaining file:///home/travis/build/passed/getslash/slash
Collecting arrow
  Downloading arrow-0.15.6-py2.py3-none-any.whl (47 kB)
Collecting colorama
  Downloading colorama-0.4.3-py2.py3-none-any.whl (15 kB)
Collecting confetti>=2.4.1
  Downloading confetti-2.5.3.tar.gz (6.5 kB)
Collecting dessert>=1.0.2
  Downloading dessert-1.4.0.tar.gz (33 kB)
Collecting emport>=1.1.3
  Downloading emport-1.3.1.tar.gz (5.3 kB)
Collecting gossip>=2.0.0
  Downloading gossip-2.4.0.tar.gz (64 kB)
Collecting Logbook>=0.11.2
  Downloading Logbook-1.5.3.tar.gz (85 kB)
Collecting orderedset>=2.0.0
  Downloading orderedset-2.0.3.tar.gz (101 kB)
Requirement already satisfied: requests>=1.1.0 in ./.env/lib/python3.5/site-packages (from slash==1.1.4) (2.23.0)
Collecting raven
  Downloading raven-6.10.0-py2.py3-none-any.whl (284 kB)
Requirement already satisfied: py>=1.4.20 in ./.env/lib/python3.5/site-packages (from slash==1.1.4) (1.8.1)
Requirement already satisfied: pyparsing in ./.env/lib/python3.5/site-packages (from slash==1.1.4) (2.4.7)
Collecting IPython
  Downloading ipython-7.9.0-py3-none-any.whl (775 kB)
Collecting python-dateutil
  Downloading python_dateutil-2.8.1-py2.py3-none-any.whl (227 kB)
Requirement already satisfied: sentinels>=0.0.5 in ./.env/lib/python3.5/site-packages (from confetti>=2.4.1->slash==1.1.4) (1.0.0)
Requirement already satisfied: six in ./.env/lib/python3.5/site-packages (from confetti>=2.4.1->slash==1.1.4) (1.14.0)
Requirement already satisfied: munch in ./.env/lib/python3.5/site-packages (from dessert>=1.0.2->slash==1.1.4) (2.5.0)
Collecting atomicwrites>=1.0
  Downloading atomicwrites-1.4.0-py2.py3-none-any.whl (6.8 kB)
Collecting vintage
  Downloading vintage-0.4.1.tar.gz (3.9 kB)
Requirement already satisfied: urllib3!=1.25.0,!=1.25.1,<1.26,>=1.21.1 in ./.env/lib/python3.5/site-packages (from requests>=1.1.0->slash==1.1.4) (1.25.9)
Requirement already satisfied: idna<3,>=2.5 in ./.env/lib/python3.5/site-packages (from requests>=1.1.0->slash==1.1.4) (2.9)
Requirement already satisfied: certifi>=2017.4.17 in ./.env/lib/python3.5/site-packages (from requests>=1.1.0->slash==1.1.4) (2020.4.5.1)
Requirement already satisfied: chardet<4,>=3.0.2 in ./.env/lib/python3.5/site-packages (from requests>=1.1.0->slash==1.1.4) (3.0.4)
Collecting traitlets>=4.2
  Downloading traitlets-4.3.3-py2.py3-none-any.whl (75 kB)
Collecting prompt-toolkit<2.1.0,>=2.0.0
  Downloading prompt_toolkit-2.0.10-py3-none-any.whl (340 kB)
Collecting decorator
  Downloading decorator-4.4.2-py2.py3-none-any.whl (9.2 kB)
Requirement already satisfied: setuptools>=18.5 in ./.env/lib/python3.5/site-packages (from IPython->slash==1.1.4) (46.1.3)
Collecting jedi>=0.10
  Downloading jedi-0.17.0-py2.py3-none-any.whl (1.1 MB)
Collecting pexpect; sys_platform != "win32"
  Downloading pexpect-4.8.0-py2.py3-none-any.whl (59 kB)
Collecting pygments
  Downloading Pygments-2.6.1-py3-none-any.whl (914 kB)
Collecting backcall
  Downloading backcall-0.1.0.tar.gz (9.7 kB)
Collecting pickleshare
  Downloading pickleshare-0.7.5-py2.py3-none-any.whl (6.9 kB)
Collecting ipython-genutils
  Downloading ipython_genutils-0.2.0-py2.py3-none-any.whl (26 kB)
Requirement already satisfied: wcwidth in ./.env/lib/python3.5/site-packages (from prompt-toolkit<2.1.0,>=2.0.0->IPython->slash==1.1.4) (0.1.9)
Collecting parso>=0.7.0
  Downloading parso-0.7.0-py2.py3-none-any.whl (100 kB)
Collecting ptyprocess>=0.5
  Downloading ptyprocess-0.6.0-py2.py3-none-any.whl (39 kB)
Building wheels for collected packages: confetti, dessert, emport, gossip, Logbook, orderedset, vintage, backcall
  Building wheel for confetti (setup.py): started
  Building wheel for confetti (setup.py): finished with status 'done'
  Created wheel for confetti: filename=confetti-2.5.3-py3-none-any.whl size=7195 sha256=e43bd48f7eff68dba1236736fe5fdfa329ee3566afcbe2c4b262ea09d969bd4c
  Stored in directory: /home/travis/.cache/pip/wheels/c2/83/12/94c38beac392040cf33f8f9f85b4f4790d47cb57c38e8badf1
  Building wheel for dessert (setup.py): started
  Building wheel for dessert (setup.py): finished with status 'done'
  Created wheel for dessert: filename=dessert-1.4.0-py3-none-any.whl size=22533 sha256=f97d6836ddc944b071c10c935e06b732d8182d35edb0666fbe8ca6914d9272cc
  Stored in directory: /home/travis/.cache/pip/wheels/4a/e7/3c/520aaef5a6ecce64abc3c67d9f006800c80fcb487d649e5026
  Building wheel for emport (setup.py): started
  Building wheel for emport (setup.py): finished with status 'done'
  Created wheel for emport: filename=emport-1.3.1-py3-none-any.whl size=2951 sha256=27cca89ca9de381b6f39ddf590a9f8a90eb9334748bec16cede774785e3c2825
  Stored in directory: /home/travis/.cache/pip/wheels/6b/fe/a4/1143bef605d816eefeaac66a74314e58818f64ec3d0fb8536f
  Building wheel for gossip (setup.py): started
  Building wheel for gossip (setup.py): finished with status 'done'
  Created wheel for gossip: filename=gossip-2.4.0-py3-none-any.whl size=14828 sha256=0220e40eef4079cb10c51a07074bc5db482e4798c63f0f8f8dbde6cf07763960
  Stored in directory: /home/travis/.cache/pip/wheels/cc/e4/d6/d5092aa964cdcabfb35062591303dc4a54896617ff46f845c3
  Building wheel for Logbook (setup.py): started
  Building wheel for Logbook (setup.py): finished with status 'done'
  Created wheel for Logbook: filename=Logbook-1.5.3-cp35-cp35m-linux_x86_64.whl size=66382 sha256=b82e10001b9ddadf95f9866058f192c9dec86c0455e7bfbfacb621f940ff05e1
  Stored in directory: /home/travis/.cache/pip/wheels/c1/e7/ba/2f058e795252d37a0833a55df093cc967a20fc30fd226529d4
  Building wheel for orderedset (setup.py): started
  Building wheel for orderedset (setup.py): finished with status 'done'
  Created wheel for orderedset: filename=orderedset-2.0.3-cp35-cp35m-linux_x86_64.whl size=239115 sha256=a6899825866a35df01728aef142797e80838b4cb860851ee4ebb014e1575f0c9
  Stored in directory: /home/travis/.cache/pip/wheels/fe/9a/9d/7f149dd9b76e6cc911f97add03d9eaba1733f24795e606d453
  Building wheel for vintage (setup.py): started
  Building wheel for vintage (setup.py): finished with status 'done'
  Created wheel for vintage: filename=vintage-0.4.1-py3-none-any.whl size=2831 sha256=1252f09fd27d5c1ebb0b1b2f47e59aaccdf4535d223750b8b3335a51acad3740
  Stored in directory: /home/travis/.cache/pip/wheels/f9/b5/c8/da15ac7b054e05cd8204dc9b8fbe8b7f0921337a2c5ff14bb1
  Building wheel for backcall (setup.py): started
  Building wheel for backcall (setup.py): finished with status 'done'
  Created wheel for backcall: filename=backcall-0.1.0-py3-none-any.whl size=10413 sha256=1f7914d1e2c0a9f5411c19f086bec5515b575a4960311e1e342ea4bdce1c1f7a
  Stored in directory: /home/travis/.cache/pip/wheels/cb/6f/5c/9b66a87adeb46fed2babb14407bae1271f5e41b6b34b642411
Successfully built confetti dessert emport gossip Logbook orderedset vintage backcall
Installing collected packages: python-dateutil, arrow, colorama, confetti, atomicwrites, dessert, Logbook, emport, vintage, gossip, orderedset, raven, decorator, ipython-genutils, traitlets, prompt-toolkit, parso, jedi, ptyprocess, pexpect, pygments, backcall, pickleshare, IPython, slash
  Running setup.py develop for slash
Successfully installed IPython-7.9.0 Logbook-1.5.3 arrow-0.15.6 atomicwrites-1.4.0 backcall-0.1.0 colorama-0.4.3 confetti-2.5.3 decorator-4.4.2 dessert-1.4.0 emport-1.3.1 gossip-2.4.0 ipython-genutils-0.2.0 jedi-0.17.0 orderedset-2.0.3 parso-0.7.0 pexpect-4.8.0 pickleshare-0.7.5 prompt-toolkit-2.0.10 ptyprocess-0.6.0 pygments-2.6.1 python-dateutil-2.8.1 raven-6.10.0 slash traitlets-4.3.3 vintage-0.4.1
.env/bin/pip install -r ./doc/pip_requirements.txt
Obtaining file:///home/travis/build/passed/getslash/slash (from -r ./doc/pip_requirements.txt (line 2))
Collecting releases
  Downloading releases-1.6.3-py2.py3-none-any.whl (22 kB)
Collecting alabaster
  Downloading alabaster-0.7.12-py2.py3-none-any.whl (14 kB)
Collecting Sphinx>1.4
  Downloading Sphinx-3.0.3-py3-none-any.whl (2.8 MB)
Requirement already satisfied: arrow in ./.env/lib/python3.5/site-packages (from slash==1.1.4->-r ./doc/pip_requirements.txt (line 2)) (0.15.6)
Requirement already satisfied: colorama in ./.env/lib/python3.5/site-packages (from slash==1.1.4->-r ./doc/pip_requirements.txt (line 2)) (0.4.3)
Requirement already satisfied: confetti>=2.4.1 in ./.env/lib/python3.5/site-packages (from slash==1.1.4->-r ./doc/pip_requirements.txt (line 2)) (2.5.3)
Requirement already satisfied: dessert>=1.0.2 in ./.env/lib/python3.5/site-packages (from slash==1.1.4->-r ./doc/pip_requirements.txt (line 2)) (1.4.0)
Requirement already satisfied: emport>=1.1.3 in ./.env/lib/python3.5/site-packages (from slash==1.1.4->-r ./doc/pip_requirements.txt (line 2)) (1.3.1)
Requirement already satisfied: gossip>=2.0.0 in ./.env/lib/python3.5/site-packages (from slash==1.1.4->-r ./doc/pip_requirements.txt (line 2)) (2.4.0)
Requirement already satisfied: Logbook>=0.11.2 in ./.env/lib/python3.5/site-packages (from slash==1.1.4->-r ./doc/pip_requirements.txt (line 2)) (1.5.3)
Requirement already satisfied: orderedset>=2.0.0 in ./.env/lib/python3.5/site-packages (from slash==1.1.4->-r ./doc/pip_requirements.txt (line 2)) (2.0.3)
Requirement already satisfied: requests>=1.1.0 in ./.env/lib/python3.5/site-packages (from slash==1.1.4->-r ./doc/pip_requirements.txt (line 2)) (2.23.0)
Requirement already satisfied: raven in ./.env/lib/python3.5/site-packages (from slash==1.1.4->-r ./doc/pip_requirements.txt (line 2)) (6.10.0)
Requirement already satisfied: py>=1.4.20 in ./.env/lib/python3.5/site-packages (from slash==1.1.4->-r ./doc/pip_requirements.txt (line 2)) (1.8.1)
Requirement already satisfied: pyparsing in ./.env/lib/python3.5/site-packages (from slash==1.1.4->-r ./doc/pip_requirements.txt (line 2)) (2.4.7)
Requirement already satisfied: IPython in ./.env/lib/python3.5/site-packages (from slash==1.1.4->-r ./doc/pip_requirements.txt (line 2)) (7.9.0)
Collecting semantic-version<2.7
  Downloading semantic_version-2.6.0-py3-none-any.whl (14 kB)
Collecting sphinxcontrib-applehelp
  Downloading sphinxcontrib_applehelp-1.0.2-py2.py3-none-any.whl (121 kB)
Requirement already satisfied: setuptools in ./.env/lib/python3.5/site-packages (from Sphinx>1.4->-r ./doc/pip_requirements.txt (line 5)) (46.1.3)
Collecting sphinxcontrib-jsmath
  Downloading sphinxcontrib_jsmath-1.0.1-py2.py3-none-any.whl (5.1 kB)
Requirement already satisfied: packaging in ./.env/lib/python3.5/site-packages (from Sphinx>1.4->-r ./doc/pip_requirements.txt (line 5)) (20.3)
Collecting Jinja2>=2.3
  Downloading Jinja2-2.11.2-py2.py3-none-any.whl (125 kB)
Collecting sphinxcontrib-devhelp
  Downloading sphinxcontrib_devhelp-1.0.2-py2.py3-none-any.whl (84 kB)
Requirement already satisfied: Pygments>=2.0 in ./.env/lib/python3.5/site-packages (from Sphinx>1.4->-r ./doc/pip_requirements.txt (line 5)) (2.6.1)
Collecting sphinxcontrib-htmlhelp
  Downloading sphinxcontrib_htmlhelp-1.0.3-py2.py3-none-any.whl (96 kB)
Collecting sphinxcontrib-serializinghtml
  Downloading sphinxcontrib_serializinghtml-1.1.4-py2.py3-none-any.whl (89 kB)
Collecting sphinxcontrib-qthelp
  Downloading sphinxcontrib_qthelp-1.0.3-py2.py3-none-any.whl (90 kB)
Collecting snowballstemmer>=1.1
  Downloading snowballstemmer-2.0.0-py2.py3-none-any.whl (97 kB)
Collecting imagesize
  Downloading imagesize-1.2.0-py2.py3-none-any.whl (4.8 kB)
Collecting babel>=1.3
  Downloading Babel-2.8.0-py2.py3-none-any.whl (8.6 MB)
Collecting docutils>=0.12
  Downloading docutils-0.16-py2.py3-none-any.whl (548 kB)
Requirement already satisfied: python-dateutil in ./.env/lib/python3.5/site-packages (from arrow->slash==1.1.4->-r ./doc/pip_requirements.txt (line 2)) (2.8.1)
Requirement already satisfied: six in ./.env/lib/python3.5/site-packages (from confetti>=2.4.1->slash==1.1.4->-r ./doc/pip_requirements.txt (line 2)) (1.14.0)
Requirement already satisfied: sentinels>=0.0.5 in ./.env/lib/python3.5/site-packages (from confetti>=2.4.1->slash==1.1.4->-r ./doc/pip_requirements.txt (line 2)) (1.0.0)
Requirement already satisfied: munch in ./.env/lib/python3.5/site-packages (from dessert>=1.0.2->slash==1.1.4->-r ./doc/pip_requirements.txt (line 2)) (2.5.0)
Requirement already satisfied: atomicwrites>=1.0 in ./.env/lib/python3.5/site-packages (from dessert>=1.0.2->slash==1.1.4->-r ./doc/pip_requirements.txt (line 2)) (1.4.0)
Requirement already satisfied: vintage in ./.env/lib/python3.5/site-packages (from gossip>=2.0.0->slash==1.1.4->-r ./doc/pip_requirements.txt (line 2)) (0.4.1)
Requirement already satisfied: idna<3,>=2.5 in ./.env/lib/python3.5/site-packages (from requests>=1.1.0->slash==1.1.4->-r ./doc/pip_requirements.txt (line 2)) (2.9)
Requirement already satisfied: urllib3!=1.25.0,!=1.25.1,<1.26,>=1.21.1 in ./.env/lib/python3.5/site-packages (from requests>=1.1.0->slash==1.1.4->-r ./doc/pip_requirements.txt (line 2)) (1.25.9)
Requirement already satisfied: chardet<4,>=3.0.2 in ./.env/lib/python3.5/site-packages (from requests>=1.1.0->slash==1.1.4->-r ./doc/pip_requirements.txt (line 2)) (3.0.4)
Requirement already satisfied: certifi>=2017.4.17 in ./.env/lib/python3.5/site-packages (from requests>=1.1.0->slash==1.1.4->-r ./doc/pip_requirements.txt (line 2)) (2020.4.5.1)
Requirement already satisfied: pexpect; sys_platform != "win32" in ./.env/lib/python3.5/site-packages (from IPython->slash==1.1.4->-r ./doc/pip_requirements.txt (line 2)) (4.8.0)
Requirement already satisfied: pickleshare in ./.env/lib/python3.5/site-packages (from IPython->slash==1.1.4->-r ./doc/pip_requirements.txt (line 2)) (0.7.5)
Requirement already satisfied: prompt-toolkit<2.1.0,>=2.0.0 in ./.env/lib/python3.5/site-packages (from IPython->slash==1.1.4->-r ./doc/pip_requirements.txt (line 2)) (2.0.10)
Requirement already satisfied: backcall in ./.env/lib/python3.5/site-packages (from IPython->slash==1.1.4->-r ./doc/pip_requirements.txt (line 2)) (0.1.0)
Requirement already satisfied: jedi>=0.10 in ./.env/lib/python3.5/site-packages (from IPython->slash==1.1.4->-r ./doc/pip_requirements.txt (line 2)) (0.17.0)
Requirement already satisfied: decorator in ./.env/lib/python3.5/site-packages (from IPython->slash==1.1.4->-r ./doc/pip_requirements.txt (line 2)) (4.4.2)
Requirement already satisfied: traitlets>=4.2 in ./.env/lib/python3.5/site-packages (from IPython->slash==1.1.4->-r ./doc/pip_requirements.txt (line 2)) (4.3.3)
Collecting MarkupSafe>=0.23
  Downloading MarkupSafe-1.1.1-cp35-cp35m-manylinux1_x86_64.whl (27 kB)
Collecting pytz>=2015.7
  Downloading pytz-2020.1-py2.py3-none-any.whl (510 kB)
Requirement already satisfied: ptyprocess>=0.5 in ./.env/lib/python3.5/site-packages (from pexpect; sys_platform != "win32"->IPython->slash==1.1.4->-r ./doc/pip_requirements.txt (line 2)) (0.6.0)
Requirement already satisfied: wcwidth in ./.env/lib/python3.5/site-packages (from prompt-toolkit<2.1.0,>=2.0.0->IPython->slash==1.1.4->-r ./doc/pip_requirements.txt (line 2)) (0.1.9)
Requirement already satisfied: parso>=0.7.0 in ./.env/lib/python3.5/site-packages (from jedi>=0.10->IPython->slash==1.1.4->-r ./doc/pip_requirements.txt (line 2)) (0.7.0)
Requirement already satisfied: ipython-genutils in ./.env/lib/python3.5/site-packages (from traitlets>=4.2->IPython->slash==1.1.4->-r ./doc/pip_requirements.txt (line 2)) (0.2.0)
Installing collected packages: sphinxcontrib-applehelp, alabaster, sphinxcontrib-jsmath, MarkupSafe, Jinja2, sphinxcontrib-devhelp, sphinxcontrib-htmlhelp, sphinxcontrib-serializinghtml, sphinxcontrib-qthelp, snowballstemmer, imagesize, pytz, babel, docutils, Sphinx, semantic-version, releases, slash
  Attempting uninstall: slash
    Found existing installation: slash 1.1.4
    Uninstalling slash-1.1.4:
      Successfully uninstalled slash-1.1.4
  Running setup.py develop for slash
Successfully installed Jinja2-2.11.2 MarkupSafe-1.1.1 Sphinx-3.0.3 alabaster-0.7.12 babel-2.8.0 docutils-0.16 imagesize-1.2.0 pytz-2020.1 releases-1.6.3 semantic-version-2.6.0 slash snowballstemmer-2.0.0 sphinxcontrib-applehelp-1.0.2 sphinxcontrib-devhelp-1.0.2 sphinxcontrib-htmlhelp-1.0.3 sphinxcontrib-jsmath-1.0.1 sphinxcontrib-qthelp-1.0.3 sphinxcontrib-serializinghtml-1.1.4
touch .env/.up-to-date

travis_time:end:13400f0b:start=1589108084075191752,finish=1589108205191265044,duration=121116073292[0K
[32;1mThe command "make env" exited with 0.[0m
travis_time:start:09cd58c4[0K$ .env/bin/pip install lxml
Requirement already satisfied: lxml in ./.env/lib/python3.5/site-packages (3.6.2)

travis_time:end:09cd58c4:start=1589108205203268288,finish=1589108206480741649,duration=1277473361[0K
[32;1mThe command ".env/bin/pip install lxml" exited with 0.[0m
travis_time:start:07dd645c[0K$ .env/bin/py.test tests -k 'xunit and session and errors'
============================= test session starts ==============================
platform linux -- Python 3.5.6, pytest-5.4.2, py-1.8.1, pluggy-0.13.1
rootdir: /home/travis/build/passed/getslash/slash, inifile: pytest.ini
plugins: forked-1.1.3, xdist-1.32.0, capturelog-0.7, cov-2.8.1, timeout-1.3.4
collected 1270 items / 1269 deselected / 1 selected

tests/test_xunit_plugin.py .                                             [100%]

================ 1 passed, 1269 deselected, 8 warnings in 1.72s ================

travis_time:end:07dd645c:start=1589108206490902863,finish=1589108210730136733,duration=4239233870[0K
[32;1mThe command ".env/bin/py.test tests -k 'xunit and session and errors'" exited with 0.[0m
travis_fold:start:after_success[0Ktravis_time:start:035ce234[0K$ .env/bin/coveralls

travis_time:end:035ce234:start=1589108210742267518,finish=1589108212197316202,duration=1455048684[0Ktravis_fold:end:after_success[0K
Done. Your build exited with 0.
