travis_fold:start:system_info[0K[33;1mBuild system information[0m
Build language: python
Build id: ''
Job id: ''
[34m[1mBuild image provisioning date and time[0m
Thu Feb  5 15:09:33 UTC 2015
[34m[1mOperating System Details[0m
Distributor ID:	Ubuntu
Description:	Ubuntu 12.04.5 LTS
Release:	12.04
Codename:	precise
[34m[1mLinux Version[0m
3.13.0-29-generic
[34m[1mCookbooks Version[0m
a68419e https://github.com/travis-ci/travis-cookbooks/tree/a68419e
[34m[1mGCC version[0m
gcc (Ubuntu/Linaro 4.6.3-1ubuntu5) 4.6.3
Copyright (C) 2011 Free Software Foundation, Inc.
This is free software; see the source for copying conditions.  There is NO
warranty; not even for MERCHANTABILITY or FITNESS FOR A PARTICULAR PURPOSE.

[34m[1mLLVM version[0m
clang version 3.4 (tags/RELEASE_34/final)
Target: x86_64-unknown-linux-gnu
Thread model: posix
[34m[1mPre-installed Ruby versions[0m
ruby-1.9.3-p551
[34m[1mPre-installed Node.js versions[0m
v0.10.36
[34m[1mPre-installed Go versions[0m
1.4.1
[34m[1mRedis version[0m
redis-server 2.8.19
[34m[1mriak version[0m
2.0.2
[34m[1mMongoDB version[0m
MongoDB 2.4.12
[34m[1mCouchDB version[0m
couchdb 1.6.1
[34m[1mNeo4j version[0m
1.9.4
[34m[1mRabbitMQ Version[0m
3.4.3
[34m[1mElasticSearch version[0m
1.4.0
[34m[1mInstalled Sphinx versions[0m
2.0.10
2.1.9
2.2.6
[34m[1mDefault Sphinx version[0m
2.2.6
[34m[1mInstalled Firefox version[0m
firefox 31.0esr
[34m[1mPhantomJS version[0m
1.9.8
[34m[1mant -version[0m
Apache Ant(TM) version 1.8.2 compiled on December 3 2011
[34m[1mmvn -version[0m
Apache Maven 3.2.5 (12a6b3acb947671f09b81f49094c53f426d8cea1; 2014-12-14T17:29:23+00:00)
Maven home: /usr/local/maven
Java version: 1.7.0_76, vendor: Oracle Corporation
Java home: /usr/lib/jvm/java-7-oracle/jre
Default locale: en_US, platform encoding: ANSI_X3.4-1968
OS name: "linux", version: "3.13.0-29-generic", arch: "amd64", family: "unix"
travis_fold:end:system_info[0K
grep: /etc/apt/sources.list.d/*: No such file or directory
sed: cannot rename /etc/hosts: Device or resource busy
sed: cannot rename /etc/hosts: Device or resource busy
$ cd failed/ccnmtl/dmt
travis_fold:start:install_firefox[0K$ export FIREFOX_SOURCE_URL='https://download.mozilla.org/?product=firefox-28.0&lang=en-US&os=linux64'
[33;1mInstalling Firefox 28.0[0m
travis_time:start:1e2ca303[0K$ wget -O /tmp/firefox-28.0.tar.bz2 $FIREFOX_SOURCE_URL
--2020-12-22 21:08:12--  https://download.mozilla.org/?product=firefox-28.0&lang=en-US&os=linux64
Resolving download.mozilla.org (download.mozilla.org)... 44.233.40.128, 52.35.90.144, 34.216.40.175
Connecting to download.mozilla.org (download.mozilla.org)|44.233.40.128|:443... connected.
HTTP request sent, awaiting response... 302 Found
Location: https://download-installer.cdn.mozilla.net/pub/firefox/releases/28.0/linux-x86_64/en-US/firefox-28.0.tar.bz2 [following]
--2020-12-22 21:08:13--  https://download-installer.cdn.mozilla.net/pub/firefox/releases/28.0/linux-x86_64/en-US/firefox-28.0.tar.bz2
Resolving download-installer.cdn.mozilla.net (download-installer.cdn.mozilla.net)... 65.8.71.92, 2600:9000:20bc:f800:e:19d6:1546:5981, 2600:9000:20bc:f600:e:19d6:1546:5981, ...
Connecting to download-installer.cdn.mozilla.net (download-installer.cdn.mozilla.net)|65.8.71.92|:443... connected.
HTTP request sent, awaiting response... 200 OK
Length: 30503247 (29M) [application/x-tar]
Saving to: `/tmp/firefox-28.0.tar.bz2'

     0K .......... .......... .......... .......... ..........  0% 1.86M 16s
    50K .......... .......... .......... .......... ..........  0% 1.15M 20s
   100K .......... .......... .......... .......... ..........  0% 2.42M 18s
   150K .......... .......... .......... .......... ..........  0% 1.27M 19s
   200K .......... .......... .......... .......... ..........  0% 8.18M 16s
   250K .......... .......... .......... .......... ..........  1% 8.35M 14s
   300K .......... .......... .......... .......... ..........  1% 6.53M 12s
   350K .......... .......... .......... .......... ..........  1% 8.72M 11s
   400K .......... .......... .......... .......... ..........  1% 1.24M 12s
   450K .......... .......... .......... .......... ..........  1% 24.0M 11s
   500K .......... .......... .......... .......... ..........  1% 25.1M 10s
   550K .......... .......... .......... .......... ..........  2% 18.8M 10s
   600K .......... .......... .......... .......... ..........  2% 24.4M 9s
   650K .......... .......... .......... .......... ..........  2% 19.1M 8s
   700K .......... .......... .......... .......... ..........  2% 4.61M 8s
   750K .......... .......... .......... .......... ..........  2% 45.8M 8s
   800K .......... .......... .......... .......... ..........  2% 18.1M 7s
   850K .......... .......... .......... .......... ..........  3% 1.27M 8s
   900K .......... .......... .......... .......... ..........  3% 55.1M 8s
   950K .......... .......... .......... .......... ..........  3% 36.6M 7s
  1000K .......... .......... .......... .......... ..........  3% 38.5M 7s
  1050K .......... .......... .......... .......... ..........  3% 61.8M 7s
  1100K .......... .......... .......... .......... ..........  3% 46.3M 6s
  1150K .......... .......... .......... .......... ..........  4% 39.2M 6s
  1200K .......... .......... .......... .......... ..........  4% 46.8M 6s
  1250K .......... .......... .......... .......... ..........  4% 62.1M 6s
  1300K .......... .......... .......... .......... ..........  4% 39.4M 6s
  1350K .......... .......... .......... .......... ..........  4% 40.9M 5s
  1400K .......... .......... .......... .......... ..........  4% 40.8M 5s
  1450K .......... .......... .......... .......... ..........  5% 46.6M 5s
  1500K .......... .......... .......... .......... ..........  5% 76.1M 5s
  1550K .......... .......... .......... .......... ..........  5% 38.8M 5s
  1600K .......... .......... .......... .......... ..........  5% 6.21M 5s
  1650K .......... .......... .......... .......... ..........  5% 61.0M 5s
  1700K .......... .......... .......... .......... ..........  5% 50.8M 4s
  1750K .......... .......... .......... .......... ..........  6% 68.9M 4s
  1800K .......... .......... .......... .......... ..........  6% 1.14M 5s
  1850K .......... .......... .......... .......... ..........  6% 75.0M 5s
  1900K .......... .......... .......... .......... ..........  6% 40.5M 5s
  1950K .......... .......... .......... .......... ..........  6% 79.5M 5s
  2000K .......... .......... .......... .......... ..........  6%  157M 4s
  2050K .......... .......... .......... .......... ..........  7%  107M 4s
  2100K .......... .......... .......... .......... ..........  7% 73.2M 4s
  2150K .......... .......... .......... .......... ..........  7% 93.4M 4s
  2200K .......... .......... .......... .......... ..........  7% 96.6M 4s
  2250K .......... .......... .......... .......... ..........  7%  127M 4s
  2300K .......... .......... .......... .......... ..........  7% 29.6M 4s
  2350K .......... .......... .......... .......... ..........  8% 87.2M 4s
  2400K .......... .......... .......... .......... ..........  8% 32.0M 4s
  2450K .......... .......... .......... .......... ..........  8% 76.5M 4s
  2500K .......... .......... .......... .......... ..........  8% 72.1M 4s
  2550K .......... .......... .......... .......... ..........  8% 84.8M 3s
  2600K .......... .......... .......... .......... ..........  8%  100M 3s
  2650K .......... .......... .......... .......... ..........  9%  121M 3s
  2700K .......... .......... .......... .......... ..........  9%  112M 3s
  2750K .......... .......... .......... .......... ..........  9% 4.86M 3s
  2800K .......... .......... .......... .......... ..........  9% 92.3M 3s
  2850K .......... .......... .......... .......... ..........  9%  111M 3s
  2900K .......... .......... .......... .......... ..........  9%  137M 3s
  2950K .......... .......... .......... .......... .......... 10% 94.2M 3s
  3000K .......... .......... .......... .......... .......... 10% 70.2M 3s
  3050K .......... .......... .......... .......... .......... 10% 78.3M 3s
  3100K .......... .......... .......... .......... .......... 10% 95.7M 3s
  3150K .......... .......... .......... .......... .......... 10% 96.8M 3s
  3200K .......... .......... .......... .......... .......... 10%  118M 3s
  3250K .......... .......... .......... .......... .......... 11%  103M 3s
  3300K .......... .......... .......... .......... .......... 11%  119M 3s
  3350K .......... .......... .......... .......... .......... 11%  114M 3s
  3400K .......... .......... .......... .......... .......... 11%  104M 3s
  3450K .......... .......... .......... .......... .......... 11%  139M 3s
  3500K .......... .......... .......... .......... .......... 11%  103M 3s
  3550K .......... .......... .......... .......... .......... 12% 93.4M 3s
  3600K .......... .......... .......... .......... .......... 12% 66.7M 3s
  3650K .......... .......... .......... .......... .......... 12% 1.56M 3s
  3700K .......... .......... .......... .......... .......... 12% 77.2M 3s
  3750K .......... .......... .......... .......... .......... 12%  112M 3s
  3800K .......... .......... .......... .......... .......... 12%  131M 3s
  3850K .......... .......... .......... .......... .......... 13%  136M 3s
  3900K .......... .......... .......... .......... .......... 13%  118M 3s
  3950K .......... .......... .......... .......... .......... 13% 94.0M 3s
  4000K .......... .......... .......... .......... .......... 13%  110M 2s
  4050K .......... .......... .......... .......... .......... 13% 31.9M 2s
  4100K .......... .......... .......... .......... .......... 13%  109M 2s
  4150K .......... .......... .......... .......... .......... 14%  131M 2s
  4200K .......... .......... .......... .......... .......... 14%  104M 2s
  4250K .......... .......... .......... .......... .......... 14%  127M 2s
  4300K .......... .......... .......... .......... .......... 14% 94.8M 2s
  4350K .......... .......... .......... .......... .......... 14% 20.0M 2s
  4400K .......... .......... .......... .......... .......... 14%  105M 2s
  4450K .......... .......... .......... .......... .......... 15%  124M 2s
  4500K .......... .......... .......... .......... .......... 15%  112M 2s
  4550K .......... .......... .......... .......... .......... 15% 94.7M 2s
  4600K .......... .......... .......... .......... .......... 15% 62.4M 2s
  4650K .......... .......... .......... .......... .......... 15% 89.5M 2s
  4700K .......... .......... .......... .......... .......... 15%  121M 2s
  4750K .......... .......... .......... .......... .......... 16%  121M 2s
  4800K .......... .......... .......... .......... .......... 16%  127M 2s
  4850K .......... .......... .......... .......... .......... 16%  107M 2s
  4900K .......... .......... .......... .......... .......... 16%  110M 2s
  4950K .......... .......... .......... .......... .......... 16% 93.0M 2s
  5000K .......... .......... .......... .......... .......... 16%  130M 2s
  5050K .......... .......... .......... .......... .......... 17%  128M 2s
  5100K .......... .......... .......... .......... .......... 17%  123M 2s
  5150K .......... .......... .......... .......... .......... 17%  113M 2s
  5200K .......... .......... .......... .......... .......... 17%  124M 2s
  5250K .......... .......... .......... .......... .......... 17%  123M 2s
  5300K .......... .......... .......... .......... .......... 17%  119M 2s
  5350K .......... .......... .......... .......... .......... 18%  123M 2s
  5400K .......... .......... .......... .......... .......... 18%  116M 2s
  5450K .......... .......... .......... .......... .......... 18%  128M 2s
  5500K .......... .......... .......... .......... .......... 18%  134M 2s
  5550K .......... .......... .......... .......... .......... 18% 97.1M 2s
  5600K .......... .......... .......... .......... .......... 18%  128M 2s
  5650K .......... .......... .......... .......... .......... 19%  130M 2s
  5700K .......... .......... .......... .......... .......... 19%  106M 2s
  5750K .......... .......... .......... .......... .......... 19% 99.2M 2s
  5800K .......... .......... .......... .......... .......... 19%  125M 2s
  5850K .......... .......... .......... .......... .......... 19%  103M 2s
  5900K .......... .......... .......... .......... .......... 19% 77.5M 2s
  5950K .......... .......... .......... .......... .......... 20%  127M 2s
  6000K .......... .......... .......... .......... .......... 20%  117M 2s
  6050K .......... .......... .......... .......... .......... 20%  129M 2s
  6100K .......... .......... .......... .......... .......... 20%  117M 2s
  6150K .......... .......... .......... .......... .......... 20%  111M 2s
  6200K .......... .......... .......... .......... .......... 20%  125M 2s
  6250K .......... .......... .......... .......... .......... 21% 1.21M 2s
  6300K .......... .......... .......... .......... .......... 21% 71.0M 2s
  6350K .......... .......... .......... .......... .......... 21% 94.0M 2s
  6400K .......... .......... .......... .......... .......... 21%  115M 2s
  6450K .......... .......... .......... .......... .......... 21%  123M 2s
  6500K .......... .......... .......... .......... .......... 21% 24.6M 2s
  6550K .......... .......... .......... .......... .......... 22% 66.8M 2s
  6600K .......... .......... .......... .......... .......... 22%  142M 2s
  6650K .......... .......... .......... .......... .......... 22%  120M 2s
  6700K .......... .......... .......... .......... .......... 22% 77.2M 2s
  6750K .......... .......... .......... .......... .......... 22% 81.0M 2s
  6800K .......... .......... .......... .......... .......... 22% 84.1M 2s
  6850K .......... .......... .......... .......... .......... 23%  111M 2s
  6900K .......... .......... .......... .......... .......... 23%  128M 2s
  6950K .......... .......... .......... .......... .......... 23%  105M 1s
  7000K .......... .......... .......... .......... .......... 23%  126M 1s
  7050K .......... .......... .......... .......... .......... 23%  113M 1s
  7100K .......... .......... .......... .......... .......... 24%  124M 1s
  7150K .......... .......... .......... .......... .......... 24%  118M 1s
  7200K .......... .......... .......... .......... .......... 24%  131M 1s
  7250K .......... .......... .......... .......... .......... 24%  116M 1s
  7300K .......... .......... .......... .......... .......... 24%  117M 1s
  7350K .......... .......... .......... .......... .......... 24%  123M 1s
  7400K .......... .......... .......... .......... .......... 25%  112M 1s
  7450K .......... .......... .......... .......... .......... 25%  102M 1s
  7500K .......... .......... .......... .......... .......... 25%  135M 1s
  7550K .......... .......... .......... .......... .......... 25%  107M 1s
  7600K .......... .......... .......... .......... .......... 25%  108M 1s
  7650K .......... .......... .......... .......... .......... 25% 89.0M 1s
  7700K .......... .......... .......... .......... .......... 26%  102M 1s
  7750K .......... .......... .......... .......... .......... 26%  142M 1s
  7800K .......... .......... .......... .......... .......... 26%  152M 1s
  7850K .......... .......... .......... .......... .......... 26%  125M 1s
  7900K .......... .......... .......... .......... .......... 26% 85.5M 1s
  7950K .......... .......... .......... .......... .......... 26%  121M 1s
  8000K .......... .......... .......... .......... .......... 27%  145M 1s
  8050K .......... .......... .......... .......... .......... 27%  177M 1s
  8100K .......... .......... .......... .......... .......... 27% 96.9M 1s
  8150K .......... .......... .......... .......... .......... 27%  122M 1s
  8200K .......... .......... .......... .......... .......... 27%  100M 1s
  8250K .......... .......... .......... .......... .......... 27%  117M 1s
  8300K .......... .......... .......... .......... .......... 28%  122M 1s
  8350K .......... .......... .......... .......... .......... 28% 70.6M 1s
  8400K .......... .......... .......... .......... .......... 28% 63.7M 1s
  8450K .......... .......... .......... .......... .......... 28% 90.8M 1s
  8500K .......... .......... .......... .......... .......... 28%  115M 1s
  8550K .......... .......... .......... .......... .......... 28%  138M 1s
  8600K .......... .......... .......... .......... .......... 29%  118M 1s
  8650K .......... .......... .......... .......... .......... 29%  114M 1s
  8700K .......... .......... .......... .......... .......... 29%  121M 1s
  8750K .......... .......... .......... .......... .......... 29%  126M 1s
  8800K .......... .......... .......... .......... .......... 29%  133M 1s
  8850K .......... .......... .......... .......... .......... 29% 1.22M 1s
  8900K .......... .......... .......... .......... .......... 30% 81.9M 1s
  8950K .......... .......... .......... .......... .......... 30% 56.4M 1s
  9000K .......... .......... .......... .......... .......... 30% 86.1M 1s
  9050K .......... .......... .......... .......... .......... 30% 95.4M 1s
  9100K .......... .......... .......... .......... .......... 30% 91.1M 1s
  9150K .......... .......... .......... .......... .......... 30% 76.0M 1s
  9200K .......... .......... .......... .......... .......... 31% 99.2M 1s
  9250K .......... .......... .......... .......... .......... 31%  136M 1s
  9300K .......... .......... .......... .......... .......... 31% 73.9M 1s
  9350K .......... .......... .......... .......... .......... 31% 68.3M 1s
  9400K .......... .......... .......... .......... .......... 31%  102M 1s
  9450K .......... .......... .......... .......... .......... 31% 86.5M 1s
  9500K .......... .......... .......... .......... .......... 32%  109M 1s
  9550K .......... .......... .......... .......... .......... 32% 12.8M 1s
  9600K .......... .......... .......... .......... .......... 32% 87.0M 1s
  9650K .......... .......... .......... .......... .......... 32% 91.8M 1s
  9700K .......... .......... .......... .......... .......... 32%  137M 1s
  9750K .......... .......... .......... .......... .......... 32%  122M 1s
  9800K .......... .......... .......... .......... .......... 33% 76.5M 1s
  9850K .......... .......... .......... .......... .......... 33% 83.4M 1s
  9900K .......... .......... .......... .......... .......... 33% 69.4M 1s
  9950K .......... .......... .......... .......... .......... 33%  121M 1s
 10000K .......... .......... .......... .......... .......... 33%  114M 1s
 10050K .......... .......... .......... .......... .......... 33%  111M 1s
 10100K .......... .......... .......... .......... .......... 34%  141M 1s
 10150K .......... .......... .......... .......... .......... 34%  155M 1s
 10200K .......... .......... .......... .......... .......... 34%  136M 1s
 10250K .......... .......... .......... .......... .......... 34%  161M 1s
 10300K .......... .......... .......... .......... .......... 34%  128M 1s
 10350K .......... .......... .......... .......... .......... 34%  106M 1s
 10400K .......... .......... .......... .......... .......... 35% 83.3M 1s
 10450K .......... .......... .......... .......... .......... 35%  121M 1s
 10500K .......... .......... .......... .......... .......... 35%  118M 1s
 10550K .......... .......... .......... .......... .......... 35%  112M 1s
 10600K .......... .......... .......... .......... .......... 35%  133M 1s
 10650K .......... .......... .......... .......... .......... 35%  129M 1s
 10700K .......... .......... .......... .......... .......... 36%  131M 1s
 10750K .......... .......... .......... .......... .......... 36%  102M 1s
 10800K .......... .......... .......... .......... .......... 36% 70.0M 1s
 10850K .......... .......... .......... .......... .......... 36%  106M 1s
 10900K .......... .......... .......... .......... .......... 36%  132M 1s
 10950K .......... .......... .......... .......... .......... 36% 99.4M 1s
 11000K .......... .......... .......... .......... .......... 37%  129M 1s
 11050K .......... .......... .......... .......... .......... 37%  117M 1s
 11100K .......... .......... .......... .......... .......... 37%  129M 1s
 11150K .......... .......... .......... .......... .......... 37%  113M 1s
 11200K .......... .......... .......... .......... .......... 37%  120M 1s
 11250K .......... .......... .......... .......... .......... 37%  114M 1s
 11300K .......... .......... .......... .......... .......... 38%  133M 1s
 11350K .......... .......... .......... .......... .......... 38%  131M 1s
 11400K .......... .......... .......... .......... .......... 38% 1.29M 1s
 11450K .......... .......... .......... .......... .......... 38% 96.9M 1s
 11500K .......... .......... .......... .......... .......... 38%  100M 1s
 11550K .......... .......... .......... .......... .......... 38%  141M 1s
 11600K .......... .......... .......... .......... .......... 39%  120M 1s
 11650K .......... .......... .......... .......... .......... 39% 62.1M 1s
 11700K .......... .......... .......... .......... .......... 39% 46.7M 1s
 11750K .......... .......... .......... .......... .......... 39% 85.0M 1s
 11800K .......... .......... .......... .......... .......... 39% 89.5M 1s
 11850K .......... .......... .......... .......... .......... 39%  119M 1s
 11900K .......... .......... .......... .......... .......... 40%  114M 1s
 11950K .......... .......... .......... .......... .......... 40%  106M 1s
 12000K .......... .......... .......... .......... .......... 40%  118M 1s
 12050K .......... .......... .......... .......... .......... 40%  118M 1s
 12100K .......... .......... .......... .......... .......... 40%  114M 1s
 12150K .......... .......... .......... .......... .......... 40% 95.8M 1s
 12200K .......... .......... .......... .......... .......... 41%  116M 1s
 12250K .......... .......... .......... .......... .......... 41%  118M 1s
 12300K .......... .......... .......... .......... .......... 41%  105M 1s
 12350K .......... .......... .......... .......... .......... 41% 98.7M 1s
 12400K .......... .......... .......... .......... .......... 41%  116M 1s
 12450K .......... .......... .......... .......... .......... 41%  103M 1s
 12500K .......... .......... .......... .......... .......... 42% 99.3M 1s
 12550K .......... .......... .......... .......... .......... 42%  123M 1s
 12600K .......... .......... .......... .......... .......... 42% 98.9M 1s
 12650K .......... .......... .......... .......... .......... 42%  121M 1s
 12700K .......... .......... .......... .......... .......... 42%  109M 1s
 12750K .......... .......... .......... .......... .......... 42%  125M 1s
 12800K .......... .......... .......... .......... .......... 43%  123M 1s
 12850K .......... .......... .......... .......... .......... 43%  118M 1s
 12900K .......... .......... .......... .......... .......... 43% 98.6M 1s
 12950K .......... .......... .......... .......... .......... 43%  141M 1s
 13000K .......... .......... .......... .......... .......... 43%  105M 1s
 13050K .......... .......... .......... .......... .......... 43%  172M 1s
 13100K .......... .......... .......... .......... .......... 44%  205M 1s
 13150K .......... .......... .......... .......... .......... 44%  262M 1s
 13200K .......... .......... .......... .......... .......... 44%  225M 1s
 13250K .......... .......... .......... .......... .......... 44%  236M 1s
 13300K .......... .......... .......... .......... .......... 44%  128M 1s
 13350K .......... .......... .......... .......... .......... 44% 69.0M 1s
 13400K .......... .......... .......... .......... .......... 45% 62.0M 1s
 13450K .......... .......... .......... .......... .......... 45%  114M 1s
 13500K .......... .......... .......... .......... .......... 45%  118M 1s
 13550K .......... .......... .......... .......... .......... 45% 99.7M 1s
 13600K .......... .......... .......... .......... .......... 45%  112M 1s
 13650K .......... .......... .......... .......... .......... 45%  103M 1s
 13700K .......... .......... .......... .......... .......... 46%  122M 1s
 13750K .......... .......... .......... .......... .......... 46%  116M 1s
 13800K .......... .......... .......... .......... .......... 46%  124M 1s
 13850K .......... .......... .......... .......... .......... 46%  113M 1s
 13900K .......... .......... .......... .......... .......... 46%  137M 1s
 13950K .......... .......... .......... .......... .......... 46%  159M 1s
 14000K .......... .......... .......... .......... .......... 47% 1.14M 1s
 14050K .......... .......... .......... .......... .......... 47%  113M 1s
 14100K .......... .......... .......... .......... .......... 47% 13.5M 1s
 14150K .......... .......... .......... .......... .......... 47% 69.7M 1s
 14200K .......... .......... .......... .......... .......... 47%  109M 1s
 14250K .......... .......... .......... .......... .......... 48%  109M 1s
 14300K .......... .......... .......... .......... .......... 48%  109M 1s
 14350K .......... .......... .......... .......... .......... 48% 84.9M 1s
 14400K .......... .......... .......... .......... .......... 48%  120M 1s
 14450K .......... .......... .......... .......... .......... 48% 94.7M 1s
 14500K .......... .......... .......... .......... .......... 48%  112M 1s
 14550K .......... .......... .......... .......... .......... 49%  118M 1s
 14600K .......... .......... .......... .......... .......... 49% 90.0M 1s
 14650K .......... .......... .......... .......... .......... 49% 99.8M 1s
 14700K .......... .......... .......... .......... .......... 49% 95.6M 1s
 14750K .......... .......... .......... .......... .......... 49% 94.6M 1s
 14800K .......... .......... .......... .......... .......... 49% 97.8M 1s
 14850K .......... .......... .......... .......... .......... 50%  105M 1s
 14900K .......... .......... .......... .......... .......... 50%  101M 1s
 14950K .......... .......... .......... .......... .......... 50%  102M 1s
 15000K .......... .......... .......... .......... .......... 50% 91.8M 1s
 15050K .......... .......... .......... .......... .......... 50% 93.3M 1s
 15100K .......... .......... .......... .......... .......... 50%  105M 1s
 15150K .......... .......... .......... .......... .......... 51%  114M 1s
 15200K .......... .......... .......... .......... .......... 51% 85.8M 1s
 15250K .......... .......... .......... .......... .......... 51%  114M 1s
 15300K .......... .......... .......... .......... .......... 51% 82.2M 1s
 15350K .......... .......... .......... .......... .......... 51% 82.7M 1s
 15400K .......... .......... .......... .......... .......... 51% 83.7M 1s
 15450K .......... .......... .......... .......... .......... 52%  109M 1s
 15500K .......... .......... .......... .......... .......... 52% 99.7M 1s
 15550K .......... .......... .......... .......... .......... 52%  143M 1s
 15600K .......... .......... .......... .......... .......... 52%  183M 1s
 15650K .......... .......... .......... .......... .......... 52%  212M 1s
 15700K .......... .......... .......... .......... .......... 52%  212M 1s
 15750K .......... .......... .......... .......... .......... 53%  169M 1s
 15800K .......... .......... .......... .......... .......... 53%  220M 1s
 15850K .......... .......... .......... .......... .......... 53%  228M 1s
 15900K .......... .......... .......... .......... .......... 53%  173M 1s
 15950K .......... .......... .......... .......... .......... 53% 99.6M 1s
 16000K .......... .......... .......... .......... .......... 53%  107M 1s
 16050K .......... .......... .......... .......... .......... 54%  129M 1s
 16100K .......... .......... .......... .......... .......... 54% 86.7M 1s
 16150K .......... .......... .......... .......... .......... 54% 92.5M 1s
 16200K .......... .......... .......... .......... .......... 54% 97.4M 1s
 16250K .......... .......... .......... .......... .......... 54%  101M 1s
 16300K .......... .......... .......... .......... .......... 54%  146M 1s
 16350K .......... .......... .......... .......... .......... 55%  111M 1s
 16400K .......... .......... .......... .......... .......... 55%  127M 1s
 16450K .......... .......... .......... .......... .......... 55%  141M 1s
 16500K .......... .......... .......... .......... .......... 55%  138M 1s
 16550K .......... .......... .......... .......... .......... 55%  117M 1s
 16600K .......... .......... .......... .......... .......... 55% 1.19M 1s
 16650K .......... .......... .......... .......... .......... 56%  133M 1s
 16700K .......... .......... .......... .......... .......... 56% 57.9M 1s
 16750K .......... .......... .......... .......... .......... 56% 94.1M 1s
 16800K .......... .......... .......... .......... .......... 56%  106M 1s
 16850K .......... .......... .......... .......... .......... 56% 97.9M 1s
 16900K .......... .......... .......... .......... .......... 56%  108M 1s
 16950K .......... .......... .......... .......... .......... 57%  107M 1s
 17000K .......... .......... .......... .......... .......... 57% 87.6M 1s
 17050K .......... .......... .......... .......... .......... 57%  103M 1s
 17100K .......... .......... .......... .......... .......... 57%  123M 1s
 17150K .......... .......... .......... .......... .......... 57% 88.4M 1s
 17200K .......... .......... .......... .......... .......... 57% 95.1M 1s
 17250K .......... .......... .......... .......... .......... 58%  110M 1s
 17300K .......... .......... .......... .......... .......... 58% 93.0M 1s
 17350K .......... .......... .......... .......... .......... 58%  101M 1s
 17400K .......... .......... .......... .......... .......... 58%  100M 1s
 17450K .......... .......... .......... .......... .......... 58% 87.6M 1s
 17500K .......... .......... .......... .......... .......... 58%  102M 1s
 17550K .......... .......... .......... .......... .......... 59%  103M 1s
 17600K .......... .......... .......... .......... .......... 59%  112M 0s
 17650K .......... .......... .......... .......... .......... 59% 96.1M 0s
 17700K .......... .......... .......... .......... .......... 59%  105M 0s
 17750K .......... .......... .......... .......... .......... 59%  235M 0s
 17800K .......... .......... .......... .......... .......... 59%  217M 0s
 17850K .......... .......... .......... .......... .......... 60%  190M 0s
 17900K .......... .......... .......... .......... .......... 60%  260M 0s
 17950K .......... .......... .......... .......... .......... 60%  110M 0s
 18000K .......... .......... .......... .......... .......... 60% 76.4M 0s
 18050K .......... .......... .......... .......... .......... 60% 75.2M 0s
 18100K .......... .......... .......... .......... .......... 60%  125M 0s
 18150K .......... .......... .......... .......... .......... 61%  125M 0s
 18200K .......... .......... .......... .......... .......... 61%  101M 0s
 18250K .......... .......... .......... .......... .......... 61%  149M 0s
 18300K .......... .......... .......... .......... .......... 61%  191M 0s
 18350K .......... .......... .......... .......... .......... 61%  172M 0s
 18400K .......... .......... .......... .......... .......... 61%  161M 0s
 18450K .......... .......... .......... .......... .......... 62% 57.1M 0s
 18500K .......... .......... .......... .......... .......... 62% 88.5M 0s
 18550K .......... .......... .......... .......... .......... 62%  116M 0s
 18600K .......... .......... .......... .......... .......... 62%  107M 0s
 18650K .......... .......... .......... .......... .......... 62%  104M 0s
 18700K .......... .......... .......... .......... .......... 62%  102M 0s
 18750K .......... .......... .......... .......... .......... 63%  124M 0s
 18800K .......... .......... .......... .......... .......... 63%  121M 0s
 18850K .......... .......... .......... .......... .......... 63%  107M 0s
 18900K .......... .......... .......... .......... .......... 63%  114M 0s
 18950K .......... .......... .......... .......... .......... 63%  112M 0s
 19000K .......... .......... .......... .......... .......... 63%  122M 0s
 19050K .......... .......... .......... .......... .......... 64%  102M 0s
 19100K .......... .......... .......... .......... .......... 64% 91.1M 0s
 19150K .......... .......... .......... .......... .......... 64% 2.42M 0s
 19200K .......... .......... .......... .......... .......... 64% 2.29M 0s
 19250K .......... .......... .......... .......... .......... 64% 76.4M 0s
 19300K .......... .......... .......... .......... .......... 64% 74.3M 0s
 19350K .......... .......... .......... .......... .......... 65% 99.8M 0s
 19400K .......... .......... .......... .......... .......... 65%  100M 0s
 19450K .......... .......... .......... .......... .......... 65% 45.4M 0s
 19500K .......... .......... .......... .......... .......... 65% 93.9M 0s
 19550K .......... .......... .......... .......... .......... 65%  132M 0s
 19600K .......... .......... .......... .......... .......... 65%  103M 0s
 19650K .......... .......... .......... .......... .......... 66%  125M 0s
 19700K .......... .......... .......... .......... .......... 66%  101M 0s
 19750K .......... .......... .......... .......... .......... 66% 81.4M 0s
 19800K .......... .......... .......... .......... .......... 66% 68.8M 0s
 19850K .......... .......... .......... .......... .......... 66% 98.3M 0s
 19900K .......... .......... .......... .......... .......... 66%  137M 0s
 19950K .......... .......... .......... .......... .......... 67%  108M 0s
 20000K .......... .......... .......... .......... .......... 67%  111M 0s
 20050K .......... .......... .......... .......... .......... 67%  140M 0s
 20100K .......... .......... .......... .......... .......... 67%  111M 0s
 20150K .......... .......... .......... .......... .......... 67%  112M 0s
 20200K .......... .......... .......... .......... .......... 67%  137M 0s
 20250K .......... .......... .......... .......... .......... 68%  109M 0s
 20300K .......... .......... .......... .......... .......... 68%  117M 0s
 20350K .......... .......... .......... .......... .......... 68%  140M 0s
 20400K .......... .......... .......... .......... .......... 68%  123M 0s
 20450K .......... .......... .......... .......... .......... 68%  134M 0s
 20500K .......... .......... .......... .......... .......... 68%  129M 0s
 20550K .......... .......... .......... .......... .......... 69%  114M 0s
 20600K .......... .......... .......... .......... .......... 69%  119M 0s
 20650K .......... .......... .......... .......... .......... 69% 76.7M 0s
 20700K .......... .......... .......... .......... .......... 69% 82.7M 0s
 20750K .......... .......... .......... .......... .......... 69%  112M 0s
 20800K .......... .......... .......... .......... .......... 69%  139M 0s
 20850K .......... .......... .......... .......... .......... 70%  123M 0s
 20900K .......... .......... .......... .......... .......... 70%  127M 0s
 20950K .......... .......... .......... .......... .......... 70%  126M 0s
 21000K .......... .......... .......... .......... .......... 70%  136M 0s
 21050K .......... .......... .......... .......... .......... 70%  104M 0s
 21100K .......... .......... .......... .......... .......... 71%  119M 0s
 21150K .......... .......... .......... .......... .......... 71%  112M 0s
 21200K .......... .......... .......... .......... .......... 71%  106M 0s
 21250K .......... .......... .......... .......... .......... 71% 66.5M 0s
 21300K .......... .......... .......... .......... .......... 71%  105M 0s
 21350K .......... .......... .......... .......... .......... 71%  153M 0s
 21400K .......... .......... .......... .......... .......... 72%  134M 0s
 21450K .......... .......... .......... .......... .......... 72%  132M 0s
 21500K .......... .......... .......... .......... .......... 72%  108M 0s
 21550K .......... .......... .......... .......... .......... 72%  141M 0s
 21600K .......... .......... .......... .......... .......... 72%  116M 0s
 21650K .......... .......... .......... .......... .......... 72%  120M 0s
 21700K .......... .......... .......... .......... .......... 73% 76.2M 0s
 21750K .......... .......... .......... .......... .......... 73% 1.11M 0s
 21800K .......... .......... .......... .......... .......... 73%  116M 0s
 21850K .......... .......... .......... .......... .......... 73% 36.7M 0s
 21900K .......... .......... .......... .......... .......... 73% 87.7M 0s
 21950K .......... .......... .......... .......... .......... 73% 17.3M 0s
 22000K .......... .......... .......... .......... .......... 74%  129M 0s
 22050K .......... .......... .......... .......... .......... 74% 83.3M 0s
 22100K .......... .......... .......... .......... .......... 74% 97.1M 0s
 22150K .......... .......... .......... .......... .......... 74% 71.2M 0s
 22200K .......... .......... .......... .......... .......... 74%  125M 0s
 22250K .......... .......... .......... .......... .......... 74%  135M 0s
 22300K .......... .......... .......... .......... .......... 75%  115M 0s
 22350K .......... .......... .......... .......... .......... 75%  112M 0s
 22400K .......... .......... .......... .......... .......... 75%  107M 0s
 22450K .......... .......... .......... .......... .......... 75%  122M 0s
 22500K .......... .......... .......... .......... .......... 75%  120M 0s
 22550K .......... .......... .......... .......... .......... 75%  105M 0s
 22600K .......... .......... .......... .......... .......... 76%  122M 0s
 22650K .......... .......... .......... .......... .......... 76%  137M 0s
 22700K .......... .......... .......... .......... .......... 76%  107M 0s
 22750K .......... .......... .......... .......... .......... 76% 97.5M 0s
 22800K .......... .......... .......... .......... .......... 76%  119M 0s
 22850K .......... .......... .......... .......... .......... 76%  130M 0s
 22900K .......... .......... .......... .......... .......... 77% 95.1M 0s
 22950K .......... .......... .......... .......... .......... 77% 90.2M 0s
 23000K .......... .......... .......... .......... .......... 77% 63.8M 0s
 23050K .......... .......... .......... .......... .......... 77% 61.5M 0s
 23100K .......... .......... .......... .......... .......... 77% 59.2M 0s
 23150K .......... .......... .......... .......... .......... 77%  101M 0s
 23200K .......... .......... .......... .......... .......... 78% 93.1M 0s
 23250K .......... .......... .......... .......... .......... 78% 76.0M 0s
 23300K .......... .......... .......... .......... .......... 78% 92.4M 0s
 23350K .......... .......... .......... .......... .......... 78% 91.1M 0s
 23400K .......... .......... .......... .......... .......... 78% 78.9M 0s
 23450K .......... .......... .......... .......... .......... 78% 83.8M 0s
 23500K .......... .......... .......... .......... .......... 79% 97.2M 0s
 23550K .......... .......... .......... .......... .......... 79%  159M 0s
 23600K .......... .......... .......... .......... .......... 79%  110M 0s
 23650K .......... .......... .......... .......... .......... 79%  124M 0s
 23700K .......... .......... .......... .......... .......... 79%  121M 0s
 23750K .......... .......... .......... .......... .......... 79%  123M 0s
 23800K .......... .......... .......... .......... .......... 80%  156M 0s
 23850K .......... .......... .......... .......... .......... 80%  127M 0s
 23900K .......... .......... .......... .......... .......... 80%  148M 0s
 23950K .......... .......... .......... .......... .......... 80%  154M 0s
 24000K .......... .......... .......... .......... .......... 80%  158M 0s
 24050K .......... .......... .......... .......... .......... 80%  125M 0s
 24100K .......... .......... .......... .......... .......... 81%  138M 0s
 24150K .......... .......... .......... .......... .......... 81%  149M 0s
 24200K .......... .......... .......... .......... .......... 81%  122M 0s
 24250K .......... .......... .......... .......... .......... 81%  155M 0s
 24300K .......... .......... .......... .......... .......... 81%  160M 0s
 24350K .......... .......... .......... .......... .......... 81% 1.36M 0s
 24400K .......... .......... .......... .......... .......... 82% 80.3M 0s
 24450K .......... .......... .......... .......... .......... 82% 42.2M 0s
 24500K .......... .......... .......... .......... .......... 82%  103M 0s
 24550K .......... .......... .......... .......... .......... 82%  102M 0s
 24600K .......... .......... .......... .......... .......... 82%  105M 0s
 24650K .......... .......... .......... .......... .......... 82%  139M 0s
 24700K .......... .......... .......... .......... .......... 83%  110M 0s
 24750K .......... .......... .......... .......... .......... 83% 99.6M 0s
 24800K .......... .......... .......... .......... .......... 83%  108M 0s
 24850K .......... .......... .......... .......... .......... 83%  105M 0s
 24900K .......... .......... .......... .......... .......... 83%  138M 0s
 24950K .......... .......... .......... .......... .......... 83%  109M 0s
 25000K .......... .......... .......... .......... .......... 84%  108M 0s
 25050K .......... .......... .......... .......... .......... 84% 73.7M 0s
 25100K .......... .......... .......... .......... .......... 84% 74.2M 0s
 25150K .......... .......... .......... .......... .......... 84%  110M 0s
 25200K .......... .......... .......... .......... .......... 84%  109M 0s
 25250K .......... .......... .......... .......... .......... 84%  107M 0s
 25300K .......... .......... .......... .......... .......... 85%  114M 0s
 25350K .......... .......... .......... .......... .......... 85%  123M 0s
 25400K .......... .......... .......... .......... .......... 85%  102M 0s
 25450K .......... .......... .......... .......... .......... 85%  111M 0s
 25500K .......... .......... .......... .......... .......... 85%  139M 0s
 25550K .......... .......... .......... .......... .......... 85%  137M 0s
 25600K .......... .......... .......... .......... .......... 86%  102M 0s
 25650K .......... .......... .......... .......... .......... 86%  136M 0s
 25700K .......... .......... .......... .......... .......... 86%  106M 0s
 25750K .......... .......... .......... .......... .......... 86%  161M 0s
 25800K .......... .......... .......... .......... .......... 86% 93.3M 0s
 25850K .......... .......... .......... .......... .......... 86% 96.8M 0s
 25900K .......... .......... .......... .......... .......... 87%  105M 0s
 25950K .......... .......... .......... .......... .......... 87% 96.0M 0s
 26000K .......... .......... .......... .......... .......... 87%  107M 0s
 26050K .......... .......... .......... .......... .......... 87%  123M 0s
 26100K .......... .......... .......... .......... .......... 87%  117M 0s
 26150K .......... .......... .......... .......... .......... 87%  129M 0s
 26200K .......... .......... .......... .......... .......... 88%  164M 0s
 26250K .......... .......... .......... .......... .......... 88% 98.8M 0s
 26300K .......... .......... .......... .......... .......... 88%  104M 0s
 26350K .......... .......... .......... .......... .......... 88% 99.6M 0s
 26400K .......... .......... .......... .......... .......... 88% 87.0M 0s
 26450K .......... .......... .......... .......... .......... 88%  140M 0s
 26500K .......... .......... .......... .......... .......... 89% 99.6M 0s
 26550K .......... .......... .......... .......... .......... 89%  123M 0s
 26600K .......... .......... .......... .......... .......... 89%  104M 0s
 26650K .......... .......... .......... .......... .......... 89%  118M 0s
 26700K .......... .......... .......... .......... .......... 89%  139M 0s
 26750K .......... .......... .......... .......... .......... 89%  142M 0s
 26800K .......... .......... .......... .......... .......... 90%  117M 0s
 26850K .......... .......... .......... .......... .......... 90% 98.3M 0s
 26900K .......... .......... .......... .......... .......... 90%  133M 0s
 26950K .......... .......... .......... .......... .......... 90% 1.12M 0s
 27000K .......... .......... .......... .......... .......... 90% 32.5M 0s
 27050K .......... .......... .......... .......... .......... 90% 79.5M 0s
 27100K .......... .......... .......... .......... .......... 91% 98.5M 0s
 27150K .......... .......... .......... .......... .......... 91%  133M 0s
 27200K .......... .......... .......... .......... .......... 91%  110M 0s
 27250K .......... .......... .......... .......... .......... 91% 40.7M 0s
 27300K .......... .......... .......... .......... .......... 91% 65.2M 0s
 27350K .......... .......... .......... .......... .......... 91%  105M 0s
 27400K .......... .......... .......... .......... .......... 92%  127M 0s
 27450K .......... .......... .......... .......... .......... 92% 85.3M 0s
 27500K .......... .......... .......... .......... .......... 92% 83.4M 0s
 27550K .......... .......... .......... .......... .......... 92% 80.8M 0s
 27600K .......... .......... .......... .......... .......... 92%  110M 0s
 27650K .......... .......... .......... .......... .......... 92%  111M 0s
 27700K .......... .......... .......... .......... .......... 93%  100M 0s
 27750K .......... .......... .......... .......... .......... 93%  105M 0s
 27800K .......... .......... .......... .......... .......... 93%  102M 0s
 27850K .......... .......... .......... .......... .......... 93%  120M 0s
 27900K .......... .......... .......... .......... .......... 93% 92.5M 0s
 27950K .......... .......... .......... .......... .......... 93%  104M 0s
 28000K .......... .......... .......... .......... .......... 94% 55.2M 0s
 28050K .......... .......... .......... .......... .......... 94%  115M 0s
 28100K .......... .......... .......... .......... .......... 94% 93.1M 0s
 28150K .......... .......... .......... .......... .......... 94%  153M 0s
 28200K .......... .......... .......... .......... .......... 94% 79.2M 0s
 28250K .......... .......... .......... .......... .......... 95%  149M 0s
 28300K .......... .......... .......... .......... .......... 95% 79.1M 0s
 28350K .......... .......... .......... .......... .......... 95% 75.6M 0s
 28400K .......... .......... .......... .......... .......... 95% 78.4M 0s
 28450K .......... .......... .......... .......... .......... 95% 88.9M 0s
 28500K .......... .......... .......... .......... .......... 95%  115M 0s
 28550K .......... .......... .......... .......... .......... 96%  107M 0s
 28600K .......... .......... .......... .......... .......... 96%  128M 0s
 28650K .......... .......... .......... .......... .......... 96%  108M 0s
 28700K .......... .......... .......... .......... .......... 96%  122M 0s
 28750K .......... .......... .......... .......... .......... 96% 95.9M 0s
 28800K .......... .......... .......... .......... .......... 96%  102M 0s
 28850K .......... .......... .......... .......... .......... 97% 88.5M 0s
 28900K .......... .......... .......... .......... .......... 97%  115M 0s
 28950K .......... .......... .......... .......... .......... 97%  108M 0s
 29000K .......... .......... .......... .......... .......... 97%  129M 0s
 29050K .......... .......... .......... .......... .......... 97%  179M 0s
 29100K .......... .......... .......... .......... .......... 97%  157M 0s
 29150K .......... .......... .......... .......... .......... 98%  196M 0s
 29200K .......... .......... .......... .......... .......... 98%  159M 0s
 29250K .......... .......... .......... .......... .......... 98%  168M 0s
 29300K .......... .......... .......... .......... .......... 98% 88.5M 0s
 29350K .......... .......... .......... .......... .......... 98%  102M 0s
 29400K .......... .......... .......... .......... .......... 98% 66.9M 0s
 29450K .......... .......... .......... .......... .......... 99%  106M 0s
 29500K .......... .......... .......... .......... .......... 99% 1.28M 0s
 29550K .......... .......... .......... .......... .......... 99% 84.7M 0s
 29600K .......... .......... .......... .......... .......... 99% 78.5M 0s
 29650K .......... .......... .......... .......... .......... 99% 69.2M 0s
 29700K .......... .......... .......... .......... .......... 99%  126M 0s
 29750K .......... .......... .......... ........             100%  135M=1.0s

2020-12-22 21:08:14 (27.9 MB/s) - `/tmp/firefox-28.0.tar.bz2' saved [30503247/30503247]


travis_time:end:1e2ca303:start=1608671292971084315,finish=1608671294641722376,duration=1670638061[0K$ export PATH=$HOME/firefox-28.0/firefox:$PATH
travis_fold:end:install_firefox[0Ktravis_fold:start:postgresql[0K[33;1mStarting PostgreSQL v9.3[0m
travis_time:start:010b1ae8[0K$ sudo service postgresql stop
 * Stopping PostgreSQL 9.1 database server
   ...done.
 * Stopping PostgreSQL 9.2 database server
   ...done.
 * Stopping PostgreSQL 9.3 database server
   ...done.
 * Stopping PostgreSQL 9.4 database server
   ...done.

travis_time:end:010b1ae8:start=1608671298762916964,finish=1608671301663310869,duration=2900393905[0Ktravis_time:start:0885d976[0K$ sudo service postgresql start 9.3
 * Starting PostgreSQL 9.3 database server
   ...done.

travis_time:end:0885d976:start=1608671301674282346,finish=1608671304189391138,duration=2515108792[0Ktravis_time:start:03c1ad7c[0K$ sudo -u postgres createuser -s -p 5432 travis &>/dev/null

travis_time:end:03c1ad7c:start=1608671304199899454,finish=1608671304283997760,duration=84098306[0Ktravis_time:start:26b1edfa[0K$ sudo -u postgres createdb -O travis -p 5432 travis &>/dev/null

travis_time:end:26b1edfa:start=1608671304294660096,finish=1608671304577543987,duration=282883891[0Ktravis_time:start:001ba450[0K$ sudo -u postgres createuser -s -p 5433 travis &>/dev/null

travis_time:end:001ba450:start=1608671304588765839,finish=1608671304643580155,duration=54814316[0Ktravis_time:start:25690000[0K$ sudo -u postgres createdb -O travis -p 5433 travis &>/dev/null

travis_time:end:25690000:start=1608671304654921482,finish=1608671304713295581,duration=58374099[0Ktravis_fold:end:postgresql[0Ktravis_time:start:09967c80[0K$ source ~/virtualenv/python2.7/bin/activate

travis_time:end:09967c80:start=1608671304938051741,finish=1608671304949033718,duration=10981977[0K$ python --version
Python 2.7.9
$ pip --version
pip 6.0.7 from /home/travis/virtualenv/python2.7.9/lib/python2.7/site-packages (python 2.7)
travis_fold:start:before_install.1[0Ktravis_time:start:2fe49678[0K$ export DISPLAY=:99.0

travis_time:end:2fe49678:start=1608671305240947248,finish=1608671305250931994,duration=9984746[0Ktravis_fold:end:before_install.1[0Ktravis_fold:start:before_install.2[0Ktravis_time:start:022dc208[0K$ sh -e /etc/init.d/xvfb start
Starting virtual X frame buffer: Xvfb.

travis_time:end:022dc208:start=1608671305262878543,finish=1608671305276554621,duration=13676078[0Ktravis_fold:end:before_install.2[0Ktravis_fold:start:install[0Ktravis_time:start:15918b16[0K$ ./bootstrap.py
Using real prefix '/opt/python/2.7.9'
New python executable in /home/travis/build/failed/ccnmtl/dmt/ve/bin/python
Installing setuptools, pip...done.
Collecting wheel==0.24.0
  Retrying (Retry(total=4, connect=None, read=None, redirect=None)) after connection broken by 'ProtocolError('Connection aborted.', gaierror(-2, 'Name or service not known'))': /wheel/
  Retrying (Retry(total=3, connect=None, read=None, redirect=None)) after connection broken by 'ProtocolError('Connection aborted.', gaierror(-2, 'Name or service not known'))': /wheel/
  Retrying (Retry(total=2, connect=None, read=None, redirect=None)) after connection broken by 'ProtocolError('Connection aborted.', gaierror(-2, 'Name or service not known'))': /wheel/
  Retrying (Retry(total=1, connect=None, read=None, redirect=None)) after connection broken by 'ProtocolError('Connection aborted.', gaierror(-2, 'Name or service not known'))': /wheel/
  Retrying (Retry(total=0, connect=None, read=None, redirect=None)) after connection broken by 'ProtocolError('Connection aborted.', gaierror(-2, 'Name or service not known'))': /wheel/
  DEPRECATION: Failed to find 'wheel' at https://pypi.ccnmtl.columbia.edu/wheel/. It is suggested to upgrade your index to support normalized names as the name in /simple/{name}.
  Retrying (Retry(total=4, connect=None, read=None, redirect=None)) after connection broken by 'ProtocolError('Connection aborted.', gaierror(-2, 'Name or service not known'))': /
  Retrying (Retry(total=3, connect=None, read=None, redirect=None)) after connection broken by 'ProtocolError('Connection aborted.', gaierror(-2, 'Name or service not known'))': /
  Retrying (Retry(total=2, connect=None, read=None, redirect=None)) after connection broken by 'ProtocolError('Connection aborted.', gaierror(-2, 'Name or service not known'))': /
  Retrying (Retry(total=1, connect=None, read=None, redirect=None)) after connection broken by 'ProtocolError('Connection aborted.', gaierror(-2, 'Name or service not known'))': /
  Retrying (Retry(total=0, connect=None, read=None, redirect=None)) after connection broken by 'ProtocolError('Connection aborted.', gaierror(-2, 'Name or service not known'))': /
  Cannot fetch index base URL https://pypi.ccnmtl.columbia.edu/
  Retrying (Retry(total=4, connect=None, read=None, redirect=None)) after connection broken by 'ProtocolError('Connection aborted.', gaierror(-2, 'Name or service not known'))': /wheel/
  Retrying (Retry(total=3, connect=None, read=None, redirect=None)) after connection broken by 'ProtocolError('Connection aborted.', gaierror(-2, 'Name or service not known'))': /wheel/
  Retrying (Retry(total=2, connect=None, read=None, redirect=None)) after connection broken by 'ProtocolError('Connection aborted.', gaierror(-2, 'Name or service not known'))': /wheel/
  Retrying (Retry(total=1, connect=None, read=None, redirect=None)) after connection broken by 'ProtocolError('Connection aborted.', gaierror(-2, 'Name or service not known'))': /wheel/
  Retrying (Retry(total=0, connect=None, read=None, redirect=None)) after connection broken by 'ProtocolError('Connection aborted.', gaierror(-2, 'Name or service not known'))': /wheel/
  Could not find a version that satisfies the requirement wheel==0.24.0 (from versions: )
No matching distribution found for wheel==0.24.0

travis_time:end:15918b16:start=1608671305287360565,finish=1608671334230539722,duration=28943179157[0K
[31;1mThe command "./bootstrap.py" failed and exited with 1 during .[0m

Your build has been stopped.
