travis_fold:start:system_info[0K[33;1mBuild system information[0m
Build language: java
Build id: ''
Job id: ''
[34m[1mBuild image provisioning date and time[0m
Thu Feb  5 15:09:33 UTC 2015
[34m[1mOperating System Details[0m
Distributor ID:	Ubuntu
Description:	Ubuntu 12.04.5 LTS
Release:	12.04
Codename:	precise
[34m[1mLinux Version[0m
3.13.0-29-generic
[34m[1mCookbooks Version[0m
a68419e https://github.com/travis-ci/travis-cookbooks/tree/a68419e
[34m[1mGCC version[0m
gcc (Ubuntu/Linaro 4.6.3-1ubuntu5) 4.6.3
Copyright (C) 2011 Free Software Foundation, Inc.
This is free software; see the source for copying conditions.  There is NO
warranty; not even for MERCHANTABILITY or FITNESS FOR A PARTICULAR PURPOSE.

[34m[1mLLVM version[0m
clang version 3.4 (tags/RELEASE_34/final)
Target: x86_64-unknown-linux-gnu
Thread model: posix
[34m[1mPre-installed Ruby versions[0m
ruby-1.9.3-p551
[34m[1mPre-installed Node.js versions[0m
v0.10.36
[34m[1mPre-installed Go versions[0m
1.4.1
[34m[1mRedis version[0m
redis-server 2.8.19
[34m[1mriak version[0m
2.0.2
[34m[1mMongoDB version[0m
MongoDB 2.4.12
[34m[1mCouchDB version[0m
couchdb 1.6.1
[34m[1mNeo4j version[0m
1.9.4
[34m[1mRabbitMQ Version[0m
3.4.3
[34m[1mElasticSearch version[0m
1.4.0
[34m[1mInstalled Sphinx versions[0m
2.0.10
2.1.9
2.2.6
[34m[1mDefault Sphinx version[0m
2.2.6
[34m[1mInstalled Firefox version[0m
firefox 31.0esr
[34m[1mPhantomJS version[0m
1.9.8
[34m[1mant -version[0m
Apache Ant(TM) version 1.8.2 compiled on December 3 2011
[34m[1mmvn -version[0m
Apache Maven 3.2.5 (12a6b3acb947671f09b81f49094c53f426d8cea1; 2014-12-14T17:29:23+00:00)
Maven home: /usr/local/maven
Java version: 1.7.0_76, vendor: Oracle Corporation
Java home: /usr/lib/jvm/java-7-oracle/jre
Default locale: en_US, platform encoding: ANSI_X3.4-1968
OS name: "linux", version: "3.13.0-29-generic", arch: "amd64", family: "unix"
travis_fold:end:system_info[0K
W: GPG error: http://apt.postgresql.org precise-pgdg Release: The following signatures were invalid: KEYEXPIRED 1562078959
W: Failed to fetch http://ppa.launchpad.net/travis-ci/zero-mq/ubuntu/dists/precise/main/binary-amd64/Packages  403  Forbidden

W: Failed to fetch http://ppa.launchpad.net/travis-ci/zero-mq/ubuntu/dists/precise/main/binary-i386/Packages  403  Forbidden

W: Failed to fetch http://downloads-distro.mongodb.org/repo/debian-sysvinit/dists/dist/10gen/binary-amd64/Packages  Undetermined Error [IP: 54.175.147.155 80]

W: Failed to fetch http://downloads-distro.mongodb.org/repo/debian-sysvinit/dists/dist/10gen/binary-i386/Packages  Undetermined Error [IP: 54.175.147.155 80]

E: Some index files failed to download. They have been ignored, or old ones used instead.
sed: cannot rename /etc/hosts: Device or resource busy
sed: cannot rename /etc/hosts: Device or resource busy
$ jdk_switcher use oraclejdk8
Switching to Oracle JDK8 (java-8-oracle), JAVA_HOME will be set to /usr/lib/jvm/java-8-oracle
$ cd passed/davidmoten/rxjava-jdbc
$ java -Xmx32m -version
java version "1.8.0_31"
Java(TM) SE Runtime Environment (build 1.8.0_31-b13)
Java HotSpot(TM) 64-Bit Server VM (build 25.31-b07, mixed mode)
$ javac -J-Xmx32m -version
javac 1.8.0_31
travis_fold:start:install[0Ktravis_time:start:288086d0[0K$ mvn install -Dhttps.protocols=TLSv1.2 -DskipTests=true -Dmaven.javadoc.skip=true -B -V
Java HotSpot(TM) 64-Bit Server VM warning: ignoring option MaxPermSize=192m; support was removed in 8.0
Apache Maven 3.2.5 (12a6b3acb947671f09b81f49094c53f426d8cea1; 2014-12-14T17:29:23+00:00)
Maven home: /usr/local/maven
Java version: 1.8.0_31, vendor: Oracle Corporation
Java home: /usr/lib/jvm/java-8-oracle/jre
Default locale: en_US, platform encoding: UTF-8
OS name: "linux", version: "4.15.0-109-generic", arch: "amd64", family: "unix"
[INFO] Scanning for projects...
[INFO] Downloading: http://insecure.repo1.maven.org/maven2/com/github/davidmoten/sonatype-parent/0.1/sonatype-parent-0.1.pom
[INFO] Downloaded: http://insecure.repo1.maven.org/maven2/com/github/davidmoten/sonatype-parent/0.1/sonatype-parent-0.1.pom (4 KB at 8.1 KB/sec)
[INFO] Downloading: https://repo.maven.apache.org/maven2/org/sonatype/plugins/nexus-staging-maven-plugin/1.6.5/nexus-staging-maven-plugin-1.6.5.pom
[INFO] Downloaded: https://repo.maven.apache.org/maven2/org/sonatype/plugins/nexus-staging-maven-plugin/1.6.5/nexus-staging-maven-plugin-1.6.5.pom (12 KB at 29.5 KB/sec)
[INFO] Downloading: https://repo.maven.apache.org/maven2/org/sonatype/nexus/maven/nexus-staging/1.6.5/nexus-staging-1.6.5.pom
[INFO] Downloaded: https://repo.maven.apache.org/maven2/org/sonatype/nexus/maven/nexus-staging/1.6.5/nexus-staging-1.6.5.pom (3 KB at 86.9 KB/sec)
[INFO] Downloading: https://repo.maven.apache.org/maven2/org/sonatype/nexus/maven/nexus-maven-plugins/1.6.5/nexus-maven-plugins-1.6.5.pom
[INFO] Downloaded: https://repo.maven.apache.org/maven2/org/sonatype/nexus/maven/nexus-maven-plugins/1.6.5/nexus-maven-plugins-1.6.5.pom (18 KB at 93.2 KB/sec)
[INFO] Downloading: https://repo.maven.apache.org/maven2/org/sonatype/buildsupport/public-parent/6/public-parent-6.pom
[INFO] Downloaded: https://repo.maven.apache.org/maven2/org/sonatype/buildsupport/public-parent/6/public-parent-6.pom (760 B at 4.3 KB/sec)
[INFO] Downloading: https://repo.maven.apache.org/maven2/org/sonatype/buildsupport/buildsupport/6/buildsupport-6.pom
[INFO] Downloaded: https://repo.maven.apache.org/maven2/org/sonatype/buildsupport/buildsupport/6/buildsupport-6.pom (23 KB at 102.9 KB/sec)
[INFO] Downloading: https://repo.maven.apache.org/maven2/org/sonatype/nexus/maven/nexus-common/1.6.5/nexus-common-1.6.5.pom
[INFO] Downloaded: https://repo.maven.apache.org/maven2/org/sonatype/nexus/maven/nexus-common/1.6.5/nexus-common-1.6.5.pom (3 KB at 9.2 KB/sec)
[INFO] Downloading: https://repo.maven.apache.org/maven2/org/sonatype/plexus/plexus-sec-dispatcher/1.4/plexus-sec-dispatcher-1.4.pom
[INFO] Downloaded: https://repo.maven.apache.org/maven2/org/sonatype/plexus/plexus-sec-dispatcher/1.4/plexus-sec-dispatcher-1.4.pom (3 KB at 51.6 KB/sec)
[INFO] Downloading: https://repo.maven.apache.org/maven2/org/sonatype/spice/spice-parent/12/spice-parent-12.pom
[INFO] Downloaded: https://repo.maven.apache.org/maven2/org/sonatype/spice/spice-parent/12/spice-parent-12.pom (7 KB at 184.4 KB/sec)
[INFO] Downloading: https://repo.maven.apache.org/maven2/org/sonatype/forge/forge-parent/4/forge-parent-4.pom
[INFO] Downloaded: https://repo.maven.apache.org/maven2/org/sonatype/forge/forge-parent/4/forge-parent-4.pom (9 KB at 78.8 KB/sec)
[INFO] Downloading: https://repo.maven.apache.org/maven2/org/sonatype/plexus/plexus-cipher/1.7/plexus-cipher-1.7.pom
[INFO] Downloaded: https://repo.maven.apache.org/maven2/org/sonatype/plexus/plexus-cipher/1.7/plexus-cipher-1.7.pom (5 KB at 11.0 KB/sec)
[INFO] Downloading: https://repo.maven.apache.org/maven2/org/sonatype/spice/spice-parent/15/spice-parent-15.pom
[INFO] Downloaded: https://repo.maven.apache.org/maven2/org/sonatype/spice/spice-parent/15/spice-parent-15.pom (9 KB at 14.0 KB/sec)
[INFO] Downloading: https://repo.maven.apache.org/maven2/org/sonatype/forge/forge-parent/5/forge-parent-5.pom
[INFO] Downloaded: https://repo.maven.apache.org/maven2/org/sonatype/forge/forge-parent/5/forge-parent-5.pom (9 KB at 133.9 KB/sec)
[INFO] Downloading: https://repo.maven.apache.org/maven2/com/google/guava/guava/14.0.1/guava-14.0.1.pom
[INFO] Downloaded: https://repo.maven.apache.org/maven2/com/google/guava/guava/14.0.1/guava-14.0.1.pom (6 KB at 14.3 KB/sec)
[INFO] Downloading: https://repo.maven.apache.org/maven2/com/google/guava/guava-parent/14.0.1/guava-parent-14.0.1.pom
[INFO] Downloaded: https://repo.maven.apache.org/maven2/com/google/guava/guava-parent/14.0.1/guava-parent-14.0.1.pom (3 KB at 18.8 KB/sec)
[INFO] Downloading: https://repo.maven.apache.org/maven2/org/sonatype/oss/oss-parent/7/oss-parent-7.pom
[INFO] Downloaded: https://repo.maven.apache.org/maven2/org/sonatype/oss/oss-parent/7/oss-parent-7.pom (5 KB at 36.0 KB/sec)
[INFO] Downloading: https://repo.maven.apache.org/maven2/org/sonatype/nexus/nexus-client-core/2.9.1-02/nexus-client-core-2.9.1-02.pom
[INFO] Downloaded: https://repo.maven.apache.org/maven2/org/sonatype/nexus/nexus-client-core/2.9.1-02/nexus-client-core-2.9.1-02.pom (5 KB at 35.6 KB/sec)
[INFO] Downloading: https://repo.maven.apache.org/maven2/org/sonatype/nexus/nexus-components/2.9.1-02/nexus-components-2.9.1-02.pom
[INFO] Downloaded: https://repo.maven.apache.org/maven2/org/sonatype/nexus/nexus-components/2.9.1-02/nexus-components-2.9.1-02.pom (3 KB at 19.4 KB/sec)
[INFO] Downloading: https://repo.maven.apache.org/maven2/org/sonatype/nexus/nexus-oss/2.9.1-02/nexus-oss-2.9.1-02.pom
[INFO] Downloaded: https://repo.maven.apache.org/maven2/org/sonatype/nexus/nexus-oss/2.9.1-02/nexus-oss-2.9.1-02.pom (37 KB at 220.9 KB/sec)
[INFO] Downloading: https://repo.maven.apache.org/maven2/org/sonatype/nexus/buildsupport/nexus-buildsupport-all/2.9.1-02/nexus-buildsupport-all-2.9.1-02.pom
[INFO] Downloaded: https://repo.maven.apache.org/maven2/org/sonatype/nexus/buildsupport/nexus-buildsupport-all/2.9.1-02/nexus-buildsupport-all-2.9.1-02.pom (6 KB at 45.2 KB/sec)
[INFO] Downloading: https://repo.maven.apache.org/maven2/org/sonatype/nexus/buildsupport/nexus-buildsupport/2.9.1-02/nexus-buildsupport-2.9.1-02.pom
[INFO] Downloaded: https://repo.maven.apache.org/maven2/org/sonatype/nexus/buildsupport/nexus-buildsupport/2.9.1-02/nexus-buildsupport-2.9.1-02.pom (2 KB at 13.3 KB/sec)
[INFO] Downloading: https://repository.sonatype.org/content/groups/sonatype-public-grid/org/sonatype/nexus/buildsupport/nexus-buildsupport-commons/2.9.1-02/nexus-buildsupport-commons-2.9.1-02.pom
[INFO] Downloaded: https://repository.sonatype.org/content/groups/sonatype-public-grid/org/sonatype/nexus/buildsupport/nexus-buildsupport-commons/2.9.1-02/nexus-buildsupport-commons-2.9.1-02.pom (3 KB at 5.5 KB/sec)
[INFO] Downloading: https://repository.sonatype.org/content/groups/sonatype-public-grid/org/sonatype/nexus/buildsupport/nexus-buildsupport-db/2.9.1-02/nexus-buildsupport-db-2.9.1-02.pom
[INFO] Downloaded: https://repository.sonatype.org/content/groups/sonatype-public-grid/org/sonatype/nexus/buildsupport/nexus-buildsupport-db/2.9.1-02/nexus-buildsupport-db-2.9.1-02.pom (2 KB at 11.0 KB/sec)
[INFO] Downloading: https://repository.sonatype.org/content/groups/sonatype-public-grid/org/sonatype/nexus/buildsupport/nexus-buildsupport-httpclient/2.9.1-02/nexus-buildsupport-httpclient-2.9.1-02.pom
[INFO] Downloaded: https://repository.sonatype.org/content/groups/sonatype-public-grid/org/sonatype/nexus/buildsupport/nexus-buildsupport-httpclient/2.9.1-02/nexus-buildsupport-httpclient-2.9.1-02.pom (3 KB at 11.6 KB/sec)
[INFO] Downloading: https://repository.sonatype.org/content/groups/sonatype-public-grid/org/sonatype/nexus/buildsupport/nexus-buildsupport-maven/2.9.1-02/nexus-buildsupport-maven-2.9.1-02.pom
[INFO] Downloaded: https://repository.sonatype.org/content/groups/sonatype-public-grid/org/sonatype/nexus/buildsupport/nexus-buildsupport-maven/2.9.1-02/nexus-buildsupport-maven-2.9.1-02.pom (7 KB at 32.4 KB/sec)
[INFO] Downloading: https://repository.sonatype.org/content/groups/sonatype-public-grid/org/sonatype/nexus/buildsupport/nexus-buildsupport-shiro/2.9.1-02/nexus-buildsupport-shiro-2.9.1-02.pom
[INFO] Downloaded: https://repository.sonatype.org/content/groups/sonatype-public-grid/org/sonatype/nexus/buildsupport/nexus-buildsupport-shiro/2.9.1-02/nexus-buildsupport-shiro-2.9.1-02.pom (4 KB at 18.2 KB/sec)
[INFO] Downloading: https://repository.sonatype.org/content/groups/sonatype-public-grid/org/sonatype/nexus/buildsupport/nexus-buildsupport-bouncycastle/2.9.1-02/nexus-buildsupport-bouncycastle-2.9.1-02.pom
[INFO] Downloaded: https://repository.sonatype.org/content/groups/sonatype-public-grid/org/sonatype/nexus/buildsupport/nexus-buildsupport-bouncycastle/2.9.1-02/nexus-buildsupport-bouncycastle-2.9.1-02.pom (3 KB at 11.1 KB/sec)
[INFO] Downloading: https://repository.sonatype.org/content/groups/sonatype-public-grid/org/sonatype/nexus/buildsupport/nexus-buildsupport-jetty/2.9.1-02/nexus-buildsupport-jetty-2.9.1-02.pom
[INFO] Downloaded: https://repository.sonatype.org/content/groups/sonatype-public-grid/org/sonatype/nexus/buildsupport/nexus-buildsupport-jetty/2.9.1-02/nexus-buildsupport-jetty-2.9.1-02.pom (5 KB at 23.7 KB/sec)
[INFO] Downloading: https://repository.sonatype.org/content/groups/sonatype-public-grid/org/sonatype/nexus/buildsupport/nexus-buildsupport-goodies/2.9.1-02/nexus-buildsupport-goodies-2.9.1-02.pom
[INFO] Downloaded: https://repository.sonatype.org/content/groups/sonatype-public-grid/org/sonatype/nexus/buildsupport/nexus-buildsupport-goodies/2.9.1-02/nexus-buildsupport-goodies-2.9.1-02.pom (4 KB at 19.3 KB/sec)
[INFO] Downloading: https://repository.sonatype.org/content/groups/sonatype-public-grid/org/sonatype/nexus/buildsupport/nexus-buildsupport-groovy/2.9.1-02/nexus-buildsupport-groovy-2.9.1-02.pom
[INFO] Downloaded: https://repository.sonatype.org/content/groups/sonatype-public-grid/org/sonatype/nexus/buildsupport/nexus-buildsupport-groovy/2.9.1-02/nexus-buildsupport-groovy-2.9.1-02.pom (3 KB at 14.1 KB/sec)
[INFO] Downloading: https://repository.sonatype.org/content/groups/sonatype-public-grid/org/sonatype/nexus/buildsupport/nexus-buildsupport-guice/2.9.1-02/nexus-buildsupport-guice-2.9.1-02.pom
[INFO] Downloaded: https://repository.sonatype.org/content/groups/sonatype-public-grid/org/sonatype/nexus/buildsupport/nexus-buildsupport-guice/2.9.1-02/nexus-buildsupport-guice-2.9.1-02.pom (4 KB at 19.5 KB/sec)
[INFO] Downloading: https://repository.sonatype.org/content/groups/sonatype-public-grid/org/sonatype/nexus/buildsupport/nexus-buildsupport-logging/2.9.1-02/nexus-buildsupport-logging-2.9.1-02.pom
[INFO] Downloaded: https://repository.sonatype.org/content/groups/sonatype-public-grid/org/sonatype/nexus/buildsupport/nexus-buildsupport-logging/2.9.1-02/nexus-buildsupport-logging-2.9.1-02.pom (4 KB at 17.7 KB/sec)
[INFO] Downloading: https://repository.sonatype.org/content/groups/sonatype-public-grid/org/sonatype/nexus/buildsupport/nexus-buildsupport-osgi/2.9.1-02/nexus-buildsupport-osgi-2.9.1-02.pom
[INFO] Downloaded: https://repository.sonatype.org/content/groups/sonatype-public-grid/org/sonatype/nexus/buildsupport/nexus-buildsupport-osgi/2.9.1-02/nexus-buildsupport-osgi-2.9.1-02.pom (2 KB at 10.9 KB/sec)
[INFO] Downloading: https://repository.sonatype.org/content/groups/sonatype-public-grid/org/sonatype/nexus/buildsupport/nexus-buildsupport-other/2.9.1-02/nexus-buildsupport-other-2.9.1-02.pom
[INFO] Downloaded: https://repository.sonatype.org/content/groups/sonatype-public-grid/org/sonatype/nexus/buildsupport/nexus-buildsupport-other/2.9.1-02/nexus-buildsupport-other-2.9.1-02.pom (5 KB at 22.7 KB/sec)
[INFO] Downloading: https://repository.sonatype.org/content/groups/sonatype-public-grid/org/sonatype/nexus/buildsupport/nexus-buildsupport-plexus/2.9.1-02/nexus-buildsupport-plexus-2.9.1-02.pom
[INFO] Downloaded: https://repository.sonatype.org/content/groups/sonatype-public-grid/org/sonatype/nexus/buildsupport/nexus-buildsupport-plexus/2.9.1-02/nexus-buildsupport-plexus-2.9.1-02.pom (5 KB at 23.0 KB/sec)
[INFO] Downloading: https://repository.sonatype.org/content/groups/sonatype-public-grid/org/sonatype/nexus/buildsupport/nexus-buildsupport-rest/2.9.1-02/nexus-buildsupport-rest-2.9.1-02.pom
[INFO] Downloaded: https://repository.sonatype.org/content/groups/sonatype-public-grid/org/sonatype/nexus/buildsupport/nexus-buildsupport-rest/2.9.1-02/nexus-buildsupport-rest-2.9.1-02.pom (5 KB at 24.3 KB/sec)
[INFO] Downloading: https://repository.sonatype.org/content/groups/sonatype-public-grid/org/sonatype/nexus/buildsupport/nexus-buildsupport-testing/2.9.1-02/nexus-buildsupport-testing-2.9.1-02.pom
[INFO] Downloaded: https://repository.sonatype.org/content/groups/sonatype-public-grid/org/sonatype/nexus/buildsupport/nexus-buildsupport-testing/2.9.1-02/nexus-buildsupport-testing-2.9.1-02.pom (5 KB at 24.7 KB/sec)
[INFO] Downloading: https://repository.sonatype.org/content/groups/sonatype-public-grid/org/sonatype/nexus/buildsupport/nexus-buildsupport-metrics/2.9.1-02/nexus-buildsupport-metrics-2.9.1-02.pom
[INFO] Downloaded: https://repository.sonatype.org/content/groups/sonatype-public-grid/org/sonatype/nexus/buildsupport/nexus-buildsupport-metrics/2.9.1-02/nexus-buildsupport-metrics-2.9.1-02.pom (3 KB at 16.0 KB/sec)
[INFO] Downloading: https://repo.maven.apache.org/maven2/org/sonatype/nexus/plugins/nexus-restlet1x-model/2.9.1-02/nexus-restlet1x-model-2.9.1-02.pom
[INFO] Downloaded: https://repo.maven.apache.org/maven2/org/sonatype/nexus/plugins/nexus-restlet1x-model/2.9.1-02/nexus-restlet1x-model-2.9.1-02.pom (4 KB at 12.2 KB/sec)
[INFO] Downloading: https://repo.maven.apache.org/maven2/org/sonatype/nexus/plugins/nexus-plugins-restlet1x/2.9.1-02/nexus-plugins-restlet1x-2.9.1-02.pom
[INFO] Downloaded: https://repo.maven.apache.org/maven2/org/sonatype/nexus/plugins/nexus-plugins-restlet1x/2.9.1-02/nexus-plugins-restlet1x-2.9.1-02.pom (6 KB at 34.5 KB/sec)
[INFO] Downloading: https://repo.maven.apache.org/maven2/org/sonatype/nexus/plugins/nexus-plugins/2.9.1-02/nexus-plugins-2.9.1-02.pom
[INFO] Downloaded: https://repo.maven.apache.org/maven2/org/sonatype/nexus/plugins/nexus-plugins/2.9.1-02/nexus-plugins-2.9.1-02.pom (27 KB at 223.8 KB/sec)
[INFO] Downloading: https://repo.maven.apache.org/maven2/org/apache/maven/maven-model/3.0.4/maven-model-3.0.4.pom
[INFO] Downloaded: https://repo.maven.apache.org/maven2/org/apache/maven/maven-model/3.0.4/maven-model-3.0.4.pom (4 KB at 21.1 KB/sec)
[INFO] Downloading: https://repo.maven.apache.org/maven2/org/apache/maven/maven/3.0.4/maven-3.0.4.pom
[INFO] Downloaded: https://repo.maven.apache.org/maven2/org/apache/maven/maven/3.0.4/maven-3.0.4.pom (22 KB at 65.2 KB/sec)
[INFO] Downloading: https://repo.maven.apache.org/maven2/org/apache/maven/maven-parent/21/maven-parent-21.pom
[INFO] Downloaded: https://repo.maven.apache.org/maven2/org/apache/maven/maven-parent/21/maven-parent-21.pom (26 KB at 451.6 KB/sec)
[INFO] Downloading: https://repo.maven.apache.org/maven2/org/apache/apache/10/apache-10.pom
[INFO] Downloaded: https://repo.maven.apache.org/maven2/org/apache/apache/10/apache-10.pom (15 KB at 498.3 KB/sec)
[INFO] Downloading: https://repo.maven.apache.org/maven2/org/slf4j/slf4j-api/1.7.7/slf4j-api-1.7.7.pom
[INFO] Downloaded: https://repo.maven.apache.org/maven2/org/slf4j/slf4j-api/1.7.7/slf4j-api-1.7.7.pom (3 KB at 119.4 KB/sec)
[INFO] Downloading: https://repo.maven.apache.org/maven2/org/slf4j/slf4j-parent/1.7.7/slf4j-parent-1.7.7.pom
[INFO] Downloaded: https://repo.maven.apache.org/maven2/org/slf4j/slf4j-parent/1.7.7/slf4j-parent-1.7.7.pom (12 KB at 447.2 KB/sec)
[INFO] Downloading: https://repo.maven.apache.org/maven2/com/google/code/findbugs/jsr305/2.0.1/jsr305-2.0.1.pom
[INFO] Downloaded: https://repo.maven.apache.org/maven2/com/google/code/findbugs/jsr305/2.0.1/jsr305-2.0.1.pom (965 B at 42.8 KB/sec)
[INFO] Downloading: https://repo.maven.apache.org/maven2/com/intellij/annotations/9.0.4/annotations-9.0.4.pom
[INFO] Downloaded: https://repo.maven.apache.org/maven2/com/intellij/annotations/9.0.4/annotations-9.0.4.pom (2 KB at 28.2 KB/sec)
[INFO] Downloading: https://repo.maven.apache.org/maven2/commons-io/commons-io/2.4/commons-io-2.4.pom
[INFO] Downloaded: https://repo.maven.apache.org/maven2/commons-io/commons-io/2.4/commons-io-2.4.pom (10 KB at 107.9 KB/sec)
[INFO] Downloading: https://repo.maven.apache.org/maven2/org/apache/commons/commons-parent/25/commons-parent-25.pom
[INFO] Downloaded: https://repo.maven.apache.org/maven2/org/apache/commons/commons-parent/25/commons-parent-25.pom (48 KB at 873.6 KB/sec)
[INFO] Downloading: https://repo.maven.apache.org/maven2/org/apache/apache/9/apache-9.pom
[INFO] Downloaded: https://repo.maven.apache.org/maven2/org/apache/apache/9/apache-9.pom (15 KB at 151.1 KB/sec)
[INFO] Downloading: https://repo.maven.apache.org/maven2/com/thoughtworks/xstream/xstream/1.4.7/xstream-1.4.7.pom
[INFO] Downloaded: https://repo.maven.apache.org/maven2/com/thoughtworks/xstream/xstream/1.4.7/xstream-1.4.7.pom (11 KB at 38.5 KB/sec)
[INFO] Downloading: https://repo.maven.apache.org/maven2/com/thoughtworks/xstream/xstream-parent/1.4.7/xstream-parent-1.4.7.pom
[INFO] Downloaded: https://repo.maven.apache.org/maven2/com/thoughtworks/xstream/xstream-parent/1.4.7/xstream-parent-1.4.7.pom (26 KB at 158.2 KB/sec)
[INFO] Downloading: https://repo.maven.apache.org/maven2/org/codehaus/codehaus-parent/3/codehaus-parent-3.pom
[INFO] Downloaded: https://repo.maven.apache.org/maven2/org/codehaus/codehaus-parent/3/codehaus-parent-3.pom (5 KB at 13.7 KB/sec)
[INFO] Downloading: https://repo.maven.apache.org/maven2/xmlpull/xmlpull/1.1.3.1/xmlpull-1.1.3.1.pom
[INFO] Downloaded: https://repo.maven.apache.org/maven2/xmlpull/xmlpull/1.1.3.1/xmlpull-1.1.3.1.pom (386 B at 1.2 KB/sec)
[INFO] Downloading: https://repo.maven.apache.org/maven2/xpp3/xpp3_min/1.1.4c/xpp3_min-1.1.4c.pom
[INFO] Downloaded: https://repo.maven.apache.org/maven2/xpp3/xpp3_min/1.1.4c/xpp3_min-1.1.4c.pom (2 KB at 16.6 KB/sec)
[INFO] Downloading: https://repo.maven.apache.org/maven2/joda-time/joda-time/2.2/joda-time-2.2.pom
[INFO] Downloaded: https://repo.maven.apache.org/maven2/joda-time/joda-time/2.2/joda-time-2.2.pom (16 KB at 77.8 KB/sec)
[INFO] Downloading: https://repo.maven.apache.org/maven2/commons-lang/commons-lang/2.6/commons-lang-2.6.pom
[INFO] Downloaded: https://repo.maven.apache.org/maven2/commons-lang/commons-lang/2.6/commons-lang-2.6.pom (18 KB at 255.0 KB/sec)
[INFO] Downloading: https://repo.maven.apache.org/maven2/org/apache/commons/commons-parent/17/commons-parent-17.pom
[INFO] Downloaded: https://repo.maven.apache.org/maven2/org/apache/commons/commons-parent/17/commons-parent-17.pom (31 KB at 362.5 KB/sec)
[INFO] Downloading: https://repo.maven.apache.org/maven2/org/apache/apache/7/apache-7.pom
[INFO] Downloaded: https://repo.maven.apache.org/maven2/org/apache/apache/7/apache-7.pom (15 KB at 469.7 KB/sec)
[INFO] Downloading: https://repo.maven.apache.org/maven2/commons-beanutils/commons-beanutils-core/1.8.3/commons-beanutils-core-1.8.3.pom
[INFO] Downloaded: https://repo.maven.apache.org/maven2/commons-beanutils/commons-beanutils-core/1.8.3/commons-beanutils-core-1.8.3.pom (2 KB at 5.4 KB/sec)
[INFO] Downloading: https://repo.maven.apache.org/maven2/org/apache/apache/4/apache-4.pom
[INFO] Downloaded: https://repo.maven.apache.org/maven2/org/apache/apache/4/apache-4.pom (5 KB at 43.9 KB/sec)
[INFO] Downloading: https://repo.maven.apache.org/maven2/org/sonatype/sisu/siesta/siesta-client/1.7/siesta-client-1.7.pom
[INFO] Downloaded: https://repo.maven.apache.org/maven2/org/sonatype/sisu/siesta/siesta-client/1.7/siesta-client-1.7.pom (2 KB at 11.7 KB/sec)
[INFO] Downloading: https://repo.maven.apache.org/maven2/org/sonatype/sisu/siesta/siesta/1.7/siesta-1.7.pom
[INFO] Downloaded: https://repo.maven.apache.org/maven2/org/sonatype/sisu/siesta/siesta/1.7/siesta-1.7.pom (12 KB at 113.4 KB/sec)
[INFO] Downloading: https://repo.maven.apache.org/maven2/org/sonatype/buildsupport/public-parent/5/public-parent-5.pom
[INFO] Downloaded: https://repo.maven.apache.org/maven2/org/sonatype/buildsupport/public-parent/5/public-parent-5.pom (760 B at 1.8 KB/sec)
[INFO] Downloading: https://repo.maven.apache.org/maven2/org/sonatype/buildsupport/buildsupport/5/buildsupport-5.pom
[INFO] Downloaded: https://repo.maven.apache.org/maven2/org/sonatype/buildsupport/buildsupport/5/buildsupport-5.pom (22 KB at 71.5 KB/sec)
[INFO] Downloading: https://repo.maven.apache.org/maven2/org/sonatype/sisu/siesta/siesta-common/1.7/siesta-common-1.7.pom
[INFO] Downloaded: https://repo.maven.apache.org/maven2/org/sonatype/sisu/siesta/siesta-common/1.7/siesta-common-1.7.pom (3 KB at 6.8 KB/sec)
[INFO] Downloading: https://repo.maven.apache.org/maven2/javax/ws/rs/jsr311-api/1.1.1/jsr311-api-1.1.1.pom
[INFO] Downloaded: https://repo.maven.apache.org/maven2/javax/ws/rs/jsr311-api/1.1.1/jsr311-api-1.1.1.pom (6 KB at 33.2 KB/sec)
[INFO] Downloading: https://repo.maven.apache.org/maven2/com/sun/jersey/jersey-core/1.17.1/jersey-core-1.17.1.pom
[INFO] Downloaded: https://repo.maven.apache.org/maven2/com/sun/jersey/jersey-core/1.17.1/jersey-core-1.17.1.pom (11 KB at 29.1 KB/sec)
[INFO] Downloading: https://repo.maven.apache.org/maven2/com/sun/jersey/jersey-project/1.17.1/jersey-project-1.17.1.pom
[INFO] Downloaded: https://repo.maven.apache.org/maven2/com/sun/jersey/jersey-project/1.17.1/jersey-project-1.17.1.pom (21 KB at 73.2 KB/sec)
[INFO] Downloading: https://repo.maven.apache.org/maven2/net/java/jvnet-parent/1/jvnet-parent-1.pom
[INFO] Downloaded: https://repo.maven.apache.org/maven2/net/java/jvnet-parent/1/jvnet-parent-1.pom (5 KB at 53.5 KB/sec)
[INFO] Downloading: https://repo.maven.apache.org/maven2/javax/validation/validation-api/1.1.0.Final/validation-api-1.1.0.Final.pom
[INFO] Downloaded: https://repo.maven.apache.org/maven2/javax/validation/validation-api/1.1.0.Final/validation-api-1.1.0.Final.pom (8 KB at 239.9 KB/sec)
[INFO] Downloading: https://repo.maven.apache.org/maven2/com/sun/jersey/jersey-client/1.17.1/jersey-client-1.17.1.pom
[INFO] Downloaded: https://repo.maven.apache.org/maven2/com/sun/jersey/jersey-client/1.17.1/jersey-client-1.17.1.pom (7 KB at 54.9 KB/sec)
[INFO] Downloading: https://repo.maven.apache.org/maven2/com/sun/jersey/contribs/jersey-apache-client4/1.17.1/jersey-apache-client4-1.17.1.pom
[INFO] Downloaded: https://repo.maven.apache.org/maven2/com/sun/jersey/contribs/jersey-apache-client4/1.17.1/jersey-apache-client4-1.17.1.pom (7 KB at 43.0 KB/sec)
[INFO] Downloading: https://repo.maven.apache.org/maven2/com/sun/jersey/contribs/jersey-contribs/1.17.1/jersey-contribs-1.17.1.pom
[INFO] Downloaded: https://repo.maven.apache.org/maven2/com/sun/jersey/contribs/jersey-contribs/1.17.1/jersey-contribs-1.17.1.pom (4 KB at 30.8 KB/sec)
[INFO] Downloading: https://repo.maven.apache.org/maven2/org/apache/httpcomponents/httpclient/4.3.5/httpclient-4.3.5.pom
[INFO] Downloaded: https://repo.maven.apache.org/maven2/org/apache/httpcomponents/httpclient/4.3.5/httpclient-4.3.5.pom (6 KB at 137.5 KB/sec)
[INFO] Downloading: https://repo.maven.apache.org/maven2/org/apache/httpcomponents/httpcomponents-client/4.3.5/httpcomponents-client-4.3.5.pom
[INFO] Downloaded: https://repo.maven.apache.org/maven2/org/apache/httpcomponents/httpcomponents-client/4.3.5/httpcomponents-client-4.3.5.pom (16 KB at 134.1 KB/sec)
[INFO] Downloading: https://repo.maven.apache.org/maven2/org/apache/httpcomponents/project/7/project-7.pom
[INFO] Downloaded: https://repo.maven.apache.org/maven2/org/apache/httpcomponents/project/7/project-7.pom (27 KB at 198.5 KB/sec)
[INFO] Downloading: https://repo.maven.apache.org/maven2/org/apache/apache/13/apache-13.pom
[INFO] Downloaded: https://repo.maven.apache.org/maven2/org/apache/apache/13/apache-13.pom (14 KB at 155.1 KB/sec)
[INFO] Downloading: https://repo.maven.apache.org/maven2/org/apache/httpcomponents/httpcore/4.3.2/httpcore-4.3.2.pom
[INFO] Downloaded: https://repo.maven.apache.org/maven2/org/apache/httpcomponents/httpcore/4.3.2/httpcore-4.3.2.pom (5 KB at 20.8 KB/sec)
[INFO] Downloading: https://repo.maven.apache.org/maven2/org/apache/httpcomponents/httpcomponents-core/4.3.2/httpcomponents-core-4.3.2.pom
[INFO] Downloaded: https://repo.maven.apache.org/maven2/org/apache/httpcomponents/httpcomponents-core/4.3.2/httpcomponents-core-4.3.2.pom (12 KB at 41.9 KB/sec)
[INFO] Downloading: https://repo.maven.apache.org/maven2/commons-codec/commons-codec/1.6/commons-codec-1.6.pom
[INFO] Downloaded: https://repo.maven.apache.org/maven2/commons-codec/commons-codec/1.6/commons-codec-1.6.pom (11 KB at 170.2 KB/sec)
[INFO] Downloading: https://repo.maven.apache.org/maven2/org/apache/commons/commons-parent/22/commons-parent-22.pom
[INFO] Downloaded: https://repo.maven.apache.org/maven2/org/apache/commons/commons-parent/22/commons-parent-22.pom (41 KB at 772.4 KB/sec)
[INFO] Downloading: https://repo.maven.apache.org/maven2/org/slf4j/jcl-over-slf4j/1.7.7/jcl-over-slf4j-1.7.7.pom
[INFO] Downloaded: https://repo.maven.apache.org/maven2/org/slf4j/jcl-over-slf4j/1.7.7/jcl-over-slf4j-1.7.7.pom (2 KB at 10.4 KB/sec)
[INFO] Downloading: https://repo.maven.apache.org/maven2/org/sonatype/sisu/siesta/siesta-jackson/1.7/siesta-jackson-1.7.pom
[INFO] Downloaded: https://repo.maven.apache.org/maven2/org/sonatype/sisu/siesta/siesta-jackson/1.7/siesta-jackson-1.7.pom (3 KB at 24.5 KB/sec)
[INFO] Downloading: https://repo.maven.apache.org/maven2/com/fasterxml/jackson/core/jackson-annotations/2.3.1/jackson-annotations-2.3.1.pom
[INFO] Downloaded: https://repo.maven.apache.org/maven2/com/fasterxml/jackson/core/jackson-annotations/2.3.1/jackson-annotations-2.3.1.pom (2 KB at 13.3 KB/sec)
[INFO] Downloading: https://repo.maven.apache.org/maven2/com/fasterxml/oss-parent/11/oss-parent-11.pom
[INFO] Downloaded: https://repo.maven.apache.org/maven2/com/fasterxml/oss-parent/11/oss-parent-11.pom (23 KB at 154.0 KB/sec)
[INFO] Downloading: https://repo.maven.apache.org/maven2/com/fasterxml/jackson/core/jackson-core/2.3.1/jackson-core-2.3.1.pom
[INFO] Downloaded: https://repo.maven.apache.org/maven2/com/fasterxml/jackson/core/jackson-core/2.3.1/jackson-core-2.3.1.pom (6 KB at 24.9 KB/sec)
[INFO] Downloading: https://repo.maven.apache.org/maven2/com/fasterxml/oss-parent/12/oss-parent-12.pom
[INFO] Downloaded: https://repo.maven.apache.org/maven2/com/fasterxml/oss-parent/12/oss-parent-12.pom (23 KB at 126.7 KB/sec)
[INFO] Downloading: https://repo.maven.apache.org/maven2/com/fasterxml/jackson/core/jackson-databind/2.3.1/jackson-databind-2.3.1.pom
[INFO] Downloaded: https://repo.maven.apache.org/maven2/com/fasterxml/jackson/core/jackson-databind/2.3.1/jackson-databind-2.3.1.pom (6 KB at 26.1 KB/sec)
[INFO] Downloading: https://repo.maven.apache.org/maven2/com/fasterxml/jackson/core/jackson-annotations/2.3.0/jackson-annotations-2.3.0.pom
[INFO] Downloaded: https://repo.maven.apache.org/maven2/com/fasterxml/jackson/core/jackson-annotations/2.3.0/jackson-annotations-2.3.0.pom (2 KB at 4.8 KB/sec)
[INFO] Downloading: https://repo.maven.apache.org/maven2/com/fasterxml/jackson/jaxrs/jackson-jaxrs-json-provider/2.3.1/jackson-jaxrs-json-provider-2.3.1.pom
[INFO] Downloaded: https://repo.maven.apache.org/maven2/com/fasterxml/jackson/jaxrs/jackson-jaxrs-json-provider/2.3.1/jackson-jaxrs-json-provider-2.3.1.pom (4 KB at 6.9 KB/sec)
[INFO] Downloading: https://repo.maven.apache.org/maven2/com/fasterxml/jackson/jaxrs/jackson-jaxrs-providers/2.3.1/jackson-jaxrs-providers-2.3.1.pom
[INFO] Downloaded: https://repo.maven.apache.org/maven2/com/fasterxml/jackson/jaxrs/jackson-jaxrs-providers/2.3.1/jackson-jaxrs-providers-2.3.1.pom (4 KB at 23.1 KB/sec)
[INFO] Downloading: https://repo.maven.apache.org/maven2/com/fasterxml/jackson/jaxrs/jackson-jaxrs-base/2.3.1/jackson-jaxrs-base-2.3.1.pom
[INFO] Downloaded: https://repo.maven.apache.org/maven2/com/fasterxml/jackson/jaxrs/jackson-jaxrs-base/2.3.1/jackson-jaxrs-base-2.3.1.pom (2 KB at 81.8 KB/sec)
[INFO] Downloading: https://repo.maven.apache.org/maven2/com/fasterxml/jackson/module/jackson-module-jaxb-annotations/2.3.1/jackson-module-jaxb-annotations-2.3.1.pom
[INFO] Downloaded: https://repo.maven.apache.org/maven2/com/fasterxml/jackson/module/jackson-module-jaxb-annotations/2.3.1/jackson-module-jaxb-annotations-2.3.1.pom (5 KB at 176.0 KB/sec)
[INFO] Downloading: https://repo.maven.apache.org/maven2/javax/inject/javax.inject/1/javax.inject-1.pom
[INFO] Downloaded: https://repo.maven.apache.org/maven2/javax/inject/javax.inject/1/javax.inject-1.pom (612 B at 18.1 KB/sec)
[INFO] Downloading: https://repo.maven.apache.org/maven2/org/sonatype/spice/zapper/spice-zapper/1.3/spice-zapper-1.3.pom
[INFO] Downloaded: https://repo.maven.apache.org/maven2/org/sonatype/spice/zapper/spice-zapper/1.3/spice-zapper-1.3.pom (5 KB at 18.0 KB/sec)
[INFO] Downloading: https://repo.maven.apache.org/maven2/org/fusesource/hawtbuf/hawtbuf-proto/1.9/hawtbuf-proto-1.9.pom
[INFO] Downloaded: https://repo.maven.apache.org/maven2/org/fusesource/hawtbuf/hawtbuf-proto/1.9/hawtbuf-proto-1.9.pom (5 KB at 13.5 KB/sec)
[INFO] Downloading: https://repo.maven.apache.org/maven2/org/fusesource/hawtbuf/hawtbuf-project/1.9/hawtbuf-project-1.9.pom
[INFO] Downloaded: https://repo.maven.apache.org/maven2/org/fusesource/hawtbuf/hawtbuf-project/1.9/hawtbuf-project-1.9.pom (11 KB at 387.1 KB/sec)
[INFO] Downloading: https://repo.maven.apache.org/maven2/org/fusesource/fusesource-pom/1.9/fusesource-pom-1.9.pom
[INFO] Downloaded: https://repo.maven.apache.org/maven2/org/fusesource/fusesource-pom/1.9/fusesource-pom-1.9.pom (15 KB at 147.4 KB/sec)
[INFO] Downloading: https://repo.maven.apache.org/maven2/org/fusesource/hawtbuf/hawtbuf/1.9/hawtbuf-1.9.pom
[INFO] Downloaded: https://repo.maven.apache.org/maven2/org/fusesource/hawtbuf/hawtbuf/1.9/hawtbuf-1.9.pom (3 KB at 60.3 KB/sec)
[INFO] Downloading: https://repo.maven.apache.org/maven2/org/codehaus/plexus/plexus-utils/3.0.8/plexus-utils-3.0.8.pom
[INFO] Downloaded: https://repo.maven.apache.org/maven2/org/codehaus/plexus/plexus-utils/3.0.8/plexus-utils-3.0.8.pom (4 KB at 118.0 KB/sec)
[INFO] Downloading: https://repo.maven.apache.org/maven2/org/codehaus/plexus/plexus/3.2/plexus-3.2.pom
[INFO] Downloaded: https://repo.maven.apache.org/maven2/org/codehaus/plexus/plexus/3.2/plexus-3.2.pom (19 KB at 146.5 KB/sec)
[INFO] Downloading: https://repo.maven.apache.org/maven2/org/sonatype/spice/spice-parent/17/spice-parent-17.pom
[INFO] Downloaded: https://repo.maven.apache.org/maven2/org/sonatype/spice/spice-parent/17/spice-parent-17.pom (7 KB at 287.0 KB/sec)
[INFO] Downloading: https://repo.maven.apache.org/maven2/org/sonatype/forge/forge-parent/10/forge-parent-10.pom
[INFO] Downloaded: https://repo.maven.apache.org/maven2/org/sonatype/forge/forge-parent/10/forge-parent-10.pom (14 KB at 194.7 KB/sec)
[INFO] Downloading: https://repo.maven.apache.org/maven2/org/codehaus/plexus/plexus-interpolation/1.15/plexus-interpolation-1.15.pom
[INFO] Downloaded: https://repo.maven.apache.org/maven2/org/codehaus/plexus/plexus-interpolation/1.15/plexus-interpolation-1.15.pom (1018 B at 36.8 KB/sec)
[INFO] Downloading: https://repo.maven.apache.org/maven2/org/codehaus/plexus/plexus/3.0.1/plexus-3.0.1.pom
[INFO] Downloaded: https://repo.maven.apache.org/maven2/org/codehaus/plexus/plexus/3.0.1/plexus-3.0.1.pom (19 KB at 422.7 KB/sec)
[INFO] Downloading: https://repo.maven.apache.org/maven2/org/sonatype/aether/aether-api/1.13.1/aether-api-1.13.1.pom
[INFO] Downloaded: https://repo.maven.apache.org/maven2/org/sonatype/aether/aether-api/1.13.1/aether-api-1.13.1.pom (2 KB at 9.1 KB/sec)
[INFO] Downloading: https://repo.maven.apache.org/maven2/org/sonatype/aether/aether/1.13.1/aether-1.13.1.pom
[INFO] Downloaded: https://repo.maven.apache.org/maven2/org/sonatype/aether/aether/1.13.1/aether-1.13.1.pom (10 KB at 42.3 KB/sec)
[INFO] Downloading: https://repo.maven.apache.org/maven2/ch/qos/logback/logback-core/1.1.2/logback-core-1.1.2.pom
[INFO] Downloaded: https://repo.maven.apache.org/maven2/ch/qos/logback/logback-core/1.1.2/logback-core-1.1.2.pom (5 KB at 21.7 KB/sec)
[INFO] Downloading: https://repo.maven.apache.org/maven2/ch/qos/logback/logback-parent/1.1.2/logback-parent-1.1.2.pom
[INFO] Downloaded: https://repo.maven.apache.org/maven2/ch/qos/logback/logback-parent/1.1.2/logback-parent-1.1.2.pom (15 KB at 32.8 KB/sec)
[INFO] Downloading: https://repo.maven.apache.org/maven2/ch/qos/logback/logback-classic/1.1.2/logback-classic-1.1.2.pom
[INFO] Downloaded: https://repo.maven.apache.org/maven2/ch/qos/logback/logback-classic/1.1.2/logback-classic-1.1.2.pom (12 KB at 18.2 KB/sec)
[INFO] Downloading: https://repo.maven.apache.org/maven2/org/sonatype/plugins/nexus-staging-maven-plugin/1.6.5/nexus-staging-maven-plugin-1.6.5.jar
[INFO] Downloading: https://repo.maven.apache.org/maven2/org/sonatype/nexus/maven/nexus-common/1.6.5/nexus-common-1.6.5.jar
[INFO] Downloading: https://repo.maven.apache.org/maven2/org/sonatype/plexus/plexus-sec-dispatcher/1.4/plexus-sec-dispatcher-1.4.jar
[INFO] Downloading: https://repo.maven.apache.org/maven2/org/sonatype/plexus/plexus-cipher/1.7/plexus-cipher-1.7.jar
[INFO] Downloading: https://repo.maven.apache.org/maven2/com/google/guava/guava/14.0.1/guava-14.0.1.jar
[INFO] Downloading: https://repo.maven.apache.org/maven2/org/sonatype/nexus/nexus-client-core/2.9.1-02/nexus-client-core-2.9.1-02.jar
[INFO] Downloading: https://repo.maven.apache.org/maven2/org/sonatype/nexus/plugins/nexus-restlet1x-model/2.9.1-02/nexus-restlet1x-model-2.9.1-02.jar
[INFO] Downloading: https://repo.maven.apache.org/maven2/org/slf4j/slf4j-api/1.7.7/slf4j-api-1.7.7.jar
[INFO] Downloaded: https://repo.maven.apache.org/maven2/org/sonatype/nexus/plugins/nexus-restlet1x-model/2.9.1-02/nexus-restlet1x-model-2.9.1-02.jar (157 KB at 1087.8 KB/sec)
[INFO] Downloading: https://repo.maven.apache.org/maven2/com/google/code/findbugs/jsr305/2.0.1/jsr305-2.0.1.jar
[INFO] Downloaded: https://repo.maven.apache.org/maven2/org/sonatype/nexus/maven/nexus-common/1.6.5/nexus-common-1.6.5.jar (16 KB at 95.5 KB/sec)
[INFO] Downloading: https://repo.maven.apache.org/maven2/com/intellij/annotations/9.0.4/annotations-9.0.4.jar
[INFO] Downloaded: https://repo.maven.apache.org/maven2/org/slf4j/slf4j-api/1.7.7/slf4j-api-1.7.7.jar (29 KB at 154.4 KB/sec)
[INFO] Downloading: https://repo.maven.apache.org/maven2/commons-io/commons-io/2.4/commons-io-2.4.jar
[INFO] Downloaded: https://repo.maven.apache.org/maven2/com/intellij/annotations/9.0.4/annotations-9.0.4.jar (10 KB at 38.4 KB/sec)
[INFO] Downloading: https://repo.maven.apache.org/maven2/com/thoughtworks/xstream/xstream/1.4.7/xstream-1.4.7.jar
[WARNING] Could not validate integrity of download from https://repo.maven.apache.org/maven2/org/sonatype/nexus/nexus-client-core/2.9.1-02/nexus-client-core-2.9.1-02.jar: Checksum validation failed, no checksums available
[WARNING] Checksum validation failed, no checksums available for https://repo.maven.apache.org/maven2/org/sonatype/nexus/nexus-client-core/2.9.1-02/nexus-client-core-2.9.1-02.jar
[INFO] Downloaded: https://repo.maven.apache.org/maven2/org/sonatype/nexus/nexus-client-core/2.9.1-02/nexus-client-core-2.9.1-02.jar (206 KB at 791.3 KB/sec)
[INFO] Downloading: https://repo.maven.apache.org/maven2/xmlpull/xmlpull/1.1.3.1/xmlpull-1.1.3.1.jar
[INFO] Downloaded: https://repo.maven.apache.org/maven2/com/google/code/findbugs/jsr305/2.0.1/jsr305-2.0.1.jar (32 KB at 94.6 KB/sec)
[INFO] Downloading: https://repo.maven.apache.org/maven2/xpp3/xpp3_min/1.1.4c/xpp3_min-1.1.4c.jar
[INFO] Downloaded: https://repo.maven.apache.org/maven2/xmlpull/xmlpull/1.1.3.1/xmlpull-1.1.3.1.jar (8 KB at 18.0 KB/sec)
[INFO] Downloading: https://repo.maven.apache.org/maven2/joda-time/joda-time/2.2/joda-time-2.2.jar
[INFO] Downloading: https://repo.maven.apache.org/maven2/commons-lang/commons-lang/2.6/commons-lang-2.6.jar
[INFO] Downloading: https://repo.maven.apache.org/maven2/commons-beanutils/commons-beanutils-core/1.8.3/commons-beanutils-core-1.8.3.jar
[INFO] Downloaded: https://repo.maven.apache.org/maven2/commons-io/commons-io/2.4/commons-io-2.4.jar (181 KB at 391.3 KB/sec)
[INFO] Downloading: https://repo.maven.apache.org/maven2/org/sonatype/sisu/siesta/siesta-client/1.7/siesta-client-1.7.jar
[INFO] Downloaded: https://repo.maven.apache.org/maven2/com/thoughtworks/xstream/xstream/1.4.7/xstream-1.4.7.jar (520 KB at 901.2 KB/sec)
[INFO] Downloading: https://repo.maven.apache.org/maven2/org/sonatype/sisu/siesta/siesta-common/1.7/siesta-common-1.7.jar
[INFO] Downloaded: https://repo.maven.apache.org/maven2/org/sonatype/sisu/siesta/siesta-client/1.7/siesta-client-1.7.jar (20 KB at 33.5 KB/sec)
[INFO] Downloading: https://repo.maven.apache.org/maven2/javax/ws/rs/jsr311-api/1.1.1/jsr311-api-1.1.1.jar
[WARNING] Could not validate integrity of download from https://repo.maven.apache.org/maven2/xpp3/xpp3_min/1.1.4c/xpp3_min-1.1.4c.jar: Checksum validation failed, no checksums available
[WARNING] Checksum validation failed, no checksums available for https://repo.maven.apache.org/maven2/xpp3/xpp3_min/1.1.4c/xpp3_min-1.1.4c.jar
[INFO] Downloaded: https://repo.maven.apache.org/maven2/xpp3/xpp3_min/1.1.4c/xpp3_min-1.1.4c.jar (25 KB at 40.8 KB/sec)
[INFO] Downloading: https://repo.maven.apache.org/maven2/com/sun/jersey/jersey-core/1.17.1/jersey-core-1.17.1.jar
[INFO] Downloading: https://repo.maven.apache.org/maven2/javax/validation/validation-api/1.1.0.Final/validation-api-1.1.0.Final.jar
[INFO] Downloading: https://repo.maven.apache.org/maven2/com/sun/jersey/jersey-client/1.17.1/jersey-client-1.17.1.jar
[INFO] Downloaded: https://repo.maven.apache.org/maven2/commons-beanutils/commons-beanutils-core/1.8.3/commons-beanutils-core-1.8.3.jar (202 KB at 307.3 KB/sec)
[INFO] Downloading: https://repo.maven.apache.org/maven2/com/sun/jersey/contribs/jersey-apache-client4/1.17.1/jersey-apache-client4-1.17.1.jar
[INFO] Downloaded: https://repo.maven.apache.org/maven2/org/sonatype/sisu/siesta/siesta-common/1.7/siesta-common-1.7.jar (11 KB at 14.7 KB/sec)
[INFO] Downloading: https://repo.maven.apache.org/maven2/org/sonatype/sisu/siesta/siesta-jackson/1.7/siesta-jackson-1.7.jar
[INFO] Downloaded: https://repo.maven.apache.org/maven2/com/sun/jersey/jersey-core/1.17.1/jersey-core-1.17.1.jar (457 KB at 590.1 KB/sec)
[INFO] Downloading: https://repo.maven.apache.org/maven2/com/fasterxml/jackson/core/jackson-annotations/2.3.1/jackson-annotations-2.3.1.jar
[WARNING] Could not validate integrity of download from https://repo.maven.apache.org/maven2/com/sun/jersey/jersey-client/1.17.1/jersey-client-1.17.1.jar: Checksum validation failed, no checksums available
[WARNING] Checksum validation failed, no checksums available for https://repo.maven.apache.org/maven2/com/sun/jersey/jersey-client/1.17.1/jersey-client-1.17.1.jar
[INFO] Downloaded: https://repo.maven.apache.org/maven2/com/sun/jersey/jersey-client/1.17.1/jersey-client-1.17.1.jar (128 KB at 158.8 KB/sec)
[INFO] Downloading: https://repo.maven.apache.org/maven2/com/fasterxml/jackson/core/jackson-core/2.3.1/jackson-core-2.3.1.jar
[WARNING] Could not validate integrity of download from https://repo.maven.apache.org/maven2/com/fasterxml/jackson/core/jackson-annotations/2.3.1/jackson-annotations-2.3.1.jar: Checksum validation failed, no checksums available
[WARNING] Checksum validation failed, no checksums available for https://repo.maven.apache.org/maven2/com/fasterxml/jackson/core/jackson-annotations/2.3.1/jackson-annotations-2.3.1.jar
[INFO] Downloaded: https://repo.maven.apache.org/maven2/com/fasterxml/jackson/core/jackson-annotations/2.3.1/jackson-annotations-2.3.1.jar (36 KB at 42.3 KB/sec)
[INFO] Downloading: https://repo.maven.apache.org/maven2/com/fasterxml/jackson/core/jackson-databind/2.3.1/jackson-databind-2.3.1.jar
[INFO] Downloaded: https://repo.maven.apache.org/maven2/com/sun/jersey/contribs/jersey-apache-client4/1.17.1/jersey-apache-client4-1.17.1.jar (16 KB at 16.4 KB/sec)
[INFO] Downloading: https://repo.maven.apache.org/maven2/com/fasterxml/jackson/jaxrs/jackson-jaxrs-json-provider/2.3.1/jackson-jaxrs-json-provider-2.3.1.jar
[INFO] Downloading: https://repo.maven.apache.org/maven2/com/fasterxml/jackson/jaxrs/jackson-jaxrs-base/2.3.1/jackson-jaxrs-base-2.3.1.jar
[INFO] Downloaded: https://repo.maven.apache.org/maven2/org/sonatype/sisu/siesta/siesta-jackson/1.7/siesta-jackson-1.7.jar (7 KB at 6.5 KB/sec)
[INFO] Downloading: https://repo.maven.apache.org/maven2/com/fasterxml/jackson/module/jackson-module-jaxb-annotations/2.3.1/jackson-module-jaxb-annotations-2.3.1.jar
[INFO] Downloaded: https://repo.maven.apache.org/maven2/com/google/guava/guava/14.0.1/guava-14.0.1.jar (2138 KB at 2252.7 KB/sec)
[INFO] Downloading: https://repo.maven.apache.org/maven2/org/apache/httpcomponents/httpclient/4.3.5/httpclient-4.3.5.jar
[INFO] Downloading: https://repo.maven.apache.org/maven2/commons-codec/commons-codec/1.6/commons-codec-1.6.jar
[INFO] Downloading: https://repo.maven.apache.org/maven2/org/apache/httpcomponents/httpcore/4.3.2/httpcore-4.3.2.jar
[INFO] Downloading: https://repo.maven.apache.org/maven2/org/slf4j/jcl-over-slf4j/1.7.7/jcl-over-slf4j-1.7.7.jar
[INFO] Downloaded: https://repo.maven.apache.org/maven2/com/fasterxml/jackson/core/jackson-core/2.3.1/jackson-core-2.3.1.jar (194 KB at 182.2 KB/sec)
[INFO] Downloading: https://repo.maven.apache.org/maven2/javax/inject/javax.inject/1/javax.inject-1.jar
[INFO] Downloaded: https://repo.maven.apache.org/maven2/javax/inject/javax.inject/1/javax.inject-1.jar (3 KB at 2.3 KB/sec)
[INFO] Downloading: https://repo.maven.apache.org/maven2/org/sonatype/spice/zapper/spice-zapper/1.3/spice-zapper-1.3.jar
[INFO] Downloaded: https://repo.maven.apache.org/maven2/commons-codec/commons-codec/1.6/commons-codec-1.6.jar (228 KB at 206.7 KB/sec)
[INFO] Downloading: https://repo.maven.apache.org/maven2/org/fusesource/hawtbuf/hawtbuf-proto/1.9/hawtbuf-proto-1.9.jar
[INFO] Downloaded: https://repo.maven.apache.org/maven2/org/sonatype/spice/zapper/spice-zapper/1.3/spice-zapper-1.3.jar (119 KB at 104.4 KB/sec)
[INFO] Downloading: https://repo.maven.apache.org/maven2/org/fusesource/hawtbuf/hawtbuf/1.9/hawtbuf-1.9.jar
[INFO] Downloaded: https://repo.maven.apache.org/maven2/org/fusesource/hawtbuf/hawtbuf/1.9/hawtbuf-1.9.jar (49 KB at 41.9 KB/sec)
[INFO] Downloading: https://repo.maven.apache.org/maven2/org/codehaus/plexus/plexus-utils/3.0.8/plexus-utils-3.0.8.jar
[INFO] Downloaded: https://repo.maven.apache.org/maven2/com/fasterxml/jackson/jaxrs/jackson-jaxrs-json-provider/2.3.1/jackson-jaxrs-json-provider-2.3.1.jar (17 KB at 13.7 KB/sec)
[INFO] Downloading: https://repo.maven.apache.org/maven2/org/codehaus/plexus/plexus-interpolation/1.15/plexus-interpolation-1.15.jar
[INFO] Downloaded: https://repo.maven.apache.org/maven2/org/slf4j/jcl-over-slf4j/1.7.7/jcl-over-slf4j-1.7.7.jar (17 KB at 13.7 KB/sec)
[INFO] Downloading: https://repo.maven.apache.org/maven2/ch/qos/logback/logback-core/1.1.2/logback-core-1.1.2.jar
[INFO] Downloaded: https://repo.maven.apache.org/maven2/org/codehaus/plexus/plexus-interpolation/1.15/plexus-interpolation-1.15.jar (60 KB at 47.9 KB/sec)
[INFO] Downloading: https://repo.maven.apache.org/maven2/ch/qos/logback/logback-classic/1.1.2/logback-classic-1.1.2.jar
[INFO] Downloaded: https://repo.maven.apache.org/maven2/org/codehaus/plexus/plexus-utils/3.0.8/plexus-utils-3.0.8.jar (227 KB at 178.0 KB/sec)
[INFO] Downloaded: https://repo.maven.apache.org/maven2/org/apache/httpcomponents/httpclient/4.3.5/httpclient-4.3.5.jar (577 KB at 446.7 KB/sec)
[INFO] Downloaded: https://repo.maven.apache.org/maven2/ch/qos/logback/logback-classic/1.1.2/logback-classic-1.1.2.jar (265 KB at 181.1 KB/sec)
[INFO] Downloaded: https://repo.maven.apache.org/maven2/ch/qos/logback/logback-core/1.1.2/logback-core-1.1.2.jar (418 KB at 277.4 KB/sec)
[INFO] Downloaded: https://repo.maven.apache.org/maven2/org/fusesource/hawtbuf/hawtbuf-proto/1.9/hawtbuf-proto-1.9.jar (27 KB at 16.3 KB/sec)
[INFO] Downloading: https://repository.sonatype.org/content/groups/sonatype-public-grid/joda-time/joda-time/2.2/joda-time-2.2.jar
[INFO] Downloading: https://repository.sonatype.org/content/groups/sonatype-public-grid/commons-lang/commons-lang/2.6/commons-lang-2.6.jar
[INFO] Downloading: https://repository.sonatype.org/content/groups/sonatype-public-grid/javax/ws/rs/jsr311-api/1.1.1/jsr311-api-1.1.1.jar
[INFO] Downloading: https://repository.sonatype.org/content/groups/sonatype-public-grid/javax/validation/validation-api/1.1.0.Final/validation-api-1.1.0.Final.jar
[INFO] Downloading: https://repository.sonatype.org/content/groups/sonatype-public-grid/com/fasterxml/jackson/core/jackson-databind/2.3.1/jackson-databind-2.3.1.jar
[INFO] Downloaded: https://repository.sonatype.org/content/groups/sonatype-public-grid/javax/validation/validation-api/1.1.0.Final/validation-api-1.1.0.Final.jar (63 KB at 114.7 KB/sec)
[INFO] Downloading: https://repository.sonatype.org/content/groups/sonatype-public-grid/com/fasterxml/jackson/jaxrs/jackson-jaxrs-base/2.3.1/jackson-jaxrs-base-2.3.1.jar
[INFO] Downloaded: https://repository.sonatype.org/content/groups/sonatype-public-grid/javax/ws/rs/jsr311-api/1.1.1/jsr311-api-1.1.1.jar (46 KB at 82.5 KB/sec)
[INFO] Downloading: https://repository.sonatype.org/content/groups/sonatype-public-grid/com/fasterxml/jackson/module/jackson-module-jaxb-annotations/2.3.1/jackson-module-jaxb-annotations-2.3.1.jar
[INFO] Downloaded: https://repository.sonatype.org/content/groups/sonatype-public-grid/joda-time/joda-time/2.2/joda-time-2.2.jar (561 KB at 772.0 KB/sec)
[INFO] Downloading: https://repository.sonatype.org/content/groups/sonatype-public-grid/org/apache/httpcomponents/httpcore/4.3.2/httpcore-4.3.2.jar
[INFO] Downloaded: https://repository.sonatype.org/content/groups/sonatype-public-grid/commons-lang/commons-lang/2.6/commons-lang-2.6.jar (278 KB at 378.7 KB/sec)
[INFO] Downloaded: https://repository.sonatype.org/content/groups/sonatype-public-grid/com/fasterxml/jackson/jaxrs/jackson-jaxrs-base/2.3.1/jackson-jaxrs-base-2.3.1.jar (27 KB at 36.5 KB/sec)
[INFO] Downloaded: https://repository.sonatype.org/content/groups/sonatype-public-grid/com/fasterxml/jackson/module/jackson-module-jaxb-annotations/2.3.1/jackson-module-jaxb-annotations-2.3.1.jar (31 KB at 41.5 KB/sec)
[INFO] Downloaded: https://repository.sonatype.org/content/groups/sonatype-public-grid/com/fasterxml/jackson/core/jackson-databind/2.3.1/jackson-databind-2.3.1.jar (893 KB at 915.8 KB/sec)
[INFO] Downloaded: https://repository.sonatype.org/content/groups/sonatype-public-grid/org/apache/httpcomponents/httpcore/4.3.2/httpcore-4.3.2.jar (276 KB at 274.6 KB/sec)
[ERROR] The build could not read 1 project -> [Help 1]
[ERROR]   
[ERROR]   The project com.github.davidmoten:rxjava-jdbc:0.6.4-SNAPSHOT (/home/travis/build/passed/davidmoten/rxjava-jdbc/pom.xml) has 1 error
[ERROR]     Unresolveable build extension: Plugin org.sonatype.plugins:nexus-staging-maven-plugin:1.6.5 or one of its dependencies could not be resolved: The following artifacts could not be resolved: org.sonatype.plugins:nexus-staging-maven-plugin:jar:1.6.5, org.sonatype.plexus:plexus-sec-dispatcher:jar:1.4, org.sonatype.plexus:plexus-cipher:jar:1.7: Could not transfer artifact org.sonatype.plugins:nexus-staging-maven-plugin:jar:1.6.5 from/to central (https://repo.maven.apache.org/maven2): Failed to transfer file: https://repo.maven.apache.org/maven2/org/sonatype/plugins/nexus-staging-maven-plugin/1.6.5/nexus-staging-maven-plugin-1.6.5.jar. Return code is: 503 , ReasonPhrase:Service Unavailable. -> [Help 2]
[ERROR] 
[ERROR] To see the full stack trace of the errors, re-run Maven with the -e switch.
[ERROR] Re-run Maven using the -X switch to enable full debug logging.
[ERROR] 
[ERROR] For more information about the errors and possible solutions, please read the following articles:
[ERROR] [Help 1] http://cwiki.apache.org/confluence/display/MAVEN/ProjectBuildingException
[ERROR] [Help 2] http://cwiki.apache.org/confluence/display/MAVEN/PluginResolutionException

[31;1mThe command "eval mvn install -Dhttps.protocols=TLSv1.2 -DskipTests=true -Dmaven.javadoc.skip=true -B -V " failed. Retrying, 2 of 3.[0m

Java HotSpot(TM) 64-Bit Server VM warning: ignoring option MaxPermSize=192m; support was removed in 8.0
Apache Maven 3.2.5 (12a6b3acb947671f09b81f49094c53f426d8cea1; 2014-12-14T17:29:23+00:00)
Maven home: /usr/local/maven
Java version: 1.8.0_31, vendor: Oracle Corporation
Java home: /usr/lib/jvm/java-8-oracle/jre
Default locale: en_US, platform encoding: UTF-8
OS name: "linux", version: "4.15.0-109-generic", arch: "amd64", family: "unix"
[INFO] Scanning for projects...
[INFO] Downloading: https://repo.maven.apache.org/maven2/org/sonatype/plexus/plexus-cipher/1.7/plexus-cipher-1.7.jar
[INFO] Downloading: https://repo.maven.apache.org/maven2/org/sonatype/plexus/plexus-sec-dispatcher/1.4/plexus-sec-dispatcher-1.4.jar
[INFO] Downloading: https://repo.maven.apache.org/maven2/org/sonatype/plugins/nexus-staging-maven-plugin/1.6.5/nexus-staging-maven-plugin-1.6.5.jar
[INFO] Downloaded: https://repo.maven.apache.org/maven2/org/sonatype/plexus/plexus-cipher/1.7/plexus-cipher-1.7.jar (14 KB at 23.7 KB/sec)
[ERROR] The build could not read 1 project -> [Help 1]
[ERROR]   
[ERROR]   The project com.github.davidmoten:rxjava-jdbc:0.6.4-SNAPSHOT (/home/travis/build/passed/davidmoten/rxjava-jdbc/pom.xml) has 1 error
[ERROR]     Unresolveable build extension: Plugin org.sonatype.plugins:nexus-staging-maven-plugin:1.6.5 or one of its dependencies could not be resolved: The following artifacts could not be resolved: org.sonatype.plugins:nexus-staging-maven-plugin:jar:1.6.5, org.sonatype.plexus:plexus-sec-dispatcher:jar:1.4: Could not transfer artifact org.sonatype.plugins:nexus-staging-maven-plugin:jar:1.6.5 from/to central (https://repo.maven.apache.org/maven2): Failed to transfer file: https://repo.maven.apache.org/maven2/org/sonatype/plugins/nexus-staging-maven-plugin/1.6.5/nexus-staging-maven-plugin-1.6.5.jar. Return code is: 503 , ReasonPhrase:Service Unavailable. -> [Help 2]
[ERROR] 
[ERROR] To see the full stack trace of the errors, re-run Maven with the -e switch.
[ERROR] Re-run Maven using the -X switch to enable full debug logging.
[ERROR] 
[ERROR] For more information about the errors and possible solutions, please read the following articles:
[ERROR] [Help 1] http://cwiki.apache.org/confluence/display/MAVEN/ProjectBuildingException
[ERROR] [Help 2] http://cwiki.apache.org/confluence/display/MAVEN/PluginResolutionException

[31;1mThe command "eval mvn install -Dhttps.protocols=TLSv1.2 -DskipTests=true -Dmaven.javadoc.skip=true -B -V " failed. Retrying, 3 of 3.[0m

Java HotSpot(TM) 64-Bit Server VM warning: ignoring option MaxPermSize=192m; support was removed in 8.0
Apache Maven 3.2.5 (12a6b3acb947671f09b81f49094c53f426d8cea1; 2014-12-14T17:29:23+00:00)
Maven home: /usr/local/maven
Java version: 1.8.0_31, vendor: Oracle Corporation
Java home: /usr/lib/jvm/java-8-oracle/jre
Default locale: en_US, platform encoding: UTF-8
OS name: "linux", version: "4.15.0-109-generic", arch: "amd64", family: "unix"
[INFO] Scanning for projects...
[INFO] Downloading: https://repo.maven.apache.org/maven2/org/sonatype/plugins/nexus-staging-maven-plugin/1.6.5/nexus-staging-maven-plugin-1.6.5.jar
[INFO] Downloading: https://repo.maven.apache.org/maven2/org/sonatype/plexus/plexus-sec-dispatcher/1.4/plexus-sec-dispatcher-1.4.jar
[INFO] Downloaded: https://repo.maven.apache.org/maven2/org/sonatype/plexus/plexus-sec-dispatcher/1.4/plexus-sec-dispatcher-1.4.jar (28 KB at 56.5 KB/sec)
[INFO] Downloaded: https://repo.maven.apache.org/maven2/org/sonatype/plugins/nexus-staging-maven-plugin/1.6.5/nexus-staging-maven-plugin-1.6.5.jar (243 KB at 367.5 KB/sec)
[INFO] Inspecting build with total of 1 modules...
[INFO] Installing Nexus Staging features:
[INFO]   ... total of 1 executions of maven-deploy-plugin replaced with nexus-staging-maven-plugin
[INFO]                                                                         
[INFO] ------------------------------------------------------------------------
[INFO] Building rxjava-jdbc 0.6.4-SNAPSHOT
[INFO] ------------------------------------------------------------------------
[INFO] Downloading: https://repo.maven.apache.org/maven2/org/apache/maven/plugins/maven-site-plugin/3.4/maven-site-plugin-3.4.pom
[INFO] Downloaded: https://repo.maven.apache.org/maven2/org/apache/maven/plugins/maven-site-plugin/3.4/maven-site-plugin-3.4.pom (20 KB at 758.5 KB/sec)
[INFO] Downloading: https://repo.maven.apache.org/maven2/org/apache/maven/plugins/maven-plugins/25/maven-plugins-25.pom
[INFO] Downloaded: https://repo.maven.apache.org/maven2/org/apache/maven/plugins/maven-plugins/25/maven-plugins-25.pom (10 KB at 444.1 KB/sec)
[INFO] Downloading: https://repo.maven.apache.org/maven2/org/apache/maven/maven-parent/24/maven-parent-24.pom
[INFO] Downloaded: https://repo.maven.apache.org/maven2/org/apache/maven/maven-parent/24/maven-parent-24.pom (37 KB at 973.9 KB/sec)
[INFO] Downloading: https://repo.maven.apache.org/maven2/org/apache/apache/14/apache-14.pom
[INFO] Downloaded: https://repo.maven.apache.org/maven2/org/apache/apache/14/apache-14.pom (15 KB at 551.6 KB/sec)
[INFO] Downloading: https://repo.maven.apache.org/maven2/org/apache/maven/plugins/maven-site-plugin/3.4/maven-site-plugin-3.4.jar
[INFO] Downloaded: https://repo.maven.apache.org/maven2/org/apache/maven/plugins/maven-site-plugin/3.4/maven-site-plugin-3.4.jar (125 KB at 1775.4 KB/sec)
[INFO] Downloading: https://repo.maven.apache.org/maven2/org/apache/maven/plugins/maven-resources-plugin/2.6/maven-resources-plugin-2.6.pom
[INFO] Downloaded: https://repo.maven.apache.org/maven2/org/apache/maven/plugins/maven-resources-plugin/2.6/maven-resources-plugin-2.6.pom (8 KB at 360.2 KB/sec)
[INFO] Downloading: https://repo.maven.apache.org/maven2/org/apache/maven/plugins/maven-plugins/23/maven-plugins-23.pom
[INFO] Downloaded: https://repo.maven.apache.org/maven2/org/apache/maven/plugins/maven-plugins/23/maven-plugins-23.pom (9 KB at 427.7 KB/sec)
[INFO] Downloading: https://repo.maven.apache.org/maven2/org/apache/maven/maven-parent/22/maven-parent-22.pom
[INFO] Downloaded: https://repo.maven.apache.org/maven2/org/apache/maven/maven-parent/22/maven-parent-22.pom (30 KB at 937.0 KB/sec)
[INFO] Downloading: https://repo.maven.apache.org/maven2/org/apache/apache/11/apache-11.pom
[INFO] Downloaded: https://repo.maven.apache.org/maven2/org/apache/apache/11/apache-11.pom (15 KB at 578.6 KB/sec)
[INFO] Downloading: https://repo.maven.apache.org/maven2/org/apache/maven/plugins/maven-resources-plugin/2.6/maven-resources-plugin-2.6.jar
[INFO] Downloaded: https://repo.maven.apache.org/maven2/org/apache/maven/plugins/maven-resources-plugin/2.6/maven-resources-plugin-2.6.jar (29 KB at 686.4 KB/sec)
[INFO] Downloading: https://repo.maven.apache.org/maven2/org/apache/maven/plugins/maven-compiler-plugin/3.1/maven-compiler-plugin-3.1.pom
[INFO] Downloaded: https://repo.maven.apache.org/maven2/org/apache/maven/plugins/maven-compiler-plugin/3.1/maven-compiler-plugin-3.1.pom (10 KB at 415.4 KB/sec)
[INFO] Downloading: https://repo.maven.apache.org/maven2/org/apache/maven/plugins/maven-plugins/24/maven-plugins-24.pom
[INFO] Downloaded: https://repo.maven.apache.org/maven2/org/apache/maven/plugins/maven-plugins/24/maven-plugins-24.pom (11 KB at 479.7 KB/sec)
[INFO] Downloading: https://repo.maven.apache.org/maven2/org/apache/maven/maven-parent/23/maven-parent-23.pom
[INFO] Downloaded: https://repo.maven.apache.org/maven2/org/apache/maven/maven-parent/23/maven-parent-23.pom (32 KB at 935.9 KB/sec)
[INFO] Downloading: https://repo.maven.apache.org/maven2/org/apache/maven/plugins/maven-compiler-plugin/3.1/maven-compiler-plugin-3.1.jar
[INFO] Downloaded: https://repo.maven.apache.org/maven2/org/apache/maven/plugins/maven-compiler-plugin/3.1/maven-compiler-plugin-3.1.jar (42 KB at 932.1 KB/sec)
[INFO] Downloading: https://repo.maven.apache.org/maven2/org/apache/maven/plugins/maven-surefire-plugin/2.12.4/maven-surefire-plugin-2.12.4.pom
[INFO] Downloaded: https://repo.maven.apache.org/maven2/org/apache/maven/plugins/maven-surefire-plugin/2.12.4/maven-surefire-plugin-2.12.4.pom (11 KB at 378.9 KB/sec)
[INFO] Downloading: https://repo.maven.apache.org/maven2/org/apache/maven/surefire/surefire/2.12.4/surefire-2.12.4.pom
[INFO] Downloaded: https://repo.maven.apache.org/maven2/org/apache/maven/surefire/surefire/2.12.4/surefire-2.12.4.pom (14 KB at 345.3 KB/sec)
[INFO] Downloading: https://repo.maven.apache.org/maven2/org/apache/maven/plugins/maven-surefire-plugin/2.12.4/maven-surefire-plugin-2.12.4.jar
[INFO] Downloaded: https://repo.maven.apache.org/maven2/org/apache/maven/plugins/maven-surefire-plugin/2.12.4/maven-surefire-plugin-2.12.4.jar (30 KB at 371.9 KB/sec)
[INFO] Downloading: https://repo.maven.apache.org/maven2/org/apache/maven/plugins/maven-jar-plugin/2.4/maven-jar-plugin-2.4.pom
[INFO] Downloaded: https://repo.maven.apache.org/maven2/org/apache/maven/plugins/maven-jar-plugin/2.4/maven-jar-plugin-2.4.pom (6 KB at 219.1 KB/sec)
[INFO] Downloading: https://repo.maven.apache.org/maven2/org/apache/maven/plugins/maven-plugins/22/maven-plugins-22.pom
[INFO] Downloaded: https://repo.maven.apache.org/maven2/org/apache/maven/plugins/maven-plugins/22/maven-plugins-22.pom (13 KB at 363.8 KB/sec)
[INFO] Downloading: https://repo.maven.apache.org/maven2/org/apache/maven/plugins/maven-jar-plugin/2.4/maven-jar-plugin-2.4.jar
[INFO] Downloaded: https://repo.maven.apache.org/maven2/org/apache/maven/plugins/maven-jar-plugin/2.4/maven-jar-plugin-2.4.jar (34 KB at 898.0 KB/sec)
[INFO] Downloading: https://repo.maven.apache.org/maven2/org/apache/maven/plugins/maven-install-plugin/2.4/maven-install-plugin-2.4.pom
[INFO] Downloaded: https://repo.maven.apache.org/maven2/org/apache/maven/plugins/maven-install-plugin/2.4/maven-install-plugin-2.4.pom (7 KB at 222.6 KB/sec)
[INFO] Downloading: https://repo.maven.apache.org/maven2/org/apache/maven/plugins/maven-install-plugin/2.4/maven-install-plugin-2.4.jar
[INFO] Downloaded: https://repo.maven.apache.org/maven2/org/apache/maven/plugins/maven-install-plugin/2.4/maven-install-plugin-2.4.jar (27 KB at 598.2 KB/sec)
[INFO] Downloading: http://insecure.repo1.maven.org/maven2/io/reactivex/rxjava/1.0.14/rxjava-1.0.14.pom
[INFO] Downloaded: http://insecure.repo1.maven.org/maven2/io/reactivex/rxjava/1.0.14/rxjava-1.0.14.pom (3 KB at 3.4 KB/sec)
[INFO] Downloading: http://insecure.repo1.maven.org/maven2/io/reactivex/rxjava-string/0.22.0/rxjava-string-0.22.0.pom
[INFO] Downloaded: http://insecure.repo1.maven.org/maven2/io/reactivex/rxjava-string/0.22.0/rxjava-string-0.22.0.pom (3 KB at 5.9 KB/sec)
[INFO] Downloading: http://insecure.repo1.maven.org/maven2/io/reactivex/rxjava/1.0.0/rxjava-1.0.0.pom
[INFO] Downloaded: http://insecure.repo1.maven.org/maven2/io/reactivex/rxjava/1.0.0/rxjava-1.0.0.pom (3 KB at 1.7 KB/sec)
[INFO] Downloading: http://insecure.repo1.maven.org/maven2/io/reactivex/rxjava-math/1.0.0/rxjava-math-1.0.0.pom
[INFO] Downloaded: http://insecure.repo1.maven.org/maven2/io/reactivex/rxjava-math/1.0.0/rxjava-math-1.0.0.pom (3 KB at 6.9 KB/sec)
[INFO] Downloading: http://insecure.repo1.maven.org/maven2/io/reactivex/rxjava/1.0.1/rxjava-1.0.1.pom
[INFO] Downloaded: http://insecure.repo1.maven.org/maven2/io/reactivex/rxjava/1.0.1/rxjava-1.0.1.pom (3 KB at 5.6 KB/sec)
[INFO] Downloading: http://insecure.repo1.maven.org/maven2/com/github/davidmoten/rxjava-extras/0.5.13/rxjava-extras-0.5.13.pom
[INFO] Downloaded: http://insecure.repo1.maven.org/maven2/com/github/davidmoten/rxjava-extras/0.5.13/rxjava-extras-0.5.13.pom (9 KB at 40.0 KB/sec)
[INFO] Downloading: http://insecure.repo1.maven.org/maven2/io/reactivex/rxjava/1.0.12/rxjava-1.0.12.pom
[INFO] Downloaded: http://insecure.repo1.maven.org/maven2/io/reactivex/rxjava/1.0.12/rxjava-1.0.12.pom (3 KB at 1.7 KB/sec)
[INFO] Downloading: http://insecure.repo1.maven.org/maven2/org/slf4j/slf4j-api/1.7.10/slf4j-api-1.7.10.pom
[INFO] Downloaded: http://insecure.repo1.maven.org/maven2/org/slf4j/slf4j-api/1.7.10/slf4j-api-1.7.10.pom (3 KB at 12.4 KB/sec)
[INFO] Downloading: http://insecure.repo1.maven.org/maven2/org/slf4j/slf4j-parent/1.7.10/slf4j-parent-1.7.10.pom
[INFO] Downloaded: http://insecure.repo1.maven.org/maven2/org/slf4j/slf4j-parent/1.7.10/slf4j-parent-1.7.10.pom (13 KB at 499.6 KB/sec)
[INFO] Downloading: http://insecure.repo1.maven.org/maven2/com/zaxxer/HikariCP-java6/2.3.7/HikariCP-java6-2.3.7.pom
[INFO] Downloaded: http://insecure.repo1.maven.org/maven2/com/zaxxer/HikariCP-java6/2.3.7/HikariCP-java6-2.3.7.pom (10 KB at 13.9 KB/sec)
[INFO] Downloading: http://insecure.repo1.maven.org/maven2/com/zaxxer/HikariCP-parent/2.3.7/HikariCP-parent-2.3.7.pom
[INFO] Downloaded: http://insecure.repo1.maven.org/maven2/com/zaxxer/HikariCP-parent/2.3.7/HikariCP-parent-2.3.7.pom (9 KB at 55.0 KB/sec)
[INFO] Downloading: http://insecure.repo1.maven.org/maven2/org/javassist/javassist/3.19.0-GA/javassist-3.19.0-GA.pom
[INFO] Downloaded: http://insecure.repo1.maven.org/maven2/org/javassist/javassist/3.19.0-GA/javassist-3.19.0-GA.pom (10 KB at 407.0 KB/sec)
[INFO] Downloading: http://insecure.repo1.maven.org/maven2/junit/junit/4.12/junit-4.12.pom
[INFO] Downloaded: http://insecure.repo1.maven.org/maven2/junit/junit/4.12/junit-4.12.pom (24 KB at 14.1 KB/sec)
[INFO] Downloading: http://insecure.repo1.maven.org/maven2/org/hamcrest/hamcrest-core/1.3/hamcrest-core-1.3.pom
[INFO] Downloaded: http://insecure.repo1.maven.org/maven2/org/hamcrest/hamcrest-core/1.3/hamcrest-core-1.3.pom (766 B at 2.4 KB/sec)
[INFO] Downloading: http://insecure.repo1.maven.org/maven2/org/hamcrest/hamcrest-parent/1.3/hamcrest-parent-1.3.pom
[INFO] Downloaded: http://insecure.repo1.maven.org/maven2/org/hamcrest/hamcrest-parent/1.3/hamcrest-parent-1.3.pom (2 KB at 6.3 KB/sec)
[INFO] Downloading: http://insecure.repo1.maven.org/maven2/org/easymock/easymock/3.2/easymock-3.2.pom
[INFO] Downloaded: http://insecure.repo1.maven.org/maven2/org/easymock/easymock/3.2/easymock-3.2.pom (5 KB at 214.2 KB/sec)
[INFO] Downloading: http://insecure.repo1.maven.org/maven2/org/easymock/easymock-parent/3.2/easymock-parent-3.2.pom
[INFO] Downloaded: http://insecure.repo1.maven.org/maven2/org/easymock/easymock-parent/3.2/easymock-parent-3.2.pom (17 KB at 31.7 KB/sec)
[INFO] Downloading: http://insecure.repo1.maven.org/maven2/cglib/cglib-nodep/2.2.2/cglib-nodep-2.2.2.pom
[INFO] Downloaded: http://insecure.repo1.maven.org/maven2/cglib/cglib-nodep/2.2.2/cglib-nodep-2.2.2.pom (2 KB at 4.5 KB/sec)
[INFO] Downloading: http://insecure.repo1.maven.org/maven2/org/objenesis/objenesis/1.3/objenesis-1.3.pom
[INFO] Downloaded: http://insecure.repo1.maven.org/maven2/org/objenesis/objenesis/1.3/objenesis-1.3.pom (3 KB at 112.8 KB/sec)
[INFO] Downloading: http://insecure.repo1.maven.org/maven2/org/objenesis/objenesis-parent/1.3/objenesis-parent-1.3.pom
[INFO] Downloaded: http://insecure.repo1.maven.org/maven2/org/objenesis/objenesis-parent/1.3/objenesis-parent-1.3.pom (14 KB at 42.7 KB/sec)
[INFO] Downloading: http://insecure.repo1.maven.org/maven2/com/h2database/h2/1.4.178/h2-1.4.178.pom
[INFO] Downloaded: http://insecure.repo1.maven.org/maven2/com/h2database/h2/1.4.178/h2-1.4.178.pom (973 B at 15.6 KB/sec)
[INFO] Downloading: http://insecure.repo1.maven.org/maven2/org/slf4j/slf4j-log4j12/1.7.10/slf4j-log4j12-1.7.10.pom
[INFO] Downloaded: http://insecure.repo1.maven.org/maven2/org/slf4j/slf4j-log4j12/1.7.10/slf4j-log4j12-1.7.10.pom (2 KB at 1.3 KB/sec)
[INFO] Downloading: http://insecure.repo1.maven.org/maven2/log4j/log4j/1.2.17/log4j-1.2.17.pom
[INFO] Downloaded: http://insecure.repo1.maven.org/maven2/log4j/log4j/1.2.17/log4j-1.2.17.pom (22 KB at 15.6 KB/sec)
[INFO] Downloading: http://insecure.repo1.maven.org/maven2/org/mockito/mockito-core/1.9.5/mockito-core-1.9.5.pom
[INFO] Downloaded: http://insecure.repo1.maven.org/maven2/org/mockito/mockito-core/1.9.5/mockito-core-1.9.5.pom (2 KB at 1.2 KB/sec)
[INFO] Downloading: http://insecure.repo1.maven.org/maven2/org/hamcrest/hamcrest-core/1.1/hamcrest-core-1.1.pom
[INFO] Downloaded: http://insecure.repo1.maven.org/maven2/org/hamcrest/hamcrest-core/1.1/hamcrest-core-1.1.pom (481 B at 3.2 KB/sec)
[INFO] Downloading: http://insecure.repo1.maven.org/maven2/org/hamcrest/hamcrest-parent/1.1/hamcrest-parent-1.1.pom
[INFO] Downloaded: http://insecure.repo1.maven.org/maven2/org/hamcrest/hamcrest-parent/1.1/hamcrest-parent-1.1.pom (6 KB at 39.3 KB/sec)
[INFO] Downloading: http://insecure.repo1.maven.org/maven2/org/objenesis/objenesis/1.0/objenesis-1.0.pom
[INFO] Downloaded: http://insecure.repo1.maven.org/maven2/org/objenesis/objenesis/1.0/objenesis-1.0.pom (853 B at 3.6 KB/sec)
[INFO] Downloading: http://insecure.repo1.maven.org/maven2/simple-jndi/simple-jndi/0.11.4.1/simple-jndi-0.11.4.1.pom
[INFO] Downloaded: http://insecure.repo1.maven.org/maven2/simple-jndi/simple-jndi/0.11.4.1/simple-jndi-0.11.4.1.pom (5 KB at 139.3 KB/sec)
[INFO] Downloading: http://insecure.repo1.maven.org/maven2/org/apache/derby/derby/10.11.1.1/derby-10.11.1.1.pom
[INFO] Downloaded: http://insecure.repo1.maven.org/maven2/org/apache/derby/derby/10.11.1.1/derby-10.11.1.1.pom (3 KB at 10.4 KB/sec)
[INFO] Downloading: http://insecure.repo1.maven.org/maven2/org/apache/derby/derby-project/10.11.1.1/derby-project-10.11.1.1.pom
[INFO] Downloaded: http://insecure.repo1.maven.org/maven2/org/apache/derby/derby-project/10.11.1.1/derby-project-10.11.1.1.pom (6 KB at 14.5 KB/sec)
[INFO] Downloading: http://insecure.repo1.maven.org/maven2/org/openjdk/jmh/jmh-core/1.9.3/jmh-core-1.9.3.pom
[INFO] Downloaded: http://insecure.repo1.maven.org/maven2/org/openjdk/jmh/jmh-core/1.9.3/jmh-core-1.9.3.pom (10 KB at 17.9 KB/sec)
[INFO] Downloading: http://insecure.repo1.maven.org/maven2/org/openjdk/jmh/jmh-parent/1.9.3/jmh-parent-1.9.3.pom
[INFO] Downloaded: http://insecure.repo1.maven.org/maven2/org/openjdk/jmh/jmh-parent/1.9.3/jmh-parent-1.9.3.pom (6 KB at 18.2 KB/sec)
[INFO] Downloading: http://insecure.repo1.maven.org/maven2/net/sf/jopt-simple/jopt-simple/4.6/jopt-simple-4.6.pom
[INFO] Downloaded: http://insecure.repo1.maven.org/maven2/net/sf/jopt-simple/jopt-simple/4.6/jopt-simple-4.6.pom (12 KB at 24.3 KB/sec)
[INFO] Downloading: http://insecure.repo1.maven.org/maven2/org/apache/commons/commons-math3/3.2/commons-math3-3.2.pom
[INFO] Downloaded: http://insecure.repo1.maven.org/maven2/org/apache/commons/commons-math3/3.2/commons-math3-3.2.pom (18 KB at 48.4 KB/sec)
[INFO] Downloading: http://insecure.repo1.maven.org/maven2/org/apache/commons/commons-parent/28/commons-parent-28.pom
[INFO] Downloaded: http://insecure.repo1.maven.org/maven2/org/apache/commons/commons-parent/28/commons-parent-28.pom (49 KB at 94.9 KB/sec)
[INFO] Downloading: http://insecure.repo1.maven.org/maven2/org/openjdk/jmh/jmh-generator-annprocess/1.9.3/jmh-generator-annprocess-1.9.3.pom
[INFO] Downloaded: http://insecure.repo1.maven.org/maven2/org/openjdk/jmh/jmh-generator-annprocess/1.9.3/jmh-generator-annprocess-1.9.3.pom (4 KB at 1.9 KB/sec)
[INFO] Downloading: http://insecure.repo1.maven.org/maven2/com/github/davidmoten/junit-extras/0.3/junit-extras-0.3.pom
[INFO] Downloaded: http://insecure.repo1.maven.org/maven2/com/github/davidmoten/junit-extras/0.3/junit-extras-0.3.pom (7 KB at 18.7 KB/sec)
[INFO] Downloading: http://insecure.repo1.maven.org/maven2/io/reactivex/rxjava/1.0.14/rxjava-1.0.14.jar
[INFO] Downloading: http://insecure.repo1.maven.org/maven2/io/reactivex/rxjava-string/0.22.0/rxjava-string-0.22.0.jar
[INFO] Downloading: http://insecure.repo1.maven.org/maven2/io/reactivex/rxjava-math/1.0.0/rxjava-math-1.0.0.jar
[INFO] Downloading: http://insecure.repo1.maven.org/maven2/com/github/davidmoten/rxjava-extras/0.5.13/rxjava-extras-0.5.13.jar
[INFO] Downloading: http://insecure.repo1.maven.org/maven2/org/slf4j/slf4j-api/1.7.10/slf4j-api-1.7.10.jar
[INFO] Downloading: http://insecure.repo1.maven.org/maven2/org/javassist/javassist/3.19.0-GA/javassist-3.19.0-GA.jar
[INFO] Downloading: http://insecure.repo1.maven.org/maven2/com/zaxxer/HikariCP-java6/2.3.7/HikariCP-java6-2.3.7.jar
[INFO] Downloading: http://insecure.repo1.maven.org/maven2/junit/junit/4.12/junit-4.12.jar
[INFO] Downloading: http://insecure.repo1.maven.org/maven2/org/hamcrest/hamcrest-core/1.3/hamcrest-core-1.3.jar
[INFO] Downloading: http://insecure.repo1.maven.org/maven2/org/easymock/easymock/3.2/easymock-3.2.jar
[INFO] Downloading: http://insecure.repo1.maven.org/maven2/cglib/cglib-nodep/2.2.2/cglib-nodep-2.2.2.jar
[INFO] Downloaded: http://insecure.repo1.maven.org/maven2/cglib/cglib-nodep/2.2.2/cglib-nodep-2.2.2.jar (320 KB at 347.8 KB/sec)
[INFO] Downloading: http://insecure.repo1.maven.org/maven2/org/objenesis/objenesis/1.3/objenesis-1.3.jar
[INFO] Downloaded: http://insecure.repo1.maven.org/maven2/org/objenesis/objenesis/1.3/objenesis-1.3.jar (40 KB at 39.4 KB/sec)
[INFO] Downloading: http://insecure.repo1.maven.org/maven2/com/h2database/h2/1.4.178/h2-1.4.178.jar
[INFO] Downloaded: http://insecure.repo1.maven.org/maven2/com/github/davidmoten/rxjava-extras/0.5.13/rxjava-extras-0.5.13.jar (115 KB at 102.3 KB/sec)
[INFO] Downloading: http://insecure.repo1.maven.org/maven2/org/slf4j/slf4j-log4j12/1.7.10/slf4j-log4j12-1.7.10.jar
[INFO] Downloaded: http://insecure.repo1.maven.org/maven2/org/slf4j/slf4j-log4j12/1.7.10/slf4j-log4j12-1.7.10.jar (9 KB at 5.5 KB/sec)
[INFO] Downloading: http://insecure.repo1.maven.org/maven2/log4j/log4j/1.2.17/log4j-1.2.17.jar
[INFO] Downloaded: http://insecure.repo1.maven.org/maven2/junit/junit/4.12/junit-4.12.jar (308 KB at 193.4 KB/sec)
[INFO] Downloading: http://insecure.repo1.maven.org/maven2/org/mockito/mockito-core/1.9.5/mockito-core-1.9.5.jar
[WARNING] Could not validate integrity of download from http://insecure.repo1.maven.org/maven2/org/javassist/javassist/3.19.0-GA/javassist-3.19.0-GA.jar: Checksum validation failed, no checksums available
[WARNING] Checksum validation failed, no checksums available for http://insecure.repo1.maven.org/maven2/org/javassist/javassist/3.19.0-GA/javassist-3.19.0-GA.jar
[INFO] Downloaded: http://insecure.repo1.maven.org/maven2/org/javassist/javassist/3.19.0-GA/javassist-3.19.0-GA.jar (732 KB at 361.1 KB/sec)
[INFO] Downloading: http://insecure.repo1.maven.org/maven2/simple-jndi/simple-jndi/0.11.4.1/simple-jndi-0.11.4.1.jar
[INFO] Downloading: http://insecure.repo1.maven.org/maven2/org/apache/derby/derby/10.11.1.1/derby-10.11.1.1.jar
[INFO] Downloaded: http://insecure.repo1.maven.org/maven2/org/mockito/mockito-core/1.9.5/mockito-core-1.9.5.jar (1465 KB at 553.6 KB/sec)
[INFO] Downloading: http://insecure.repo1.maven.org/maven2/org/openjdk/jmh/jmh-core/1.9.3/jmh-core-1.9.3.jar
[INFO] Downloaded: http://insecure.repo1.maven.org/maven2/io/reactivex/rxjava/1.0.14/rxjava-1.0.14.jar (815 KB at 304.6 KB/sec)
[INFO] Downloading: http://insecure.repo1.maven.org/maven2/net/sf/jopt-simple/jopt-simple/4.6/jopt-simple-4.6.jar
[INFO] Downloaded: http://insecure.repo1.maven.org/maven2/net/sf/jopt-simple/jopt-simple/4.6/jopt-simple-4.6.jar (62 KB at 19.8 KB/sec)
[INFO] Downloading: http://insecure.repo1.maven.org/maven2/org/apache/commons/commons-math3/3.2/commons-math3-3.2.jar
[INFO] Downloaded: http://insecure.repo1.maven.org/maven2/com/h2database/h2/1.4.178/h2-1.4.178.jar (1625 KB at 481.1 KB/sec)
[INFO] Downloading: http://insecure.repo1.maven.org/maven2/org/openjdk/jmh/jmh-generator-annprocess/1.9.3/jmh-generator-annprocess-1.9.3.jar
[INFO] Downloaded: http://insecure.repo1.maven.org/maven2/org/openjdk/jmh/jmh-core/1.9.3/jmh-core-1.9.3.jar (431 KB at 125.3 KB/sec)
[INFO] Downloading: http://insecure.repo1.maven.org/maven2/com/github/davidmoten/junit-extras/0.3/junit-extras-0.3.jar
[INFO] Downloaded: http://insecure.repo1.maven.org/maven2/org/openjdk/jmh/jmh-generator-annprocess/1.9.3/jmh-generator-annprocess-1.9.3.jar (31 KB at 8.5 KB/sec)
[INFO] Downloaded: http://insecure.repo1.maven.org/maven2/log4j/log4j/1.2.17/log4j-1.2.17.jar (479 KB at 131.8 KB/sec)
[INFO] Downloaded: http://insecure.repo1.maven.org/maven2/com/github/davidmoten/junit-extras/0.3/junit-extras-0.3.jar (5 KB at 1.3 KB/sec)
[INFO] Downloaded: http://insecure.repo1.maven.org/maven2/org/apache/commons/commons-math3/3.2/commons-math3-3.2.jar (1654 KB at 273.6 KB/sec)
[INFO] Downloaded: http://insecure.repo1.maven.org/maven2/org/apache/derby/derby/10.11.1.1/derby-10.11.1.1.jar (3031 KB at 363.1 KB/sec)
[INFO] Downloading: https://oss.sonatype.org/content/repositories/releases/io/reactivex/rxjava-string/0.22.0/rxjava-string-0.22.0.jar
[INFO] Downloading: https://oss.sonatype.org/content/repositories/releases/io/reactivex/rxjava-math/1.0.0/rxjava-math-1.0.0.jar
[INFO] Downloading: https://oss.sonatype.org/content/repositories/releases/org/slf4j/slf4j-api/1.7.10/slf4j-api-1.7.10.jar
[INFO] Downloading: https://oss.sonatype.org/content/repositories/releases/com/zaxxer/HikariCP-java6/2.3.7/HikariCP-java6-2.3.7.jar
[INFO] Downloading: https://oss.sonatype.org/content/repositories/releases/org/hamcrest/hamcrest-core/1.3/hamcrest-core-1.3.jar
[INFO] Downloading: https://oss.sonatype.org/content/repositories/releases/org/easymock/easymock/3.2/easymock-3.2.jar
[INFO] Downloading: https://oss.sonatype.org/content/repositories/releases/simple-jndi/simple-jndi/0.11.4.1/simple-jndi-0.11.4.1.jar
[INFO] Downloading: https://repository.apache.org/releases/io/reactivex/rxjava-string/0.22.0/rxjava-string-0.22.0.jar
[INFO] Downloading: https://repository.apache.org/releases/io/reactivex/rxjava-math/1.0.0/rxjava-math-1.0.0.jar
[INFO] Downloading: https://repository.apache.org/releases/org/slf4j/slf4j-api/1.7.10/slf4j-api-1.7.10.jar
[INFO] Downloading: https://repository.apache.org/releases/com/zaxxer/HikariCP-java6/2.3.7/HikariCP-java6-2.3.7.jar
[INFO] Downloading: https://repository.apache.org/releases/org/hamcrest/hamcrest-core/1.3/hamcrest-core-1.3.jar
[INFO] Downloading: https://repository.apache.org/releases/org/easymock/easymock/3.2/easymock-3.2.jar
[INFO] Downloading: https://repository.apache.org/releases/simple-jndi/simple-jndi/0.11.4.1/simple-jndi-0.11.4.1.jar
[INFO] ------------------------------------------------------------------------
[INFO] BUILD FAILURE
[INFO] ------------------------------------------------------------------------
[INFO] Total time: 33.496 s
[INFO] Finished at: 2020-12-23T06:16:45+00:00
[INFO] Final Memory: 14M/367M
[INFO] ------------------------------------------------------------------------
[ERROR] Failed to execute goal on project rxjava-jdbc: Could not resolve dependencies for project com.github.davidmoten:rxjava-jdbc:jar:0.6.4-SNAPSHOT: The following artifacts could not be resolved: io.reactivex:rxjava-string:jar:0.22.0, io.reactivex:rxjava-math:jar:1.0.0, org.slf4j:slf4j-api:jar:1.7.10, com.zaxxer:HikariCP-java6:jar:2.3.7, org.hamcrest:hamcrest-core:jar:1.3, org.easymock:easymock:jar:3.2, simple-jndi:simple-jndi:jar:0.11.4.1: Could not transfer artifact io.reactivex:rxjava-string:jar:0.22.0 from/to central (http://insecure.repo1.maven.org/maven2): Failed to transfer file: http://insecure.repo1.maven.org/maven2/io/reactivex/rxjava-string/0.22.0/rxjava-string-0.22.0.jar. Return code is: 503 , ReasonPhrase:Service Unavailable. -> [Help 1]
[ERROR] 
[ERROR] To see the full stack trace of the errors, re-run Maven with the -e switch.
[ERROR] Re-run Maven using the -X switch to enable full debug logging.
[ERROR] 
[ERROR] For more information about the errors and possible solutions, please read the following articles:
[ERROR] [Help 1] http://cwiki.apache.org/confluence/display/MAVEN/DependencyResolutionException

[31;1mThe command "eval mvn install -Dhttps.protocols=TLSv1.2 -DskipTests=true -Dmaven.javadoc.skip=true -B -V " failed 3 times.[0m


travis_time:end:288086d0:start=1608704140906567638,finish=1608704206242907677,duration=65336340039[0K
[31;1mThe command "mvn install -Dhttps.protocols=TLSv1.2 -DskipTests=true -Dmaven.javadoc.skip=true -B -V" failed and exited with 1 during .[0m

Your build has been stopped.
