travis_fold:start:system_info[0K[33;1mBuild system information[0m
Build language: python
Build group: stable
Build dist: precise
Build id: ''
Job id: ''
[34m[1mBuild image provisioning date and time[0m
Thu Feb  5 15:09:33 UTC 2015
[34m[1mOperating System Details[0m
Distributor ID:	Ubuntu
Description:	Ubuntu 12.04.5 LTS
Release:	12.04
Codename:	precise
[34m[1mLinux Version[0m
3.13.0-29-generic
[34m[1mCookbooks Version[0m
a68419e https://github.com/travis-ci/travis-cookbooks/tree/a68419e
[34m[1mGCC version[0m
gcc (Ubuntu/Linaro 4.6.3-1ubuntu5) 4.6.3
Copyright (C) 2011 Free Software Foundation, Inc.
This is free software; see the source for copying conditions.  There is NO
warranty; not even for MERCHANTABILITY or FITNESS FOR A PARTICULAR PURPOSE.

[34m[1mLLVM version[0m
clang version 3.4 (tags/RELEASE_34/final)
Target: x86_64-unknown-linux-gnu
Thread model: posix
[34m[1mPre-installed Ruby versions[0m
ruby-1.9.3-p551
[34m[1mPre-installed Node.js versions[0m
v0.10.36
[34m[1mPre-installed Go versions[0m
1.4.1
[34m[1mRedis version[0m
redis-server 2.8.19
[34m[1mriak version[0m
2.0.2
[34m[1mMongoDB version[0m
MongoDB 2.4.12
[34m[1mCouchDB version[0m
couchdb 1.6.1
[34m[1mNeo4j version[0m
1.9.4
[34m[1mRabbitMQ Version[0m
3.4.3
[34m[1mElasticSearch version[0m
1.4.0
[34m[1mInstalled Sphinx versions[0m
2.0.10
2.1.9
2.2.6
[34m[1mDefault Sphinx version[0m
2.2.6
[34m[1mInstalled Firefox version[0m
firefox 31.0esr
[34m[1mPhantomJS version[0m
1.9.8
[34m[1mant -version[0m
Apache Ant(TM) version 1.8.2 compiled on December 3 2011
[34m[1mmvn -version[0m
Apache Maven 3.2.5 (12a6b3acb947671f09b81f49094c53f426d8cea1; 2014-12-14T17:29:23+00:00)
Maven home: /usr/local/maven
Java version: 1.7.0_76, vendor: Oracle Corporation
Java home: /usr/lib/jvm/java-7-oracle/jre
Default locale: en_US, platform encoding: ANSI_X3.4-1968
OS name: "linux", version: "3.13.0-29-generic", arch: "amd64", family: "unix"
travis_fold:end:system_info[0K
grep: /etc/apt/sources.list.d/*: No such file or directory
sed: cannot rename /etc/hosts: Device or resource busy
sed: cannot rename /etc/hosts: Device or resource busy
$ cd failed/NMGRL/pychron

[33;1mSetting environment variables from .travis.yml[0m
$ export CYTHON=0.20
$ export PATSY=0.2
$ export PANDAS=0.12
$ export COVERAGE=false
$ export PYTHON=2.7

travis_time:start:15e39364[0K$ source ~/virtualenv/python2.7/bin/activate

travis_time:end:15e39364:start=1608619226429284579,finish=1608619226438225180,duration=8940601[0K$ python --version
Python 2.7.9
$ pip --version
pip 6.0.7 from /home/travis/virtualenv/python2.7.9/lib/python2.7/site-packages (python 2.7)
travis_fold:start:before_install.1[0Ktravis_time:start:1094255e[0K$ wget http://repo.continuum.io/miniconda/Miniconda2-latest-Linux-x86_64.sh -O miniconda.sh
--2020-12-22 06:40:27--  http://repo.continuum.io/miniconda/Miniconda2-latest-Linux-x86_64.sh
Resolving repo.continuum.io (repo.continuum.io)... 104.18.200.79, 104.18.201.79, 2606:4700::6812:c94f, ...
Connecting to repo.continuum.io (repo.continuum.io)|104.18.200.79|:80... connected.
HTTP request sent, awaiting response... 301 Moved Permanently
Location: https://repo.anaconda.com/miniconda/Miniconda2-latest-Linux-x86_64.sh [following]
--2020-12-22 06:40:27--  https://repo.anaconda.com/miniconda/Miniconda2-latest-Linux-x86_64.sh
Resolving repo.anaconda.com (repo.anaconda.com)... 104.16.131.3, 104.16.130.3, 2606:4700::6810:8203, ...
Connecting to repo.anaconda.com (repo.anaconda.com)|104.16.131.3|:443... connected.
HTTP request sent, awaiting response... 200 OK
Length: 51093759 (49M) [application/x-sh]
Saving to: `miniconda.sh'

     0K .......... .......... .......... .......... ..........  0% 64.4M 1s
    50K .......... .......... .......... .......... ..........  0% 23.0M 1s
   100K .......... .......... .......... .......... ..........  0% 27.1M 2s
   150K .......... .......... .......... .......... ..........  0% 46.5M 1s
   200K .......... .......... .......... .......... ..........  0% 98.1M 1s
   250K .......... .......... .......... .......... ..........  0%  118M 1s
   300K .......... .......... .......... .......... ..........  0%  129M 1s
   350K .......... .......... .......... .......... ..........  0% 29.5M 1s
   400K .......... .......... .......... .......... ..........  0% 77.3M 1s
   450K .......... .......... .......... .......... ..........  1%  124M 1s
   500K .......... .......... .......... .......... ..........  1%  111M 1s
   550K .......... .......... .......... .......... ..........  1%  129M 1s
   600K .......... .......... .......... .......... ..........  1%  123M 1s
   650K .......... .......... .......... .......... ..........  1%  107M 1s
   700K .......... .......... .......... .......... ..........  1% 97.8M 1s
   750K .......... .......... .......... .......... ..........  1% 98.6M 1s
   800K .......... .......... .......... .......... ..........  1%  123M 1s
   850K .......... .......... .......... .......... ..........  1% 56.5M 1s
   900K .......... .......... .......... .......... ..........  1%  103M 1s
   950K .......... .......... .......... .......... ..........  2%  124M 1s
  1000K .......... .......... .......... .......... ..........  2%  125M 1s
  1050K .......... .......... .......... .......... ..........  2%  102M 1s
  1100K .......... .......... .......... .......... ..........  2% 80.0M 1s
  1150K .......... .......... .......... .......... ..........  2% 15.5M 1s
  1200K .......... .......... .......... .......... ..........  2%  129M 1s
  1250K .......... .......... .......... .......... ..........  2%  110M 1s
  1300K .......... .......... .......... .......... ..........  2% 88.1M 1s
  1350K .......... .......... .......... .......... ..........  2%  118M 1s
  1400K .......... .......... .......... .......... ..........  2%  134M 1s
  1450K .......... .......... .......... .......... ..........  3%  111M 1s
  1500K .......... .......... .......... .......... ..........  3%  116M 1s
  1550K .......... .......... .......... .......... ..........  3%  105M 1s
  1600K .......... .......... .......... .......... ..........  3%  113M 1s
  1650K .......... .......... .......... .......... ..........  3% 19.9M 1s
  1700K .......... .......... .......... .......... ..........  3%  110M 1s
  1750K .......... .......... .......... .......... ..........  3% 1.16M 2s
  1800K .......... .......... .......... .......... ..........  3%  133M 2s
  1850K .......... .......... .......... .......... ..........  3% 70.6M 2s
  1900K .......... .......... .......... .......... ..........  3% 69.8M 2s
  1950K .......... .......... .......... .......... ..........  4%  123M 2s
  2000K .......... .......... .......... .......... ..........  4% 48.4M 2s
  2050K .......... .......... .......... .......... ..........  4%  101M 2s
  2100K .......... .......... .......... .......... ..........  4% 98.5M 2s
  2150K .......... .......... .......... .......... ..........  4%  127M 2s
  2200K .......... .......... .......... .......... ..........  4%  150M 2s
  2250K .......... .......... .......... .......... ..........  4%  100M 2s
  2300K .......... .......... .......... .......... ..........  4% 55.3M 2s
  2350K .......... .......... .......... .......... ..........  4% 92.7M 1s
  2400K .......... .......... .......... .......... ..........  4%  135M 1s
  2450K .......... .......... .......... .......... ..........  5% 46.8M 1s
  2500K .......... .......... .......... .......... ..........  5% 97.9M 1s
  2550K .......... .......... .......... .......... ..........  5%  115M 1s
  2600K .......... .......... .......... .......... ..........  5% 96.0M 1s
  2650K .......... .......... .......... .......... ..........  5% 41.2M 1s
  2700K .......... .......... .......... .......... ..........  5% 90.9M 1s
  2750K .......... .......... .......... .......... ..........  5%  148M 1s
  2800K .......... .......... .......... .......... ..........  5% 10.3M 1s
  2850K .......... .......... .......... .......... ..........  5%  128M 1s
  2900K .......... .......... .......... .......... ..........  5% 94.5M 1s
  2950K .......... .......... .......... .......... ..........  6% 34.4M 1s
  3000K .......... .......... .......... .......... ..........  6%  124M 1s
  3050K .......... .......... .......... .......... ..........  6%  122M 1s
  3100K .......... .......... .......... .......... ..........  6%  106M 1s
  3150K .......... .......... .......... .......... ..........  6% 27.3M 1s
  3200K .......... .......... .......... .......... ..........  6%  109M 1s
  3250K .......... .......... .......... .......... ..........  6%  126M 1s
  3300K .......... .......... .......... .......... ..........  6% 86.3M 1s
  3350K .......... .......... .......... .......... ..........  6%  133M 1s
  3400K .......... .......... .......... .......... ..........  6%  114M 1s
  3450K .......... .......... .......... .......... ..........  7%  110M 1s
  3500K .......... .......... .......... .......... ..........  7%  119M 1s
  3550K .......... .......... .......... .......... ..........  7% 99.1M 1s
  3600K .......... .......... .......... .......... ..........  7%  120M 1s
  3650K .......... .......... .......... .......... ..........  7%  124M 1s
  3700K .......... .......... .......... .......... ..........  7% 98.0M 1s
  3750K .......... .......... .......... .......... ..........  7%  128M 1s
  3800K .......... .......... .......... .......... ..........  7% 1.07M 2s
  3850K .......... .......... .......... .......... ..........  7%  129M 2s
  3900K .......... .......... .......... .......... ..........  7% 80.1M 2s
  3950K .......... .......... .......... .......... ..........  8%  109M 2s
  4000K .......... .......... .......... .......... ..........  8%  125M 2s
  4050K .......... .......... .......... .......... ..........  8%  139M 2s
  4100K .......... .......... .......... .......... ..........  8%  105M 2s
  4150K .......... .......... .......... .......... ..........  8%  124M 2s
  4200K .......... .......... .......... .......... ..........  8%  118M 2s
  4250K .......... .......... .......... .......... ..........  8%  111M 2s
  4300K .......... .......... .......... .......... ..........  8% 39.6M 2s
  4350K .......... .......... .......... .......... ..........  8% 89.7M 2s
  4400K .......... .......... .......... .......... ..........  8%  117M 2s
  4450K .......... .......... .......... .......... ..........  9% 48.2M 1s
  4500K .......... .......... .......... .......... ..........  9%  104M 1s
  4550K .......... .......... .......... .......... ..........  9%  107M 1s
  4600K .......... .......... .......... .......... ..........  9% 98.9M 1s
  4650K .......... .......... .......... .......... ..........  9%  139M 1s
  4700K .......... .......... .......... .......... ..........  9% 10.2M 1s
  4750K .......... .......... .......... .......... ..........  9%  118M 1s
  4800K .......... .......... .......... .......... ..........  9%  108M 1s
  4850K .......... .......... .......... .......... ..........  9%  115M 1s
  4900K .......... .......... .......... .......... ..........  9%  105M 1s
  4950K .......... .......... .......... .......... .......... 10%  135M 1s
  5000K .......... .......... .......... .......... .......... 10%  118M 1s
  5050K .......... .......... .......... .......... .......... 10%  116M 1s
  5100K .......... .......... .......... .......... .......... 10%  101M 1s
  5150K .......... .......... .......... .......... .......... 10%  106M 1s
  5200K .......... .......... .......... .......... .......... 10%  128M 1s
  5250K .......... .......... .......... .......... .......... 10%  103M 1s
  5300K .......... .......... .......... .......... .......... 10%  114M 1s
  5350K .......... .......... .......... .......... .......... 10%  115M 1s
  5400K .......... .......... .......... .......... .......... 10%  121M 1s
  5450K .......... .......... .......... .......... .......... 11%  116M 1s
  5500K .......... .......... .......... .......... .......... 11% 93.7M 1s
  5550K .......... .......... .......... .......... .......... 11%  121M 1s
  5600K .......... .......... .......... .......... .......... 11%  110M 1s
  5650K .......... .......... .......... .......... .......... 11%  132M 1s
  5700K .......... .......... .......... .......... .......... 11% 45.8M 1s
  5750K .......... .......... .......... .......... .......... 11%  117M 1s
  5800K .......... .......... .......... .......... .......... 11%  117M 1s
  5850K .......... .......... .......... .......... .......... 11% 1.17M 2s
  5900K .......... .......... .......... .......... .......... 11% 40.3M 2s
  5950K .......... .......... .......... .......... .......... 12%  102M 2s
  6000K .......... .......... .......... .......... .......... 12% 62.2M 2s
  6050K .......... .......... .......... .......... .......... 12% 9.77M 2s
  6100K .......... .......... .......... .......... .......... 12%  106M 2s
  6150K .......... .......... .......... .......... .......... 12%  137M 2s
  6200K .......... .......... .......... .......... .......... 12%  109M 2s
  6250K .......... .......... .......... .......... .......... 12%  102M 1s
  6300K .......... .......... .......... .......... .......... 12% 99.3M 1s
  6350K .......... .......... .......... .......... .......... 12%  127M 1s
  6400K .......... .......... .......... .......... .......... 12%  134M 1s
  6450K .......... .......... .......... .......... .......... 13%  128M 1s
  6500K .......... .......... .......... .......... .......... 13% 71.9M 1s
  6550K .......... .......... .......... .......... .......... 13%  149M 1s
  6600K .......... .......... .......... .......... .......... 13%  151M 1s
  6650K .......... .......... .......... .......... .......... 13% 44.6M 1s
  6700K .......... .......... .......... .......... .......... 13% 99.7M 1s
  6750K .......... .......... .......... .......... .......... 13% 81.8M 1s
  6800K .......... .......... .......... .......... .......... 13% 47.4M 1s
  6850K .......... .......... .......... .......... .......... 13% 5.59M 1s
  6900K .......... .......... .......... .......... .......... 13% 80.6M 1s
  6950K .......... .......... .......... .......... .......... 14%  124M 1s
  7000K .......... .......... .......... .......... .......... 14%  142M 1s
  7050K .......... .......... .......... .......... .......... 14% 10.7M 1s
  7100K .......... .......... .......... .......... .......... 14% 90.2M 1s
  7150K .......... .......... .......... .......... .......... 14% 88.6M 1s
  7200K .......... .......... .......... .......... .......... 14%  103M 1s
  7250K .......... .......... .......... .......... .......... 14% 9.97M 1s
  7300K .......... .......... .......... .......... .......... 14% 87.0M 1s
  7350K .......... .......... .......... .......... .......... 14%  102M 1s
  7400K .......... .......... .......... .......... .......... 14%  147M 1s
  7450K .......... .......... .......... .......... .......... 15%  153M 1s
  7500K .......... .......... .......... .......... .......... 15% 1.42M 2s
  7550K .......... .......... .......... .......... .......... 15% 14.6M 2s
  7600K .......... .......... .......... .......... .......... 15%  134M 2s
  7650K .......... .......... .......... .......... .......... 15% 80.4M 2s
  7700K .......... .......... .......... .......... .......... 15% 90.7M 2s
  7750K .......... .......... .......... .......... .......... 15%  123M 2s
  7800K .......... .......... .......... .......... .......... 15%  154M 2s
  7850K .......... .......... .......... .......... .......... 15%  147M 2s
  7900K .......... .......... .......... .......... .......... 15% 96.4M 2s
  7950K .......... .......... .......... .......... .......... 16% 89.4M 1s
  8000K .......... .......... .......... .......... .......... 16%  140M 1s
  8050K .......... .......... .......... .......... .......... 16%  113M 1s
  8100K .......... .......... .......... .......... .......... 16%  127M 1s
  8150K .......... .......... .......... .......... .......... 16%  136M 1s
  8200K .......... .......... .......... .......... .......... 16% 65.6M 1s
  8250K .......... .......... .......... .......... .......... 16% 13.3M 1s
  8300K .......... .......... .......... .......... .......... 16% 11.2M 1s
  8350K .......... .......... .......... .......... .......... 16%  117M 1s
  8400K .......... .......... .......... .......... .......... 16%  112M 1s
  8450K .......... .......... .......... .......... .......... 17%  126M 1s
  8500K .......... .......... .......... .......... .......... 17% 23.9M 1s
  8550K .......... .......... .......... .......... .......... 17% 34.1M 1s
  8600K .......... .......... .......... .......... .......... 17% 23.3M 1s
  8650K .......... .......... .......... .......... .......... 17% 12.3M 1s
  8700K .......... .......... .......... .......... .......... 17% 37.6M 1s
  8750K .......... .......... .......... .......... .......... 17% 7.60M 1s
  8800K .......... .......... .......... .......... .......... 17%  113M 1s
  8850K .......... .......... .......... .......... .......... 17%  143M 1s
  8900K .......... .......... .......... .......... .......... 17%  109M 1s
  8950K .......... .......... .......... .......... .......... 18%  101M 1s
  9000K .......... .......... .......... .......... .......... 18%  110M 1s
  9050K .......... .......... .......... .......... .......... 18% 53.2M 1s
  9100K .......... .......... .......... .......... .......... 18% 25.2M 1s
  9150K .......... .......... .......... .......... .......... 18% 37.1M 1s
  9200K .......... .......... .......... .......... .......... 18% 24.9M 1s
  9250K .......... .......... .......... .......... .......... 18% 9.05M 1s
  9300K .......... .......... .......... .......... .......... 18%  106M 1s
  9350K .......... .......... .......... .......... .......... 18% 81.1M 1s
  9400K .......... .......... .......... .......... .......... 18% 68.7M 1s
  9450K .......... .......... .......... .......... .......... 19% 72.0M 1s
  9500K .......... .......... .......... .......... .......... 19% 20.3M 1s
  9550K .......... .......... .......... .......... .......... 19% 9.50M 1s
  9600K .......... .......... .......... .......... .......... 19%  109M 1s
  9650K .......... .......... .......... .......... .......... 19%  110M 1s
  9700K .......... .......... .......... .......... .......... 19% 48.8M 1s
  9750K .......... .......... .......... .......... .......... 19% 6.66M 1s
  9800K .......... .......... .......... .......... .......... 19%  120M 1s
  9850K .......... .......... .......... .......... .......... 19% 9.90M 1s
  9900K .......... .......... .......... .......... .......... 19% 61.6M 1s
  9950K .......... .......... .......... .......... .......... 20% 92.7M 1s
 10000K .......... .......... .......... .......... .......... 20%  158M 1s
 10050K .......... .......... .......... .......... .......... 20% 24.1M 1s
 10100K .......... .......... .......... .......... .......... 20% 71.1M 1s
 10150K .......... .......... .......... .......... .......... 20% 9.55M 1s
 10200K .......... .......... .......... .......... .......... 20% 88.2M 1s
 10250K .......... .......... .......... .......... .......... 20%  128M 1s
 10300K .......... .......... .......... .......... .......... 20% 4.49M 1s
 10350K .......... .......... .......... .......... .......... 20%  109M 1s
 10400K .......... .......... .......... .......... .......... 20%  122M 1s
 10450K .......... .......... .......... .......... .......... 21% 82.7M 1s
 10500K .......... .......... .......... .......... .......... 21% 65.4M 1s
 10550K .......... .......... .......... .......... .......... 21% 99.6M 1s
 10600K .......... .......... .......... .......... .......... 21%  146M 1s
 10650K .......... .......... .......... .......... .......... 21% 84.1M 1s
 10700K .......... .......... .......... .......... .......... 21% 15.7M 1s
 10750K .......... .......... .......... .......... .......... 21%  116M 1s
 10800K .......... .......... .......... .......... .......... 21% 23.1M 1s
 10850K .......... .......... .......... .......... .......... 21% 14.1M 1s
 10900K .......... .......... .......... .......... .......... 21%  104M 1s
 10950K .......... .......... .......... .......... .......... 22% 20.7M 1s
 11000K .......... .......... .......... .......... .......... 22%  106M 1s
 11050K .......... .......... .......... .......... .......... 22%  107M 1s
 11100K .......... .......... .......... .......... .......... 22% 55.8M 1s
 11150K .......... .......... .......... .......... .......... 22% 34.4M 1s
 11200K .......... .......... .......... .......... .......... 22% 42.0M 1s
 11250K .......... .......... .......... .......... .......... 22% 24.8M 1s
 11300K .......... .......... .......... .......... .......... 22% 35.3M 1s
 11350K .......... .......... .......... .......... .......... 22% 22.5M 1s
 11400K .......... .......... .......... .......... .......... 22% 36.6M 1s
 11450K .......... .......... .......... .......... .......... 23% 19.8M 1s
 11500K .......... .......... .......... .......... .......... 23% 22.6M 1s
 11550K .......... .......... .......... .......... .......... 23% 36.6M 1s
 11600K .......... .......... .......... .......... .......... 23% 19.6M 1s
 11650K .......... .......... .......... .......... .......... 23% 46.3M 1s
 11700K .......... .......... .......... .......... .......... 23% 18.1M 1s
 11750K .......... .......... .......... .......... .......... 23% 21.0M 1s
 11800K .......... .......... .......... .......... .......... 23% 9.57M 1s
 11850K .......... .......... .......... .......... .......... 23%  117M 1s
 11900K .......... .......... .......... .......... .......... 23% 87.9M 1s
 11950K .......... .......... .......... .......... .......... 24%  103M 1s
 12000K .......... .......... .......... .......... .......... 24% 41.4M 1s
 12050K .......... .......... .......... .......... .......... 24% 12.6M 1s
 12100K .......... .......... .......... .......... .......... 24%  113M 1s
 12150K .......... .......... .......... .......... .......... 24% 60.3M 1s
 12200K .......... .......... .......... .......... .......... 24% 40.0M 1s
 12250K .......... .......... .......... .......... .......... 24% 14.4M 1s
 12300K .......... .......... .......... .......... .......... 24% 68.3M 1s
 12350K .......... .......... .......... .......... .......... 24% 39.3M 1s
 12400K .......... .......... .......... .......... .......... 24% 9.42M 1s
 12450K .......... .......... .......... .......... .......... 25%  119M 1s
 12500K .......... .......... .......... .......... .......... 25% 13.8M 1s
 12550K .......... .......... .......... .......... .......... 25% 75.2M 1s
 12600K .......... .......... .......... .......... .......... 25%  115M 1s
 12650K .......... .......... .......... .......... .......... 25% 17.5M 1s
 12700K .......... .......... .......... .......... .......... 25% 14.8M 1s
 12750K .......... .......... .......... .......... .......... 25% 97.2M 1s
 12800K .......... .......... .......... .......... .......... 25% 81.4M 1s
 12850K .......... .......... .......... .......... .......... 25% 17.1M 1s
 12900K .......... .......... .......... .......... .......... 25%  103M 1s
 12950K .......... .......... .......... .......... .......... 26% 48.6M 1s
 13000K .......... .......... .......... .......... .......... 26% 49.6M 1s
 13050K .......... .......... .......... .......... .......... 26% 10.5M 1s
 13100K .......... .......... .......... .......... .......... 26% 91.1M 1s
 13150K .......... .......... .......... .......... .......... 26% 66.6M 1s
 13200K .......... .......... .......... .......... .......... 26% 8.92M 1s
 13250K .......... .......... .......... .......... .......... 26%  102M 1s
 13300K .......... .......... .......... .......... .......... 26%  113M 1s
 13350K .......... .......... .......... .......... .......... 26% 94.8M 1s
 13400K .......... .......... .......... .......... .......... 26% 25.8M 1s
 13450K .......... .......... .......... .......... .......... 27% 35.5M 1s
 13500K .......... .......... .......... .......... .......... 27% 7.05M 1s
 13550K .......... .......... .......... .......... .......... 27% 93.7M 1s
 13600K .......... .......... .......... .......... .......... 27% 79.1M 1s
 13650K .......... .......... .......... .......... .......... 27% 7.38M 1s
 13700K .......... .......... .......... .......... .......... 27% 79.4M 1s
 13750K .......... .......... .......... .......... .......... 27%  110M 1s
 13800K .......... .......... .......... .......... .......... 27% 35.8M 1s
 13850K .......... .......... .......... .......... .......... 27% 23.2M 1s
 13900K .......... .......... .......... .......... .......... 27% 63.9M 1s
 13950K .......... .......... .......... .......... .......... 28% 99.3M 1s
 14000K .......... .......... .......... .......... .......... 28%  160M 1s
 14050K .......... .......... .......... .......... .......... 28% 30.3M 1s
 14100K .......... .......... .......... .......... .......... 28% 70.4M 1s
 14150K .......... .......... .......... .......... .......... 28% 19.0M 1s
 14200K .......... .......... .......... .......... .......... 28% 15.3M 1s
 14250K .......... .......... .......... .......... .......... 28% 9.65M 1s
 14300K .......... .......... .......... .......... .......... 28% 59.5M 1s
 14350K .......... .......... .......... .......... .......... 28% 31.8M 1s
 14400K .......... .......... .......... .......... .......... 28%  125M 1s
 14450K .......... .......... .......... .......... .......... 29%  134M 1s
 14500K .......... .......... .......... .......... .......... 29% 70.7M 1s
 14550K .......... .......... .......... .......... .......... 29% 10.6M 1s
 14600K .......... .......... .......... .......... .......... 29%  117M 1s
 14650K .......... .......... .......... .......... .......... 29% 25.1M 1s
 14700K .......... .......... .......... .......... .......... 29% 68.9M 1s
 14750K .......... .......... .......... .......... .......... 29%  136M 1s
 14800K .......... .......... .......... .......... .......... 29% 13.4M 1s
 14850K .......... .......... .......... .......... .......... 29% 58.4M 1s
 14900K .......... .......... .......... .......... .......... 29% 23.9M 1s
 14950K .......... .......... .......... .......... .......... 30% 83.4M 1s
 15000K .......... .......... .......... .......... .......... 30% 5.67M 1s
 15050K .......... .......... .......... .......... .......... 30% 78.2M 1s
 15100K .......... .......... .......... .......... .......... 30% 95.1M 1s
 15150K .......... .......... .......... .......... .......... 30%  109M 1s
 15200K .......... .......... .......... .......... .......... 30%  107M 1s
 15250K .......... .......... .......... .......... .......... 30%  109M 1s
 15300K .......... .......... .......... .......... .......... 30%  115M 1s
 15350K .......... .......... .......... .......... .......... 30% 18.4M 1s
 15400K .......... .......... .......... .......... .......... 30% 29.5M 1s
 15450K .......... .......... .......... .......... .......... 31% 5.29M 1s
 15500K .......... .......... .......... .......... .......... 31% 97.6M 1s
 15550K .......... .......... .......... .......... .......... 31%  104M 1s
 15600K .......... .......... .......... .......... .......... 31% 97.5M 1s
 15650K .......... .......... .......... .......... .......... 31% 28.4M 1s
 15700K .......... .......... .......... .......... .......... 31% 89.8M 1s
 15750K .......... .......... .......... .......... .......... 31%  113M 1s
 15800K .......... .......... .......... .......... .......... 31% 18.2M 1s
 15850K .......... .......... .......... .......... .......... 31% 26.8M 1s
 15900K .......... .......... .......... .......... .......... 31% 22.2M 1s
 15950K .......... .......... .......... .......... .......... 32% 15.0M 1s
 16000K .......... .......... .......... .......... .......... 32%  111M 1s
 16050K .......... .......... .......... .......... .......... 32% 68.7M 1s
 16100K .......... .......... .......... .......... .......... 32% 22.6M 1s
 16150K .......... .......... .......... .......... .......... 32% 58.6M 1s
 16200K .......... .......... .......... .......... .......... 32%  134M 1s
 16250K .......... .......... .......... .......... .......... 32% 8.15M 1s
 16300K .......... .......... .......... .......... .......... 32% 13.3M 1s
 16350K .......... .......... .......... .......... .......... 32% 74.4M 1s
 16400K .......... .......... .......... .......... .......... 32%  102M 1s
 16450K .......... .......... .......... .......... .......... 33% 46.2M 1s
 16500K .......... .......... .......... .......... .......... 33% 27.6M 1s
 16550K .......... .......... .......... .......... .......... 33% 52.6M 1s
 16600K .......... .......... .......... .......... .......... 33% 17.0M 1s
 16650K .......... .......... .......... .......... .......... 33% 32.6M 1s
 16700K .......... .......... .......... .......... .......... 33% 59.3M 1s
 16750K .......... .......... .......... .......... .......... 33% 19.0M 1s
 16800K .......... .......... .......... .......... .......... 33% 22.7M 1s
 16850K .......... .......... .......... .......... .......... 33% 21.6M 1s
 16900K .......... .......... .......... .......... .......... 33% 69.5M 1s
 16950K .......... .......... .......... .......... .......... 34% 16.7M 1s
 17000K .......... .......... .......... .......... .......... 34%  108M 1s
 17050K .......... .......... .......... .......... .......... 34% 10.5M 1s
 17100K .......... .......... .......... .......... .......... 34% 90.0M 1s
 17150K .......... .......... .......... .......... .......... 34% 15.5M 1s
 17200K .......... .......... .......... .......... .......... 34% 14.2M 1s
 17250K .......... .......... .......... .......... .......... 34% 12.5M 1s
 17300K .......... .......... .......... .......... .......... 34% 76.5M 1s
 17350K .......... .......... .......... .......... .......... 34% 88.5M 1s
 17400K .......... .......... .......... .......... .......... 34%  100M 1s
 17450K .......... .......... .......... .......... .......... 35%  132M 1s
 17500K .......... .......... .......... .......... .......... 35%  122M 1s
 17550K .......... .......... .......... .......... .......... 35% 5.90M 1s
 17600K .......... .......... .......... .......... .......... 35%  116M 1s
 17650K .......... .......... .......... .......... .......... 35%  131M 1s
 17700K .......... .......... .......... .......... .......... 35%  124M 1s
 17750K .......... .......... .......... .......... .......... 35% 87.9M 1s
 17800K .......... .......... .......... .......... .......... 35%  117M 1s
 17850K .......... .......... .......... .......... .......... 35%  130M 1s
 17900K .......... .......... .......... .......... .......... 35% 10.2M 1s
 17950K .......... .......... .......... .......... .......... 36%  102M 1s
 18000K .......... .......... .......... .......... .......... 36%  101M 1s
 18050K .......... .......... .......... .......... .......... 36% 22.1M 1s
 18100K .......... .......... .......... .......... .......... 36%  114M 1s
 18150K .......... .......... .......... .......... .......... 36%  132M 1s
 18200K .......... .......... .......... .......... .......... 36% 16.8M 1s
 18250K .......... .......... .......... .......... .......... 36%  121M 1s
 18300K .......... .......... .......... .......... .......... 36% 3.28M 1s
 18350K .......... .......... .......... .......... .......... 36% 86.2M 1s
 18400K .......... .......... .......... .......... .......... 36% 87.7M 1s
 18450K .......... .......... .......... .......... .......... 37%  120M 1s
 18500K .......... .......... .......... .......... .......... 37%  115M 1s
 18550K .......... .......... .......... .......... .......... 37%  124M 1s
 18600K .......... .......... .......... .......... .......... 37%  125M 1s
 18650K .......... .......... .......... .......... .......... 37%  126M 1s
 18700K .......... .......... .......... .......... .......... 37% 18.9M 1s
 18750K .......... .......... .......... .......... .......... 37% 10.4M 1s
 18800K .......... .......... .......... .......... .......... 37%  119M 1s
 18850K .......... .......... .......... .......... .......... 37%  138M 1s
 18900K .......... .......... .......... .......... .......... 37% 19.3M 1s
 18950K .......... .......... .......... .......... .......... 38%  113M 1s
 19000K .......... .......... .......... .......... .......... 38%  105M 1s
 19050K .......... .......... .......... .......... .......... 38% 32.7M 1s
 19100K .......... .......... .......... .......... .......... 38% 46.6M 1s
 19150K .......... .......... .......... .......... .......... 38% 10.6M 1s
 19200K .......... .......... .......... .......... .......... 38% 61.9M 1s
 19250K .......... .......... .......... .......... .......... 38% 16.3M 1s
 19300K .......... .......... .......... .......... .......... 38%  101M 1s
 19350K .......... .......... .......... .......... .......... 38%  139M 1s
 19400K .......... .......... .......... .......... .......... 38%  109M 1s
 19450K .......... .......... .......... .......... .......... 39% 22.7M 1s
 19500K .......... .......... .......... .......... .......... 39% 23.4M 1s
 19550K .......... .......... .......... .......... .......... 39% 5.14M 1s
 19600K .......... .......... .......... .......... .......... 39%  112M 1s
 19650K .......... .......... .......... .......... .......... 39%  109M 1s
 19700K .......... .......... .......... .......... .......... 39% 96.5M 1s
 19750K .......... .......... .......... .......... .......... 39%  130M 1s
 19800K .......... .......... .......... .......... .......... 39%  143M 1s
 19850K .......... .......... .......... .......... .......... 39% 94.0M 1s
 19900K .......... .......... .......... .......... .......... 39% 35.6M 1s
 19950K .......... .......... .......... .......... .......... 40% 36.0M 1s
 20000K .......... .......... .......... .......... .......... 40%  114M 1s
 20050K .......... .......... .......... .......... .......... 40% 16.4M 1s
 20100K .......... .......... .......... .......... .......... 40% 76.0M 1s
 20150K .......... .......... .......... .......... .......... 40% 23.7M 1s
 20200K .......... .......... .......... .......... .......... 40% 41.7M 1s
 20250K .......... .......... .......... .......... .......... 40% 30.6M 1s
 20300K .......... .......... .......... .......... .......... 40% 3.51M 1s
 20350K .......... .......... .......... .......... .......... 40%  117M 1s
 20400K .......... .......... .......... .......... .......... 40%  133M 1s
 20450K .......... .......... .......... .......... .......... 41%  132M 1s
 20500K .......... .......... .......... .......... .......... 41% 86.3M 1s
 20550K .......... .......... .......... .......... .......... 41% 67.6M 1s
 20600K .......... .......... .......... .......... .......... 41%  111M 1s
 20650K .......... .......... .......... .......... .......... 41% 7.91M 1s
 20700K .......... .......... .......... .......... .......... 41% 84.9M 1s
 20750K .......... .......... .......... .......... .......... 41%  133M 1s
 20800K .......... .......... .......... .......... .......... 41%  132M 1s
 20850K .......... .......... .......... .......... .......... 41% 20.8M 1s
 20900K .......... .......... .......... .......... .......... 41% 80.0M 1s
 20950K .......... .......... .......... .......... .......... 42%  109M 1s
 21000K .......... .......... .......... .......... .......... 42%  112M 1s
 21050K .......... .......... .......... .......... .......... 42% 20.0M 1s
 21100K .......... .......... .......... .......... .......... 42% 33.9M 1s
 21150K .......... .......... .......... .......... .......... 42% 3.36M 1s
 21200K .......... .......... .......... .......... .......... 42%  116M 1s
 21250K .......... .......... .......... .......... .......... 42%  108M 1s
 21300K .......... .......... .......... .......... .......... 42%  112M 1s
 21350K .......... .......... .......... .......... .......... 42%  134M 1s
 21400K .......... .......... .......... .......... .......... 42% 97.2M 1s
 21450K .......... .......... .......... .......... .......... 43% 80.4M 1s
 21500K .......... .......... .......... .......... .......... 43%  100M 1s
 21550K .......... .......... .......... .......... .......... 43%  120M 1s
 21600K .......... .......... .......... .......... .......... 43% 81.9M 1s
 21650K .......... .......... .......... .......... .......... 43%  109M 1s
 21700K .......... .......... .......... .......... .......... 43% 38.5M 1s
 21750K .......... .......... .......... .......... .......... 43% 27.5M 1s
 21800K .......... .......... .......... .......... .......... 43% 35.6M 1s
 21850K .......... .......... .......... .......... .......... 43% 41.5M 1s
 21900K .......... .......... .......... .......... .......... 43% 25.1M 1s
 21950K .......... .......... .......... .......... .......... 44% 47.3M 1s
 22000K .......... .......... .......... .......... .......... 44% 5.68M 1s
 22050K .......... .......... .......... .......... .......... 44% 57.5M 1s
 22100K .......... .......... .......... .......... .......... 44% 11.3M 1s
 22150K .......... .......... .......... .......... .......... 44% 76.7M 1s
 22200K .......... .......... .......... .......... .......... 44%  123M 1s
 22250K .......... .......... .......... .......... .......... 44%  119M 1s
 22300K .......... .......... .......... .......... .......... 44%  114M 1s
 22350K .......... .......... .......... .......... .......... 44% 27.2M 1s
 22400K .......... .......... .......... .......... .......... 44% 17.5M 1s
 22450K .......... .......... .......... .......... .......... 45% 41.9M 1s
 22500K .......... .......... .......... .......... .......... 45% 7.94M 1s
 22550K .......... .......... .......... .......... .......... 45%  120M 1s
 22600K .......... .......... .......... .......... .......... 45% 89.9M 1s
 22650K .......... .......... .......... .......... .......... 45% 19.6M 1s
 22700K .......... .......... .......... .......... .......... 45% 62.8M 1s
 22750K .......... .......... .......... .......... .......... 45%  139M 1s
 22800K .......... .......... .......... .......... .......... 45% 37.7M 1s
 22850K .......... .......... .......... .......... .......... 45% 24.4M 1s
 22900K .......... .......... .......... .......... .......... 45% 4.93M 1s
 22950K .......... .......... .......... .......... .......... 46% 22.2M 1s
 23000K .......... .......... .......... .......... .......... 46% 20.7M 1s
 23050K .......... .......... .......... .......... .......... 46% 76.1M 1s
 23100K .......... .......... .......... .......... .......... 46% 93.6M 1s
 23150K .......... .......... .......... .......... .......... 46%  120M 1s
 23200K .......... .......... .......... .......... .......... 46% 25.5M 1s
 23250K .......... .......... .......... .......... .......... 46%  107M 1s
 23300K .......... .......... .......... .......... .......... 46% 81.2M 1s
 23350K .......... .......... .......... .......... .......... 46%  156M 1s
 23400K .......... .......... .......... .......... .......... 46% 76.1M 1s
 23450K .......... .......... .......... .......... .......... 47% 35.6M 1s
 23500K .......... .......... .......... .......... .......... 47% 32.8M 1s
 23550K .......... .......... .......... .......... .......... 47% 95.1M 1s
 23600K .......... .......... .......... .......... .......... 47% 20.4M 1s
 23650K .......... .......... .......... .......... .......... 47%  124M 1s
 23700K .......... .......... .......... .......... .......... 47% 24.7M 1s
 23750K .......... .......... .......... .......... .......... 47% 10.2M 1s
 23800K .......... .......... .......... .......... .......... 47%  108M 1s
 23850K .......... .......... .......... .......... .......... 47%  119M 1s
 23900K .......... .......... .......... .......... .......... 47% 79.9M 1s
 23950K .......... .......... .......... .......... .......... 48% 23.1M 1s
 24000K .......... .......... .......... .......... .......... 48% 21.7M 1s
 24050K .......... .......... .......... .......... .......... 48% 4.53M 1s
 24100K .......... .......... .......... .......... .......... 48% 33.0M 1s
 24150K .......... .......... .......... .......... .......... 48% 19.2M 1s
 24200K .......... .......... .......... .......... .......... 48%  114M 1s
 24250K .......... .......... .......... .......... .......... 48% 21.7M 1s
 24300K .......... .......... .......... .......... .......... 48% 65.9M 1s
 24350K .......... .......... .......... .......... .......... 48%  121M 1s
 24400K .......... .......... .......... .......... .......... 49%  117M 1s
 24450K .......... .......... .......... .......... .......... 49%  152M 1s
 24500K .......... .......... .......... .......... .......... 49% 10.4M 1s
 24550K .......... .......... .......... .......... .......... 49% 94.8M 1s
 24600K .......... .......... .......... .......... .......... 49%  122M 1s
 24650K .......... .......... .......... .......... .......... 49% 4.07M 1s
 24700K .......... .......... .......... .......... .......... 49% 14.3M 1s
 24750K .......... .......... .......... .......... .......... 49% 18.3M 1s
 24800K .......... .......... .......... .......... .......... 49% 75.4M 1s
 24850K .......... .......... .......... .......... .......... 49% 81.4M 1s
 24900K .......... .......... .......... .......... .......... 50%  117M 1s
 24950K .......... .......... .......... .......... .......... 50% 52.2M 1s
 25000K .......... .......... .......... .......... .......... 50% 80.1M 1s
 25050K .......... .......... .......... .......... .......... 50%  113M 1s
 25100K .......... .......... .......... .......... .......... 50% 12.6M 1s
 25150K .......... .......... .......... .......... .......... 50%  131M 1s
 25200K .......... .......... .......... .......... .......... 50%  122M 1s
 25250K .......... .......... .......... .......... .......... 50% 91.4M 1s
 25300K .......... .......... .......... .......... .......... 50% 67.2M 1s
 25350K .......... .......... .......... .......... .......... 50%  107M 1s
 25400K .......... .......... .......... .......... .......... 51% 8.30M 1s
 25450K .......... .......... .......... .......... .......... 51% 83.8M 1s
 25500K .......... .......... .......... .......... .......... 51%  105M 1s
 25550K .......... .......... .......... .......... .......... 51%  130M 1s
 25600K .......... .......... .......... .......... .......... 51%  127M 1s
 25650K .......... .......... .......... .......... .......... 51% 34.4M 1s
 25700K .......... .......... .......... .......... .......... 51%  103M 1s
 25750K .......... .......... .......... .......... .......... 51% 22.1M 1s
 25800K .......... .......... .......... .......... .......... 51%  121M 1s
 25850K .......... .......... .......... .......... .......... 51% 7.57M 1s
 25900K .......... .......... .......... .......... .......... 52% 72.4M 1s
 25950K .......... .......... .......... .......... .......... 52% 88.8M 1s
 26000K .......... .......... .......... .......... .......... 52% 30.6M 1s
 26050K .......... .......... .......... .......... .......... 52% 12.8M 1s
 26100K .......... .......... .......... .......... .......... 52% 84.5M 1s
 26150K .......... .......... .......... .......... .......... 52% 43.5M 1s
 26200K .......... .......... .......... .......... .......... 52% 68.1M 1s
 26250K .......... .......... .......... .......... .......... 52% 76.3M 1s
 26300K .......... .......... .......... .......... .......... 52% 24.1M 1s
 26350K .......... .......... .......... .......... .......... 52% 25.5M 1s
 26400K .......... .......... .......... .......... .......... 53% 16.0M 1s
 26450K .......... .......... .......... .......... .......... 53% 31.9M 1s
 26500K .......... .......... .......... .......... .......... 53% 10.1M 1s
 26550K .......... .......... .......... .......... .......... 53% 99.9M 1s
 26600K .......... .......... .......... .......... .......... 53%  126M 1s
 26650K .......... .......... .......... .......... .......... 53% 52.1M 1s
 26700K .......... .......... .......... .......... .......... 53% 8.86M 1s
 26750K .......... .......... .......... .......... .......... 53%  102M 1s
 26800K .......... .......... .......... .......... .......... 53% 47.4M 1s
 26850K .......... .......... .......... .......... .......... 53% 50.7M 1s
 26900K .......... .......... .......... .......... .......... 54% 13.4M 1s
 26950K .......... .......... .......... .......... .......... 54%  104M 1s
 27000K .......... .......... .......... .......... .......... 54% 14.3M 1s
 27050K .......... .......... .......... .......... .......... 54% 33.6M 1s
 27100K .......... .......... .......... .......... .......... 54% 19.7M 1s
 27150K .......... .......... .......... .......... .......... 54% 7.59M 1s
 27200K .......... .......... .......... .......... .......... 54% 96.7M 1s
 27250K .......... .......... .......... .......... .......... 54% 98.1M 1s
 27300K .......... .......... .......... .......... .......... 54%  107M 1s
 27350K .......... .......... .......... .......... .......... 54%  133M 1s
 27400K .......... .......... .......... .......... .......... 55%  151M 1s
 27450K .......... .......... .......... .......... .......... 55% 12.3M 1s
 27500K .......... .......... .......... .......... .......... 55% 79.0M 1s
 27550K .......... .......... .......... .......... .......... 55%  118M 1s
 27600K .......... .......... .......... .......... .......... 55%  133M 1s
 27650K .......... .......... .......... .......... .......... 55% 45.2M 1s
 27700K .......... .......... .......... .......... .......... 55% 9.90M 1s
 27750K .......... .......... .......... .......... .......... 55% 4.58M 1s
 27800K .......... .......... .......... .......... .......... 55% 74.3M 1s
 27850K .......... .......... .......... .......... .......... 55% 70.7M 1s
 27900K .......... .......... .......... .......... .......... 56% 76.6M 1s
 27950K .......... .......... .......... .......... .......... 56%  126M 1s
 28000K .......... .......... .......... .......... .......... 56%  127M 1s
 28050K .......... .......... .......... .......... .......... 56%  138M 1s
 28100K .......... .......... .......... .......... .......... 56%  112M 1s
 28150K .......... .......... .......... .......... .......... 56% 98.7M 1s
 28200K .......... .......... .......... .......... .......... 56%  114M 1s
 28250K .......... .......... .......... .......... .......... 56% 12.4M 1s
 28300K .......... .......... .......... .......... .......... 56% 99.5M 1s
 28350K .......... .......... .......... .......... .......... 56% 17.1M 1s
 28400K .......... .......... .......... .......... .......... 57% 78.8M 1s
 28450K .......... .......... .......... .......... .......... 57% 15.5M 1s
 28500K .......... .......... .......... .......... .......... 57% 89.9M 1s
 28550K .......... .......... .......... .......... .......... 57%  122M 1s
 28600K .......... .......... .......... .......... .......... 57% 12.5M 1s
 28650K .......... .......... .......... .......... .......... 57%  101M 1s
 28700K .......... .......... .......... .......... .......... 57% 18.3M 1s
 28750K .......... .......... .......... .......... .......... 57% 38.4M 1s
 28800K .......... .......... .......... .......... .......... 57% 20.3M 1s
 28850K .......... .......... .......... .......... .......... 57% 6.12M 1s
 28900K .......... .......... .......... .......... .......... 58% 10.6M 1s
 28950K .......... .......... .......... .......... .......... 58%  108M 1s
 29000K .......... .......... .......... .......... .......... 58%  129M 1s
 29050K .......... .......... .......... .......... .......... 58%  121M 1s
 29100K .......... .......... .......... .......... .......... 58% 72.9M 1s
 29150K .......... .......... .......... .......... .......... 58% 84.9M 1s
 29200K .......... .......... .......... .......... .......... 58%  113M 1s
 29250K .......... .......... .......... .......... .......... 58% 8.58M 1s
 29300K .......... .......... .......... .......... .......... 58% 30.7M 1s
 29350K .......... .......... .......... .......... .......... 58% 44.0M 1s
 29400K .......... .......... .......... .......... .......... 59%  120M 1s
 29450K .......... .......... .......... .......... .......... 59%  115M 1s
 29500K .......... .......... .......... .......... .......... 59% 97.3M 1s
 29550K .......... .......... .......... .......... .......... 59% 88.5M 1s
 29600K .......... .......... .......... .......... .......... 59% 20.9M 1s
 29650K .......... .......... .......... .......... .......... 59% 44.5M 1s
 29700K .......... .......... .......... .......... .......... 59%  104M 1s
 29750K .......... .......... .......... .......... .......... 59% 6.52M 1s
 29800K .......... .......... .......... .......... .......... 59% 93.8M 1s
 29850K .......... .......... .......... .......... .......... 59% 90.5M 1s
 29900K .......... .......... .......... .......... .......... 60% 48.2M 1s
 29950K .......... .......... .......... .......... .......... 60% 92.3M 1s
 30000K .......... .......... .......... .......... .......... 60% 12.4M 1s
 30050K .......... .......... .......... .......... .......... 60% 86.2M 1s
 30100K .......... .......... .......... .......... .......... 60% 56.4M 1s
 30150K .......... .......... .......... .......... .......... 60% 11.1M 1s
 30200K .......... .......... .......... .......... .......... 60%  119M 1s
 30250K .......... .......... .......... .......... .......... 60% 19.1M 1s
 30300K .......... .......... .......... .......... .......... 60% 94.8M 1s
 30350K .......... .......... .......... .......... .......... 60% 31.3M 1s
 30400K .......... .......... .......... .......... .......... 61%  121M 1s
 30450K .......... .......... .......... .......... .......... 61%  100M 1s
 30500K .......... .......... .......... .......... .......... 61% 91.0M 1s
 30550K .......... .......... .......... .......... .......... 61% 20.1M 1s
 30600K .......... .......... .......... .......... .......... 61%  102M 1s
 30650K .......... .......... .......... .......... .......... 61% 8.19M 1s
 30700K .......... .......... .......... .......... .......... 61% 13.1M 1s
 30750K .......... .......... .......... .......... .......... 61% 72.4M 1s
 30800K .......... .......... .......... .......... .......... 61% 44.4M 1s
 30850K .......... .......... .......... .......... .......... 61% 12.0M 1s
 30900K .......... .......... .......... .......... .......... 62% 36.7M 1s
 30950K .......... .......... .......... .......... .......... 62% 36.5M 1s
 31000K .......... .......... .......... .......... .......... 62% 16.2M 1s
 31050K .......... .......... .......... .......... .......... 62%  103M 1s
 31100K .......... .......... .......... .......... .......... 62% 11.4M 1s
 31150K .......... .......... .......... .......... .......... 62% 19.6M 1s
 31200K .......... .......... .......... .......... .......... 62%  129M 1s
 31250K .......... .......... .......... .......... .......... 62% 33.9M 1s
 31300K .......... .......... .......... .......... .......... 62% 41.9M 1s
 31350K .......... .......... .......... .......... .......... 62% 12.1M 1s
 31400K .......... .......... .......... .......... .......... 63%  154M 1s
 31450K .......... .......... .......... .......... .......... 63%  121M 1s
 31500K .......... .......... .......... .......... .......... 63% 72.0M 1s
 31550K .......... .......... .......... .......... .......... 63% 49.9M 1s
 31600K .......... .......... .......... .......... .......... 63% 16.0M 1s
 31650K .......... .......... .......... .......... .......... 63%  121M 1s
 31700K .......... .......... .......... .......... .......... 63% 9.21M 1s
 31750K .......... .......... .......... .......... .......... 63% 13.2M 1s
 31800K .......... .......... .......... .......... .......... 63% 58.7M 1s
 31850K .......... .......... .......... .......... .......... 63% 48.2M 1s
 31900K .......... .......... .......... .......... .......... 64% 97.1M 1s
 31950K .......... .......... .......... .......... .......... 64% 9.20M 1s
 32000K .......... .......... .......... .......... .......... 64%  105M 1s
 32050K .......... .......... .......... .......... .......... 64% 73.4M 1s
 32100K .......... .......... .......... .......... .......... 64% 64.3M 1s
 32150K .......... .......... .......... .......... .......... 64% 97.3M 1s
 32200K .......... .......... .......... .......... .......... 64%  148M 1s
 32250K .......... .......... .......... .......... .......... 64%  130M 1s
 32300K .......... .......... .......... .......... .......... 64% 15.1M 1s
 32350K .......... .......... .......... .......... .......... 64% 34.9M 1s
 32400K .......... .......... .......... .......... .......... 65% 92.7M 1s
 32450K .......... .......... .......... .......... .......... 65% 41.0M 1s
 32500K .......... .......... .......... .......... .......... 65% 29.4M 1s
 32550K .......... .......... .......... .......... .......... 65% 34.3M 1s
 32600K .......... .......... .......... .......... .......... 65% 4.91M 1s
 32650K .......... .......... .......... .......... .......... 65%  124M 1s
 32700K .......... .......... .......... .......... .......... 65%  102M 1s
 32750K .......... .......... .......... .......... .......... 65%  121M 1s
 32800K .......... .......... .......... .......... .......... 65%  114M 1s
 32850K .......... .......... .......... .......... .......... 65% 9.90M 1s
 32900K .......... .......... .......... .......... .......... 66%  114M 1s
 32950K .......... .......... .......... .......... .......... 66% 22.1M 1s
 33000K .......... .......... .......... .......... .......... 66%  104M 1s
 33050K .......... .......... .......... .......... .......... 66% 17.9M 1s
 33100K .......... .......... .......... .......... .......... 66% 75.6M 1s
 33150K .......... .......... .......... .......... .......... 66% 12.0M 1s
 33200K .......... .......... .......... .......... .......... 66% 97.1M 1s
 33250K .......... .......... .......... .......... .......... 66% 34.4M 1s
 33300K .......... .......... .......... .......... .......... 66% 16.7M 1s
 33350K .......... .......... .......... .......... .......... 66% 29.1M 1s
 33400K .......... .......... .......... .......... .......... 67% 21.4M 1s
 33450K .......... .......... .......... .......... .......... 67% 85.6M 1s
 33500K .......... .......... .......... .......... .......... 67% 87.0M 1s
 33550K .......... .......... .......... .......... .......... 67% 98.3M 1s
 33600K .......... .......... .......... .......... .......... 67% 50.6M 1s
 33650K .......... .......... .......... .......... .......... 67% 30.1M 1s
 33700K .......... .......... .......... .......... .......... 67% 13.0M 1s
 33750K .......... .......... .......... .......... .......... 67% 22.4M 1s
 33800K .......... .......... .......... .......... .......... 67%  124M 1s
 33850K .......... .......... .......... .......... .......... 67% 46.8M 1s
 33900K .......... .......... .......... .......... .......... 68% 16.8M 1s
 33950K .......... .......... .......... .......... .......... 68% 72.2M 1s
 34000K .......... .......... .......... .......... .......... 68% 23.0M 1s
 34050K .......... .......... .......... .......... .......... 68% 29.8M 1s
 34100K .......... .......... .......... .......... .......... 68% 20.5M 1s
 34150K .......... .......... .......... .......... .......... 68%  111M 1s
 34200K .......... .......... .......... .......... .......... 68% 20.5M 1s
 34250K .......... .......... .......... .......... .......... 68%  124M 1s
 34300K .......... .......... .......... .......... .......... 68% 14.9M 1s
 34350K .......... .......... .......... .......... .......... 68% 29.9M 1s
 34400K .......... .......... .......... .......... .......... 69%  122M 1s
 34450K .......... .......... .......... .......... .......... 69% 45.7M 1s
 34500K .......... .......... .......... .......... .......... 69% 38.7M 1s
 34550K .......... .......... .......... .......... .......... 69% 29.4M 1s
 34600K .......... .......... .......... .......... .......... 69% 24.1M 1s
 34650K .......... .......... .......... .......... .......... 69% 11.2M 1s
 34700K .......... .......... .......... .......... .......... 69% 28.2M 1s
 34750K .......... .......... .......... .......... .......... 69% 51.1M 1s
 34800K .......... .......... .......... .......... .......... 69% 11.6M 1s
 34850K .......... .......... .......... .......... .......... 69% 49.5M 1s
 34900K .......... .......... .......... .......... .......... 70% 15.9M 1s
 34950K .......... .......... .......... .......... .......... 70% 13.3M 1s
 35000K .......... .......... .......... .......... .......... 70%  116M 1s
 35050K .......... .......... .......... .......... .......... 70%  126M 1s
 35100K .......... .......... .......... .......... .......... 70% 84.9M 1s
 35150K .......... .......... .......... .......... .......... 70% 3.88M 1s
 35200K .......... .......... .......... .......... .......... 70% 95.3M 1s
 35250K .......... .......... .......... .......... .......... 70%  149M 1s
 35300K .......... .......... .......... .......... .......... 70%  130M 1s
 35350K .......... .......... .......... .......... .......... 70%  136M 1s
 35400K .......... .......... .......... .......... .......... 71%  104M 1s
 35450K .......... .......... .......... .......... .......... 71%  109M 1s
 35500K .......... .......... .......... .......... .......... 71%  134M 1s
 35550K .......... .......... .......... .......... .......... 71%  104M 1s
 35600K .......... .......... .......... .......... .......... 71% 44.0M 1s
 35650K .......... .......... .......... .......... .......... 71% 31.6M 1s
 35700K .......... .......... .......... .......... .......... 71% 8.77M 1s
 35750K .......... .......... .......... .......... .......... 71%  122M 0s
 35800K .......... .......... .......... .......... .......... 71% 79.4M 0s
 35850K .......... .......... .......... .......... .......... 71%  123M 0s
 35900K .......... .......... .......... .......... .......... 72% 9.90M 0s
 35950K .......... .......... .......... .......... .......... 72% 85.7M 0s
 36000K .......... .......... .......... .......... .......... 72%  161M 0s
 36050K .......... .......... .......... .......... .......... 72% 28.9M 0s
 36100K .......... .......... .......... .......... .......... 72% 24.1M 0s
 36150K .......... .......... .......... .......... .......... 72% 13.0M 0s
 36200K .......... .......... .......... .......... .......... 72% 56.1M 0s
 36250K .......... .......... .......... .......... .......... 72% 25.0M 0s
 36300K .......... .......... .......... .......... .......... 72% 69.9M 0s
 36350K .......... .......... .......... .......... .......... 72% 81.6M 0s
 36400K .......... .......... .......... .......... .......... 73% 57.5M 0s
 36450K .......... .......... .......... .......... .......... 73% 4.42M 0s
 36500K .......... .......... .......... .......... .......... 73%  104M 0s
 36550K .......... .......... .......... .......... .......... 73%  114M 0s
 36600K .......... .......... .......... .......... .......... 73%  142M 0s
 36650K .......... .......... .......... .......... .......... 73%  125M 0s
 36700K .......... .......... .......... .......... .......... 73% 56.8M 0s
 36750K .......... .......... .......... .......... .......... 73%  114M 0s
 36800K .......... .......... .......... .......... .......... 73% 9.24M 0s
 36850K .......... .......... .......... .......... .......... 73% 98.5M 0s
 36900K .......... .......... .......... .......... .......... 74% 22.4M 0s
 36950K .......... .......... .......... .......... .......... 74% 25.1M 0s
 37000K .......... .......... .......... .......... .......... 74%  110M 0s
 37050K .......... .......... .......... .......... .......... 74% 20.2M 0s
 37100K .......... .......... .......... .......... .......... 74% 31.5M 0s
 37150K .......... .......... .......... .......... .......... 74%  123M 0s
 37200K .......... .......... .......... .......... .......... 74% 9.90M 0s
 37250K .......... .......... .......... .......... .......... 74% 29.3M 0s
 37300K .......... .......... .......... .......... .......... 74% 43.6M 0s
 37350K .......... .......... .......... .......... .......... 74% 37.3M 0s
 37400K .......... .......... .......... .......... .......... 75% 14.4M 0s
 37450K .......... .......... .......... .......... .......... 75% 94.8M 0s
 37500K .......... .......... .......... .......... .......... 75% 86.0M 0s
 37550K .......... .......... .......... .......... .......... 75%  160M 0s
 37600K .......... .......... .......... .......... .......... 75% 77.8M 0s
 37650K .......... .......... .......... .......... .......... 75% 16.8M 0s
 37700K .......... .......... .......... .......... .......... 75% 23.7M 0s
 37750K .......... .......... .......... .......... .......... 75% 35.8M 0s
 37800K .......... .......... .......... .......... .......... 75% 12.2M 0s
 37850K .......... .......... .......... .......... .......... 75%  117M 0s
 37900K .......... .......... .......... .......... .......... 76% 22.7M 0s
 37950K .......... .......... .......... .......... .......... 76%  125M 0s
 38000K .......... .......... .......... .......... .......... 76% 76.3M 0s
 38050K .......... .......... .......... .......... .......... 76% 19.2M 0s
 38100K .......... .......... .......... .......... .......... 76% 28.3M 0s
 38150K .......... .......... .......... .......... .......... 76% 25.6M 0s
 38200K .......... .......... .......... .......... .......... 76% 14.3M 0s
 38250K .......... .......... .......... .......... .......... 76%  120M 0s
 38300K .......... .......... .......... .......... .......... 76% 28.8M 0s
 38350K .......... .......... .......... .......... .......... 76% 24.9M 0s
 38400K .......... .......... .......... .......... .......... 77% 41.7M 0s
 38450K .......... .......... .......... .......... .......... 77% 26.0M 0s
 38500K .......... .......... .......... .......... .......... 77% 32.4M 0s
 38550K .......... .......... .......... .......... .......... 77% 53.9M 0s
 38600K .......... .......... .......... .......... .......... 77% 25.1M 0s
 38650K .......... .......... .......... .......... .......... 77% 3.61M 0s
 38700K .......... .......... .......... .......... .......... 77% 75.8M 0s
 38750K .......... .......... .......... .......... .......... 77% 97.1M 0s
 38800K .......... .......... .......... .......... .......... 77%  102M 0s
 38850K .......... .......... .......... .......... .......... 77%  118M 0s
 38900K .......... .......... .......... .......... .......... 78%  118M 0s
 38950K .......... .......... .......... .......... .......... 78%  137M 0s
 39000K .......... .......... .......... .......... .......... 78% 5.18M 0s
 39050K .......... .......... .......... .......... .......... 78% 86.5M 0s
 39100K .......... .......... .......... .......... .......... 78% 98.0M 0s
 39150K .......... .......... .......... .......... .......... 78%  133M 0s
 39200K .......... .......... .......... .......... .......... 78%  120M 0s
 39250K .......... .......... .......... .......... .......... 78%  124M 0s
 39300K .......... .......... .......... .......... .......... 78%  119M 0s
 39350K .......... .......... .......... .......... .......... 78%  104M 0s
 39400K .......... .......... .......... .......... .......... 79% 38.8M 0s
 39450K .......... .......... .......... .......... .......... 79% 27.7M 0s
 39500K .......... .......... .......... .......... .......... 79% 34.9M 0s
 39550K .......... .......... .......... .......... .......... 79% 48.2M 0s
 39600K .......... .......... .......... .......... .......... 79% 11.7M 0s
 39650K .......... .......... .......... .......... .......... 79% 92.5M 0s
 39700K .......... .......... .......... .......... .......... 79% 30.3M 0s
 39750K .......... .......... .......... .......... .......... 79% 21.3M 0s
 39800K .......... .......... .......... .......... .......... 79% 25.9M 0s
 39850K .......... .......... .......... .......... .......... 79%  120M 0s
 39900K .......... .......... .......... .......... .......... 80% 48.6M 0s
 39950K .......... .......... .......... .......... .......... 80% 12.2M 0s
 40000K .......... .......... .......... .......... .......... 80% 19.8M 0s
 40050K .......... .......... .......... .......... .......... 80%  124M 0s
 40100K .......... .......... .......... .......... .......... 80%  111M 0s
 40150K .......... .......... .......... .......... .......... 80% 23.5M 0s
 40200K .......... .......... .......... .......... .......... 80% 14.8M 0s
 40250K .......... .......... .......... .......... .......... 80% 48.0M 0s
 40300K .......... .......... .......... .......... .......... 80% 94.5M 0s
 40350K .......... .......... .......... .......... .......... 80% 29.4M 0s
 40400K .......... .......... .......... .......... .......... 81% 15.2M 0s
 40450K .......... .......... .......... .......... .......... 81% 76.3M 0s
 40500K .......... .......... .......... .......... .......... 81% 35.8M 0s
 40550K .......... .......... .......... .......... .......... 81% 38.5M 0s
 40600K .......... .......... .......... .......... .......... 81% 6.84M 0s
 40650K .......... .......... .......... .......... .......... 81% 99.4M 0s
 40700K .......... .......... .......... .......... .......... 81%  127M 0s
 40750K .......... .......... .......... .......... .......... 81% 15.6M 0s
 40800K .......... .......... .......... .......... .......... 81%  121M 0s
 40850K .......... .......... .......... .......... .......... 81%  109M 0s
 40900K .......... .......... .......... .......... .......... 82% 12.0M 0s
 40950K .......... .......... .......... .......... .......... 82% 26.6M 0s
 41000K .......... .......... .......... .......... .......... 82% 20.3M 0s
 41050K .......... .......... .......... .......... .......... 82%  118M 0s
 41100K .......... .......... .......... .......... .......... 82% 6.12M 0s
 41150K .......... .......... .......... .......... .......... 82%  124M 0s
 41200K .......... .......... .......... .......... .......... 82%  119M 0s
 41250K .......... .......... .......... .......... .......... 82%  120M 0s
 41300K .......... .......... .......... .......... .......... 82%  100M 0s
 41350K .......... .......... .......... .......... .......... 82%  119M 0s
 41400K .......... .......... .......... .......... .......... 83% 11.8M 0s
 41450K .......... .......... .......... .......... .......... 83%  122M 0s
 41500K .......... .......... .......... .......... .......... 83% 79.6M 0s
 41550K .......... .......... .......... .......... .......... 83% 1.91M 0s
 41600K .......... .......... .......... .......... .......... 83%  103M 0s
 41650K .......... .......... .......... .......... .......... 83%  132M 0s
 41700K .......... .......... .......... .......... .......... 83%  116M 0s
 41750K .......... .......... .......... .......... .......... 83%  125M 0s
 41800K .......... .......... .......... .......... .......... 83% 39.2M 0s
 41850K .......... .......... .......... .......... .......... 83%  112M 0s
 41900K .......... .......... .......... .......... .......... 84% 93.2M 0s
 41950K .......... .......... .......... .......... .......... 84%  126M 0s
 42000K .......... .......... .......... .......... .......... 84% 11.6M 0s
 42050K .......... .......... .......... .......... .......... 84% 70.2M 0s
 42100K .......... .......... .......... .......... .......... 84%  101M 0s
 42150K .......... .......... .......... .......... .......... 84%  123M 0s
 42200K .......... .......... .......... .......... .......... 84%  122M 0s
 42250K .......... .......... .......... .......... .......... 84%  121M 0s
 42300K .......... .......... .......... .......... .......... 84%  116M 0s
 42350K .......... .......... .......... .......... .......... 84% 63.6M 0s
 42400K .......... .......... .......... .......... .......... 85%  108M 0s
 42450K .......... .......... .......... .......... .......... 85% 52.4M 0s
 42500K .......... .......... .......... .......... .......... 85% 29.8M 0s
 42550K .......... .......... .......... .......... .......... 85% 69.7M 0s
 42600K .......... .......... .......... .......... .......... 85%  115M 0s
 42650K .......... .......... .......... .......... .......... 85%  127M 0s
 42700K .......... .......... .......... .......... .......... 85% 11.2M 0s
 42750K .......... .......... .......... .......... .......... 85%  104M 0s
 42800K .......... .......... .......... .......... .......... 85%  103M 0s
 42850K .......... .......... .......... .......... .......... 85% 13.4M 0s
 42900K .......... .......... .......... .......... .......... 86% 14.4M 0s
 42950K .......... .......... .......... .......... .......... 86% 95.5M 0s
 43000K .......... .......... .......... .......... .......... 86% 3.94M 0s
 43050K .......... .......... .......... .......... .......... 86% 72.0M 0s
 43100K .......... .......... .......... .......... .......... 86%  105M 0s
 43150K .......... .......... .......... .......... .......... 86%  136M 0s
 43200K .......... .......... .......... .......... .......... 86%  142M 0s
 43250K .......... .......... .......... .......... .......... 86%  144M 0s
 43300K .......... .......... .......... .......... .......... 86%  125M 0s
 43350K .......... .......... .......... .......... .......... 86%  125M 0s
 43400K .......... .......... .......... .......... .......... 87%  125M 0s
 43450K .......... .......... .......... .......... .......... 87%  124M 0s
 43500K .......... .......... .......... .......... .......... 87% 3.17M 0s
 43550K .......... .......... .......... .......... .......... 87%  114M 0s
 43600K .......... .......... .......... .......... .......... 87% 21.9M 0s
 43650K .......... .......... .......... .......... .......... 87% 23.9M 0s
 43700K .......... .......... .......... .......... .......... 87% 91.2M 0s
 43750K .......... .......... .......... .......... .......... 87% 54.9M 0s
 43800K .......... .......... .......... .......... .......... 87% 70.5M 0s
 43850K .......... .......... .......... .......... .......... 87% 24.0M 0s
 43900K .......... .......... .......... .......... .......... 88% 30.4M 0s
 43950K .......... .......... .......... .......... .......... 88% 25.1M 0s
 44000K .......... .......... .......... .......... .......... 88% 65.4M 0s
 44050K .......... .......... .......... .......... .......... 88% 18.2M 0s
 44100K .......... .......... .......... .......... .......... 88% 59.9M 0s
 44150K .......... .......... .......... .......... .......... 88% 10.8M 0s
 44200K .......... .......... .......... .......... .......... 88%  141M 0s
 44250K .......... .......... .......... .......... .......... 88%  132M 0s
 44300K .......... .......... .......... .......... .......... 88% 34.4M 0s
 44350K .......... .......... .......... .......... .......... 88% 87.8M 0s
 44400K .......... .......... .......... .......... .......... 89% 32.8M 0s
 44450K .......... .......... .......... .......... .......... 89%  131M 0s
 44500K .......... .......... .......... .......... .......... 89% 36.1M 0s
 44550K .......... .......... .......... .......... .......... 89% 8.01M 0s
 44600K .......... .......... .......... .......... .......... 89%  119M 0s
 44650K .......... .......... .......... .......... .......... 89%  100M 0s
 44700K .......... .......... .......... .......... .......... 89% 91.6M 0s
 44750K .......... .......... .......... .......... .......... 89% 56.7M 0s
 44800K .......... .......... .......... .......... .......... 89%  136M 0s
 44850K .......... .......... .......... .......... .......... 89% 5.66M 0s
 44900K .......... .......... .......... .......... .......... 90% 76.2M 0s
 44950K .......... .......... .......... .......... .......... 90% 88.4M 0s
 45000K .......... .......... .......... .......... .......... 90%  134M 0s
 45050K .......... .......... .......... .......... .......... 90%  130M 0s
 45100K .......... .......... .......... .......... .......... 90%  107M 0s
 45150K .......... .......... .......... .......... .......... 90% 33.0M 0s
 45200K .......... .......... .......... .......... .......... 90% 86.1M 0s
 45250K .......... .......... .......... .......... .......... 90% 90.1M 0s
 45300K .......... .......... .......... .......... .......... 90% 77.9M 0s
 45350K .......... .......... .......... .......... .......... 90% 87.8M 0s
 45400K .......... .......... .......... .......... .......... 91% 63.4M 0s
 45450K .......... .......... .......... .......... .......... 91% 54.1M 0s
 45500K .......... .......... .......... .......... .......... 91% 2.63M 0s
 45550K .......... .......... .......... .......... .......... 91%  103M 0s
 45600K .......... .......... .......... .......... .......... 91% 17.1M 0s
 45650K .......... .......... .......... .......... .......... 91% 81.0M 0s
 45700K .......... .......... .......... .......... .......... 91%  106M 0s
 45750K .......... .......... .......... .......... .......... 91% 56.4M 0s
 45800K .......... .......... .......... .......... .......... 91% 38.0M 0s
 45850K .......... .......... .......... .......... .......... 91% 26.6M 0s
 45900K .......... .......... .......... .......... .......... 92% 76.5M 0s
 45950K .......... .......... .......... .......... .......... 92% 48.9M 0s
 46000K .......... .......... .......... .......... .......... 92% 13.6M 0s
 46050K .......... .......... .......... .......... .......... 92% 15.9M 0s
 46100K .......... .......... .......... .......... .......... 92%  113M 0s
 46150K .......... .......... .......... .......... .......... 92% 90.7M 0s
 46200K .......... .......... .......... .......... .......... 92% 88.8M 0s
 46250K .......... .......... .......... .......... .......... 92%  118M 0s
 46300K .......... .......... .......... .......... .......... 92% 10.4M 0s
 46350K .......... .......... .......... .......... .......... 92%  132M 0s
 46400K .......... .......... .......... .......... .......... 93%  116M 0s
 46450K .......... .......... .......... .......... .......... 93% 60.2M 0s
 46500K .......... .......... .......... .......... .......... 93% 70.5M 0s
 46550K .......... .......... .......... .......... .......... 93% 19.5M 0s
 46600K .......... .......... .......... .......... .......... 93% 13.2M 0s
 46650K .......... .......... .......... .......... .......... 93%  109M 0s
 46700K .......... .......... .......... .......... .......... 93% 47.1M 0s
 46750K .......... .......... .......... .......... .......... 93% 29.9M 0s
 46800K .......... .......... .......... .......... .......... 93% 43.7M 0s
 46850K .......... .......... .......... .......... .......... 93% 99.0M 0s
 46900K .......... .......... .......... .......... .......... 94%  114M 0s
 46950K .......... .......... .......... .......... .......... 94%  118M 0s
 47000K .......... .......... .......... .......... .......... 94% 11.2M 0s
 47050K .......... .......... .......... .......... .......... 94%  113M 0s
 47100K .......... .......... .......... .......... .......... 94% 35.0M 0s
 47150K .......... .......... .......... .......... .......... 94% 45.5M 0s
 47200K .......... .......... .......... .......... .......... 94% 94.2M 0s
 47250K .......... .......... .......... .......... .......... 94% 28.7M 0s
 47300K .......... .......... .......... .......... .......... 94% 22.6M 0s
 47350K .......... .......... .......... .......... .......... 94% 28.4M 0s
 47400K .......... .......... .......... .......... .......... 95% 90.1M 0s
 47450K .......... .......... .......... .......... .......... 95% 2.88M 0s
 47500K .......... .......... .......... .......... .......... 95% 85.9M 0s
 47550K .......... .......... .......... .......... .......... 95% 75.7M 0s
 47600K .......... .......... .......... .......... .......... 95% 27.9M 0s
 47650K .......... .......... .......... .......... .......... 95% 32.0M 0s
 47700K .......... .......... .......... .......... .......... 95% 47.4M 0s
 47750K .......... .......... .......... .......... .......... 95% 15.6M 0s
 47800K .......... .......... .......... .......... .......... 95%  113M 0s
 47850K .......... .......... .......... .......... .......... 95% 12.3M 0s
 47900K .......... .......... .......... .......... .......... 96% 6.63M 0s
 47950K .......... .......... .......... .......... .......... 96% 5.93M 0s
 48000K .......... .......... .......... .......... .......... 96%  115M 0s
 48050K .......... .......... .......... .......... .......... 96% 15.5M 0s
 48100K .......... .......... .......... .......... .......... 96% 13.4M 0s
 48150K .......... .......... .......... .......... .......... 96%  124M 0s
 48200K .......... .......... .......... .......... .......... 96%  114M 0s
 48250K .......... .......... .......... .......... .......... 96%  125M 0s
 48300K .......... .......... .......... .......... .......... 96%  110M 0s
 48350K .......... .......... .......... .......... .......... 97%  103M 0s
 48400K .......... .......... .......... .......... .......... 97%  106M 0s
 48450K .......... .......... .......... .......... .......... 97% 98.4M 0s
 48500K .......... .......... .......... .......... .......... 97%  116M 0s
 48550K .......... .......... .......... .......... .......... 97%  142M 0s
 48600K .......... .......... .......... .......... .......... 97%  112M 0s
 48650K .......... .......... .......... .......... .......... 97%  112M 0s
 48700K .......... .......... .......... .......... .......... 97%  116M 0s
 48750K .......... .......... .......... .......... .......... 97% 90.7M 0s
 48800K .......... .......... .......... .......... .......... 97% 11.5M 0s
 48850K .......... .......... .......... .......... .......... 98%  120M 0s
 48900K .......... .......... .......... .......... .......... 98% 66.4M 0s
 48950K .......... .......... .......... .......... .......... 98% 55.6M 0s
 49000K .......... .......... .......... .......... .......... 98%  101M 0s
 49050K .......... .......... .......... .......... .......... 98% 84.0M 0s
 49100K .......... .......... .......... .......... .......... 98% 39.0M 0s
 49150K .......... .......... .......... .......... .......... 98% 60.9M 0s
 49200K .......... .......... .......... .......... .......... 98%  116M 0s
 49250K .......... .......... .......... .......... .......... 98%  122M 0s
 49300K .......... .......... .......... .......... .......... 98% 97.2M 0s
 49350K .......... .......... .......... .......... .......... 99%  116M 0s
 49400K .......... .......... .......... .......... .......... 99% 12.7M 0s
 49450K .......... .......... .......... .......... .......... 99% 3.78M 0s
 49500K .......... .......... .......... .......... .......... 99% 39.8M 0s
 49550K .......... .......... .......... .......... .......... 99% 20.9M 0s
 49600K .......... .......... .......... .......... .......... 99% 6.05M 0s
 49650K .......... .......... .......... .......... .......... 99%  114M 0s
 49700K .......... .......... .......... .......... .......... 99%  108M 0s
 49750K .......... .......... .......... .......... .......... 99%  116M 0s
 49800K .......... .......... .......... .......... .......... 99%  120M 0s
 49850K .......... .......... .......... .......... ......    100%  126M=1.8s

2020-12-22 06:40:29 (27.4 MB/s) - `miniconda.sh' saved [51093759/51093759]


travis_time:end:1094255e:start=1608619227032594621,finish=1608619229040998305,duration=2008403684[0Ktravis_fold:end:before_install.1[0Ktravis_fold:start:before_install.2[0Ktravis_time:start:0a702650[0K$ chmod +x miniconda.sh

travis_time:end:0a702650:start=1608619229051248781,finish=1608619229062029445,duration=10780664[0Ktravis_fold:end:before_install.2[0Ktravis_fold:start:before_install.3[0Ktravis_time:start:27d343a0[0K$ ./miniconda.sh -b
PREFIX=/home/travis/miniconda2
Unpacking payload ...
  0%|          | 0/37 [00:00<?, ?it/s]Extracting : python-2.7.18-h15b4118_1.conda:   0%|          | 0/37 [00:04<?, ?it/s]Extracting : python-2.7.18-h15b4118_1.conda:   3%|▎         | 1/37 [00:04<02:39,  4.44s/it]Extracting : _libgcc_mutex-0.1-main.conda:   3%|▎         | 1/37 [00:04<02:39,  4.44s/it]  Extracting : ca-certificates-2020.1.1-0.conda:   5%|▌         | 2/37 [00:04<02:35,  4.44s/it]Extracting : libstdcxx-ng-9.1.0-hdf63c60_0.conda:   8%|▊         | 3/37 [00:04<02:30,  4.44s/it]Extracting : libgcc-ng-9.1.0-hdf63c60_0.conda:  11%|█         | 4/37 [00:04<02:26,  4.44s/it]   Extracting : libffi-3.3-he6710b0_1.conda:  14%|█▎        | 5/37 [00:04<02:21,  4.44s/it]     Extracting : ncurses-6.2-he6710b0_1.conda:  16%|█▌        | 6/37 [00:04<02:17,  4.44s/it]Extracting : openssl-1.1.1g-h7b6447c_0.conda:  19%|█▉        | 7/37 [00:04<02:13,  4.44s/it]Extracting : yaml-0.1.7-had09818_2.conda:  22%|██▏       | 8/37 [00:04<02:08,  4.44s/it]    Extracting : zlib-1.2.11-h7b6447c_3.conda:  24%|██▍       | 9/37 [00:04<02:04,  4.44s/it]Extracting : libedit-3.1.20181209-hc058e9b_0.conda:  27%|██▋       | 10/37 [00:04<01:59,  4.44s/it]Extracting : readline-8.0-h7b6447c_0.conda:  30%|██▉       | 11/37 [00:04<01:55,  4.44s/it]        Extracting : tk-8.6.8-hbc83047_0.conda:  32%|███▏      | 12/37 [00:04<01:50,  4.44s/it]    Extracting : sqlite-3.31.1-h62c20be_1.conda:  35%|███▌      | 13/37 [00:04<01:46,  4.44s/it]Extracting : asn1crypto-1.3.0-py27_0.conda:  38%|███▊      | 14/37 [00:04<01:42,  4.44s/it] Extracting : certifi-2019.11.28-py27_0.conda:  41%|████      | 15/37 [00:04<01:37,  4.44s/it]Extracting : chardet-3.0.4-py27_1003.conda:  43%|████▎     | 16/37 [00:04<01:33,  4.44s/it]  Extracting : enum34-1.1.6-py27_1.conda:  46%|████▌     | 17/37 [00:04<01:28,  4.44s/it]    Extracting : futures-3.3.0-py27_0.conda:  49%|████▊     | 18/37 [00:04<01:24,  4.44s/it]Extracting : idna-2.8-py27_0.conda:  51%|█████▏    | 19/37 [00:04<01:19,  4.44s/it]     Extracting : ipaddress-1.0.23-py_0.conda:  54%|█████▍    | 20/37 [00:04<01:15,  4.44s/it]Extracting : pycosat-0.6.3-py27h7b6447c_0.conda:  57%|█████▋    | 21/37 [00:04<01:10,  4.44s/it]Extracting : pycparser-2.20-py_0.conda:  59%|█████▉    | 22/37 [00:04<01:06,  4.44s/it]         Extracting : pysocks-1.7.1-py27_0.conda:  62%|██████▏   | 23/37 [00:04<01:02,  4.44s/it]Extracting : ruamel_yaml-0.15.87-py27h7b6447c_0.conda:  65%|██████▍   | 24/37 [00:04<00:57,  4.44s/it]Extracting : six-1.13.0-py27_0.conda:  68%|██████▊   | 25/37 [00:04<00:53,  4.44s/it]                 Extracting : tqdm-4.46.0-py_0.conda:  70%|███████   | 26/37 [00:04<00:48,  4.44s/it] Extracting : cffi-1.14.0-py27he30daa8_1.conda:  73%|███████▎  | 27/37 [00:04<00:44,  4.44s/it]Extracting : conda-package-handling-1.6.0-py27h7b6447c_0.conda:  76%|███████▌  | 28/37 [00:04<00:39,  4.44s/it]Extracting : setuptools-44.0.0-py27_0.conda:  78%|███████▊  | 29/37 [00:04<00:35,  4.44s/it]                   Extracting : cryptography-2.8-py27h1ba5d50_0.conda:  81%|████████  | 30/37 [00:04<00:31,  4.44s/it]Extracting : wheel-0.33.6-py27_0.conda:  84%|████████▍ | 31/37 [00:04<00:26,  4.44s/it]            Extracting : pip-19.3.1-py27_0.conda:  86%|████████▋ | 32/37 [00:04<00:22,  4.44s/it]  Extracting : pyopenssl-19.1.0-py27_0.conda:  89%|████████▉ | 33/37 [00:04<00:17,  4.44s/it]Extracting : urllib3-1.25.7-py27_0.conda:  92%|█████████▏| 34/37 [00:04<00:13,  4.44s/it]  Extracting : requests-2.22.0-py27_1.conda:  95%|█████████▍| 35/37 [00:04<00:08,  4.44s/it]Extracting : conda-4.8.3-py27_0.tar.bz2:  97%|█████████▋| 36/37 [00:04<00:04,  4.44s/it]                                                                                          Collecting package metadata (current_repodata.json): ...working... done
Solving environment: ...working... done

## Package Plan ##

  environment location: /home/travis/miniconda2

  added / updated specs:
    - _libgcc_mutex==0.1=main
    - asn1crypto==1.3.0=py27_0
    - ca-certificates==2020.1.1=0
    - certifi==2019.11.28=py27_0
    - cffi==1.14.0=py27he30daa8_1
    - chardet==3.0.4=py27_1003
    - conda-package-handling==1.6.0=py27h7b6447c_0
    - conda==4.8.3=py27_0
    - cryptography==2.8=py27h1ba5d50_0
    - enum34==1.1.6=py27_1
    - futures==3.3.0=py27_0
    - idna==2.8=py27_0
    - ipaddress==1.0.23=py_0
    - libedit==3.1.20181209=hc058e9b_0
    - libffi==3.3=he6710b0_1
    - libgcc-ng==9.1.0=hdf63c60_0
    - libstdcxx-ng==9.1.0=hdf63c60_0
    - ncurses==6.2=he6710b0_1
    - openssl==1.1.1g=h7b6447c_0
    - pip==19.3.1=py27_0
    - pycosat==0.6.3=py27h7b6447c_0
    - pycparser==2.20=py_0
    - pyopenssl==19.1.0=py27_0
    - pysocks==1.7.1=py27_0
    - python==2.7.18=h15b4118_1
    - readline==8.0=h7b6447c_0
    - requests==2.22.0=py27_1
    - ruamel_yaml==0.15.87=py27h7b6447c_0
    - setuptools==44.0.0=py27_0
    - six==1.13.0=py27_0
    - sqlite==3.31.1=h62c20be_1
    - tk==8.6.8=hbc83047_0
    - tqdm==4.46.0=py_0
    - urllib3==1.25.7=py27_0
    - wheel==0.33.6=py27_0
    - yaml==0.1.7=had09818_2
    - zlib==1.2.11=h7b6447c_3


The following NEW packages will be INSTALLED:

  _libgcc_mutex      pkgs/main/linux-64::_libgcc_mutex-0.1-main
  asn1crypto         pkgs/main/linux-64::asn1crypto-1.3.0-py27_0
  ca-certificates    pkgs/main/linux-64::ca-certificates-2020.1.1-0
  certifi            pkgs/main/linux-64::certifi-2019.11.28-py27_0
  cffi               pkgs/main/linux-64::cffi-1.14.0-py27he30daa8_1
  chardet            pkgs/main/linux-64::chardet-3.0.4-py27_1003
  conda              pkgs/main/linux-64::conda-4.8.3-py27_0
  conda-package-han~ pkgs/main/linux-64::conda-package-handling-1.6.0-py27h7b6447c_0
  cryptography       pkgs/main/linux-64::cryptography-2.8-py27h1ba5d50_0
  enum34             pkgs/main/linux-64::enum34-1.1.6-py27_1
  futures            pkgs/main/linux-64::futures-3.3.0-py27_0
  idna               pkgs/main/linux-64::idna-2.8-py27_0
  ipaddress          pkgs/main/noarch::ipaddress-1.0.23-py_0
  libedit            pkgs/main/linux-64::libedit-3.1.20181209-hc058e9b_0
  libffi             pkgs/main/linux-64::libffi-3.3-he6710b0_1
  libgcc-ng          pkgs/main/linux-64::libgcc-ng-9.1.0-hdf63c60_0
  libstdcxx-ng       pkgs/main/linux-64::libstdcxx-ng-9.1.0-hdf63c60_0
  ncurses            pkgs/main/linux-64::ncurses-6.2-he6710b0_1
  openssl            pkgs/main/linux-64::openssl-1.1.1g-h7b6447c_0
  pip                pkgs/main/linux-64::pip-19.3.1-py27_0
  pycosat            pkgs/main/linux-64::pycosat-0.6.3-py27h7b6447c_0
  pycparser          pkgs/main/noarch::pycparser-2.20-py_0
  pyopenssl          pkgs/main/linux-64::pyopenssl-19.1.0-py27_0
  pysocks            pkgs/main/linux-64::pysocks-1.7.1-py27_0
  python             pkgs/main/linux-64::python-2.7.18-h15b4118_1
  readline           pkgs/main/linux-64::readline-8.0-h7b6447c_0
  requests           pkgs/main/linux-64::requests-2.22.0-py27_1
  ruamel_yaml        pkgs/main/linux-64::ruamel_yaml-0.15.87-py27h7b6447c_0
  setuptools         pkgs/main/linux-64::setuptools-44.0.0-py27_0
  six                pkgs/main/linux-64::six-1.13.0-py27_0
  sqlite             pkgs/main/linux-64::sqlite-3.31.1-h62c20be_1
  tk                 pkgs/main/linux-64::tk-8.6.8-hbc83047_0
  tqdm               pkgs/main/noarch::tqdm-4.46.0-py_0
  urllib3            pkgs/main/linux-64::urllib3-1.25.7-py27_0
  wheel              pkgs/main/linux-64::wheel-0.33.6-py27_0
  yaml               pkgs/main/linux-64::yaml-0.1.7-had09818_2
  zlib               pkgs/main/linux-64::zlib-1.2.11-h7b6447c_3


Preparing transaction: ...working... done
Executing transaction: ...working... done
installation finished.

travis_time:end:27d343a0:start=1608619229071891407,finish=1608619243635238016,duration=14563346609[0Ktravis_fold:end:before_install.3[0Ktravis_fold:start:before_install.4[0Ktravis_time:start:1fc6381c[0K$ export PATH=/home/travis/miniconda2/bin:$PATH

travis_time:end:1fc6381c:start=1608619243647356825,finish=1608619243656720378,duration=9363553[0Ktravis_fold:end:before_install.4[0Ktravis_fold:start:before_install.5[0Ktravis_time:start:026adb28[0K$ conda update --yes --quiet conda
Collecting package metadata (current_repodata.json): ...working... done
Solving environment: ...working... done

## Package Plan ##

  environment location: /home/travis/miniconda2

  added / updated specs:
    - conda


The following packages will be downloaded:

    package                    |            build
    ---------------------------|-----------------
    asn1crypto-1.4.0           |             py_0          80 KB
    ca-certificates-2020.12.8  |       h06a4308_0         121 KB
    certifi-2020.6.20          |     pyhd3eb1b0_3         155 KB
    idna-2.10                  |             py_0          50 KB
    libedit-3.1.20191231       |       h14c3975_1         116 KB
    libffi-3.3                 |       he6710b0_2          50 KB
    openssl-1.1.1i             |       h27cfd23_0         2.5 MB
    pycparser-2.20             |             py_2          94 KB
    pyopenssl-20.0.1           |     pyhd3eb1b0_1          49 KB
    requests-2.25.1            |     pyhd3eb1b0_0          52 KB
    six-1.15.0                 |             py_0          13 KB
    sqlite-3.33.0              |       h62c20be_0         1.1 MB
    tk-8.6.10                  |       hbc83047_0         3.0 MB
    tqdm-4.54.1                |     pyhd3eb1b0_0          55 KB
    wheel-0.36.2               |     pyhd3eb1b0_0          33 KB
    ------------------------------------------------------------
                                           Total:         7.5 MB

The following packages will be UPDATED:

  asn1crypto         pkgs/main/linux-64::asn1crypto-1.3.0-~ --> pkgs/main/noarch::asn1crypto-1.4.0-py_0
  ca-certificates                                2020.1.1-0 --> 2020.12.8-h06a4308_0
  certifi            pkgs/main/linux-64::certifi-2019.11.2~ --> pkgs/main/noarch::certifi-2020.6.20-pyhd3eb1b0_3
  idna                  pkgs/main/linux-64::idna-2.8-py27_0 --> pkgs/main/noarch::idna-2.10-py_0
  libedit                           3.1.20181209-hc058e9b_0 --> 3.1.20191231-h14c3975_1
  libffi                                     3.3-he6710b0_1 --> 3.3-he6710b0_2
  openssl                                 1.1.1g-h7b6447c_0 --> 1.1.1i-h27cfd23_0
  pycparser                                       2.20-py_0 --> 2.20-py_2
  pyopenssl          pkgs/main/linux-64::pyopenssl-19.1.0-~ --> pkgs/main/noarch::pyopenssl-20.0.1-pyhd3eb1b0_1
  requests           pkgs/main/linux-64::requests-2.22.0-p~ --> pkgs/main/noarch::requests-2.25.1-pyhd3eb1b0_0
  six                 pkgs/main/linux-64::six-1.13.0-py27_0 --> pkgs/main/noarch::six-1.15.0-py_0
  sqlite                                  3.31.1-h62c20be_1 --> 3.33.0-h62c20be_0
  tk                                       8.6.8-hbc83047_0 --> 8.6.10-hbc83047_0
  tqdm                                          4.46.0-py_0 --> 4.54.1-pyhd3eb1b0_0
  wheel              pkgs/main/linux-64::wheel-0.33.6-py27~ --> pkgs/main/noarch::wheel-0.36.2-pyhd3eb1b0_0


Preparing transaction: ...working... done
Verifying transaction: ...working... done
Executing transaction: ...working... done

travis_time:end:026adb28:start=1608619243667686253,finish=1608619257363164422,duration=13695478169[0Ktravis_fold:end:before_install.5[0Ktravis_fold:start:before_install.6[0Ktravis_time:start:01f87ca6[0K$ export DISPLAY=:99.0

travis_time:end:01f87ca6:start=1608619257375420832,finish=1608619257384257087,duration=8836255[0Ktravis_fold:end:before_install.6[0Ktravis_fold:start:before_install.7[0Ktravis_time:start:0b4c8340[0K$ sh -e /etc/init.d/xvfb start
Starting virtual X frame buffer: Xvfb.

travis_time:end:0b4c8340:start=1608619257395359436,finish=1608619257408101877,duration=12742441[0Ktravis_fold:end:before_install.7[0Ktravis_fold:start:before_install.8[0Ktravis_time:start:0033eb07[0K$ PKGS="python=${PYTHON}"

travis_time:end:0033eb07:start=1608619257420017572,finish=1608619257428675577,duration=8658005[0Ktravis_fold:end:before_install.8[0Ktravis_fold:start:before_install.9[0Ktravis_time:start:1536734c[0K$ PKGS="${PKGS} numpy"; if [ ${NUMPY} ]; then PKGS="${PKGS}=${NUMPY}"; fi

travis_time:end:1536734c:start=1608619257438577808,finish=1608619257446149866,duration=7572058[0Ktravis_fold:end:before_install.9[0Ktravis_fold:start:before_install.10[0Ktravis_time:start:1320a562[0K$ PKGS="${PKGS} scipy"; if [ ${SCIPY} ]; then PKGS="${PKGS}=${SCIPY}"; fi

travis_time:end:1320a562:start=1608619257455033558,finish=1608619257462727142,duration=7693584[0Ktravis_fold:end:before_install.10[0Ktravis_fold:start:before_install.11[0Ktravis_time:start:003f4ea4[0K$ PKGS="${PKGS} patsy"; if [ ${PATSY} ]; then PKGS="${PKGS}=${PATSY}"; fi

travis_time:end:003f4ea4:start=1608619257472915962,finish=1608619257480880351,duration=7964389[0Ktravis_fold:end:before_install.11[0Ktravis_fold:start:before_install.12[0Ktravis_time:start:227c7009[0K$ PKGS="${PKGS} pandas"; if [ ${PANDAS} ]; then PKGS="${PKGS}=${PANDAS}"; fi

travis_time:end:227c7009:start=1608619257490401110,finish=1608619257498066227,duration=7665117[0Ktravis_fold:end:before_install.12[0Ktravis_fold:start:before_install.13[0Ktravis_time:start:0d9aa809[0K$ PKGS="${PKGS} Cython"; if [ ${CYTHON} ]; then PKGS="${PKGS}=${CYTHON}"; fi

travis_time:end:0d9aa809:start=1608619257507731239,finish=1608619257515655916,duration=7924677[0Ktravis_fold:end:before_install.13[0Ktravis_fold:start:before_install.14[0Ktravis_time:start:092a07e0[0K$ PKGS="${PKGS} pip";

travis_time:end:092a07e0:start=1608619257526693425,finish=1608619257534385966,duration=7692541[0Ktravis_fold:end:before_install.14[0Ktravis_fold:start:install.1[0Ktravis_time:start:04f45776[0K$ conda create --yes --quiet -n pychron-test ${PKGS} ${OPTIONAL}
Collecting package metadata (current_repodata.json): ...working... done
Solving environment: ...working... failed with repodata from current_repodata.json, will retry with next repodata source.
Collecting package metadata (repodata.json): ...working... done
Solving environment: ...working... failed

PackagesNotFoundError: The following packages are not available from current channels:

  - patsy=0.2
  - pandas=0.12
  - cython=0.20

Current channels:

  - https://repo.anaconda.com/pkgs/main/linux-64
  - https://repo.anaconda.com/pkgs/main/noarch
  - https://repo.anaconda.com/pkgs/r/linux-64
  - https://repo.anaconda.com/pkgs/r/noarch

To search for alternate channels that may provide the conda package you're
looking for, navigate to

    https://anaconda.org

and use the search bar at the top of the page.



travis_time:end:04f45776:start=1608619257544025325,finish=1608619274205707729,duration=16661682404[0K
[31;1mThe command "conda create --yes --quiet -n pychron-test ${PKGS} ${OPTIONAL}" failed and exited with 1 during .[0m

Your build has been stopped.
