travis_fold:start:system_info[0K[33;1mBuild system information[0m
Build language: python
Build group: stable
Build dist: trusty
Build id: ''
Job id: ''
[34m[1mBuild image provisioning date and time[0m
Tue Dec  5 20:11:19 UTC 2017
[34m[1mOperating System Details[0m
Distributor ID:	Ubuntu
Description:	Ubuntu 14.04.5 LTS
Release:	14.04
Codename:	trusty
[34m[1mCookbooks Version[0m
7c2c6a6 https://github.com/travis-ci/travis-cookbooks/tree/7c2c6a6
[34m[1mgit version[0m
git version 2.15.1
[34m[1mbash version[0m
GNU bash, version 4.3.11(1)-release (x86_64-pc-linux-gnu)
[34m[1mgcc version[0m
gcc (Ubuntu 4.8.4-2ubuntu1~14.04.3) 4.8.4
Copyright (C) 2013 Free Software Foundation, Inc.
This is free software; see the source for copying conditions.  There is NO
warranty; not even for MERCHANTABILITY or FITNESS FOR A PARTICULAR PURPOSE.

[34m[1mdocker version[0m
Client:
 Version:      17.09.0-ce
 API version:  1.32
 Go version:   go1.8.3
 Git commit:   afdb6d4
 Built:        Tue Sep 26 22:39:28 2017
 OS/Arch:      linux/amd64
[34m[1mclang version[0m
clang version 5.0.0 (tags/RELEASE_500/final)
Target: x86_64-unknown-linux-gnu
Thread model: posix
InstalledDir: /usr/local/clang-5.0.0/bin
[34m[1mjq version[0m
jq-1.5
[34m[1mbats version[0m
Bats 0.4.0
[34m[1mshellcheck version[0m
0.4.6
[34m[1mshfmt version[0m
v2.0.0
[34m[1mccache version[0m
ccache version 3.1.9

Copyright (C) 2002-2007 Andrew Tridgell
Copyright (C) 2009-2011 Joel Rosdahl

This program is free software; you can redistribute it and/or modify it under
the terms of the GNU General Public License as published by the Free Software
Foundation; either version 3 of the License, or (at your option) any later
version.
[34m[1mcmake version[0m
cmake version 3.9.2

CMake suite maintained and supported by Kitware (kitware.com/cmake).
[34m[1mheroku version[0m
heroku-cli/6.14.39-addc925 (linux-x64) node-v9.2.0
[34m[1mimagemagick version[0m
Version: ImageMagick 6.7.7-10 2017-07-31 Q16 http://www.imagemagick.org
[34m[1mmd5deep version[0m
4.2
[34m[1mmercurial version[0m
Mercurial Distributed SCM (version 4.2.2)
(see https://mercurial-scm.org for more information)

Copyright (C) 2005-2017 Matt Mackall and others
This is free software; see the source for copying conditions. There is NO
warranty; not even for MERCHANTABILITY or FITNESS FOR A PARTICULAR PURPOSE.
[34m[1mmysql version[0m
mysql  Ver 14.14 Distrib 5.6.33, for debian-linux-gnu (x86_64) using  EditLine wrapper
[34m[1mopenssl version[0m
OpenSSL 1.0.1f 6 Jan 2014
[34m[1mpacker version[0m
Packer v1.0.2

Your version of Packer is out of date! The latest version
is 1.1.2. You can update by downloading from www.packer.io
[34m[1mpostgresql client version[0m
psql (PostgreSQL) 9.6.6
[34m[1mragel version[0m
Ragel State Machine Compiler version 6.8 Feb 2013
Copyright (c) 2001-2009 by Adrian Thurston
[34m[1msubversion version[0m
svn, version 1.8.8 (r1568071)
   compiled Aug 10 2017, 17:20:39 on x86_64-pc-linux-gnu

Copyright (C) 2013 The Apache Software Foundation.
This software consists of contributions made by many people;
see the NOTICE file for more information.
Subversion is open source software, see http://subversion.apache.org/

The following repository access (RA) modules are available:

* ra_svn : Module for accessing a repository using the svn network protocol.
  - with Cyrus SASL authentication
  - handles 'svn' scheme
* ra_local : Module for accessing a repository on local disk.
  - handles 'file' scheme
* ra_serf : Module for accessing a repository via WebDAV protocol using serf.
  - using serf 1.3.3
  - handles 'http' scheme
  - handles 'https' scheme

[34m[1msudo version[0m
Sudo version 1.8.9p5
Configure options: --prefix=/usr -v --with-all-insults --with-pam --with-fqdn --with-logging=syslog --with-logfac=authpriv --with-env-editor --with-editor=/usr/bin/editor --with-timeout=15 --with-password-timeout=0 --with-passprompt=[sudo] password for %p:  --without-lecture --with-tty-tickets --disable-root-mailer --enable-admin-flag --with-sendmail=/usr/sbin/sendmail --with-timedir=/var/lib/sudo --mandir=/usr/share/man --libexecdir=/usr/lib/sudo --with-sssd --with-sssd-lib=/usr/lib/x86_64-linux-gnu --with-selinux
Sudoers policy plugin version 1.8.9p5
Sudoers file grammar version 43

Sudoers path: /etc/sudoers
Authentication methods: 'pam'
Syslog facility if syslog is being used for logging: authpriv
Syslog priority to use when user authenticates successfully: notice
Syslog priority to use when user authenticates unsuccessfully: alert
Send mail if the user is not in sudoers
Use a separate timestamp for each user/tty combo
Lecture user the first time they run sudo
Root may run sudo
Allow some information gathering to give useful error messages
Require fully-qualified hostnames in the sudoers file
Visudo will honor the EDITOR environment variable
Set the LOGNAME and USER environment variables
Length at which to wrap log file lines (0 for no wrap): 80
Authentication timestamp timeout: 15.0 minutes
Password prompt timeout: 0.0 minutes
Number of tries to enter a password: 3
Umask to use or 0777 to use user's: 022
Path to mail program: /usr/sbin/sendmail
Flags for mail program: -t
Address to send mail to: root
Subject line for mail messages: *** SECURITY information for %h ***
Incorrect password message: Sorry, try again.
Path to authentication timestamp dir: /var/lib/sudo
Default password prompt: [sudo] password for %p: 
Default user to run commands as: root
Value to override user's $PATH with: /usr/local/sbin:/usr/local/bin:/usr/sbin:/usr/bin:/sbin:/bin:/snap/bin
Path to the editor for use by visudo: /usr/bin/editor
When to require a password for 'list' pseudocommand: any
When to require a password for 'verify' pseudocommand: all
File descriptors >= 3 will be closed before executing a command
Environment variables to check for sanity:
	TZ
	TERM
	LINGUAS
	LC_*
	LANGUAGE
	LANG
	COLORTERM
Environment variables to remove:
	RUBYOPT
	RUBYLIB
	PYTHONUSERBASE
	PYTHONINSPECT
	PYTHONPATH
	PYTHONHOME
	TMPPREFIX
	ZDOTDIR
	READNULLCMD
	NULLCMD
	FPATH
	PERL5DB
	PERL5OPT
	PERL5LIB
	PERLLIB
	PERLIO_DEBUG 
	JAVA_TOOL_OPTIONS
	SHELLOPTS
	GLOBIGNORE
	PS4
	BASH_ENV
	ENV
	TERMCAP
	TERMPATH
	TERMINFO_DIRS
	TERMINFO
	_RLD*
	LD_*
	PATH_LOCALE
	NLSPATH
	HOSTALIASES
	RES_OPTIONS
	LOCALDOMAIN
	CDPATH
	IFS
Environment variables to preserve:
	JAVA_HOME
	TRAVIS
	CI
	DEBIAN_FRONTEND
	XAUTHORIZATION
	XAUTHORITY
	PS2
	PS1
	PATH
	LS_COLORS
	KRB5CCNAME
	HOSTNAME
	HOME
	DISPLAY
	COLORS
Locale to use while parsing sudoers: C
Directory in which to store input/output logs: /var/log/sudo-io
File in which to store the input/output log: %{seq}
Add an entry to the utmp/utmpx file when allocating a pty
PAM service name to use
PAM service name to use for login shells
Create a new PAM session for the command to run in
Maximum I/O log sequence number: 0

Local IP address and netmask pairs:
	172.17.0.2/255.255.0.0

Sudoers I/O plugin version 1.8.9p5
[34m[1mgzip version[0m
gzip 1.6
Copyright (C) 2007, 2010, 2011 Free Software Foundation, Inc.
Copyright (C) 1993 Jean-loup Gailly.
This is free software.  You may redistribute copies of it under the terms of
the GNU General Public License <http://www.gnu.org/licenses/gpl.html>.
There is NO WARRANTY, to the extent permitted by law.

Written by Jean-loup Gailly.
[34m[1mzip version[0m
Copyright (c) 1990-2008 Info-ZIP - Type 'zip "-L"' for software license.
This is Zip 3.0 (July 5th 2008), by Info-ZIP.
Currently maintained by E. Gordon.  Please send bug reports to
the authors using the web page at www.info-zip.org; see README for details.

Latest sources and executables are at ftp://ftp.info-zip.org/pub/infozip,
as of above date; see http://www.info-zip.org/ for other sites.

Compiled with gcc 4.8.2 for Unix (Linux ELF) on Oct 21 2013.

Zip special compilation options:
	USE_EF_UT_TIME       (store Universal Time)
	BZIP2_SUPPORT        (bzip2 library version 1.0.6, 6-Sept-2010)
	    bzip2 code and library copyright (c) Julian R Seward
	    (See the bzip2 license for terms of use)
	SYMLINK_SUPPORT      (symbolic links supported)
	LARGE_FILE_SUPPORT   (can read and write large files on file system)
	ZIP64_SUPPORT        (use Zip64 to store large files in archives)
	UNICODE_SUPPORT      (store and read UTF-8 Unicode paths)
	STORE_UNIX_UIDs_GIDs (store UID/GID sizes/values using new extra field)
	UIDGID_NOT_16BIT     (old Unix 16-bit UID/GID extra field not used)
	[encryption, version 2.91 of 05 Jan 2007] (modified for Zip 3)

Encryption notice:
	The encryption code of this program is not copyrighted and is
	put in the public domain.  It was originally written in Europe
	and, to the best of our knowledge, can be freely distributed
	in both source and object forms from any country, including
	the USA under License Exception TSU of the U.S. Export
	Administration Regulations (section 740.13(e)) of 6 June 2002.

Zip environment options:
             ZIP:  [none]
          ZIPOPT:  [none]
[34m[1mvim version[0m
VIM - Vi IMproved 7.4 (2013 Aug 10, compiled Nov 24 2016 16:43:18)
Included patches: 1-52
Extra patches: 8.0.0056
Modified by pkg-vim-maintainers@lists.alioth.debian.org
Compiled by buildd@
Huge version without GUI.  Features included (+) or not (-):
+acl             +farsi           +mouse_netterm   +syntax
+arabic          +file_in_path    +mouse_sgr       +tag_binary
+autocmd         +find_in_path    -mouse_sysmouse  +tag_old_static
-balloon_eval    +float           +mouse_urxvt     -tag_any_white
-browse          +folding         +mouse_xterm     -tcl
++builtin_terms  -footer          +multi_byte      +terminfo
+byte_offset     +fork()          +multi_lang      +termresponse
+cindent         +gettext         -mzscheme        +textobjects
-clientserver    -hangul_input    +netbeans_intg   +title
-clipboard       +iconv           +path_extra      -toolbar
+cmdline_compl   +insert_expand   -perl            +user_commands
+cmdline_hist    +jumplist        +persistent_undo +vertsplit
+cmdline_info    +keymap          +postscript      +virtualedit
+comments        +langmap         +printer         +visual
+conceal         +libcall         +profile         +visualextra
+cryptv          +linebreak       +python          +viminfo
+cscope          +lispindent      -python3         +vreplace
+cursorbind      +listcmds        +quickfix        +wildignore
+cursorshape     +localmap        +reltime         +wildmenu
+dialog_con      -lua             +rightleft       +windows
+diff            +menu            -ruby            +writebackup
+digraphs        +mksession       +scrollbind      -X11
-dnd             +modify_fname    +signs           -xfontset
-ebcdic          +mouse           +smartindent     -xim
+emacs_tags      -mouseshape      -sniff           -xsmp
+eval            +mouse_dec       +startuptime     -xterm_clipboard
+ex_extra        +mouse_gpm       +statusline      -xterm_save
+extra_search    -mouse_jsbterm   -sun_workshop    -xpm
   system vimrc file: "$VIM/vimrc"
     user vimrc file: "$HOME/.vimrc"
 2nd user vimrc file: "~/.vim/vimrc"
      user exrc file: "$HOME/.exrc"
  fall-back for $VIM: "/usr/share/vim"
Compilation: gcc -c -I. -Iproto -DHAVE_CONFIG_H     -g -O2 -fstack-protector --param=ssp-buffer-size=4 -Wformat -Werror=format-security -U_FORTIFY_SOURCE -D_FORTIFY_SOURCE=1      
Linking: gcc   -Wl,-Bsymbolic-functions -Wl,-z,relro -Wl,--as-needed -o vim        -lm -ltinfo -lnsl  -lselinux  -lacl -lattr -lgpm -ldl    -L/usr/lib/python2.7/config-x86_64-linux-gnu -lpython2.7 -lpthread -ldl -lutil -lm -Xlinker -export-dynamic -Wl,-O1 -Wl,-Bsymbolic-functions      
[34m[1miptables version[0m
iptables v1.4.21
[34m[1mcurl version[0m
curl 7.35.0 (x86_64-pc-linux-gnu) libcurl/7.35.0 OpenSSL/1.0.1f zlib/1.2.8 libidn/1.28 librtmp/2.3
[34m[1mwget version[0m
GNU Wget 1.15 built on linux-gnu.
[34m[1mrsync version[0m
rsync  version 3.1.0  protocol version 31
[34m[1mgimme version[0m
v1.2.0
[34m[1mnvm version[0m
0.33.6
[34m[1mperlbrew version[0m
/home/travis/perl5/perlbrew/bin/perlbrew  - App::perlbrew/0.80
[34m[1mphpenv version[0m
rbenv 1.1.1-25-g6aa70b6
[34m[1mrvm version[0m
rvm 1.29.3 (latest) by Michal Papis, Piotr Kuczynski, Wayne E. Seguin [https://rvm.io]
[34m[1mdefault ruby version[0m
ruby 2.4.1p111 (2017-03-22 revision 58053) [x86_64-linux]
[34m[1mCouchDB version[0m
couchdb 1.6.1
[34m[1mElasticSearch version[0m
5.5.0
[34m[1mInstalled Firefox version[0m
firefox 56.0.2
[34m[1mMongoDB version[0m
MongoDB 3.4.10
[34m[1mPhantomJS version[0m
2.1.1
[34m[1mPre-installed PostgreSQL versions[0m
9.2.24
9.3.20
9.4.15
9.5.10
9.6.6
[34m[1mRabbitMQ Version[0m
3.6.14
[34m[1mRedis version[0m
redis-server 4.0.6
[34m[1mriak version[0m
2.2.3
[34m[1mPre-installed Go versions[0m
1.7.4
[34m[1mant version[0m
Apache Ant(TM) version 1.9.3 compiled on April 8 2014
[34m[1mmvn version[0m
Apache Maven 3.5.2 (138edd61fd100ec658bfa2d307c43b76940a5d7d; 2017-10-18T07:58:13Z)
Maven home: /usr/local/maven-3.5.2
Java version: 1.8.0_151, vendor: Oracle Corporation
Java home: /usr/lib/jvm/java-8-oracle/jre
Default locale: en_US, platform encoding: UTF-8
OS name: "linux", version: "4.4.0-101-generic", arch: "amd64", family: "unix"
[34m[1mgradle version[0m

------------------------------------------------------------
Gradle 4.0.1
------------------------------------------------------------

Build time:   2017-07-07 14:02:41 UTC
Revision:     38e5dc0f772daecca1d2681885d3d85414eb6826

Groovy:       2.4.11
Ant:          Apache Ant(TM) version 1.9.6 compiled on June 29 2015
JVM:          1.8.0_151 (Oracle Corporation 25.151-b12)
OS:           Linux 4.4.0-101-generic amd64

[34m[1mlein version[0m
Leiningen 2.8.1 on Java 1.8.0_151 Java HotSpot(TM) 64-Bit Server VM
[34m[1mPre-installed Node.js versions[0m
v4.8.6
v6.12.0
v6.12.1
v8.9
v8.9.1
[34m[1mphpenv versions[0m
  system
  5.6
* 5.6.32 (set by /home/travis/.phpenv/version)
  7.0
  7.0.25
  7.1
  7.1.11
  hhvm
  hhvm-stable
[34m[1mcomposer --version[0m
Composer version 1.5.2 2017-09-11 16:59:25
[34m[1mPre-installed Ruby versions[0m
ruby-2.2.7
ruby-2.3.4
ruby-2.4.1
travis_fold:end:system_info[0K
[33;1m3.5 is not installed; attempting download[0m
[33;1mDownloading archive: https://s3.amazonaws.com/travis-python-archives/binaries/ubuntu/14.04/x86_64/python-3.5.tar.bz2[0m
$ sudo tar xjf python-3.5.tar.bz2 --directory /
$ cd failed/getslash/slash
travis_time:start:25f6b040[0K$ source ~/virtualenv/python3.5/bin/activate

travis_time:end:25f6b040:start=1599309133748813073,finish=1599309133766114948,duration=17301875[0K$ python --version
Python 3.5.6
$ pip --version
pip 18.0 from /home/travis/virtualenv/python3.5.6/lib/python3.5/site-packages/pip (python 3.5)
travis_fold:start:install.1[0Ktravis_time:start:006ccac8[0K$ pip install virtualenv==15.1.0
Collecting virtualenv==15.1.0
  Downloading https://files.pythonhosted.org/packages/6f/86/3dc328ee7b1a6419ebfac7896d882fba83c48e3561d22ddddf38294d3e83/virtualenv-15.1.0-py2.py3-none-any.whl (1.8MB)
Installing collected packages: virtualenv
  Found existing installation: virtualenv 16.0.0
    Uninstalling virtualenv-16.0.0:
      Successfully uninstalled virtualenv-16.0.0
Successfully installed virtualenv-15.1.0

travis_time:end:006ccac8:start=1599309134174105955,finish=1599309135853691251,duration=1679585296[0Ktravis_fold:end:install.1[0Ktravis_fold:start:install.2[0Ktravis_time:start:2064a788[0K$ pip install codecov==2.0.10
Collecting codecov==2.0.10
  Downloading https://files.pythonhosted.org/packages/e0/5d/3ebba3f5b994fe6af69638bef91980dfbd7b8e4d16c7c5ebee4e7c2ee138/codecov-2.0.10-py2.py3-none-any.whl
Collecting coverage (from codecov==2.0.10)
  Downloading https://files.pythonhosted.org/packages/bb/ac/4cdd5e52e1c7aab54354c6854f7fca4f5a981cfffe012e93149a94960911/coverage-5.2.1-cp35-cp35m-manylinux1_x86_64.whl (229kB)
Collecting requests>=2.7.9 (from codecov==2.0.10)
  Downloading https://files.pythonhosted.org/packages/45/1e/0c169c6a5381e241ba7404532c16a21d86ab872c9bed8bdcd4c423954103/requests-2.24.0-py2.py3-none-any.whl (61kB)
Collecting chardet<4,>=3.0.2 (from requests>=2.7.9->codecov==2.0.10)
  Downloading https://files.pythonhosted.org/packages/bc/a9/01ffebfb562e4274b6487b4bb1ddec7ca55ec7510b22e4c51f14098443b8/chardet-3.0.4-py2.py3-none-any.whl (133kB)
Requirement already satisfied: certifi>=2017.4.17 in /home/travis/virtualenv/python3.5.6/lib/python3.5/site-packages (from requests>=2.7.9->codecov==2.0.10) (2018.4.16)
Collecting idna<3,>=2.5 (from requests>=2.7.9->codecov==2.0.10)
  Downloading https://files.pythonhosted.org/packages/a2/38/928ddce2273eaa564f6f50de919327bf3a00f091b5baba8dfa9460f3a8a8/idna-2.10-py2.py3-none-any.whl (58kB)
Collecting urllib3!=1.25.0,!=1.25.1,<1.26,>=1.21.1 (from requests>=2.7.9->codecov==2.0.10)
  Downloading https://files.pythonhosted.org/packages/9f/f0/a391d1463ebb1b233795cabfc0ef38d3db4442339de68f847026199e69d7/urllib3-1.25.10-py2.py3-none-any.whl (127kB)
Installing collected packages: coverage, chardet, idna, urllib3, requests, codecov
Successfully installed chardet-3.0.4 codecov-2.0.10 coverage-5.2.1 idna-2.10 requests-2.24.0 urllib3-1.25.10

travis_time:end:2064a788:start=1599309135864705399,finish=1599309138983411907,duration=3118706508[0Ktravis_fold:end:install.2[0Ktravis_time:start:06f6418a[0K$ make env
python -m virtualenv .env
Using real prefix '/opt/python/3.5.6'
New python executable in /home/travis/build/failed/getslash/slash/.env/bin/python
Installing setuptools, pip, wheel...done.
.env/bin/pip install -e .[testing] -r doc/pip_requirements.txt
Obtaining file:///home/travis/build/failed/getslash/slash
Obtaining file:///home/travis/build/failed/getslash/slash (from -r doc/pip_requirements.txt (line 2))
Collecting releases
  Downloading releases-1.6.3-py2.py3-none-any.whl (22 kB)
Collecting alabaster
  Downloading alabaster-0.7.12-py2.py3-none-any.whl (14 kB)
Collecting Sphinx>1.4
  Downloading Sphinx-3.2.1-py3-none-any.whl (2.9 MB)
Collecting arrow
  Downloading arrow-0.16.0-py2.py3-none-any.whl (50 kB)
Collecting colorama
  Downloading colorama-0.4.3-py2.py3-none-any.whl (15 kB)
Collecting confetti>=2.4.1
  Downloading confetti-2.5.3.tar.gz (6.5 kB)
Collecting dessert>=1.3.1
  Downloading dessert-1.4.1.tar.gz (33 kB)
Collecting emport>=1.1.3
  Downloading emport-1.3.1.tar.gz (5.3 kB)
Collecting gossip>=2.2.0
  Downloading gossip-2.4.0.tar.gz (64 kB)
Collecting Jinja2
  Downloading Jinja2-2.11.2-py2.py3-none-any.whl (125 kB)
Collecting Logbook>=1.1.0
  Downloading Logbook-1.5.3.tar.gz (85 kB)
Collecting orderedset>=2.0.0
  Downloading orderedset-2.0.3.tar.gz (101 kB)
Collecting requests>=1.1.0
  Using cached requests-2.24.0-py2.py3-none-any.whl (61 kB)
Collecting SQLAlchemy
  Downloading SQLAlchemy-1.3.19-cp35-cp35m-manylinux2010_x86_64.whl (1.3 MB)
Collecting tmuxp
  Downloading tmuxp-1.5.5.tar.gz (75 kB)
  Installing build dependencies: started
  Installing build dependencies: finished with status 'done'
  Getting requirements to build wheel: started
  Getting requirements to build wheel: finished with status 'done'
    Preparing wheel metadata: started
    Preparing wheel metadata: finished with status 'done'
Collecting raven
  Downloading raven-6.10.0-py2.py3-none-any.whl (284 kB)
Collecting py>=1.5.0
  Downloading py-1.9.0-py2.py3-none-any.whl (99 kB)
Collecting pyparsing
  Downloading pyparsing-2.4.7-py2.py3-none-any.whl (67 kB)
Collecting vintage>=0.4.0
  Downloading vintage-0.4.1.tar.gz (3.9 kB)
Collecting IPython
  Downloading ipython-7.9.0-py3-none-any.whl (775 kB)
Collecting coverage
  Using cached coverage-5.2.1-cp35-cp35m-manylinux1_x86_64.whl (229 kB)
Collecting coveralls
  Downloading coveralls-2.1.2-py2.py3-none-any.whl (13 kB)
Collecting munch
  Downloading munch-2.5.0-py2.py3-none-any.whl (10 kB)
Collecting pytest
  Downloading pytest-6.0.1-py3-none-any.whl (270 kB)
Collecting pytest-catchlog
  Downloading pytest_catchlog-1.2.2-py2.py3-none-any.whl (10 kB)
Collecting pytest-cov
  Downloading pytest_cov-2.10.1-py2.py3-none-any.whl (19 kB)
Collecting pytest-timeout
  Downloading pytest_timeout-1.4.2-py2.py3-none-any.whl (10 kB)
Collecting pyforge
  Downloading pyforge-1.3.0.tar.gz (20 kB)
Collecting pylint>=1.7
  Downloading pylint-2.6.0-py3-none-any.whl (325 kB)
Collecting semantic-version<2.7
  Downloading semantic_version-2.6.0-py3-none-any.whl (14 kB)
Collecting sphinxcontrib-jsmath
  Downloading sphinxcontrib_jsmath-1.0.1-py2.py3-none-any.whl (5.1 kB)
Collecting docutils>=0.12
  Downloading docutils-0.16-py2.py3-none-any.whl (548 kB)
Collecting packaging
  Downloading packaging-20.4-py2.py3-none-any.whl (37 kB)
Requirement already satisfied: setuptools in ./.env/lib/python3.5/site-packages (from Sphinx>1.4->-r doc/pip_requirements.txt (line 5)) (50.2.0)
Collecting sphinxcontrib-devhelp
  Downloading sphinxcontrib_devhelp-1.0.2-py2.py3-none-any.whl (84 kB)
Collecting sphinxcontrib-applehelp
  Downloading sphinxcontrib_applehelp-1.0.2-py2.py3-none-any.whl (121 kB)
Collecting Pygments>=2.0
  Downloading Pygments-2.6.1-py3-none-any.whl (914 kB)
Collecting babel>=1.3
  Downloading Babel-2.8.0-py2.py3-none-any.whl (8.6 MB)
Collecting imagesize
  Downloading imagesize-1.2.0-py2.py3-none-any.whl (4.8 kB)
Collecting snowballstemmer>=1.1
  Downloading snowballstemmer-2.0.0-py2.py3-none-any.whl (97 kB)
Collecting sphinxcontrib-htmlhelp
  Downloading sphinxcontrib_htmlhelp-1.0.3-py2.py3-none-any.whl (96 kB)
Collecting sphinxcontrib-qthelp
  Downloading sphinxcontrib_qthelp-1.0.3-py2.py3-none-any.whl (90 kB)
Collecting sphinxcontrib-serializinghtml
  Downloading sphinxcontrib_serializinghtml-1.1.4-py2.py3-none-any.whl (89 kB)
Collecting python-dateutil>=2.7.0
  Downloading python_dateutil-2.8.1-py2.py3-none-any.whl (227 kB)
Collecting sentinels>=0.0.5
  Downloading sentinels-1.0.0.tar.gz (4.1 kB)
Collecting six
  Downloading six-1.15.0-py2.py3-none-any.whl (10 kB)
Collecting atomicwrites>=1.0
  Downloading atomicwrites-1.4.0-py2.py3-none-any.whl (6.8 kB)
Collecting attrs
  Downloading attrs-20.2.0-py2.py3-none-any.whl (48 kB)
Collecting MarkupSafe>=0.23
  Downloading MarkupSafe-1.1.1-cp35-cp35m-manylinux1_x86_64.whl (27 kB)
Collecting idna<3,>=2.5
  Using cached idna-2.10-py2.py3-none-any.whl (58 kB)
Collecting certifi>=2017.4.17
  Downloading certifi-2020.6.20-py2.py3-none-any.whl (156 kB)
Collecting urllib3!=1.25.0,!=1.25.1,<1.26,>=1.21.1
  Using cached urllib3-1.25.10-py2.py3-none-any.whl (127 kB)
Collecting chardet<4,>=3.0.2
  Using cached chardet-3.0.4-py2.py3-none-any.whl (133 kB)
Collecting kaptan>=0.5.10
  Downloading kaptan-0.5.12.tar.gz (10 kB)
Collecting libtmux>=0.8<0.9
  Downloading libtmux-0.8.3-py2.py3-none-any.whl (29 kB)
Collecting click>=7<8
  Downloading click-7.1.2-py2.py3-none-any.whl (82 kB)
Collecting pexpect; sys_platform != "win32"
  Downloading pexpect-4.8.0-py2.py3-none-any.whl (59 kB)
Collecting traitlets>=4.2
  Downloading traitlets-4.3.3-py2.py3-none-any.whl (75 kB)
Collecting backcall
  Downloading backcall-0.2.0-py2.py3-none-any.whl (11 kB)
Collecting pickleshare
  Downloading pickleshare-0.7.5-py2.py3-none-any.whl (6.9 kB)
Collecting prompt-toolkit<2.1.0,>=2.0.0
  Downloading prompt_toolkit-2.0.10-py3-none-any.whl (340 kB)
Collecting decorator
  Downloading decorator-4.4.2-py2.py3-none-any.whl (9.2 kB)
Collecting jedi>=0.10
  Downloading jedi-0.17.2-py2.py3-none-any.whl (1.4 MB)
Collecting docopt>=0.6.1
  Downloading docopt-0.6.2.tar.gz (25 kB)
Collecting toml
  Downloading toml-0.10.1-py2.py3-none-any.whl (19 kB)
Collecting importlib-metadata>=0.12; python_version < "3.8"
  Downloading importlib_metadata-1.7.0-py2.py3-none-any.whl (31 kB)
Collecting iniconfig
  Downloading iniconfig-1.0.1-py3-none-any.whl (4.2 kB)
Collecting pluggy<1.0,>=0.12
  Downloading pluggy-0.13.1-py2.py3-none-any.whl (18 kB)
Collecting pathlib2>=2.2.0; python_version < "3.6"
  Downloading pathlib2-2.3.5-py2.py3-none-any.whl (18 kB)
Collecting more-itertools>=4.0.0
  Downloading more_itertools-8.5.0-py3-none-any.whl (44 kB)
Collecting mccabe<0.7,>=0.6
  Downloading mccabe-0.6.1-py2.py3-none-any.whl (8.6 kB)
Collecting isort<6,>=4.2.5
  Downloading isort-4.3.21-py2.py3-none-any.whl (42 kB)
Collecting astroid<=2.5,>=2.4.0
  Downloading astroid-2.4.2-py3-none-any.whl (213 kB)
Collecting pytz>=2015.7
  Downloading pytz-2020.1-py2.py3-none-any.whl (510 kB)
Collecting PyYAML<6,>=3.13
  Downloading PyYAML-5.3.1.tar.gz (269 kB)
Collecting ptyprocess>=0.5
  Downloading ptyprocess-0.6.0-py2.py3-none-any.whl (39 kB)
Collecting ipython-genutils
  Downloading ipython_genutils-0.2.0-py2.py3-none-any.whl (26 kB)
Collecting wcwidth
  Downloading wcwidth-0.2.5-py2.py3-none-any.whl (30 kB)
Collecting parso<0.8.0,>=0.7.0
  Downloading parso-0.7.1-py2.py3-none-any.whl (109 kB)
Collecting zipp>=0.5
  Downloading zipp-1.2.0-py2.py3-none-any.whl (4.8 kB)
Collecting lazy-object-proxy==1.4.*
  Downloading lazy_object_proxy-1.4.3-cp35-cp35m-manylinux1_x86_64.whl (55 kB)
Collecting typed-ast<1.5,>=1.4.0; implementation_name == "cpython" and python_version < "3.8"
  Downloading typed_ast-1.4.1-cp35-cp35m-manylinux1_x86_64.whl (737 kB)
Collecting wrapt~=1.11
  Downloading wrapt-1.12.1.tar.gz (27 kB)
Building wheels for collected packages: confetti, dessert, emport, gossip, Logbook, orderedset, tmuxp, vintage, pyforge, sentinels, kaptan, docopt, PyYAML, wrapt
  Building wheel for confetti (setup.py): started
  Building wheel for confetti (setup.py): finished with status 'done'
  Created wheel for confetti: filename=confetti-2.5.3-py3-none-any.whl size=7196 sha256=f09320f83b122d7f39bc2e6f162be3d9bb8c1edde0e5fd86f3ac49aacc9a495a
  Stored in directory: /home/travis/.cache/pip/wheels/c2/83/12/94c38beac392040cf33f8f9f85b4f4790d47cb57c38e8badf1
  Building wheel for dessert (setup.py): started
  Building wheel for dessert (setup.py): finished with status 'done'
  Created wheel for dessert: filename=dessert-1.4.1-py3-none-any.whl size=22795 sha256=55ac0547de07cb8a7bac7a9f76b4646e7c36e2bcd7016992bcd89045665e2ba7
  Stored in directory: /home/travis/.cache/pip/wheels/bb/58/73/a34b41f1ca18597fe587f0eef13066dc41f076f031ec9f0c7d
  Building wheel for emport (setup.py): started
  Building wheel for emport (setup.py): finished with status 'done'
  Created wheel for emport: filename=emport-1.3.1-py3-none-any.whl size=2951 sha256=70ef2e24cfa147644e14d528f38856c35f509b2c4864581b34270bccc1163019
  Stored in directory: /home/travis/.cache/pip/wheels/6b/fe/a4/1143bef605d816eefeaac66a74314e58818f64ec3d0fb8536f
  Building wheel for gossip (setup.py): started
  Building wheel for gossip (setup.py): finished with status 'done'
  Created wheel for gossip: filename=gossip-2.4.0-py3-none-any.whl size=14828 sha256=253548a567059fc256e7cfaf71acf3c285ec41f9d45c88d6746d67968bb0b7d1
  Stored in directory: /home/travis/.cache/pip/wheels/cc/e4/d6/d5092aa964cdcabfb35062591303dc4a54896617ff46f845c3
  Building wheel for Logbook (setup.py): started
  Building wheel for Logbook (setup.py): finished with status 'done'
  Created wheel for Logbook: filename=Logbook-1.5.3-cp35-cp35m-linux_x86_64.whl size=66379 sha256=1563cca67e58faad4ee87328aa31ca4f58900da2a17ecd4dec71df95b603f1a0
  Stored in directory: /home/travis/.cache/pip/wheels/c1/e7/ba/2f058e795252d37a0833a55df093cc967a20fc30fd226529d4
  Building wheel for orderedset (setup.py): started
  Building wheel for orderedset (setup.py): finished with status 'done'
  Created wheel for orderedset: filename=orderedset-2.0.3-cp35-cp35m-linux_x86_64.whl size=270064 sha256=a6c48eaea22815366e45d4810f71ddd2082b916aa5534c3581c3f55766a39d04
  Stored in directory: /home/travis/.cache/pip/wheels/fe/9a/9d/7f149dd9b76e6cc911f97add03d9eaba1733f24795e606d453
  Building wheel for tmuxp (PEP 517): started
  Building wheel for tmuxp (PEP 517): finished with status 'done'
  Created wheel for tmuxp: filename=tmuxp-1.5.5-py3-none-any.whl size=25179 sha256=5a4ffcfcdf4399858fd58af1c7e5057f756698e2965e6fd2679211c06df516f7
  Stored in directory: /home/travis/.cache/pip/wheels/16/fe/94/5cb1e2ee0892582a2a1dfecbc055b3368a0370be07afba0e5b
  Building wheel for vintage (setup.py): started
  Building wheel for vintage (setup.py): finished with status 'done'
  Created wheel for vintage: filename=vintage-0.4.1-py3-none-any.whl size=2830 sha256=8893cca89aa7c295af5d4cd3ec75f04d3837ca70720297216fb9a47585bc725b
  Stored in directory: /home/travis/.cache/pip/wheels/f9/b5/c8/da15ac7b054e05cd8204dc9b8fbe8b7f0921337a2c5ff14bb1
  Building wheel for pyforge (setup.py): started
  Building wheel for pyforge (setup.py): finished with status 'done'
  Created wheel for pyforge: filename=pyforge-1.3.0-py3-none-any.whl size=23216 sha256=3c7ce7c693f9806d0ed9502058ed6dbebb05b99d77f7baaae26fbf3b23682fad
  Stored in directory: /home/travis/.cache/pip/wheels/6b/32/b6/2348695d72f40c18ce51c5d19e22827914c23d405a8020fcf1
  Building wheel for sentinels (setup.py): started
  Building wheel for sentinels (setup.py): finished with status 'done'
  Created wheel for sentinels: filename=sentinels-1.0.0-py3-none-any.whl size=3187 sha256=bb75102c84b860078a8a89a7b815a2282632f7b533c5a4f0b033996e2672f2b7
  Stored in directory: /home/travis/.cache/pip/wheels/0b/d5/77/49fb1d1a6209f97f0bb762f0350403d5f69da8e453aa6bbd12
  Building wheel for kaptan (setup.py): started
  Building wheel for kaptan (setup.py): finished with status 'done'
  Created wheel for kaptan: filename=kaptan-0.5.12-py3-none-any.whl size=10975 sha256=53e265121ba617534456927e0ca71defd8bc59852d4b1d2da25e34925a42e1f3
  Stored in directory: /home/travis/.cache/pip/wheels/ac/5e/c9/9b154d2beec5fcce55aede5cc1d3b7256d153f9d8a8a41c32c
  Building wheel for docopt (setup.py): started
  Building wheel for docopt (setup.py): finished with status 'done'
  Created wheel for docopt: filename=docopt-0.6.2-py2.py3-none-any.whl size=13704 sha256=bf0eaa5be41d5e3f81b5cb139a099b01fdadc44da78e946406501716a1ce335b
  Stored in directory: /home/travis/.cache/pip/wheels/63/74/c4/1e4f0884a7ba7c26baa4a841240a507953dcfe7de606522571
  Building wheel for PyYAML (setup.py): started
  Building wheel for PyYAML (setup.py): finished with status 'done'
  Created wheel for PyYAML: filename=PyYAML-5.3.1-cp35-cp35m-linux_x86_64.whl size=418071 sha256=ddaa3576045474c98dc4f83f538e4cebf68860e2a924fb09e17f9b0138618955
  Stored in directory: /home/travis/.cache/pip/wheels/57/d0/2c/e2003abb5bc1a94c2e8a6fe1c03b8055d074e34c13672e7eb7
  Building wheel for wrapt (setup.py): started
  Building wheel for wrapt (setup.py): finished with status 'done'
  Created wheel for wrapt: filename=wrapt-1.12.1-cp35-cp35m-linux_x86_64.whl size=66631 sha256=8829bbd00f61d327b88ee6fa766939503831eaece2ac332da9fda071cb393119
  Stored in directory: /home/travis/.cache/pip/wheels/b8/2d/88/2fb764a7404287819251978fbfe4cacf9b4d8a1d41fce5dd97
Successfully built confetti dessert emport gossip Logbook orderedset tmuxp vintage pyforge sentinels kaptan docopt PyYAML wrapt
Installing collected packages: semantic-version, alabaster, sphinxcontrib-jsmath, docutils, pyparsing, six, packaging, idna, certifi, urllib3, chardet, requests, sphinxcontrib-devhelp, sphinxcontrib-applehelp, Pygments, pytz, babel, imagesize, MarkupSafe, Jinja2, snowballstemmer, sphinxcontrib-htmlhelp, sphinxcontrib-qthelp, sphinxcontrib-serializinghtml, Sphinx, releases, python-dateutil, arrow, colorama, sentinels, confetti, munch, py, atomicwrites, attrs, dessert, Logbook, emport, vintage, gossip, orderedset, SQLAlchemy, PyYAML, kaptan, libtmux, click, tmuxp, raven, ptyprocess, pexpect, decorator, ipython-genutils, traitlets, backcall, pickleshare, wcwidth, prompt-toolkit, parso, jedi, IPython, coverage, docopt, coveralls, toml, zipp, importlib-metadata, iniconfig, pluggy, pathlib2, more-itertools, pytest, pytest-catchlog, pytest-cov, pytest-timeout, pyforge, mccabe, isort, lazy-object-proxy, typed-ast, wrapt, astroid, pylint, slash
  Running setup.py develop for slash
Successfully installed IPython-7.9.0 Jinja2-2.11.2 Logbook-1.5.3 MarkupSafe-1.1.1 PyYAML-5.3.1 Pygments-2.6.1 SQLAlchemy-1.3.19 Sphinx-3.2.1 alabaster-0.7.12 arrow-0.16.0 astroid-2.4.2 atomicwrites-1.4.0 attrs-20.2.0 babel-2.8.0 backcall-0.2.0 certifi-2020.6.20 chardet-3.0.4 click-7.1.2 colorama-0.4.3 confetti-2.5.3 coverage-5.2.1 coveralls-2.1.2 decorator-4.4.2 dessert-1.4.1 docopt-0.6.2 docutils-0.16 emport-1.3.1 gossip-2.4.0 idna-2.10 imagesize-1.2.0 importlib-metadata-1.7.0 iniconfig-1.0.1 ipython-genutils-0.2.0 isort-4.3.21 jedi-0.17.2 kaptan-0.5.12 lazy-object-proxy-1.4.3 libtmux-0.8.3 mccabe-0.6.1 more-itertools-8.5.0 munch-2.5.0 orderedset-2.0.3 packaging-20.4 parso-0.7.1 pathlib2-2.3.5 pexpect-4.8.0 pickleshare-0.7.5 pluggy-0.13.1 prompt-toolkit-2.0.10 ptyprocess-0.6.0 py-1.9.0 pyforge-1.3.0 pylint-2.6.0 pyparsing-2.4.7 pytest-6.0.1 pytest-catchlog-1.2.2 pytest-cov-2.10.1 pytest-timeout-1.4.2 python-dateutil-2.8.1 pytz-2020.1 raven-6.10.0 releases-1.6.3 requests-2.24.0 semantic-version-2.6.0 sentinels-1.0.0 six-1.15.0 slash snowballstemmer-2.0.0 sphinxcontrib-applehelp-1.0.2 sphinxcontrib-devhelp-1.0.2 sphinxcontrib-htmlhelp-1.0.3 sphinxcontrib-jsmath-1.0.1 sphinxcontrib-qthelp-1.0.3 sphinxcontrib-serializinghtml-1.1.4 tmuxp-1.5.5 toml-0.10.1 traitlets-4.3.3 typed-ast-1.4.1 urllib3-1.25.10 vintage-0.4.1 wcwidth-0.2.5 wrapt-1.12.1 zipp-1.2.0
touch .env/.up-to-date

travis_time:end:06f6418a:start=1599309138995327140,finish=1599309262318498738,duration=123323171598[0K
[32;1mThe command "make env" exited with 0.[0m
travis_time:start:06ba3eba[0K$ make test
.env/bin/py.test --cov=slash --cov-report=html tests
============================= test session starts ==============================
platform linux -- Python 3.5.6, pytest-6.0.1, py-1.9.0, pluggy-0.13.1
rootdir: /home/travis/build/failed/getslash/slash, configfile: pytest.ini
plugins: catchlog-1.2.2, cov-2.10.1, timeout-1.4.2
collected 1514 items

tests/test_add_error.py ........................                         [  1%]
tests/test_app_context.py ..                                             [  1%]
tests/test_assertions.py .....................                           [  3%]
tests/test_autouse_fixtures.py ....................                      [  4%]
tests/test_cleanup_manager.py .....                                      [  4%]
tests/test_cleanups.py ................................................. [  7%]
..................                                                       [  9%]
tests/test_cli_environment.py ..............                             [ 10%]
tests/test_cli_utils.py ......                                           [ 10%]
tests/test_color_strings.py ........                                     [ 11%]
tests/test_console_log_truncation.py ..                                  [ 11%]
tests/test_console_reporter.py ........................                  [ 12%]
tests/test_context.py ........................                           [ 14%]
tests/test_coverage_plugin.py .......                                    [ 14%]
tests/test_cyclic_fixture_detection.py ........                          [ 15%]
tests/test_debugging.py ....                                             [ 15%]
tests/test_doctests.py .........................                         [ 17%]
tests/test_error_object.py .............                                 [ 18%]
tests/test_error_object_stack_trace.py ........                          [ 18%]
tests/test_exception_attributes.py ..                                    [ 18%]
tests/test_exception_handling.py .........s......................        [ 20%]
tests/test_exception_marks.py ...                                        [ 21%]
tests/test_ext_hook.py ...                                               [ 21%]
tests/test_factory_information.py ............                           [ 22%]
tests/test_facts.py ....                                                 [ 22%]
tests/test_failures.py .................                                 [ 23%]
tests/test_fixture_annotations.py ................................       [ 25%]
tests/test_fixture_exceptions.py ................                        [ 26%]
tests/test_fixture_exclusion.py .....                                    [ 26%]
tests/test_fixture_features.py ............                              [ 27%]
tests/test_fixture_mechanism.py .....................................    [ 30%]
tests/test_fixture_namespaces.py ..                                      [ 30%]
tests/test_fixture_resolution.py ...                                     [ 30%]
tests/test_fixture_scoping.py ......                                     [ 30%]
tests/test_fixture_start_end_test.py ........                            [ 31%]
tests/test_fixture_string_representation.py ....                         [ 31%]
tests/test_fixture_test_addresses.py ....                                [ 31%]
tests/test_fixtures.py ................................................. [ 35%]
                                                                         [ 35%]
tests/test_formatter.py ..........                                       [ 35%]
tests/test_function_marker.py .........                                  [ 36%]
tests/test_generator_fixture.py ........                                 [ 36%]
tests/test_global_storage.py .                                           [ 37%]
tests/test_globals.py .....                                              [ 37%]
tests/test_hook_calling.py ............................................. [ 40%]
..                                                                       [ 40%]
tests/test_hook_errors.py .....                                          [ 40%]
tests/test_hooks.py .....                                                [ 41%]
tests/test_id_space.py .                                                 [ 41%]
tests/test_interactive.py ....                                           [ 41%]
tests/test_interruptions.py ........................                     [ 43%]
tests/test_invalid_test_detection.py ....                                [ 43%]
tests/test_iteration.py ........                                         [ 43%]
tests/test_list_config.py ..                                             [ 43%]
tests/test_list_plugins.py ..                                            [ 44%]
tests/test_loader.py .........................                           [ 45%]
tests/test_local_config.py ...                                           [ 45%]
tests/test_logging.py .................................................. [ 49%]
.....................                                                    [ 50%]
tests/test_nofixtures.py ..                                              [ 50%]
tests/test_object_marker.py ............................................ [ 53%]
......................                                                   [ 55%]
tests/test_parallel.py ..................................                [ 57%]
tests/test_parametrization_ordering.py ..                                [ 57%]
tests/test_pattern_matching.py .......                                   [ 57%]
tests/test_plugin_activation.py ...................                      [ 59%]
tests/test_plugin_commandline.py ..                                      [ 59%]
tests/test_plugin_config.py .                                            [ 59%]
tests/test_plugin_dependency.py ................                         [ 60%]
tests/test_plugin_discovery.py .                                         [ 60%]
tests/test_plugin_errors.py ...                                          [ 60%]
tests/test_plugins.py .................                                  [ 61%]
tests/test_preliminary_errors.py ...                                     [ 62%]
tests/test_project_customization.py ....................                 [ 63%]
tests/test_python_utils.py .                                             [ 63%]
tests/test_repeat.py .........F........                                  [ 64%]
tests/test_reporters.py ......                                           [ 65%]
tests/test_requirements.py ............................................. [ 68%]
................................................                         [ 71%]
tests/test_result.py ............................................        [ 74%]
tests/test_result_details.py ............                                [ 74%]
tests/test_retained_logs_handler.py ..                                   [ 75%]
tests/test_running.py .................................................. [ 78%]
.........                                                                [ 78%]
tests/test_running_ad_hoc_tests.py ..                                    [ 79%]
tests/test_scope_manager.py ..                                           [ 79%]
tests/test_scoped_cleanups.py ......                                     [ 79%]
tests/test_site_customization.py ......                                  [ 79%]
tests/test_skips.py .......                                              [ 80%]
tests/test_slash_list.py ......................                          [ 81%]
tests/test_slash_resume.py .........                                     [ 82%]
tests/test_slash_run.py .................                                [ 83%]
tests/test_suite_files.py ................................               [ 85%]
tests/test_suite_writer.py ...                                           [ 85%]
tests/test_suite_writer_factories.py .                                   [ 85%]
tests/test_suite_writer_fixtures.py ....                                 [ 86%]
tests/test_suite_writer_negative.py ..                                   [ 86%]
tests/test_suite_writer_running.py ....                                  [ 86%]
tests/test_tagging.py .............................................      [ 89%]
tests/test_terminal_writer_wrapper.py ...                                [ 89%]
tests/test_test.py ......                                                [ 90%]
tests/test_test_loading.py ....                                          [ 90%]
tests/test_test_metadata.py ................................             [ 92%]
tests/test_test_parameters.py ............                               [ 93%]
tests/test_traceback_utils.py .......                                    [ 93%]
tests/test_unified_session_log.py ............                           [ 94%]
tests/test_ut_utils.py ....                                              [ 94%]
tests/test_utils.py ..                                                   [ 95%]
tests/test_variation_info.py .........                                   [ 95%]
tests/test_warning_capture.py .....                                      [ 95%]
tests/test_warnings.py ..........                                        [ 96%]
tests/test_xunit_plugin.py ............................................. [ 99%]
                                                                         [ 99%]
tests/test_yield_fixture.py ......                                       [100%]

=================================== FAILURES ===================================
____________________________ test_repeat_all_global ____________________________

suite = <tests.utils.suite_writer.suite.Suite object at 0x14cfb43f7320>
config_override = <function config_override.<locals>._override at 0x14cfb459cea0>

    def test_repeat_all_global(suite, config_override):
        num_repetitions = 5
        config_override('run.repeat_all', num_repetitions)
        for index, test in enumerate(suite):
            test.append_line('slash.context.result.data["index"]={}'.format(index))
    
        for test in suite:
            test.expect_repetition(num_repetitions)
    
        summary = suite.run()
    
        indices = [res.data['index'] for res in summary.session.results.iter_test_results()]
>       assert indices == [x for x in range(len(suite)) for _ in range(num_repetitions)]
E       assert [0, 1, 2, 3, 4, 5, ...] == [0, 0, 0, 0, 0, 1, ...]
E         At index 1 diff: 1 != 0
E         Use -v to get the full diff

tests/test_repeat.py:41: AssertionError
----------------------------- Captured stderr call -----------------------------
[2020-09-05 12:46:36.726858] DEBUG: slash.loader: Checking /tmp/tmpy1uga220/test_08531.py
[2020-09-05 12:46:36.731566] TRACE: emport: Creating new package for /tmp/tmpy1uga220/test_08531.py
[2020-09-05 12:46:36.731796] TRACE: emport: After split: /tmp/tmpy1uga220, test_08531
[2020-09-05 12:46:36.891504] TRACE: slash.core.cleanup_manager: CleanupManager: pushing scope 'session-global'
[2020-09-05 12:46:36.899537] NOTICE: slash.runner: #1: /tmp/tmpy1uga220/test_08531.py:Test08532.test_08533
[2020-09-05 12:46:36.900394] DEBUG: slash.runner: Started test #1: <Runnable test </tmp/tmpy1uga220/test_08531.py:Test08532.test_08533>>
[2020-09-05 12:46:36.914000] TRACE: slash.core.scope_manager: Pushed scope session
[2020-09-05 12:46:36.914280] TRACE: slash.core.cleanup_manager: CleanupManager: pushing scope 'session'
[2020-09-05 12:46:36.914477] TRACE: slash.core.scope_manager: Pushed scope module
[2020-09-05 12:46:36.914643] TRACE: slash.core.cleanup_manager: CleanupManager: pushing scope 'module'
[2020-09-05 12:46:36.914808] TRACE: slash.core.scope_manager: Pushed scope test
[2020-09-05 12:46:36.914960] TRACE: slash.core.cleanup_manager: CleanupManager: pushing scope 'test'
[2020-09-05 12:46:36.938089] TRACE: slash.core.scope_manager: Popping scope test (expected test)
[2020-09-05 12:46:36.938434] TRACE: slash.core.cleanup_manager: CleanupManager: popping scope 'test' (failure: False, interrupt: False)
[2020-09-05 12:46:36.938630] TRACE: slash.core.cleanup_manager: Calling cleanups of scope 'test' (failure=False, interrupt=False)
[2020-09-05 12:46:36.945821] TRACE: slash.core.scope_manager: Popped scope test
[2020-09-05 12:46:36.953250] NOTICE: slash.runner: #2: /tmp/tmpy1uga220/test_08531.py:test_08534
[2020-09-05 12:46:36.954028] DEBUG: slash.runner: Started test #2: <Runnable test </tmp/tmpy1uga220/test_08531.py:test_08534>>
[2020-09-05 12:46:36.962877] TRACE: slash.core.scope_manager: Pushed scope test
[2020-09-05 12:46:36.963068] TRACE: slash.core.cleanup_manager: CleanupManager: pushing scope 'test'
[2020-09-05 12:46:36.967344] TRACE: slash.core.scope_manager: Popping scope test (expected test)
[2020-09-05 12:46:36.967511] TRACE: slash.core.cleanup_manager: CleanupManager: popping scope 'test' (failure: False, interrupt: False)
[2020-09-05 12:46:36.967615] TRACE: slash.core.cleanup_manager: Calling cleanups of scope 'test' (failure=False, interrupt=False)
[2020-09-05 12:46:36.972355] TRACE: slash.core.scope_manager: Popped scope test
[2020-09-05 12:46:36.977128] NOTICE: slash.runner: #3: /tmp/tmpy1uga220/test_08531.py:Test08532.test_08535
[2020-09-05 12:46:36.977638] DEBUG: slash.runner: Started test #3: <Runnable test </tmp/tmpy1uga220/test_08531.py:Test08532.test_08535>>
[2020-09-05 12:46:36.985909] TRACE: slash.core.scope_manager: Pushed scope test
[2020-09-05 12:46:36.986072] TRACE: slash.core.cleanup_manager: CleanupManager: pushing scope 'test'
[2020-09-05 12:46:36.998715] TRACE: slash.core.scope_manager: Popping scope test (expected test)
[2020-09-05 12:46:36.998910] TRACE: slash.core.cleanup_manager: CleanupManager: popping scope 'test' (failure: False, interrupt: False)
[2020-09-05 12:46:36.999015] TRACE: slash.core.cleanup_manager: Calling cleanups of scope 'test' (failure=False, interrupt=False)
[2020-09-05 12:46:37.003510] TRACE: slash.core.scope_manager: Popped scope test
[2020-09-05 12:46:37.013361] NOTICE: slash.runner: #4: /tmp/tmpy1uga220/test_08531.py:test_08536
[2020-09-05 12:46:37.014149] DEBUG: slash.runner: Started test #4: <Runnable test </tmp/tmpy1uga220/test_08531.py:test_08536>>
[2020-09-05 12:46:37.023142] TRACE: slash.core.scope_manager: Pushed scope test
[2020-09-05 12:46:37.023336] TRACE: slash.core.cleanup_manager: CleanupManager: pushing scope 'test'
[2020-09-05 12:46:37.028083] TRACE: slash.core.scope_manager: Popping scope test (expected test)
[2020-09-05 12:46:37.028263] TRACE: slash.core.cleanup_manager: CleanupManager: popping scope 'test' (failure: False, interrupt: False)
[2020-09-05 12:46:37.028372] TRACE: slash.core.cleanup_manager: Calling cleanups of scope 'test' (failure=False, interrupt=False)
[2020-09-05 12:46:37.033310] TRACE: slash.core.scope_manager: Popped scope test
[2020-09-05 12:46:37.038513] NOTICE: slash.runner: #5: /tmp/tmpy1uga220/test_08531.py:Test08532.test_08537
[2020-09-05 12:46:37.039037] DEBUG: slash.runner: Started test #5: <Runnable test </tmp/tmpy1uga220/test_08531.py:Test08532.test_08537>>
[2020-09-05 12:46:37.047844] TRACE: slash.core.scope_manager: Pushed scope test
[2020-09-05 12:46:37.048028] TRACE: slash.core.cleanup_manager: CleanupManager: pushing scope 'test'
[2020-09-05 12:46:37.063880] TRACE: slash.core.scope_manager: Popping scope test (expected test)
[2020-09-05 12:46:37.064100] TRACE: slash.core.cleanup_manager: CleanupManager: popping scope 'test' (failure: False, interrupt: False)
[2020-09-05 12:46:37.064205] TRACE: slash.core.cleanup_manager: Calling cleanups of scope 'test' (failure=False, interrupt=False)
[2020-09-05 12:46:37.068762] TRACE: slash.core.scope_manager: Popped scope test
[2020-09-05 12:46:37.073518] NOTICE: slash.runner: #6: /tmp/tmpy1uga220/test_08531.py:test_08538
[2020-09-05 12:46:37.074044] DEBUG: slash.runner: Started test #6: <Runnable test </tmp/tmpy1uga220/test_08531.py:test_08538>>
[2020-09-05 12:46:37.082750] TRACE: slash.core.scope_manager: Pushed scope test
[2020-09-05 12:46:37.082926] TRACE: slash.core.cleanup_manager: CleanupManager: pushing scope 'test'
[2020-09-05 12:46:37.087216] TRACE: slash.core.scope_manager: Popping scope test (expected test)
[2020-09-05 12:46:37.087379] TRACE: slash.core.cleanup_manager: CleanupManager: popping scope 'test' (failure: False, interrupt: False)
[2020-09-05 12:46:37.087481] TRACE: slash.core.cleanup_manager: Calling cleanups of scope 'test' (failure=False, interrupt=False)
[2020-09-05 12:46:37.092273] TRACE: slash.core.scope_manager: Popped scope test
[2020-09-05 12:46:37.097121] NOTICE: slash.runner: #7: /tmp/tmpy1uga220/test_08531.py:Test08539.test_08540
[2020-09-05 12:46:37.097621] DEBUG: slash.runner: Started test #7: <Runnable test </tmp/tmpy1uga220/test_08531.py:Test08539.test_08540>>
[2020-09-05 12:46:37.105885] TRACE: slash.core.scope_manager: Pushed scope test
[2020-09-05 12:46:37.106052] TRACE: slash.core.cleanup_manager: CleanupManager: pushing scope 'test'
[2020-09-05 12:46:37.118819] TRACE: slash.core.scope_manager: Popping scope test (expected test)
[2020-09-05 12:46:37.119049] TRACE: slash.core.cleanup_manager: CleanupManager: popping scope 'test' (failure: False, interrupt: False)
[2020-09-05 12:46:37.119155] TRACE: slash.core.cleanup_manager: Calling cleanups of scope 'test' (failure=False, interrupt=False)
[2020-09-05 12:46:37.123730] TRACE: slash.core.scope_manager: Popped scope test
[2020-09-05 12:46:37.128866] NOTICE: slash.runner: #8: /tmp/tmpy1uga220/test_08531.py:test_08541
[2020-09-05 12:46:37.129397] DEBUG: slash.runner: Started test #8: <Runnable test </tmp/tmpy1uga220/test_08531.py:test_08541>>
[2020-09-05 12:46:37.137670] TRACE: slash.core.scope_manager: Pushed scope test
[2020-09-05 12:46:37.137874] TRACE: slash.core.cleanup_manager: CleanupManager: pushing scope 'test'
[2020-09-05 12:46:37.142143] TRACE: slash.core.scope_manager: Popping scope test (expected test)
[2020-09-05 12:46:37.142303] TRACE: slash.core.cleanup_manager: CleanupManager: popping scope 'test' (failure: False, interrupt: False)
[2020-09-05 12:46:37.142406] TRACE: slash.core.cleanup_manager: Calling cleanups of scope 'test' (failure=False, interrupt=False)
[2020-09-05 12:46:37.147230] TRACE: slash.core.scope_manager: Popped scope test
[2020-09-05 12:46:37.152099] NOTICE: slash.runner: #9: /tmp/tmpy1uga220/test_08531.py:Test08539.test_08542
[2020-09-05 12:46:37.152604] DEBUG: slash.runner: Started test #9: <Runnable test </tmp/tmpy1uga220/test_08531.py:Test08539.test_08542>>
[2020-09-05 12:46:37.162990] TRACE: slash.core.scope_manager: Pushed scope test
[2020-09-05 12:46:37.163231] TRACE: slash.core.cleanup_manager: CleanupManager: pushing scope 'test'
[2020-09-05 12:46:37.176060] TRACE: slash.core.scope_manager: Popping scope test (expected test)
[2020-09-05 12:46:37.176282] TRACE: slash.core.cleanup_manager: CleanupManager: popping scope 'test' (failure: False, interrupt: False)
[2020-09-05 12:46:37.176397] TRACE: slash.core.cleanup_manager: Calling cleanups of scope 'test' (failure=False, interrupt=False)
[2020-09-05 12:46:37.180916] TRACE: slash.core.scope_manager: Popped scope test
[2020-09-05 12:46:37.185781] NOTICE: slash.runner: #10: /tmp/tmpy1uga220/test_08531.py:test_08543
[2020-09-05 12:46:37.186304] DEBUG: slash.runner: Started test #10: <Runnable test </tmp/tmpy1uga220/test_08531.py:test_08543>>
[2020-09-05 12:46:37.194537] TRACE: slash.core.scope_manager: Pushed scope test
[2020-09-05 12:46:37.194698] TRACE: slash.core.cleanup_manager: CleanupManager: pushing scope 'test'
[2020-09-05 12:46:37.198903] TRACE: slash.core.scope_manager: Popping scope test (expected test)
[2020-09-05 12:46:37.199063] TRACE: slash.core.cleanup_manager: CleanupManager: popping scope 'test' (failure: False, interrupt: False)
[2020-09-05 12:46:37.199165] TRACE: slash.core.cleanup_manager: Calling cleanups of scope 'test' (failure=False, interrupt=False)
[2020-09-05 12:46:37.203857] TRACE: slash.core.scope_manager: Popped scope test
[2020-09-05 12:46:37.208622] NOTICE: slash.runner: #11: /tmp/tmpy1uga220/test_08531.py:Test08532.test_08533
[2020-09-05 12:46:37.209122] DEBUG: slash.runner: Started test #11: <Runnable test </tmp/tmpy1uga220/test_08531.py:Test08532.test_08533>>
[2020-09-05 12:46:37.217299] TRACE: slash.core.scope_manager: Pushed scope test
[2020-09-05 12:46:37.217458] TRACE: slash.core.cleanup_manager: CleanupManager: pushing scope 'test'
[2020-09-05 12:46:37.230122] TRACE: slash.core.scope_manager: Popping scope test (expected test)
[2020-09-05 12:46:37.230317] TRACE: slash.core.cleanup_manager: CleanupManager: popping scope 'test' (failure: False, interrupt: False)
[2020-09-05 12:46:37.230423] TRACE: slash.core.cleanup_manager: Calling cleanups of scope 'test' (failure=False, interrupt=False)
[2020-09-05 12:46:37.234283] TRACE: slash.core.scope_manager: Popped scope test
[2020-09-05 12:46:37.238167] NOTICE: slash.runner: #12: /tmp/tmpy1uga220/test_08531.py:test_08534
[2020-09-05 12:46:37.238723] DEBUG: slash.runner: Started test #12: <Runnable test </tmp/tmpy1uga220/test_08531.py:test_08534>>
[2020-09-05 12:46:37.249856] TRACE: slash.core.scope_manager: Pushed scope test
[2020-09-05 12:46:37.250101] TRACE: slash.core.cleanup_manager: CleanupManager: pushing scope 'test'
[2020-09-05 12:46:37.256015] TRACE: slash.core.scope_manager: Popping scope test (expected test)
[2020-09-05 12:46:37.256242] TRACE: slash.core.cleanup_manager: CleanupManager: popping scope 'test' (failure: False, interrupt: False)
[2020-09-05 12:46:37.256393] TRACE: slash.core.cleanup_manager: Calling cleanups of scope 'test' (failure=False, interrupt=False)
[2020-09-05 12:46:37.264755] TRACE: slash.core.scope_manager: Popped scope test
[2020-09-05 12:46:37.271114] NOTICE: slash.runner: #13: /tmp/tmpy1uga220/test_08531.py:Test08532.test_08535
[2020-09-05 12:46:37.271778] DEBUG: slash.runner: Started test #13: <Runnable test </tmp/tmpy1uga220/test_08531.py:Test08532.test_08535>>
[2020-09-05 12:46:37.283555] TRACE: slash.core.scope_manager: Pushed scope test
[2020-09-05 12:46:37.283791] TRACE: slash.core.cleanup_manager: CleanupManager: pushing scope 'test'
[2020-09-05 12:46:37.295894] TRACE: slash.core.scope_manager: Popping scope test (expected test)
[2020-09-05 12:46:37.296085] TRACE: slash.core.cleanup_manager: CleanupManager: popping scope 'test' (failure: False, interrupt: False)
[2020-09-05 12:46:37.296166] TRACE: slash.core.cleanup_manager: Calling cleanups of scope 'test' (failure=False, interrupt=False)
[2020-09-05 12:46:37.299720] TRACE: slash.core.scope_manager: Popped scope test
[2020-09-05 12:46:37.303632] NOTICE: slash.runner: #14: /tmp/tmpy1uga220/test_08531.py:test_08536
[2020-09-05 12:46:37.304060] DEBUG: slash.runner: Started test #14: <Runnable test </tmp/tmpy1uga220/test_08531.py:test_08536>>
[2020-09-05 12:46:37.310699] TRACE: slash.core.scope_manager: Pushed scope test
[2020-09-05 12:46:37.310844] TRACE: slash.core.cleanup_manager: CleanupManager: pushing scope 'test'
[2020-09-05 12:46:37.314147] TRACE: slash.core.scope_manager: Popping scope test (expected test)
[2020-09-05 12:46:37.314281] TRACE: slash.core.cleanup_manager: CleanupManager: popping scope 'test' (failure: False, interrupt: False)
[2020-09-05 12:46:37.314366] TRACE: slash.core.cleanup_manager: Calling cleanups of scope 'test' (failure=False, interrupt=False)
[2020-09-05 12:46:37.318021] TRACE: slash.core.scope_manager: Popped scope test
[2020-09-05 12:46:37.321869] NOTICE: slash.runner: #15: /tmp/tmpy1uga220/test_08531.py:Test08532.test_08537
[2020-09-05 12:46:37.322293] DEBUG: slash.runner: Started test #15: <Runnable test </tmp/tmpy1uga220/test_08531.py:Test08532.test_08537>>
[2020-09-05 12:46:37.328745] TRACE: slash.core.scope_manager: Pushed scope test
[2020-09-05 12:46:37.328872] TRACE: slash.core.cleanup_manager: CleanupManager: pushing scope 'test'
[2020-09-05 12:46:37.339080] TRACE: slash.core.scope_manager: Popping scope test (expected test)
[2020-09-05 12:46:37.339243] TRACE: slash.core.cleanup_manager: CleanupManager: popping scope 'test' (failure: False, interrupt: False)
[2020-09-05 12:46:37.339323] TRACE: slash.core.cleanup_manager: Calling cleanups of scope 'test' (failure=False, interrupt=False)
[2020-09-05 12:46:37.342830] TRACE: slash.core.scope_manager: Popped scope test
[2020-09-05 12:46:37.346635] NOTICE: slash.runner: #16: /tmp/tmpy1uga220/test_08531.py:test_08538
[2020-09-05 12:46:37.347065] DEBUG: slash.runner: Started test #16: <Runnable test </tmp/tmpy1uga220/test_08531.py:test_08538>>
[2020-09-05 12:46:37.354188] TRACE: slash.core.scope_manager: Pushed scope test
[2020-09-05 12:46:37.354355] TRACE: slash.core.cleanup_manager: CleanupManager: pushing scope 'test'
[2020-09-05 12:46:37.359631] TRACE: slash.core.scope_manager: Popping scope test (expected test)
[2020-09-05 12:46:37.359883] TRACE: slash.core.cleanup_manager: CleanupManager: popping scope 'test' (failure: False, interrupt: False)
[2020-09-05 12:46:37.359971] TRACE: slash.core.cleanup_manager: Calling cleanups of scope 'test' (failure=False, interrupt=False)
[2020-09-05 12:46:37.363670] TRACE: slash.core.scope_manager: Popped scope test
[2020-09-05 12:46:37.367464] NOTICE: slash.runner: #17: /tmp/tmpy1uga220/test_08531.py:Test08539.test_08540
[2020-09-05 12:46:37.367884] DEBUG: slash.runner: Started test #17: <Runnable test </tmp/tmpy1uga220/test_08531.py:Test08539.test_08540>>
[2020-09-05 12:46:37.374758] TRACE: slash.core.scope_manager: Pushed scope test
[2020-09-05 12:46:37.374901] TRACE: slash.core.cleanup_manager: CleanupManager: pushing scope 'test'
[2020-09-05 12:46:37.384677] TRACE: slash.core.scope_manager: Popping scope test (expected test)
[2020-09-05 12:46:37.384843] TRACE: slash.core.cleanup_manager: CleanupManager: popping scope 'test' (failure: False, interrupt: False)
[2020-09-05 12:46:37.384924] TRACE: slash.core.cleanup_manager: Calling cleanups of scope 'test' (failure=False, interrupt=False)
[2020-09-05 12:46:37.388523] TRACE: slash.core.scope_manager: Popped scope test
[2020-09-05 12:46:37.392283] NOTICE: slash.runner: #18: /tmp/tmpy1uga220/test_08531.py:test_08541
[2020-09-05 12:46:37.392688] DEBUG: slash.runner: Started test #18: <Runnable test </tmp/tmpy1uga220/test_08531.py:test_08541>>
[2020-09-05 12:46:37.399000] TRACE: slash.core.scope_manager: Pushed scope test
[2020-09-05 12:46:37.399121] TRACE: slash.core.cleanup_manager: CleanupManager: pushing scope 'test'
[2020-09-05 12:46:37.402293] TRACE: slash.core.scope_manager: Popping scope test (expected test)
[2020-09-05 12:46:37.402413] TRACE: slash.core.cleanup_manager: CleanupManager: popping scope 'test' (failure: False, interrupt: False)
[2020-09-05 12:46:37.402491] TRACE: slash.core.cleanup_manager: Calling cleanups of scope 'test' (failure=False, interrupt=False)
[2020-09-05 12:46:37.406003] TRACE: slash.core.scope_manager: Popped scope test
[2020-09-05 12:46:37.409553] NOTICE: slash.runner: #19: /tmp/tmpy1uga220/test_08531.py:Test08539.test_08542
[2020-09-05 12:46:37.409964] DEBUG: slash.runner: Started test #19: <Runnable test </tmp/tmpy1uga220/test_08531.py:Test08539.test_08542>>
[2020-09-05 12:46:37.416237] TRACE: slash.core.scope_manager: Pushed scope test
[2020-09-05 12:46:37.416355] TRACE: slash.core.cleanup_manager: CleanupManager: pushing scope 'test'
[2020-09-05 12:46:37.425829] TRACE: slash.core.scope_manager: Popping scope test (expected test)
[2020-09-05 12:46:37.425971] TRACE: slash.core.cleanup_manager: CleanupManager: popping scope 'test' (failure: False, interrupt: False)
[2020-09-05 12:46:37.426051] TRACE: slash.core.cleanup_manager: Calling cleanups of scope 'test' (failure=False, interrupt=False)
[2020-09-05 12:46:37.429447] TRACE: slash.core.scope_manager: Popped scope test
[2020-09-05 12:46:37.433059] NOTICE: slash.runner: #20: /tmp/tmpy1uga220/test_08531.py:test_08543
[2020-09-05 12:46:37.433438] DEBUG: slash.runner: Started test #20: <Runnable test </tmp/tmpy1uga220/test_08531.py:test_08543>>
[2020-09-05 12:46:37.441007] TRACE: slash.core.scope_manager: Pushed scope test
[2020-09-05 12:46:37.441160] TRACE: slash.core.cleanup_manager: CleanupManager: pushing scope 'test'
[2020-09-05 12:46:37.444324] TRACE: slash.core.scope_manager: Popping scope test (expected test)
[2020-09-05 12:46:37.444443] TRACE: slash.core.cleanup_manager: CleanupManager: popping scope 'test' (failure: False, interrupt: False)
[2020-09-05 12:46:37.444518] TRACE: slash.core.cleanup_manager: Calling cleanups of scope 'test' (failure=False, interrupt=False)
[2020-09-05 12:46:37.448183] TRACE: slash.core.scope_manager: Popped scope test
[2020-09-05 12:46:37.451874] NOTICE: slash.runner: #21: /tmp/tmpy1uga220/test_08531.py:Test08532.test_08533
[2020-09-05 12:46:37.452273] DEBUG: slash.runner: Started test #21: <Runnable test </tmp/tmpy1uga220/test_08531.py:Test08532.test_08533>>
[2020-09-05 12:46:37.458817] TRACE: slash.core.scope_manager: Pushed scope test
[2020-09-05 12:46:37.458949] TRACE: slash.core.cleanup_manager: CleanupManager: pushing scope 'test'
[2020-09-05 12:46:37.468756] TRACE: slash.core.scope_manager: Popping scope test (expected test)
[2020-09-05 12:46:37.468901] TRACE: slash.core.cleanup_manager: CleanupManager: popping scope 'test' (failure: False, interrupt: False)
[2020-09-05 12:46:37.468983] TRACE: slash.core.cleanup_manager: Calling cleanups of scope 'test' (failure=False, interrupt=False)
[2020-09-05 12:46:37.472491] TRACE: slash.core.scope_manager: Popped scope test
[2020-09-05 12:46:37.476444] NOTICE: slash.runner: #22: /tmp/tmpy1uga220/test_08531.py:test_08534
[2020-09-05 12:46:37.476849] DEBUG: slash.runner: Started test #22: <Runnable test </tmp/tmpy1uga220/test_08531.py:test_08534>>
[2020-09-05 12:46:37.483252] TRACE: slash.core.scope_manager: Pushed scope test
[2020-09-05 12:46:37.483370] TRACE: slash.core.cleanup_manager: CleanupManager: pushing scope 'test'
[2020-09-05 12:46:37.486606] TRACE: slash.core.scope_manager: Popping scope test (expected test)
[2020-09-05 12:46:37.486730] TRACE: slash.core.cleanup_manager: CleanupManager: popping scope 'test' (failure: False, interrupt: False)
[2020-09-05 12:46:37.486814] TRACE: slash.core.cleanup_manager: Calling cleanups of scope 'test' (failure=False, interrupt=False)
[2020-09-05 12:46:37.490415] TRACE: slash.core.scope_manager: Popped scope test
[2020-09-05 12:46:37.494290] NOTICE: slash.runner: #23: /tmp/tmpy1uga220/test_08531.py:Test08532.test_08535
[2020-09-05 12:46:37.494706] DEBUG: slash.runner: Started test #23: <Runnable test </tmp/tmpy1uga220/test_08531.py:Test08532.test_08535>>
[2020-09-05 12:46:37.501308] TRACE: slash.core.scope_manager: Pushed scope test
[2020-09-05 12:46:37.501438] TRACE: slash.core.cleanup_manager: CleanupManager: pushing scope 'test'
[2020-09-05 12:46:37.514030] TRACE: slash.core.scope_manager: Popping scope test (expected test)
[2020-09-05 12:46:37.514311] TRACE: slash.core.cleanup_manager: CleanupManager: popping scope 'test' (failure: False, interrupt: False)
[2020-09-05 12:46:37.514410] TRACE: slash.core.cleanup_manager: Calling cleanups of scope 'test' (failure=False, interrupt=False)
[2020-09-05 12:46:37.518699] TRACE: slash.core.scope_manager: Popped scope test
[2020-09-05 12:46:37.524200] NOTICE: slash.runner: #24: /tmp/tmpy1uga220/test_08531.py:test_08536
[2020-09-05 12:46:37.524661] DEBUG: slash.runner: Started test #24: <Runnable test </tmp/tmpy1uga220/test_08531.py:test_08536>>
[2020-09-05 12:46:37.532075] TRACE: slash.core.scope_manager: Pushed scope test
[2020-09-05 12:46:37.532244] TRACE: slash.core.cleanup_manager: CleanupManager: pushing scope 'test'
[2020-09-05 12:46:37.535677] TRACE: slash.core.scope_manager: Popping scope test (expected test)
[2020-09-05 12:46:37.535811] TRACE: slash.core.cleanup_manager: CleanupManager: popping scope 'test' (failure: False, interrupt: False)
[2020-09-05 12:46:37.535892] TRACE: slash.core.cleanup_manager: Calling cleanups of scope 'test' (failure=False, interrupt=False)
[2020-09-05 12:46:37.539663] TRACE: slash.core.scope_manager: Popped scope test
[2020-09-05 12:46:37.543458] NOTICE: slash.runner: #25: /tmp/tmpy1uga220/test_08531.py:Test08532.test_08537
[2020-09-05 12:46:37.543865] DEBUG: slash.runner: Started test #25: <Runnable test </tmp/tmpy1uga220/test_08531.py:Test08532.test_08537>>
[2020-09-05 12:46:37.550846] TRACE: slash.core.scope_manager: Pushed scope test
[2020-09-05 12:46:37.550991] TRACE: slash.core.cleanup_manager: CleanupManager: pushing scope 'test'
[2020-09-05 12:46:37.561408] TRACE: slash.core.scope_manager: Popping scope test (expected test)
[2020-09-05 12:46:37.561577] TRACE: slash.core.cleanup_manager: CleanupManager: popping scope 'test' (failure: False, interrupt: False)
[2020-09-05 12:46:37.561663] TRACE: slash.core.cleanup_manager: Calling cleanups of scope 'test' (failure=False, interrupt=False)
[2020-09-05 12:46:37.565285] TRACE: slash.core.scope_manager: Popped scope test
[2020-09-05 12:46:37.569597] NOTICE: slash.runner: #26: /tmp/tmpy1uga220/test_08531.py:test_08538
[2020-09-05 12:46:37.570047] DEBUG: slash.runner: Started test #26: <Runnable test </tmp/tmpy1uga220/test_08531.py:test_08538>>
[2020-09-05 12:46:37.576817] TRACE: slash.core.scope_manager: Pushed scope test
[2020-09-05 12:46:37.576971] TRACE: slash.core.cleanup_manager: CleanupManager: pushing scope 'test'
[2020-09-05 12:46:37.580478] TRACE: slash.core.scope_manager: Popping scope test (expected test)
[2020-09-05 12:46:37.580612] TRACE: slash.core.cleanup_manager: CleanupManager: popping scope 'test' (failure: False, interrupt: False)
[2020-09-05 12:46:37.580691] TRACE: slash.core.cleanup_manager: Calling cleanups of scope 'test' (failure=False, interrupt=False)
[2020-09-05 12:46:37.584454] TRACE: slash.core.scope_manager: Popped scope test
[2020-09-05 12:46:37.588322] NOTICE: slash.runner: #27: /tmp/tmpy1uga220/test_08531.py:Test08539.test_08540
[2020-09-05 12:46:37.588717] DEBUG: slash.runner: Started test #27: <Runnable test </tmp/tmpy1uga220/test_08531.py:Test08539.test_08540>>
[2020-09-05 12:46:37.595302] TRACE: slash.core.scope_manager: Pushed scope test
[2020-09-05 12:46:37.595424] TRACE: slash.core.cleanup_manager: CleanupManager: pushing scope 'test'
[2020-09-05 12:46:37.611029] TRACE: slash.core.scope_manager: Popping scope test (expected test)
[2020-09-05 12:46:37.611330] TRACE: slash.core.cleanup_manager: CleanupManager: popping scope 'test' (failure: False, interrupt: False)
[2020-09-05 12:46:37.611460] TRACE: slash.core.cleanup_manager: Calling cleanups of scope 'test' (failure=False, interrupt=False)
[2020-09-05 12:46:37.617050] TRACE: slash.core.scope_manager: Popped scope test
[2020-09-05 12:46:37.622586] NOTICE: slash.runner: #28: /tmp/tmpy1uga220/test_08531.py:test_08541
[2020-09-05 12:46:37.623021] DEBUG: slash.runner: Started test #28: <Runnable test </tmp/tmpy1uga220/test_08531.py:test_08541>>
[2020-09-05 12:46:37.629659] TRACE: slash.core.scope_manager: Pushed scope test
[2020-09-05 12:46:37.629785] TRACE: slash.core.cleanup_manager: CleanupManager: pushing scope 'test'
[2020-09-05 12:46:37.633255] TRACE: slash.core.scope_manager: Popping scope test (expected test)
[2020-09-05 12:46:37.633385] TRACE: slash.core.cleanup_manager: CleanupManager: popping scope 'test' (failure: False, interrupt: False)
[2020-09-05 12:46:37.633479] TRACE: slash.core.cleanup_manager: Calling cleanups of scope 'test' (failure=False, interrupt=False)
[2020-09-05 12:46:37.637324] TRACE: slash.core.scope_manager: Popped scope test
[2020-09-05 12:46:37.641348] NOTICE: slash.runner: #29: /tmp/tmpy1uga220/test_08531.py:Test08539.test_08542
[2020-09-05 12:46:37.641770] DEBUG: slash.runner: Started test #29: <Runnable test </tmp/tmpy1uga220/test_08531.py:Test08539.test_08542>>
[2020-09-05 12:46:37.648397] TRACE: slash.core.scope_manager: Pushed scope test
[2020-09-05 12:46:37.648533] TRACE: slash.core.cleanup_manager: CleanupManager: pushing scope 'test'
[2020-09-05 12:46:37.658839] TRACE: slash.core.scope_manager: Popping scope test (expected test)
[2020-09-05 12:46:37.658998] TRACE: slash.core.cleanup_manager: CleanupManager: popping scope 'test' (failure: False, interrupt: False)
[2020-09-05 12:46:37.659091] TRACE: slash.core.cleanup_manager: Calling cleanups of scope 'test' (failure=False, interrupt=False)
[2020-09-05 12:46:37.662583] TRACE: slash.core.scope_manager: Popped scope test
[2020-09-05 12:46:37.667136] NOTICE: slash.runner: #30: /tmp/tmpy1uga220/test_08531.py:test_08543
[2020-09-05 12:46:37.667767] DEBUG: slash.runner: Started test #30: <Runnable test </tmp/tmpy1uga220/test_08531.py:test_08543>>
[2020-09-05 12:46:37.679184] TRACE: slash.core.scope_manager: Pushed scope test
[2020-09-05 12:46:37.679445] TRACE: slash.core.cleanup_manager: CleanupManager: pushing scope 'test'
[2020-09-05 12:46:37.685507] TRACE: slash.core.scope_manager: Popping scope test (expected test)
[2020-09-05 12:46:37.685769] TRACE: slash.core.cleanup_manager: CleanupManager: popping scope 'test' (failure: False, interrupt: False)
[2020-09-05 12:46:37.685950] TRACE: slash.core.cleanup_manager: Calling cleanups of scope 'test' (failure=False, interrupt=False)
[2020-09-05 12:46:37.692665] TRACE: slash.core.scope_manager: Popped scope test
[2020-09-05 12:46:37.699409] NOTICE: slash.runner: #31: /tmp/tmpy1uga220/test_08531.py:Test08532.test_08533
[2020-09-05 12:46:37.700112] DEBUG: slash.runner: Started test #31: <Runnable test </tmp/tmpy1uga220/test_08531.py:Test08532.test_08533>>
[2020-09-05 12:46:37.712006] TRACE: slash.core.scope_manager: Pushed scope test
[2020-09-05 12:46:37.712249] TRACE: slash.core.cleanup_manager: CleanupManager: pushing scope 'test'
[2020-09-05 12:46:37.727371] TRACE: slash.core.scope_manager: Popping scope test (expected test)
[2020-09-05 12:46:37.727575] TRACE: slash.core.cleanup_manager: CleanupManager: popping scope 'test' (failure: False, interrupt: False)
[2020-09-05 12:46:37.727663] TRACE: slash.core.cleanup_manager: Calling cleanups of scope 'test' (failure=False, interrupt=False)
[2020-09-05 12:46:37.731381] TRACE: slash.core.scope_manager: Popped scope test
[2020-09-05 12:46:37.735250] NOTICE: slash.runner: #32: /tmp/tmpy1uga220/test_08531.py:test_08534
[2020-09-05 12:46:37.735665] DEBUG: slash.runner: Started test #32: <Runnable test </tmp/tmpy1uga220/test_08531.py:test_08534>>
[2020-09-05 12:46:37.742755] TRACE: slash.core.scope_manager: Pushed scope test
[2020-09-05 12:46:37.742920] TRACE: slash.core.cleanup_manager: CleanupManager: pushing scope 'test'
[2020-09-05 12:46:37.746477] TRACE: slash.core.scope_manager: Popping scope test (expected test)
[2020-09-05 12:46:37.746626] TRACE: slash.core.cleanup_manager: CleanupManager: popping scope 'test' (failure: False, interrupt: False)
[2020-09-05 12:46:37.746712] TRACE: slash.core.cleanup_manager: Calling cleanups of scope 'test' (failure=False, interrupt=False)
[2020-09-05 12:46:37.750656] TRACE: slash.core.scope_manager: Popped scope test
[2020-09-05 12:46:37.754629] NOTICE: slash.runner: #33: /tmp/tmpy1uga220/test_08531.py:Test08532.test_08535
[2020-09-05 12:46:37.755067] DEBUG: slash.runner: Started test #33: <Runnable test </tmp/tmpy1uga220/test_08531.py:Test08532.test_08535>>
[2020-09-05 12:46:37.762252] TRACE: slash.core.scope_manager: Pushed scope test
[2020-09-05 12:46:37.762434] TRACE: slash.core.cleanup_manager: CleanupManager: pushing scope 'test'
[2020-09-05 12:46:37.773123] TRACE: slash.core.scope_manager: Popping scope test (expected test)
[2020-09-05 12:46:37.773328] TRACE: slash.core.cleanup_manager: CleanupManager: popping scope 'test' (failure: False, interrupt: False)
[2020-09-05 12:46:37.773417] TRACE: slash.core.cleanup_manager: Calling cleanups of scope 'test' (failure=False, interrupt=False)
[2020-09-05 12:46:37.777162] TRACE: slash.core.scope_manager: Popped scope test
[2020-09-05 12:46:37.781339] NOTICE: slash.runner: #34: /tmp/tmpy1uga220/test_08531.py:test_08536
[2020-09-05 12:46:37.781799] DEBUG: slash.runner: Started test #34: <Runnable test </tmp/tmpy1uga220/test_08531.py:test_08536>>
[2020-09-05 12:46:37.788630] TRACE: slash.core.scope_manager: Pushed scope test
[2020-09-05 12:46:37.788791] TRACE: slash.core.cleanup_manager: CleanupManager: pushing scope 'test'
[2020-09-05 12:46:37.792204] TRACE: slash.core.scope_manager: Popping scope test (expected test)
[2020-09-05 12:46:37.792342] TRACE: slash.core.cleanup_manager: CleanupManager: popping scope 'test' (failure: False, interrupt: False)
[2020-09-05 12:46:37.792423] TRACE: slash.core.cleanup_manager: Calling cleanups of scope 'test' (failure=False, interrupt=False)
[2020-09-05 12:46:37.796190] TRACE: slash.core.scope_manager: Popped scope test
[2020-09-05 12:46:37.800067] NOTICE: slash.runner: #35: /tmp/tmpy1uga220/test_08531.py:Test08532.test_08537
[2020-09-05 12:46:37.800484] DEBUG: slash.runner: Started test #35: <Runnable test </tmp/tmpy1uga220/test_08531.py:Test08532.test_08537>>
[2020-09-05 12:46:37.807334] TRACE: slash.core.scope_manager: Pushed scope test
[2020-09-05 12:46:37.807514] TRACE: slash.core.cleanup_manager: CleanupManager: pushing scope 'test'
[2020-09-05 12:46:37.819696] TRACE: slash.core.scope_manager: Popping scope test (expected test)
[2020-09-05 12:46:37.819901] TRACE: slash.core.cleanup_manager: CleanupManager: popping scope 'test' (failure: False, interrupt: False)
[2020-09-05 12:46:37.819984] TRACE: slash.core.cleanup_manager: Calling cleanups of scope 'test' (failure=False, interrupt=False)
[2020-09-05 12:46:37.823614] TRACE: slash.core.scope_manager: Popped scope test
[2020-09-05 12:46:37.827507] NOTICE: slash.runner: #36: /tmp/tmpy1uga220/test_08531.py:test_08538
[2020-09-05 12:46:37.827939] DEBUG: slash.runner: Started test #36: <Runnable test </tmp/tmpy1uga220/test_08531.py:test_08538>>
[2020-09-05 12:46:37.835468] TRACE: slash.core.scope_manager: Pushed scope test
[2020-09-05 12:46:37.835705] TRACE: slash.core.cleanup_manager: CleanupManager: pushing scope 'test'
[2020-09-05 12:46:37.840972] TRACE: slash.core.scope_manager: Popping scope test (expected test)
[2020-09-05 12:46:37.841227] TRACE: slash.core.cleanup_manager: CleanupManager: popping scope 'test' (failure: False, interrupt: False)
[2020-09-05 12:46:37.841343] TRACE: slash.core.cleanup_manager: Calling cleanups of scope 'test' (failure=False, interrupt=False)
[2020-09-05 12:46:37.847300] TRACE: slash.core.scope_manager: Popped scope test
[2020-09-05 12:46:37.853817] NOTICE: slash.runner: #37: /tmp/tmpy1uga220/test_08531.py:Test08539.test_08540
[2020-09-05 12:46:37.854579] DEBUG: slash.runner: Started test #37: <Runnable test </tmp/tmpy1uga220/test_08531.py:Test08539.test_08540>>
[2020-09-05 12:46:37.865295] TRACE: slash.core.scope_manager: Pushed scope test
[2020-09-05 12:46:37.865561] TRACE: slash.core.cleanup_manager: CleanupManager: pushing scope 'test'
[2020-09-05 12:46:37.878660] TRACE: slash.core.scope_manager: Popping scope test (expected test)
[2020-09-05 12:46:37.878862] TRACE: slash.core.cleanup_manager: CleanupManager: popping scope 'test' (failure: False, interrupt: False)
[2020-09-05 12:46:37.878943] TRACE: slash.core.cleanup_manager: Calling cleanups of scope 'test' (failure=False, interrupt=False)
[2020-09-05 12:46:37.882441] TRACE: slash.core.scope_manager: Popped scope test
[2020-09-05 12:46:37.886418] NOTICE: slash.runner: #38: /tmp/tmpy1uga220/test_08531.py:test_08541
[2020-09-05 12:46:37.886839] DEBUG: slash.runner: Started test #38: <Runnable test </tmp/tmpy1uga220/test_08531.py:test_08541>>
[2020-09-05 12:46:37.893344] TRACE: slash.core.scope_manager: Pushed scope test
[2020-09-05 12:46:37.893498] TRACE: slash.core.cleanup_manager: CleanupManager: pushing scope 'test'
[2020-09-05 12:46:37.896944] TRACE: slash.core.scope_manager: Popping scope test (expected test)
[2020-09-05 12:46:37.897084] TRACE: slash.core.cleanup_manager: CleanupManager: popping scope 'test' (failure: False, interrupt: False)
[2020-09-05 12:46:37.897163] TRACE: slash.core.cleanup_manager: Calling cleanups of scope 'test' (failure=False, interrupt=False)
[2020-09-05 12:46:37.900863] TRACE: slash.core.scope_manager: Popped scope test
[2020-09-05 12:46:37.904781] NOTICE: slash.runner: #39: /tmp/tmpy1uga220/test_08531.py:Test08539.test_08542
[2020-09-05 12:46:37.905218] DEBUG: slash.runner: Started test #39: <Runnable test </tmp/tmpy1uga220/test_08531.py:Test08539.test_08542>>
[2020-09-05 12:46:37.913671] TRACE: slash.core.scope_manager: Pushed scope test
[2020-09-05 12:46:37.913972] TRACE: slash.core.cleanup_manager: CleanupManager: pushing scope 'test'
[2020-09-05 12:46:37.924424] TRACE: slash.core.scope_manager: Popping scope test (expected test)
[2020-09-05 12:46:37.924633] TRACE: slash.core.cleanup_manager: CleanupManager: popping scope 'test' (failure: False, interrupt: False)
[2020-09-05 12:46:37.924720] TRACE: slash.core.cleanup_manager: Calling cleanups of scope 'test' (failure=False, interrupt=False)
[2020-09-05 12:46:37.928446] TRACE: slash.core.scope_manager: Popped scope test
[2020-09-05 12:46:37.932587] NOTICE: slash.runner: #40: /tmp/tmpy1uga220/test_08531.py:test_08543
[2020-09-05 12:46:37.933038] DEBUG: slash.runner: Started test #40: <Runnable test </tmp/tmpy1uga220/test_08531.py:test_08543>>
[2020-09-05 12:46:37.940160] TRACE: slash.core.scope_manager: Pushed scope test
[2020-09-05 12:46:37.940333] TRACE: slash.core.cleanup_manager: CleanupManager: pushing scope 'test'
[2020-09-05 12:46:37.943830] TRACE: slash.core.scope_manager: Popping scope test (expected test)
[2020-09-05 12:46:37.943978] TRACE: slash.core.cleanup_manager: CleanupManager: popping scope 'test' (failure: False, interrupt: False)
[2020-09-05 12:46:37.944058] TRACE: slash.core.cleanup_manager: Calling cleanups of scope 'test' (failure=False, interrupt=False)
[2020-09-05 12:46:37.948363] TRACE: slash.core.scope_manager: Popped scope test
[2020-09-05 12:46:37.952743] NOTICE: slash.runner: #41: /tmp/tmpy1uga220/test_08531.py:Test08532.test_08533
[2020-09-05 12:46:37.953208] DEBUG: slash.runner: Started test #41: <Runnable test </tmp/tmpy1uga220/test_08531.py:Test08532.test_08533>>
[2020-09-05 12:46:37.960074] TRACE: slash.core.scope_manager: Pushed scope test
[2020-09-05 12:46:37.960247] TRACE: slash.core.cleanup_manager: CleanupManager: pushing scope 'test'
[2020-09-05 12:46:37.970641] TRACE: slash.core.scope_manager: Popping scope test (expected test)
[2020-09-05 12:46:37.970842] TRACE: slash.core.cleanup_manager: CleanupManager: popping scope 'test' (failure: False, interrupt: False)
[2020-09-05 12:46:37.970925] TRACE: slash.core.cleanup_manager: Calling cleanups of scope 'test' (failure=False, interrupt=False)
[2020-09-05 12:46:37.974544] TRACE: slash.core.scope_manager: Popped scope test
[2020-09-05 12:46:37.978570] NOTICE: slash.runner: #42: /tmp/tmpy1uga220/test_08531.py:test_08534
[2020-09-05 12:46:37.978989] DEBUG: slash.runner: Started test #42: <Runnable test </tmp/tmpy1uga220/test_08531.py:test_08534>>
[2020-09-05 12:46:37.985761] TRACE: slash.core.scope_manager: Pushed scope test
[2020-09-05 12:46:37.985957] TRACE: slash.core.cleanup_manager: CleanupManager: pushing scope 'test'
[2020-09-05 12:46:37.989410] TRACE: slash.core.scope_manager: Popping scope test (expected test)
[2020-09-05 12:46:37.989556] TRACE: slash.core.cleanup_manager: CleanupManager: popping scope 'test' (failure: False, interrupt: False)
[2020-09-05 12:46:37.989643] TRACE: slash.core.cleanup_manager: Calling cleanups of scope 'test' (failure=False, interrupt=False)
[2020-09-05 12:46:37.995321] TRACE: slash.core.scope_manager: Popped scope test
[2020-09-05 12:46:38.000412] NOTICE: slash.runner: #43: /tmp/tmpy1uga220/test_08531.py:Test08532.test_08535
[2020-09-05 12:46:38.001091] DEBUG: slash.runner: Started test #43: <Runnable test </tmp/tmpy1uga220/test_08531.py:Test08532.test_08535>>
[2020-09-05 12:46:38.012232] TRACE: slash.core.scope_manager: Pushed scope test
[2020-09-05 12:46:38.012440] TRACE: slash.core.cleanup_manager: CleanupManager: pushing scope 'test'
[2020-09-05 12:46:38.026114] TRACE: slash.core.scope_manager: Popping scope test (expected test)
[2020-09-05 12:46:38.026348] TRACE: slash.core.cleanup_manager: CleanupManager: popping scope 'test' (failure: False, interrupt: False)
[2020-09-05 12:46:38.026459] TRACE: slash.core.cleanup_manager: Calling cleanups of scope 'test' (failure=False, interrupt=False)
[2020-09-05 12:46:38.031685] TRACE: slash.core.scope_manager: Popped scope test
[2020-09-05 12:46:38.036763] NOTICE: slash.runner: #44: /tmp/tmpy1uga220/test_08531.py:test_08536
[2020-09-05 12:46:38.037306] DEBUG: slash.runner: Started test #44: <Runnable test </tmp/tmpy1uga220/test_08531.py:test_08536>>
[2020-09-05 12:46:38.046084] TRACE: slash.core.scope_manager: Pushed scope test
[2020-09-05 12:46:38.046262] TRACE: slash.core.cleanup_manager: CleanupManager: pushing scope 'test'
[2020-09-05 12:46:38.050479] TRACE: slash.core.scope_manager: Popping scope test (expected test)
[2020-09-05 12:46:38.050648] TRACE: slash.core.cleanup_manager: CleanupManager: popping scope 'test' (failure: False, interrupt: False)
[2020-09-05 12:46:38.050752] TRACE: slash.core.cleanup_manager: Calling cleanups of scope 'test' (failure=False, interrupt=False)
[2020-09-05 12:46:38.055466] TRACE: slash.core.scope_manager: Popped scope test
[2020-09-05 12:46:38.060234] NOTICE: slash.runner: #45: /tmp/tmpy1uga220/test_08531.py:Test08532.test_08537
[2020-09-05 12:46:38.060742] DEBUG: slash.runner: Started test #45: <Runnable test </tmp/tmpy1uga220/test_08531.py:Test08532.test_08537>>
[2020-09-05 12:46:38.068918] TRACE: slash.core.scope_manager: Pushed scope test
[2020-09-05 12:46:38.069065] TRACE: slash.core.cleanup_manager: CleanupManager: pushing scope 'test'
[2020-09-05 12:46:38.081807] TRACE: slash.core.scope_manager: Popping scope test (expected test)
[2020-09-05 12:46:38.082021] TRACE: slash.core.cleanup_manager: CleanupManager: popping scope 'test' (failure: False, interrupt: False)
[2020-09-05 12:46:38.082126] TRACE: slash.core.cleanup_manager: Calling cleanups of scope 'test' (failure=False, interrupt=False)
[2020-09-05 12:46:38.086623] TRACE: slash.core.scope_manager: Popped scope test
[2020-09-05 12:46:38.091358] NOTICE: slash.runner: #46: /tmp/tmpy1uga220/test_08531.py:test_08538
[2020-09-05 12:46:38.091874] DEBUG: slash.runner: Started test #46: <Runnable test </tmp/tmpy1uga220/test_08531.py:test_08538>>
[2020-09-05 12:46:38.100534] TRACE: slash.core.scope_manager: Pushed scope test
[2020-09-05 12:46:38.100726] TRACE: slash.core.cleanup_manager: CleanupManager: pushing scope 'test'
[2020-09-05 12:46:38.107012] TRACE: slash.core.scope_manager: Popping scope test (expected test)
[2020-09-05 12:46:38.107332] TRACE: slash.core.cleanup_manager: CleanupManager: popping scope 'test' (failure: False, interrupt: False)
[2020-09-05 12:46:38.107439] TRACE: slash.core.cleanup_manager: Calling cleanups of scope 'test' (failure=False, interrupt=False)
[2020-09-05 12:46:38.111989] TRACE: slash.core.scope_manager: Popped scope test
[2020-09-05 12:46:38.116784] NOTICE: slash.runner: #47: /tmp/tmpy1uga220/test_08531.py:Test08539.test_08540
[2020-09-05 12:46:38.117308] DEBUG: slash.runner: Started test #47: <Runnable test </tmp/tmpy1uga220/test_08531.py:Test08539.test_08540>>
[2020-09-05 12:46:38.126090] TRACE: slash.core.scope_manager: Pushed scope test
[2020-09-05 12:46:38.126279] TRACE: slash.core.cleanup_manager: CleanupManager: pushing scope 'test'
[2020-09-05 12:46:38.139050] TRACE: slash.core.scope_manager: Popping scope test (expected test)
[2020-09-05 12:46:38.139274] TRACE: slash.core.cleanup_manager: CleanupManager: popping scope 'test' (failure: False, interrupt: False)
[2020-09-05 12:46:38.139393] TRACE: slash.core.cleanup_manager: Calling cleanups of scope 'test' (failure=False, interrupt=False)
[2020-09-05 12:46:38.143898] TRACE: slash.core.scope_manager: Popped scope test
[2020-09-05 12:46:38.148771] NOTICE: slash.runner: #48: /tmp/tmpy1uga220/test_08531.py:test_08541
[2020-09-05 12:46:38.149288] DEBUG: slash.runner: Started test #48: <Runnable test </tmp/tmpy1uga220/test_08531.py:test_08541>>
[2020-09-05 12:46:38.157543] TRACE: slash.core.scope_manager: Pushed scope test
[2020-09-05 12:46:38.157712] TRACE: slash.core.cleanup_manager: CleanupManager: pushing scope 'test'
[2020-09-05 12:46:38.161949] TRACE: slash.core.scope_manager: Popping scope test (expected test)
[2020-09-05 12:46:38.162114] TRACE: slash.core.cleanup_manager: CleanupManager: popping scope 'test' (failure: False, interrupt: False)
[2020-09-05 12:46:38.162218] TRACE: slash.core.cleanup_manager: Calling cleanups of scope 'test' (failure=False, interrupt=False)
[2020-09-05 12:46:38.166991] TRACE: slash.core.scope_manager: Popped scope test
[2020-09-05 12:46:38.171727] NOTICE: slash.runner: #49: /tmp/tmpy1uga220/test_08531.py:Test08539.test_08542
[2020-09-05 12:46:38.172226] DEBUG: slash.runner: Started test #49: <Runnable test </tmp/tmpy1uga220/test_08531.py:Test08539.test_08542>>
[2020-09-05 12:46:38.180344] TRACE: slash.core.scope_manager: Pushed scope test
[2020-09-05 12:46:38.180493] TRACE: slash.core.cleanup_manager: CleanupManager: pushing scope 'test'
[2020-09-05 12:46:38.192928] TRACE: slash.core.scope_manager: Popping scope test (expected test)
[2020-09-05 12:46:38.193098] TRACE: slash.core.cleanup_manager: CleanupManager: popping scope 'test' (failure: False, interrupt: False)
[2020-09-05 12:46:38.193203] TRACE: slash.core.cleanup_manager: Calling cleanups of scope 'test' (failure=False, interrupt=False)
[2020-09-05 12:46:38.197650] TRACE: slash.core.scope_manager: Popped scope test
[2020-09-05 12:46:38.202984] NOTICE: slash.runner: #50: /tmp/tmpy1uga220/test_08531.py:test_08543
[2020-09-05 12:46:38.203479] DEBUG: slash.runner: Started test #50: <Runnable test </tmp/tmpy1uga220/test_08531.py:test_08543>>
[2020-09-05 12:46:38.213172] TRACE: slash.core.scope_manager: Pushed scope test
[2020-09-05 12:46:38.213430] TRACE: slash.core.cleanup_manager: CleanupManager: pushing scope 'test'
[2020-09-05 12:46:38.217592] TRACE: slash.core.scope_manager: Popping scope test (expected test)
[2020-09-05 12:46:38.217746] TRACE: slash.core.cleanup_manager: CleanupManager: popping scope 'test' (failure: False, interrupt: False)
[2020-09-05 12:46:38.217856] TRACE: slash.core.cleanup_manager: Calling cleanups of scope 'test' (failure=False, interrupt=False)
[2020-09-05 12:46:38.222417] TRACE: slash.core.scope_manager: Popped scope test
[2020-09-05 12:46:38.230491] TRACE: slash.core.scope_manager: Popping scope module (expected module)
[2020-09-05 12:46:38.230649] TRACE: slash.core.cleanup_manager: CleanupManager: popping scope 'module' (failure: False, interrupt: False)
[2020-09-05 12:46:38.230753] TRACE: slash.core.cleanup_manager: Calling cleanups of scope 'module' (failure=False, interrupt=False)
[2020-09-05 12:46:38.230866] TRACE: slash.core.scope_manager: Popped scope module
[2020-09-05 12:46:38.230955] TRACE: slash.core.scope_manager: Popping scope session (expected session)
[2020-09-05 12:46:38.231053] TRACE: slash.core.cleanup_manager: CleanupManager: popping scope 'session' (failure: False, interrupt: False)
[2020-09-05 12:46:38.231139] TRACE: slash.core.cleanup_manager: Calling cleanups of scope 'session' (failure=False, interrupt=False)
[2020-09-05 12:46:38.231237] TRACE: slash.core.scope_manager: Popped scope session
[2020-09-05 12:46:38.232118] TRACE: slash.runner: Session finished. is_success=True has_skips=False
[2020-09-05 12:46:38.236160] TRACE: slash.core.cleanup_manager: CleanupManager: popping scope 'session-global' (failure: False, interrupt: False)
[2020-09-05 12:46:38.236292] TRACE: slash.core.cleanup_manager: Calling cleanups of scope 'session-global' (failure=False, interrupt=False)
[2020-09-05 12:46:39.377180] DEBUG: slash.resuming: Saved resume state to DB

----------- coverage: platform linux, python 3.5.6-final-0 -----------
Coverage HTML written to dir htmlcov

=========================== short test summary info ============================
FAILED tests/test_repeat.py::test_repeat_all_global - assert [0, 1, 2, 3, 4, ...
===== 1 failed, 1512 passed, 1 skipped, 164 warnings in 987.38s (0:16:27) ======

travis_time:end:06ba3eba:start=1599309262329312246,finish=1599310259687489610,duration=997358177364[0K
[31;1mThe command "make test" exited with 2.[0m
travis_time:start:1fb047ca[0K$ if [[ $TRAVIS_PYTHON_VERSION == '3.6' ]]; then make pylint; fi

travis_time:end:1fb047ca:start=1599310259698854631,finish=1599310259707206850,duration=8352219[0K
[32;1mThe command "if [[ $TRAVIS_PYTHON_VERSION == '3.6' ]]; then make pylint; fi" exited with 0.[0m
travis_fold:start:after_failure[0Ktravis_time:start:11fcb080[0K$ .env/bin/pip freeze
alabaster==0.7.12
arrow==0.16.0
astroid==2.4.2
atomicwrites==1.4.0
attrs==20.2.0
Babel==2.8.0
backcall==0.2.0
certifi==2020.6.20
chardet==3.0.4
click==7.1.2
colorama==0.4.3
confetti==2.5.3
coverage==5.2.1
coveralls==2.1.2
decorator==4.4.2
dessert==1.4.1
docopt==0.6.2
docutils==0.16
emport==1.3.1
gossip==2.4.0
idna==2.10
imagesize==1.2.0
importlib-metadata==1.7.0
iniconfig==1.0.1
ipython==7.9.0
ipython-genutils==0.2.0
isort==4.3.21
jedi==0.17.2
Jinja2==2.11.2
kaptan==0.5.12
lazy-object-proxy==1.4.3
libtmux==0.8.3
Logbook==1.5.3
MarkupSafe==1.1.1
mccabe==0.6.1
more-itertools==8.5.0
munch==2.5.0
orderedset==2.0.3
packaging==20.4
parso==0.7.1
pathlib2==2.3.5
pexpect==4.8.0
pickleshare==0.7.5
pluggy==0.13.1
prompt-toolkit==2.0.10
ptyprocess==0.6.0
py==1.9.0
pyforge==1.3.0
Pygments==2.6.1
pylint==2.6.0
pyparsing==2.4.7
pytest==6.0.1
pytest-catchlog==1.2.2
pytest-cov==2.10.1
pytest-timeout==1.4.2
python-dateutil==2.8.1
pytz==2020.1
PyYAML==5.3.1
raven==6.10.0
releases==1.6.3
requests==2.24.0
semantic-version==2.6.0
sentinels==1.0.0
six==1.15.0
-e git+https://github.com/getslash/slash.git@62f0d7e80e37be06f33c1a9f12cceaaa204880c7#egg=slash
snowballstemmer==2.0.0
Sphinx==3.2.1
sphinxcontrib-applehelp==1.0.2
sphinxcontrib-devhelp==1.0.2
sphinxcontrib-htmlhelp==1.0.3
sphinxcontrib-jsmath==1.0.1
sphinxcontrib-qthelp==1.0.3
sphinxcontrib-serializinghtml==1.1.4
SQLAlchemy==1.3.19
tmuxp==1.5.5
toml==0.10.1
traitlets==4.3.3
typed-ast==1.4.1
urllib3==1.25.10
vintage==0.4.1
wcwidth==0.2.5
wrapt==1.12.1
zipp==1.2.0

travis_time:end:11fcb080:start=1599310259717805307,finish=1599310260355411781,duration=637606474[0Ktravis_fold:end:after_failure[0K
Done. Your build exited with 1.
