travis_fold:start:system_info[0K[33;1mBuild system information[0m
Build language: python
Build id: ''
Job id: ''
[34m[1mBuild image provisioning date and time[0m
Thu Feb  5 15:09:33 UTC 2015
[34m[1mOperating System Details[0m
Distributor ID:	Ubuntu
Description:	Ubuntu 12.04.5 LTS
Release:	12.04
Codename:	precise
[34m[1mLinux Version[0m
3.13.0-29-generic
[34m[1mCookbooks Version[0m
a68419e https://github.com/travis-ci/travis-cookbooks/tree/a68419e
[34m[1mGCC version[0m
gcc (Ubuntu/Linaro 4.6.3-1ubuntu5) 4.6.3
Copyright (C) 2011 Free Software Foundation, Inc.
This is free software; see the source for copying conditions.  There is NO
warranty; not even for MERCHANTABILITY or FITNESS FOR A PARTICULAR PURPOSE.

[34m[1mLLVM version[0m
clang version 3.4 (tags/RELEASE_34/final)
Target: x86_64-unknown-linux-gnu
Thread model: posix
[34m[1mPre-installed Ruby versions[0m
ruby-1.9.3-p551
[34m[1mPre-installed Node.js versions[0m
v0.10.36
[34m[1mPre-installed Go versions[0m
1.4.1
[34m[1mRedis version[0m
redis-server 2.8.19
[34m[1mriak version[0m
2.0.2
[34m[1mMongoDB version[0m
MongoDB 2.4.12
[34m[1mCouchDB version[0m
couchdb 1.6.1
[34m[1mNeo4j version[0m
1.9.4
[34m[1mRabbitMQ Version[0m
3.4.3
[34m[1mElasticSearch version[0m
1.4.0
[34m[1mInstalled Sphinx versions[0m
2.0.10
2.1.9
2.2.6
[34m[1mDefault Sphinx version[0m
2.2.6
[34m[1mInstalled Firefox version[0m
firefox 31.0esr
[34m[1mPhantomJS version[0m
1.9.8
[34m[1mant -version[0m
Apache Ant(TM) version 1.8.2 compiled on December 3 2011
[34m[1mmvn -version[0m
Apache Maven 3.2.5 (12a6b3acb947671f09b81f49094c53f426d8cea1; 2014-12-14T17:29:23+00:00)
Maven home: /usr/local/maven
Java version: 1.7.0_76, vendor: Oracle Corporation
Java home: /usr/lib/jvm/java-7-oracle/jre
Default locale: en_US, platform encoding: ANSI_X3.4-1968
OS name: "linux", version: "3.13.0-29-generic", arch: "amd64", family: "unix"
travis_fold:end:system_info[0K
grep: /etc/apt/sources.list.d/*: No such file or directory
sed: cannot rename /etc/hosts: Device or resource busy
sed: cannot rename /etc/hosts: Device or resource busy
$ cd failed/ccnmtl/dmt
travis_fold:start:install_firefox[0K$ export FIREFOX_SOURCE_URL='https://download.mozilla.org/?product=firefox-28.0&lang=en-US&os=linux64'
[33;1mInstalling Firefox 28.0[0m
travis_time:start:02de2f67[0K$ wget -O /tmp/firefox-28.0.tar.bz2 $FIREFOX_SOURCE_URL
--2021-02-28 03:26:01--  https://download.mozilla.org/?product=firefox-28.0&lang=en-US&os=linux64
Resolving download.mozilla.org (download.mozilla.org)... 52.34.164.222, 54.186.27.68, 34.210.6.237
Connecting to download.mozilla.org (download.mozilla.org)|52.34.164.222|:443... connected.
HTTP request sent, awaiting response... 302 Found
Location: https://download-installer.cdn.mozilla.net/pub/firefox/releases/28.0/linux-x86_64/en-US/firefox-28.0.tar.bz2 [following]
--2021-02-28 03:26:02--  https://download-installer.cdn.mozilla.net/pub/firefox/releases/28.0/linux-x86_64/en-US/firefox-28.0.tar.bz2
Resolving download-installer.cdn.mozilla.net (download-installer.cdn.mozilla.net)... 13.224.26.58, 2600:9000:2164:ac00:e:19d6:1546:5981, 2600:9000:2164:5400:e:19d6:1546:5981, ...
Connecting to download-installer.cdn.mozilla.net (download-installer.cdn.mozilla.net)|13.224.26.58|:443... connected.
HTTP request sent, awaiting response... 200 OK
Length: 30503247 (29M) [application/x-tar]
Saving to: `/tmp/firefox-28.0.tar.bz2'

     0K .......... .......... .......... .......... ..........  0% 2.03M 14s
    50K .......... .......... .......... .......... ..........  0% 2.67M 13s
   100K .......... .......... .......... .......... ..........  0% 5.10M 10s
   150K .......... .......... .......... .......... ..........  0% 4.00M 9s
   200K .......... .......... .......... .......... ..........  0% 8.03M 8s
   250K .......... .......... .......... .......... ..........  1% 9.98M 7s
   300K .......... .......... .......... .......... ..........  1% 8.20M 7s
   350K .......... .......... .......... .......... ..........  1% 8.60M 6s
   400K .......... .......... .......... .......... ..........  1% 14.5M 6s
   450K .......... .......... .......... .......... ..........  1% 14.6M 5s
   500K .......... .......... .......... .......... ..........  1% 16.8M 5s
   550K .......... .......... .......... .......... ..........  2% 17.9M 5s
   600K .......... .......... .......... .......... ..........  2% 18.4M 5s
   650K .......... .......... .......... .......... ..........  2% 20.4M 4s
   700K .......... .......... .......... .......... ..........  2% 19.3M 4s
   750K .......... .......... .......... .......... ..........  2% 20.9M 4s
   800K .......... .......... .......... .......... ..........  2% 38.7M 4s
   850K .......... .......... .......... .......... ..........  3% 24.3M 4s
   900K .......... .......... .......... .......... ..........  3% 22.5M 3s
   950K .......... .......... .......... .......... ..........  3% 20.6M 3s
  1000K .......... .......... .......... .......... ..........  3% 29.7M 3s
  1050K .......... .......... .......... .......... ..........  3% 45.0M 3s
  1100K .......... .......... .......... .......... ..........  3% 30.3M 3s
  1150K .......... .......... .......... .......... ..........  4% 51.8M 3s
  1200K .......... .......... .......... .......... ..........  4% 31.4M 3s
  1250K .......... .......... .......... .......... ..........  4% 48.4M 3s
  1300K .......... .......... .......... .......... ..........  4% 35.4M 3s
  1350K .......... .......... .......... .......... ..........  4% 54.8M 3s
  1400K .......... .......... .......... .......... ..........  4% 38.5M 3s
  1450K .......... .......... .......... .......... ..........  5% 41.0M 2s
  1500K .......... .......... .......... .......... ..........  5% 52.2M 2s
  1550K .......... .......... .......... .......... ..........  5% 76.0M 2s
  1600K .......... .......... .......... .......... ..........  5% 47.1M 2s
  1650K .......... .......... .......... .......... ..........  5% 50.9M 2s
  1700K .......... .......... .......... .......... ..........  5% 54.4M 2s
  1750K .......... .......... .......... .......... ..........  6% 47.1M 2s
  1800K .......... .......... .......... .......... ..........  6%  109M 2s
  1850K .......... .......... .......... .......... ..........  6% 53.4M 2s
  1900K .......... .......... .......... .......... ..........  6% 54.9M 2s
  1950K .......... .......... .......... .......... ..........  6% 52.7M 2s
  2000K .......... .......... .......... .......... ..........  6%  123M 2s
  2050K .......... .......... .......... .......... ..........  7% 54.3M 2s
  2100K .......... .......... .......... .......... ..........  7% 64.1M 2s
  2150K .......... .......... .......... .......... ..........  7% 60.8M 2s
  2200K .......... .......... .......... .......... ..........  7%  112M 2s
  2250K .......... .......... .......... .......... ..........  7% 65.3M 2s
  2300K .......... .......... .......... .......... ..........  7% 63.3M 2s
  2350K .......... .......... .......... .......... ..........  8% 60.9M 2s
  2400K .......... .......... .......... .......... ..........  8% 74.2M 2s
  2450K .......... .......... .......... .......... ..........  8% 75.6M 2s
  2500K .......... .......... .......... .......... ..........  8% 97.8M 2s
  2550K .......... .......... .......... .......... ..........  8% 74.2M 2s
  2600K .......... .......... .......... .......... ..........  8% 76.1M 2s
  2650K .......... .......... .......... .......... ..........  9% 84.8M 1s
  2700K .......... .......... .......... .......... ..........  9%  107M 1s
  2750K .......... .......... .......... .......... ..........  9% 70.8M 1s
  2800K .......... .......... .......... .......... ..........  9% 73.5M 1s
  2850K .......... .......... .......... .......... ..........  9% 88.0M 1s
  2900K .......... .......... .......... .......... ..........  9% 97.5M 1s
  2950K .......... .......... .......... .......... .......... 10%  112M 1s
  3000K .......... .......... .......... .......... .......... 10% 95.3M 1s
  3050K .......... .......... .......... .......... .......... 10% 95.5M 1s
  3100K .......... .......... .......... .......... .......... 10% 97.2M 1s
  3150K .......... .......... .......... .......... .......... 10% 78.8M 1s
  3200K .......... .......... .......... .......... .......... 10%  128M 1s
  3250K .......... .......... .......... .......... .......... 11% 91.1M 1s
  3300K .......... .......... .......... .......... .......... 11% 98.8M 1s
  3350K .......... .......... .......... .......... .......... 11% 71.2M 1s
  3400K .......... .......... .......... .......... .......... 11%  130M 1s
  3450K .......... .......... .......... .......... .......... 11% 99.1M 1s
  3500K .......... .......... .......... .......... .......... 11% 63.8M 1s
  3550K .......... .......... .......... .......... .......... 12%  108M 1s
  3600K .......... .......... .......... .......... .......... 12% 94.3M 1s
  3650K .......... .......... .......... .......... .......... 12%  103M 1s
  3700K .......... .......... .......... .......... .......... 12%  137M 1s
  3750K .......... .......... .......... .......... .......... 12%  131M 1s
  3800K .......... .......... .......... .......... .......... 12%  114M 1s
  3850K .......... .......... .......... .......... .......... 13%  118M 1s
  3900K .......... .......... .......... .......... .......... 13%  113M 1s
  3950K .......... .......... .......... .......... .......... 13% 92.7M 1s
  4000K .......... .......... .......... .......... .......... 13%  113M 1s
  4050K .......... .......... .......... .......... .......... 13%  113M 1s
  4100K .......... .......... .......... .......... .......... 13%  111M 1s
  4150K .......... .......... .......... .......... .......... 14%  118M 1s
  4200K .......... .......... .......... .......... .......... 14%  117M 1s
  4250K .......... .......... .......... .......... .......... 14%  113M 1s
  4300K .......... .......... .......... .......... .......... 14%  112M 1s
  4350K .......... .......... .......... .......... .......... 14% 96.4M 1s
  4400K .......... .......... .......... .......... .......... 14%  122M 1s
  4450K .......... .......... .......... .......... .......... 15%  109M 1s
  4500K .......... .......... .......... .......... .......... 15%  122M 1s
  4550K .......... .......... .......... .......... .......... 15%  100M 1s
  4600K .......... .......... .......... .......... .......... 15%  120M 1s
  4650K .......... .......... .......... .......... .......... 15%  110M 1s
  4700K .......... .......... .......... .......... .......... 15%  122M 1s
  4750K .......... .......... .......... .......... .......... 16% 93.8M 1s
  4800K .......... .......... .......... .......... .......... 16%  122M 1s
  4850K .......... .......... .......... .......... .......... 16%  107M 1s
  4900K .......... .......... .......... .......... .......... 16%  116M 1s
  4950K .......... .......... .......... .......... .......... 16% 93.5M 1s
  5000K .......... .......... .......... .......... .......... 16%  128M 1s
  5050K .......... .......... .......... .......... .......... 17%  111M 1s
  5100K .......... .......... .......... .......... .......... 17%  115M 1s
  5150K .......... .......... .......... .......... .......... 17% 96.1M 1s
  5200K .......... .......... .......... .......... .......... 17%  113M 1s
  5250K .......... .......... .......... .......... .......... 17%  112M 1s
  5300K .......... .......... .......... .......... .......... 17%  128M 1s
  5350K .......... .......... .......... .......... .......... 18%  106M 1s
  5400K .......... .......... .......... .......... .......... 18%  113M 1s
  5450K .......... .......... .......... .......... .......... 18%  126M 1s
  5500K .......... .......... .......... .......... .......... 18%  113M 1s
  5550K .......... .......... .......... .......... .......... 18% 92.4M 1s
  5600K .......... .......... .......... .......... .......... 18%  121M 1s
  5650K .......... .......... .......... .......... .......... 19%  108M 1s
  5700K .......... .......... .......... .......... .......... 19%  123M 1s
  5750K .......... .......... .......... .......... .......... 19%  100M 1s
  5800K .......... .......... .......... .......... .......... 19%  122M 1s
  5850K .......... .......... .......... .......... .......... 19%  121M 1s
  5900K .......... .......... .......... .......... .......... 19%  108M 1s
  5950K .......... .......... .......... .......... .......... 20% 95.3M 1s
  6000K .......... .......... .......... .......... .......... 20%  121M 1s
  6050K .......... .......... .......... .......... .......... 20%  108M 1s
  6100K .......... .......... .......... .......... .......... 20%  116M 1s
  6150K .......... .......... .......... .......... .......... 20%  117M 1s
  6200K .......... .......... .......... .......... .......... 20%  113M 1s
  6250K .......... .......... .......... .......... .......... 21%  113M 1s
  6300K .......... .......... .......... .......... .......... 21%  128M 1s
  6350K .......... .......... .......... .......... .......... 21% 84.5M 1s
  6400K .......... .......... .......... .......... .......... 21%  129M 1s
  6450K .......... .......... .......... .......... .......... 21%  113M 1s
  6500K .......... .......... .......... .......... .......... 21%  112M 1s
  6550K .......... .......... .......... .......... .......... 22%  104M 1s
  6600K .......... .......... .......... .......... .......... 22%  117M 1s
  6650K .......... .......... .......... .......... .......... 22%  129M 1s
  6700K .......... .......... .......... .......... .......... 22%  110M 1s
  6750K .......... .......... .......... .......... .......... 22% 93.6M 1s
  6800K .......... .......... .......... .......... .......... 22%  113M 1s
  6850K .......... .......... .......... .......... .......... 23%  127M 1s
  6900K .......... .......... .......... .......... .......... 23%  113M 1s
  6950K .......... .......... .......... .......... .......... 23%  108M 1s
  7000K .......... .......... .......... .......... .......... 23%  113M 1s
  7050K .......... .......... .......... .......... .......... 23%  113M 1s
  7100K .......... .......... .......... .......... .......... 24%  123M 1s
  7150K .......... .......... .......... .......... .......... 24% 87.1M 1s
  7200K .......... .......... .......... .......... .......... 24%  127M 1s
  7250K .......... .......... .......... .......... .......... 24%  111M 1s
  7300K .......... .......... .......... .......... .......... 24%  106M 1s
  7350K .......... .......... .......... .......... .......... 24%  118M 1s
  7400K .......... .......... .......... .......... .......... 25%  121M 1s
  7450K .......... .......... .......... .......... .......... 25%  108M 1s
  7500K .......... .......... .......... .......... .......... 25%  113M 1s
  7550K .......... .......... .......... .......... .......... 25% 99.9M 1s
  7600K .......... .......... .......... .......... .......... 25%  121M 1s
  7650K .......... .......... .......... .......... .......... 25%  109M 1s
  7700K .......... .......... .......... .......... .......... 26%  123M 1s
  7750K .......... .......... .......... .......... .......... 26%  101M 1s
  7800K .......... .......... .......... .......... .......... 26%  120M 1s
  7850K .......... .......... .......... .......... .......... 26%  123M 1s
  7900K .......... .......... .......... .......... .......... 26%  116M 1s
  7950K .......... .......... .......... .......... .......... 26% 87.7M 1s
  8000K .......... .......... .......... .......... .......... 27%  112M 1s
  8050K .......... .......... .......... .......... .......... 27%  128M 1s
  8100K .......... .......... .......... .......... .......... 27%  114M 1s
  8150K .......... .......... .......... .......... .......... 27% 93.8M 1s
  8200K .......... .......... .......... .......... .......... 27%  116M 1s
  8250K .......... .......... .......... .......... .......... 27%  107M 1s
  8300K .......... .......... .......... .......... .......... 28%  119M 1s
  8350K .......... .......... .......... .......... .......... 28%  113M 1s
  8400K .......... .......... .......... .......... .......... 28% 84.8M 1s
  8450K .......... .......... .......... .......... .......... 28%  113M 1s
  8500K .......... .......... .......... .......... .......... 28%  110M 0s
  8550K .......... .......... .......... .......... .......... 28%  123M 0s
  8600K .......... .......... .......... .......... .......... 29%  113M 0s
  8650K .......... .......... .......... .......... .......... 29%  112M 0s
  8700K .......... .......... .......... .......... .......... 29%  109M 0s
  8750K .......... .......... .......... .......... .......... 29% 95.2M 0s
  8800K .......... .......... .......... .......... .......... 29%  115M 0s
  8850K .......... .......... .......... .......... .......... 29%  112M 0s
  8900K .......... .......... .......... .......... .......... 30%  128M 0s
  8950K .......... .......... .......... .......... .......... 30%  104M 0s
  9000K .......... .......... .......... .......... .......... 30%  117M 0s
  9050K .......... .......... .......... .......... .......... 30%  114M 0s
  9100K .......... .......... .......... .......... .......... 30%  128M 0s
  9150K .......... .......... .......... .......... .......... 30% 88.0M 0s
  9200K .......... .......... .......... .......... .......... 31%  122M 0s
  9250K .......... .......... .......... .......... .......... 31%  109M 0s
  9300K .......... .......... .......... .......... .......... 31%  108M 0s
  9350K .......... .......... .......... .......... .......... 31%  122M 0s
  9400K .......... .......... .......... .......... .......... 31% 88.2M 0s
  9450K .......... .......... .......... .......... .......... 31%  101M 0s
  9500K .......... .......... .......... .......... .......... 32%  122M 0s
  9550K .......... .......... .......... .......... .......... 32%  122M 0s
  9600K .......... .......... .......... .......... .......... 32% 93.3M 0s
  9650K .......... .......... .......... .......... .......... 32%  108M 0s
  9700K .......... .......... .......... .......... .......... 32%  128M 0s
  9750K .......... .......... .......... .......... .......... 32%  105M 0s
  9800K .......... .......... .......... .......... .......... 33%  103M 0s
  9850K .......... .......... .......... .......... .......... 33%  109M 0s
  9900K .......... .......... .......... .......... .......... 33%  133M 0s
  9950K .......... .......... .......... .......... .......... 33% 92.8M 0s
 10000K .......... .......... .......... .......... .......... 33%  113M 0s
 10050K .......... .......... .......... .......... .......... 33%  113M 0s
 10100K .......... .......... .......... .......... .......... 34%  107M 0s
 10150K .......... .......... .......... .......... .......... 34%  109M 0s
 10200K .......... .......... .......... .......... .......... 34%  129M 0s
 10250K .......... .......... .......... .......... .......... 34% 86.8M 0s
 10300K .......... .......... .......... .......... .......... 34%  126M 0s
 10350K .......... .......... .......... .......... .......... 34%  112M 0s
 10400K .......... .......... .......... .......... .......... 35%  113M 0s
 10450K .......... .......... .......... .......... .......... 35%  123M 0s
 10500K .......... .......... .......... .......... .......... 35%  112M 0s
 10550K .......... .......... .......... .......... .......... 35%  112M 0s
 10600K .......... .......... .......... .......... .......... 35% 85.3M 0s
 10650K .......... .......... .......... .......... .......... 35%  128M 0s
 10700K .......... .......... .......... .......... .......... 36%  113M 0s
 10750K .......... .......... .......... .......... .......... 36%  112M 0s
 10800K .......... .......... .......... .......... .......... 36%  119M 0s
 10850K .......... .......... .......... .......... .......... 36%  112M 0s
 10900K .......... .......... .......... .......... .......... 36%  111M 0s
 10950K .......... .......... .......... .......... .......... 36% 91.5M 0s
 11000K .......... .......... .......... .......... .......... 37% 85.5M 0s
 11050K .......... .......... .......... .......... .......... 37%  122M 0s
 11100K .......... .......... .......... .......... .......... 37%  108M 0s
 11150K .......... .......... .......... .......... .......... 37%  112M 0s
 11200K .......... .......... .......... .......... .......... 37%  127M 0s
 11250K .......... .......... .......... .......... .......... 37% 94.7M 0s
 11300K .......... .......... .......... .......... .......... 38% 89.4M 0s
 11350K .......... .......... .......... .......... .......... 38%  130M 0s
 11400K .......... .......... .......... .......... .......... 38%  116M 0s
 11450K .......... .......... .......... .......... .......... 38%  118M 0s
 11500K .......... .......... .......... .......... .......... 38%  113M 0s
 11550K .......... .......... .......... .......... .......... 38% 93.3M 0s
 11600K .......... .......... .......... .......... .......... 39%  112M 0s
 11650K .......... .......... .......... .......... .......... 39%  128M 0s
 11700K .......... .......... .......... .......... .......... 39%  113M 0s
 11750K .......... .......... .......... .......... .......... 39%  104M 0s
 11800K .......... .......... .......... .......... .......... 39%  116M 0s
 11850K .......... .......... .......... .......... .......... 39%  124M 0s
 11900K .......... .......... .......... .......... .......... 40%  114M 0s
 11950K .......... .......... .......... .......... .......... 40% 95.2M 0s
 12000K .......... .......... .......... .......... .......... 40%  113M 0s
 12050K .......... .......... .......... .......... .......... 40%  113M 0s
 12100K .......... .......... .......... .......... .......... 40%  105M 0s
 12150K .......... .......... .......... .......... .......... 40%  109M 0s
 12200K .......... .......... .......... .......... .......... 41%  111M 0s
 12250K .......... .......... .......... .......... .......... 41%  117M 0s
 12300K .......... .......... .......... .......... .......... 41% 93.5M 0s
 12350K .......... .......... .......... .......... .......... 41%  112M 0s
 12400K .......... .......... .......... .......... .......... 41%  113M 0s
 12450K .......... .......... .......... .......... .......... 41%  129M 0s
 12500K .......... .......... .......... .......... .......... 42%  112M 0s
 12550K .......... .......... .......... .......... .......... 42% 96.1M 0s
 12600K .......... .......... .......... .......... .......... 42%  109M 0s
 12650K .......... .......... .......... .......... .......... 42%  103M 0s
 12700K .......... .......... .......... .......... .......... 42%  131M 0s
 12750K .......... .......... .......... .......... .......... 42% 97.2M 0s
 12800K .......... .......... .......... .......... .......... 43% 88.1M 0s
 12850K .......... .......... .......... .......... .......... 43%  136M 0s
 12900K .......... .......... .......... .......... .......... 43%  109M 0s
 12950K .......... .......... .......... .......... .......... 43%  115M 0s
 13000K .......... .......... .......... .......... .......... 43%  123M 0s
 13050K .......... .......... .......... .......... .......... 43%  107M 0s
 13100K .......... .......... .......... .......... .......... 44%  121M 0s
 13150K .......... .......... .......... .......... .......... 44% 95.0M 0s
 13200K .......... .......... .......... .......... .......... 44%  128M 0s
 13250K .......... .......... .......... .......... .......... 44%  122M 0s
 13300K .......... .......... .......... .......... .......... 44%  102M 0s
 13350K .......... .......... .......... .......... .......... 44%  107M 0s
 13400K .......... .......... .......... .......... .......... 45% 88.7M 0s
 13450K .......... .......... .......... .......... .......... 45%  116M 0s
 13500K .......... .......... .......... .......... .......... 45%  112M 0s
 13550K .......... .......... .......... .......... .......... 45% 93.1M 0s
 13600K .......... .......... .......... .......... .......... 45%  113M 0s
 13650K .......... .......... .......... .......... .......... 45%  112M 0s
 13700K .......... .......... .......... .......... .......... 46%  128M 0s
 13750K .......... .......... .......... .......... .......... 46%  109M 0s
 13800K .......... .......... .......... .......... .......... 46%  107M 0s
 13850K .......... .......... .......... .......... .......... 46%  118M 0s
 13900K .......... .......... .......... .......... .......... 46%  110M 0s
 13950K .......... .......... .......... .......... .......... 46% 92.9M 0s
 14000K .......... .......... .......... .......... .......... 47%  129M 0s
 14050K .......... .......... .......... .......... .......... 47%  112M 0s
 14100K .......... .......... .......... .......... .......... 47%  101M 0s
 14150K .......... .......... .......... .......... .......... 47%  108M 0s
 14200K .......... .......... .......... .......... .......... 47%  114M 0s
 14250K .......... .......... .......... .......... .......... 48%  111M 0s
 14300K .......... .......... .......... .......... .......... 48% 97.7M 0s
 14350K .......... .......... .......... .......... .......... 48% 77.8M 0s
 14400K .......... .......... .......... .......... .......... 48%  102M 0s
 14450K .......... .......... .......... .......... .......... 48% 92.6M 0s
 14500K .......... .......... .......... .......... .......... 48% 88.6M 0s
 14550K .......... .......... .......... .......... .......... 49%  111M 0s
 14600K .......... .......... .......... .......... .......... 49%  109M 0s
 14650K .......... .......... .......... .......... .......... 49%  122M 0s
 14700K .......... .......... .......... .......... .......... 49%  122M 0s
 14750K .......... .......... .......... .......... .......... 49% 49.7M 0s
 14800K .......... .......... .......... .......... .......... 49%  126M 0s
 14850K .......... .......... .......... .......... .......... 50%  105M 0s
 14900K .......... .......... .......... .......... .......... 50%  121M 0s
 14950K .......... .......... .......... .......... .......... 50%  116M 0s
 15000K .......... .......... .......... .......... .......... 50%  106M 0s
 15050K .......... .......... .......... .......... .......... 50%  122M 0s
 15100K .......... .......... .......... .......... .......... 50%  115M 0s
 15150K .......... .......... .......... .......... .......... 51% 93.1M 0s
 15200K .......... .......... .......... .......... .......... 51%  101M 0s
 15250K .......... .......... .......... .......... .......... 51%  122M 0s
 15300K .......... .......... .......... .......... .......... 51%  103M 0s
 15350K .......... .......... .......... .......... .......... 51%  108M 0s
 15400K .......... .......... .......... .......... .......... 51%  114M 0s
 15450K .......... .......... .......... .......... .......... 52%  122M 0s
 15500K .......... .......... .......... .......... .......... 52%  113M 0s
 15550K .......... .......... .......... .......... .......... 52% 86.7M 0s
 15600K .......... .......... .......... .......... .......... 52%  129M 0s
 15650K .......... .......... .......... .......... .......... 52%  113M 0s
 15700K .......... .......... .......... .......... .......... 52%  109M 0s
 15750K .......... .......... .......... .......... .......... 53%  123M 0s
 15800K .......... .......... .......... .......... .......... 53%  105M 0s
 15850K .......... .......... .......... .......... .......... 53%  122M 0s
 15900K .......... .......... .......... .......... .......... 53%  113M 0s
 15950K .......... .......... .......... .......... .......... 53% 93.8M 0s
 16000K .......... .......... .......... .......... .......... 53%  113M 0s
 16050K .......... .......... .......... .......... .......... 54%  126M 0s
 16100K .......... .......... .......... .......... .......... 54%  101M 0s
 16150K .......... .......... .......... .......... .......... 54%  105M 0s
 16200K .......... .......... .......... .......... .......... 54%  133M 0s
 16250K .......... .......... .......... .......... .......... 54%  112M 0s
 16300K .......... .......... .......... .......... .......... 54%  111M 0s
 16350K .......... .......... .......... .......... .......... 55% 93.4M 0s
 16400K .......... .......... .......... .......... .......... 55%  121M 0s
 16450K .......... .......... .......... .......... .......... 55%  108M 0s
 16500K .......... .......... .......... .......... .......... 55%  123M 0s
 16550K .......... .......... .......... .......... .......... 55%  116M 0s
 16600K .......... .......... .......... .......... .......... 55%  105M 0s
 16650K .......... .......... .......... .......... .......... 56%  120M 0s
 16700K .......... .......... .......... .......... .......... 56%  123M 0s
 16750K .......... .......... .......... .......... .......... 56% 85.7M 0s
 16800K .......... .......... .......... .......... .......... 56%  122M 0s
 16850K .......... .......... .......... .......... .......... 56%  120M 0s
 16900K .......... .......... .......... .......... .......... 56%  112M 0s
 16950K .......... .......... .......... .......... .......... 57%  108M 0s
 17000K .......... .......... .......... .......... .......... 57%  113M 0s
 17050K .......... .......... .......... .......... .......... 57%  128M 0s
 17100K .......... .......... .......... .......... .......... 57% 84.9M 0s
 17150K .......... .......... .......... .......... .......... 57%  113M 0s
 17200K .......... .......... .......... .......... .......... 57%  111M 0s
 17250K .......... .......... .......... .......... .......... 58%  130M 0s
 17300K .......... .......... .......... .......... .......... 58%  112M 0s
 17350K .......... .......... .......... .......... .......... 58%  108M 0s
 17400K .......... .......... .......... .......... .......... 58%  108M 0s
 17450K .......... .......... .......... .......... .......... 58%  134M 0s
 17500K .......... .......... .......... .......... .......... 58%  111M 0s
 17550K .......... .......... .......... .......... .......... 59% 93.2M 0s
 17600K .......... .......... .......... .......... .......... 59%  113M 0s
 17650K .......... .......... .......... .......... .......... 59%  112M 0s
 17700K .......... .......... .......... .......... .......... 59%  129M 0s
 17750K .......... .......... .......... .......... .......... 59%  108M 0s
 17800K .......... .......... .......... .......... .......... 59%  112M 0s
 17850K .......... .......... .......... .......... .......... 60%  110M 0s
 17900K .......... .......... .......... .......... .......... 60%  133M 0s
 17950K .......... .......... .......... .......... .......... 60% 85.0M 0s
 18000K .......... .......... .......... .......... .......... 60%  112M 0s
 18050K .......... .......... .......... .......... .......... 60%  128M 0s
 18100K .......... .......... .......... .......... .......... 60%  110M 0s
 18150K .......... .......... .......... .......... .......... 61%  113M 0s
 18200K .......... .......... .......... .......... .......... 61%  109M 0s
 18250K .......... .......... .......... .......... .......... 61%  122M 0s
 18300K .......... .......... .......... .......... .......... 61%  120M 0s
 18350K .......... .......... .......... .......... .......... 61% 93.9M 0s
 18400K .......... .......... .......... .......... .......... 61%  108M 0s
 18450K .......... .......... .......... .......... .......... 62%  122M 0s
 18500K .......... .......... .......... .......... .......... 62%  129M 0s
 18550K .......... .......... .......... .......... .......... 62% 97.5M 0s
 18600K .......... .......... .......... .......... .......... 62%  120M 0s
 18650K .......... .......... .......... .......... .......... 62%  112M 0s
 18700K .......... .......... .......... .......... .......... 62%  114M 0s
 18750K .......... .......... .......... .......... .......... 63% 93.7M 0s
 18800K .......... .......... .......... .......... .......... 63%  111M 0s
 18850K .......... .......... .......... .......... .......... 63%  114M 0s
 18900K .......... .......... .......... .......... .......... 63%  101M 0s
 18950K .......... .......... .......... .......... .......... 63%  108M 0s
 19000K .......... .......... .......... .......... .......... 63% 99.1M 0s
 19050K .......... .......... .......... .......... .......... 64%  113M 0s
 19100K .......... .......... .......... .......... .......... 64%  112M 0s
 19150K .......... .......... .......... .......... .......... 64% 66.8M 0s
 19200K .......... .......... .......... .......... .......... 64%  130M 0s
 19250K .......... .......... .......... .......... .......... 64%  110M 0s
 19300K .......... .......... .......... .......... .......... 64%  128M 0s
 19350K .......... .......... .......... .......... .......... 65%  108M 0s
 19400K .......... .......... .......... .......... .......... 65% 81.9M 0s
 19450K .......... .......... .......... .......... .......... 65%  113M 0s
 19500K .......... .......... .......... .......... .......... 65%  113M 0s
 19550K .......... .......... .......... .......... .......... 65% 93.2M 0s
 19600K .......... .......... .......... .......... .......... 65%  111M 0s
 19650K .......... .......... .......... .......... .......... 66%  114M 0s
 19700K .......... .......... .......... .......... .......... 66%  128M 0s
 19750K .......... .......... .......... .......... .......... 66%  103M 0s
 19800K .......... .......... .......... .......... .......... 66%  114M 0s
 19850K .......... .......... .......... .......... .......... 66%  117M 0s
 19900K .......... .......... .......... .......... .......... 66%  116M 0s
 19950K .......... .......... .......... .......... .......... 67% 91.4M 0s
 20000K .......... .......... .......... .......... .......... 67%  122M 0s
 20050K .......... .......... .......... .......... .......... 67%  120M 0s
 20100K .......... .......... .......... .......... .......... 67%  108M 0s
 20150K .......... .......... .......... .......... .......... 67%  114M 0s
 20200K .......... .......... .......... .......... .......... 67%  121M 0s
 20250K .......... .......... .......... .......... .......... 68%  108M 0s
 20300K .......... .......... .......... .......... .......... 68%  121M 0s
 20350K .......... .......... .......... .......... .......... 68% 94.6M 0s
 20400K .......... .......... .......... .......... .......... 68%  108M 0s
 20450K .......... .......... .......... .......... .......... 68%  115M 0s
 20500K .......... .......... .......... .......... .......... 68%  127M 0s
 20550K .......... .......... .......... .......... .......... 69%  108M 0s
 20600K .......... .......... .......... .......... .......... 69%  113M 0s
 20650K .......... .......... .......... .......... .......... 69%  109M 0s
 20700K .......... .......... .......... .......... .......... 69%  128M 0s
 20750K .......... .......... .......... .......... .......... 69% 86.9M 0s
 20800K .......... .......... .......... .......... .......... 69%  126M 0s
 20850K .......... .......... .......... .......... .......... 70%  115M 0s
 20900K .......... .......... .......... .......... .......... 70%  113M 0s
 20950K .......... .......... .......... .......... .......... 70%  107M 0s
 21000K .......... .......... .......... .......... .......... 70%  124M 0s
 21050K .......... .......... .......... .......... .......... 70%  117M 0s
 21100K .......... .......... .......... .......... .......... 71% 91.0M 0s
 21150K .......... .......... .......... .......... .......... 71%  114M 0s
 21200K .......... .......... .......... .......... .......... 71%  113M 0s
 21250K .......... .......... .......... .......... .......... 71%  127M 0s
 21300K .......... .......... .......... .......... .......... 71%  113M 0s
 21350K .......... .......... .......... .......... .......... 71%  108M 0s
 21400K .......... .......... .......... .......... .......... 72%  112M 0s
 21450K .......... .......... .......... .......... .......... 72%  129M 0s
 21500K .......... .......... .......... .......... .......... 72%  112M 0s
 21550K .......... .......... .......... .......... .......... 72% 84.9M 0s
 21600K .......... .......... .......... .......... .......... 72%  128M 0s
 21650K .......... .......... .......... .......... .......... 72%  113M 0s
 21700K .......... .......... .......... .......... .......... 73%  115M 0s
 21750K .......... .......... .......... .......... .......... 73%  115M 0s
 21800K .......... .......... .......... .......... .......... 73%  109M 0s
 21850K .......... .......... .......... .......... .......... 73%  118M 0s
 21900K .......... .......... .......... .......... .......... 73% 93.7M 0s
 21950K .......... .......... .......... .......... .......... 73%  121M 0s
 22000K .......... .......... .......... .......... .......... 74%  109M 0s
 22050K .......... .......... .......... .......... .......... 74%  122M 0s
 22100K .......... .......... .......... .......... .......... 74%  108M 0s
 22150K .......... .......... .......... .......... .......... 74%  116M 0s
 22200K .......... .......... .......... .......... .......... 74%  118M 0s
 22250K .......... .......... .......... .......... .......... 74%  107M 0s
 22300K .......... .......... .......... .......... .......... 75%  115M 0s
 22350K .......... .......... .......... .......... .......... 75%  107M 0s
 22400K .......... .......... .......... .......... .......... 75%  116M 0s
 22450K .......... .......... .......... .......... .......... 75%  107M 0s
 22500K .......... .......... .......... .......... .......... 75%  112M 0s
 22550K .......... .......... .......... .......... .......... 75%  109M 0s
 22600K .......... .......... .......... .......... .......... 76%  109M 0s
 22650K .......... .......... .......... .......... .......... 76%  113M 0s
 22700K .......... .......... .......... .......... .......... 76%  111M 0s
 22750K .......... .......... .......... .......... .......... 76%  117M 0s
 22800K .......... .......... .......... .......... .......... 76%  105M 0s
 22850K .......... .......... .......... .......... .......... 76%  112M 0s
 22900K .......... .......... .......... .......... .......... 77%  111M 0s
 22950K .......... .......... .......... .......... .......... 77%  115M 0s
 23000K .......... .......... .......... .......... .......... 77%  115M 0s
 23050K .......... .......... .......... .......... .......... 77%  116M 0s
 23100K .......... .......... .......... .......... .......... 77%  109M 0s
 23150K .......... .......... .......... .......... .......... 77% 86.8M 0s
 23200K .......... .......... .......... .......... .......... 78%  127M 0s
 23250K .......... .......... .......... .......... .......... 78%  114M 0s
 23300K .......... .......... .......... .......... .......... 78%  114M 0s
 23350K .......... .......... .......... .......... .......... 78%  118M 0s
 23400K .......... .......... .......... .......... .......... 78%  108M 0s
 23450K .......... .......... .......... .......... .......... 78%  122M 0s
 23500K .......... .......... .......... .......... .......... 79%  125M 0s
 23550K .......... .......... .......... .......... .......... 79% 84.2M 0s
 23600K .......... .......... .......... .......... .......... 79%  121M 0s
 23650K .......... .......... .......... .......... .......... 79%  120M 0s
 23700K .......... .......... .......... .......... .......... 79%  105M 0s
 23750K .......... .......... .......... .......... .......... 79%  122M 0s
 23800K .......... .......... .......... .......... .......... 80%  118M 0s
 23850K .......... .......... .......... .......... .......... 80%  109M 0s
 23900K .......... .......... .......... .......... .......... 80%  119M 0s
 23950K .......... .......... .......... .......... .......... 80% 94.1M 0s
 24000K .......... .......... .......... .......... .......... 80%  110M 0s
 24050K .......... .......... .......... .......... .......... 80%  121M 0s
 24100K .......... .......... .......... .......... .......... 81% 99.6M 0s
 24150K .......... .......... .......... .......... .......... 81% 93.4M 0s
 24200K .......... .......... .......... .......... .......... 81%  118M 0s
 24250K .......... .......... .......... .......... .......... 81%  112M 0s
 24300K .......... .......... .......... .......... .......... 81%  109M 0s
 24350K .......... .......... .......... .......... .......... 81% 79.3M 0s
 24400K .......... .......... .......... .......... .......... 82% 99.8M 0s
 24450K .......... .......... .......... .......... .......... 82%  112M 0s
 24500K .......... .......... .......... .......... .......... 82%  125M 0s
 24550K .......... .......... .......... .......... .......... 82% 74.7M 0s
 24600K .......... .......... .......... .......... .......... 82% 99.2M 0s
 24650K .......... .......... .......... .......... .......... 82%  122M 0s
 24700K .......... .......... .......... .......... .......... 83%  110M 0s
 24750K .......... .......... .......... .......... .......... 83% 87.9M 0s
 24800K .......... .......... .......... .......... .......... 83%  128M 0s
 24850K .......... .......... .......... .......... .......... 83%  112M 0s
 24900K .......... .......... .......... .......... .......... 83%  113M 0s
 24950K .......... .......... .......... .......... .......... 83%  109M 0s
 25000K .......... .......... .......... .......... .......... 84%  127M 0s
 25050K .......... .......... .......... .......... .......... 84%  113M 0s
 25100K .......... .......... .......... .......... .......... 84%  110M 0s
 25150K .......... .......... .......... .......... .......... 84% 95.2M 0s
 25200K .......... .......... .......... .......... .......... 84%  113M 0s
 25250K .......... .......... .......... .......... .......... 84%  114M 0s
 25300K .......... .......... .......... .......... .......... 85%  108M 0s
 25350K .......... .......... .......... .......... .......... 85%  113M 0s
 25400K .......... .......... .......... .......... .......... 85%  104M 0s
 25450K .......... .......... .......... .......... .......... 85%  132M 0s
 25500K .......... .......... .......... .......... .......... 85%  105M 0s
 25550K .......... .......... .......... .......... .......... 85% 94.1M 0s
 25600K .......... .......... .......... .......... .......... 86%  120M 0s
 25650K .......... .......... .......... .......... .......... 86%  109M 0s
 25700K .......... .......... .......... .......... .......... 86%  122M 0s
 25750K .......... .......... .......... .......... .......... 86%  104M 0s
 25800K .......... .......... .......... .......... .......... 86%  104M 0s
 25850K .......... .......... .......... .......... .......... 86%  109M 0s
 25900K .......... .......... .......... .......... .......... 87%  133M 0s
 25950K .......... .......... .......... .......... .......... 87% 85.2M 0s
 26000K .......... .......... .......... .......... .......... 87%  113M 0s
 26050K .......... .......... .......... .......... .......... 87%  128M 0s
 26100K .......... .......... .......... .......... .......... 87%  109M 0s
 26150K .......... .......... .......... .......... .......... 87%  111M 0s
 26200K .......... .......... .......... .......... .......... 88%  112M 0s
 26250K .......... .......... .......... .......... .......... 88%  129M 0s
 26300K .......... .......... .......... .......... .......... 88%  112M 0s
 26350K .......... .......... .......... .......... .......... 88% 92.3M 0s
 26400K .......... .......... .......... .......... .......... 88%  115M 0s
 26450K .......... .......... .......... .......... .......... 88%  110M 0s
 26500K .......... .......... .......... .......... .......... 89%  128M 0s
 26550K .......... .......... .......... .......... .......... 89%  108M 0s
 26600K .......... .......... .......... .......... .......... 89%  113M 0s
 26650K .......... .......... .......... .......... .......... 89%  127M 0s
 26700K .......... .......... .......... .......... .......... 89% 97.3M 0s
 26750K .......... .......... .......... .......... .......... 89% 97.2M 0s
 26800K .......... .......... .......... .......... .......... 90%  127M 0s
 26850K .......... .......... .......... .......... .......... 90%  113M 0s
 26900K .......... .......... .......... .......... .......... 90%  113M 0s
 26950K .......... .......... .......... .......... .......... 90%  108M 0s
 27000K .......... .......... .......... .......... .......... 90% 92.9M 0s
 27050K .......... .......... .......... .......... .......... 90%  128M 0s
 27100K .......... .......... .......... .......... .......... 91%  112M 0s
 27150K .......... .......... .......... .......... .......... 91% 94.0M 0s
 27200K .......... .......... .......... .......... .......... 91%  121M 0s
 27250K .......... .......... .......... .......... .......... 91%  109M 0s
 27300K .......... .......... .......... .......... .......... 91%  121M 0s
 27350K .......... .......... .......... .......... .......... 91%  101M 0s
 27400K .......... .......... .......... .......... .......... 92%  121M 0s
 27450K .......... .......... .......... .......... .......... 92%  122M 0s
 27500K .......... .......... .......... .......... .......... 92%  108M 0s
 27550K .......... .......... .......... .......... .......... 92% 94.5M 0s
 27600K .......... .......... .......... .......... .......... 92%  119M 0s
 27650K .......... .......... .......... .......... .......... 92%  113M 0s
 27700K .......... .......... .......... .......... .......... 93%  112M 0s
 27750K .......... .......... .......... .......... .......... 93%  123M 0s
 27800K .......... .......... .......... .......... .......... 93%  112M 0s
 27850K .......... .......... .......... .......... .......... 93%  104M 0s
 27900K .......... .......... .......... .......... .......... 93%  117M 0s
 27950K .......... .......... .......... .......... .......... 93% 96.6M 0s
 28000K .......... .......... .......... .......... .......... 94%  114M 0s
 28050K .......... .......... .......... .......... .......... 94%  128M 0s
 28100K .......... .......... .......... .......... .......... 94%  110M 0s
 28150K .......... .......... .......... .......... .......... 94%  127M 0s
 28200K .......... .......... .......... .......... .......... 94%  100M 0s
 28250K .......... .......... .......... .......... .......... 95%  126M 0s
 28300K .......... .......... .......... .......... .......... 95%  112M 0s
 28350K .......... .......... .......... .......... .......... 95% 70.3M 0s
 28400K .......... .......... .......... .......... .......... 95%  117M 0s
 28450K .......... .......... .......... .......... .......... 95%  118M 0s
 28500K .......... .......... .......... .......... .......... 95%  127M 0s
 28550K .......... .......... .......... .......... .......... 96%  118M 0s
 28600K .......... .......... .......... .......... .......... 96%  112M 0s
 28650K .......... .......... .......... .......... .......... 96%  129M 0s
 28700K .......... .......... .......... .......... .......... 96%  105M 0s
 28750K .......... .......... .......... .......... .......... 96% 94.1M 0s
 28800K .......... .......... .......... .......... .......... 96%  104M 0s
 28850K .......... .......... .......... .......... .......... 97%  158M 0s
 28900K .......... .......... .......... .......... .......... 97%  118M 0s
 28950K .......... .......... .......... .......... .......... 97% 86.6M 0s
 29000K .......... .......... .......... .......... .......... 97% 99.2M 0s
 29050K .......... .......... .......... .......... .......... 97%  130M 0s
 29100K .......... .......... .......... .......... .......... 97%  113M 0s
 29150K .......... .......... .......... .......... .......... 98% 88.3M 0s
 29200K .......... .......... .......... .......... .......... 98%  121M 0s
 29250K .......... .......... .......... .......... .......... 98%  108M 0s
 29300K .......... .......... .......... .......... .......... 98%  108M 0s
 29350K .......... .......... .......... .......... .......... 98%  114M 0s
 29400K .......... .......... .......... .......... .......... 98%  110M 0s
 29450K .......... .......... .......... .......... .......... 99%  114M 0s
 29500K .......... .......... .......... .......... .......... 99%  123M 0s
 29550K .......... .......... .......... .......... .......... 99% 85.5M 0s
 29600K .......... .......... .......... .......... .......... 99%  122M 0s
 29650K .......... .......... .......... .......... .......... 99%  108M 0s
 29700K .......... .......... .......... .......... .......... 99%  108M 0s
 29750K .......... .......... .......... ........             100%  112M=0.4s

2021-02-28 03:26:02 (74.6 MB/s) - `/tmp/firefox-28.0.tar.bz2' saved [30503247/30503247]


travis_time:end:02de2f67:start=1614482761389789091,finish=1614482762972897751,duration=1583108660[0K$ export PATH=$HOME/firefox-28.0/firefox:$PATH
travis_fold:end:install_firefox[0Ktravis_fold:start:postgresql[0K[33;1mStarting PostgreSQL v9.3[0m
travis_time:start:0a2546de[0K$ sudo service postgresql stop
 * Stopping PostgreSQL 9.1 database server
   ...done.
 * Stopping PostgreSQL 9.2 database server
   ...done.
 * Stopping PostgreSQL 9.3 database server
   ...done.
 * Stopping PostgreSQL 9.4 database server
   ...done.

travis_time:end:0a2546de:start=1614482767162256162,finish=1614482773723150415,duration=6560894253[0Ktravis_time:start:0b93528c[0K$ sudo service postgresql start 9.3
 * Starting PostgreSQL 9.3 database server
   ...done.

travis_time:end:0b93528c:start=1614482773733991808,finish=1614482776571822258,duration=2837830450[0Ktravis_time:start:030474d2[0K$ sudo -u postgres createuser -s -p 5432 travis &>/dev/null

travis_time:end:030474d2:start=1614482776582960544,finish=1614482776882494378,duration=299533834[0Ktravis_time:start:1322470b[0K$ sudo -u postgres createdb -O travis -p 5432 travis &>/dev/null

travis_time:end:1322470b:start=1614482776892877697,finish=1614482777189244775,duration=296367078[0Ktravis_time:start:0ae8958d[0K$ sudo -u postgres createuser -s -p 5433 travis &>/dev/null

travis_time:end:0ae8958d:start=1614482777199611090,finish=1614482777252200358,duration=52589268[0Ktravis_time:start:09d03f9c[0K$ sudo -u postgres createdb -O travis -p 5433 travis &>/dev/null

travis_time:end:09d03f9c:start=1614482777262462293,finish=1614482777318307479,duration=55845186[0Ktravis_fold:end:postgresql[0Ktravis_time:start:0a85a030[0K$ source ~/virtualenv/python2.7/bin/activate

travis_time:end:0a85a030:start=1614482778331546394,finish=1614482778342296908,duration=10750514[0K$ python --version
Python 2.7.9
$ pip --version
pip 6.0.7 from /home/travis/virtualenv/python2.7.9/lib/python2.7/site-packages (python 2.7)
travis_fold:start:before_install.1[0Ktravis_time:start:13195458[0K$ export DISPLAY=:99.0

travis_time:end:13195458:start=1614482778659229380,finish=1614482778667097381,duration=7868001[0Ktravis_fold:end:before_install.1[0Ktravis_fold:start:before_install.2[0Ktravis_time:start:0d50caf8[0K$ sh -e /etc/init.d/xvfb start
Starting virtual X frame buffer: Xvfb.

travis_time:end:0d50caf8:start=1614482778676773730,finish=1614482778730637277,duration=53863547[0Ktravis_fold:end:before_install.2[0Ktravis_fold:start:install[0Ktravis_time:start:067c749c[0K$ ./bootstrap.py
Using real prefix '/opt/python/2.7.9'
New python executable in /home/travis/build/failed/ccnmtl/dmt/ve/bin/python
Installing setuptools, pip...done.
Collecting wheel==0.24.0
  Retrying (Retry(total=4, connect=None, read=None, redirect=None)) after connection broken by 'ProtocolError('Connection aborted.', gaierror(-2, 'Name or service not known'))': /wheel/
  Retrying (Retry(total=3, connect=None, read=None, redirect=None)) after connection broken by 'ProtocolError('Connection aborted.', gaierror(-2, 'Name or service not known'))': /wheel/
  Retrying (Retry(total=2, connect=None, read=None, redirect=None)) after connection broken by 'ProtocolError('Connection aborted.', gaierror(-2, 'Name or service not known'))': /wheel/
  Retrying (Retry(total=1, connect=None, read=None, redirect=None)) after connection broken by 'ProtocolError('Connection aborted.', gaierror(-2, 'Name or service not known'))': /wheel/
  Retrying (Retry(total=0, connect=None, read=None, redirect=None)) after connection broken by 'ProtocolError('Connection aborted.', gaierror(-2, 'Name or service not known'))': /wheel/
  DEPRECATION: Failed to find 'wheel' at https://pypi.ccnmtl.columbia.edu/wheel/. It is suggested to upgrade your index to support normalized names as the name in /simple/{name}.
  Retrying (Retry(total=4, connect=None, read=None, redirect=None)) after connection broken by 'ProtocolError('Connection aborted.', gaierror(-2, 'Name or service not known'))': /
  Retrying (Retry(total=3, connect=None, read=None, redirect=None)) after connection broken by 'ProtocolError('Connection aborted.', gaierror(-2, 'Name or service not known'))': /
  Retrying (Retry(total=2, connect=None, read=None, redirect=None)) after connection broken by 'ProtocolError('Connection aborted.', gaierror(-2, 'Name or service not known'))': /
  Retrying (Retry(total=1, connect=None, read=None, redirect=None)) after connection broken by 'ProtocolError('Connection aborted.', gaierror(-2, 'Name or service not known'))': /
  Retrying (Retry(total=0, connect=None, read=None, redirect=None)) after connection broken by 'ProtocolError('Connection aborted.', gaierror(-2, 'Name or service not known'))': /
  Cannot fetch index base URL https://pypi.ccnmtl.columbia.edu/
  Retrying (Retry(total=4, connect=None, read=None, redirect=None)) after connection broken by 'ProtocolError('Connection aborted.', gaierror(-2, 'Name or service not known'))': /wheel/
  Retrying (Retry(total=3, connect=None, read=None, redirect=None)) after connection broken by 'ProtocolError('Connection aborted.', gaierror(-2, 'Name or service not known'))': /wheel/
  Retrying (Retry(total=2, connect=None, read=None, redirect=None)) after connection broken by 'ProtocolError('Connection aborted.', gaierror(-2, 'Name or service not known'))': /wheel/
  Retrying (Retry(total=1, connect=None, read=None, redirect=None)) after connection broken by 'ProtocolError('Connection aborted.', gaierror(-2, 'Name or service not known'))': /wheel/
  Retrying (Retry(total=0, connect=None, read=None, redirect=None)) after connection broken by 'ProtocolError('Connection aborted.', gaierror(-2, 'Name or service not known'))': /wheel/
  Could not find a version that satisfies the requirement wheel==0.24.0 (from versions: )
No matching distribution found for wheel==0.24.0

travis_time:end:067c749c:start=1614482778740413873,finish=1614482809453997549,duration=30713583676[0K
[31;1mThe command "./bootstrap.py" failed and exited with 1 during .[0m

Your build has been stopped.
