travis_fold:start:system_info[0K[33;1mBuild system information[0m
Build language: python
Build id: ''
Job id: ''
[34m[1mBuild image provisioning date and time[0m
Thu Feb  5 15:09:33 UTC 2015
[34m[1mOperating System Details[0m
Distributor ID:	Ubuntu
Description:	Ubuntu 12.04.5 LTS
Release:	12.04
Codename:	precise
[34m[1mLinux Version[0m
3.13.0-29-generic
[34m[1mCookbooks Version[0m
a68419e https://github.com/travis-ci/travis-cookbooks/tree/a68419e
[34m[1mGCC version[0m
gcc (Ubuntu/Linaro 4.6.3-1ubuntu5) 4.6.3
Copyright (C) 2011 Free Software Foundation, Inc.
This is free software; see the source for copying conditions.  There is NO
warranty; not even for MERCHANTABILITY or FITNESS FOR A PARTICULAR PURPOSE.

[34m[1mLLVM version[0m
clang version 3.4 (tags/RELEASE_34/final)
Target: x86_64-unknown-linux-gnu
Thread model: posix
[34m[1mPre-installed Ruby versions[0m
ruby-1.9.3-p551
[34m[1mPre-installed Node.js versions[0m
v0.10.36
[34m[1mPre-installed Go versions[0m
1.4.1
[34m[1mRedis version[0m
redis-server 2.8.19
[34m[1mriak version[0m
2.0.2
[34m[1mMongoDB version[0m
MongoDB 2.4.12
[34m[1mCouchDB version[0m
couchdb 1.6.1
[34m[1mNeo4j version[0m
1.9.4
[34m[1mRabbitMQ Version[0m
3.4.3
[34m[1mElasticSearch version[0m
1.4.0
[34m[1mInstalled Sphinx versions[0m
2.0.10
2.1.9
2.2.6
[34m[1mDefault Sphinx version[0m
2.2.6
[34m[1mInstalled Firefox version[0m
firefox 31.0esr
[34m[1mPhantomJS version[0m
1.9.8
[34m[1mant -version[0m
Apache Ant(TM) version 1.8.2 compiled on December 3 2011
[34m[1mmvn -version[0m
Apache Maven 3.2.5 (12a6b3acb947671f09b81f49094c53f426d8cea1; 2014-12-14T17:29:23+00:00)
Maven home: /usr/local/maven
Java version: 1.7.0_76, vendor: Oracle Corporation
Java home: /usr/lib/jvm/java-7-oracle/jre
Default locale: en_US, platform encoding: ANSI_X3.4-1968
OS name: "linux", version: "3.13.0-29-generic", arch: "amd64", family: "unix"
travis_fold:end:system_info[0K
grep: /etc/apt/sources.list.d/*: No such file or directory
sed: cannot rename /etc/hosts: Device or resource busy
sed: cannot rename /etc/hosts: Device or resource busy
$ cd passed/ccnmtl/dmt
travis_fold:start:install_firefox[0K$ export FIREFOX_SOURCE_URL='https://download.mozilla.org/?product=firefox-28.0&lang=en-US&os=linux64'
[33;1mInstalling Firefox 28.0[0m
travis_time:start:06e2bb22[0K$ wget -O /tmp/firefox-28.0.tar.bz2 $FIREFOX_SOURCE_URL
--2021-02-28 03:26:58--  https://download.mozilla.org/?product=firefox-28.0&lang=en-US&os=linux64
Resolving download.mozilla.org (download.mozilla.org)... 54.186.27.68, 34.210.6.237, 52.34.164.222
Connecting to download.mozilla.org (download.mozilla.org)|54.186.27.68|:443... connected.
HTTP request sent, awaiting response... 302 Found
Location: https://download-installer.cdn.mozilla.net/pub/firefox/releases/28.0/linux-x86_64/en-US/firefox-28.0.tar.bz2 [following]
--2021-02-28 03:26:59--  https://download-installer.cdn.mozilla.net/pub/firefox/releases/28.0/linux-x86_64/en-US/firefox-28.0.tar.bz2
Resolving download-installer.cdn.mozilla.net (download-installer.cdn.mozilla.net)... 13.224.26.58, 2600:9000:2164:ac00:e:19d6:1546:5981, 2600:9000:2164:5400:e:19d6:1546:5981, ...
Connecting to download-installer.cdn.mozilla.net (download-installer.cdn.mozilla.net)|13.224.26.58|:443... connected.
HTTP request sent, awaiting response... 200 OK
Length: 30503247 (29M) [application/x-tar]
Saving to: `/tmp/firefox-28.0.tar.bz2'

     0K .......... .......... .......... .......... ..........  0% 2.03M 14s
    50K .......... .......... .......... .......... ..........  0% 2.14M 14s
   100K .......... .......... .......... .......... ..........  0% 4.96M 11s
   150K .......... .......... .......... .......... ..........  0% 5.30M 10s
   200K .......... .......... .......... .......... ..........  0% 6.67M 9s
   250K .......... .......... .......... .......... ..........  1% 7.28M 8s
   300K .......... .......... .......... .......... ..........  1% 8.02M 7s
   350K .......... .......... .......... .......... ..........  1% 11.2M 7s
   400K .......... .......... .......... .......... ..........  1% 16.2M 6s
   450K .......... .......... .......... .......... ..........  1% 15.8M 6s
   500K .......... .......... .......... .......... ..........  1% 16.7M 5s
   550K .......... .......... .......... .......... ..........  2% 17.1M 5s
   600K .......... .......... .......... .......... ..........  2% 18.8M 5s
   650K .......... .......... .......... .......... ..........  2% 20.6M 4s
   700K .......... .......... .......... .......... ..........  2% 20.2M 4s
   750K .......... .......... .......... .......... ..........  2% 17.8M 4s
   800K .......... .......... .......... .......... ..........  2% 31.5M 4s
   850K .......... .......... .......... .......... ..........  3% 22.8M 4s
   900K .......... .......... .......... .......... ..........  3% 40.4M 4s
   950K .......... .......... .......... .......... ..........  3% 26.6M 3s
  1000K .......... .......... .......... .......... ..........  3% 42.5M 3s
  1050K .......... .......... .......... .......... ..........  3% 26.4M 3s
  1100K .......... .......... .......... .......... ..........  3% 30.8M 3s
  1150K .......... .......... .......... .......... ..........  4% 46.1M 3s
  1200K .......... .......... .......... .......... ..........  4% 31.8M 3s
  1250K .......... .......... .......... .......... ..........  4% 56.9M 3s
  1300K .......... .......... .......... .......... ..........  4% 38.5M 3s
  1350K .......... .......... .......... .......... ..........  4% 49.9M 3s
  1400K .......... .......... .......... .......... ..........  4% 75.1M 3s
  1450K .......... .......... .......... .......... ..........  5% 36.9M 2s
  1500K .......... .......... .......... .......... ..........  5% 41.9M 2s
  1550K .......... .......... .......... .......... ..........  5% 42.9M 2s
  1600K .......... .......... .......... .......... ..........  5% 54.5M 2s
  1650K .......... .......... .......... .......... ..........  5% 77.3M 2s
  1700K .......... .......... .......... .......... ..........  5% 45.1M 2s
  1750K .......... .......... .......... .......... ..........  6% 48.0M 2s
  1800K .......... .......... .......... .......... ..........  6% 52.3M 2s
  1850K .......... .......... .......... .......... ..........  6% 48.1M 2s
  1900K .......... .......... .......... .......... ..........  6%  108M 2s
  1950K .......... .......... .......... .......... ..........  6% 55.0M 2s
  2000K .......... .......... .......... .......... ..........  6% 55.7M 2s
  2050K .......... .......... .......... .......... ..........  7%  128M 2s
  2100K .......... .......... .......... .......... ..........  7% 52.6M 2s
  2150K .......... .......... .......... .......... ..........  7% 60.4M 2s
  2200K .......... .......... .......... .......... ..........  7% 58.5M 2s
  2250K .......... .......... .......... .......... ..........  7% 65.6M 2s
  2300K .......... .......... .......... .......... ..........  7% 65.5M 2s
  2350K .......... .......... .......... .......... ..........  8%  110M 2s
  2400K .......... .......... .......... .......... ..........  8% 72.1M 2s
  2450K .......... .......... .......... .......... ..........  8% 68.4M 2s
  2500K .......... .......... .......... .......... ..........  8% 65.5M 2s
  2550K .......... .......... .......... .......... ..........  8% 79.6M 2s
  2600K .......... .......... .......... .......... ..........  8%  122M 2s
  2650K .......... .......... .......... .......... ..........  9% 74.7M 2s
  2700K .......... .......... .......... .......... ..........  9% 81.3M 1s
  2750K .......... .......... .......... .......... ..........  9% 87.7M 1s
  2800K .......... .......... .......... .......... ..........  9%  110M 1s
  2850K .......... .......... .......... .......... ..........  9% 92.4M 1s
  2900K .......... .......... .......... .......... ..........  9% 71.2M 1s
  2950K .......... .......... .......... .......... .......... 10% 93.6M 1s
  3000K .......... .......... .......... .......... .......... 10%  108M 1s
  3050K .......... .......... .......... .......... .......... 10%  108M 1s
  3100K .......... .......... .......... .......... .......... 10% 81.5M 1s
  3150K .......... .......... .......... .......... .......... 10% 97.6M 1s
  3200K .......... .......... .......... .......... .......... 10% 97.1M 1s
  3250K .......... .......... .......... .......... .......... 11%  112M 1s
  3300K .......... .......... .......... .......... .......... 11%  122M 1s
  3350K .......... .......... .......... .......... .......... 11%  128M 1s
  3400K .......... .......... .......... .......... .......... 11%  112M 1s
  3450K .......... .......... .......... .......... .......... 11% 84.8M 1s
  3500K .......... .......... .......... .......... .......... 11%  130M 1s
  3550K .......... .......... .......... .......... .......... 12%  112M 1s
  3600K .......... .......... .......... .......... .......... 12%  113M 1s
  3650K .......... .......... .......... .......... .......... 12%  108M 1s
  3700K .......... .......... .......... .......... .......... 12%  127M 1s
  3750K .......... .......... .......... .......... .......... 12%  113M 1s
  3800K .......... .......... .......... .......... .......... 12%  109M 1s
  3850K .......... .......... .......... .......... .......... 13% 93.4M 1s
  3900K .......... .......... .......... .......... .......... 13%  129M 1s
  3950K .......... .......... .......... .......... .......... 13% 76.9M 1s
  4000K .......... .......... .......... .......... .......... 13%  114M 1s
  4050K .......... .......... .......... .......... .......... 13%  121M 1s
  4100K .......... .......... .......... .......... .......... 13%  113M 1s
  4150K .......... .......... .......... .......... .......... 14%  109M 1s
  4200K .......... .......... .......... .......... .......... 14%  116M 1s
  4250K .......... .......... .......... .......... .......... 14% 93.7M 1s
  4300K .......... .......... .......... .......... .......... 14%  114M 1s
  4350K .......... .......... .......... .......... .......... 14%  126M 1s
  4400K .......... .......... .......... .......... .......... 14%  115M 1s
  4450K .......... .......... .......... .......... .......... 15%  106M 1s
  4500K .......... .......... .......... .......... .......... 15%  124M 1s
  4550K .......... .......... .......... .......... .......... 15%  125M 1s
  4600K .......... .......... .......... .......... .......... 15% 91.2M 1s
  4650K .......... .......... .......... .......... .......... 15%  109M 1s
  4700K .......... .......... .......... .......... .......... 15%  121M 1s
  4750K .......... .......... .......... .......... .......... 16%  122M 1s
  4800K .......... .......... .......... .......... .......... 16% 96.9M 1s
  4850K .......... .......... .......... .......... .......... 16%  124M 1s
  4900K .......... .......... .......... .......... .......... 16%  109M 1s
  4950K .......... .......... .......... .......... .......... 16%  115M 1s
  5000K .......... .......... .......... .......... .......... 16%  125M 1s
  5050K .......... .......... .......... .......... .......... 17%  111M 1s
  5100K .......... .......... .......... .......... .......... 17%  112M 1s
  5150K .......... .......... .......... .......... .......... 17% 84.2M 1s
  5200K .......... .......... .......... .......... .......... 17%  114M 1s
  5250K .......... .......... .......... .......... .......... 17%  112M 1s
  5300K .......... .......... .......... .......... .......... 17%  113M 1s
  5350K .......... .......... .......... .......... .......... 18% 86.0M 1s
  5400K .......... .......... .......... .......... .......... 18% 79.1M 1s
  5450K .......... .......... .......... .......... .......... 18%  128M 1s
  5500K .......... .......... .......... .......... .......... 18% 69.4M 1s
  5550K .......... .......... .......... .......... .......... 18% 83.6M 1s
  5600K .......... .......... .......... .......... .......... 18%  127M 1s
  5650K .......... .......... .......... .......... .......... 19% 70.4M 1s
  5700K .......... .......... .......... .......... .......... 19%  113M 1s
  5750K .......... .......... .......... .......... .......... 19%  107M 1s
  5800K .......... .......... .......... .......... .......... 19%  113M 1s
  5850K .......... .......... .......... .......... .......... 19% 78.1M 1s
  5900K .......... .......... .......... .......... .......... 19%  122M 1s
  5950K .......... .......... .......... .......... .......... 20% 87.3M 1s
  6000K .......... .......... .......... .......... .......... 20%  113M 1s
  6050K .......... .......... .......... .......... .......... 20%  126M 1s
  6100K .......... .......... .......... .......... .......... 20%  114M 1s
  6150K .......... .......... .......... .......... .......... 20%  103M 1s
  6200K .......... .......... .......... .......... .......... 20%  122M 1s
  6250K .......... .......... .......... .......... .......... 21%  121M 1s
  6300K .......... .......... .......... .......... .......... 21% 94.6M 1s
  6350K .......... .......... .......... .......... .......... 21%  120M 1s
  6400K .......... .......... .......... .......... .......... 21%  120M 1s
  6450K .......... .......... .......... .......... .......... 21%  103M 1s
  6500K .......... .......... .......... .......... .......... 21%  117M 1s
  6550K .......... .......... .......... .......... .......... 22%  107M 1s
  6600K .......... .......... .......... .......... .......... 22%  113M 1s
  6650K .......... .......... .......... .......... .......... 22%  120M 1s
  6700K .......... .......... .......... .......... .......... 22%  110M 1s
  6750K .......... .......... .......... .......... .......... 22%  115M 1s
  6800K .......... .......... .......... .......... .......... 22% 95.8M 1s
  6850K .......... .......... .......... .......... .......... 23%  113M 1s
  6900K .......... .......... .......... .......... .......... 23%  111M 1s
  6950K .......... .......... .......... .......... .......... 23%  114M 1s
  7000K .......... .......... .......... .......... .......... 23%  124M 1s
  7050K .......... .......... .......... .......... .......... 23%  109M 1s
  7100K .......... .......... .......... .......... .......... 24%  113M 1s
  7150K .......... .......... .......... .......... .......... 24% 96.2M 1s
  7200K .......... .......... .......... .......... .......... 24%  112M 1s
  7250K .......... .......... .......... .......... .......... 24%  113M 1s
  7300K .......... .......... .......... .......... .......... 24%  113M 1s
  7350K .......... .......... .......... .......... .......... 24%  124M 1s
  7400K .......... .......... .......... .......... .......... 25%  108M 1s
  7450K .......... .......... .......... .......... .......... 25%  128M 1s
  7500K .......... .......... .......... .......... .......... 25%  113M 1s
  7550K .......... .......... .......... .......... .......... 25% 93.4M 1s
  7600K .......... .......... .......... .......... .......... 25%  113M 1s
  7650K .......... .......... .......... .......... .......... 25%  113M 1s
  7700K .......... .......... .......... .......... .......... 26%  112M 1s
  7750K .......... .......... .......... .......... .......... 26%  122M 1s
  7800K .......... .......... .......... .......... .......... 26%  114M 1s
  7850K .......... .......... .......... .......... .......... 26%  113M 1s
  7900K .......... .......... .......... .......... .......... 26% 93.1M 1s
  7950K .......... .......... .......... .......... .......... 26%  128M 1s
  8000K .......... .......... .......... .......... .......... 27%  116M 1s
  8050K .......... .......... .......... .......... .......... 27%  109M 1s
  8100K .......... .......... .......... .......... .......... 27%  116M 1s
  8150K .......... .......... .......... .......... .......... 27%  117M 1s
  8200K .......... .......... .......... .......... .......... 27%  112M 1s
  8250K .......... .......... .......... .......... .......... 27% 91.2M 1s
  8300K .......... .......... .......... .......... .......... 28%  122M 1s
  8350K .......... .......... .......... .......... .......... 28%  108M 1s
  8400K .......... .......... .......... .......... .......... 28%  122M 1s
  8450K .......... .......... .......... .......... .......... 28%  116M 1s
  8500K .......... .......... .......... .......... .......... 28%  106M 1s
  8550K .......... .......... .......... .......... .......... 28%  120M 1s
  8600K .......... .......... .......... .......... .......... 29%  112M 0s
  8650K .......... .......... .......... .......... .......... 29% 93.6M 0s
  8700K .......... .......... .......... .......... .......... 29%  113M 0s
  8750K .......... .......... .......... .......... .......... 29%  139M 0s
  8800K .......... .......... .......... .......... .......... 29% 70.5M 0s
  8850K .......... .......... .......... .......... .......... 29%  112M 0s
  8900K .......... .......... .......... .......... .......... 30% 45.7M 0s
  8950K .......... .......... .......... .......... .......... 30%  113M 0s
  9000K .......... .......... .......... .......... .......... 30%  128M 0s
  9050K .......... .......... .......... .......... .......... 30%  111M 0s
  9100K .......... .......... .......... .......... .......... 30%  109M 0s
  9150K .......... .......... .......... .......... .......... 30%  111M 0s
  9200K .......... .......... .......... .......... .......... 31%  103M 0s
  9250K .......... .......... .......... .......... .......... 31%  112M 0s
  9300K .......... .......... .......... .......... .......... 31%  113M 0s
  9350K .......... .......... .......... .......... .......... 31%  114M 0s
  9400K .......... .......... .......... .......... .......... 31%  121M 0s
  9450K .......... .......... .......... .......... .......... 31%  109M 0s
  9500K .......... .......... .......... .......... .......... 32%  117M 0s
  9550K .......... .......... .......... .......... .......... 32%  114M 0s
  9600K .......... .......... .......... .......... .......... 32% 92.5M 0s
  9650K .......... .......... .......... .......... .......... 32%  113M 0s
  9700K .......... .......... .......... .......... .......... 32%  129M 0s
  9750K .......... .......... .......... .......... .......... 32%  112M 0s
  9800K .......... .......... .......... .......... .......... 33% 95.4M 0s
  9850K .......... .......... .......... .......... .......... 33%  121M 0s
  9900K .......... .......... .......... .......... .......... 33%  121M 0s
  9950K .......... .......... .......... .......... .......... 33%  108M 0s
 10000K .......... .......... .......... .......... .......... 33%  113M 0s
 10050K .......... .......... .......... .......... .......... 33%  122M 0s
 10100K .......... .......... .......... .......... .......... 34%  111M 0s
 10150K .......... .......... .......... .......... .......... 34%  118M 0s
 10200K .......... .......... .......... .......... .......... 34% 85.7M 0s
 10250K .......... .......... .......... .......... .......... 34%  123M 0s
 10300K .......... .......... .......... .......... .......... 34% 88.1M 0s
 10350K .......... .......... .......... .......... .......... 34% 66.8M 0s
 10400K .......... .......... .......... .......... .......... 35% 60.5M 0s
 10450K .......... .......... .......... .......... .......... 35% 48.9M 0s
 10500K .......... .......... .......... .......... .......... 35% 78.6M 0s
 10550K .......... .......... .......... .......... .......... 35%  112M 0s
 10600K .......... .......... .......... .......... .......... 35%  128M 0s
 10650K .......... .......... .......... .......... .......... 35% 60.5M 0s
 10700K .......... .......... .......... .......... .......... 36%  123M 0s
 10750K .......... .......... .......... .......... .......... 36%  113M 0s
 10800K .......... .......... .......... .......... .......... 36%  109M 0s
 10850K .......... .......... .......... .......... .......... 36% 96.0M 0s
 10900K .......... .......... .......... .......... .......... 36%  115M 0s
 10950K .......... .......... .......... .......... .......... 36%  120M 0s
 11000K .......... .......... .......... .......... .......... 37%  122M 0s
 11050K .......... .......... .......... .......... .......... 37%  102M 0s
 11100K .......... .......... .......... .......... .......... 37%  122M 0s
 11150K .......... .......... .......... .......... .......... 37%  125M 0s
 11200K .......... .......... .......... .......... .......... 37% 91.2M 0s
 11250K .......... .......... .......... .......... .......... 37%  120M 0s
 11300K .......... .......... .......... .......... .......... 38% 81.8M 0s
 11350K .......... .......... .......... .......... .......... 38% 93.0M 0s
 11400K .......... .......... .......... .......... .......... 38% 97.0M 0s
 11450K .......... .......... .......... .......... .......... 38% 72.3M 0s
 11500K .......... .......... .......... .......... .......... 38%  112M 0s
 11550K .......... .......... .......... .......... .......... 38% 85.7M 0s
 11600K .......... .......... .......... .......... .......... 39%  111M 0s
 11650K .......... .......... .......... .......... .......... 39%  124M 0s
 11700K .......... .......... .......... .......... .......... 39%  109M 0s
 11750K .......... .......... .......... .......... .......... 39%  116M 0s
 11800K .......... .......... .......... .......... .......... 39%  129M 0s
 11850K .......... .......... .......... .......... .......... 39%  100M 0s
 11900K .......... .......... .......... .......... .......... 40% 83.6M 0s
 11950K .......... .......... .......... .......... .......... 40% 84.7M 0s
 12000K .......... .......... .......... .......... .......... 40%  110M 0s
 12050K .......... .......... .......... .......... .......... 40% 99.9M 0s
 12100K .......... .......... .......... .......... .......... 40%  100M 0s
 12150K .......... .......... .......... .......... .......... 40% 70.3M 0s
 12200K .......... .......... .......... .......... .......... 41% 81.6M 0s
 12250K .......... .......... .......... .......... .......... 41% 69.0M 0s
 12300K .......... .......... .......... .......... .......... 41% 95.6M 0s
 12350K .......... .......... .......... .......... .......... 41% 86.4M 0s
 12400K .......... .......... .......... .......... .......... 41%  113M 0s
 12450K .......... .......... .......... .......... .......... 41%  112M 0s
 12500K .......... .......... .......... .......... .......... 42%  113M 0s
 12550K .......... .......... .......... .......... .......... 42%  120M 0s
 12600K .......... .......... .......... .......... .......... 42%  109M 0s
 12650K .......... .......... .......... .......... .......... 42%  120M 0s
 12700K .......... .......... .......... .......... .......... 42%  122M 0s
 12750K .......... .......... .......... .......... .......... 42% 93.6M 0s
 12800K .......... .......... .......... .......... .......... 43%  109M 0s
 12850K .......... .......... .......... .......... .......... 43%  120M 0s
 12900K .......... .......... .......... .......... .......... 43%  110M 0s
 12950K .......... .......... .......... .......... .......... 43%  112M 0s
 13000K .......... .......... .......... .......... .......... 43%  108M 0s
 13050K .......... .......... .......... .......... .......... 43%  118M 0s
 13100K .......... .......... .......... .......... .......... 44%  107M 0s
 13150K .......... .......... .......... .......... .......... 44% 96.2M 0s
 13200K .......... .......... .......... .......... .......... 44%  113M 0s
 13250K .......... .......... .......... .......... .......... 44%  127M 0s
 13300K .......... .......... .......... .......... .......... 44%  113M 0s
 13350K .......... .......... .......... .......... .......... 44%  101M 0s
 13400K .......... .......... .......... .......... .......... 45%  113M 0s
 13450K .......... .......... .......... .......... .......... 45%  128M 0s
 13500K .......... .......... .......... .......... .......... 45%  108M 0s
 13550K .......... .......... .......... .......... .......... 45%  113M 0s
 13600K .......... .......... .......... .......... .......... 45%  112M 0s
 13650K .......... .......... .......... .......... .......... 45% 93.3M 0s
 13700K .......... .......... .......... .......... .......... 46%  114M 0s
 13750K .......... .......... .......... .......... .......... 46%  121M 0s
 13800K .......... .......... .......... .......... .......... 46%  115M 0s
 13850K .......... .......... .......... .......... .......... 46%  109M 0s
 13900K .......... .......... .......... .......... .......... 46%  127M 0s
 13950K .......... .......... .......... .......... .......... 46%  113M 0s
 14000K .......... .......... .......... .......... .......... 47%  114M 0s
 14050K .......... .......... .......... .......... .......... 47% 92.8M 0s
 14100K .......... .......... .......... .......... .......... 47%  113M 0s
 14150K .......... .......... .......... .......... .......... 47%  128M 0s
 14200K .......... .......... .......... .......... .......... 47%  105M 0s
 14250K .......... .......... .......... .......... .......... 48%  117M 0s
 14300K .......... .......... .......... .......... .......... 48% 99.5M 0s
 14350K .......... .......... .......... .......... .......... 48% 95.4M 0s
 14400K .......... .......... .......... .......... .......... 48%  108M 0s
 14450K .......... .......... .......... .......... .......... 48%  122M 0s
 14500K .......... .......... .......... .......... .......... 48%  120M 0s
 14550K .......... .......... .......... .......... .......... 49%  102M 0s
 14600K .......... .......... .......... .......... .......... 49%  123M 0s
 14650K .......... .......... .......... .......... .......... 49%  108M 0s
 14700K .......... .......... .......... .......... .......... 49%  102M 0s
 14750K .......... .......... .......... .......... .......... 49%  109M 0s
 14800K .......... .......... .......... .......... .......... 49%  120M 0s
 14850K .......... .......... .......... .......... .......... 50%  122M 0s
 14900K .......... .......... .......... .......... .......... 50% 99.2M 0s
 14950K .......... .......... .......... .......... .......... 50%  115M 0s
 15000K .......... .......... .......... .......... .......... 50%  129M 0s
 15050K .......... .......... .......... .......... .......... 50%  109M 0s
 15100K .......... .......... .......... .......... .......... 50% 95.4M 0s
 15150K .......... .......... .......... .......... .......... 51%  114M 0s
 15200K .......... .......... .......... .......... .......... 51%  128M 0s
 15250K .......... .......... .......... .......... .......... 51%  106M 0s
 15300K .......... .......... .......... .......... .......... 51%  115M 0s
 15350K .......... .......... .......... .......... .......... 51%  114M 0s
 15400K .......... .......... .......... .......... .......... 51% 93.7M 0s
 15450K .......... .......... .......... .......... .......... 52%  112M 0s
 15500K .......... .......... .......... .......... .......... 52%  128M 0s
 15550K .......... .......... .......... .......... .......... 52% 97.8M 0s
 15600K .......... .......... .......... .......... .......... 52%  122M 0s
 15650K .......... .......... .......... .......... .......... 52%  114M 0s
 15700K .......... .......... .......... .......... .......... 52%  111M 0s
 15750K .......... .......... .......... .......... .......... 53% 94.6M 0s
 15800K .......... .......... .......... .......... .......... 53%  112M 0s
 15850K .......... .......... .......... .......... .......... 53%  128M 0s
 15900K .......... .......... .......... .......... .......... 53%  114M 0s
 15950K .......... .......... .......... .......... .......... 53%  108M 0s
 16000K .......... .......... .......... .......... .......... 53%  127M 0s
 16050K .......... .......... .......... .......... .......... 54%  114M 0s
 16100K .......... .......... .......... .......... .......... 54% 93.0M 0s
 16150K .......... .......... .......... .......... .......... 54%  113M 0s
 16200K .......... .......... .......... .......... .......... 54%  122M 0s
 16250K .......... .......... .......... .......... .......... 54%  110M 0s
 16300K .......... .......... .......... .......... .......... 54%  112M 0s
 16350K .......... .......... .......... .......... .......... 55%  121M 0s
 16400K .......... .......... .......... .......... .......... 55%  109M 0s
 16450K .......... .......... .......... .......... .......... 55%  121M 0s
 16500K .......... .......... .......... .......... .......... 55% 93.6M 0s
 16550K .......... .......... .......... .......... .......... 55%  121M 0s
 16600K .......... .......... .......... .......... .......... 55%  109M 0s
 16650K .......... .......... .......... .......... .......... 56%  113M 0s
 16700K .......... .......... .......... .......... .......... 56%  121M 0s
 16750K .......... .......... .......... .......... .......... 56%  111M 0s
 16800K .......... .......... .......... .......... .......... 56% 95.5M 0s
 16850K .......... .......... .......... .......... .......... 56%  115M 0s
 16900K .......... .......... .......... .......... .......... 56%  112M 0s
 16950K .......... .......... .......... .......... .......... 57%  128M 0s
 17000K .......... .......... .......... .......... .......... 57%  104M 0s
 17050K .......... .......... .......... .......... .......... 57%  117M 0s
 17100K .......... .......... .......... .......... .......... 57%  112M 0s
 17150K .......... .......... .......... .......... .......... 57%  105M 0s
 17200K .......... .......... .......... .......... .......... 57%  112M 0s
 17250K .......... .......... .......... .......... .......... 58%  109M 0s
 17300K .......... .......... .......... .......... .......... 58%  124M 0s
 17350K .......... .......... .......... .......... .......... 58%  114M 0s
 17400K .......... .......... .......... .......... .......... 58%  106M 0s
 17450K .......... .......... .......... .......... .......... 58%  119M 0s
 17500K .......... .......... .......... .......... .......... 58% 85.0M 0s
 17550K .......... .......... .......... .......... .......... 59%  128M 0s
 17600K .......... .......... .......... .......... .......... 59%  114M 0s
 17650K .......... .......... .......... .......... .......... 59%  112M 0s
 17700K .......... .......... .......... .......... .......... 59%  108M 0s
 17750K .......... .......... .......... .......... .......... 59%  128M 0s
 17800K .......... .......... .......... .......... .......... 59%  113M 0s
 17850K .......... .......... .......... .......... .......... 60% 92.7M 0s
 17900K .......... .......... .......... .......... .......... 60%  114M 0s
 17950K .......... .......... .......... .......... .......... 60% 99.5M 0s
 18000K .......... .......... .......... .......... .......... 60% 97.5M 0s
 18050K .......... .......... .......... .......... .......... 60% 87.7M 0s
 18100K .......... .......... .......... .......... .......... 60% 81.2M 0s
 18150K .......... .......... .......... .......... .......... 61%  117M 0s
 18200K .......... .......... .......... .......... .......... 61% 63.9M 0s
 18250K .......... .......... .......... .......... .......... 61%  121M 0s
 18300K .......... .......... .......... .......... .......... 61%  109M 0s
 18350K .......... .......... .......... .......... .......... 61% 92.6M 0s
 18400K .......... .......... .......... .......... .......... 61%  113M 0s
 18450K .......... .......... .......... .......... .......... 62%  108M 0s
 18500K .......... .......... .......... .......... .......... 62%  116M 0s
 18550K .......... .......... .......... .......... .......... 62% 93.0M 0s
 18600K .......... .......... .......... .......... .......... 62%  129M 0s
 18650K .......... .......... .......... .......... .......... 62%  113M 0s
 18700K .......... .......... .......... .......... .......... 62%  113M 0s
 18750K .......... .......... .......... .......... .......... 63%  107M 0s
 18800K .......... .......... .......... .......... .......... 63%  125M 0s
 18850K .......... .......... .......... .......... .......... 63%  116M 0s
 18900K .......... .......... .......... .......... .......... 63% 92.8M 0s
 18950K .......... .......... .......... .......... .......... 63%  113M 0s
 19000K .......... .......... .......... .......... .......... 63%  112M 0s
 19050K .......... .......... .......... .......... .......... 64%  129M 0s
 19100K .......... .......... .......... .......... .......... 64%  105M 0s
 19150K .......... .......... .......... .......... .......... 64%  124M 0s
 19200K .......... .......... .......... .......... .......... 64%  116M 0s
 19250K .......... .......... .......... .......... .......... 64% 93.6M 0s
 19300K .......... .......... .......... .......... .......... 64%  113M 0s
 19350K .......... .......... .......... .......... .......... 65%  112M 0s
 19400K .......... .......... .......... .......... .......... 65%  129M 0s
 19450K .......... .......... .......... .......... .......... 65%  108M 0s
 19500K .......... .......... .......... .......... .......... 65%  113M 0s
 19550K .......... .......... .......... .......... .......... 65%  109M 0s
 19600K .......... .......... .......... .......... .......... 65%  129M 0s
 19650K .......... .......... .......... .......... .......... 66% 86.4M 0s
 19700K .......... .......... .......... .......... .......... 66%  125M 0s
 19750K .......... .......... .......... .......... .......... 66%  122M 0s
 19800K .......... .......... .......... .......... .......... 66%  104M 0s
 19850K .......... .......... .......... .......... .......... 66%  106M 0s
 19900K .......... .......... .......... .......... .......... 66%  125M 0s
 19950K .......... .......... .......... .......... .......... 67% 90.9M 0s
 20000K .......... .......... .......... .......... .......... 67%  109M 0s
 20050K .......... .......... .......... .......... .......... 67%  107M 0s
 20100K .......... .......... .......... .......... .......... 67%  123M 0s
 20150K .......... .......... .......... .......... .......... 67%  114M 0s
 20200K .......... .......... .......... .......... .......... 67%  121M 0s
 20250K .......... .......... .......... .......... .......... 68%  111M 0s
 20300K .......... .......... .......... .......... .......... 68% 93.7M 0s
 20350K .......... .......... .......... .......... .......... 68%  114M 0s
 20400K .......... .......... .......... .......... .......... 68%  113M 0s
 20450K .......... .......... .......... .......... .......... 68%  127M 0s
 20500K .......... .......... .......... .......... .......... 68%  104M 0s
 20550K .......... .......... .......... .......... .......... 69%  119M 0s
 20600K .......... .......... .......... .......... .......... 69%  122M 0s
 20650K .......... .......... .......... .......... .......... 69% 79.7M 0s
 20700K .......... .......... .......... .......... .......... 69%  113M 0s
 20750K .......... .......... .......... .......... .......... 69%  127M 0s
 20800K .......... .......... .......... .......... .......... 69% 90.4M 0s
 20850K .......... .......... .......... .......... .......... 70%  108M 0s
 20900K .......... .......... .......... .......... .......... 70%  111M 0s
 20950K .......... .......... .......... .......... .......... 70%  123M 0s
 21000K .......... .......... .......... .......... .......... 70% 86.9M 0s
 21050K .......... .......... .......... .......... .......... 70%  127M 0s
 21100K .......... .......... .......... .......... .......... 71%  113M 0s
 21150K .......... .......... .......... .......... .......... 71%  114M 0s
 21200K .......... .......... .......... .......... .......... 71%  108M 0s
 21250K .......... .......... .......... .......... .......... 71%  108M 0s
 21300K .......... .......... .......... .......... .......... 71%  117M 0s
 21350K .......... .......... .......... .......... .......... 71% 74.8M 0s
 21400K .......... .......... .......... .......... .......... 72%  112M 0s
 21450K .......... .......... .......... .......... .......... 72% 52.9M 0s
 21500K .......... .......... .......... .......... .......... 72% 81.0M 0s
 21550K .......... .......... .......... .......... .......... 72% 76.0M 0s
 21600K .......... .......... .......... .......... .......... 72%  104M 0s
 21650K .......... .......... .......... .......... .......... 72%  124M 0s
 21700K .......... .......... .......... .......... .......... 73% 93.8M 0s
 21750K .......... .......... .......... .......... .......... 73%  121M 0s
 21800K .......... .......... .......... .......... .......... 73%  109M 0s
 21850K .......... .......... .......... .......... .......... 73%  121M 0s
 21900K .......... .......... .......... .......... .......... 73%  112M 0s
 21950K .......... .......... .......... .......... .......... 73%  123M 0s
 22000K .......... .......... .......... .......... .......... 74%  106M 0s
 22050K .......... .......... .......... .......... .......... 74% 72.6M 0s
 22100K .......... .......... .......... .......... .......... 74% 96.2M 0s
 22150K .......... .......... .......... .......... .......... 74%  111M 0s
 22200K .......... .......... .......... .......... .......... 74% 66.6M 0s
 22250K .......... .......... .......... .......... .......... 74% 90.2M 0s
 22300K .......... .......... .......... .......... .......... 75% 80.1M 0s
 22350K .......... .......... .......... .......... .......... 75%  125M 0s
 22400K .......... .......... .......... .......... .......... 75% 78.9M 0s
 22450K .......... .......... .......... .......... .......... 75% 90.5M 0s
 22500K .......... .......... .......... .......... .......... 75% 87.0M 0s
 22550K .......... .......... .......... .......... .......... 75%  113M 0s
 22600K .......... .......... .......... .......... .......... 76%  104M 0s
 22650K .......... .......... .......... .......... .......... 76% 92.5M 0s
 22700K .......... .......... .......... .......... .......... 76%  123M 0s
 22750K .......... .......... .......... .......... .......... 76% 93.9M 0s
 22800K .......... .......... .......... .......... .......... 76%  121M 0s
 22850K .......... .......... .......... .......... .......... 76%  108M 0s
 22900K .......... .......... .......... .......... .......... 77%  117M 0s
 22950K .......... .......... .......... .......... .......... 77%  114M 0s
 23000K .......... .......... .......... .......... .......... 77%  110M 0s
 23050K .......... .......... .......... .......... .......... 77% 94.7M 0s
 23100K .......... .......... .......... .......... .......... 77%  131M 0s
 23150K .......... .......... .......... .......... .......... 77%  112M 0s
 23200K .......... .......... .......... .......... .......... 78%  114M 0s
 23250K .......... .......... .......... .......... .......... 78%  105M 0s
 23300K .......... .......... .......... .......... .......... 78%  129M 0s
 23350K .......... .......... .......... .......... .......... 78%  116M 0s
 23400K .......... .......... .......... .......... .......... 78% 92.9M 0s
 23450K .......... .......... .......... .......... .......... 78%  112M 0s
 23500K .......... .......... .......... .......... .......... 79%  113M 0s
 23550K .......... .......... .......... .......... .......... 79%  114M 0s
 23600K .......... .......... .......... .......... .......... 79%  113M 0s
 23650K .......... .......... .......... .......... .......... 79%  111M 0s
 23700K .......... .......... .......... .......... .......... 79%  108M 0s
 23750K .......... .......... .......... .......... .......... 79%  121M 0s
 23800K .......... .......... .......... .......... .......... 80% 85.5M 0s
 23850K .......... .......... .......... .......... .......... 80%  114M 0s
 23900K .......... .......... .......... .......... .......... 80%  114M 0s
 23950K .......... .......... .......... .......... .......... 80%  128M 0s
 24000K .......... .......... .......... .......... .......... 80%  112M 0s
 24050K .......... .......... .......... .......... .......... 80%  108M 0s
 24100K .......... .......... .......... .......... .......... 81%  113M 0s
 24150K .......... .......... .......... .......... .......... 81%  129M 0s
 24200K .......... .......... .......... .......... .......... 81%  113M 0s
 24250K .......... .......... .......... .......... .......... 81% 84.3M 0s
 24300K .......... .......... .......... .......... .......... 81%  113M 0s
 24350K .......... .......... .......... .......... .......... 81%  118M 0s
 24400K .......... .......... .......... .......... .......... 82%  113M 0s
 24450K .......... .......... .......... .......... .......... 82%  122M 0s
 24500K .......... .......... .......... .......... .......... 82%  111M 0s
 24550K .......... .......... .......... .......... .......... 82% 91.7M 0s
 24600K .......... .......... .......... .......... .......... 82%  121M 0s
 24650K .......... .......... .......... .......... .......... 82%  108M 0s
 24700K .......... .......... .......... .......... .......... 83%  117M 0s
 24750K .......... .......... .......... .......... .......... 83%  113M 0s
 24800K .......... .......... .......... .......... .......... 83%  115M 0s
 24850K .......... .......... .......... .......... .......... 83% 86.8M 0s
 24900K .......... .......... .......... .......... .......... 83% 86.9M 0s
 24950K .......... .......... .......... .......... .......... 83%  113M 0s
 25000K .......... .......... .......... .......... .......... 84%  114M 0s
 25050K .......... .......... .......... .......... .......... 84%  113M 0s
 25100K .......... .......... .......... .......... .......... 84% 81.8M 0s
 25150K .......... .......... .......... .......... .......... 84%  128M 0s
 25200K .......... .......... .......... .......... .......... 84%  113M 0s
 25250K .......... .......... .......... .......... .......... 84% 84.0M 0s
 25300K .......... .......... .......... .......... .......... 85%  130M 0s
 25350K .......... .......... .......... .......... .......... 85%  113M 0s
 25400K .......... .......... .......... .......... .......... 85%  108M 0s
 25450K .......... .......... .......... .......... .......... 85%  109M 0s
 25500K .......... .......... .......... .......... .......... 85%  125M 0s
 25550K .......... .......... .......... .......... .......... 85%  116M 0s
 25600K .......... .......... .......... .......... .......... 86% 85.1M 0s
 25650K .......... .......... .......... .......... .......... 86% 98.6M 0s
 25700K .......... .......... .......... .......... .......... 86%  113M 0s
 25750K .......... .......... .......... .......... .......... 86%  114M 0s
 25800K .......... .......... .......... .......... .......... 86%  107M 0s
 25850K .......... .......... .......... .......... .......... 86%  113M 0s
 25900K .......... .......... .......... .......... .......... 87% 90.4M 0s
 25950K .......... .......... .......... .......... .......... 87% 93.1M 0s
 26000K .......... .......... .......... .......... .......... 87%  128M 0s
 26050K .......... .......... .......... .......... .......... 87% 92.8M 0s
 26100K .......... .......... .......... .......... .......... 87%  111M 0s
 26150K .......... .......... .......... .......... .......... 87% 95.3M 0s
 26200K .......... .......... .......... .......... .......... 88%  108M 0s
 26250K .......... .......... .......... .......... .......... 88% 68.1M 0s
 26300K .......... .......... .......... .......... .......... 88% 74.9M 0s
 26350K .......... .......... .......... .......... .......... 88%  109M 0s
 26400K .......... .......... .......... .......... .......... 88% 72.4M 0s
 26450K .......... .......... .......... .......... .......... 88%  118M 0s
 26500K .......... .......... .......... .......... .......... 89%  122M 0s
 26550K .......... .......... .......... .......... .......... 89% 75.5M 0s
 26600K .......... .......... .......... .......... .......... 89% 71.2M 0s
 26650K .......... .......... .......... .......... .......... 89% 89.6M 0s
 26700K .......... .......... .......... .......... .......... 89%  129M 0s
 26750K .......... .......... .......... .......... .......... 89% 85.3M 0s
 26800K .......... .......... .......... .......... .......... 90%  125M 0s
 26850K .......... .......... .......... .......... .......... 90% 92.3M 0s
 26900K .......... .......... .......... .......... .......... 90%  129M 0s
 26950K .......... .......... .......... .......... .......... 90% 77.4M 0s
 27000K .......... .......... .......... .......... .......... 90%  112M 0s
 27050K .......... .......... .......... .......... .......... 90%  100M 0s
 27100K .......... .......... .......... .......... .......... 91%  110M 0s
 27150K .......... .......... .......... .......... .......... 91%  109M 0s
 27200K .......... .......... .......... .......... .......... 91%  108M 0s
 27250K .......... .......... .......... .......... .......... 91% 92.8M 0s
 27300K .......... .......... .......... .......... .......... 91% 93.3M 0s
 27350K .......... .......... .......... .......... .......... 91%  101M 0s
 27400K .......... .......... .......... .......... .......... 92%  112M 0s
 27450K .......... .......... .......... .......... .......... 92%  108M 0s
 27500K .......... .......... .......... .......... .......... 92%  113M 0s
 27550K .......... .......... .......... .......... .......... 92%  113M 0s
 27600K .......... .......... .......... .......... .......... 92%  108M 0s
 27650K .......... .......... .......... .......... .......... 92% 86.8M 0s
 27700K .......... .......... .......... .......... .......... 93%  116M 0s
 27750K .......... .......... .......... .......... .......... 93%  108M 0s
 27800K .......... .......... .......... .......... .......... 93%  104M 0s
 27850K .......... .......... .......... .......... .......... 93%  104M 0s
 27900K .......... .......... .......... .......... .......... 93%  109M 0s
 27950K .......... .......... .......... .......... .......... 93%  122M 0s
 28000K .......... .......... .......... .......... .......... 94% 93.6M 0s
 28050K .......... .......... .......... .......... .......... 94%  109M 0s
 28100K .......... .......... .......... .......... .......... 94%  121M 0s
 28150K .......... .......... .......... .......... .......... 94%  123M 0s
 28200K .......... .......... .......... .......... .......... 94%  100M 0s
 28250K .......... .......... .......... .......... .......... 95%  116M 0s
 28300K .......... .......... .......... .......... .......... 95%  113M 0s
 28350K .......... .......... .......... .......... .......... 95% 96.5M 0s
 28400K .......... .......... .......... .......... .......... 95%  112M 0s
 28450K .......... .......... .......... .......... .......... 95%  114M 0s
 28500K .......... .......... .......... .......... .......... 95%  118M 0s
 28550K .......... .......... .......... .......... .......... 96% 84.1M 0s
 28600K .......... .......... .......... .......... .......... 96%  128M 0s
 28650K .......... .......... .......... .......... .......... 96%  144M 0s
 28700K .......... .......... .......... .......... .......... 96% 96.3M 0s
 28750K .......... .......... .......... .......... .......... 96%  113M 0s
 28800K .......... .......... .......... .......... .......... 96%  112M 0s
 28850K .......... .......... .......... .......... .......... 97%  120M 0s
 28900K .......... .......... .......... .......... .......... 97%  113M 0s
 28950K .......... .......... .......... .......... .......... 97%  112M 0s
 29000K .......... .......... .......... .......... .......... 97%  113M 0s
 29050K .......... .......... .......... .......... .......... 97% 93.1M 0s
 29100K .......... .......... .......... .......... .......... 97%  128M 0s
 29150K .......... .......... .......... .......... .......... 98%  113M 0s
 29200K .......... .......... .......... .......... .......... 98%  107M 0s
 29250K .......... .......... .......... .......... .......... 98%  114M 0s
 29300K .......... .......... .......... .......... .......... 98%  128M 0s
 29350K .......... .......... .......... .......... .......... 98%  113M 0s
 29400K .......... .......... .......... .......... .......... 98% 84.8M 0s
 29450K .......... .......... .......... .......... .......... 99%  128M 0s
 29500K .......... .......... .......... .......... .......... 99%  105M 0s
 29550K .......... .......... .......... .......... .......... 99%  113M 0s
 29600K .......... .......... .......... .......... .......... 99%  125M 0s
 29650K .......... .......... .......... .......... .......... 99%  119M 0s
 29700K .......... .......... .......... .......... .......... 99% 97.2M 0s
 29750K .......... .......... .......... ........             100%  114M=0.4s

2021-02-28 03:26:59 (72.6 MB/s) - `/tmp/firefox-28.0.tar.bz2' saved [30503247/30503247]


travis_time:end:06e2bb22:start=1614482818920951915,finish=1614482819622345095,duration=701393180[0K$ export PATH=$HOME/firefox-28.0/firefox:$PATH
travis_fold:end:install_firefox[0Ktravis_fold:start:postgresql[0K[33;1mStarting PostgreSQL v9.3[0m
travis_time:start:012d74a8[0K$ sudo service postgresql stop
 * Stopping PostgreSQL 9.1 database server
   ...done.
 * Stopping PostgreSQL 9.2 database server
   ...done.
 * Stopping PostgreSQL 9.3 database server
   ...done.
 * Stopping PostgreSQL 9.4 database server
   ...done.

travis_time:end:012d74a8:start=1614482823840633738,finish=1614482824722523321,duration=881889583[0Ktravis_time:start:090eb8fc[0K$ sudo service postgresql start 9.3
 * Starting PostgreSQL 9.3 database server
   ...done.

travis_time:end:090eb8fc:start=1614482824732875254,finish=1614482826999061167,duration=2266185913[0Ktravis_time:start:03ae12ac[0K$ sudo -u postgres createuser -s -p 5432 travis &>/dev/null

travis_time:end:03ae12ac:start=1614482827009186601,finish=1614482827071192337,duration=62005736[0Ktravis_time:start:036d6bc0[0K$ sudo -u postgres createdb -O travis -p 5432 travis &>/dev/null

travis_time:end:036d6bc0:start=1614482827082205906,finish=1614482827358751940,duration=276546034[0Ktravis_time:start:006cbc04[0K$ sudo -u postgres createuser -s -p 5433 travis &>/dev/null

travis_time:end:006cbc04:start=1614482827369444571,finish=1614482827425972887,duration=56528316[0Ktravis_time:start:110ec426[0K$ sudo -u postgres createdb -O travis -p 5433 travis &>/dev/null

travis_time:end:110ec426:start=1614482827437421578,finish=1614482827490343905,duration=52922327[0Ktravis_fold:end:postgresql[0Ktravis_time:start:20a10074[0K$ source ~/virtualenv/python2.7/bin/activate

travis_time:end:20a10074:start=1614482827923230139,finish=1614482827934399513,duration=11169374[0K$ python --version
Python 2.7.9
$ pip --version
pip 6.0.7 from /home/travis/virtualenv/python2.7.9/lib/python2.7/site-packages (python 2.7)
travis_fold:start:before_install.1[0Ktravis_time:start:03558d28[0K$ export DISPLAY=:99.0

travis_time:end:03558d28:start=1614482828212973950,finish=1614482828221879964,duration=8906014[0Ktravis_fold:end:before_install.1[0Ktravis_fold:start:before_install.2[0Ktravis_time:start:09d360f5[0K$ sh -e /etc/init.d/xvfb start
Starting virtual X frame buffer: Xvfb.

travis_time:end:09d360f5:start=1614482828232715735,finish=1614482828244973856,duration=12258121[0Ktravis_fold:end:before_install.2[0Ktravis_fold:start:install[0Ktravis_time:start:0886b504[0K$ ./bootstrap.py
Using real prefix '/opt/python/2.7.9'
New python executable in /home/travis/build/passed/ccnmtl/dmt/ve/bin/python
Installing setuptools, pip...done.
Collecting wheel==0.24.0
  Retrying (Retry(total=4, connect=None, read=None, redirect=None)) after connection broken by 'ProtocolError('Connection aborted.', gaierror(-2, 'Name or service not known'))': /wheel/
  Retrying (Retry(total=3, connect=None, read=None, redirect=None)) after connection broken by 'ProtocolError('Connection aborted.', gaierror(-2, 'Name or service not known'))': /wheel/
  Retrying (Retry(total=2, connect=None, read=None, redirect=None)) after connection broken by 'ProtocolError('Connection aborted.', gaierror(-2, 'Name or service not known'))': /wheel/
  Retrying (Retry(total=1, connect=None, read=None, redirect=None)) after connection broken by 'ProtocolError('Connection aborted.', gaierror(-2, 'Name or service not known'))': /wheel/
  Retrying (Retry(total=0, connect=None, read=None, redirect=None)) after connection broken by 'ProtocolError('Connection aborted.', gaierror(-2, 'Name or service not known'))': /wheel/
  DEPRECATION: Failed to find 'wheel' at https://pypi.ccnmtl.columbia.edu/wheel/. It is suggested to upgrade your index to support normalized names as the name in /simple/{name}.
  Retrying (Retry(total=4, connect=None, read=None, redirect=None)) after connection broken by 'ProtocolError('Connection aborted.', gaierror(-2, 'Name or service not known'))': /
  Retrying (Retry(total=3, connect=None, read=None, redirect=None)) after connection broken by 'ProtocolError('Connection aborted.', gaierror(-2, 'Name or service not known'))': /
  Retrying (Retry(total=2, connect=None, read=None, redirect=None)) after connection broken by 'ProtocolError('Connection aborted.', gaierror(-2, 'Name or service not known'))': /
  Retrying (Retry(total=1, connect=None, read=None, redirect=None)) after connection broken by 'ProtocolError('Connection aborted.', gaierror(-2, 'Name or service not known'))': /
  Retrying (Retry(total=0, connect=None, read=None, redirect=None)) after connection broken by 'ProtocolError('Connection aborted.', gaierror(-2, 'Name or service not known'))': /
  Cannot fetch index base URL https://pypi.ccnmtl.columbia.edu/
  Retrying (Retry(total=4, connect=None, read=None, redirect=None)) after connection broken by 'ProtocolError('Connection aborted.', gaierror(-2, 'Name or service not known'))': /wheel/
  Retrying (Retry(total=3, connect=None, read=None, redirect=None)) after connection broken by 'ProtocolError('Connection aborted.', gaierror(-2, 'Name or service not known'))': /wheel/
  Retrying (Retry(total=2, connect=None, read=None, redirect=None)) after connection broken by 'ProtocolError('Connection aborted.', gaierror(-2, 'Name or service not known'))': /wheel/
  Retrying (Retry(total=1, connect=None, read=None, redirect=None)) after connection broken by 'ProtocolError('Connection aborted.', gaierror(-2, 'Name or service not known'))': /wheel/
  Retrying (Retry(total=0, connect=None, read=None, redirect=None)) after connection broken by 'ProtocolError('Connection aborted.', gaierror(-2, 'Name or service not known'))': /wheel/
  Could not find a version that satisfies the requirement wheel==0.24.0 (from versions: )
No matching distribution found for wheel==0.24.0

travis_time:end:0886b504:start=1614482828254893277,finish=1614482854484395965,duration=26229502688[0K
[31;1mThe command "./bootstrap.py" failed and exited with 1 during .[0m

Your build has been stopped.
