travis_fold:start:system_info[0K[33;1mBuild system information[0m
Build language: java
Build group: stable
Build dist: precise
Build id: ''
Job id: ''
[34m[1mBuild image provisioning date and time[0m
Thu Feb  5 15:09:33 UTC 2015
[34m[1mOperating System Details[0m
Distributor ID:	Ubuntu
Description:	Ubuntu 12.04.5 LTS
Release:	12.04
Codename:	precise
[34m[1mLinux Version[0m
3.13.0-29-generic
[34m[1mCookbooks Version[0m
a68419e https://github.com/travis-ci/travis-cookbooks/tree/a68419e
[34m[1mGCC version[0m
gcc (Ubuntu/Linaro 4.6.3-1ubuntu5) 4.6.3
Copyright (C) 2011 Free Software Foundation, Inc.
This is free software; see the source for copying conditions.  There is NO
warranty; not even for MERCHANTABILITY or FITNESS FOR A PARTICULAR PURPOSE.

[34m[1mLLVM version[0m
clang version 3.4 (tags/RELEASE_34/final)
Target: x86_64-unknown-linux-gnu
Thread model: posix
[34m[1mPre-installed Ruby versions[0m
ruby-1.9.3-p551
[34m[1mPre-installed Node.js versions[0m
v0.10.36
[34m[1mPre-installed Go versions[0m
1.4.1
[34m[1mRedis version[0m
redis-server 2.8.19
[34m[1mriak version[0m
2.0.2
[34m[1mMongoDB version[0m
MongoDB 2.4.12
[34m[1mCouchDB version[0m
couchdb 1.6.1
[34m[1mNeo4j version[0m
1.9.4
[34m[1mRabbitMQ Version[0m
3.4.3
[34m[1mElasticSearch version[0m
1.4.0
[34m[1mInstalled Sphinx versions[0m
2.0.10
2.1.9
2.2.6
[34m[1mDefault Sphinx version[0m
2.2.6
[34m[1mInstalled Firefox version[0m
firefox 31.0esr
[34m[1mPhantomJS version[0m
1.9.8
[34m[1mant -version[0m
Apache Ant(TM) version 1.8.2 compiled on December 3 2011
[34m[1mmvn -version[0m
Apache Maven 3.2.5 (12a6b3acb947671f09b81f49094c53f426d8cea1; 2014-12-14T17:29:23+00:00)
Maven home: /usr/local/maven
Java version: 1.7.0_76, vendor: Oracle Corporation
Java home: /usr/lib/jvm/java-7-oracle/jre
Default locale: en_US, platform encoding: ANSI_X3.4-1968
OS name: "linux", version: "3.13.0-29-generic", arch: "amd64", family: "unix"
travis_fold:end:system_info[0K
W: GPG error: http://apt.postgresql.org precise-pgdg Release: The following signatures were invalid: KEYEXPIRED 1562078959
W: Failed to fetch http://ppa.launchpad.net/travis-ci/zero-mq/ubuntu/dists/precise/main/binary-amd64/Packages  403  Forbidden

W: Failed to fetch http://ppa.launchpad.net/travis-ci/zero-mq/ubuntu/dists/precise/main/binary-i386/Packages  403  Forbidden

W: Failed to fetch http://downloads-distro.mongodb.org/repo/debian-sysvinit/dists/dist/10gen/binary-amd64/Packages  Undetermined Error [IP: 52.206.222.245 80]

W: Failed to fetch http://downloads-distro.mongodb.org/repo/debian-sysvinit/dists/dist/10gen/binary-i386/Packages  Undetermined Error [IP: 52.206.222.245 80]

E: Some index files failed to download. They have been ignored, or old ones used instead.
sed: cannot rename /etc/hosts: Device or resource busy
sed: cannot rename /etc/hosts: Device or resource busy
$ jdk_switcher use oraclejdk8
Switching to Oracle JDK8 (java-8-oracle), JAVA_HOME will be set to /usr/lib/jvm/java-8-oracle
$ cd failed/galenframework/galen
travis_fold:start:install_firefox[0K$ export FIREFOX_SOURCE_URL='https://download.mozilla.org/?product=firefox-45.4.0esr&lang=en-US&os=linux64'
[33;1mInstalling Firefox 45.4.0esr[0m
travis_time:start:000689f4[0K$ wget -O /tmp/firefox-45.4.0esr.tar.bz2 $FIREFOX_SOURCE_URL
--2021-02-28 13:14:27--  https://download.mozilla.org/?product=firefox-45.4.0esr&lang=en-US&os=linux64
Resolving download.mozilla.org (download.mozilla.org)... 54.186.27.68, 34.210.6.237, 52.34.164.222
Connecting to download.mozilla.org (download.mozilla.org)|54.186.27.68|:443... connected.
HTTP request sent, awaiting response... 302 Found
Location: https://download-installer.cdn.mozilla.net/pub/firefox/releases/45.4.0esr/linux-x86_64/en-US/firefox-45.4.0esr.tar.bz2 [following]
--2021-02-28 13:14:28--  https://download-installer.cdn.mozilla.net/pub/firefox/releases/45.4.0esr/linux-x86_64/en-US/firefox-45.4.0esr.tar.bz2
Resolving download-installer.cdn.mozilla.net (download-installer.cdn.mozilla.net)... 13.224.26.58, 2600:9000:2164:3400:e:19d6:1546:5981, 2600:9000:2164:5800:e:19d6:1546:5981, ...
Connecting to download-installer.cdn.mozilla.net (download-installer.cdn.mozilla.net)|13.224.26.58|:443... connected.
HTTP request sent, awaiting response... 200 OK
Length: 51666458 (49M) [application/x-tar]
Saving to: `/tmp/firefox-45.4.0esr.tar.bz2'

     0K .......... .......... .......... .......... ..........  0%  810K 62s
    50K .......... .......... .......... .......... ..........  0%  855K 61s
   100K .......... .......... .......... .......... ..........  0% 2.63M 47s
   150K .......... .......... .......... .......... ..........  0% 1.15M 46s
   200K .......... .......... .......... .......... ..........  0% 12.5M 37s
   250K .......... .......... .......... .......... ..........  0% 11.2M 32s
   300K .......... .......... .......... .......... ..........  0% 10.4M 28s
   350K .......... .......... .......... .......... ..........  0% 6.55M 25s
   400K .......... .......... .......... .......... ..........  0% 1.16M 27s
   450K .......... .......... .......... .......... ..........  0% 31.2M 24s
   500K .......... .......... .......... .......... ..........  1% 21.1M 22s
   550K .......... .......... .......... .......... ..........  1% 44.8M 21s
   600K .......... .......... .......... .......... ..........  1% 25.0M 19s
   650K .......... .......... .......... .......... ..........  1% 23.9M 18s
   700K .......... .......... .......... .......... ..........  1% 4.24M 18s
   750K .......... .......... .......... .......... ..........  1% 32.5M 16s
   800K .......... .......... .......... .......... ..........  1% 24.5M 16s
   850K .......... .......... .......... .......... ..........  1% 1.06M 17s
   900K .......... .......... .......... .......... ..........  1% 86.8M 16s
   950K .......... .......... .......... .......... ..........  1%  110M 16s
  1000K .......... .......... .......... .......... ..........  2%  112M 15s
  1050K .......... .......... .......... .......... ..........  2%  151M 14s
  1100K .......... .......... .......... .......... ..........  2%  123M 14s
  1150K .......... .......... .......... .......... ..........  2% 98.6M 13s
  1200K .......... .......... .......... .......... ..........  2%  113M 12s
  1250K .......... .......... .......... .......... ..........  2% 87.6M 12s
  1300K .......... .......... .......... .......... ..........  2% 4.21M 12s
  1350K .......... .......... .......... .......... ..........  2% 61.9M 12s
  1400K .......... .......... .......... .......... ..........  2% 36.6M 11s
  1450K .......... .......... .......... .......... ..........  2% 49.5M 11s
  1500K .......... .......... .......... .......... ..........  3% 44.9M 11s
  1550K .......... .......... .......... .......... ..........  3% 41.9M 10s
  1600K .......... .......... .......... .......... ..........  3% 49.6M 10s
  1650K .......... .......... .......... .......... ..........  3% 71.0M 10s
  1700K .......... .......... .......... .......... ..........  3% 41.5M 9s
  1750K .......... .......... .......... .......... ..........  3% 49.3M 9s
  1800K .......... .......... .......... .......... ..........  3% 1.55M 10s
  1850K .......... .......... .......... .......... ..........  3% 46.8M 9s
  1900K .......... .......... .......... .......... ..........  3%  106M 9s
  1950K .......... .......... .......... .......... ..........  3%  106M 9s
  2000K .......... .......... .......... .......... ..........  4%  105M 9s
  2050K .......... .......... .......... .......... ..........  4%  120M 9s
  2100K .......... .......... .......... .......... ..........  4%  127M 8s
  2150K .......... .......... .......... .......... ..........  4% 81.1M 8s
  2200K .......... .......... .......... .......... ..........  4% 68.0M 8s
  2250K .......... .......... .......... .......... ..........  4% 88.0M 8s
  2300K .......... .......... .......... .......... ..........  4% 64.7M 8s
  2350K .......... .......... .......... .......... ..........  4%  121M 8s
  2400K .......... .......... .......... .......... ..........  4% 57.6M 7s
  2450K .......... .......... .......... .......... ..........  4% 83.3M 7s
  2500K .......... .......... .......... .......... ..........  5% 87.9M 7s
  2550K .......... .......... .......... .......... ..........  5% 69.4M 7s
  2600K .......... .......... .......... .......... ..........  5% 84.2M 7s
  2650K .......... .......... .......... .......... ..........  5% 82.0M 7s
  2700K .......... .......... .......... .......... ..........  5% 88.6M 7s
  2750K .......... .......... .......... .......... ..........  5% 84.5M 6s
  2800K .......... .......... .......... .......... ..........  5% 5.50M 7s
  2850K .......... .......... .......... .......... ..........  5% 78.4M 6s
  2900K .......... .......... .......... .......... ..........  5% 56.3M 6s
  2950K .......... .......... .......... .......... ..........  5% 96.6M 6s
  3000K .......... .......... .......... .......... ..........  6% 56.8M 6s
  3050K .......... .......... .......... .......... ..........  6% 46.5M 6s
  3100K .......... .......... .......... .......... ..........  6%  125M 6s
  3150K .......... .......... .......... .......... ..........  6% 41.5M 6s
  3200K .......... .......... .......... .......... ..........  6% 57.2M 6s
  3250K .......... .......... .......... .......... ..........  6% 56.6M 6s
  3300K .......... .......... .......... .......... ..........  6% 29.8M 6s
  3350K .......... .......... .......... .......... ..........  6% 46.7M 6s
  3400K .......... .......... .......... .......... ..........  6%  119M 5s
  3450K .......... .......... .......... .......... ..........  6% 32.5M 5s
  3500K .......... .......... .......... .......... ..........  7% 51.1M 5s
  3550K .......... .......... .......... .......... ..........  7%  108M 5s
  3600K .......... .......... .......... .......... ..........  7% 1.70M 6s
  3650K .......... .......... .......... .......... ..........  7% 28.6M 5s
  3700K .......... .......... .......... .......... ..........  7% 76.5M 5s
  3750K .......... .......... .......... .......... ..........  7%  104M 5s
  3800K .......... .......... .......... .......... ..........  7%  119M 5s
  3850K .......... .......... .......... .......... ..........  7% 93.4M 5s
  3900K .......... .......... .......... .......... ..........  7%  119M 5s
  3950K .......... .......... .......... .......... ..........  7%  115M 5s
  4000K .......... .......... .......... .......... ..........  8%  112M 5s
  4050K .......... .......... .......... .......... ..........  8%  110M 5s
  4100K .......... .......... .......... .......... ..........  8%  122M 5s
  4150K .......... .......... .......... .......... ..........  8%  120M 5s
  4200K .......... .......... .......... .......... ..........  8%  120M 5s
  4250K .......... .......... .......... .......... ..........  8% 98.6M 5s
  4300K .......... .......... .......... .......... ..........  8%  114M 5s
  4350K .......... .......... .......... .......... ..........  8%  125M 5s
  4400K .......... .......... .......... .......... ..........  8%  110M 5s
  4450K .......... .......... .......... .......... ..........  8%  118M 4s
  4500K .......... .......... .......... .......... ..........  9%  118M 4s
  4550K .......... .......... .......... .......... ..........  9% 80.1M 4s
  4600K .......... .......... .......... .......... ..........  9% 68.0M 4s
  4650K .......... .......... .......... .......... ..........  9%  100M 4s
  4700K .......... .......... .......... .......... ..........  9%  142M 4s
  4750K .......... .......... .......... .......... ..........  9%  151M 4s
  4800K .......... .......... .......... .......... ..........  9%  103M 4s
  4850K .......... .......... .......... .......... ..........  9%  127M 4s
  4900K .......... .......... .......... .......... ..........  9%  132M 4s
  4950K .......... .......... .......... .......... ..........  9%  137M 4s
  5000K .......... .......... .......... .......... .......... 10%  124M 4s
  5050K .......... .......... .......... .......... .......... 10%  136M 4s
  5100K .......... .......... .......... .......... .......... 10%  127M 4s
  5150K .......... .......... .......... .......... .......... 10%  103M 4s
  5200K .......... .......... .......... .......... .......... 10%  107M 4s
  5250K .......... .......... .......... .......... .......... 10%  114M 4s
  5300K .......... .......... .......... .......... .......... 10%  116M 4s
  5350K .......... .......... .......... .......... .......... 10% 95.5M 4s
  5400K .......... .......... .......... .......... .......... 10%  102M 4s
  5450K .......... .......... .......... .......... .......... 10%  108M 4s
  5500K .......... .......... .......... .......... .......... 10%  130M 4s
  5550K .......... .......... .......... .......... .......... 11%  127M 4s
  5600K .......... .......... .......... .......... .......... 11% 96.1M 4s
  5650K .......... .......... .......... .......... .......... 11%  131M 4s
  5700K .......... .......... .......... .......... .......... 11% 90.1M 4s
  5750K .......... .......... .......... .......... .......... 11% 96.1M 3s
  5800K .......... .......... .......... .......... .......... 11% 78.9M 3s
  5850K .......... .......... .......... .......... .......... 11%  100M 3s
  5900K .......... .......... .......... .......... .......... 11%  143M 3s
  5950K .......... .......... .......... .......... .......... 11%  122M 3s
  6000K .......... .......... .......... .......... .......... 11%  132M 3s
  6050K .......... .......... .......... .......... .......... 12%  116M 3s
  6100K .......... .......... .......... .......... .......... 12%  124M 3s
  6150K .......... .......... .......... .......... .......... 12%  154M 3s
  6200K .......... .......... .......... .......... .......... 12% 1.24M 3s
  6250K .......... .......... .......... .......... .......... 12%  113M 3s
  6300K .......... .......... .......... .......... .......... 12%  129M 3s
  6350K .......... .......... .......... .......... .......... 12%  105M 3s
  6400K .......... .......... .......... .......... .......... 12%  110M 3s
  6450K .......... .......... .......... .......... .......... 12%  108M 3s
  6500K .......... .......... .......... .......... .......... 12%  129M 3s
  6550K .......... .......... .......... .......... .......... 13%  118M 3s
  6600K .......... .......... .......... .......... .......... 13% 97.9M 3s
  6650K .......... .......... .......... .......... .......... 13% 99.0M 3s
  6700K .......... .......... .......... .......... .......... 13%  120M 3s
  6750K .......... .......... .......... .......... .......... 13%  132M 3s
  6800K .......... .......... .......... .......... .......... 13% 92.4M 3s
  6850K .......... .......... .......... .......... .......... 13%  123M 3s
  6900K .......... .......... .......... .......... .......... 13%  122M 3s
  6950K .......... .......... .......... .......... .......... 13%  107M 3s
  7000K .......... .......... .......... .......... .......... 13%  110M 3s
  7050K .......... .......... .......... .......... .......... 14%  134M 3s
  7100K .......... .......... .......... .......... .......... 14% 95.7M 3s
  7150K .......... .......... .......... .......... .......... 14%  120M 3s
  7200K .......... .......... .......... .......... .......... 14% 99.2M 3s
  7250K .......... .......... .......... .......... .......... 14%  116M 3s
  7300K .......... .......... .......... .......... .......... 14%  113M 3s
  7350K .......... .......... .......... .......... .......... 14%  124M 3s
  7400K .......... .......... .......... .......... .......... 14% 89.5M 3s
  7450K .......... .......... .......... .......... .......... 14%  137M 3s
  7500K .......... .......... .......... .......... .......... 14% 89.8M 3s
  7550K .......... .......... .......... .......... .......... 15% 97.2M 3s
  7600K .......... .......... .......... .......... .......... 15%  125M 3s
  7650K .......... .......... .......... .......... .......... 15%  102M 3s
  7700K .......... .......... .......... .......... .......... 15%  105M 3s
  7750K .......... .......... .......... .......... .......... 15%  126M 3s
  7800K .......... .......... .......... .......... .......... 15%  102M 3s
  7850K .......... .......... .......... .......... .......... 15%  121M 3s
  7900K .......... .......... .......... .......... .......... 15% 85.8M 3s
  7950K .......... .......... .......... .......... .......... 15%  154M 3s
  8000K .......... .......... .......... .......... .......... 15%  142M 3s
  8050K .......... .......... .......... .......... .......... 16% 99.1M 3s
  8100K .......... .......... .......... .......... .......... 16%  139M 3s
  8150K .......... .......... .......... .......... .......... 16% 74.5M 3s
  8200K .......... .......... .......... .......... .......... 16%  158M 3s
  8250K .......... .......... .......... .......... .......... 16%  121M 3s
  8300K .......... .......... .......... .......... .......... 16%  112M 3s
  8350K .......... .......... .......... .......... .......... 16% 87.8M 3s
  8400K .......... .......... .......... .......... .......... 16% 74.0M 3s
  8450K .......... .......... .......... .......... .......... 16% 97.1M 3s
  8500K .......... .......... .......... .......... .......... 16%  109M 3s
  8550K .......... .......... .......... .......... .......... 17%  126M 3s
  8600K .......... .......... .......... .......... .......... 17%  113M 2s
  8650K .......... .......... .......... .......... .......... 17%  112M 2s
  8700K .......... .......... .......... .......... .......... 17%  121M 2s
  8750K .......... .......... .......... .......... .......... 17% 1.22M 3s
  8800K .......... .......... .......... .......... .......... 17% 66.2M 3s
  8850K .......... .......... .......... .......... .......... 17% 74.4M 3s
  8900K .......... .......... .......... .......... .......... 17% 68.2M 3s
  8950K .......... .......... .......... .......... .......... 17% 66.2M 3s
  9000K .......... .......... .......... .......... .......... 17% 65.2M 3s
  9050K .......... .......... .......... .......... .......... 18% 79.5M 3s
  9100K .......... .......... .......... .......... .......... 18% 81.0M 3s
  9150K .......... .......... .......... .......... .......... 18% 75.2M 3s
  9200K .......... .......... .......... .......... .......... 18% 86.8M 3s
  9250K .......... .......... .......... .......... .......... 18% 75.2M 2s
  9300K .......... .......... .......... .......... .......... 18% 82.6M 2s
  9350K .......... .......... .......... .......... .......... 18% 64.9M 2s
  9400K .......... .......... .......... .......... .......... 18% 90.6M 2s
  9450K .......... .......... .......... .......... .......... 18% 79.6M 2s
  9500K .......... .......... .......... .......... .......... 18% 81.0M 2s
  9550K .......... .......... .......... .......... .......... 19% 79.9M 2s
  9600K .......... .......... .......... .......... .......... 19% 86.5M 2s
  9650K .......... .......... .......... .......... .......... 19%  227M 2s
  9700K .......... .......... .......... .......... .......... 19%  171M 2s
  9750K .......... .......... .......... .......... .......... 19%  203M 2s
  9800K .......... .......... .......... .......... .......... 19%  191M 2s
  9850K .......... .......... .......... .......... .......... 19%  195M 2s
  9900K .......... .......... .......... .......... .......... 19%  170M 2s
  9950K .......... .......... .......... .......... .......... 19%  208M 2s
 10000K .......... .......... .......... .......... .......... 19%  188M 2s
 10050K .......... .......... .......... .......... .......... 20%  160M 2s
 10100K .......... .......... .......... .......... .......... 20%  220M 2s
 10150K .......... .......... .......... .......... .......... 20%  183M 2s
 10200K .......... .......... .......... .......... .......... 20%  197M 2s
 10250K .......... .......... .......... .......... .......... 20%  200M 2s
 10300K .......... .......... .......... .......... .......... 20%  201M 2s
 10350K .......... .......... .......... .......... .......... 20%  166M 2s
 10400K .......... .......... .......... .......... .......... 20%  215M 2s
 10450K .......... .......... .......... .......... .......... 20%  213M 2s
 10500K .......... .......... .......... .......... .......... 20%  165M 2s
 10550K .......... .......... .......... .......... .......... 21%  224M 2s
 10600K .......... .......... .......... .......... .......... 21%  201M 2s
 10650K .......... .......... .......... .......... .......... 21%  153M 2s
 10700K .......... .......... .......... .......... .......... 21%  109M 2s
 10750K .......... .......... .......... .......... .......... 21% 91.2M 2s
 10800K .......... .......... .......... .......... .......... 21%  122M 2s
 10850K .......... .......... .......... .......... .......... 21%  121M 2s
 10900K .......... .......... .......... .......... .......... 21%  104M 2s
 10950K .......... .......... .......... .......... .......... 21%  118M 2s
 11000K .......... .......... .......... .......... .......... 21%  126M 2s
 11050K .......... .......... .......... .......... .......... 21% 91.8M 2s
 11100K .......... .......... .......... .......... .......... 22%  120M 2s
 11150K .......... .......... .......... .......... .......... 22%  112M 2s
 11200K .......... .......... .......... .......... .......... 22%  107M 2s
 11250K .......... .......... .......... .......... .......... 22%  105M 2s
 11300K .......... .......... .......... .......... .......... 22% 1.21M 2s
 11350K .......... .......... .......... .......... .......... 22%  104M 2s
 11400K .......... .......... .......... .......... .......... 22% 37.8M 2s
 11450K .......... .......... .......... .......... .......... 22% 63.9M 2s
 11500K .......... .......... .......... .......... .......... 22% 99.6M 2s
 11550K .......... .......... .......... .......... .......... 22%  129M 2s
 11600K .......... .......... .......... .......... .......... 23%  108M 2s
 11650K .......... .......... .......... .......... .......... 23%  120M 2s
 11700K .......... .......... .......... .......... .......... 23% 99.9M 2s
 11750K .......... .......... .......... .......... .......... 23%  119M 2s
 11800K .......... .......... .......... .......... .......... 23%  122M 2s
 11850K .......... .......... .......... .......... .......... 23%  101M 2s
 11900K .......... .......... .......... .......... .......... 23%  108M 2s
 11950K .......... .......... .......... .......... .......... 23%  133M 2s
 12000K .......... .......... .......... .......... .......... 23% 91.7M 2s
 12050K .......... .......... .......... .......... .......... 23%  121M 2s
 12100K .......... .......... .......... .......... .......... 24%  109M 2s
 12150K .......... .......... .......... .......... .......... 24%  146M 2s
 12200K .......... .......... .......... .......... .......... 24%  103M 2s
 12250K .......... .......... .......... .......... .......... 24% 94.8M 2s
 12300K .......... .......... .......... .......... .......... 24%  116M 2s
 12350K .......... .......... .......... .......... .......... 24%  127M 2s
 12400K .......... .......... .......... .......... .......... 24%  112M 2s
 12450K .......... .......... .......... .......... .......... 24%  109M 2s
 12500K .......... .......... .......... .......... .......... 24% 93.7M 2s
 12550K .......... .......... .......... .......... .......... 24%  121M 2s
 12600K .......... .......... .......... .......... .......... 25%  108M 2s
 12650K .......... .......... .......... .......... .......... 25%  122M 2s
 12700K .......... .......... .......... .......... .......... 25%  108M 2s
 12750K .......... .......... .......... .......... .......... 25%  109M 2s
 12800K .......... .......... .......... .......... .......... 25%  112M 2s
 12850K .......... .......... .......... .......... .......... 25%  132M 2s
 12900K .......... .......... .......... .......... .......... 25% 99.1M 2s
 12950K .......... .......... .......... .......... .......... 25%  108M 2s
 13000K .......... .......... .......... .......... .......... 25%  123M 2s
 13050K .......... .......... .......... .......... .......... 25%  109M 2s
 13100K .......... .......... .......... .......... .......... 26%  117M 2s
 13150K .......... .......... .......... .......... .......... 26%  120M 2s
 13200K .......... .......... .......... .......... .......... 26%  102M 2s
 13250K .......... .......... .......... .......... .......... 26%  113M 2s
 13300K .......... .......... .......... .......... .......... 26%  111M 2s
 13350K .......... .......... .......... .......... .......... 26%  136M 2s
 13400K .......... .......... .......... .......... .......... 26%  101M 2s
 13450K .......... .......... .......... .......... .......... 26%  106M 2s
 13500K .......... .......... .......... .......... .......... 26%  112M 2s
 13550K .......... .......... .......... .......... .......... 26%  105M 2s
 13600K .......... .......... .......... .......... .......... 27%  116M 2s
 13650K .......... .......... .......... .......... .......... 27%  108M 2s
 13700K .......... .......... .......... .......... .......... 27%  128M 2s
 13750K .......... .......... .......... .......... .......... 27%  104M 2s
 13800K .......... .......... .......... .......... .......... 27%  111M 2s
 13850K .......... .......... .......... .......... .......... 27% 1.22M 2s
 13900K .......... .......... .......... .......... .......... 27%  101M 2s
 13950K .......... .......... .......... .......... .......... 27%  128M 2s
 14000K .......... .......... .......... .......... .......... 27%  128M 2s
 14050K .......... .......... .......... .......... .......... 27% 65.4M 2s
 14100K .......... .......... .......... .......... .......... 28% 96.9M 2s
 14150K .......... .......... .......... .......... .......... 28%  134M 2s
 14200K .......... .......... .......... .......... .......... 28%  118M 2s
 14250K .......... .......... .......... .......... .......... 28%  103M 2s
 14300K .......... .......... .......... .......... .......... 28%  127M 2s
 14350K .......... .......... .......... .......... .......... 28%  114M 2s
 14400K .......... .......... .......... .......... .......... 28% 99.7M 2s
 14450K .......... .......... .......... .......... .......... 28%  108M 2s
 14500K .......... .......... .......... .......... .......... 28%  113M 2s
 14550K .......... .......... .......... .......... .......... 28%  117M 2s
 14600K .......... .......... .......... .......... .......... 29%  112M 2s
 14650K .......... .......... .......... .......... .......... 29%  106M 2s
 14700K .......... .......... .......... .......... .......... 29%  114M 2s
 14750K .......... .......... .......... .......... .......... 29%  109M 2s
 14800K .......... .......... .......... .......... .......... 29%  112M 2s
 14850K .......... .......... .......... .......... .......... 29%  102M 2s
 14900K .......... .......... .......... .......... .......... 29%  114M 2s
 14950K .......... .......... .......... .......... .......... 29%  123M 2s
 15000K .......... .......... .......... .......... .......... 29%  113M 2s
 15050K .......... .......... .......... .......... .......... 29% 93.2M 2s
 15100K .......... .......... .......... .......... .......... 30%  122M 2s
 15150K .......... .......... .......... .......... .......... 30%  118M 2s
 15200K .......... .......... .......... .......... .......... 30%  123M 2s
 15250K .......... .......... .......... .......... .......... 30%  101M 2s
 15300K .......... .......... .......... .......... .......... 30%  104M 2s
 15350K .......... .......... .......... .......... .......... 30%  140M 2s
 15400K .......... .......... .......... .......... .......... 30% 97.8M 2s
 15450K .......... .......... .......... .......... .......... 30%  105M 2s
 15500K .......... .......... .......... .......... .......... 30%  111M 2s
 15550K .......... .......... .......... .......... .......... 30%  136M 2s
 15600K .......... .......... .......... .......... .......... 31%  108M 2s
 15650K .......... .......... .......... .......... .......... 31%  104M 2s
 15700K .......... .......... .......... .......... .......... 31%  108M 2s
 15750K .......... .......... .......... .......... .......... 31%  123M 2s
 15800K .......... .......... .......... .......... .......... 31%  107M 2s
 15850K .......... .......... .......... .......... .......... 31%  112M 2s
 15900K .......... .......... .......... .......... .......... 31%  109M 2s
 15950K .......... .......... .......... .......... .......... 31%  108M 2s
 16000K .......... .......... .......... .......... .......... 31%  104M 2s
 16050K .......... .......... .......... .......... .......... 31%  143M 1s
 16100K .......... .......... .......... .......... .......... 32% 94.9M 1s
 16150K .......... .......... .......... .......... .......... 32%  108M 1s
 16200K .......... .......... .......... .......... .......... 32%  126M 1s
 16250K .......... .......... .......... .......... .......... 32%  125M 1s
 16300K .......... .......... .......... .......... .......... 32%  110M 1s
 16350K .......... .......... .......... .......... .......... 32%  106M 1s
 16400K .......... .......... .......... .......... .......... 32%  112M 1s
 16450K .......... .......... .......... .......... .......... 32% 1.23M 2s
 16500K .......... .......... .......... .......... .......... 32% 90.8M 2s
 16550K .......... .......... .......... .......... .......... 32%  109M 2s
 16600K .......... .......... .......... .......... .......... 32%  147M 2s
 16650K .......... .......... .......... .......... .......... 33% 85.8M 2s
 16700K .......... .......... .......... .......... .......... 33%  121M 2s
 16750K .......... .......... .......... .......... .......... 33%  112M 1s
 16800K .......... .......... .......... .......... .......... 33%  103M 1s
 16850K .......... .......... .......... .......... .......... 33%  131M 1s
 16900K .......... .......... .......... .......... .......... 33% 91.7M 1s
 16950K .......... .......... .......... .......... .......... 33%  165M 1s
 17000K .......... .......... .......... .......... .......... 33%  108M 1s
 17050K .......... .......... .......... .......... .......... 33% 96.7M 1s
 17100K .......... .......... .......... .......... .......... 33%  111M 1s
 17150K .......... .......... .......... .......... .......... 34%  109M 1s
 17200K .......... .......... .......... .......... .......... 34% 9.37M 1s
 17250K .......... .......... .......... .......... .......... 34%  100M 1s
 17300K .......... .......... .......... .......... .......... 34% 11.1M 1s
 17350K .......... .......... .......... .......... .......... 34%  114M 1s
 17400K .......... .......... .......... .......... .......... 34% 58.1M 1s
 17450K .......... .......... .......... .......... .......... 34%  104M 1s
 17500K .......... .......... .......... .......... .......... 34%  114M 1s
 17550K .......... .......... .......... .......... .......... 34%  110M 1s
 17600K .......... .......... .......... .......... .......... 34%  114M 1s
 17650K .......... .......... .......... .......... .......... 35%  127M 1s
 17700K .......... .......... .......... .......... .......... 35%  109M 1s
 17750K .......... .......... .......... .......... .......... 35%  105M 1s
 17800K .......... .......... .......... .......... .......... 35%  104M 1s
 17850K .......... .......... .......... .......... .......... 35%  112M 1s
 17900K .......... .......... .......... .......... .......... 35%  120M 1s
 17950K .......... .......... .......... .......... .......... 35%  109M 1s
 18000K .......... .......... .......... .......... .......... 35%  113M 1s
 18050K .......... .......... .......... .......... .......... 35%  103M 1s
 18100K .......... .......... .......... .......... .......... 35%  113M 1s
 18150K .......... .......... .......... .......... .......... 36%  115M 1s
 18200K .......... .......... .......... .......... .......... 36%  120M 1s
 18250K .......... .......... .......... .......... .......... 36%  114M 1s
 18300K .......... .......... .......... .......... .......... 36%  107M 1s
 18350K .......... .......... .......... .......... .......... 36%  121M 1s
 18400K .......... .......... .......... .......... .......... 36%  109M 1s
 18450K .......... .......... .......... .......... .......... 36%  106M 1s
 18500K .......... .......... .......... .......... .......... 36%  106M 1s
 18550K .......... .......... .......... .......... .......... 36%  123M 1s
 18600K .......... .......... .......... .......... .......... 36% 96.8M 1s
 18650K .......... .......... .......... .......... .......... 37%  122M 1s
 18700K .......... .......... .......... .......... .......... 37%  120M 1s
 18750K .......... .......... .......... .......... .......... 37%  103M 1s
 18800K .......... .......... .......... .......... .......... 37%  111M 1s
 18850K .......... .......... .......... .......... .......... 37%  132M 1s
 18900K .......... .......... .......... .......... .......... 37% 98.9M 1s
 18950K .......... .......... .......... .......... .......... 37%  109M 1s
 19000K .......... .......... .......... .......... .......... 37% 1.56M 1s
 19050K .......... .......... .......... .......... .......... 37% 88.0M 1s
 19100K .......... .......... .......... .......... .......... 37%  108M 1s
 19150K .......... .......... .......... .......... .......... 38%  113M 1s
 19200K .......... .......... .......... .......... .......... 38%  104M 1s
 19250K .......... .......... .......... .......... .......... 38%  128M 1s
 19300K .......... .......... .......... .......... .......... 38% 99.8M 1s
 19350K .......... .......... .......... .......... .......... 38%  114M 1s
 19400K .......... .......... .......... .......... .......... 38%  128M 1s
 19450K .......... .......... .......... .......... .......... 38% 94.2M 1s
 19500K .......... .......... .......... .......... .......... 38%  111M 1s
 19550K .......... .......... .......... .......... .......... 38% 91.1M 1s
 19600K .......... .......... .......... .......... .......... 38% 96.1M 1s
 19650K .......... .......... .......... .......... .......... 39% 94.3M 1s
 19700K .......... .......... .......... .......... .......... 39% 79.9M 1s
 19750K .......... .......... .......... .......... .......... 39%  101M 1s
 19800K .......... .......... .......... .......... .......... 39%  116M 1s
 19850K .......... .......... .......... .......... .......... 39% 77.8M 1s
 19900K .......... .......... .......... .......... .......... 39%  110M 1s
 19950K .......... .......... .......... .......... .......... 39%  109M 1s
 20000K .......... .......... .......... .......... .......... 39% 93.1M 1s
 20050K .......... .......... .......... .......... .......... 39% 84.7M 1s
 20100K .......... .......... .......... .......... .......... 39%  148M 1s
 20150K .......... .......... .......... .......... .......... 40%  166M 1s
 20200K .......... .......... .......... .......... .......... 40%  155M 1s
 20250K .......... .......... .......... .......... .......... 40%  167M 1s
 20300K .......... .......... .......... .......... .......... 40%  158M 1s
 20350K .......... .......... .......... .......... .......... 40%  183M 1s
 20400K .......... .......... .......... .......... .......... 40%  129M 1s
 20450K .......... .......... .......... .......... .......... 40%  111M 1s
 20500K .......... .......... .......... .......... .......... 40%  110M 1s
 20550K .......... .......... .......... .......... .......... 40%  122M 1s
 20600K .......... .......... .......... .......... .......... 40%  122M 1s
 20650K .......... .......... .......... .......... .......... 41% 99.3M 1s
 20700K .......... .......... .......... .......... .......... 41%  118M 1s
 20750K .......... .......... .......... .......... .......... 41%  108M 1s
 20800K .......... .......... .......... .......... .......... 41%  121M 1s
 20850K .......... .......... .......... .......... .......... 41% 91.9M 1s
 20900K .......... .......... .......... .......... .......... 41%  121M 1s
 20950K .......... .......... .......... .......... .......... 41%  120M 1s
 21000K .......... .......... .......... .......... .......... 41%  110M 1s
 21050K .......... .......... .......... .......... .......... 41%  108M 1s
 21100K .......... .......... .......... .......... .......... 41%  111M 1s
 21150K .......... .......... .......... .......... .......... 42%  124M 1s
 21200K .......... .......... .......... .......... .......... 42%  129M 1s
 21250K .......... .......... .......... .......... .......... 42% 92.6M 1s
 21300K .......... .......... .......... .......... .......... 42%  113M 1s
 21350K .......... .......... .......... .......... .......... 42%  113M 1s
 21400K .......... .......... .......... .......... .......... 42%  107M 1s
 21450K .......... .......... .......... .......... .......... 42%  129M 1s
 21500K .......... .......... .......... .......... .......... 42%  112M 1s
 21550K .......... .......... .......... .......... .......... 42% 1.20M 1s
 21600K .......... .......... .......... .......... .......... 42%  103M 1s
 21650K .......... .......... .......... .......... .......... 43%  122M 1s
 21700K .......... .......... .......... .......... .......... 43% 98.3M 1s
 21750K .......... .......... .......... .......... .......... 43%  118M 1s
 21800K .......... .......... .......... .......... .......... 43%  106M 1s
 21850K .......... .......... .......... .......... .......... 43%  111M 1s
 21900K .......... .......... .......... .......... .......... 43%  116M 1s
 21950K .......... .......... .......... .......... .......... 43%  105M 1s
 22000K .......... .......... .......... .......... .......... 43%  103M 1s
 22050K .......... .......... .......... .......... .......... 43%  119M 1s
 22100K .......... .......... .......... .......... .......... 43%  123M 1s
 22150K .......... .......... .......... .......... .......... 43%  118M 1s
 22200K .......... .......... .......... .......... .......... 44%  103M 1s
 22250K .......... .......... .......... .......... .......... 44%  117M 1s
 22300K .......... .......... .......... .......... .......... 44%  110M 1s
 22350K .......... .......... .......... .......... .......... 44% 97.6M 1s
 22400K .......... .......... .......... .......... .......... 44%  134M 1s
 22450K .......... .......... .......... .......... .......... 44%  113M 1s
 22500K .......... .......... .......... .......... .......... 44%  121M 1s
 22550K .......... .......... .......... .......... .......... 44% 93.3M 1s
 22600K .......... .......... .......... .......... .......... 44%  130M 1s
 22650K .......... .......... .......... .......... .......... 44%  113M 1s
 22700K .......... .......... .......... .......... .......... 45% 93.1M 1s
 22750K .......... .......... .......... .......... .......... 45%  106M 1s
 22800K .......... .......... .......... .......... .......... 45% 93.2M 1s
 22850K .......... .......... .......... .......... .......... 45% 90.7M 1s
 22900K .......... .......... .......... .......... .......... 45%  136M 1s
 22950K .......... .......... .......... .......... .......... 45%  165M 1s
 23000K .......... .......... .......... .......... .......... 45%  109M 1s
 23050K .......... .......... .......... .......... .......... 45%  113M 1s
 23100K .......... .......... .......... .......... .......... 45%  103M 1s
 23150K .......... .......... .......... .......... .......... 45%  122M 1s
 23200K .......... .......... .......... .......... .......... 46%  108M 1s
 23250K .......... .......... .......... .......... .......... 46%  127M 1s
 23300K .......... .......... .......... .......... .......... 46%  109M 1s
 23350K .......... .......... .......... .......... .......... 46% 76.8M 1s
 23400K .......... .......... .......... .......... .......... 46% 84.4M 1s
 23450K .......... .......... .......... .......... .......... 46%  123M 1s
 23500K .......... .......... .......... .......... .......... 46%  111M 1s
 23550K .......... .......... .......... .......... .......... 46%  114M 1s
 23600K .......... .......... .......... .......... .......... 46%  109M 1s
 23650K .......... .......... .......... .......... .......... 46%  104M 1s
 23700K .......... .......... .......... .......... .......... 47%  109M 1s
 23750K .......... .......... .......... .......... .......... 47%  107M 1s
 23800K .......... .......... .......... .......... .......... 47%  108M 1s
 23850K .......... .......... .......... .......... .......... 47%  129M 1s
 23900K .......... .......... .......... .......... .......... 47%  115M 1s
 23950K .......... .......... .......... .......... .......... 47%  113M 1s
 24000K .......... .......... .......... .......... .......... 47%  116M 1s
 24050K .......... .......... .......... .......... .......... 47%  110M 1s
 24100K .......... .......... .......... .......... .......... 47%  127M 1s
 24150K .......... .......... .......... .......... .......... 47% 1.21M 1s
 24200K .......... .......... .......... .......... .......... 48% 75.1M 1s
 24250K .......... .......... .......... .......... .......... 48%  122M 1s
 24300K .......... .......... .......... .......... .......... 48%  131M 1s
 24350K .......... .......... .......... .......... .......... 48%  112M 1s
 24400K .......... .......... .......... .......... .......... 48%  105M 1s
 24450K .......... .......... .......... .......... .......... 48%  158M 1s
 24500K .......... .......... .......... .......... .......... 48%  115M 1s
 24550K .......... .......... .......... .......... .......... 48%  121M 1s
 24600K .......... .......... .......... .......... .......... 48%  118M 1s
 24650K .......... .......... .......... .......... .......... 48%  140M 1s
 24700K .......... .......... .......... .......... .......... 49% 93.4M 1s
 24750K .......... .......... .......... .......... .......... 49% 81.2M 1s
 24800K .......... .......... .......... .......... .......... 49% 76.8M 1s
 24850K .......... .......... .......... .......... .......... 49% 95.1M 1s
 24900K .......... .......... .......... .......... .......... 49%  148M 1s
 24950K .......... .......... .......... .......... .......... 49%  108M 1s
 25000K .......... .......... .......... .......... .......... 49%  117M 1s
 25050K .......... .......... .......... .......... .......... 49%  137M 1s
 25100K .......... .......... .......... .......... .......... 49%  105M 1s
 25150K .......... .......... .......... .......... .......... 49%  119M 1s
 25200K .......... .......... .......... .......... .......... 50%  136M 1s
 25250K .......... .......... .......... .......... .......... 50%  115M 1s
 25300K .......... .......... .......... .......... .......... 50%  128M 1s
 25350K .......... .......... .......... .......... .......... 50%  122M 1s
 25400K .......... .......... .......... .......... .......... 50%  165M 1s
 25450K .......... .......... .......... .......... .......... 50% 82.0M 1s
 25500K .......... .......... .......... .......... .......... 50% 89.9M 1s
 25550K .......... .......... .......... .......... .......... 50%  137M 1s
 25600K .......... .......... .......... .......... .......... 50%  118M 1s
 25650K .......... .......... .......... .......... .......... 50%  159M 1s
 25700K .......... .......... .......... .......... .......... 51%  101M 1s
 25750K .......... .......... .......... .......... .......... 51%  124M 1s
 25800K .......... .......... .......... .......... .......... 51% 92.2M 1s
 25850K .......... .......... .......... .......... .......... 51%  144M 1s
 25900K .......... .......... .......... .......... .......... 51% 94.2M 1s
 25950K .......... .......... .......... .......... .......... 51% 89.3M 1s
 26000K .......... .......... .......... .......... .......... 51% 95.4M 1s
 26050K .......... .......... .......... .......... .......... 51% 74.7M 1s
 26100K .......... .......... .......... .......... .......... 51%  128M 1s
 26150K .......... .......... .......... .......... .......... 51%  134M 1s
 26200K .......... .......... .......... .......... .......... 52%  113M 1s
 26250K .......... .......... .......... .......... .......... 52%  129M 1s
 26300K .......... .......... .......... .......... .......... 52%  127M 1s
 26350K .......... .......... .......... .......... .......... 52%  118M 1s
 26400K .......... .......... .......... .......... .......... 52%  114M 1s
 26450K .......... .......... .......... .......... .......... 52%  126M 1s
 26500K .......... .......... .......... .......... .......... 52%  105M 1s
 26550K .......... .......... .......... .......... .......... 52%  140M 1s
 26600K .......... .......... .......... .......... .......... 52%  101M 1s
 26650K .......... .......... .......... .......... .......... 52%  134M 1s
 26700K .......... .......... .......... .......... .......... 53% 1.21M 1s
 26750K .......... .......... .......... .......... .......... 53%  118M 1s
 26800K .......... .......... .......... .......... .......... 53% 95.1M 1s
 26850K .......... .......... .......... .......... .......... 53%  165M 1s
 26900K .......... .......... .......... .......... .......... 53% 94.9M 1s
 26950K .......... .......... .......... .......... .......... 53% 88.8M 1s
 27000K .......... .......... .......... .......... .......... 53% 78.4M 1s
 27050K .......... .......... .......... .......... .......... 53%  123M 1s
 27100K .......... .......... .......... .......... .......... 53%  104M 1s
 27150K .......... .......... .......... .......... .......... 53%  140M 1s
 27200K .......... .......... .......... .......... .......... 54%  138M 1s
 27250K .......... .......... .......... .......... .......... 54%  129M 1s
 27300K .......... .......... .......... .......... .......... 54%  106M 1s
 27350K .......... .......... .......... .......... .......... 54%  141M 1s
 27400K .......... .......... .......... .......... .......... 54%  117M 1s
 27450K .......... .......... .......... .......... .......... 54% 95.3M 1s
 27500K .......... .......... .......... .......... .......... 54%  109M 1s
 27550K .......... .......... .......... .......... .......... 54%  111M 1s
 27600K .......... .......... .......... .......... .......... 54%  122M 1s
 27650K .......... .......... .......... .......... .......... 54%  115M 1s
 27700K .......... .......... .......... .......... .......... 54%  119M 1s
 27750K .......... .......... .......... .......... .......... 55% 94.4M 1s
 27800K .......... .......... .......... .......... .......... 55%  117M 1s
 27850K .......... .......... .......... .......... .......... 55%  109M 1s
 27900K .......... .......... .......... .......... .......... 55%  109M 1s
 27950K .......... .......... .......... .......... .......... 55%  121M 1s
 28000K .......... .......... .......... .......... .......... 55% 86.0M 1s
 28050K .......... .......... .......... .......... .......... 55%  123M 1s
 28100K .......... .......... .......... .......... .......... 55%  112M 1s
 28150K .......... .......... .......... .......... .......... 55%  111M 1s
 28200K .......... .......... .......... .......... .......... 55% 98.9M 1s
 28250K .......... .......... .......... .......... .......... 56%  156M 1s
 28300K .......... .......... .......... .......... .......... 56%  110M 1s
 28350K .......... .......... .......... .......... .......... 56% 83.2M 1s
 28400K .......... .......... .......... .......... .......... 56% 86.8M 1s
 28450K .......... .......... .......... .......... .......... 56% 91.3M 1s
 28500K .......... .......... .......... .......... .......... 56% 83.9M 1s
 28550K .......... .......... .......... .......... .......... 56% 64.2M 1s
 28600K .......... .......... .......... .......... .......... 56% 82.3M 1s
 28650K .......... .......... .......... .......... .......... 56% 74.5M 1s
 28700K .......... .......... .......... .......... .......... 56% 78.7M 1s
 28750K .......... .......... .......... .......... .......... 57% 89.3M 1s
 28800K .......... .......... .......... .......... .......... 57% 83.0M 1s
 28850K .......... .......... .......... .......... .......... 57% 64.6M 1s
 28900K .......... .......... .......... .......... .......... 57% 87.5M 1s
 28950K .......... .......... .......... .......... .......... 57% 82.8M 1s
 29000K .......... .......... .......... .......... .......... 57%  117M 1s
 29050K .......... .......... .......... .......... .......... 57%  144M 1s
 29100K .......... .......... .......... .......... .......... 57%  137M 1s
 29150K .......... .......... .......... .......... .......... 57%  150M 1s
 29200K .......... .......... .......... .......... .......... 57%  141M 1s
 29250K .......... .......... .......... .......... .......... 58% 1.26M 1s
 29300K .......... .......... .......... .......... .......... 58% 94.5M 1s
 29350K .......... .......... .......... .......... .......... 58% 96.3M 1s
 29400K .......... .......... .......... .......... .......... 58%  113M 1s
 29450K .......... .......... .......... .......... .......... 58% 81.2M 1s
 29500K .......... .......... .......... .......... .......... 58%  106M 1s
 29550K .......... .......... .......... .......... .......... 58%  115M 1s
 29600K .......... .......... .......... .......... .......... 58% 96.4M 1s
 29650K .......... .......... .......... .......... .......... 58%  131M 1s
 29700K .......... .......... .......... .......... .......... 58%  114M 1s
 29750K .......... .......... .......... .......... .......... 59%  108M 1s
 29800K .......... .......... .......... .......... .......... 59%  111M 1s
 29850K .......... .......... .......... .......... .......... 59% 92.4M 1s
 29900K .......... .......... .......... .......... .......... 59%  109M 1s
 29950K .......... .......... .......... .......... .......... 59%  116M 1s
 30000K .......... .......... .......... .......... .......... 59%  115M 1s
 30050K .......... .......... .......... .......... .......... 59%  110M 1s
 30100K .......... .......... .......... .......... .......... 59% 96.2M 1s
 30150K .......... .......... .......... .......... .......... 59%  117M 1s
 30200K .......... .......... .......... .......... .......... 59%  113M 1s
 30250K .......... .......... .......... .......... .......... 60%  116M 1s
 30300K .......... .......... .......... .......... .......... 60%  105M 1s
 30350K .......... .......... .......... .......... .......... 60%  129M 1s
 30400K .......... .......... .......... .......... .......... 60%  111M 1s
 30450K .......... .......... .......... .......... .......... 60%  107M 1s
 30500K .......... .......... .......... .......... .......... 60%  166M 1s
 30550K .......... .......... .......... .......... .......... 60%  110M 1s
 30600K .......... .......... .......... .......... .......... 60% 98.1M 1s
 30650K .......... .......... .......... .......... .......... 60%  148M 1s
 30700K .......... .......... .......... .......... .......... 60% 89.1M 1s
 30750K .......... .......... .......... .......... .......... 61%  109M 1s
 30800K .......... .......... .......... .......... .......... 61% 91.8M 1s
 30850K .......... .......... .......... .......... .......... 61% 66.7M 1s
 30900K .......... .......... .......... .......... .......... 61%  103M 1s
 30950K .......... .......... .......... .......... .......... 61%  131M 1s
 31000K .......... .......... .......... .......... .......... 61%  133M 1s
 31050K .......... .......... .......... .......... .......... 61%  143M 1s
 31100K .......... .......... .......... .......... .......... 61%  142M 1s
 31150K .......... .......... .......... .......... .......... 61%  135M 1s
 31200K .......... .......... .......... .......... .......... 61%  123M 1s
 31250K .......... .......... .......... .......... .......... 62%  122M 1s
 31300K .......... .......... .......... .......... .......... 62%  116M 1s
 31350K .......... .......... .......... .......... .......... 62%  106M 1s
 31400K .......... .......... .......... .......... .......... 62%  106M 1s
 31450K .......... .......... .......... .......... .......... 62%  130M 1s
 31500K .......... .......... .......... .......... .......... 62% 86.3M 1s
 31550K .......... .......... .......... .......... .......... 62%  128M 1s
 31600K .......... .......... .......... .......... .......... 62%  103M 1s
 31650K .......... .......... .......... .......... .......... 62%  107M 1s
 31700K .......... .......... .......... .......... .......... 62% 88.0M 1s
 31750K .......... .......... .......... .......... .......... 63%  136M 1s
 31800K .......... .......... .......... .......... .......... 63%  143M 1s
 31850K .......... .......... .......... .......... .......... 63% 1.22M 1s
 31900K .......... .......... .......... .......... .......... 63%  111M 1s
 31950K .......... .......... .......... .......... .......... 63%  108M 1s
 32000K .......... .......... .......... .......... .......... 63% 93.5M 1s
 32050K .......... .......... .......... .......... .......... 63%  117M 1s
 32100K .......... .......... .......... .......... .......... 63%  141M 1s
 32150K .......... .......... .......... .......... .......... 63%  112M 1s
 32200K .......... .......... .......... .......... .......... 63%  105M 1s
 32250K .......... .......... .......... .......... .......... 64% 75.4M 1s
 32300K .......... .......... .......... .......... .......... 64% 70.0M 1s
 32350K .......... .......... .......... .......... .......... 64%  119M 1s
 32400K .......... .......... .......... .......... .......... 64% 18.0M 1s
 32450K .......... .......... .......... .......... .......... 64%  106M 1s
 32500K .......... .......... .......... .......... .......... 64%  101M 1s
 32550K .......... .......... .......... .......... .......... 64% 96.3M 1s
 32600K .......... .......... .......... .......... .......... 64%  105M 1s
 32650K .......... .......... .......... .......... .......... 64%  127M 1s
 32700K .......... .......... .......... .......... .......... 64%  141M 1s
 32750K .......... .......... .......... .......... .......... 65% 98.5M 1s
 32800K .......... .......... .......... .......... .......... 65% 81.2M 1s
 32850K .......... .......... .......... .......... .......... 65%  116M 1s
 32900K .......... .......... .......... .......... .......... 65%  104M 1s
 32950K .......... .......... .......... .......... .......... 65%  141M 1s
 33000K .......... .......... .......... .......... .......... 65%  116M 1s
 33050K .......... .......... .......... .......... .......... 65%  131M 1s
 33100K .......... .......... .......... .......... .......... 65%  140M 1s
 33150K .......... .......... .......... .......... .......... 65% 75.7M 1s
 33200K .......... .......... .......... .......... .......... 65%  106M 1s
 33250K .......... .......... .......... .......... .......... 65%  143M 1s
 33300K .......... .......... .......... .......... .......... 66%  122M 1s
 33350K .......... .......... .......... .......... .......... 66%  122M 1s
 33400K .......... .......... .......... .......... .......... 66%  104M 1s
 33450K .......... .......... .......... .......... .......... 66%  101M 1s
 33500K .......... .......... .......... .......... .......... 66% 95.3M 1s
 33550K .......... .......... .......... .......... .......... 66%  130M 1s
 33600K .......... .......... .......... .......... .......... 66%  127M 1s
 33650K .......... .......... .......... .......... .......... 66%  133M 1s
 33700K .......... .......... .......... .......... .......... 66% 99.7M 1s
 33750K .......... .......... .......... .......... .......... 66%  111M 1s
 33800K .......... .......... .......... .......... .......... 67% 79.7M 1s
 33850K .......... .......... .......... .......... .......... 67%  132M 1s
 33900K .......... .......... .......... .......... .......... 67%  129M 1s
 33950K .......... .......... .......... .......... .......... 67%  150M 1s
 34000K .......... .......... .......... .......... .......... 67% 98.0M 1s
 34050K .......... .......... .......... .......... .......... 67% 84.1M 1s
 34100K .......... .......... .......... .......... .......... 67%  129M 1s
 34150K .......... .......... .......... .......... .......... 67%  134M 1s
 34200K .......... .......... .......... .......... .......... 67%  109M 1s
 34250K .......... .......... .......... .......... .......... 67%  102M 1s
 34300K .......... .......... .......... .......... .......... 68% 79.7M 1s
 34350K .......... .......... .......... .......... .......... 68%  114M 1s
 34400K .......... .......... .......... .......... .......... 68% 1.31M 1s
 34450K .......... .......... .......... .......... .......... 68% 69.7M 1s
 34500K .......... .......... .......... .......... .......... 68%  104M 1s
 34550K .......... .......... .......... .......... .......... 68% 92.0M 1s
 34600K .......... .......... .......... .......... .......... 68%  129M 1s
 34650K .......... .......... .......... .......... .......... 68%  120M 1s
 34700K .......... .......... .......... .......... .......... 68%  121M 1s
 34750K .......... .......... .......... .......... .......... 68%  114M 1s
 34800K .......... .......... .......... .......... .......... 69%  102M 1s
 34850K .......... .......... .......... .......... .......... 69%  104M 1s
 34900K .......... .......... .......... .......... .......... 69% 79.9M 1s
 34950K .......... .......... .......... .......... .......... 69% 66.1M 1s
 35000K .......... .......... .......... .......... .......... 69%  117M 1s
 35050K .......... .......... .......... .......... .......... 69%  117M 1s
 35100K .......... .......... .......... .......... .......... 69%  121M 1s
 35150K .......... .......... .......... .......... .......... 69%  117M 1s
 35200K .......... .......... .......... .......... .......... 69%  139M 1s
 35250K .......... .......... .......... .......... .......... 69%  130M 1s
 35300K .......... .......... .......... .......... .......... 70%  140M 1s
 35350K .......... .......... .......... .......... .......... 70%  139M 1s
 35400K .......... .......... .......... .......... .......... 70%  100M 1s
 35450K .......... .......... .......... .......... .......... 70%  157M 1s
 35500K .......... .......... .......... .......... .......... 70%  116M 0s
 35550K .......... .......... .......... .......... .......... 70%  110M 0s
 35600K .......... .......... .......... .......... .......... 70%  119M 0s
 35650K .......... .......... .......... .......... .......... 70% 98.6M 0s
 35700K .......... .......... .......... .......... .......... 70%  131M 0s
 35750K .......... .......... .......... .......... .......... 70%  106M 0s
 35800K .......... .......... .......... .......... .......... 71% 95.8M 0s
 35850K .......... .......... .......... .......... .......... 71%  140M 0s
 35900K .......... .......... .......... .......... .......... 71%  123M 0s
 35950K .......... .......... .......... .......... .......... 71%  110M 0s
 36000K .......... .......... .......... .......... .......... 71% 96.3M 0s
 36050K .......... .......... .......... .......... .......... 71% 96.5M 0s
 36100K .......... .......... .......... .......... .......... 71% 99.4M 0s
 36150K .......... .......... .......... .......... .......... 71%  135M 0s
 36200K .......... .......... .......... .......... .......... 71%  121M 0s
 36250K .......... .......... .......... .......... .......... 71%  132M 0s
 36300K .......... .......... .......... .......... .......... 72% 89.7M 0s
 36350K .......... .......... .......... .......... .......... 72%  114M 0s
 36400K .......... .......... .......... .......... .......... 72%  130M 0s
 36450K .......... .......... .......... .......... .......... 72% 96.8M 0s
 36500K .......... .......... .......... .......... .......... 72%  119M 0s
 36550K .......... .......... .......... .......... .......... 72% 94.3M 0s
 36600K .......... .......... .......... .......... .......... 72%  131M 0s
 36650K .......... .......... .......... .......... .......... 72%  113M 0s
 36700K .......... .......... .......... .......... .......... 72% 90.3M 0s
 36750K .......... .......... .......... .......... .......... 72% 93.3M 0s
 36800K .......... .......... .......... .......... .......... 73%  138M 0s
 36850K .......... .......... .......... .......... .......... 73%  140M 0s
 36900K .......... .......... .......... .......... .......... 73%  108M 0s
 36950K .......... .......... .......... .......... .......... 73% 1.20M 0s
 37000K .......... .......... .......... .......... .......... 73% 37.7M 0s
 37050K .......... .......... .......... .......... .......... 73% 80.5M 0s
 37100K .......... .......... .......... .......... .......... 73% 72.6M 0s
 37150K .......... .......... .......... .......... .......... 73% 82.1M 0s
 37200K .......... .......... .......... .......... .......... 73% 69.6M 0s
 37250K .......... .......... .......... .......... .......... 73%  101M 0s
 37300K .......... .......... .......... .......... .......... 74%  107M 0s
 37350K .......... .......... .......... .......... .......... 74% 99.9M 0s
 37400K .......... .......... .......... .......... .......... 74% 87.9M 0s
 37450K .......... .......... .......... .......... .......... 74%  116M 0s
 37500K .......... .......... .......... .......... .......... 74%  160M 0s
 37550K .......... .......... .......... .......... .......... 74%  120M 0s
 37600K .......... .......... .......... .......... .......... 74%  106M 0s
 37650K .......... .......... .......... .......... .......... 74% 93.1M 0s
 37700K .......... .......... .......... .......... .......... 74%  115M 0s
 37750K .......... .......... .......... .......... .......... 74%  138M 0s
 37800K .......... .......... .......... .......... .......... 75%  118M 0s
 37850K .......... .......... .......... .......... .......... 75%  117M 0s
 37900K .......... .......... .......... .......... .......... 75% 90.7M 0s
 37950K .......... .......... .......... .......... .......... 75%  153M 0s
 38000K .......... .......... .......... .......... .......... 75% 81.8M 0s
 38050K .......... .......... .......... .......... .......... 75% 84.3M 0s
 38100K .......... .......... .......... .......... .......... 75%  119M 0s
 38150K .......... .......... .......... .......... .......... 75%  105M 0s
 38200K .......... .......... .......... .......... .......... 75%  143M 0s
 38250K .......... .......... .......... .......... .......... 75%  145M 0s
 38300K .......... .......... .......... .......... .......... 76%  136M 0s
 38350K .......... .......... .......... .......... .......... 76%  114M 0s
 38400K .......... .......... .......... .......... .......... 76%  110M 0s
 38450K .......... .......... .......... .......... .......... 76% 84.8M 0s
 38500K .......... .......... .......... .......... .......... 76%  108M 0s
 38550K .......... .......... .......... .......... .......... 76%  142M 0s
 38600K .......... .......... .......... .......... .......... 76% 75.7M 0s
 38650K .......... .......... .......... .......... .......... 76%  126M 0s
 38700K .......... .......... .......... .......... .......... 76%  127M 0s
 38750K .......... .......... .......... .......... .......... 76%  102M 0s
 38800K .......... .......... .......... .......... .......... 76%  143M 0s
 38850K .......... .......... .......... .......... .......... 77%  133M 0s
 38900K .......... .......... .......... .......... .......... 77%  115M 0s
 38950K .......... .......... .......... .......... .......... 77%  113M 0s
 39000K .......... .......... .......... .......... .......... 77%  127M 0s
 39050K .......... .......... .......... .......... .......... 77% 90.8M 0s
 39100K .......... .......... .......... .......... .......... 77%  138M 0s
 39150K .......... .......... .......... .......... .......... 77% 91.6M 0s
 39200K .......... .......... .......... .......... .......... 77%  137M 0s
 39250K .......... .......... .......... .......... .......... 77% 82.6M 0s
 39300K .......... .......... .......... .......... .......... 77% 93.2M 0s
 39350K .......... .......... .......... .......... .......... 78%  116M 0s
 39400K .......... .......... .......... .......... .......... 78%  119M 0s
 39450K .......... .......... .......... .......... .......... 78%  150M 0s
 39500K .......... .......... .......... .......... .......... 78%  113M 0s
 39550K .......... .......... .......... .......... .......... 78% 1.08M 0s
 39600K .......... .......... .......... .......... .......... 78% 99.1M 0s
 39650K .......... .......... .......... .......... .......... 78%  103M 0s
 39700K .......... .......... .......... .......... .......... 78% 1.39M 0s
 39750K .......... .......... .......... .......... .......... 78%  111M 0s
 39800K .......... .......... .......... .......... .......... 78%  122M 0s
 39850K .......... .......... .......... .......... .......... 79%  120M 0s
 39900K .......... .......... .......... .......... .......... 79%  114M 0s
 39950K .......... .......... .......... .......... .......... 79%  135M 0s
 40000K .......... .......... .......... .......... .......... 79% 50.8M 0s
 40050K .......... .......... .......... .......... .......... 79% 95.6M 0s
 40100K .......... .......... .......... .......... .......... 79%  137M 0s
 40150K .......... .......... .......... .......... .......... 79%  139M 0s
 40200K .......... .......... .......... .......... .......... 79%  134M 0s
 40250K .......... .......... .......... .......... .......... 79%  144M 0s
 40300K .......... .......... .......... .......... .......... 79%  168M 0s
 40350K .......... .......... .......... .......... .......... 80% 3.04M 0s
 40400K .......... .......... .......... .......... .......... 80%  101M 0s
 40450K .......... .......... .......... .......... .......... 80% 70.8M 0s
 40500K .......... .......... .......... .......... .......... 80%  115M 0s
 40550K .......... .......... .......... .......... .......... 80%  117M 0s
 40600K .......... .......... .......... .......... .......... 80%  101M 0s
 40650K .......... .......... .......... .......... .......... 80%  123M 0s
 40700K .......... .......... .......... .......... .......... 80%  116M 0s
 40750K .......... .......... .......... .......... .......... 80%  111M 0s
 40800K .......... .......... .......... .......... .......... 80%  121M 0s
 40850K .......... .......... .......... .......... .......... 81%  114M 0s
 40900K .......... .......... .......... .......... .......... 81%  122M 0s
 40950K .......... .......... .......... .......... .......... 81%  161M 0s
 41000K .......... .......... .......... .......... .......... 81%  108M 0s
 41050K .......... .......... .......... .......... .......... 81%  156M 0s
 41100K .......... .......... .......... .......... .......... 81%  135M 0s
 41150K .......... .......... .......... .......... .......... 81%  125M 0s
 41200K .......... .......... .......... .......... .......... 81%  147M 0s
 41250K .......... .......... .......... .......... .......... 81%  122M 0s
 41300K .......... .......... .......... .......... .......... 81%  134M 0s
 41350K .......... .......... .......... .......... .......... 82%  134M 0s
 41400K .......... .......... .......... .......... .......... 82%  122M 0s
 41450K .......... .......... .......... .......... .......... 82%  139M 0s
 41500K .......... .......... .......... .......... .......... 82%  155M 0s
 41550K .......... .......... .......... .......... .......... 82%  129M 0s
 41600K .......... .......... .......... .......... .......... 82%  152M 0s
 41650K .......... .......... .......... .......... .......... 82%  123M 0s
 41700K .......... .......... .......... .......... .......... 82%  153M 0s
 41750K .......... .......... .......... .......... .......... 82%  146M 0s
 41800K .......... .......... .......... .......... .......... 82%  127M 0s
 41850K .......... .......... .......... .......... .......... 83%  140M 0s
 41900K .......... .......... .......... .......... .......... 83%  133M 0s
 41950K .......... .......... .......... .......... .......... 83%  158M 0s
 42000K .......... .......... .......... .......... .......... 83%  274M 0s
 42050K .......... .......... .......... .......... .......... 83%  245M 0s
 42100K .......... .......... .......... .......... .......... 83%  275M 0s
 42150K .......... .......... .......... .......... .......... 83%  267M 0s
 42200K .......... .......... .......... .......... .......... 83%  256M 0s
 42250K .......... .......... .......... .......... .......... 83%  247M 0s
 42300K .......... .......... .......... .......... .......... 83%  265M 0s
 42350K .......... .......... .......... .......... .......... 84%  292M 0s
 42400K .......... .......... .......... .......... .......... 84%  290M 0s
 42450K .......... .......... .......... .......... .......... 84%  233M 0s
 42500K .......... .......... .......... .......... .......... 84%  250M 0s
 42550K .......... .......... .......... .......... .......... 84%  299M 0s
 42600K .......... .......... .......... .......... .......... 84%  231M 0s
 42650K .......... .......... .......... .......... .......... 84%  298M 0s
 42700K .......... .......... .......... .......... .......... 84%  275M 0s
 42750K .......... .......... .......... .......... .......... 84% 8.84M 0s
 42800K .......... .......... .......... .......... .......... 84%  131M 0s
 42850K .......... .......... .......... .......... .......... 85% 93.3M 0s
 42900K .......... .......... .......... .......... .......... 85% 96.3M 0s
 42950K .......... .......... .......... .......... .......... 85% 83.3M 0s
 43000K .......... .......... .......... .......... .......... 85% 88.3M 0s
 43050K .......... .......... .......... .......... .......... 85%  129M 0s
 43100K .......... .......... .......... .......... .......... 85% 99.4M 0s
 43150K .......... .......... .......... .......... .......... 85%  129M 0s
 43200K .......... .......... .......... .......... .......... 85%  119M 0s
 43250K .......... .......... .......... .......... .......... 85%  126M 0s
 43300K .......... .......... .......... .......... .......... 85%  127M 0s
 43350K .......... .......... .......... .......... .......... 86%  125M 0s
 43400K .......... .......... .......... .......... .......... 86%  138M 0s
 43450K .......... .......... .......... .......... .......... 86%  112M 0s
 43500K .......... .......... .......... .......... .......... 86%  126M 0s
 43550K .......... .......... .......... .......... .......... 86%  129M 0s
 43600K .......... .......... .......... .......... .......... 86%  119M 0s
 43650K .......... .......... .......... .......... .......... 86%  107M 0s
 43700K .......... .......... .......... .......... .......... 86%  116M 0s
 43750K .......... .......... .......... .......... .......... 86% 75.4M 0s
 43800K .......... .......... .......... .......... .......... 86%  146M 0s
 43850K .......... .......... .......... .......... .......... 87%  123M 0s
 43900K .......... .......... .......... .......... .......... 87%  115M 0s
 43950K .......... .......... .......... .......... .......... 87%  115M 0s
 44000K .......... .......... .......... .......... .......... 87%  109M 0s
 44050K .......... .......... .......... .......... .......... 87%  114M 0s
 44100K .......... .......... .......... .......... .......... 87% 89.7M 0s
 44150K .......... .......... .......... .......... .......... 87%  118M 0s
 44200K .......... .......... .......... .......... .......... 87%  131M 0s
 44250K .......... .......... .......... .......... .......... 87% 89.0M 0s
 44300K .......... .......... .......... .......... .......... 87%  138M 0s
 44350K .......... .......... .......... .......... .......... 87%  110M 0s
 44400K .......... .......... .......... .......... .......... 88% 7.31M 0s
 44450K .......... .......... .......... .......... .......... 88%  112M 0s
 44500K .......... .......... .......... .......... .......... 88% 98.0M 0s
 44550K .......... .......... .......... .......... .......... 88%  106M 0s
 44600K .......... .......... .......... .......... .......... 88% 84.0M 0s
 44650K .......... .......... .......... .......... .......... 88% 2.87M 0s
 44700K .......... .......... .......... .......... .......... 88% 66.6M 0s
 44750K .......... .......... .......... .......... .......... 88% 99.7M 0s
 44800K .......... .......... .......... .......... .......... 88%  101M 0s
 44850K .......... .......... .......... .......... .......... 88%  164M 0s
 44900K .......... .......... .......... .......... .......... 89% 53.1M 0s
 44950K .......... .......... .......... .......... .......... 89%  140M 0s
 45000K .......... .......... .......... .......... .......... 89% 82.9M 0s
 45050K .......... .......... .......... .......... .......... 89% 98.1M 0s
 45100K .......... .......... .......... .......... .......... 89%  129M 0s
 45150K .......... .......... .......... .......... .......... 89%  107M 0s
 45200K .......... .......... .......... .......... .......... 89%  128M 0s
 45250K .......... .......... .......... .......... .......... 89%  110M 0s
 45300K .......... .......... .......... .......... .......... 89%  103M 0s
 45350K .......... .......... .......... .......... .......... 89%  109M 0s
 45400K .......... .......... .......... .......... .......... 90%  106M 0s
 45450K .......... .......... .......... .......... .......... 90% 92.9M 0s
 45500K .......... .......... .......... .......... .......... 90%  122M 0s
 45550K .......... .......... .......... .......... .......... 90%  109M 0s
 45600K .......... .......... .......... .......... .......... 90%  115M 0s
 45650K .......... .......... .......... .......... .......... 90%  121M 0s
 45700K .......... .......... .......... .......... .......... 90%  108M 0s
 45750K .......... .......... .......... .......... .......... 90%  109M 0s
 45800K .......... .......... .......... .......... .......... 90%  108M 0s
 45850K .......... .......... .......... .......... .......... 90%  124M 0s
 45900K .......... .......... .......... .......... .......... 91%  100M 0s
 45950K .......... .......... .......... .......... .......... 91%  109M 0s
 46000K .......... .......... .......... .......... .......... 91%  127M 0s
 46050K .......... .......... .......... .......... .......... 91%  108M 0s
 46100K .......... .......... .......... .......... .......... 91%  108M 0s
 46150K .......... .......... .......... .......... .......... 91%  133M 0s
 46200K .......... .......... .......... .......... .......... 91%  116M 0s
 46250K .......... .......... .......... .......... .......... 91%  137M 0s
 46300K .......... .......... .......... .......... .......... 91%  137M 0s
 46350K .......... .......... .......... .......... .......... 91%  116M 0s
 46400K .......... .......... .......... .......... .......... 92%  108M 0s
 46450K .......... .......... .......... .......... .......... 92%  118M 0s
 46500K .......... .......... .......... .......... .......... 92%  112M 0s
 46550K .......... .......... .......... .......... .......... 92%  147M 0s
 46600K .......... .......... .......... .......... .......... 92% 56.1M 0s
 46650K .......... .......... .......... .......... .......... 92%  107M 0s
 46700K .......... .......... .......... .......... .......... 92%  105M 0s
 46750K .......... .......... .......... .......... .......... 92%  120M 0s
 46800K .......... .......... .......... .......... .......... 92%  121M 0s
 46850K .......... .......... .......... .......... .......... 92%  126M 0s
 46900K .......... .......... .......... .......... .......... 93%  134M 0s
 46950K .......... .......... .......... .......... .......... 93%  121M 0s
 47000K .......... .......... .......... .......... .......... 93%  134M 0s
 47050K .......... .......... .......... .......... .......... 93%  130M 0s
 47100K .......... .......... .......... .......... .......... 93%  115M 0s
 47150K .......... .......... .......... .......... .......... 93%  134M 0s
 47200K .......... .......... .......... .......... .......... 93% 93.7M 0s
 47250K .......... .......... .......... .......... .......... 93% 1.22M 0s
 47300K .......... .......... .......... .......... .......... 93% 71.4M 0s
 47350K .......... .......... .......... .......... .......... 93% 93.4M 0s
 47400K .......... .......... .......... .......... .......... 94% 97.1M 0s
 47450K .......... .......... .......... .......... .......... 94% 77.3M 0s
 47500K .......... .......... .......... .......... .......... 94% 85.8M 0s
 47550K .......... .......... .......... .......... .......... 94%  130M 0s
 47600K .......... .......... .......... .......... .......... 94% 91.1M 0s
 47650K .......... .......... .......... .......... .......... 94%  111M 0s
 47700K .......... .......... .......... .......... .......... 94%  148M 0s
 47750K .......... .......... .......... .......... .......... 94% 99.2M 0s
 47800K .......... .......... .......... .......... .......... 94%  105M 0s
 47850K .......... .......... .......... .......... .......... 94%  121M 0s
 47900K .......... .......... .......... .......... .......... 95%  130M 0s
 47950K .......... .......... .......... .......... .......... 95%  121M 0s
 48000K .......... .......... .......... .......... .......... 95%  126M 0s
 48050K .......... .......... .......... .......... .......... 95%  111M 0s
 48100K .......... .......... .......... .......... .......... 95%  114M 0s
 48150K .......... .......... .......... .......... .......... 95%  115M 0s
 48200K .......... .......... .......... .......... .......... 95% 89.3M 0s
 48250K .......... .......... .......... .......... .......... 95%  111M 0s
 48300K .......... .......... .......... .......... .......... 95%  108M 0s
 48350K .......... .......... .......... .......... .......... 95%  108M 0s
 48400K .......... .......... .......... .......... .......... 96%  130M 0s
 48450K .......... .......... .......... .......... .......... 96%  101M 0s
 48500K .......... .......... .......... .......... .......... 96%  128M 0s
 48550K .......... .......... .......... .......... .......... 96%  127M 0s
 48600K .......... .......... .......... .......... .......... 96%  105M 0s
 48650K .......... .......... .......... .......... .......... 96%  114M 0s
 48700K .......... .......... .......... .......... .......... 96%  143M 0s
 48750K .......... .......... .......... .......... .......... 96% 74.0M 0s
 48800K .......... .......... .......... .......... .......... 96%  101M 0s
 48850K .......... .......... .......... .......... .......... 96% 94.1M 0s
 48900K .......... .......... .......... .......... .......... 97%  126M 0s
 48950K .......... .......... .......... .......... .......... 97%  122M 0s
 49000K .......... .......... .......... .......... .......... 97%  144M 0s
 49050K .......... .......... .......... .......... .......... 97% 99.3M 0s
 49100K .......... .......... .......... .......... .......... 97%  130M 0s
 49150K .......... .......... .......... .......... .......... 97%  120M 0s
 49200K .......... .......... .......... .......... .......... 97%  124M 0s
 49250K .......... .......... .......... .......... .......... 97%  142M 0s
 49300K .......... .......... .......... .......... .......... 97%  128M 0s
 49350K .......... .......... .......... .......... .......... 97% 85.3M 0s
 49400K .......... .......... .......... .......... .......... 98% 96.9M 0s
 49450K .......... .......... .......... .......... .......... 98%  102M 0s
 49500K .......... .......... .......... .......... .......... 98%  141M 0s
 49550K .......... .......... .......... .......... .......... 98%  112M 0s
 49600K .......... .......... .......... .......... .......... 98%  139M 0s
 49650K .......... .......... .......... .......... .......... 98%  119M 0s
 49700K .......... .......... .......... .......... .......... 98% 98.7M 0s
 49750K .......... .......... .......... .......... .......... 98% 94.1M 0s
 49800K .......... .......... .......... .......... .......... 98% 1.22M 0s
 49850K .......... .......... .......... .......... .......... 98% 79.8M 0s
 49900K .......... .......... .......... .......... .......... 98% 49.2M 0s
 49950K .......... .......... .......... .......... .......... 99% 84.0M 0s
 50000K .......... .......... .......... .......... .......... 99% 75.5M 0s
 50050K .......... .......... .......... .......... .......... 99%  122M 0s
 50100K .......... .......... .......... .......... .......... 99%  142M 0s
 50150K .......... .......... .......... .......... .......... 99%  119M 0s
 50200K .......... .......... .......... .......... .......... 99%  128M 0s
 50250K .......... .......... .......... .......... .......... 99%  117M 0s
 50300K .......... .......... .......... .......... .......... 99% 86.1M 0s
 50350K .......... .......... .......... .......... .......... 99% 76.2M 0s
 50400K .......... .......... .......... .......... .......... 99% 99.1M 0s
 50450K .....                                                 100% 10539G=1.6s

2021-02-28 13:14:30 (31.5 MB/s) - `/tmp/firefox-45.4.0esr.tar.bz2' saved [51666458/51666458]


travis_time:end:000689f4:start=1614518067505346277,finish=1614518070045321867,duration=2539975590[0K$ export PATH=$HOME/firefox-45.4.0esr/firefox:$PATH
travis_fold:end:install_firefox[0K
[33;1mSetting environment variables from .travis.yml[0m
$ export DISPLAY=:99

$ java -Xmx32m -version
java version "1.8.0_31"
Java(TM) SE Runtime Environment (build 1.8.0_31-b13)
Java HotSpot(TM) 64-Bit Server VM (build 25.31-b07, mixed mode)
$ javac -J-Xmx32m -version
javac 1.8.0_31
travis_fold:start:before_install.1[0Ktravis_time:start:08509bd8[0K$ wget https://github.com/mozilla/geckodriver/releases/download/v0.11.1/geckodriver-v0.11.1-linux64.tar.gz
--2021-02-28 13:14:38--  https://github.com/mozilla/geckodriver/releases/download/v0.11.1/geckodriver-v0.11.1-linux64.tar.gz
Resolving github.com (github.com)... 192.30.255.113
Connecting to github.com (github.com)|192.30.255.113|:443... connected.
HTTP request sent, awaiting response... 302 Found
Location: https://github-releases.githubusercontent.com/25354393/41cecaf2-8ee8-11e6-82f4-6b74b02d025d?X-Amz-Algorithm=AWS4-HMAC-SHA256&X-Amz-Credential=AKIAIWNJYAX4CSVEH53A%2F20210228%2Fus-east-1%2Fs3%2Faws4_request&X-Amz-Date=20210228T131438Z&X-Amz-Expires=300&X-Amz-Signature=ca0ee8f4e67043703af73c92d97dddd5b37a6c1b76cf744fd52008f47d7df25c&X-Amz-SignedHeaders=host&actor_id=0&key_id=0&repo_id=25354393&response-content-disposition=attachment%3B%20filename%3Dgeckodriver-v0.11.1-linux64.tar.gz&response-content-type=application%2Foctet-stream [following]
--2021-02-28 13:14:38--  https://github-releases.githubusercontent.com/25354393/41cecaf2-8ee8-11e6-82f4-6b74b02d025d?X-Amz-Algorithm=AWS4-HMAC-SHA256&X-Amz-Credential=AKIAIWNJYAX4CSVEH53A%2F20210228%2Fus-east-1%2Fs3%2Faws4_request&X-Amz-Date=20210228T131438Z&X-Amz-Expires=300&X-Amz-Signature=ca0ee8f4e67043703af73c92d97dddd5b37a6c1b76cf744fd52008f47d7df25c&X-Amz-SignedHeaders=host&actor_id=0&key_id=0&repo_id=25354393&response-content-disposition=attachment%3B%20filename%3Dgeckodriver-v0.11.1-linux64.tar.gz&response-content-type=application%2Foctet-stream
Resolving github-releases.githubusercontent.com (github-releases.githubusercontent.com)... 185.199.108.154, 185.199.109.154, 185.199.110.154, ...
Connecting to github-releases.githubusercontent.com (github-releases.githubusercontent.com)|185.199.108.154|:443... connected.
ERROR: no certificate subject alternative name matches
	requested host name `github-releases.githubusercontent.com'.
To connect to github-releases.githubusercontent.com insecurely, use `--no-check-certificate'.

travis_time:end:08509bd8:start=1614518078087722000,finish=1614518078406640331,duration=318918331[0K
[31;1mThe command "wget https://github.com/mozilla/geckodriver/releases/download/v0.11.1/geckodriver-v0.11.1-linux64.tar.gz" failed and exited with 5 during .[0m

Your build has been stopped.
