travis_fold:start:system_info[0K[33;1mBuild system information[0m
Build language: java
Build group: stable
Build dist: precise
Build id: ''
Job id: ''
[34m[1mBuild image provisioning date and time[0m
Thu Feb  5 15:09:33 UTC 2015
[34m[1mOperating System Details[0m
Distributor ID:	Ubuntu
Description:	Ubuntu 12.04.5 LTS
Release:	12.04
Codename:	precise
[34m[1mLinux Version[0m
3.13.0-29-generic
[34m[1mCookbooks Version[0m
a68419e https://github.com/travis-ci/travis-cookbooks/tree/a68419e
[34m[1mGCC version[0m
gcc (Ubuntu/Linaro 4.6.3-1ubuntu5) 4.6.3
Copyright (C) 2011 Free Software Foundation, Inc.
This is free software; see the source for copying conditions.  There is NO
warranty; not even for MERCHANTABILITY or FITNESS FOR A PARTICULAR PURPOSE.

[34m[1mLLVM version[0m
clang version 3.4 (tags/RELEASE_34/final)
Target: x86_64-unknown-linux-gnu
Thread model: posix
[34m[1mPre-installed Ruby versions[0m
ruby-1.9.3-p551
[34m[1mPre-installed Node.js versions[0m
v0.10.36
[34m[1mPre-installed Go versions[0m
1.4.1
[34m[1mRedis version[0m
redis-server 2.8.19
[34m[1mriak version[0m
2.0.2
[34m[1mMongoDB version[0m
MongoDB 2.4.12
[34m[1mCouchDB version[0m
couchdb 1.6.1
[34m[1mNeo4j version[0m
1.9.4
[34m[1mRabbitMQ Version[0m
3.4.3
[34m[1mElasticSearch version[0m
1.4.0
[34m[1mInstalled Sphinx versions[0m
2.0.10
2.1.9
2.2.6
[34m[1mDefault Sphinx version[0m
2.2.6
[34m[1mInstalled Firefox version[0m
firefox 31.0esr
[34m[1mPhantomJS version[0m
1.9.8
[34m[1mant -version[0m
Apache Ant(TM) version 1.8.2 compiled on December 3 2011
[34m[1mmvn -version[0m
Apache Maven 3.2.5 (12a6b3acb947671f09b81f49094c53f426d8cea1; 2014-12-14T17:29:23+00:00)
Maven home: /usr/local/maven
Java version: 1.7.0_76, vendor: Oracle Corporation
Java home: /usr/lib/jvm/java-7-oracle/jre
Default locale: en_US, platform encoding: ANSI_X3.4-1968
OS name: "linux", version: "3.13.0-29-generic", arch: "amd64", family: "unix"
travis_fold:end:system_info[0K
W: GPG error: http://apt.postgresql.org precise-pgdg Release: The following signatures were invalid: KEYEXPIRED 1562078959
W: Failed to fetch http://ppa.launchpad.net/travis-ci/zero-mq/ubuntu/dists/precise/main/binary-amd64/Packages  403  Forbidden

W: Failed to fetch http://ppa.launchpad.net/travis-ci/zero-mq/ubuntu/dists/precise/main/binary-i386/Packages  403  Forbidden

W: Failed to fetch http://downloads-distro.mongodb.org/repo/debian-sysvinit/dists/dist/10gen/binary-amd64/Packages  Undetermined Error [IP: 54.175.147.155 80]

W: Failed to fetch http://downloads-distro.mongodb.org/repo/debian-sysvinit/dists/dist/10gen/binary-i386/Packages  Undetermined Error [IP: 54.175.147.155 80]

E: Some index files failed to download. They have been ignored, or old ones used instead.
sed: cannot rename /etc/hosts: Device or resource busy
sed: cannot rename /etc/hosts: Device or resource busy
$ jdk_switcher use oraclejdk8
Switching to Oracle JDK8 (java-8-oracle), JAVA_HOME will be set to /usr/lib/jvm/java-8-oracle
$ cd passed/galenframework/galen
travis_fold:start:install_firefox[0K$ export FIREFOX_SOURCE_URL='https://download.mozilla.org/?product=firefox-45.4.0esr&lang=en-US&os=linux64'
[33;1mInstalling Firefox 45.4.0esr[0m
travis_time:start:0089dd98[0K$ wget -O /tmp/firefox-45.4.0esr.tar.bz2 $FIREFOX_SOURCE_URL
--2021-02-28 13:16:05--  https://download.mozilla.org/?product=firefox-45.4.0esr&lang=en-US&os=linux64
Resolving download.mozilla.org (download.mozilla.org)... 52.34.164.222, 54.186.27.68, 34.210.6.237
Connecting to download.mozilla.org (download.mozilla.org)|52.34.164.222|:443... connected.
HTTP request sent, awaiting response... 302 Found
Location: https://download-installer.cdn.mozilla.net/pub/firefox/releases/45.4.0esr/linux-x86_64/en-US/firefox-45.4.0esr.tar.bz2 [following]
--2021-02-28 13:16:05--  https://download-installer.cdn.mozilla.net/pub/firefox/releases/45.4.0esr/linux-x86_64/en-US/firefox-45.4.0esr.tar.bz2
Resolving download-installer.cdn.mozilla.net (download-installer.cdn.mozilla.net)... 13.224.26.58, 2600:9000:2164:800:e:19d6:1546:5981, 2600:9000:2164:6000:e:19d6:1546:5981, ...
Connecting to download-installer.cdn.mozilla.net (download-installer.cdn.mozilla.net)|13.224.26.58|:443... connected.
HTTP request sent, awaiting response... 200 OK
Length: 51666458 (49M) [application/x-tar]
Saving to: `/tmp/firefox-45.4.0esr.tar.bz2'

     0K .......... .......... .......... .......... ..........  0% 2.10M 23s
    50K .......... .......... .......... .......... ..........  0% 2.00M 24s
   100K .......... .......... .......... .......... ..........  0% 2.96M 22s
   150K .......... .......... .......... .......... ..........  0% 5.60M 18s
   200K .......... .......... .......... .......... ..........  0% 6.18M 16s
   250K .......... .......... .......... .......... ..........  0% 8.11M 15s
   300K .......... .......... .......... .......... ..........  0% 10.6M 13s
   350K .......... .......... .......... .......... ..........  0% 14.0M 12s
   400K .......... .......... .......... .......... ..........  0% 8.32M 11s
   450K .......... .......... .......... .......... ..........  0% 14.3M 10s
   500K .......... .......... .......... .......... ..........  1% 13.3M 10s
   550K .......... .......... .......... .......... ..........  1% 15.1M 9s
   600K .......... .......... .......... .......... ..........  1% 27.6M 9s
   650K .......... .......... .......... .......... ..........  1% 16.8M 8s
   700K .......... .......... .......... .......... ..........  1% 33.0M 8s
   750K .......... .......... .......... .......... ..........  1% 19.0M 7s
   800K .......... .......... .......... .......... ..........  1% 21.3M 7s
   850K .......... .......... .......... .......... ..........  1% 25.4M 7s
   900K .......... .......... .......... .......... ..........  1% 36.5M 7s
   950K .......... .......... .......... .......... ..........  1% 26.3M 6s
  1000K .......... .......... .......... .......... ..........  2% 38.0M 6s
  1050K .......... .......... .......... .......... ..........  2% 42.3M 6s
  1100K .......... .......... .......... .......... ..........  2% 25.3M 6s
  1150K .......... .......... .......... .......... ..........  2% 28.3M 5s
  1200K .......... .......... .......... .......... ..........  2% 32.4M 5s
  1250K .......... .......... .......... .......... ..........  2% 45.8M 5s
  1300K .......... .......... .......... .......... ..........  2% 56.8M 5s
  1350K .......... .......... .......... .......... ..........  2% 32.1M 5s
  1400K .......... .......... .......... .......... ..........  2% 35.6M 5s
  1450K .......... .......... .......... .......... ..........  2% 49.3M 5s
  1500K .......... .......... .......... .......... ..........  3% 52.0M 4s
  1550K .......... .......... .......... .......... ..........  3% 41.2M 4s
  1600K .......... .......... .......... .......... ..........  3% 38.2M 4s
  1650K .......... .......... .......... .......... ..........  3% 47.6M 4s
  1700K .......... .......... .......... .......... ..........  3% 34.7M 4s
  1750K .......... .......... .......... .......... ..........  3% 77.1M 4s
  1800K .......... .......... .......... .......... ..........  3% 57.2M 4s
  1850K .......... .......... .......... .......... ..........  3% 44.3M 4s
  1900K .......... .......... .......... .......... ..........  3% 81.6M 4s
  1950K .......... .......... .......... .......... ..........  3% 59.5M 4s
  2000K .......... .......... .......... .......... ..........  4% 81.8M 4s
  2050K .......... .......... .......... .......... ..........  4% 62.7M 3s
  2100K .......... .......... .......... .......... ..........  4% 56.2M 3s
  2150K .......... .......... .......... .......... ..........  4%  114M 3s
  2200K .......... .......... .......... .......... ..........  4% 65.2M 3s
  2250K .......... .......... .......... .......... ..........  4% 69.8M 3s
  2300K .......... .......... .......... .......... ..........  4% 67.8M 3s
  2350K .......... .......... .......... .......... ..........  4% 57.1M 3s
  2400K .......... .......... .......... .......... ..........  4% 74.5M 3s
  2450K .......... .......... .......... .......... ..........  4%  121M 3s
  2500K .......... .......... .......... .......... ..........  5% 69.7M 3s
  2550K .......... .......... .......... .......... ..........  5% 75.7M 3s
  2600K .......... .......... .......... .......... ..........  5% 80.6M 3s
  2650K .......... .......... .......... .......... ..........  5%  114M 3s
  2700K .......... .......... .......... .......... ..........  5% 77.8M 3s
  2750K .......... .......... .......... .......... ..........  5% 71.9M 3s
  2800K .......... .......... .......... .......... ..........  5% 88.1M 3s
  2850K .......... .......... .......... .......... ..........  5% 83.2M 3s
  2900K .......... .......... .......... .......... ..........  5%  112M 3s
  2950K .......... .......... .......... .......... ..........  5% 88.0M 3s
  3000K .......... .......... .......... .......... ..........  6% 86.1M 3s
  3050K .......... .......... .......... .......... ..........  6%  102M 3s
  3100K .......... .......... .......... .......... ..........  6%  110M 2s
  3150K .......... .......... .......... .......... ..........  6% 76.7M 2s
  3200K .......... .......... .......... .......... ..........  6% 97.3M 2s
  3250K .......... .......... .......... .......... ..........  6% 96.9M 2s
  3300K .......... .......... .......... .......... ..........  6% 97.7M 2s
  3350K .......... .......... .......... .......... ..........  6%  101M 2s
  3400K .......... .......... .......... .......... ..........  6%  123M 2s
  3450K .......... .......... .......... .......... ..........  6% 96.3M 2s
  3500K .......... .......... .......... .......... ..........  7%  123M 2s
  3550K .......... .......... .......... .......... ..........  7% 85.5M 2s
  3600K .......... .......... .......... .......... ..........  7%  104M 2s
  3650K .......... .......... .......... .......... ..........  7%  114M 2s
  3700K .......... .......... .......... .......... ..........  7%  128M 2s
  3750K .......... .......... .......... .......... ..........  7%  109M 2s
  3800K .......... .......... .......... .......... ..........  7%  106M 2s
  3850K .......... .......... .......... .......... ..........  7%  120M 2s
  3900K .......... .......... .......... .......... ..........  7%  113M 2s
  3950K .......... .......... .......... .......... ..........  7% 87.0M 2s
  4000K .......... .......... .......... .......... ..........  8%  123M 2s
  4050K .......... .......... .......... .......... ..........  8%  113M 2s
  4100K .......... .......... .......... .......... ..........  8%  113M 2s
  4150K .......... .......... .......... .......... ..........  8%  107M 2s
  4200K .......... .......... .......... .......... ..........  8%  113M 2s
  4250K .......... .......... .......... .......... ..........  8%  125M 2s
  4300K .......... .......... .......... .......... ..........  8%  109M 2s
  4350K .......... .......... .......... .......... ..........  8%  121M 2s
  4400K .......... .......... .......... .......... ..........  8% 93.9M 2s
  4450K .......... .......... .......... .......... ..........  8%  109M 2s
  4500K .......... .......... .......... .......... ..........  9%  121M 2s
  4550K .......... .......... .......... .......... ..........  9%  109M 2s
  4600K .......... .......... .......... .......... ..........  9%  112M 2s
  4650K .......... .......... .......... .......... ..........  9%  123M 2s
  4700K .......... .......... .......... .......... ..........  9%  107M 2s
  4750K .......... .......... .......... .......... ..........  9%  122M 2s
  4800K .......... .......... .......... .......... ..........  9% 91.0M 2s
  4850K .......... .......... .......... .......... ..........  9%  113M 2s
  4900K .......... .......... .......... .......... ..........  9%  127M 2s
  4950K .......... .......... .......... .......... ..........  9%  110M 2s
  5000K .......... .......... .......... .......... .......... 10%  104M 2s
  5050K .......... .......... .......... .......... .......... 10%  112M 2s
  5100K .......... .......... .......... .......... .......... 10%  129M 2s
  5150K .......... .......... .......... .......... .......... 10% 87.7M 2s
  5200K .......... .......... .......... .......... .......... 10%  128M 2s
  5250K .......... .......... .......... .......... .......... 10%  114M 2s
  5300K .......... .......... .......... .......... .......... 10%  103M 2s
  5350K .......... .......... .......... .......... .......... 10%  133M 2s
  5400K .......... .......... .......... .......... .......... 10%  112M 2s
  5450K .......... .......... .......... .......... .......... 10% 94.8M 2s
  5500K .......... .......... .......... .......... .......... 10%  113M 2s
  5550K .......... .......... .......... .......... .......... 11%  129M 1s
  5600K .......... .......... .......... .......... .......... 11%  113M 1s
  5650K .......... .......... .......... .......... .......... 11%  108M 1s
  5700K .......... .......... .......... .......... .......... 11%  129M 1s
  5750K .......... .......... .......... .......... .......... 11%  112M 1s
  5800K .......... .......... .......... .......... .......... 11% 93.6M 1s
  5850K .......... .......... .......... .......... .......... 11%  113M 1s
  5900K .......... .......... .......... .......... .......... 11%  112M 1s
  5950K .......... .......... .......... .......... .......... 11%  109M 1s
  6000K .......... .......... .......... .......... .......... 11%  106M 1s
  6050K .......... .......... .......... .......... .......... 12%  132M 1s
  6100K .......... .......... .......... .......... .......... 12%  105M 1s
  6150K .......... .......... .......... .......... .......... 12%  113M 1s
  6200K .......... .......... .......... .......... .......... 12%  100M 1s
  6250K .......... .......... .......... .......... .......... 12%  113M 1s
  6300K .......... .......... .......... .......... .......... 12%  128M 1s
  6350K .......... .......... .......... .......... .......... 12%  113M 1s
  6400K .......... .......... .......... .......... .......... 12%  108M 1s
  6450K .......... .......... .......... .......... .......... 12%  112M 1s
  6500K .......... .......... .......... .......... .......... 12%  117M 1s
  6550K .......... .......... .......... .......... .......... 13%  122M 1s
  6600K .......... .......... .......... .......... .......... 13% 84.9M 1s
  6650K .......... .......... .......... .......... .......... 13%  126M 1s
  6700K .......... .......... .......... .......... .......... 13%  108M 1s
  6750K .......... .......... .......... .......... .......... 13%  121M 1s
  6800K .......... .......... .......... .......... .......... 13%  117M 1s
  6850K .......... .......... .......... .......... .......... 13%  117M 1s
  6900K .......... .......... .......... .......... .......... 13%  112M 1s
  6950K .......... .......... .......... .......... .......... 13%  101M 1s
  7000K .......... .......... .......... .......... .......... 13%  116M 1s
  7050K .......... .......... .......... .......... .......... 14%  118M 1s
  7100K .......... .......... .......... .......... .......... 14%  110M 1s
  7150K .......... .......... .......... .......... .......... 14%  106M 1s
  7200K .......... .......... .......... .......... .......... 14%  111M 1s
  7250K .......... .......... .......... .......... .......... 14%  114M 1s
  7300K .......... .......... .......... .......... .......... 14%  102M 1s
  7350K .......... .......... .......... .......... .......... 14%  119M 1s
  7400K .......... .......... .......... .......... .......... 14%  109M 1s
  7450K .......... .......... .......... .......... .......... 14%  107M 1s
  7500K .......... .......... .......... .......... .......... 14%  109M 1s
  7550K .......... .......... .......... .......... .......... 15%  105M 1s
  7600K .......... .......... .......... .......... .......... 15%  112M 1s
  7650K .......... .......... .......... .......... .......... 15%  114M 1s
  7700K .......... .......... .......... .......... .......... 15%  110M 1s
  7750K .......... .......... .......... .......... .......... 15%  105M 1s
  7800K .......... .......... .......... .......... .......... 15%  124M 1s
  7850K .......... .......... .......... .......... .......... 15%  109M 1s
  7900K .......... .......... .......... .......... .......... 15% 94.9M 1s
  7950K .......... .......... .......... .......... .......... 15%  136M 1s
  8000K .......... .......... .......... .......... .......... 15%  114M 1s
  8050K .......... .......... .......... .......... .......... 16%  112M 1s
  8100K .......... .......... .......... .......... .......... 16%  105M 1s
  8150K .......... .......... .......... .......... .......... 16%  124M 1s
  8200K .......... .......... .......... .......... .......... 16%  116M 1s
  8250K .......... .......... .......... .......... .......... 16% 87.4M 1s
  8300K .......... .......... .......... .......... .......... 16%  112M 1s
  8350K .......... .......... .......... .......... .......... 16%  101M 1s
  8400K .......... .......... .......... .......... .......... 16%  126M 1s
  8450K .......... .......... .......... .......... .......... 16%  104M 1s
  8500K .......... .......... .......... .......... .......... 16%  119M 1s
  8550K .......... .......... .......... .......... .......... 17%  123M 1s
  8600K .......... .......... .......... .......... .......... 17% 96.4M 1s
  8650K .......... .......... .......... .......... .......... 17%  122M 1s
  8700K .......... .......... .......... .......... .......... 17%  108M 1s
  8750K .......... .......... .......... .......... .......... 17%  118M 1s
  8800K .......... .......... .......... .......... .......... 17%  121M 1s
  8850K .......... .......... .......... .......... .......... 17%  108M 1s
  8900K .......... .......... .......... .......... .......... 17%  122M 1s
  8950K .......... .......... .......... .......... .......... 17% 91.0M 1s
  9000K .......... .......... .......... .......... .......... 17%  122M 1s
  9050K .......... .......... .......... .......... .......... 18%  111M 1s
  9100K .......... .......... .......... .......... .......... 18%  112M 1s
  9150K .......... .......... .......... .......... .......... 18%  129M 1s
  9200K .......... .......... .......... .......... .......... 18%  112M 1s
  9250K .......... .......... .......... .......... .......... 18% 93.3M 1s
  9300K .......... .......... .......... .......... .......... 18%  113M 1s
  9350K .......... .......... .......... .......... .......... 18%  112M 1s
  9400K .......... .......... .......... .......... .......... 18%  113M 1s
  9450K .......... .......... .......... .......... .......... 18%  123M 1s
  9500K .......... .......... .......... .......... .......... 18%  113M 1s
  9550K .......... .......... .......... .......... .......... 19%  113M 1s
  9600K .......... .......... .......... .......... .......... 19% 93.3M 1s
  9650K .......... .......... .......... .......... .......... 19%  124M 1s
  9700K .......... .......... .......... .......... .......... 19%  112M 1s
  9750K .......... .......... .......... .......... .......... 19%  103M 1s
  9800K .......... .......... .......... .......... .......... 19%  131M 1s
  9850K .......... .......... .......... .......... .......... 19%  112M 1s
  9900K .......... .......... .......... .......... .......... 19% 96.2M 1s
  9950K .......... .......... .......... .......... .......... 19%  113M 1s
 10000K .......... .......... .......... .......... .......... 19%  112M 1s
 10050K .......... .......... .......... .......... .......... 20%  128M 1s
 10100K .......... .......... .......... .......... .......... 20%  105M 1s
 10150K .......... .......... .......... .......... .......... 20%  113M 1s
 10200K .......... .......... .......... .......... .......... 20%  129M 1s
 10250K .......... .......... .......... .......... .......... 20% 86.5M 1s
 10300K .......... .......... .......... .......... .......... 20%  116M 1s
 10350K .......... .......... .......... .......... .......... 20%  122M 1s
 10400K .......... .......... .......... .......... .......... 20%  113M 1s
 10450K .......... .......... .......... .......... .......... 20%  107M 1s
 10500K .......... .......... .......... .......... .......... 20%  124M 1s
 10550K .......... .......... .......... .......... .......... 21%  125M 1s
 10600K .......... .......... .......... .......... .......... 21% 91.0M 1s
 10650K .......... .......... .......... .......... .......... 21%  109M 1s
 10700K .......... .......... .......... .......... .......... 21%  120M 1s
 10750K .......... .......... .......... .......... .......... 21% 94.8M 1s
 10800K .......... .......... .......... .......... .......... 21%  104M 1s
 10850K .......... .......... .......... .......... .......... 21%  121M 1s
 10900K .......... .......... .......... .......... .......... 21%  129M 1s
 10950K .......... .......... .......... .......... .......... 21% 84.8M 1s
 11000K .......... .......... .......... .......... .......... 21%  128M 1s
 11050K .......... .......... .......... .......... .......... 21%  113M 1s
 11100K .......... .......... .......... .......... .......... 22%  113M 1s
 11150K .......... .......... .......... .......... .......... 22%  118M 1s
 11200K .......... .......... .......... .......... .......... 22%  117M 1s
 11250K .......... .......... .......... .......... .......... 22%  112M 1s
 11300K .......... .......... .......... .......... .......... 22% 93.9M 1s
 11350K .......... .......... .......... .......... .......... 22%  112M 1s
 11400K .......... .......... .......... .......... .......... 22%  112M 1s
 11450K .......... .......... .......... .......... .......... 22%  128M 1s
 11500K .......... .......... .......... .......... .......... 22%  101M 1s
 11550K .......... .......... .......... .......... .......... 22%  114M 1s
 11600K .......... .......... .......... .......... .......... 23%  129M 1s
 11650K .......... .......... .......... .......... .......... 23% 86.7M 1s
 11700K .......... .......... .......... .......... .......... 23%  128M 1s
 11750K .......... .......... .......... .......... .......... 23%  113M 1s
 11800K .......... .......... .......... .......... .......... 23%  111M 1s
 11850K .......... .......... .......... .......... .......... 23%  110M 1s
 11900K .......... .......... .......... .......... .......... 23%  128M 1s
 11950K .......... .......... .......... .......... .......... 23%  112M 1s
 12000K .......... .......... .......... .......... .......... 23%  109M 1s
 12050K .......... .......... .......... .......... .......... 23% 95.6M 1s
 12100K .......... .......... .......... .......... .......... 24%  117M 1s
 12150K .......... .......... .......... .......... .......... 24%  108M 1s
 12200K .......... .......... .......... .......... .......... 24%  122M 1s
 12250K .......... .......... .......... .......... .......... 24%  112M 1s
 12300K .......... .......... .......... .......... .......... 24%  111M 1s
 12350K .......... .......... .......... .......... .......... 24%  118M 1s
 12400K .......... .......... .......... .......... .......... 24%  121M 1s
 12450K .......... .......... .......... .......... .......... 24% 85.8M 1s
 12500K .......... .......... .......... .......... .......... 24%  127M 1s
 12550K .......... .......... .......... .......... .......... 24%  121M 1s
 12600K .......... .......... .......... .......... .......... 25%  112M 1s
 12650K .......... .......... .......... .......... .......... 25% 98.1M 1s
 12700K .......... .......... .......... .......... .......... 25%  113M 1s
 12750K .......... .......... .......... .......... .......... 25%  111M 1s
 12800K .......... .......... .......... .......... .......... 25%  114M 1s
 12850K .......... .......... .......... .......... .......... 25%  124M 1s
 12900K .......... .......... .......... .......... .......... 25%  111M 1s
 12950K .......... .......... .......... .......... .......... 25%  108M 1s
 13000K .......... .......... .......... .......... .......... 25%  128M 1s
 13050K .......... .......... .......... .......... .......... 25% 87.4M 1s
 13100K .......... .......... .......... .......... .......... 26%  129M 1s
 13150K .......... .......... .......... .......... .......... 26%  113M 1s
 13200K .......... .......... .......... .......... .......... 26%  101M 1s
 13250K .......... .......... .......... .......... .......... 26%  124M 1s
 13300K .......... .......... .......... .......... .......... 26%  118M 1s
 13350K .......... .......... .......... .......... .......... 26%  114M 1s
 13400K .......... .......... .......... .......... .......... 26% 95.7M 1s
 13450K .......... .......... .......... .......... .......... 26%  114M 1s
 13500K .......... .......... .......... .......... .......... 26%  127M 1s
 13550K .......... .......... .......... .......... .......... 26%  109M 1s
 13600K .......... .......... .......... .......... .......... 27%  112M 1s
 13650K .......... .......... .......... .......... .......... 27%  127M 1s
 13700K .......... .......... .......... .......... .......... 27%  110M 1s
 13750K .......... .......... .......... .......... .......... 27% 95.7M 1s
 13800K .......... .......... .......... .......... .......... 27%  113M 1s
 13850K .......... .......... .......... .......... .......... 27%  113M 1s
 13900K .......... .......... .......... .......... .......... 27%  116M 1s
 13950K .......... .......... .......... .......... .......... 27%  109M 1s
 14000K .......... .......... .......... .......... .......... 27%  121M 1s
 14050K .......... .......... .......... .......... .......... 27% 95.1M 1s
 14100K .......... .......... .......... .......... .......... 28% 95.3M 1s
 14150K .......... .......... .......... .......... .......... 28%  129M 1s
 14200K .......... .......... .......... .......... .......... 28%  120M 1s
 14250K .......... .......... .......... .......... .......... 28%  109M 1s
 14300K .......... .......... .......... .......... .......... 28%  108M 1s
 14350K .......... .......... .......... .......... .......... 28%  108M 1s
 14400K .......... .......... .......... .......... .......... 28%  122M 1s
 14450K .......... .......... .......... .......... .......... 28% 92.4M 1s
 14500K .......... .......... .......... .......... .......... 28%  112M 1s
 14550K .......... .......... .......... .......... .......... 28%  127M 1s
 14600K .......... .......... .......... .......... .......... 29%  100M 1s
 14650K .......... .......... .......... .......... .......... 29%  114M 1s
 14700K .......... .......... .......... .......... .......... 29%  111M 1s
 14750K .......... .......... .......... .......... .......... 29%  114M 1s
 14800K .......... .......... .......... .......... .......... 29%  112M 1s
 14850K .......... .......... .......... .......... .......... 29%  123M 1s
 14900K .......... .......... .......... .......... .......... 29%  113M 1s
 14950K .......... .......... .......... .......... .......... 29% 92.9M 1s
 15000K .......... .......... .......... .......... .......... 29%  113M 1s
 15050K .......... .......... .......... .......... .......... 29%  112M 1s
 15100K .......... .......... .......... .......... .......... 30%  124M 1s
 15150K .......... .......... .......... .......... .......... 30%  105M 1s
 15200K .......... .......... .......... .......... .......... 30%  116M 1s
 15250K .......... .......... .......... .......... .......... 30%  129M 1s
 15300K .......... .......... .......... .......... .......... 30% 85.2M 1s
 15350K .......... .......... .......... .......... .......... 30%  127M 1s
 15400K .......... .......... .......... .......... .......... 30%  113M 1s
 15450K .......... .......... .......... .......... .......... 30%  113M 1s
 15500K .......... .......... .......... .......... .......... 30%  108M 1s
 15550K .......... .......... .......... .......... .......... 30%  123M 1s
 15600K .......... .......... .......... .......... .......... 31% 99.9M 1s
 15650K .......... .......... .......... .......... .......... 31% 96.4M 1s
 15700K .......... .......... .......... .......... .......... 31%  113M 1s
 15750K .......... .......... .......... .......... .......... 31%  123M 1s
 15800K .......... .......... .......... .......... .......... 31%  116M 1s
 15850K .......... .......... .......... .......... .......... 31%  118M 1s
 15900K .......... .......... .......... .......... .......... 31%  108M 1s
 15950K .......... .......... .......... .......... .......... 31%  126M 1s
 16000K .......... .......... .......... .......... .......... 31% 90.7M 1s
 16050K .......... .......... .......... .......... .......... 31%  123M 1s
 16100K .......... .......... .......... .......... .......... 32%  102M 1s
 16150K .......... .......... .......... .......... .......... 32%  120M 1s
 16200K .......... .......... .......... .......... .......... 32%  112M 1s
 16250K .......... .......... .......... .......... .......... 32%  118M 1s
 16300K .......... .......... .......... .......... .......... 32% 95.5M 1s
 16350K .......... .......... .......... .......... .......... 32%  113M 1s
 16400K .......... .......... .......... .......... .......... 32%  127M 1s
 16450K .......... .......... .......... .......... .......... 32%  108M 1s
 16500K .......... .......... .......... .......... .......... 32%  113M 1s
 16550K .......... .......... .......... .......... .......... 32%  105M 1s
 16600K .......... .......... .......... .......... .......... 32%  101M 1s
 16650K .......... .......... .......... .......... .......... 33%  131M 1s
 16700K .......... .......... .......... .......... .......... 33%  108M 1s
 16750K .......... .......... .......... .......... .......... 33%  113M 1s
 16800K .......... .......... .......... .......... .......... 33%  108M 1s
 16850K .......... .......... .......... .......... .......... 33%  122M 1s
 16900K .......... .......... .......... .......... .......... 33%  115M 1s
 16950K .......... .......... .......... .......... .......... 33% 83.4M 1s
 17000K .......... .......... .......... .......... .......... 33%  131M 1s
 17050K .......... .......... .......... .......... .......... 33%  112M 1s
 17100K .......... .......... .......... .......... .......... 33%  112M 1s
 17150K .......... .......... .......... .......... .......... 34%  101M 1s
 17200K .......... .......... .......... .......... .......... 34%  113M 1s
 17250K .......... .......... .......... .......... .......... 34%  127M 1s
 17300K .......... .......... .......... .......... .......... 34%  113M 1s
 17350K .......... .......... .......... .......... .......... 34%  105M 1s
 17400K .......... .......... .......... .......... .......... 34%  116M 1s
 17450K .......... .......... .......... .......... .......... 34%  113M 1s
 17500K .......... .......... .......... .......... .......... 34%  123M 1s
 17550K .......... .......... .......... .......... .......... 34% 92.3M 1s
 17600K .......... .......... .......... .......... .......... 34%  120M 1s
 17650K .......... .......... .......... .......... .......... 35%  123M 1s
 17700K .......... .......... .......... .......... .......... 35%  101M 1s
 17750K .......... .......... .......... .......... .......... 35%  122M 1s
 17800K .......... .......... .......... .......... .......... 35%  109M 1s
 17850K .......... .......... .......... .......... .......... 35%  121M 1s
 17900K .......... .......... .......... .......... .......... 35% 93.0M 1s
 17950K .......... .......... .......... .......... .......... 35%  118M 1s
 18000K .......... .......... .......... .......... .......... 35%  112M 1s
 18050K .......... .......... .......... .......... .......... 35% 95.9M 1s
 18100K .......... .......... .......... .......... .......... 35%  132M 1s
 18150K .......... .......... .......... .......... .......... 36%  140M 1s
 18200K .......... .......... .......... .......... .......... 36% 85.0M 1s
 18250K .......... .......... .......... .......... .......... 36%  113M 1s
 18300K .......... .......... .......... .......... .......... 36%  113M 1s
 18350K .......... .......... .......... .......... .......... 36%  113M 1s
 18400K .......... .......... .......... .......... .......... 36%  122M 1s
 18450K .......... .......... .......... .......... .......... 36%  114M 1s
 18500K .......... .......... .......... .......... .......... 36%  112M 1s
 18550K .......... .......... .......... .......... .......... 36%  114M 1s
 18600K .......... .......... .......... .......... .......... 36% 93.0M 1s
 18650K .......... .......... .......... .......... .......... 37%  128M 1s
 18700K .......... .......... .......... .......... .......... 37%  111M 1s
 18750K .......... .......... .......... .......... .......... 37%  108M 1s
 18800K .......... .......... .......... .......... .......... 37%  113M 1s
 18850K .......... .......... .......... .......... .......... 37%  129M 1s
 18900K .......... .......... .......... .......... .......... 37% 84.6M 1s
 18950K .......... .......... .......... .......... .......... 37%  129M 1s
 19000K .......... .......... .......... .......... .......... 37%  113M 1s
 19050K .......... .......... .......... .......... .......... 37%  112M 1s
 19100K .......... .......... .......... .......... .......... 37%  107M 0s
 19150K .......... .......... .......... .......... .......... 38%  114M 0s
 19200K .......... .......... .......... .......... .......... 38%  128M 0s
 19250K .......... .......... .......... .......... .......... 38% 85.2M 0s
 19300K .......... .......... .......... .......... .......... 38%  126M 0s
 19350K .......... .......... .......... .......... .......... 38% 95.1M 0s
 19400K .......... .......... .......... .......... .......... 38%  121M 0s
 19450K .......... .......... .......... .......... .......... 38%  102M 0s
 19500K .......... .......... .......... .......... .......... 38%  119M 0s
 19550K .......... .......... .......... .......... .......... 38%  127M 0s
 19600K .......... .......... .......... .......... .......... 38% 90.9M 0s
 19650K .......... .......... .......... .......... .......... 39%  109M 0s
 19700K .......... .......... .......... .......... .......... 39% 96.2M 0s
 19750K .......... .......... .......... .......... .......... 39%  144M 0s
 19800K .......... .......... .......... .......... .......... 39% 83.6M 0s
 19850K .......... .......... .......... .......... .......... 39% 76.6M 0s
 19900K .......... .......... .......... .......... .......... 39% 88.7M 0s
 19950K .......... .......... .......... .......... .......... 39% 96.7M 0s
 20000K .......... .......... .......... .......... .......... 39%  130M 0s
 20050K .......... .......... .......... .......... .......... 39%  133M 0s
 20100K .......... .......... .......... .......... .......... 39%  104M 0s
 20150K .......... .......... .......... .......... .......... 40%  130M 0s
 20200K .......... .......... .......... .......... .......... 40%  130M 0s
 20250K .......... .......... .......... .......... .......... 40%  132M 0s
 20300K .......... .......... .......... .......... .......... 40%  106M 0s
 20350K .......... .......... .......... .......... .......... 40%  132M 0s
 20400K .......... .......... .......... .......... .......... 40%  132M 0s
 20450K .......... .......... .......... .......... .......... 40%  126M 0s
 20500K .......... .......... .......... .......... .......... 40%  131M 0s
 20550K .......... .......... .......... .......... .......... 40%  120M 0s
 20600K .......... .......... .......... .......... .......... 40%  111M 0s
 20650K .......... .......... .......... .......... .......... 41% 96.5M 0s
 20700K .......... .......... .......... .......... .......... 41%  122M 0s
 20750K .......... .......... .......... .......... .......... 41%  122M 0s
 20800K .......... .......... .......... .......... .......... 41%  109M 0s
 20850K .......... .......... .......... .......... .......... 41%  117M 0s
 20900K .......... .......... .......... .......... .......... 41%  117M 0s
 20950K .......... .......... .......... .......... .......... 41%  108M 0s
 21000K .......... .......... .......... .......... .......... 41%  127M 0s
 21050K .......... .......... .......... .......... .......... 41% 91.7M 0s
 21100K .......... .......... .......... .......... .......... 41%  108M 0s
 21150K .......... .......... .......... .......... .......... 42%  121M 0s
 21200K .......... .......... .......... .......... .......... 42%  120M 0s
 21250K .......... .......... .......... .......... .......... 42%  105M 0s
 21300K .......... .......... .......... .......... .......... 42%  100M 0s
 21350K .......... .......... .......... .......... .......... 42%  122M 0s
 21400K .......... .......... .......... .......... .......... 42%  120M 0s
 21450K .......... .......... .......... .......... .......... 42%  108M 0s
 21500K .......... .......... .......... .......... .......... 42%  113M 0s
 21550K .......... .......... .......... .......... .......... 42%  127M 0s
 21600K .......... .......... .......... .......... .......... 42%  101M 0s
 21650K .......... .......... .......... .......... .......... 43%  104M 0s
 21700K .......... .......... .......... .......... .......... 43%  108M 0s
 21750K .......... .......... .......... .......... .......... 43%  127M 0s
 21800K .......... .......... .......... .......... .......... 43%  113M 0s
 21850K .......... .......... .......... .......... .......... 43% 84.9M 0s
 21900K .......... .......... .......... .......... .......... 43%  128M 0s
 21950K .......... .......... .......... .......... .......... 43%  114M 0s
 22000K .......... .......... .......... .......... .......... 43%  113M 0s
 22050K .......... .......... .......... .......... .......... 43%  104M 0s
 22100K .......... .......... .......... .......... .......... 43%  121M 0s
 22150K .......... .......... .......... .......... .......... 43%  107M 0s
 22200K .......... .......... .......... .......... .......... 44%  105M 0s
 22250K .......... .......... .......... .......... .......... 44%  110M 0s
 22300K .......... .......... .......... .......... .......... 44%  121M 0s
 22350K .......... .......... .......... .......... .......... 44%  111M 0s
 22400K .......... .......... .......... .......... .......... 44%  108M 0s
 22450K .......... .......... .......... .......... .......... 44%  124M 0s
 22500K .......... .......... .......... .......... .......... 44% 94.1M 0s
 22550K .......... .......... .......... .......... .......... 44%  121M 0s
 22600K .......... .......... .......... .......... .......... 44%  121M 0s
 22650K .......... .......... .......... .......... .......... 44%  111M 0s
 22700K .......... .......... .......... .......... .......... 45%  105M 0s
 22750K .......... .......... .......... .......... .......... 45%  135M 0s
 22800K .......... .......... .......... .......... .......... 45% 85.5M 0s
 22850K .......... .......... .......... .......... .......... 45%  128M 0s
 22900K .......... .......... .......... .......... .......... 45%  111M 0s
 22950K .......... .......... .......... .......... .......... 45%  115M 0s
 23000K .......... .......... .......... .......... .......... 45%  116M 0s
 23050K .......... .......... .......... .......... .......... 45%  118M 0s
 23100K .......... .......... .......... .......... .......... 45%  112M 0s
 23150K .......... .......... .......... .......... .......... 45%  109M 0s
 23200K .......... .......... .......... .......... .......... 46% 96.6M 0s
 23250K .......... .......... .......... .......... .......... 46%  124M 0s
 23300K .......... .......... .......... .......... .......... 46%  112M 0s
 23350K .......... .......... .......... .......... .......... 46%  105M 0s
 23400K .......... .......... .......... .......... .......... 46%  129M 0s
 23450K .......... .......... .......... .......... .......... 46%  112M 0s
 23500K .......... .......... .......... .......... .......... 46%  117M 0s
 23550K .......... .......... .......... .......... .......... 46% 93.3M 0s
 23600K .......... .......... .......... .......... .......... 46%  114M 0s
 23650K .......... .......... .......... .......... .......... 46%  113M 0s
 23700K .......... .......... .......... .......... .......... 47%  117M 0s
 23750K .......... .......... .......... .......... .......... 47%  113M 0s
 23800K .......... .......... .......... .......... .......... 47%  117M 0s
 23850K .......... .......... .......... .......... .......... 47%  107M 0s
 23900K .......... .......... .......... .......... .......... 47% 94.1M 0s
 23950K .......... .......... .......... .......... .......... 47%  121M 0s
 24000K .......... .......... .......... .......... .......... 47%  123M 0s
 24050K .......... .......... .......... .......... .......... 47% 99.8M 0s
 24100K .......... .......... .......... .......... .......... 47%  120M 0s
 24150K .......... .......... .......... .......... .......... 47%  123M 0s
 24200K .......... .......... .......... .......... .......... 48% 94.4M 0s
 24250K .......... .......... .......... .......... .......... 48%  119M 0s
 24300K .......... .......... .......... .......... .......... 48%  110M 0s
 24350K .......... .......... .......... .......... .......... 48%  122M 0s
 24400K .......... .......... .......... .......... .......... 48% 99.8M 0s
 24450K .......... .......... .......... .......... .......... 48%  130M 0s
 24500K .......... .......... .......... .......... .......... 48%  112M 0s
 24550K .......... .......... .......... .......... .......... 48% 97.1M 0s
 24600K .......... .......... .......... .......... .......... 48%  113M 0s
 24650K .......... .......... .......... .......... .......... 48% 99.8M 0s
 24700K .......... .......... .......... .......... .......... 49%  125M 0s
 24750K .......... .......... .......... .......... .......... 49% 81.1M 0s
 24800K .......... .......... .......... .......... .......... 49%  122M 0s
 24850K .......... .......... .......... .......... .......... 49%  130M 0s
 24900K .......... .......... .......... .......... .......... 49%  131M 0s
 24950K .......... .......... .......... .......... .......... 49% 71.8M 0s
 25000K .......... .......... .......... .......... .......... 49% 91.8M 0s
 25050K .......... .......... .......... .......... .......... 49% 97.3M 0s
 25100K .......... .......... .......... .......... .......... 49%  128M 0s
 25150K .......... .......... .......... .......... .......... 49%  125M 0s
 25200K .......... .......... .......... .......... .......... 50%  137M 0s
 25250K .......... .......... .......... .......... .......... 50%  136M 0s
 25300K .......... .......... .......... .......... .......... 50%  108M 0s
 25350K .......... .......... .......... .......... .......... 50% 96.5M 0s
 25400K .......... .......... .......... .......... .......... 50%  116M 0s
 25450K .......... .......... .......... .......... .......... 50%  136M 0s
 25500K .......... .......... .......... .......... .......... 50% 88.9M 0s
 25550K .......... .......... .......... .......... .......... 50%  124M 0s
 25600K .......... .......... .......... .......... .......... 50% 94.3M 0s
 25650K .......... .......... .......... .......... .......... 50%  144M 0s
 25700K .......... .......... .......... .......... .......... 51%  126M 0s
 25750K .......... .......... .......... .......... .......... 51%  104M 0s
 25800K .......... .......... .......... .......... .......... 51% 84.9M 0s
 25850K .......... .......... .......... .......... .......... 51%  138M 0s
 25900K .......... .......... .......... .......... .......... 51%  135M 0s
 25950K .......... .......... .......... .......... .......... 51%  133M 0s
 26000K .......... .......... .......... .......... .......... 51% 69.3M 0s
 26050K .......... .......... .......... .......... .......... 51% 95.0M 0s
 26100K .......... .......... .......... .......... .......... 51%  104M 0s
 26150K .......... .......... .......... .......... .......... 51%  132M 0s
 26200K .......... .......... .......... .......... .......... 52%  135M 0s
 26250K .......... .......... .......... .......... .......... 52%  159M 0s
 26300K .......... .......... .......... .......... .......... 52% 75.4M 0s
 26350K .......... .......... .......... .......... .......... 52%  111M 0s
 26400K .......... .......... .......... .......... .......... 52%  159M 0s
 26450K .......... .......... .......... .......... .......... 52%  149M 0s
 26500K .......... .......... .......... .......... .......... 52%  103M 0s
 26550K .......... .......... .......... .......... .......... 52%  106M 0s
 26600K .......... .......... .......... .......... .......... 52%  166M 0s
 26650K .......... .......... .......... .......... .......... 52% 96.0M 0s
 26700K .......... .......... .......... .......... .......... 53% 95.6M 0s
 26750K .......... .......... .......... .......... .......... 53%  112M 0s
 26800K .......... .......... .......... .......... .......... 53%  123M 0s
 26850K .......... .......... .......... .......... .......... 53%  107M 0s
 26900K .......... .......... .......... .......... .......... 53%  123M 0s
 26950K .......... .......... .......... .......... .......... 53%  122M 0s
 27000K .......... .......... .......... .......... .......... 53%  106M 0s
 27050K .......... .......... .......... .......... .......... 53% 93.2M 0s
 27100K .......... .......... .......... .......... .......... 53%  140M 0s
 27150K .......... .......... .......... .......... .......... 53%  101M 0s
 27200K .......... .......... .......... .......... .......... 54%  119M 0s
 27250K .......... .......... .......... .......... .......... 54%  126M 0s
 27300K .......... .......... .......... .......... .......... 54% 99.4M 0s
 27350K .......... .......... .......... .......... .......... 54% 99.4M 0s
 27400K .......... .......... .......... .......... .......... 54%  103M 0s
 27450K .......... .......... .......... .......... .......... 54%  133M 0s
 27500K .......... .......... .......... .......... .......... 54%  117M 0s
 27550K .......... .......... .......... .......... .......... 54%  114M 0s
 27600K .......... .......... .......... .......... .......... 54%  117M 0s
 27650K .......... .......... .......... .......... .......... 54%  108M 0s
 27700K .......... .......... .......... .......... .......... 54% 94.0M 0s
 27750K .......... .......... .......... .......... .......... 55% 95.1M 0s
 27800K .......... .......... .......... .......... .......... 55%  112M 0s
 27850K .......... .......... .......... .......... .......... 55%  118M 0s
 27900K .......... .......... .......... .......... .......... 55%  122M 0s
 27950K .......... .......... .......... .......... .......... 55%  124M 0s
 28000K .......... .......... .......... .......... .......... 55%  118M 0s
 28050K .......... .......... .......... .......... .......... 55%  111M 0s
 28100K .......... .......... .......... .......... .......... 55%  103M 0s
 28150K .......... .......... .......... .......... .......... 55%  122M 0s
 28200K .......... .......... .......... .......... .......... 55%  108M 0s
 28250K .......... .......... .......... .......... .......... 56%  115M 0s
 28300K .......... .......... .......... .......... .......... 56% 87.3M 0s
 28350K .......... .......... .......... .......... .......... 56% 98.6M 0s
 28400K .......... .......... .......... .......... .......... 56%  118M 0s
 28450K .......... .......... .......... .......... .......... 56%  138M 0s
 28500K .......... .......... .......... .......... .......... 56%  116M 0s
 28550K .......... .......... .......... .......... .......... 56%  121M 0s
 28600K .......... .......... .......... .......... .......... 56%  103M 0s
 28650K .......... .......... .......... .......... .......... 56%  122M 0s
 28700K .......... .......... .......... .......... .......... 56%  100M 0s
 28750K .......... .......... .......... .......... .......... 57% 87.6M 0s
 28800K .......... .......... .......... .......... .......... 57% 90.0M 0s
 28850K .......... .......... .......... .......... .......... 57%  138M 0s
 28900K .......... .......... .......... .......... .......... 57%  139M 0s
 28950K .......... .......... .......... .......... .......... 57%  140M 0s
 29000K .......... .......... .......... .......... .......... 57%  116M 0s
 29050K .......... .......... .......... .......... .......... 57% 96.3M 0s
 29100K .......... .......... .......... .......... .......... 57%  129M 0s
 29150K .......... .......... .......... .......... .......... 57%  104M 0s
 29200K .......... .......... .......... .......... .......... 57%  131M 0s
 29250K .......... .......... .......... .......... .......... 58% 99.5M 0s
 29300K .......... .......... .......... .......... .......... 58% 98.7M 0s
 29350K .......... .......... .......... .......... .......... 58%  116M 0s
 29400K .......... .......... .......... .......... .......... 58%  106M 0s
 29450K .......... .......... .......... .......... .......... 58%  110M 0s
 29500K .......... .......... .......... .......... .......... 58%  123M 0s
 29550K .......... .......... .......... .......... .......... 58%  107M 0s
 29600K .......... .......... .......... .......... .......... 58%  121M 0s
 29650K .......... .......... .......... .......... .......... 58%  120M 0s
 29700K .......... .......... .......... .......... .......... 58% 83.0M 0s
 29750K .......... .......... .......... .......... .......... 59% 96.4M 0s
 29800K .......... .......... .......... .......... .......... 59%  132M 0s
 29850K .......... .......... .......... .......... .......... 59%  140M 0s
 29900K .......... .......... .......... .......... .......... 59%  118M 0s
 29950K .......... .......... .......... .......... .......... 59%  129M 0s
 30000K .......... .......... .......... .......... .......... 59% 99.6M 0s
 30050K .......... .......... .......... .......... .......... 59% 80.2M 0s
 30100K .......... .......... .......... .......... .......... 59%  111M 0s
 30150K .......... .......... .......... .......... .......... 59%  123M 0s
 30200K .......... .......... .......... .......... .......... 59%  161M 0s
 30250K .......... .......... .......... .......... .......... 60%  109M 0s
 30300K .......... .......... .......... .......... .......... 60%  122M 0s
 30350K .......... .......... .......... .......... .......... 60%  108M 0s
 30400K .......... .......... .......... .......... .......... 60% 90.9M 0s
 30450K .......... .......... .......... .......... .......... 60% 90.4M 0s
 30500K .......... .......... .......... .......... .......... 60%  131M 0s
 30550K .......... .......... .......... .......... .......... 60%  115M 0s
 30600K .......... .......... .......... .......... .......... 60%  137M 0s
 30650K .......... .......... .......... .......... .......... 60%  116M 0s
 30700K .......... .......... .......... .......... .......... 60%  116M 0s
 30750K .......... .......... .......... .......... .......... 61%  116M 0s
 30800K .......... .......... .......... .......... .......... 61%  124M 0s
 30850K .......... .......... .......... .......... .......... 61% 90.2M 0s
 30900K .......... .......... .......... .......... .......... 61%  102M 0s
 30950K .......... .......... .......... .......... .......... 61%  124M 0s
 31000K .......... .......... .......... .......... .......... 61%  123M 0s
 31050K .......... .......... .......... .......... .......... 61%  111M 0s
 31100K .......... .......... .......... .......... .......... 61% 93.6M 0s
 31150K .......... .......... .......... .......... .......... 61%  117M 0s
 31200K .......... .......... .......... .......... .......... 61%  117M 0s
 31250K .......... .......... .......... .......... .......... 62%  104M 0s
 31300K .......... .......... .......... .......... .......... 62%  118M 0s
 31350K .......... .......... .......... .......... .......... 62%  124M 0s
 31400K .......... .......... .......... .......... .......... 62%  117M 0s
 31450K .......... .......... .......... .......... .......... 62%  119M 0s
 31500K .......... .......... .......... .......... .......... 62% 66.2M 0s
 31550K .......... .......... .......... .......... .......... 62% 59.8M 0s
 31600K .......... .......... .......... .......... .......... 62% 94.4M 0s
 31650K .......... .......... .......... .......... .......... 62%  116M 0s
 31700K .......... .......... .......... .......... .......... 62%  119M 0s
 31750K .......... .......... .......... .......... .......... 63%  118M 0s
 31800K .......... .......... .......... .......... .......... 63%  138M 0s
 31850K .......... .......... .......... .......... .......... 63%  139M 0s
 31900K .......... .......... .......... .......... .......... 63%  113M 0s
 31950K .......... .......... .......... .......... .......... 63%  127M 0s
 32000K .......... .......... .......... .......... .......... 63%  142M 0s
 32050K .......... .......... .......... .......... .......... 63%  187M 0s
 32100K .......... .......... .......... .......... .......... 63%  170M 0s
 32150K .......... .......... .......... .......... .......... 63%  127M 0s
 32200K .......... .......... .......... .......... .......... 63% 95.3M 0s
 32250K .......... .......... .......... .......... .......... 64%  136M 0s
 32300K .......... .......... .......... .......... .......... 64% 82.8M 0s
 32350K .......... .......... .......... .......... .......... 64%  104M 0s
 32400K .......... .......... .......... .......... .......... 64%  116M 0s
 32450K .......... .......... .......... .......... .......... 64%  125M 0s
 32500K .......... .......... .......... .......... .......... 64%  123M 0s
 32550K .......... .......... .......... .......... .......... 64%  137M 0s
 32600K .......... .......... .......... .......... .......... 64% 94.1M 0s
 32650K .......... .......... .......... .......... .......... 64%  118M 0s
 32700K .......... .......... .......... .......... .......... 64%  107M 0s
 32750K .......... .......... .......... .......... .......... 65%  115M 0s
 32800K .......... .......... .......... .......... .......... 65%  109M 0s
 32850K .......... .......... .......... .......... .......... 65%  110M 0s
 32900K .......... .......... .......... .......... .......... 65%  132M 0s
 32950K .......... .......... .......... .......... .......... 65%  107M 0s
 33000K .......... .......... .......... .......... .......... 65%  107M 0s
 33050K .......... .......... .......... .......... .......... 65% 96.3M 0s
 33100K .......... .......... .......... .......... .......... 65%  130M 0s
 33150K .......... .......... .......... .......... .......... 65%  123M 0s
 33200K .......... .......... .......... .......... .......... 65%  123M 0s
 33250K .......... .......... .......... .......... .......... 65% 92.1M 0s
 33300K .......... .......... .......... .......... .......... 66%  125M 0s
 33350K .......... .......... .......... .......... .......... 66% 93.6M 0s
 33400K .......... .......... .......... .......... .......... 66%  121M 0s
 33450K .......... .......... .......... .......... .......... 66%  109M 0s
 33500K .......... .......... .......... .......... .......... 66%  107M 0s
 33550K .......... .......... .......... .......... .......... 66%  124M 0s
 33600K .......... .......... .......... .......... .......... 66%  118M 0s
 33650K .......... .......... .......... .......... .......... 66% 99.2M 0s
 33700K .......... .......... .......... .......... .......... 66%  108M 0s
 33750K .......... .......... .......... .......... .......... 66%  116M 0s
 33800K .......... .......... .......... .......... .......... 67%  108M 0s
 33850K .......... .......... .......... .......... .......... 67%  121M 0s
 33900K .......... .......... .......... .......... .......... 67%  104M 0s
 33950K .......... .......... .......... .......... .......... 67%  114M 0s
 34000K .......... .......... .......... .......... .......... 67% 93.5M 0s
 34050K .......... .......... .......... .......... .......... 67%  114M 0s
 34100K .......... .......... .......... .......... .......... 67%  118M 0s
 34150K .......... .......... .......... .......... .......... 67%  121M 0s
 34200K .......... .......... .......... .......... .......... 67%  108M 0s
 34250K .......... .......... .......... .......... .......... 67%  114M 0s
 34300K .......... .......... .......... .......... .......... 68%  116M 0s
 34350K .......... .......... .......... .......... .......... 68%  123M 0s
 34400K .......... .......... .......... .......... .......... 68% 97.2M 0s
 34450K .......... .......... .......... .......... .......... 68%  110M 0s
 34500K .......... .......... .......... .......... .......... 68%  122M 0s
 34550K .......... .......... .......... .......... .......... 68%  107M 0s
 34600K .......... .......... .......... .......... .......... 68%  101M 0s
 34650K .......... .......... .......... .......... .......... 68%  119M 0s
 34700K .......... .......... .......... .......... .......... 68%  108M 0s
 34750K .......... .......... .......... .......... .......... 68%  107M 0s
 34800K .......... .......... .......... .......... .......... 69%  104M 0s
 34850K .......... .......... .......... .......... .......... 69%  114M 0s
 34900K .......... .......... .......... .......... .......... 69%  114M 0s
 34950K .......... .......... .......... .......... .......... 69%  109M 0s
 35000K .......... .......... .......... .......... .......... 69%  131M 0s
 35050K .......... .......... .......... .......... .......... 69%  108M 0s
 35100K .......... .......... .......... .......... .......... 69%  102M 0s
 35150K .......... .......... .......... .......... .......... 69%  122M 0s
 35200K .......... .......... .......... .......... .......... 69% 96.7M 0s
 35250K .......... .......... .......... .......... .......... 69%  117M 0s
 35300K .......... .......... .......... .......... .......... 70%  110M 0s
 35350K .......... .......... .......... .......... .......... 70%  110M 0s
 35400K .......... .......... .......... .......... .......... 70%  169M 0s
 35450K .......... .......... .......... .......... .......... 70% 85.2M 0s
 35500K .......... .......... .......... .......... .......... 70%  114M 0s
 35550K .......... .......... .......... .......... .......... 70%  105M 0s
 35600K .......... .......... .......... .......... .......... 70% 96.1M 0s
 35650K .......... .......... .......... .......... .......... 70%  120M 0s
 35700K .......... .......... .......... .......... .......... 70%  137M 0s
 35750K .......... .......... .......... .......... .......... 70%  105M 0s
 35800K .......... .......... .......... .......... .......... 71%  118M 0s
 35850K .......... .......... .......... .......... .......... 71% 94.3M 0s
 35900K .......... .......... .......... .......... .......... 71%  120M 0s
 35950K .......... .......... .......... .......... .......... 71%  120M 0s
 36000K .......... .......... .......... .......... .......... 71%  118M 0s
 36050K .......... .......... .......... .......... .......... 71%  105M 0s
 36100K .......... .......... .......... .......... .......... 71%  108M 0s
 36150K .......... .......... .......... .......... .......... 71%  103M 0s
 36200K .......... .......... .......... .......... .......... 71%  125M 0s
 36250K .......... .......... .......... .......... .......... 71% 90.1M 0s
 36300K .......... .......... .......... .......... .......... 72%  115M 0s
 36350K .......... .......... .......... .......... .......... 72%  125M 0s
 36400K .......... .......... .......... .......... .......... 72%  124M 0s
 36450K .......... .......... .......... .......... .......... 72%  119M 0s
 36500K .......... .......... .......... .......... .......... 72% 90.8M 0s
 36550K .......... .......... .......... .......... .......... 72%  102M 0s
 36600K .......... .......... .......... .......... .......... 72%  101M 0s
 36650K .......... .......... .......... .......... .......... 72%  106M 0s
 36700K .......... .......... .......... .......... .......... 72%  120M 0s
 36750K .......... .......... .......... .......... .......... 72%  102M 0s
 36800K .......... .......... .......... .......... .......... 73%  105M 0s
 36850K .......... .......... .......... .......... .......... 73%  120M 0s
 36900K .......... .......... .......... .......... .......... 73%  112M 0s
 36950K .......... .......... .......... .......... .......... 73%  105M 0s
 37000K .......... .......... .......... .......... .......... 73%  122M 0s
 37050K .......... .......... .......... .......... .......... 73%  122M 0s
 37100K .......... .......... .......... .......... .......... 73%  108M 0s
 37150K .......... .......... .......... .......... .......... 73% 91.4M 0s
 37200K .......... .......... .......... .......... .......... 73%  124M 0s
 37250K .......... .......... .......... .......... .......... 73%  107M 0s
 37300K .......... .......... .......... .......... .......... 74%  104M 0s
 37350K .......... .......... .......... .......... .......... 74%  110M 0s
 37400K .......... .......... .......... .......... .......... 74%  146M 0s
 37450K .......... .......... .......... .......... .......... 74% 85.9M 0s
 37500K .......... .......... .......... .......... .......... 74%  124M 0s
 37550K .......... .......... .......... .......... .......... 74%  117M 0s
 37600K .......... .......... .......... .......... .......... 74%  122M 0s
 37650K .......... .......... .......... .......... .......... 74%  113M 0s
 37700K .......... .......... .......... .......... .......... 74%  109M 0s
 37750K .......... .......... .......... .......... .......... 74%  109M 0s
 37800K .......... .......... .......... .......... .......... 75%  114M 0s
 37850K .......... .......... .......... .......... .......... 75%  101M 0s
 37900K .......... .......... .......... .......... .......... 75%  115M 0s
 37950K .......... .......... .......... .......... .......... 75%  114M 0s
 38000K .......... .......... .......... .......... .......... 75%  106M 0s
 38050K .......... .......... .......... .......... .......... 75%  125M 0s
 38100K .......... .......... .......... .......... .......... 75% 97.2M 0s
 38150K .......... .......... .......... .......... .......... 75% 87.8M 0s
 38200K .......... .......... .......... .......... .......... 75%  117M 0s
 38250K .......... .......... .......... .......... .......... 75%  133M 0s
 38300K .......... .......... .......... .......... .......... 76%  133M 0s
 38350K .......... .......... .......... .......... .......... 76%  116M 0s
 38400K .......... .......... .......... .......... .......... 76%  127M 0s
 38450K .......... .......... .......... .......... .......... 76%  111M 0s
 38500K .......... .......... .......... .......... .......... 76%  109M 0s
 38550K .......... .......... .......... .......... .......... 76% 95.0M 0s
 38600K .......... .......... .......... .......... .......... 76%  124M 0s
 38650K .......... .......... .......... .......... .......... 76%  101M 0s
 38700K .......... .......... .......... .......... .......... 76%  110M 0s
 38750K .......... .......... .......... .......... .......... 76%  103M 0s
 38800K .......... .......... .......... .......... .......... 76%  107M 0s
 38850K .......... .......... .......... .......... .......... 77%  106M 0s
 38900K .......... .......... .......... .......... .......... 77%  111M 0s
 38950K .......... .......... .......... .......... .......... 77%  117M 0s
 39000K .......... .......... .......... .......... .......... 77%  119M 0s
 39050K .......... .......... .......... .......... .......... 77%  102M 0s
 39100K .......... .......... .......... .......... .......... 77%  109M 0s
 39150K .......... .......... .......... .......... .......... 77%  114M 0s
 39200K .......... .......... .......... .......... .......... 77%  106M 0s
 39250K .......... .......... .......... .......... .......... 77%  114M 0s
 39300K .......... .......... .......... .......... .......... 77%  121M 0s
 39350K .......... .......... .......... .......... .......... 78%  125M 0s
 39400K .......... .......... .......... .......... .......... 78%  104M 0s
 39450K .......... .......... .......... .......... .......... 78%  122M 0s
 39500K .......... .......... .......... .......... .......... 78%  122M 0s
 39550K .......... .......... .......... .......... .......... 78% 85.7M 0s
 39600K .......... .......... .......... .......... .......... 78%  122M 0s
 39650K .......... .......... .......... .......... .......... 78%  117M 0s
 39700K .......... .......... .......... .......... .......... 78%  105M 0s
 39750K .......... .......... .......... .......... .......... 78%  106M 0s
 39800K .......... .......... .......... .......... .......... 78%  138M 0s
 39850K .......... .......... .......... .......... .......... 79%  103M 0s
 39900K .......... .......... .......... .......... .......... 79% 89.7M 0s
 39950K .......... .......... .......... .......... .......... 79%  112M 0s
 40000K .......... .......... .......... .......... .......... 79%  117M 0s
 40050K .......... .......... .......... .......... .......... 79%  143M 0s
 40100K .......... .......... .......... .......... .......... 79% 98.9M 0s
 40150K .......... .......... .......... .......... .......... 79%  104M 0s
 40200K .......... .......... .......... .......... .......... 79% 91.8M 0s
 40250K .......... .......... .......... .......... .......... 79%  128M 0s
 40300K .......... .......... .......... .......... .......... 79%  142M 0s
 40350K .......... .......... .......... .......... .......... 80%  106M 0s
 40400K .......... .......... .......... .......... .......... 80%  123M 0s
 40450K .......... .......... .......... .......... .......... 80%  109M 0s
 40500K .......... .......... .......... .......... .......... 80%  117M 0s
 40550K .......... .......... .......... .......... .......... 80% 99.0M 0s
 40600K .......... .......... .......... .......... .......... 80%  123M 0s
 40650K .......... .......... .......... .......... .......... 80% 95.8M 0s
 40700K .......... .......... .......... .......... .......... 80%  119M 0s
 40750K .......... .......... .......... .......... .......... 80% 99.9M 0s
 40800K .......... .......... .......... .......... .......... 80%  113M 0s
 40850K .......... .......... .......... .......... .......... 81% 98.7M 0s
 40900K .......... .......... .......... .......... .......... 81%  129M 0s
 40950K .......... .......... .......... .......... .......... 81%  128M 0s
 41000K .......... .......... .......... .......... .......... 81%  123M 0s
 41050K .......... .......... .......... .......... .......... 81%  111M 0s
 41100K .......... .......... .......... .......... .......... 81%  124M 0s
 41150K .......... .......... .......... .......... .......... 81% 88.9M 0s
 41200K .......... .......... .......... .......... .......... 81%  115M 0s
 41250K .......... .......... .......... .......... .......... 81%  121M 0s
 41300K .......... .......... .......... .......... .......... 81% 90.2M 0s
 41350K .......... .......... .......... .......... .......... 82%  100M 0s
 41400K .......... .......... .......... .......... .......... 82%  115M 0s
 41450K .......... .......... .......... .......... .......... 82%  156M 0s
 41500K .......... .......... .......... .......... .......... 82% 90.6M 0s
 41550K .......... .......... .......... .......... .......... 82%  109M 0s
 41600K .......... .......... .......... .......... .......... 82%  130M 0s
 41650K .......... .......... .......... .......... .......... 82%  117M 0s
 41700K .......... .......... .......... .......... .......... 82%  121M 0s
 41750K .......... .......... .......... .......... .......... 82%  110M 0s
 41800K .......... .......... .......... .......... .......... 82%  113M 0s
 41850K .......... .......... .......... .......... .......... 83%  110M 0s
 41900K .......... .......... .......... .......... .......... 83% 99.7M 0s
 41950K .......... .......... .......... .......... .......... 83%  107M 0s
 42000K .......... .......... .......... .......... .......... 83%  105M 0s
 42050K .......... .......... .......... .......... .......... 83%  120M 0s
 42100K .......... .......... .......... .......... .......... 83%  149M 0s
 42150K .......... .......... .......... .......... .......... 83%  105M 0s
 42200K .......... .......... .......... .......... .......... 83%  102M 0s
 42250K .......... .......... .......... .......... .......... 83%  102M 0s
 42300K .......... .......... .......... .......... .......... 83%  135M 0s
 42350K .......... .......... .......... .......... .......... 84%  111M 0s
 42400K .......... .......... .......... .......... .......... 84%  109M 0s
 42450K .......... .......... .......... .......... .......... 84%  108M 0s
 42500K .......... .......... .......... .......... .......... 84%  103M 0s
 42550K .......... .......... .......... .......... .......... 84% 99.2M 0s
 42600K .......... .......... .......... .......... .......... 84%  106M 0s
 42650K .......... .......... .......... .......... .......... 84%  118M 0s
 42700K .......... .......... .......... .......... .......... 84%  141M 0s
 42750K .......... .......... .......... .......... .......... 84% 87.9M 0s
 42800K .......... .......... .......... .......... .......... 84% 99.5M 0s
 42850K .......... .......... .......... .......... .......... 85%  162M 0s
 42900K .......... .......... .......... .......... .......... 85% 89.2M 0s
 42950K .......... .......... .......... .......... .......... 85%  119M 0s
 43000K .......... .......... .......... .......... .......... 85%  122M 0s
 43050K .......... .......... .......... .......... .......... 85%  111M 0s
 43100K .......... .......... .......... .......... .......... 85%  108M 0s
 43150K .......... .......... .......... .......... .......... 85%  111M 0s
 43200K .......... .......... .......... .......... .......... 85%  122M 0s
 43250K .......... .......... .......... .......... .......... 85% 92.8M 0s
 43300K .......... .......... .......... .......... .......... 85%  127M 0s
 43350K .......... .......... .......... .......... .......... 86%  105M 0s
 43400K .......... .......... .......... .......... .......... 86%  111M 0s
 43450K .......... .......... .......... .......... .......... 86% 92.0M 0s
 43500K .......... .......... .......... .......... .......... 86% 99.6M 0s
 43550K .......... .......... .......... .......... .......... 86%  137M 0s
 43600K .......... .......... .......... .......... .......... 86%  139M 0s
 43650K .......... .......... .......... .......... .......... 86%  138M 0s
 43700K .......... .......... .......... .......... .......... 86% 89.9M 0s
 43750K .......... .......... .......... .......... .......... 86%  122M 0s
 43800K .......... .......... .......... .......... .......... 86%  113M 0s
 43850K .......... .......... .......... .......... .......... 87%  108M 0s
 43900K .......... .......... .......... .......... .......... 87%  124M 0s
 43950K .......... .......... .......... .......... .......... 87%  112M 0s
 44000K .......... .......... .......... .......... .......... 87% 89.5M 0s
 44050K .......... .......... .......... .......... .......... 87% 96.2M 0s
 44100K .......... .......... .......... .......... .......... 87%  138M 0s
 44150K .......... .......... .......... .......... .......... 87%  125M 0s
 44200K .......... .......... .......... .......... .......... 87%  118M 0s
 44250K .......... .......... .......... .......... .......... 87%  109M 0s
 44300K .......... .......... .......... .......... .......... 87%  131M 0s
 44350K .......... .......... .......... .......... .......... 87% 97.0M 0s
 44400K .......... .......... .......... .......... .......... 88%  109M 0s
 44450K .......... .......... .......... .......... .......... 88%  116M 0s
 44500K .......... .......... .......... .......... .......... 88%  111M 0s
 44550K .......... .......... .......... .......... .......... 88% 76.8M 0s
 44600K .......... .......... .......... .......... .......... 88%  104M 0s
 44650K .......... .......... .......... .......... .......... 88% 75.5M 0s
 44700K .......... .......... .......... .......... .......... 88% 57.0M 0s
 44750K .......... .......... .......... .......... .......... 88% 94.9M 0s
 44800K .......... .......... .......... .......... .......... 88% 98.4M 0s
 44850K .......... .......... .......... .......... .......... 88% 64.0M 0s
 44900K .......... .......... .......... .......... .......... 89% 63.2M 0s
 44950K .......... .......... .......... .......... .......... 89% 59.9M 0s
 45000K .......... .......... .......... .......... .......... 89% 60.4M 0s
 45050K .......... .......... .......... .......... .......... 89% 48.8M 0s
 45100K .......... .......... .......... .......... .......... 89% 88.7M 0s
 45150K .......... .......... .......... .......... .......... 89% 99.5M 0s
 45200K .......... .......... .......... .......... .......... 89% 90.8M 0s
 45250K .......... .......... .......... .......... .......... 89%  103M 0s
 45300K .......... .......... .......... .......... .......... 89% 86.2M 0s
 45350K .......... .......... .......... .......... .......... 89%  125M 0s
 45400K .......... .......... .......... .......... .......... 90%  111M 0s
 45450K .......... .......... .......... .......... .......... 90%  141M 0s
 45500K .......... .......... .......... .......... .......... 90%  134M 0s
 45550K .......... .......... .......... .......... .......... 90%  126M 0s
 45600K .......... .......... .......... .......... .......... 90%  142M 0s
 45650K .......... .......... .......... .......... .......... 90%  128M 0s
 45700K .......... .......... .......... .......... .......... 90%  111M 0s
 45750K .......... .......... .......... .......... .......... 90%  147M 0s
 45800K .......... .......... .......... .......... .......... 90% 1.97M 0s
 45850K .......... .......... .......... .......... .......... 90% 83.2M 0s
 45900K .......... .......... .......... .......... .......... 91%  164M 0s
 45950K .......... .......... .......... .......... .......... 91%  195M 0s
 46000K .......... .......... .......... .......... .......... 91%  136M 0s
 46050K .......... .......... .......... .......... .......... 91%  164M 0s
 46100K .......... .......... .......... .......... .......... 91%  233M 0s
 46150K .......... .......... .......... .......... .......... 91%  207M 0s
 46200K .......... .......... .......... .......... .......... 91%  183M 0s
 46250K .......... .......... .......... .......... .......... 91%  236M 0s
 46300K .......... .......... .......... .......... .......... 91%  242M 0s
 46350K .......... .......... .......... .......... .......... 91%  207M 0s
 46400K .......... .......... .......... .......... .......... 92%  216M 0s
 46450K .......... .......... .......... .......... .......... 92%  246M 0s
 46500K .......... .......... .......... .......... .......... 92%  261M 0s
 46550K .......... .......... .......... .......... .......... 92%  239M 0s
 46600K .......... .......... .......... .......... .......... 92%  267M 0s
 46650K .......... .......... .......... .......... .......... 92%  252M 0s
 46700K .......... .......... .......... .......... .......... 92%  212M 0s
 46750K .......... .......... .......... .......... .......... 92%  256M 0s
 46800K .......... .......... .......... .......... .......... 92%  241M 0s
 46850K .......... .......... .......... .......... .......... 92%  243M 0s
 46900K .......... .......... .......... .......... .......... 93%  226M 0s
 46950K .......... .......... .......... .......... .......... 93%  252M 0s
 47000K .......... .......... .......... .......... .......... 93%  252M 0s
 47050K .......... .......... .......... .......... .......... 93%  220M 0s
 47100K .......... .......... .......... .......... .......... 93%  249M 0s
 47150K .......... .......... .......... .......... .......... 93%  260M 0s
 47200K .......... .......... .......... .......... .......... 93%  261M 0s
 47250K .......... .......... .......... .......... .......... 93%  159M 0s
 47300K .......... .......... .......... .......... .......... 93%  193M 0s
 47350K .......... .......... .......... .......... .......... 93%  162M 0s
 47400K .......... .......... .......... .......... .......... 94%  197M 0s
 47450K .......... .......... .......... .......... .......... 94%  197M 0s
 47500K .......... .......... .......... .......... .......... 94%  261M 0s
 47550K .......... .......... .......... .......... .......... 94%  261M 0s
 47600K .......... .......... .......... .......... .......... 94%  259M 0s
 47650K .......... .......... .......... .......... .......... 94%  210M 0s
 47700K .......... .......... .......... .......... .......... 94%  250M 0s
 47750K .......... .......... .......... .......... .......... 94%  232M 0s
 47800K .......... .......... .......... .......... .......... 94%  254M 0s
 47850K .......... .......... .......... .......... .......... 94%  236M 0s
 47900K .......... .......... .......... .......... .......... 95%  256M 0s
 47950K .......... .......... .......... .......... .......... 95%  255M 0s
 48000K .......... .......... .......... .......... .......... 95%  251M 0s
 48050K .......... .......... .......... .......... .......... 95%  200M 0s
 48100K .......... .......... .......... .......... .......... 95%  249M 0s
 48150K .......... .......... .......... .......... .......... 95%  266M 0s
 48200K .......... .......... .......... .......... .......... 95%  253M 0s
 48250K .......... .......... .......... .......... .......... 95%  226M 0s
 48300K .......... .......... .......... .......... .......... 95%  227M 0s
 48350K .......... .......... .......... .......... .......... 95%  245M 0s
 48400K .......... .......... .......... .......... .......... 96%  260M 0s
 48450K .......... .......... .......... .......... .......... 96%  173M 0s
 48500K .......... .......... .......... .......... .......... 96%  220M 0s
 48550K .......... .......... .......... .......... .......... 96%  215M 0s
 48600K .......... .......... .......... .......... .......... 96% 4.47M 0s
 48650K .......... .......... .......... .......... .......... 96% 78.1M 0s
 48700K .......... .......... .......... .......... .......... 96%  124M 0s
 48750K .......... .......... .......... .......... .......... 96%  126M 0s
 48800K .......... .......... .......... .......... .......... 96%  100M 0s
 48850K .......... .......... .......... .......... .......... 96%  127M 0s
 48900K .......... .......... .......... .......... .......... 97%  128M 0s
 48950K .......... .......... .......... .......... .......... 97%  128M 0s
 49000K .......... .......... .......... .......... .......... 97%  126M 0s
 49050K .......... .......... .......... .......... .......... 97% 93.6M 0s
 49100K .......... .......... .......... .......... .......... 97% 97.1M 0s
 49150K .......... .......... .......... .......... .......... 97% 87.8M 0s
 49200K .......... .......... .......... .......... .......... 97%  143M 0s
 49250K .......... .......... .......... .......... .......... 97%  138M 0s
 49300K .......... .......... .......... .......... .......... 97%  122M 0s
 49350K .......... .......... .......... .......... .......... 97%  119M 0s
 49400K .......... .......... .......... .......... .......... 98% 97.9M 0s
 49450K .......... .......... .......... .......... .......... 98%  115M 0s
 49500K .......... .......... .......... .......... .......... 98%  126M 0s
 49550K .......... .......... .......... .......... .......... 98%  107M 0s
 49600K .......... .......... .......... .......... .......... 98%  109M 0s
 49650K .......... .......... .......... .......... .......... 98%  114M 0s
 49700K .......... .......... .......... .......... .......... 98%  108M 0s
 49750K .......... .......... .......... .......... .......... 98%  153M 0s
 49800K .......... .......... .......... .......... .......... 98% 82.8M 0s
 49850K .......... .......... .......... .......... .......... 98% 65.0M 0s
 49900K .......... .......... .......... .......... .......... 98%  108M 0s
 49950K .......... .......... .......... .......... .......... 99%  115M 0s
 50000K .......... .......... .......... .......... .......... 99%  123M 0s
 50050K .......... .......... .......... .......... .......... 99%  115M 0s
 50100K .......... .......... .......... .......... .......... 99%  122M 0s
 50150K .......... .......... .......... .......... .......... 99% 94.7M 0s
 50200K .......... .......... .......... .......... .......... 99%  122M 0s
 50250K .......... .......... .......... .......... .......... 99%  121M 0s
 50300K .......... .......... .......... .......... .......... 99%  121M 0s
 50350K .......... .......... .......... .......... .......... 99%  109M 0s
 50400K .......... .......... .......... .......... .......... 99%  129M 0s
 50450K .....                                                 100% 91.9M=0.6s

2021-02-28 13:16:06 (81.2 MB/s) - `/tmp/firefox-45.4.0esr.tar.bz2' saved [51666458/51666458]


travis_time:end:0089dd98:start=1614518165015775713,finish=1614518166045408277,duration=1029632564[0K$ export PATH=$HOME/firefox-45.4.0esr/firefox:$PATH
travis_fold:end:install_firefox[0K
[33;1mSetting environment variables from .travis.yml[0m
$ export DISPLAY=:99

$ java -Xmx32m -version
java version "1.8.0_31"
Java(TM) SE Runtime Environment (build 1.8.0_31-b13)
Java HotSpot(TM) 64-Bit Server VM (build 25.31-b07, mixed mode)
$ javac -J-Xmx32m -version
javac 1.8.0_31
travis_fold:start:before_install.1[0Ktravis_time:start:06d6f69e[0K$ wget https://github.com/mozilla/geckodriver/releases/download/v0.11.1/geckodriver-v0.11.1-linux64.tar.gz
--2021-02-28 13:16:13--  https://github.com/mozilla/geckodriver/releases/download/v0.11.1/geckodriver-v0.11.1-linux64.tar.gz
Resolving github.com (github.com)... 192.30.255.113
Connecting to github.com (github.com)|192.30.255.113|:443... connected.
HTTP request sent, awaiting response... 302 Found
Location: https://github-releases.githubusercontent.com/25354393/41cecaf2-8ee8-11e6-82f4-6b74b02d025d?X-Amz-Algorithm=AWS4-HMAC-SHA256&X-Amz-Credential=AKIAIWNJYAX4CSVEH53A%2F20210228%2Fus-east-1%2Fs3%2Faws4_request&X-Amz-Date=20210228T131438Z&X-Amz-Expires=300&X-Amz-Signature=ca0ee8f4e67043703af73c92d97dddd5b37a6c1b76cf744fd52008f47d7df25c&X-Amz-SignedHeaders=host&actor_id=0&key_id=0&repo_id=25354393&response-content-disposition=attachment%3B%20filename%3Dgeckodriver-v0.11.1-linux64.tar.gz&response-content-type=application%2Foctet-stream [following]
--2021-02-28 13:16:13--  https://github-releases.githubusercontent.com/25354393/41cecaf2-8ee8-11e6-82f4-6b74b02d025d?X-Amz-Algorithm=AWS4-HMAC-SHA256&X-Amz-Credential=AKIAIWNJYAX4CSVEH53A%2F20210228%2Fus-east-1%2Fs3%2Faws4_request&X-Amz-Date=20210228T131438Z&X-Amz-Expires=300&X-Amz-Signature=ca0ee8f4e67043703af73c92d97dddd5b37a6c1b76cf744fd52008f47d7df25c&X-Amz-SignedHeaders=host&actor_id=0&key_id=0&repo_id=25354393&response-content-disposition=attachment%3B%20filename%3Dgeckodriver-v0.11.1-linux64.tar.gz&response-content-type=application%2Foctet-stream
Resolving github-releases.githubusercontent.com (github-releases.githubusercontent.com)... 185.199.108.154, 185.199.109.154, 185.199.110.154, ...
Connecting to github-releases.githubusercontent.com (github-releases.githubusercontent.com)|185.199.108.154|:443... connected.
ERROR: no certificate subject alternative name matches
	requested host name `github-releases.githubusercontent.com'.
To connect to github-releases.githubusercontent.com insecurely, use `--no-check-certificate'.

travis_time:end:06d6f69e:start=1614518173861671262,finish=1614518174043312874,duration=181641612[0K
[31;1mThe command "wget https://github.com/mozilla/geckodriver/releases/download/v0.11.1/geckodriver-v0.11.1-linux64.tar.gz" failed and exited with 5 during .[0m

Your build has been stopped.
